<?xml version="1.0" encoding="UTF-8"?>
<testsuite xmlns:xsi="http://www.w3.org/2001/XMLSchema-instance" xsi:noNamespaceSchemaLocation="https://maven.apache.org/surefire/maven-surefire-plugin/xsd/surefire-test-report-3.0.xsd" version="3.0" name="edu.ntnu.idatt2001.BattleTest$HealthIsNotSupported" time="0.009" tests="6" errors="0" skipped="0" failures="0">
  <properties>
    <property name="java.specification.version" value="17"/>
    <property name="sun.cpu.isalist" value="amd64"/>
    <property name="sun.jnu.encoding" value="Cp1252"/>
    <property name="java.class.path" value="C:\Users\eriks\OneDrive - NTNU\NTNU\2. Semester\IDATT2001\Prosjekt\target\test-classes;C:\Users\eriks\OneDrive - NTNU\NTNU\2. Semester\IDATT2001\Prosjekt\target\classes;C:\Users\eriks\.m2\repository\org\junit\jupiter\junit-jupiter-engine\5.8.2\junit-jupiter-engine-5.8.2.jar;C:\Users\eriks\.m2\repository\org\junit\platform\junit-platform-engine\1.8.2\junit-platform-engine-1.8.2.jar;C:\Users\eriks\.m2\repository\org\apiguardian\apiguardian-api\1.1.2\apiguardian-api-1.1.2.jar;C:\Users\eriks\.m2\repository\org\junit\jupiter\junit-jupiter-api\5.8.2\junit-jupiter-api-5.8.2.jar;C:\Users\eriks\.m2\repository\org\opentest4j\opentest4j\1.2.0\opentest4j-1.2.0.jar;C:\Users\eriks\.m2\repository\org\junit\platform\junit-platform-commons\1.8.2\junit-platform-commons-1.8.2.jar;C:\Users\eriks\.m2\repository\junit\junit\4.13.2\junit-4.13.2.jar;C:\Users\eriks\.m2\repository\org\hamcrest\hamcrest-core\1.3\hamcrest-core-1.3.jar;"/>
    <property name="java.vm.vendor" value="Oracle Corporation"/>
    <property name="sun.arch.data.model" value="64"/>
    <property name="user.variant" value=""/>
    <property name="java.vendor.url" value="https://java.oracle.com/"/>
    <property name="user.timezone" value="Europe/Oslo"/>
    <property name="os.name" value="Windows 10"/>
    <property name="java.vm.specification.version" value="17"/>
    <property name="sun.java.launcher" value="SUN_STANDARD"/>
    <property name="user.country" value="NO"/>
    <property name="sun.boot.library.path" value="C:\Program Files\Java\jdk-17.0.2\bin"/>
    <property name="sun.java.command" value="C:\Users\eriks\AppData\Local\Temp\surefire17320540749667993344\surefirebooter9348602865772865037.jar C:\Users\eriks\AppData\Local\Temp\surefire17320540749667993344 2022-03-03T15-16-11_751-jvmRun1 surefire10338664445630141963tmp surefire_08361311986783220413tmp"/>
    <property name="jdk.debug" value="release"/>
    <property name="surefire.test.class.path" value="C:\Users\eriks\OneDrive - NTNU\NTNU\2. Semester\IDATT2001\Prosjekt\target\test-classes;C:\Users\eriks\OneDrive - NTNU\NTNU\2. Semester\IDATT2001\Prosjekt\target\classes;C:\Users\eriks\.m2\repository\org\junit\jupiter\junit-jupiter-engine\5.8.2\junit-jupiter-engine-5.8.2.jar;C:\Users\eriks\.m2\repository\org\junit\platform\junit-platform-engine\1.8.2\junit-platform-engine-1.8.2.jar;C:\Users\eriks\.m2\repository\org\apiguardian\apiguardian-api\1.1.2\apiguardian-api-1.1.2.jar;C:\Users\eriks\.m2\repository\org\junit\jupiter\junit-jupiter-api\5.8.2\junit-jupiter-api-5.8.2.jar;C:\Users\eriks\.m2\repository\org\opentest4j\opentest4j\1.2.0\opentest4j-1.2.0.jar;C:\Users\eriks\.m2\repository\org\junit\platform\junit-platform-commons\1.8.2\junit-platform-commons-1.8.2.jar;C:\Users\eriks\.m2\repository\junit\junit\4.13.2\junit-4.13.2.jar;C:\Users\eriks\.m2\repository\org\hamcrest\hamcrest-core\1.3\hamcrest-core-1.3.jar;"/>
    <property name="sun.cpu.endian" value="little"/>
    <property name="user.home" value="C:\Users\eriks"/>
    <property name="user.language" value="no"/>
    <property name="java.specification.vendor" value="Oracle Corporation"/>
    <property name="java.version.date" value="2022-01-18"/>
    <property name="java.home" value="C:\Program Files\Java\jdk-17.0.2"/>
    <property name="file.separator" value="\"/>
    <property name="basedir" value="C:\Users\eriks\OneDrive - NTNU\NTNU\2. Semester\IDATT2001\Prosjekt"/>
    <property name="java.vm.compressedOopsMode" value="Zero based"/>
    <property name="line.separator" value="&#10;"/>
    <property name="java.vm.specification.vendor" value="Oracle Corporation"/>
    <property name="java.specification.name" value="Java Platform API Specification"/>
    <property name="surefire.real.class.path" value="C:\Users\eriks\AppData\Local\Temp\surefire17320540749667993344\surefirebooter9348602865772865037.jar"/>
    <property name="user.script" value=""/>
    <property name="sun.management.compiler" value="HotSpot 64-Bit Tiered Compilers"/>
    <property name="java.runtime.version" value="17.0.2+8-LTS-86"/>
    <property name="user.name" value="Erik"/>
    <property name="path.separator" value=";"/>
    <property name="os.version" value="10.0"/>
    <property name="java.runtime.name" value="Java(TM) SE Runtime Environment"/>
    <property name="file.encoding" value="Cp1252"/>
    <property name="java.vm.name" value="Java HotSpot(TM) 64-Bit Server VM"/>
    <property name="localRepository" value="C:\Users\eriks\.m2\repository"/>
    <property name="java.vendor.url.bug" value="https://bugreport.java.com/bugreport/"/>
    <property name="java.io.tmpdir" value="C:\Users\eriks\AppData\Local\Temp\"/>
    <property name="idea.version" value="2021.2.2"/>
    <property name="java.version" value="17.0.2"/>
    <property name="user.dir" value="C:\Users\eriks\OneDrive - NTNU\NTNU\2. Semester\IDATT2001\Prosjekt"/>
    <property name="os.arch" value="amd64"/>
    <property name="java.vm.specification.name" value="Java Virtual Machine Specification"/>
    <property name="sun.os.patch.level" value=""/>
    <property name="native.encoding" value="Cp1252"/>
    <property name="java.library.path" value="C:\Program Files\Java\jdk-17.0.2\bin;C:\WINDOWS\Sun\Java\bin;C:\WINDOWS\system32;C:\WINDOWS;C:\Program Files\Common Files\Oracle\Java\javapath;C:\Program Files (x86)\Common Files\Oracle\Java\javapath;C:\Program Files (x86)\Intel\iCLS Client\;C:\Program Files\Intel\iCLS Client\;C:\WINDOWS\system32;C:\WINDOWS;C:\WINDOWS\System32\Wbem;C:\WINDOWS\System32\WindowsPowerShell\v1.0\;C:\WINDOWS\System32\OpenSSH\;C:\Program Files\Intel\WiFi\bin\;C:\Program Files\Common Files\Intel\WirelessCommon\;C:\Program Files (x86)\Intel\Intel(R) Management Engine Components\DAL;C:\Program Files\Intel\Intel(R) Management Engine Components\DAL;C:\Program Files (x86)\Intel\Intel(R) Management Engine Components\IPT;C:\Program Files\Intel\Intel(R) Management Engine Components\IPT;C:\Program Files\nodejs\;C:\Program Files\Git\cmd;C:\Program Files\Cloudflare\Cloudflare WARP\;C:\Users\eriks\AppData\Local\Programs\Python\Python39\Scripts\;C:\Users\eriks\AppData\Local\Programs\Python\Python39\;C:\Program Files\Java\jdk-11.0.12\bin;C:\Users\eriks\AppData\Local\Programs\Microsoft VS Code\bin;C:\Program Files\JetBrains\IntelliJ IDEA 2021.2.2\bin;;."/>
    <property name="java.vm.info" value="mixed mode, sharing"/>
    <property name="java.vendor" value="Oracle Corporation"/>
    <property name="java.vm.version" value="17.0.2+8-LTS-86"/>
    <property name="sun.io.unicode.encoding" value="UnicodeLittle"/>
    <property name="java.class.version" value="61.0"/>
  </properties>
  <testcase name="checkIfUnitIsDead" classname="edu.ntnu.idatt2001.BattleTest" time="0.051">
    <system-out><![CDATA[erik now has 100 health remaining
]]></system-out>
  </testcase>
  <testcase name="simulate" classname="edu.ntnu.idatt2001.BattleTest" time="4.547">
    <system-out><![CDATA[Footman with 100 health has a 17 total attack points, and attacks Raider with 100 health who has 13 total armour points.
Raider now has 96 health remaining

Archer with 100 health has a 18 total attack points, and attacks Spearman with 100 health who has 14 total armour points.
Spearman now has 96 health remaining

Archer with 100 health has a 18 total attack points, and attacks Raider with 100 health who has 13 total armour points.
Raider now has 95 health remaining

Raider with 100 health has a 26 total attack points, and attacks Footman with 100 health who has 11 total armour points.
Footman now has 85 health remaining

Grunt with 100 health has a 17 total attack points, and attacks Knight with 100 health who has 13 total armour points.
Knight now has 96 health remaining

Raider with 100 health has a 26 total attack points, and attacks Archer with 100 health who has 14 total armour points.
Archer now has 88 health remaining

Archer with 100 health has a 18 total attack points, and attacks Grunt with 100 health who has 11 total armour points.
Grunt now has 93 health remaining

Knight with 100 health has a 26 total attack points, and attacks Ranged with 100 health who has 14 total armour points.
Ranged now has 88 health remaining

Ranged with 100 health has a 18 total attack points, and attacks Footman with 100 health who has 11 total armour points.
Footman now has 93 health remaining

Footman with 100 health has a 17 total attack points, and attacks Spearman with 100 health who has 14 total armour points.
Spearman now has 97 health remaining

Knight with 100 health has a 22 total attack points, and attacks Spearman with 100 health who has 14 total armour points.
Spearman now has 92 health remaining

Spearman with 100 health has a 18 total attack points, and attacks Archer with 100 health who has 14 total armour points.
Archer now has 96 health remaining

Footman with 100 health has a 17 total attack points, and attacks Raider with 100 health who has 13 total armour points.
Raider now has 96 health remaining

Knight with 100 health has a 26 total attack points, and attacks Ranged with 100 health who has 14 total armour points.
Ranged now has 88 health remaining

Knight with 100 health has a 26 total attack points, and attacks Grunt with 100 health who has 11 total armour points.
Grunt now has 85 health remaining

Footman with 100 health has a 17 total attack points, and attacks Ranged with 100 health who has 14 total armour points.
Ranged now has 97 health remaining

Raider with 100 health has a 26 total attack points, and attacks Archer with 100 health who has 14 total armour points.
Archer now has 88 health remaining

Ranged with 100 health has a 18 total attack points, and attacks Archer with 100 health who has 14 total armour points.
Archer now has 96 health remaining

Archer with 100 health has a 18 total attack points, and attacks Raider with 100 health who has 13 total armour points.
Raider now has 95 health remaining

Raider with 100 health has a 26 total attack points, and attacks Knight with 100 health who has 13 total armour points.
Knight now has 87 health remaining

Grunt with 93 health has a 17 total attack points, and attacks Archer with 100 health who has 14 total armour points.
Archer now has 97 health remaining

Ranged with 100 health has a 18 total attack points, and attacks Archer with 100 health who has 14 total armour points.
Archer now has 96 health remaining

Spearman with 92 health has a 18 total attack points, and attacks Knight with 100 health who has 13 total armour points.
Knight now has 95 health remaining

Spearman with 100 health has a 18 total attack points, and attacks Archer with 100 health who has 14 total armour points.
Archer now has 96 health remaining

Archer with 100 health has a 18 total attack points, and attacks Raider with 100 health who has 13 total armour points.
Raider now has 95 health remaining

Ranged with 100 health has a 18 total attack points, and attacks Knight with 100 health who has 13 total armour points.
Knight now has 95 health remaining

Archer with 100 health has a 18 total attack points, and attacks Spearman with 100 health who has 14 total armour points.
Spearman now has 96 health remaining

Archer with 100 health has a 18 total attack points, and attacks Grunt with 100 health who has 11 total armour points.
Grunt now has 93 health remaining

Archer with 100 health has a 18 total attack points, and attacks Ranged with 100 health who has 14 total armour points.
Ranged now has 96 health remaining

Knight with 87 health has a 26 total attack points, and attacks Grunt with 100 health who has 11 total armour points.
Grunt now has 85 health remaining

Archer with 100 health has a 18 total attack points, and attacks Ranged with 100 health who has 14 total armour points.
Ranged now has 96 health remaining

Archer with 100 health has a 18 total attack points, and attacks Raider with 100 health who has 13 total armour points.
Raider now has 95 health remaining

Spearman with 100 health has a 18 total attack points, and attacks Knight with 95 health who has 13 total armour points.
Knight now has 90 health remaining

Knight with 100 health has a 26 total attack points, and attacks Spearman with 100 health who has 14 total armour points.
Spearman now has 88 health remaining

Grunt with 100 health has a 17 total attack points, and attacks Knight with 100 health who has 13 total armour points.
Knight now has 96 health remaining

Spearman with 100 health has a 18 total attack points, and attacks Archer with 100 health who has 14 total armour points.
Archer now has 96 health remaining

Knight with 87 health has a 22 total attack points, and attacks Spearman with 100 health who has 14 total armour points.
Spearman now has 92 health remaining

Knight with 100 health has a 26 total attack points, and attacks Spearman with 100 health who has 14 total armour points.
Spearman now has 88 health remaining

Raider with 100 health has a 26 total attack points, and attacks Footman with 100 health who has 11 total armour points.
Footman now has 85 health remaining

Archer with 100 health has a 18 total attack points, and attacks Ranged with 100 health who has 14 total armour points.
Ranged now has 96 health remaining

Spearman with 100 health has a 18 total attack points, and attacks Footman with 100 health who has 11 total armour points.
Footman now has 93 health remaining

Archer with 100 health has a 18 total attack points, and attacks Grunt with 100 health who has 11 total armour points.
Grunt now has 93 health remaining

Grunt with 100 health has a 17 total attack points, and attacks Archer with 100 health who has 14 total armour points.
Archer now has 97 health remaining

Ranged with 100 health has a 18 total attack points, and attacks Knight with 100 health who has 13 total armour points.
Knight now has 95 health remaining

Archer with 100 health has a 18 total attack points, and attacks Ranged with 100 health who has 14 total armour points.
Ranged now has 96 health remaining

Spearman with 100 health has a 18 total attack points, and attacks Footman with 100 health who has 11 total armour points.
Footman now has 93 health remaining

Footman with 100 health has a 17 total attack points, and attacks Raider with 100 health who has 13 total armour points.
Raider now has 96 health remaining

Grunt with 100 health has a 17 total attack points, and attacks Footman with 100 health who has 11 total armour points.
Footman now has 94 health remaining

Grunt with 100 health has a 17 total attack points, and attacks Footman with 100 health who has 11 total armour points.
Footman now has 94 health remaining

Spearman with 100 health has a 18 total attack points, and attacks Footman with 100 health who has 11 total armour points.
Footman now has 93 health remaining

Archer with 100 health has a 18 total attack points, and attacks Ranged with 100 health who has 14 total armour points.
Ranged now has 96 health remaining

Raider with 100 health has a 26 total attack points, and attacks Archer with 100 health who has 14 total armour points.
Archer now has 88 health remaining

Grunt with 100 health has a 17 total attack points, and attacks Footman with 100 health who has 11 total armour points.
Footman now has 94 health remaining

Raider with 100 health has a 26 total attack points, and attacks Archer with 100 health who has 14 total armour points.
Archer now has 88 health remaining

Archer with 100 health has a 18 total attack points, and attacks Ranged with 100 health who has 14 total armour points.
Ranged now has 96 health remaining

Footman with 100 health has a 17 total attack points, and attacks Ranged with 100 health who has 14 total armour points.
Ranged now has 97 health remaining

Knight with 100 health has a 26 total attack points, and attacks Ranged with 100 health who has 14 total armour points.
Ranged now has 88 health remaining

Archer with 100 health has a 18 total attack points, and attacks Grunt with 100 health who has 11 total armour points.
Grunt now has 93 health remaining

Spearman with 100 health has a 18 total attack points, and attacks Archer with 100 health who has 14 total armour points.
Archer now has 96 health remaining

Footman with 100 health has a 17 total attack points, and attacks Ranged with 100 health who has 14 total armour points.
Ranged now has 97 health remaining

Archer with 100 health has a 18 total attack points, and attacks Ranged with 100 health who has 14 total armour points.
Ranged now has 96 health remaining

Raider with 100 health has a 26 total attack points, and attacks Footman with 100 health who has 11 total armour points.
Footman now has 85 health remaining

Archer with 100 health has a 18 total attack points, and attacks Grunt with 100 health who has 11 total armour points.
Grunt now has 93 health remaining

Spearman with 100 health has a 18 total attack points, and attacks Archer with 100 health who has 14 total armour points.
Archer now has 96 health remaining

Raider with 95 health has a 26 total attack points, and attacks Archer with 100 health who has 14 total armour points.
Archer now has 88 health remaining

Spearman with 100 health has a 18 total attack points, and attacks Knight with 100 health who has 13 total armour points.
Knight now has 95 health remaining

Knight with 100 health has a 26 total attack points, and attacks Grunt with 100 health who has 11 total armour points.
Grunt now has 85 health remaining

Ranged with 100 health has a 18 total attack points, and attacks Footman with 100 health who has 11 total armour points.
Footman now has 93 health remaining

Raider with 100 health has a 26 total attack points, and attacks Archer with 100 health who has 14 total armour points.
Archer now has 88 health remaining

Grunt with 100 health has a 17 total attack points, and attacks Archer with 100 health who has 14 total armour points.
Archer now has 97 health remaining

Raider with 100 health has a 26 total attack points, and attacks Knight with 100 health who has 13 total armour points.
Knight now has 87 health remaining

Ranged with 100 health has a 18 total attack points, and attacks Archer with 100 health who has 14 total armour points.
Archer now has 96 health remaining

Archer with 100 health has a 18 total attack points, and attacks Raider with 100 health who has 13 total armour points.
Raider now has 95 health remaining

Grunt with 100 health has a 17 total attack points, and attacks Knight with 100 health who has 13 total armour points.
Knight now has 96 health remaining

Archer with 96 health has a 18 total attack points, and attacks Grunt with 100 health who has 11 total armour points.
Grunt now has 93 health remaining

Archer with 100 health has a 18 total attack points, and attacks Ranged with 100 health who has 14 total armour points.
Ranged now has 96 health remaining

Raider with 100 health has a 26 total attack points, and attacks Knight with 100 health who has 13 total armour points.
Knight now has 87 health remaining

Archer with 100 health has a 18 total attack points, and attacks Ranged with 100 health who has 14 total armour points.
Ranged now has 96 health remaining

Knight with 100 health has a 26 total attack points, and attacks Spearman with 100 health who has 14 total armour points.
Spearman now has 88 health remaining

Footman with 100 health has a 17 total attack points, and attacks Grunt with 93 health who has 11 total armour points.
Grunt now has 87 health remaining

Raider with 100 health has a 26 total attack points, and attacks Archer with 100 health who has 14 total armour points.
Archer now has 88 health remaining

Ranged with 100 health has a 18 total attack points, and attacks Archer with 100 health who has 14 total armour points.
Archer now has 96 health remaining

Archer with 100 health has a 18 total attack points, and attacks Ranged with 100 health who has 14 total armour points.
Ranged now has 96 health remaining

Footman with 100 health has a 17 total attack points, and attacks Ranged with 100 health who has 14 total armour points.
Ranged now has 97 health remaining

Archer with 100 health has a 18 total attack points, and attacks Grunt with 100 health who has 11 total armour points.
Grunt now has 93 health remaining

Raider with 100 health has a 26 total attack points, and attacks Archer with 100 health who has 14 total armour points.
Archer now has 88 health remaining

Spearman with 100 health has a 18 total attack points, and attacks Archer with 100 health who has 14 total armour points.
Archer now has 96 health remaining

Grunt with 100 health has a 17 total attack points, and attacks Archer with 100 health who has 14 total armour points.
Archer now has 97 health remaining

Ranged with 100 health has a 18 total attack points, and attacks Archer with 100 health who has 14 total armour points.
Archer now has 96 health remaining

Grunt with 100 health has a 17 total attack points, and attacks Footman with 100 health who has 11 total armour points.
Footman now has 94 health remaining

Spearman with 100 health has a 18 total attack points, and attacks Archer with 100 health who has 14 total armour points.
Archer now has 96 health remaining

Archer with 100 health has a 18 total attack points, and attacks Ranged with 100 health who has 14 total armour points.
Ranged now has 96 health remaining

Archer with 100 health has a 18 total attack points, and attacks Raider with 100 health who has 13 total armour points.
Raider now has 95 health remaining

Ranged with 100 health has a 18 total attack points, and attacks Archer with 100 health who has 14 total armour points.
Archer now has 96 health remaining

Archer with 100 health has a 18 total attack points, and attacks Ranged with 100 health who has 14 total armour points.
Ranged now has 96 health remaining

Spearman with 92 health has a 18 total attack points, and attacks Footman with 100 health who has 11 total armour points.
Footman now has 93 health remaining

Archer with 100 health has a 18 total attack points, and attacks Grunt with 100 health who has 11 total armour points.
Grunt now has 93 health remaining

Grunt with 100 health has a 17 total attack points, and attacks Knight with 100 health who has 13 total armour points.
Knight now has 96 health remaining

Archer with 100 health has a 18 total attack points, and attacks Spearman with 100 health who has 14 total armour points.
Spearman now has 96 health remaining

Ranged with 100 health has a 18 total attack points, and attacks Archer with 100 health who has 14 total armour points.
Archer now has 96 health remaining

Archer with 100 health has a 18 total attack points, and attacks Grunt with 100 health who has 11 total armour points.
Grunt now has 93 health remaining

Footman with 100 health has a 17 total attack points, and attacks Ranged with 100 health who has 14 total armour points.
Ranged now has 97 health remaining

Raider with 100 health has a 26 total attack points, and attacks Archer with 100 health who has 14 total armour points.
Archer now has 88 health remaining

Spearman with 96 health has a 18 total attack points, and attacks Knight with 100 health who has 13 total armour points.
Knight now has 95 health remaining

Archer with 100 health has a 18 total attack points, and attacks Raider with 100 health who has 13 total armour points.
Raider now has 95 health remaining

Knight with 100 health has a 26 total attack points, and attacks Spearman with 100 health who has 14 total armour points.
Spearman now has 88 health remaining

Footman with 100 health has a 17 total attack points, and attacks Raider with 100 health who has 13 total armour points.
Raider now has 96 health remaining

Raider with 100 health has a 26 total attack points, and attacks Knight with 96 health who has 13 total armour points.
Knight now has 83 health remaining

Archer with 100 health has a 18 total attack points, and attacks Raider with 100 health who has 13 total armour points.
Raider now has 95 health remaining

Archer with 100 health has a 18 total attack points, and attacks Spearman with 100 health who has 14 total armour points.
Spearman now has 96 health remaining

Knight with 100 health has a 26 total attack points, and attacks Raider with 100 health who has 13 total armour points.
Raider now has 87 health remaining

Archer with 100 health has a 18 total attack points, and attacks Raider with 100 health who has 13 total armour points.
Raider now has 95 health remaining

Archer with 100 health has a 18 total attack points, and attacks Ranged with 100 health who has 14 total armour points.
Ranged now has 96 health remaining

Footman with 100 health has a 17 total attack points, and attacks Spearman with 100 health who has 14 total armour points.
Spearman now has 97 health remaining

Knight with 87 health has a 26 total attack points, and attacks Ranged with 96 health who has 12 total armour points.
Ranged now has 82 health remaining

Raider with 100 health has a 26 total attack points, and attacks Archer with 100 health who has 14 total armour points.
Archer now has 88 health remaining

Spearman with 100 health has a 18 total attack points, and attacks Archer with 100 health who has 14 total armour points.
Archer now has 96 health remaining

Grunt with 93 health has a 17 total attack points, and attacks Archer with 97 health who has 12 total armour points.
Archer now has 92 health remaining

Spearman with 100 health has a 18 total attack points, and attacks Knight with 100 health who has 13 total armour points.
Knight now has 95 health remaining

Raider with 100 health has a 26 total attack points, and attacks Archer with 100 health who has 14 total armour points.
Archer now has 88 health remaining

Spearman with 100 health has a 18 total attack points, and attacks Footman with 100 health who has 11 total armour points.
Footman now has 93 health remaining

Archer with 100 health has a 18 total attack points, and attacks Raider with 96 health who has 13 total armour points.
Raider now has 91 health remaining

Ranged with 96 health has a 18 total attack points, and attacks Archer with 100 health who has 14 total armour points.
Archer now has 96 health remaining

Footman with 100 health has a 17 total attack points, and attacks Ranged with 88 health who has 12 total armour points.
Ranged now has 83 health remaining

Ranged with 100 health has a 18 total attack points, and attacks Knight with 100 health who has 13 total armour points.
Knight now has 95 health remaining

Spearman with 100 health has a 18 total attack points, and attacks Knight with 100 health who has 13 total armour points.
Knight now has 95 health remaining

Knight with 90 health has a 26 total attack points, and attacks Ranged with 100 health who has 14 total armour points.
Ranged now has 88 health remaining

Knight with 87 health has a 26 total attack points, and attacks Raider with 100 health who has 13 total armour points.
Raider now has 87 health remaining

Ranged with 100 health has a 18 total attack points, and attacks Footman with 100 health who has 11 total armour points.
Footman now has 93 health remaining

Knight with 100 health has a 22 total attack points, and attacks Raider with 96 health who has 13 total armour points.
Raider now has 87 health remaining

Raider with 100 health has a 22 total attack points, and attacks Archer with 100 health who has 14 total armour points.
Archer now has 92 health remaining

Knight with 100 health has a 26 total attack points, and attacks Raider with 100 health who has 13 total armour points.
Raider now has 87 health remaining

Archer with 96 health has a 18 total attack points, and attacks Ranged with 100 health who has 14 total armour points.
Ranged now has 96 health remaining

Archer with 100 health has a 18 total attack points, and attacks Grunt with 100 health who has 11 total armour points.
Grunt now has 93 health remaining

Knight with 100 health has a 26 total attack points, and attacks Ranged with 96 health who has 12 total armour points.
Ranged now has 82 health remaining

Grunt with 100 health has a 17 total attack points, and attacks Archer with 100 health who has 14 total armour points.
Archer now has 97 health remaining

Footman with 100 health has a 17 total attack points, and attacks Raider with 95 health who has 13 total armour points.
Raider now has 91 health remaining

Grunt with 93 health has a 17 total attack points, and attacks Footman with 100 health who has 11 total armour points.
Footman now has 94 health remaining

Spearman with 100 health has a 18 total attack points, and attacks Footman with 100 health who has 11 total armour points.
Footman now has 93 health remaining

Knight with 100 health has a 26 total attack points, and attacks Ranged with 100 health who has 14 total armour points.
Ranged now has 88 health remaining

Archer with 100 health has a 18 total attack points, and attacks Grunt with 100 health who has 11 total armour points.
Grunt now has 93 health remaining

Archer with 100 health has a 18 total attack points, and attacks Spearman with 100 health who has 14 total armour points.
Spearman now has 96 health remaining

Knight with 100 health has a 26 total attack points, and attacks Spearman with 96 health who has 12 total armour points.
Spearman now has 82 health remaining

Spearman with 100 health has a 18 total attack points, and attacks Footman with 100 health who has 11 total armour points.
Footman now has 93 health remaining

Raider with 100 health has a 26 total attack points, and attacks Archer with 100 health who has 14 total armour points.
Archer now has 88 health remaining

Spearman with 100 health has a 18 total attack points, and attacks Footman with 100 health who has 11 total armour points.
Footman now has 93 health remaining

Knight with 100 health has a 26 total attack points, and attacks Raider with 100 health who has 13 total armour points.
Raider now has 87 health remaining

Ranged with 96 health has a 18 total attack points, and attacks Footman with 100 health who has 11 total armour points.
Footman now has 93 health remaining

Knight with 100 health has a 26 total attack points, and attacks Raider with 100 health who has 13 total armour points.
Raider now has 87 health remaining

Raider with 100 health has a 26 total attack points, and attacks Archer with 100 health who has 14 total armour points.
Archer now has 88 health remaining

Grunt with 100 health has a 17 total attack points, and attacks Archer with 96 health who has 12 total armour points.
Archer now has 91 health remaining

Grunt with 100 health has a 17 total attack points, and attacks Archer with 100 health who has 14 total armour points.
Archer now has 97 health remaining

Archer with 100 health has a 18 total attack points, and attacks Ranged with 100 health who has 14 total armour points.
Ranged now has 96 health remaining

Archer with 100 health has a 18 total attack points, and attacks Raider with 95 health who has 13 total armour points.
Raider now has 90 health remaining

Spearman with 82 health has a 18 total attack points, and attacks Knight with 100 health who has 13 total armour points.
Knight now has 95 health remaining

Spearman with 100 health has a 18 total attack points, and attacks Archer with 100 health who has 14 total armour points.
Archer now has 96 health remaining

Archer with 96 health has a 18 total attack points, and attacks Ranged with 88 health who has 12 total armour points.
Ranged now has 82 health remaining

Knight with 100 health has a 26 total attack points, and attacks Raider with 100 health who has 13 total armour points.
Raider now has 87 health remaining

Knight with 100 health has a 26 total attack points, and attacks Ranged with 100 health who has 14 total armour points.
Ranged now has 88 health remaining

Spearman with 100 health has a 18 total attack points, and attacks Knight with 100 health who has 13 total armour points.
Knight now has 95 health remaining

Archer with 100 health has a 18 total attack points, and attacks Raider with 100 health who has 13 total armour points.
Raider now has 95 health remaining

Archer with 100 health has a 18 total attack points, and attacks Raider with 100 health who has 13 total armour points.
Raider now has 95 health remaining

Knight with 100 health has a 26 total attack points, and attacks Grunt with 100 health who has 11 total armour points.
Grunt now has 85 health remaining

Grunt with 100 health has a 17 total attack points, and attacks Archer with 88 health who has 12 total armour points.
Archer now has 83 health remaining

Raider with 100 health has a 22 total attack points, and attacks Archer with 100 health who has 14 total armour points.
Archer now has 92 health remaining

Archer with 100 health has a 18 total attack points, and attacks Grunt with 100 health who has 11 total armour points.
Grunt now has 93 health remaining

Spearman with 88 health has a 18 total attack points, and attacks Archer with 100 health who has 14 total armour points.
Archer now has 96 health remaining

Knight with 100 health has a 22 total attack points, and attacks Grunt with 100 health who has 11 total armour points.
Grunt now has 89 health remaining

Ranged with 100 health has a 18 total attack points, and attacks Archer with 100 health who has 14 total armour points.
Archer now has 96 health remaining

Archer with 100 health has a 18 total attack points, and attacks Spearman with 88 health who has 12 total armour points.
Spearman now has 82 health remaining

Ranged with 100 health has a 18 total attack points, and attacks Footman with 100 health who has 11 total armour points.
Footman now has 93 health remaining

Ranged with 100 health has a 18 total attack points, and attacks Archer with 100 health who has 14 total armour points.
Archer now has 96 health remaining

Archer with 100 health has a 18 total attack points, and attacks Spearman with 100 health who has 14 total armour points.
Spearman now has 96 health remaining

Grunt with 100 health has a 17 total attack points, and attacks Archer with 100 health who has 14 total armour points.
Archer now has 97 health remaining

Archer with 100 health has a 18 total attack points, and attacks Grunt with 100 health who has 11 total armour points.
Grunt now has 93 health remaining

Spearman with 100 health has a 18 total attack points, and attacks Knight with 100 health who has 13 total armour points.
Knight now has 95 health remaining

Archer with 100 health has a 18 total attack points, and attacks Raider with 100 health who has 13 total armour points.
Raider now has 95 health remaining

Knight with 95 health has a 26 total attack points, and attacks Grunt with 100 health who has 11 total armour points.
Grunt now has 85 health remaining

Archer with 83 health has a 18 total attack points, and attacks Grunt with 100 health who has 11 total armour points.
Grunt now has 93 health remaining

Archer with 100 health has a 18 total attack points, and attacks Grunt with 100 health who has 11 total armour points.
Grunt now has 93 health remaining

Archer with 100 health has a 18 total attack points, and attacks Grunt with 100 health who has 11 total armour points.
Grunt now has 93 health remaining

Spearman with 100 health has a 18 total attack points, and attacks Footman with 94 health who has 11 total armour points.
Footman now has 87 health remaining

Raider with 100 health has a 26 total attack points, and attacks Footman with 100 health who has 11 total armour points.
Footman now has 85 health remaining

Ranged with 100 health has a 18 total attack points, and attacks Knight with 100 health who has 13 total armour points.
Knight now has 95 health remaining

Grunt with 100 health has a 17 total attack points, and attacks Footman with 93 health who has 11 total armour points.
Footman now has 87 health remaining

Knight with 100 health has a 22 total attack points, and attacks Ranged with 100 health who has 14 total armour points.
Ranged now has 92 health remaining

Grunt with 100 health has a 17 total attack points, and attacks Archer with 100 health who has 14 total armour points.
Archer now has 97 health remaining

Ranged with 100 health has a 18 total attack points, and attacks Archer with 100 health who has 14 total armour points.
Archer now has 96 health remaining

Raider with 95 health has a 26 total attack points, and attacks Footman with 100 health who has 11 total armour points.
Footman now has 85 health remaining

Ranged with 100 health has a 18 total attack points, and attacks Archer with 100 health who has 14 total armour points.
Archer now has 96 health remaining

Archer with 96 health has a 18 total attack points, and attacks Raider with 100 health who has 13 total armour points.
Raider now has 95 health remaining

Grunt with 100 health has a 17 total attack points, and attacks Archer with 100 health who has 14 total armour points.
Archer now has 97 health remaining

Archer with 100 health has a 18 total attack points, and attacks Ranged with 96 health who has 12 total armour points.
Ranged now has 90 health remaining

Raider with 100 health has a 26 total attack points, and attacks Archer with 100 health who has 14 total armour points.
Archer now has 88 health remaining

Knight with 100 health has a 26 total attack points, and attacks Ranged with 100 health who has 14 total armour points.
Ranged now has 88 health remaining

Raider with 87 health has a 26 total attack points, and attacks Archer with 100 health who has 14 total armour points.
Archer now has 88 health remaining

Spearman with 100 health has a 18 total attack points, and attacks Archer with 100 health who has 14 total armour points.
Archer now has 96 health remaining

Ranged with 100 health has a 18 total attack points, and attacks Footman with 100 health who has 11 total armour points.
Footman now has 93 health remaining

Spearman with 100 health has a 18 total attack points, and attacks Archer with 100 health who has 14 total armour points.
Archer now has 96 health remaining

Archer with 96 health has a 18 total attack points, and attacks Grunt with 100 health who has 11 total armour points.
Grunt now has 93 health remaining

Spearman with 100 health has a 18 total attack points, and attacks Footman with 100 health who has 11 total armour points.
Footman now has 93 health remaining

Archer with 100 health has a 18 total attack points, and attacks Grunt with 100 health who has 11 total armour points.
Grunt now has 93 health remaining

Archer with 100 health has a 18 total attack points, and attacks Raider with 100 health who has 13 total armour points.
Raider now has 95 health remaining

Archer with 100 health has a 18 total attack points, and attacks Spearman with 100 health who has 14 total armour points.
Spearman now has 96 health remaining

Raider with 87 health has a 26 total attack points, and attacks Knight with 100 health who has 13 total armour points.
Knight now has 87 health remaining

Raider with 87 health has a 26 total attack points, and attacks Knight with 100 health who has 13 total armour points.
Knight now has 87 health remaining

Spearman with 100 health has a 18 total attack points, and attacks Archer with 100 health who has 14 total armour points.
Archer now has 96 health remaining

Spearman with 100 health has a 18 total attack points, and attacks Footman with 100 health who has 11 total armour points.
Footman now has 93 health remaining

Footman with 100 health has a 17 total attack points, and attacks Grunt with 100 health who has 11 total armour points.
Grunt now has 94 health remaining

Archer with 88 health has a 18 total attack points, and attacks Spearman with 100 health who has 14 total armour points.
Spearman now has 96 health remaining

Archer with 100 health has a 18 total attack points, and attacks Grunt with 100 health who has 11 total armour points.
Grunt now has 93 health remaining

Archer with 96 health has a 18 total attack points, and attacks Grunt with 100 health who has 11 total armour points.
Grunt now has 93 health remaining

Ranged with 100 health has a 18 total attack points, and attacks Archer with 100 health who has 14 total armour points.
Archer now has 96 health remaining

Knight with 100 health has a 26 total attack points, and attacks Grunt with 100 health who has 11 total armour points.
Grunt now has 85 health remaining

Spearman with 96 health has a 18 total attack points, and attacks Archer with 100 health who has 14 total armour points.
Archer now has 96 health remaining

Ranged with 100 health has a 18 total attack points, and attacks Archer with 96 health who has 12 total armour points.
Archer now has 90 health remaining

Knight with 100 health has a 22 total attack points, and attacks Ranged with 100 health who has 14 total armour points.
Ranged now has 92 health remaining

Archer with 100 health has a 18 total attack points, and attacks Grunt with 100 health who has 11 total armour points.
Grunt now has 93 health remaining

Ranged with 100 health has a 18 total attack points, and attacks Archer with 100 health who has 14 total armour points.
Archer now has 96 health remaining

Spearman with 100 health has a 18 total attack points, and attacks Footman with 100 health who has 11 total armour points.
Footman now has 93 health remaining

Footman with 100 health has a 17 total attack points, and attacks Spearman with 100 health who has 14 total armour points.
Spearman now has 97 health remaining

Ranged with 97 health has a 18 total attack points, and attacks Knight with 100 health who has 13 total armour points.
Knight now has 95 health remaining

Archer with 100 health has a 18 total attack points, and attacks Ranged with 100 health who has 14 total armour points.
Ranged now has 96 health remaining

Ranged with 82 health has a 18 total attack points, and attacks Archer with 100 health who has 14 total armour points.
Archer now has 96 health remaining

Raider with 100 health has a 26 total attack points, and attacks Archer with 100 health who has 14 total armour points.
Archer now has 88 health remaining

Archer with 100 health has a 18 total attack points, and attacks Grunt with 100 health who has 11 total armour points.
Grunt now has 93 health remaining

Knight with 100 health has a 26 total attack points, and attacks Grunt with 93 health who has 11 total armour points.
Grunt now has 78 health remaining

Raider with 100 health has a 22 total attack points, and attacks Knight with 83 health who has 13 total armour points.
Knight now has 74 health remaining

Footman with 93 health has a 17 total attack points, and attacks Raider with 100 health who has 13 total armour points.
Raider now has 96 health remaining

Spearman with 100 health has a 18 total attack points, and attacks Archer with 100 health who has 14 total armour points.
Archer now has 96 health remaining

Ranged with 100 health has a 18 total attack points, and attacks Archer with 100 health who has 14 total armour points.
Archer now has 96 health remaining

Archer with 100 health has a 18 total attack points, and attacks Spearman with 100 health who has 14 total armour points.
Spearman now has 96 health remaining

Ranged with 100 health has a 18 total attack points, and attacks Knight with 100 health who has 13 total armour points.
Knight now has 95 health remaining

Footman with 100 health has a 17 total attack points, and attacks Ranged with 82 health who has 10 total armour points.
Ranged now has 75 health remaining

Archer with 100 health has a 18 total attack points, and attacks Raider with 100 health who has 13 total armour points.
Raider now has 95 health remaining

Ranged with 100 health has a 18 total attack points, and attacks Archer with 100 health who has 14 total armour points.
Archer now has 96 health remaining

Raider with 100 health has a 26 total attack points, and attacks Knight with 100 health who has 13 total armour points.
Knight now has 87 health remaining

Grunt with 93 health has a 17 total attack points, and attacks Footman with 100 health who has 11 total armour points.
Footman now has 94 health remaining

Raider with 100 health has a 22 total attack points, and attacks Knight with 100 health who has 13 total armour points.
Knight now has 91 health remaining

Archer with 96 health has a 18 total attack points, and attacks Raider with 95 health who has 13 total armour points.
Raider now has 90 health remaining

Raider with 100 health has a 26 total attack points, and attacks Footman with 93 health who has 11 total armour points.
Footman now has 78 health remaining

Raider with 100 health has a 22 total attack points, and attacks Knight with 96 health who has 13 total armour points.
Knight now has 87 health remaining

Archer with 100 health has a 18 total attack points, and attacks Spearman with 100 health who has 14 total armour points.
Spearman now has 96 health remaining

Archer with 88 health has a 18 total attack points, and attacks Ranged with 100 health who has 14 total armour points.
Ranged now has 96 health remaining

Ranged with 100 health has a 18 total attack points, and attacks Archer with 100 health who has 14 total armour points.
Archer now has 96 health remaining

Archer with 96 health has a 18 total attack points, and attacks Raider with 100 health who has 13 total armour points.
Raider now has 95 health remaining

Archer with 100 health has a 18 total attack points, and attacks Ranged with 100 health who has 14 total armour points.
Ranged now has 96 health remaining

Spearman with 100 health has a 18 total attack points, and attacks Footman with 100 health who has 11 total armour points.
Footman now has 93 health remaining

Archer with 100 health has a 18 total attack points, and attacks Ranged with 100 health who has 14 total armour points.
Ranged now has 96 health remaining

Grunt with 100 health has a 17 total attack points, and attacks Archer with 96 health who has 12 total armour points.
Archer now has 91 health remaining

Ranged with 100 health has a 18 total attack points, and attacks Archer with 100 health who has 14 total armour points.
Archer now has 96 health remaining

Knight with 95 health has a 26 total attack points, and attacks Ranged with 100 health who has 14 total armour points.
Ranged now has 88 health remaining

Grunt with 100 health has a 17 total attack points, and attacks Archer with 100 health who has 14 total armour points.
Archer now has 97 health remaining

Archer with 100 health has a 18 total attack points, and attacks Grunt with 93 health who has 11 total armour points.
Grunt now has 86 health remaining

Ranged with 100 health has a 18 total attack points, and attacks Knight with 100 health who has 13 total armour points.
Knight now has 95 health remaining

Archer with 100 health has a 18 total attack points, and attacks Grunt with 100 health who has 11 total armour points.
Grunt now has 93 health remaining

Footman with 100 health has a 17 total attack points, and attacks Spearman with 100 health who has 14 total armour points.
Spearman now has 97 health remaining

Grunt with 93 health has a 17 total attack points, and attacks Archer with 100 health who has 14 total armour points.
Archer now has 97 health remaining

Knight with 90 health has a 22 total attack points, and attacks Ranged with 100 health who has 14 total armour points.
Ranged now has 92 health remaining

Archer with 100 health has a 18 total attack points, and attacks Raider with 100 health who has 13 total armour points.
Raider now has 95 health remaining

Archer with 100 health has a 18 total attack points, and attacks Ranged with 88 health who has 12 total armour points.
Ranged now has 82 health remaining

Spearman with 100 health has a 18 total attack points, and attacks Knight with 100 health who has 13 total armour points.
Knight now has 95 health remaining

Spearman with 100 health has a 18 total attack points, and attacks Footman with 100 health who has 11 total armour points.
Footman now has 93 health remaining

Knight with 100 health has a 26 total attack points, and attacks Ranged with 100 health who has 14 total armour points.
Ranged now has 88 health remaining

Archer with 100 health has a 18 total attack points, and attacks Spearman with 100 health who has 14 total armour points.
Spearman now has 96 health remaining

Spearman with 100 health has a 18 total attack points, and attacks Footman with 93 health who has 11 total armour points.
Footman now has 86 health remaining

Archer with 96 health has a 18 total attack points, and attacks Grunt with 100 health who has 11 total armour points.
Grunt now has 93 health remaining

Footman with 93 health has a 17 total attack points, and attacks Ranged with 100 health who has 14 total armour points.
Ranged now has 97 health remaining

Archer with 100 health has a 18 total attack points, and attacks Raider with 91 health who has 13 total armour points.
Raider now has 86 health remaining

Ranged with 100 health has a 18 total attack points, and attacks Archer with 100 health who has 14 total armour points.
Archer now has 96 health remaining

Ranged with 96 health has a 18 total attack points, and attacks Knight with 100 health who has 13 total armour points.
Knight now has 95 health remaining

Archer with 100 health has a 18 total attack points, and attacks Spearman with 100 health who has 14 total armour points.
Spearman now has 96 health remaining

Archer with 100 health has a 18 total attack points, and attacks Grunt with 85 health who has 11 total armour points.
Grunt now has 78 health remaining

Raider with 100 health has a 26 total attack points, and attacks Footman with 100 health who has 11 total armour points.
Footman now has 85 health remaining

Raider with 100 health has a 22 total attack points, and attacks Archer with 100 health who has 14 total armour points.
Archer now has 92 health remaining

Ranged with 96 health has a 18 total attack points, and attacks Knight with 100 health who has 13 total armour points.
Knight now has 95 health remaining

Archer with 100 health has a 18 total attack points, and attacks Grunt with 100 health who has 11 total armour points.
Grunt now has 93 health remaining

Archer with 97 health has a 18 total attack points, and attacks Grunt with 100 health who has 11 total armour points.
Grunt now has 93 health remaining

Raider with 95 health has a 22 total attack points, and attacks Knight with 100 health who has 13 total armour points.
Knight now has 91 health remaining

Spearman with 100 health has a 18 total attack points, and attacks Archer with 100 health who has 14 total armour points.
Archer now has 96 health remaining

Spearman with 100 health has a 18 total attack points, and attacks Archer with 100 health who has 14 total armour points.
Archer now has 96 health remaining

Raider with 100 health has a 26 total attack points, and attacks Mountain King with 180 health who has 16 total armour points.
Mountain King now has 170 health remaining

Knight with 100 health has a 26 total attack points, and attacks Ranged with 100 health who has 14 total armour points.
Ranged now has 88 health remaining

Knight with 100 health has a 22 total attack points, and attacks Raider with 100 health who has 13 total armour points.
Raider now has 91 health remaining

Knight with 100 health has a 22 total attack points, and attacks Raider with 100 health who has 13 total armour points.
Raider now has 91 health remaining

Knight with 100 health has a 26 total attack points, and attacks Raider with 100 health who has 13 total armour points.
Raider now has 87 health remaining

Spearman with 100 health has a 18 total attack points, and attacks Knight with 87 health who has 13 total armour points.
Knight now has 82 health remaining

Ranged with 100 health has a 18 total attack points, and attacks Footman with 100 health who has 11 total armour points.
Footman now has 93 health remaining

Footman with 100 health has a 17 total attack points, and attacks Ranged with 100 health who has 14 total armour points.
Ranged now has 97 health remaining

Grunt with 93 health has a 17 total attack points, and attacks Archer with 100 health who has 14 total armour points.
Archer now has 97 health remaining

Archer with 100 health has a 18 total attack points, and attacks Spearman with 100 health who has 14 total armour points.
Spearman now has 96 health remaining

Archer with 100 health has a 18 total attack points, and attacks Spearman with 97 health who has 12 total armour points.
Spearman now has 91 health remaining

Raider with 100 health has a 26 total attack points, and attacks Knight with 87 health who has 13 total armour points.
Knight now has 74 health remaining

Grunt with 100 health has a 17 total attack points, and attacks Footman with 93 health who has 11 total armour points.
Footman now has 87 health remaining

Archer with 100 health has a 18 total attack points, and attacks Grunt with 100 health who has 11 total armour points.
Grunt now has 93 health remaining

Archer with 100 health has a 18 total attack points, and attacks Raider with 87 health who has 13 total armour points.
Raider now has 82 health remaining

Footman with 100 health has a 17 total attack points, and attacks Spearman with 100 health who has 14 total armour points.
Spearman now has 97 health remaining

Archer with 100 health has a 18 total attack points, and attacks Ranged with 96 health who has 12 total armour points.
Ranged now has 90 health remaining

Raider with 96 health has a 26 total attack points, and attacks Archer with 96 health who has 12 total armour points.
Archer now has 82 health remaining

Archer with 100 health has a 18 total attack points, and attacks Grunt with 100 health who has 11 total armour points.
Grunt now has 93 health remaining

Archer with 88 health has a 18 total attack points, and attacks Spearman with 97 health who has 12 total armour points.
Spearman now has 91 health remaining

Archer with 88 health has a 18 total attack points, and attacks Raider with 100 health who has 13 total armour points.
Raider now has 95 health remaining

Spearman with 100 health has a 18 total attack points, and attacks Footman with 100 health who has 11 total armour points.
Footman now has 93 health remaining

Footman with 100 health has a 17 total attack points, and attacks Ranged with 100 health who has 14 total armour points.
Ranged now has 97 health remaining

Archer with 100 health has a 18 total attack points, and attacks Grunt with 100 health who has 11 total armour points.
Grunt now has 93 health remaining

Ranged with 100 health has a 18 total attack points, and attacks Knight with 100 health who has 13 total armour points.
Knight now has 95 health remaining

Footman with 85 health has a 17 total attack points, and attacks Raider with 100 health who has 13 total armour points.
Raider now has 96 health remaining

Footman with 100 health has a 17 total attack points, and attacks Grunt with 85 health who has 11 total armour points.
Grunt now has 79 health remaining

Ranged with 100 health has a 18 total attack points, and attacks Archer with 100 health who has 14 total armour points.
Archer now has 96 health remaining

Footman with 100 health has a 17 total attack points, and attacks Ranged with 100 health who has 14 total armour points.
Ranged now has 97 health remaining

Archer with 100 health has a 18 total attack points, and attacks Grunt with 100 health who has 11 total armour points.
Grunt now has 93 health remaining

Knight with 82 health has a 22 total attack points, and attacks Spearman with 96 health who has 12 total armour points.
Spearman now has 86 health remaining

Spearman with 97 health has a 18 total attack points, and attacks Footman with 93 health who has 11 total armour points.
Footman now has 86 health remaining

Spearman with 100 health has a 18 total attack points, and attacks Archer with 88 health who has 12 total armour points.
Archer now has 82 health remaining

Knight with 100 health has a 22 total attack points, and attacks Grunt with 100 health who has 11 total armour points.
Grunt now has 89 health remaining

Footman with 100 health has a 17 total attack points, and attacks Raider with 90 health who has 13 total armour points.
Raider now has 86 health remaining

Archer with 100 health has a 18 total attack points, and attacks Grunt with 100 health who has 11 total armour points.
Grunt now has 93 health remaining

Spearman with 100 health has a 18 total attack points, and attacks Archer with 100 health who has 14 total armour points.
Archer now has 96 health remaining

Ranged with 88 health has a 18 total attack points, and attacks Archer with 96 health who has 12 total armour points.
Archer now has 90 health remaining

Ranged with 100 health has a 18 total attack points, and attacks Archer with 97 health who has 12 total armour points.
Archer now has 91 health remaining

Ranged with 92 health has a 18 total attack points, and attacks Knight with 95 health who has 13 total armour points.
Knight now has 90 health remaining

Knight with 87 health has a 22 total attack points, and attacks Raider with 100 health who has 13 total armour points.
Raider now has 91 health remaining

Spearman with 100 health has a 18 total attack points, and attacks Archer with 100 health who has 14 total armour points.
Archer now has 96 health remaining

Archer with 92 health has a 18 total attack points, and attacks Spearman with 100 health who has 14 total armour points.
Spearman now has 96 health remaining

Archer with 96 health has a 18 total attack points, and attacks Ranged with 100 health who has 14 total armour points.
Ranged now has 96 health remaining

Grunt with 100 health has a 17 total attack points, and attacks Footman with 100 health who has 11 total armour points.
Footman now has 94 health remaining

Archer with 100 health has a 18 total attack points, and attacks Ranged with 100 health who has 14 total armour points.
Ranged now has 96 health remaining

Archer with 100 health has a 18 total attack points, and attacks Spearman with 100 health who has 14 total armour points.
Spearman now has 96 health remaining

Ranged with 100 health has a 18 total attack points, and attacks Archer with 100 health who has 14 total armour points.
Archer now has 96 health remaining

Ranged with 96 health has a 18 total attack points, and attacks Archer with 100 health who has 14 total armour points.
Archer now has 96 health remaining

Archer with 97 health has a 18 total attack points, and attacks Raider with 100 health who has 13 total armour points.
Raider now has 95 health remaining

Raider with 100 health has a 22 total attack points, and attacks Archer with 100 health who has 14 total armour points.
Archer now has 92 health remaining

Footman with 100 health has a 17 total attack points, and attacks Raider with 100 health who has 13 total armour points.
Raider now has 96 health remaining

Footman with 93 health has a 17 total attack points, and attacks Raider with 91 health who has 13 total armour points.
Raider now has 87 health remaining

Knight with 100 health has a 22 total attack points, and attacks Spearman with 100 health who has 14 total armour points.
Spearman now has 92 health remaining

Raider with 100 health has a 22 total attack points, and attacks Footman with 100 health who has 11 total armour points.
Footman now has 89 health remaining

Spearman with 100 health has a 18 total attack points, and attacks Footman with 100 health who has 11 total armour points.
Footman now has 93 health remaining

Spearman with 100 health has a 18 total attack points, and attacks Archer with 100 health who has 14 total armour points.
Archer now has 96 health remaining

Spearman with 100 health has a 18 total attack points, and attacks Footman with 93 health who has 11 total armour points.
Footman now has 86 health remaining

Grunt with 100 health has a 17 total attack points, and attacks Archer with 100 health who has 14 total armour points.
Archer now has 97 health remaining

Footman with 85 health has a 17 total attack points, and attacks Spearman with 100 health who has 14 total armour points.
Spearman now has 97 health remaining

Knight with 100 health has a 22 total attack points, and attacks Ranged with 100 health who has 14 total armour points.
Ranged now has 92 health remaining

Knight with 100 health has a 22 total attack points, and attacks Grunt with 100 health who has 11 total armour points.
Grunt now has 89 health remaining

Archer with 96 health has a 18 total attack points, and attacks Raider with 95 health who has 13 total armour points.
Raider now has 90 health remaining

Archer with 100 health has a 18 total attack points, and attacks Raider with 100 health who has 13 total armour points.
Raider now has 95 health remaining

Knight with 100 health has a 26 total attack points, and attacks Spearman with 100 health who has 14 total armour points.
Spearman now has 88 health remaining

Footman with 100 health has a 17 total attack points, and attacks Ranged with 100 health who has 14 total armour points.
Ranged now has 97 health remaining

Ranged with 97 health has a 18 total attack points, and attacks Archer with 100 health who has 14 total armour points.
Archer now has 96 health remaining

Footman with 100 health has a 17 total attack points, and attacks Spearman with 100 health who has 14 total armour points.
Spearman now has 97 health remaining

Footman with 100 health has a 17 total attack points, and attacks Spearman with 100 health who has 14 total armour points.
Spearman now has 97 health remaining

Grunt with 93 health has a 17 total attack points, and attacks Knight with 95 health who has 13 total armour points.
Knight now has 91 health remaining

Ranged with 96 health has a 18 total attack points, and attacks Footman with 100 health who has 11 total armour points.
Footman now has 93 health remaining

Archer with 100 health has a 18 total attack points, and attacks Ranged with 100 health who has 14 total armour points.
Ranged now has 96 health remaining

Footman with 100 health has a 17 total attack points, and attacks Grunt with 93 health who has 11 total armour points.
Grunt now has 87 health remaining

Knight with 100 health has a 22 total attack points, and attacks Raider with 95 health who has 13 total armour points.
Raider now has 86 health remaining

Footman with 100 health has a 17 total attack points, and attacks Ranged with 100 health who has 14 total armour points.
Ranged now has 97 health remaining

Archer with 100 health has a 18 total attack points, and attacks Raider with 100 health who has 13 total armour points.
Raider now has 95 health remaining

Ranged with 100 health has a 18 total attack points, and attacks Archer with 90 health who has 10 total armour points.
Archer now has 82 health remaining

Ranged with 97 health has a 18 total attack points, and attacks Archer with 97 health who has 12 total armour points.
Archer now has 91 health remaining

Spearman with 100 health has a 18 total attack points, and attacks Archer with 97 health who has 12 total armour points.
Archer now has 91 health remaining

Archer with 100 health has a 18 total attack points, and attacks Grunt with 100 health who has 11 total armour points.
Grunt now has 93 health remaining

Knight with 100 health has a 26 total attack points, and attacks Spearman with 100 health who has 14 total armour points.
Spearman now has 88 health remaining

Raider with 100 health has a 26 total attack points, and attacks Archer with 100 health who has 14 total armour points.
Archer now has 88 health remaining

Archer with 96 health has a 18 total attack points, and attacks Ranged with 97 health who has 12 total armour points.
Ranged now has 91 health remaining

Archer with 97 health has a 18 total attack points, and attacks Grunt with 100 health who has 11 total armour points.
Grunt now has 93 health remaining

Ranged with 100 health has a 18 total attack points, and attacks Knight with 100 health who has 13 total armour points.
Knight now has 95 health remaining

Archer with 92 health has a 18 total attack points, and attacks Ranged with 100 health who has 14 total armour points.
Ranged now has 96 health remaining

Spearman with 100 health has a 18 total attack points, and attacks Archer with 96 health who has 12 total armour points.
Archer now has 90 health remaining

Archer with 96 health has a 18 total attack points, and attacks Grunt with 100 health who has 11 total armour points.
Grunt now has 93 health remaining

Ranged with 88 health has a 18 total attack points, and attacks Footman with 100 health who has 11 total armour points.
Footman now has 93 health remaining

Archer with 100 health has a 18 total attack points, and attacks Ranged with 100 health who has 14 total armour points.
Ranged now has 96 health remaining

Spearman with 100 health has a 18 total attack points, and attacks Footman with 100 health who has 11 total armour points.
Footman now has 93 health remaining

Spearman with 100 health has a 18 total attack points, and attacks Footman with 93 health who has 11 total armour points.
Footman now has 86 health remaining

Raider with 100 health has a 22 total attack points, and attacks Archer with 88 health who has 12 total armour points.
Archer now has 78 health remaining

Ranged with 96 health has a 18 total attack points, and attacks Knight with 100 health who has 13 total armour points.
Knight now has 95 health remaining

Raider with 100 health has a 26 total attack points, and attacks Knight with 95 health who has 13 total armour points.
Knight now has 82 health remaining

Raider with 100 health has a 26 total attack points, and attacks Knight with 90 health who has 13 total armour points.
Knight now has 77 health remaining

Ranged with 96 health has a 18 total attack points, and attacks Archer with 96 health who has 12 total armour points.
Archer now has 90 health remaining

Archer with 88 health has a 18 total attack points, and attacks Spearman with 100 health who has 14 total armour points.
Spearman now has 96 health remaining

Knight with 82 health has a 26 total attack points, and attacks Grunt with 100 health who has 11 total armour points.
Grunt now has 85 health remaining

Ranged with 100 health has a 18 total attack points, and attacks Knight with 77 health who has 13 total armour points.
Knight now has 72 health remaining

Archer with 100 health has a 18 total attack points, and attacks Raider with 100 health who has 13 total armour points.
Raider now has 95 health remaining

Spearman with 96 health has a 18 total attack points, and attacks Archer with 96 health who has 12 total armour points.
Archer now has 90 health remaining

Archer with 91 health has a 18 total attack points, and attacks Raider with 100 health who has 13 total armour points.
Raider now has 95 health remaining

Raider with 87 health has a 22 total attack points, and attacks Archer with 82 health who has 10 total armour points.
Archer now has 70 health remaining

Ranged with 100 health has a 18 total attack points, and attacks Knight with 95 health who has 13 total armour points.
Knight now has 90 health remaining

Footman with 100 health has a 17 total attack points, and attacks Spearman with 100 health who has 14 total armour points.
Spearman now has 97 health remaining

Spearman with 96 health has a 18 total attack points, and attacks Archer with 100 health who has 14 total armour points.
Archer now has 96 health remaining

Ranged with 96 health has a 18 total attack points, and attacks Footman with 100 health who has 11 total armour points.
Footman now has 93 health remaining

Knight with 100 health has a 26 total attack points, and attacks Grunt with 86 health who has 11 total armour points.
Grunt now has 71 health remaining

Archer with 88 health has a 18 total attack points, and attacks Raider with 100 health who has 13 total armour points.
Raider now has 95 health remaining

Raider with 95 health has a 26 total attack points, and attacks Archer with 91 health who has 10 total armour points.
Archer now has 75 health remaining

Archer with 78 health has a 18 total attack points, and attacks Grunt with 93 health who has 11 total armour points.
Grunt now has 86 health remaining

Grunt with 93 health has a 17 total attack points, and attacks Archer with 100 health who has 14 total armour points.
Archer now has 97 health remaining

Archer with 100 health has a 18 total attack points, and attacks Raider with 100 health who has 13 total armour points.
Raider now has 95 health remaining

Ranged with 100 health has a 18 total attack points, and attacks Archer with 88 health who has 12 total armour points.
Archer now has 82 health remaining

Footman with 93 health has a 17 total attack points, and attacks Raider with 91 health who has 13 total armour points.
Raider now has 87 health remaining

Footman with 85 health has a 17 total attack points, and attacks Grunt with 93 health who has 11 total armour points.
Grunt now has 87 health remaining

Footman with 100 health has a 17 total attack points, and attacks Grunt with 85 health who has 11 total armour points.
Grunt now has 79 health remaining

Footman with 93 health has a 17 total attack points, and attacks Spearman with 100 health who has 14 total armour points.
Spearman now has 97 health remaining

Footman with 100 health has a 17 total attack points, and attacks Raider with 87 health who has 13 total armour points.
Raider now has 83 health remaining

Grunt with 93 health has a 17 total attack points, and attacks Archer with 100 health who has 14 total armour points.
Archer now has 97 health remaining

Footman with 100 health has a 17 total attack points, and attacks Raider with 100 health who has 13 total armour points.
Raider now has 96 health remaining

Raider with 100 health has a 22 total attack points, and attacks Archer with 100 health who has 14 total armour points.
Archer now has 92 health remaining

Raider with 100 health has a 26 total attack points, and attacks Footman with 86 health who has 11 total armour points.
Footman now has 71 health remaining

Archer with 100 health has a 18 total attack points, and attacks Grunt with 100 health who has 11 total armour points.
Grunt now has 93 health remaining

Spearman with 100 health has a 18 total attack points, and attacks Knight with 87 health who has 13 total armour points.
Knight now has 82 health remaining

Grunt with 93 health has a 17 total attack points, and attacks Footman with 85 health who has 11 total armour points.
Footman now has 79 health remaining

Archer with 96 health has a 18 total attack points, and attacks Ranged with 96 health who has 12 total armour points.
Ranged now has 90 health remaining

Raider with 87 health has a 26 total attack points, and attacks Footman with 100 health who has 11 total armour points.
Footman now has 85 health remaining

Raider with 100 health has a 22 total attack points, and attacks Footman with 93 health who has 11 total armour points.
Footman now has 82 health remaining

Archer with 100 health has a 18 total attack points, and attacks Spearman with 100 health who has 14 total armour points.
Spearman now has 96 health remaining

Ranged with 96 health has a 18 total attack points, and attacks Knight with 100 health who has 13 total armour points.
Knight now has 95 health remaining

Archer with 96 health has a 18 total attack points, and attacks Ranged with 90 health who has 10 total armour points.
Ranged now has 82 health remaining

Archer with 96 health has a 18 total attack points, and attacks Raider with 100 health who has 13 total armour points.
Raider now has 95 health remaining

Archer with 100 health has a 18 total attack points, and attacks Raider with 100 health who has 13 total armour points.
Raider now has 95 health remaining

Archer with 96 health has a 18 total attack points, and attacks Grunt with 100 health who has 11 total armour points.
Grunt now has 93 health remaining

Archer with 92 health has a 18 total attack points, and attacks Grunt with 78 health who has 11 total armour points.
Grunt now has 71 health remaining

Grunt with 93 health has a 17 total attack points, and attacks Archer with 100 health who has 14 total armour points.
Archer now has 97 health remaining

Footman with 86 health has a 17 total attack points, and attacks Raider with 95 health who has 13 total armour points.
Raider now has 91 health remaining

Knight with 74 health has a 22 total attack points, and attacks Raider with 100 health who has 13 total armour points.
Raider now has 91 health remaining

Spearman with 100 health has a 18 total attack points, and attacks Archer with 97 health who has 12 total armour points.
Archer now has 91 health remaining

Ranged with 90 health has a 18 total attack points, and attacks Archer with 96 health who has 12 total armour points.
Archer now has 90 health remaining

Knight with 100 health has a 22 total attack points, and attacks Ranged with 100 health who has 14 total armour points.
Ranged now has 92 health remaining

Archer with 97 health has a 18 total attack points, and attacks Raider with 95 health who has 13 total armour points.
Raider now has 90 health remaining

Raider with 100 health has a 22 total attack points, and attacks Knight with 95 health who has 13 total armour points.
Knight now has 86 health remaining

Archer with 96 health has a 18 total attack points, and attacks Grunt with 100 health who has 11 total armour points.
Grunt now has 93 health remaining

Grunt with 93 health has a 17 total attack points, and attacks Archer with 100 health who has 14 total armour points.
Archer now has 97 health remaining

Raider with 95 health has a 26 total attack points, and attacks Archer with 100 health who has 14 total armour points.
Archer now has 88 health remaining

Archer with 100 health has a 18 total attack points, and attacks Ranged with 100 health who has 14 total armour points.
Ranged now has 96 health remaining

Ranged with 100 health has a 18 total attack points, and attacks Archer with 100 health who has 14 total armour points.
Archer now has 96 health remaining

Archer with 100 health has a 18 total attack points, and attacks Spearman with 100 health who has 14 total armour points.
Spearman now has 96 health remaining

Ranged with 100 health has a 18 total attack points, and attacks Archer with 100 health who has 14 total armour points.
Archer now has 96 health remaining

Footman with 94 health has a 17 total attack points, and attacks Grunt with 100 health who has 11 total armour points.
Grunt now has 94 health remaining

Archer with 96 health has a 18 total attack points, and attacks Ranged with 88 health who has 12 total armour points.
Ranged now has 82 health remaining

Knight with 100 health has a 22 total attack points, and attacks Ranged with 96 health who has 12 total armour points.
Ranged now has 86 health remaining

Spearman with 100 health has a 18 total attack points, and attacks Knight with 100 health who has 13 total armour points.
Knight now has 95 health remaining

Archer with 100 health has a 18 total attack points, and attacks Spearman with 100 health who has 14 total armour points.
Spearman now has 96 health remaining

Footman with 86 health has a 17 total attack points, and attacks Spearman with 100 health who has 14 total armour points.
Spearman now has 97 health remaining

Grunt with 100 health has a 17 total attack points, and attacks Footman with 100 health who has 11 total armour points.
Footman now has 94 health remaining

Spearman with 100 health has a 18 total attack points, and attacks Knight with 100 health who has 13 total armour points.
Knight now has 95 health remaining

Raider with 100 health has a 26 total attack points, and attacks Archer with 100 health who has 14 total armour points.
Archer now has 88 health remaining

Ranged with 100 health has a 18 total attack points, and attacks Archer with 100 health who has 14 total armour points.
Archer now has 96 health remaining

Raider with 100 health has a 22 total attack points, and attacks Footman with 93 health who has 11 total armour points.
Footman now has 82 health remaining

Spearman with 100 health has a 18 total attack points, and attacks Knight with 100 health who has 13 total armour points.
Knight now has 95 health remaining

Grunt with 100 health has a 17 total attack points, and attacks Footman with 82 health who has 11 total armour points.
Footman now has 76 health remaining

Archer with 100 health has a 18 total attack points, and attacks Ranged with 100 health who has 14 total armour points.
Ranged now has 96 health remaining

Raider with 100 health has a 26 total attack points, and attacks Archer with 100 health who has 14 total armour points.
Archer now has 88 health remaining

Spearman with 97 health has a 18 total attack points, and attacks Archer with 88 health who has 12 total armour points.
Archer now has 82 health remaining

Archer with 92 health has a 18 total attack points, and attacks Ranged with 96 health who has 12 total armour points.
Ranged now has 90 health remaining

Raider with 95 health has a 22 total attack points, and attacks Archer with 100 health who has 14 total armour points.
Archer now has 92 health remaining

Spearman with 88 health has a 18 total attack points, and attacks Knight with 100 health who has 13 total armour points.
Knight now has 95 health remaining

Knight with 74 health has a 22 total attack points, and attacks Raider with 100 health who has 13 total armour points.
Raider now has 91 health remaining

Ranged with 100 health has a 18 total attack points, and attacks Archer with 88 health who has 12 total armour points.
Archer now has 82 health remaining

Footman with 78 health has a 17 total attack points, and attacks Spearman with 100 health who has 14 total armour points.
Spearman now has 97 health remaining

Ranged with 92 health has a 18 total attack points, and attacks Knight with 95 health who has 13 total armour points.
Knight now has 90 health remaining

Archer with 96 health has a 18 total attack points, and attacks Grunt with 87 health who has 11 total armour points.
Grunt now has 80 health remaining

Grunt with 100 health has a 17 total attack points, and attacks Footman with 86 health who has 11 total armour points.
Footman now has 80 health remaining

Raider with 91 health has a 22 total attack points, and attacks Archer with 100 health who has 14 total armour points.
Archer now has 92 health remaining

Archer with 100 health has a 18 total attack points, and attacks Grunt with 100 health who has 11 total armour points.
Grunt now has 93 health remaining

Footman with 93 health has a 17 total attack points, and attacks Grunt with 100 health who has 11 total armour points.
Grunt now has 94 health remaining

Knight with 100 health has a 26 total attack points, and attacks Raider with 95 health who has 13 total armour points.
Raider now has 82 health remaining

Raider with 100 health has a 26 total attack points, and attacks Knight with 100 health who has 13 total armour points.
Knight now has 87 health remaining

Ranged with 100 health has a 18 total attack points, and attacks Archer with 97 health who has 12 total armour points.
Archer now has 91 health remaining

Footman with 100 health has a 17 total attack points, and attacks Grunt with 93 health who has 11 total armour points.
Grunt now has 87 health remaining

Raider with 100 health has a 26 total attack points, and attacks Footman with 93 health who has 11 total armour points.
Footman now has 78 health remaining

Knight with 100 health has a 26 total attack points, and attacks Grunt with 85 health who has 11 total armour points.
Grunt now has 70 health remaining

Archer with 96 health has a 18 total attack points, and attacks Spearman with 100 health who has 14 total armour points.
Spearman now has 96 health remaining

Knight with 95 health has a 26 total attack points, and attacks Grunt with 93 health who has 11 total armour points.
Grunt now has 78 health remaining

Spearman with 97 health has a 18 total attack points, and attacks Archer with 96 health who has 12 total armour points.
Archer now has 90 health remaining

Raider with 100 health has a 26 total attack points, and attacks Archer with 96 health who has 12 total armour points.
Archer now has 82 health remaining

Archer with 100 health has a 18 total attack points, and attacks Raider with 95 health who has 13 total armour points.
Raider now has 90 health remaining

Raider with 90 health has a 26 total attack points, and attacks Archer with 96 health who has 12 total armour points.
Archer now has 82 health remaining

Footman with 93 health has a 17 total attack points, and attacks Spearman with 97 health who has 12 total armour points.
Spearman now has 92 health remaining

Archer with 100 health has a 18 total attack points, and attacks Raider with 100 health who has 13 total armour points.
Raider now has 95 health remaining

Raider with 100 health has a 26 total attack points, and attacks Knight with 100 health who has 13 total armour points.
Knight now has 87 health remaining

Spearman with 97 health has a 18 total attack points, and attacks Knight with 100 health who has 13 total armour points.
Knight now has 95 health remaining

Raider with 83 health has a 26 total attack points, and attacks Footman with 100 health who has 11 total armour points.
Footman now has 85 health remaining

Archer with 100 health has a 18 total attack points, and attacks Grunt with 100 health who has 11 total armour points.
Grunt now has 93 health remaining

Raider with 87 health has a 22 total attack points, and attacks Knight with 95 health who has 13 total armour points.
Knight now has 86 health remaining

Archer with 100 health has a 18 total attack points, and attacks Spearman with 100 health who has 14 total armour points.
Spearman now has 96 health remaining

Archer with 88 health has a 18 total attack points, and attacks Raider with 95 health who has 13 total armour points.
Raider now has 90 health remaining

Archer with 97 health has a 18 total attack points, and attacks Grunt with 100 health who has 11 total armour points.
Grunt now has 93 health remaining

Grunt with 89 health has a 17 total attack points, and attacks Knight with 95 health who has 13 total armour points.
Knight now has 91 health remaining

Raider with 95 health has a 26 total attack points, and attacks Archer with 70 health who has 10 total armour points.
Archer now has 54 health remaining

Footman with 87 health has a 17 total attack points, and attacks Grunt with 100 health who has 11 total armour points.
Grunt now has 94 health remaining

Archer with 96 health has a 18 total attack points, and attacks Ranged with 100 health who has 14 total armour points.
Ranged now has 96 health remaining

Raider with 96 health has a 26 total attack points, and attacks Knight with 100 health who has 13 total armour points.
Knight now has 87 health remaining

Archer with 96 health has a 18 total attack points, and attacks Spearman with 100 health who has 14 total armour points.
Spearman now has 96 health remaining

Raider with 90 health has a 26 total attack points, and attacks Knight with 91 health who has 13 total armour points.
Knight now has 78 health remaining

Archer with 100 health has a 18 total attack points, and attacks Spearman with 100 health who has 14 total armour points.
Spearman now has 96 health remaining

Archer with 96 health has a 18 total attack points, and attacks Raider with 95 health who has 13 total armour points.
Raider now has 90 health remaining

Knight with 100 health has a 26 total attack points, and attacks Ranged with 92 health who has 12 total armour points.
Ranged now has 78 health remaining

Ranged with 92 health has a 18 total attack points, and attacks Archer with 83 health who has 10 total armour points.
Archer now has 75 health remaining

Ranged with 96 health has a 18 total attack points, and attacks Archer with 97 health who has 12 total armour points.
Archer now has 91 health remaining

Archer with 96 health has a 18 total attack points, and attacks Raider with 100 health who has 13 total armour points.
Raider now has 95 health remaining

Ranged with 82 health has a 18 total attack points, and attacks Archer with 92 health who has 12 total armour points.
Archer now has 86 health remaining

Knight with 100 health has a 26 total attack points, and attacks Spearman with 100 health who has 14 total armour points.
Spearman now has 88 health remaining

Ranged with 100 health has a 18 total attack points, and attacks Footman with 100 health who has 11 total armour points.
Footman now has 93 health remaining

Knight with 100 health has a 22 total attack points, and attacks Ranged with 100 health who has 14 total armour points.
Ranged now has 92 health remaining

Raider with 100 health has a 26 total attack points, and attacks Archer with 88 health who has 12 total armour points.
Archer now has 74 health remaining

Footman with 89 health has a 17 total attack points, and attacks Spearman with 100 health who has 14 total armour points.
Spearman now has 97 health remaining

Raider with 100 health has a 26 total attack points, and attacks Archer with 100 health who has 14 total armour points.
Archer now has 88 health remaining

Raider with 91 health has a 26 total attack points, and attacks Archer with 96 health who has 12 total armour points.
Archer now has 82 health remaining

Grunt with 93 health has a 17 total attack points, and attacks Knight with 72 health who has 13 total armour points.
Knight now has 68 health remaining

Spearman with 96 health has a 18 total attack points, and attacks Footman with 100 health who has 11 total armour points.
Footman now has 93 health remaining

Spearman with 100 health has a 18 total attack points, and attacks Archer with 100 health who has 14 total armour points.
Archer now has 96 health remaining

Raider with 100 health has a 22 total attack points, and attacks Footman with 100 health who has 11 total armour points.
Footman now has 89 health remaining

Grunt with 93 health has a 17 total attack points, and attacks Knight with 100 health who has 13 total armour points.
Knight now has 96 health remaining

Spearman with 96 health has a 18 total attack points, and attacks Archer with 100 health who has 14 total armour points.
Archer now has 96 health remaining

Raider with 100 health has a 22 total attack points, and attacks Archer with 100 health who has 14 total armour points.
Archer now has 92 health remaining

Ranged with 92 health has a 18 total attack points, and attacks Archer with 96 health who has 12 total armour points.
Archer now has 90 health remaining

Ranged with 82 health has a 18 total attack points, and attacks Knight with 74 health who has 13 total armour points.
Knight now has 69 health remaining

Footman with 100 health has a 17 total attack points, and attacks Ranged with 88 health who has 12 total armour points.
Ranged now has 83 health remaining

Ranged with 100 health has a 18 total attack points, and attacks Knight with 87 health who has 13 total armour points.
Knight now has 82 health remaining

Raider with 95 health has a 26 total attack points, and attacks Knight with 96 health who has 13 total armour points.
Knight now has 83 health remaining

Footman with 100 health has a 17 total attack points, and attacks Grunt with 85 health who has 11 total armour points.
Grunt now has 79 health remaining

Archer with 91 health has a 18 total attack points, and attacks Grunt with 100 health who has 11 total armour points.
Grunt now has 93 health remaining

Footman with 100 health has a 17 total attack points, and attacks Spearman with 100 health who has 14 total armour points.
Spearman now has 97 health remaining

Spearman with 97 health has a 18 total attack points, and attacks Footman with 100 health who has 11 total armour points.
Footman now has 93 health remaining

Ranged with 97 health has a 18 total attack points, and attacks Footman with 87 health who has 11 total armour points.
Footman now has 80 health remaining

Ranged with 97 health has a 18 total attack points, and attacks Footman with 78 health who has 11 total armour points.
Footman now has 71 health remaining

Archer with 100 health has a 18 total attack points, and attacks Spearman with 97 health who has 12 total armour points.
Spearman now has 91 health remaining

Ranged with 88 health has a 18 total attack points, and attacks Knight with 100 health who has 13 total armour points.
Knight now has 95 health remaining

Archer with 100 health has a 18 total attack points, and attacks Spearman with 96 health who has 12 total armour points.
Spearman now has 90 health remaining

Knight with 100 health has a 22 total attack points, and attacks Ranged with 90 health who has 10 total armour points.
Ranged now has 78 health remaining

Raider with 100 health has a 26 total attack points, and attacks Archer with 100 health who has 14 total armour points.
Archer now has 88 health remaining

Footman with 100 health has a 17 total attack points, and attacks Spearman with 97 health who has 12 total armour points.
Spearman now has 92 health remaining

Knight with 95 health has a 26 total attack points, and attacks Spearman with 100 health who has 14 total armour points.
Spearman now has 88 health remaining

Archer with 100 health has a 18 total attack points, and attacks Ranged with 96 health who has 12 total armour points.
Ranged now has 90 health remaining

Spearman with 100 health has a 18 total attack points, and attacks Archer with 78 health who has 10 total armour points.
Archer now has 70 health remaining

Footman with 100 health has a 17 total attack points, and attacks Spearman with 100 health who has 14 total armour points.
Spearman now has 97 health remaining

Raider with 100 health has a 22 total attack points, and attacks Knight with 95 health who has 13 total armour points.
Knight now has 86 health remaining

Archer with 100 health has a 18 total attack points, and attacks Spearman with 100 health who has 14 total armour points.
Spearman now has 96 health remaining

Raider with 87 health has a 26 total attack points, and attacks Footman with 100 health who has 11 total armour points.
Footman now has 85 health remaining

Knight with 100 health has a 22 total attack points, and attacks Spearman with 100 health who has 14 total armour points.
Spearman now has 92 health remaining

Ranged with 83 health has a 18 total attack points, and attacks Footman with 71 health who has 11 total armour points.
Footman now has 64 health remaining

Knight with 86 health has a 26 total attack points, and attacks Raider with 100 health who has 13 total armour points.
Raider now has 87 health remaining

Archer with 96 health has a 18 total attack points, and attacks Grunt with 93 health who has 11 total armour points.
Grunt now has 86 health remaining

Spearman with 88 health has a 18 total attack points, and attacks Mountain King with 170 health who has 16 total armour points.
Mountain King now has 168 health remaining

Archer with 100 health has a 18 total attack points, and attacks Raider with 95 health who has 13 total armour points.
Raider now has 90 health remaining

Spearman with 92 health has a 18 total attack points, and attacks Archer with 74 health who has 10 total armour points.
Archer now has 66 health remaining

Footman with 85 health has a 17 total attack points, and attacks Grunt with 79 health who has 11 total armour points.
Grunt now has 73 health remaining

Ranged with 100 health has a 18 total attack points, and attacks Archer with 88 health who has 12 total armour points.
Archer now has 82 health remaining

Spearman with 96 health has a 18 total attack points, and attacks Archer with 91 health who has 10 total armour points.
Archer now has 83 health remaining

Archer with 100 health has a 18 total attack points, and attacks Grunt with 94 health who has 11 total armour points.
Grunt now has 87 health remaining

Archer with 100 health has a 18 total attack points, and attacks Ranged with 100 health who has 14 total armour points.
Ranged now has 96 health remaining

Knight with 95 health has a 22 total attack points, and attacks Spearman with 100 health who has 14 total armour points.
Spearman now has 92 health remaining

Archer with 88 health has a 18 total attack points, and attacks Spearman with 92 health who has 10 total armour points.
Spearman now has 84 health remaining

Grunt with 100 health has a 17 total attack points, and attacks Archer with 82 health who has 10 total armour points.
Archer now has 75 health remaining

Ranged with 100 health has a 18 total attack points, and attacks Archer with 92 health who has 12 total armour points.
Archer now has 86 health remaining

Grunt with 94 health has a 17 total attack points, and attacks Archer with 100 health who has 14 total armour points.
Archer now has 97 health remaining

Spearman with 100 health has a 18 total attack points, and attacks Knight with 100 health who has 13 total armour points.
Knight now has 95 health remaining

Ranged with 100 health has a 18 total attack points, and attacks Footman with 100 health who has 11 total armour points.
Footman now has 93 health remaining

Ranged with 100 health has a 18 total attack points, and attacks Archer with 97 health who has 12 total armour points.
Archer now has 91 health remaining

Knight with 95 health has a 26 total attack points, and attacks Grunt with 93 health who has 11 total armour points.
Grunt now has 78 health remaining

Spearman with 100 health has a 18 total attack points, and attacks Archer with 100 health who has 14 total armour points.
Archer now has 96 health remaining

Ranged with 82 health has a 18 total attack points, and attacks Archer with 75 health who has 10 total armour points.
Archer now has 67 health remaining

Knight with 95 health has a 26 total attack points, and attacks Raider with 82 health who has 13 total armour points.
Raider now has 69 health remaining

Ranged with 96 health has a 18 total attack points, and attacks Archer with 100 health who has 14 total armour points.
Archer now has 96 health remaining

Archer with 96 health has a 18 total attack points, and attacks Spearman with 96 health who has 12 total armour points.
Spearman now has 90 health remaining

Spearman with 88 health has a 18 total attack points, and attacks Footman with 93 health who has 11 total armour points.
Footman now has 86 health remaining

Archer with 54 health has a 18 total attack points, and attacks Grunt with 100 health who has 11 total armour points.
Grunt now has 93 health remaining

Footman with 71 health has a 17 total attack points, and attacks Spearman with 100 health who has 14 total armour points.
Spearman now has 97 health remaining

Raider with 100 health has a 22 total attack points, and attacks Archer with 100 health who has 14 total armour points.
Archer now has 92 health remaining

Knight with 95 health has a 22 total attack points, and attacks Spearman with 100 health who has 14 total armour points.
Spearman now has 92 health remaining

Raider with 100 health has a 26 total attack points, and attacks Knight with 100 health who has 13 total armour points.
Knight now has 87 health remaining

Knight with 95 health has a 26 total attack points, and attacks Raider with 90 health who has 13 total armour points.
Raider now has 77 health remaining

Ranged with 100 health has a 18 total attack points, and attacks Knight with 87 health who has 13 total armour points.
Knight now has 82 health remaining

Archer with 100 health has a 18 total attack points, and attacks Spearman with 97 health who has 12 total armour points.
Spearman now has 91 health remaining

Knight with 100 health has a 26 total attack points, and attacks Spearman with 96 health who has 12 total armour points.
Spearman now has 82 health remaining

Raider with 100 health has a 26 total attack points, and attacks Knight with 100 health who has 13 total armour points.
Knight now has 87 health remaining

Footman with 85 health has a 17 total attack points, and attacks Spearman with 96 health who has 12 total armour points.
Spearman now has 91 health remaining

Spearman with 100 health has a 18 total attack points, and attacks Archer with 90 health who has 10 total armour points.
Archer now has 82 health remaining

Ranged with 100 health has a 18 total attack points, and attacks Archer with 91 health who has 10 total armour points.
Archer now has 83 health remaining

Raider with 100 health has a 22 total attack points, and attacks Footman with 87 health who has 11 total armour points.
Footman now has 76 health remaining

Footman with 93 health has a 17 total attack points, and attacks Ranged with 100 health who has 14 total armour points.
Ranged now has 97 health remaining

Grunt with 93 health has a 17 total attack points, and attacks Archer with 100 health who has 14 total armour points.
Archer now has 97 health remaining

Grunt with 100 health has a 17 total attack points, and attacks Archer with 96 health who has 12 total armour points.
Archer now has 91 health remaining

Raider with 100 health has a 22 total attack points, and attacks Archer with 67 health who has 10 total armour points.
Archer now has 55 health remaining

Knight with 91 health has a 26 total attack points, and attacks Spearman with 92 health who has 12 total armour points.
Spearman now has 78 health remaining

Archer with 88 health has a 18 total attack points, and attacks Ranged with 82 health who has 10 total armour points.
Ranged now has 74 health remaining

Archer with 82 health has a 18 total attack points, and attacks Spearman with 92 health who has 12 total armour points.
Spearman now has 86 health remaining

Archer with 100 health has a 18 total attack points, and attacks Spearman with 100 health who has 14 total armour points.
Spearman now has 96 health remaining

Raider with 100 health has a 26 total attack points, and attacks Knight with 95 health who has 13 total armour points.
Knight now has 82 health remaining

Footman with 93 health has a 17 total attack points, and attacks Raider with 100 health who has 13 total armour points.
Raider now has 96 health remaining

Archer with 100 health has a 18 total attack points, and attacks Spearman with 88 health who has 12 total armour points.
Spearman now has 82 health remaining

Grunt with 93 health has a 17 total attack points, and attacks Knight with 95 health who has 13 total armour points.
Knight now has 91 health remaining

Grunt with 100 health has a 17 total attack points, and attacks Archer with 88 health who has 12 total armour points.
Archer now has 83 health remaining

Raider with 82 health has a 22 total attack points, and attacks Footman with 76 health who has 11 total armour points.
Footman now has 65 health remaining

Raider with 100 health has a 22 total attack points, and attacks Footman with 93 health who has 11 total armour points.
Footman now has 82 health remaining

Raider with 95 health has a 22 total attack points, and attacks Footman with 100 health who has 11 total armour points.
Footman now has 89 health remaining

Raider with 90 health has a 26 total attack points, and attacks Knight with 100 health who has 13 total armour points.
Knight now has 87 health remaining

Archer with 83 health has a 18 total attack points, and attacks Raider with 90 health who has 13 total armour points.
Raider now has 85 health remaining

Archer with 100 health has a 18 total attack points, and attacks Grunt with 93 health who has 11 total armour points.
Grunt now has 86 health remaining

Archer with 100 health has a 18 total attack points, and attacks Raider with 91 health who has 13 total armour points.
Raider now has 86 health remaining

Raider with 100 health has a 26 total attack points, and attacks Knight with 87 health who has 13 total armour points.
Knight now has 74 health remaining

Raider with 96 health has a 26 total attack points, and attacks Footman with 100 health who has 11 total armour points.
Footman now has 85 health remaining

Grunt with 100 health has a 17 total attack points, and attacks Archer with 92 health who has 12 total armour points.
Archer now has 87 health remaining

Spearman with 96 health has a 18 total attack points, and attacks Knight with 100 health who has 13 total armour points.
Knight now has 95 health remaining

Footman with 100 health has a 17 total attack points, and attacks Ranged with 96 health who has 12 total armour points.
Ranged now has 91 health remaining

Knight with 90 health has a 26 total attack points, and attacks Grunt with 93 health who has 11 total armour points.
Grunt now has 78 health remaining

Grunt with 93 health has a 17 total attack points, and attacks Footman with 85 health who has 11 total armour points.
Footman now has 79 health remaining

Spearman with 100 health has a 18 total attack points, and attacks Archer with 100 health who has 14 total armour points.
Archer now has 96 health remaining

Spearman with 97 health has a 18 total attack points, and attacks Knight with 95 health who has 13 total armour points.
Knight now has 90 health remaining

Ranged with 100 health has a 18 total attack points, and attacks Footman with 93 health who has 11 total armour points.
Footman now has 86 health remaining

Knight with 100 health has a 26 total attack points, and attacks Spearman with 100 health who has 14 total armour points.
Spearman now has 88 health remaining

Knight with 95 health has a 22 total attack points, and attacks Raider with 95 health who has 13 total armour points.
Raider now has 86 health remaining

Raider with 100 health has a 22 total attack points, and attacks Archer with 88 health who has 12 total armour points.
Archer now has 78 health remaining

Raider with 91 health has a 22 total attack points, and attacks Knight with 100 health who has 13 total armour points.
Knight now has 91 health remaining

Raider with 100 health has a 22 total attack points, and attacks Archer with 82 health who has 10 total armour points.
Archer now has 70 health remaining

Spearman with 97 health has a 18 total attack points, and attacks Archer with 100 health who has 14 total armour points.
Archer now has 96 health remaining

Ranged with 90 health has a 18 total attack points, and attacks Knight with 100 health who has 13 total armour points.
Knight now has 95 health remaining

Archer with 100 health has a 18 total attack points, and attacks Raider with 100 health who has 13 total armour points.
Raider now has 95 health remaining

Ranged with 100 health has a 18 total attack points, and attacks Footman with 93 health who has 11 total armour points.
Footman now has 86 health remaining

Archer with 100 health has a 18 total attack points, and attacks Raider with 95 health who has 13 total armour points.
Raider now has 90 health remaining

Archer with 97 health has a 18 total attack points, and attacks Spearman with 88 health who has 12 total armour points.
Spearman now has 82 health remaining

Ranged with 100 health has a 18 total attack points, and attacks Archer with 91 health who has 10 total armour points.
Archer now has 83 health remaining

Spearman with 88 health has a 18 total attack points, and attacks Knight with 100 health who has 13 total armour points.
Knight now has 95 health remaining

Ranged with 97 health has a 18 total attack points, and attacks Footman with 87 health who has 11 total armour points.
Footman now has 80 health remaining

Grunt with 100 health has a 17 total attack points, and attacks Archer with 100 health who has 14 total armour points.
Archer now has 97 health remaining

Archer with 100 health has a 18 total attack points, and attacks Spearman with 96 health who has 12 total armour points.
Spearman now has 90 health remaining

Archer with 96 health has a 18 total attack points, and attacks Raider with 100 health who has 13 total armour points.
Raider now has 95 health remaining

Archer with 100 health has a 18 total attack points, and attacks Spearman with 100 health who has 14 total armour points.
Spearman now has 96 health remaining

Footman with 100 health has a 17 total attack points, and attacks Ranged with 100 health who has 14 total armour points.
Ranged now has 97 health remaining

Raider with 95 health has a 22 total attack points, and attacks Archer with 100 health who has 14 total armour points.
Archer now has 92 health remaining

Footman with 100 health has a 17 total attack points, and attacks Spearman with 100 health who has 14 total armour points.
Spearman now has 97 health remaining

Knight with 100 health has a 26 total attack points, and attacks Spearman with 100 health who has 14 total armour points.
Spearman now has 88 health remaining

Spearman with 100 health has a 18 total attack points, and attacks Footman with 100 health who has 11 total armour points.
Footman now has 93 health remaining

Grunt with 100 health has a 17 total attack points, and attacks Knight with 95 health who has 13 total armour points.
Knight now has 91 health remaining

Footman with 100 health has a 17 total attack points, and attacks Spearman with 82 health who has 10 total armour points.
Spearman now has 75 health remaining

Footman with 94 health has a 17 total attack points, and attacks Spearman with 91 health who has 10 total armour points.
Spearman now has 84 health remaining

Raider with 95 health has a 22 total attack points, and attacks Footman with 100 health who has 11 total armour points.
Footman now has 89 health remaining

Footman with 89 health has a 17 total attack points, and attacks Raider with 100 health who has 13 total armour points.
Raider now has 96 health remaining

Spearman with 97 health has a 18 total attack points, and attacks Archer with 100 health who has 14 total armour points.
Archer now has 96 health remaining

Knight with 95 health has a 22 total attack points, and attacks Ranged with 82 health who has 10 total armour points.
Ranged now has 70 health remaining

Knight with 100 health has a 22 total attack points, and attacks Ranged with 100 health who has 14 total armour points.
Ranged now has 92 health remaining

Footman with 100 health has a 17 total attack points, and attacks Ranged with 96 health who has 12 total armour points.
Ranged now has 91 health remaining

Grunt with 100 health has a 17 total attack points, and attacks Archer with 91 health who has 10 total armour points.
Archer now has 84 health remaining

Archer with 90 health has a 18 total attack points, and attacks Raider with 100 health who has 13 total armour points.
Raider now has 95 health remaining

Grunt with 94 health has a 17 total attack points, and attacks Archer with 100 health who has 14 total armour points.
Archer now has 97 health remaining

Archer with 96 health has a 18 total attack points, and attacks Ranged with 88 health who has 12 total armour points.
Ranged now has 82 health remaining

Raider with 100 health has a 22 total attack points, and attacks Archer with 100 health who has 14 total armour points.
Archer now has 92 health remaining

Knight with 95 health has a 22 total attack points, and attacks Spearman with 100 health who has 14 total armour points.
Spearman now has 92 health remaining

Archer with 100 health has a 18 total attack points, and attacks Grunt with 100 health who has 11 total armour points.
Grunt now has 93 health remaining

Grunt with 100 health has a 17 total attack points, and attacks Archer with 96 health who has 12 total armour points.
Archer now has 91 health remaining

Footman with 100 health has a 17 total attack points, and attacks Raider with 95 health who has 13 total armour points.
Raider now has 91 health remaining

Knight with 100 health has a 26 total attack points, and attacks Ranged with 100 health who has 14 total armour points.
Ranged now has 88 health remaining

Archer with 100 health has a 18 total attack points, and attacks Raider with 82 health who has 13 total armour points.
Raider now has 77 health remaining

Ranged with 91 health has a 18 total attack points, and attacks Knight with 100 health who has 13 total armour points.
Knight now has 95 health remaining

Raider with 87 health has a 22 total attack points, and attacks Archer with 100 health who has 14 total armour points.
Archer now has 92 health remaining

Ranged with 96 health has a 18 total attack points, and attacks Archer with 100 health who has 14 total armour points.
Archer now has 96 health remaining

Knight with 95 health has a 26 total attack points, and attacks Raider with 86 health who has 13 total armour points.
Raider now has 73 health remaining

Grunt with 100 health has a 17 total attack points, and attacks Archer with 96 health who has 12 total armour points.
Archer now has 91 health remaining

Raider with 85 health has a 26 total attack points, and attacks Footman with 64 health who has 11 total armour points.
Footman now has 49 health remaining

Archer with 100 health has a 18 total attack points, and attacks Spearman with 100 health who has 14 total armour points.
Spearman now has 96 health remaining

Archer with 55 health has a 18 total attack points, and attacks Grunt with 93 health who has 11 total armour points.
Grunt now has 86 health remaining

Archer with 90 health has a 18 total attack points, and attacks Ranged with 83 health who has 10 total armour points.
Ranged now has 75 health remaining

Knight with 100 health has a 22 total attack points, and attacks Grunt with 93 health who has 11 total armour points.
Grunt now has 82 health remaining

Archer with 96 health has a 18 total attack points, and attacks Grunt with 100 health who has 11 total armour points.
Grunt now has 93 health remaining

Archer with 90 health has a 18 total attack points, and attacks Ranged with 100 health who has 14 total armour points.
Ranged now has 96 health remaining

Footman with 85 health has a 17 total attack points, and attacks Ranged with 88 health who has 12 total armour points.
Ranged now has 83 health remaining

Spearman with 100 health has a 18 total attack points, and attacks Archer with 96 health who has 12 total armour points.
Archer now has 90 health remaining

Archer with 88 health has a 18 total attack points, and attacks Spearman with 91 health who has 10 total armour points.
Spearman now has 83 health remaining

Grunt with 78 health has a 17 total attack points, and attacks Knight with 100 health who has 13 total armour points.
Knight now has 96 health remaining

Spearman with 82 health has a 18 total attack points, and attacks Footman with 100 health who has 11 total armour points.
Footman now has 93 health remaining

Spearman with 100 health has a 18 total attack points, and attacks Archer with 96 health who has 12 total armour points.
Archer now has 90 health remaining

Knight with 82 health has a 22 total attack points, and attacks Spearman with 100 health who has 14 total armour points.
Spearman now has 92 health remaining

Knight with 100 health has a 22 total attack points, and attacks Spearman with 96 health who has 12 total armour points.
Spearman now has 86 health remaining

Archer with 96 health has a 18 total attack points, and attacks Grunt with 100 health who has 11 total armour points.
Grunt now has 93 health remaining

Knight with 95 health has a 22 total attack points, and attacks Grunt with 100 health who has 11 total armour points.
Grunt now has 89 health remaining

Knight with 68 health has a 22 total attack points, and attacks Raider with 95 health who has 13 total armour points.
Raider now has 86 health remaining

Archer with 100 health has a 18 total attack points, and attacks Spearman with 90 health who has 10 total armour points.
Spearman now has 82 health remaining

Footman with 93 health has a 17 total attack points, and attacks Spearman with 88 health who has 12 total armour points.
Spearman now has 83 health remaining

Archer with 100 health has a 18 total attack points, and attacks Grunt with 89 health who has 11 total armour points.
Grunt now has 82 health remaining

Archer with 97 health has a 18 total attack points, and attacks Raider with 95 health who has 13 total armour points.
Raider now has 90 health remaining

Knight with 90 health has a 22 total attack points, and attacks Grunt with 100 health who has 11 total armour points.
Grunt now has 89 health remaining

Archer with 75 health has a 18 total attack points, and attacks Ranged with 96 health who has 12 total armour points.
Ranged now has 90 health remaining

Ranged with 96 health has a 18 total attack points, and attacks Archer with 100 health who has 14 total armour points.
Archer now has 96 health remaining

Raider with 86 health has a 26 total attack points, and attacks Footman with 94 health who has 11 total armour points.
Footman now has 79 health remaining

Knight with 100 health has a 26 total attack points, and attacks Spearman with 100 health who has 14 total armour points.
Spearman now has 88 health remaining

Raider with 86 health has a 26 total attack points, and attacks Archer with 82 health who has 10 total armour points.
Archer now has 66 health remaining

Spearman with 100 health has a 18 total attack points, and attacks Archer with 91 health who has 10 total armour points.
Archer now has 83 health remaining

Archer with 100 health has a 18 total attack points, and attacks Grunt with 100 health who has 11 total armour points.
Grunt now has 93 health remaining

Footman with 86 health has a 17 total attack points, and attacks Ranged with 100 health who has 14 total armour points.
Ranged now has 97 health remaining

Archer with 100 health has a 18 total attack points, and attacks Ranged with 88 health who has 12 total armour points.
Ranged now has 82 health remaining

Grunt with 100 health has a 17 total attack points, and attacks Footman with 100 health who has 11 total armour points.
Footman now has 94 health remaining

Spearman with 100 health has a 18 total attack points, and attacks Archer with 83 health who has 10 total armour points.
Archer now has 75 health remaining

Archer with 100 health has a 18 total attack points, and attacks Raider with 73 health who has 13 total armour points.
Raider now has 68 health remaining

Spearman with 100 health has a 18 total attack points, and attacks Archer with 92 health who has 12 total armour points.
Archer now has 86 health remaining

Footman with 100 health has a 17 total attack points, and attacks Raider with 96 health who has 13 total armour points.
Raider now has 92 health remaining

Archer with 100 health has a 18 total attack points, and attacks Grunt with 93 health who has 11 total armour points.
Grunt now has 86 health remaining

Knight with 95 health has a 22 total attack points, and attacks Grunt with 89 health who has 11 total armour points.
Grunt now has 78 health remaining

Raider with 100 health has a 26 total attack points, and attacks Knight with 87 health who has 13 total armour points.
Knight now has 74 health remaining

Knight with 90 health has a 26 total attack points, and attacks Grunt with 93 health who has 11 total armour points.
Grunt now has 78 health remaining

Grunt with 89 health has a 17 total attack points, and attacks Knight with 100 health who has 13 total armour points.
Knight now has 96 health remaining

Knight with 95 health has a 22 total attack points, and attacks Raider with 91 health who has 13 total armour points.
Raider now has 82 health remaining

Raider with 90 health has a 22 total attack points, and attacks Archer with 92 health who has 12 total armour points.
Archer now has 82 health remaining

Grunt with 86 health has a 17 total attack points, and attacks Archer with 92 health who has 12 total armour points.
Archer now has 87 health remaining

Spearman with 100 health has a 18 total attack points, and attacks Knight with 100 health who has 13 total armour points.
Knight now has 95 health remaining

Footman with 93 health has a 17 total attack points, and attacks Raider with 100 health who has 13 total armour points.
Raider now has 96 health remaining

Archer with 100 health has a 18 total attack points, and attacks Grunt with 93 health who has 11 total armour points.
Grunt now has 86 health remaining

Footman with 80 health has a 17 total attack points, and attacks Grunt with 100 health who has 11 total armour points.
Grunt now has 94 health remaining

Grunt with 93 health has a 17 total attack points, and attacks Archer with 97 health who has 12 total armour points.
Archer now has 92 health remaining

Ranged with 100 health has a 18 total attack points, and attacks Knight with 100 health who has 13 total armour points.
Knight now has 95 health remaining

Grunt with 73 health has a 17 total attack points, and attacks Archer with 96 health who has 12 total armour points.
Archer now has 91 health remaining

Raider with 87 health has a 26 total attack points, and attacks Archer with 96 health who has 12 total armour points.
Archer now has 82 health remaining

Footman with 100 health has a 17 total attack points, and attacks Grunt with 94 health who has 11 total armour points.
Grunt now has 88 health remaining

Footman with 100 health has a 17 total attack points, and attacks Grunt with 93 health who has 11 total armour points.
Grunt now has 87 health remaining

Raider with 96 health has a 26 total attack points, and attacks Archer with 100 health who has 14 total armour points.
Archer now has 88 health remaining

Knight with 100 health has a 26 total attack points, and attacks Spearman with 100 health who has 14 total armour points.
Spearman now has 88 health remaining

Archer with 96 health has a 18 total attack points, and attacks Ranged with 92 health who has 12 total armour points.
Ranged now has 86 health remaining

Spearman with 96 health has a 18 total attack points, and attacks Archer with 92 health who has 10 total armour points.
Archer now has 84 health remaining

Footman with 100 health has a 17 total attack points, and attacks Raider with 100 health who has 13 total armour points.
Raider now has 96 health remaining

Spearman with 97 health has a 18 total attack points, and attacks Archer with 100 health who has 14 total armour points.
Archer now has 96 health remaining

Archer with 100 health has a 18 total attack points, and attacks Ranged with 97 health who has 12 total armour points.
Ranged now has 91 health remaining

Ranged with 92 health has a 18 total attack points, and attacks Archer with 100 health who has 14 total armour points.
Archer now has 96 health remaining

Ranged with 88 health has a 18 total attack points, and attacks Archer with 100 health who has 14 total armour points.
Archer now has 96 health remaining

Grunt with 87 health has a 17 total attack points, and attacks Archer with 100 health who has 14 total armour points.
Archer now has 97 health remaining

Archer with 96 health has a 18 total attack points, and attacks Ranged with 100 health who has 14 total armour points.
Ranged now has 96 health remaining

Archer with 88 health has a 18 total attack points, and attacks Grunt with 100 health who has 11 total armour points.
Grunt now has 93 health remaining

Ranged with 96 health has a 18 total attack points, and attacks Archer with 88 health who has 12 total armour points.
Archer now has 82 health remaining

Knight with 87 health has a 22 total attack points, and attacks Grunt with 93 health who has 11 total armour points.
Grunt now has 82 health remaining

Footman with 100 health has a 17 total attack points, and attacks Raider with 95 health who has 13 total armour points.
Raider now has 91 health remaining

Grunt with 93 health has a 17 total attack points, and attacks Footman with 94 health who has 11 total armour points.
Footman now has 88 health remaining

Archer with 100 health has a 18 total attack points, and attacks Raider with 95 health who has 13 total armour points.
Raider now has 90 health remaining

Archer with 100 health has a 18 total attack points, and attacks Grunt with 100 health who has 11 total armour points.
Grunt now has 93 health remaining

Spearman with 100 health has a 18 total attack points, and attacks Footman with 71 health who has 11 total armour points.
Footman now has 64 health remaining

Archer with 100 health has a 18 total attack points, and attacks Raider with 100 health who has 13 total armour points.
Raider now has 95 health remaining

Knight with 87 health has a 22 total attack points, and attacks Raider with 77 health who has 13 total armour points.
Raider now has 68 health remaining

Spearman with 92 health has a 18 total attack points, and attacks Footman with 100 health who has 11 total armour points.
Footman now has 93 health remaining

Footman with 100 health has a 17 total attack points, and attacks Spearman with 96 health who has 12 total armour points.
Spearman now has 91 health remaining

Knight with 100 health has a 22 total attack points, and attacks Raider with 100 health who has 13 total armour points.
Raider now has 91 health remaining

Mountain King with 168 health has a 31 total attack points, and attacks Raider with 95 health who has 13 total armour points.
Raider now has 77 health remaining

Archer with 100 health has a 18 total attack points, and attacks Spearman with 100 health who has 14 total armour points.
Spearman now has 96 health remaining

Archer with 100 health has a 18 total attack points, and attacks Raider with 100 health who has 13 total armour points.
Raider now has 95 health remaining

Grunt with 93 health has a 17 total attack points, and attacks Knight with 95 health who has 13 total armour points.
Knight now has 91 health remaining

Archer with 82 health has a 18 total attack points, and attacks Spearman with 97 health who has 12 total armour points.
Spearman now has 91 health remaining

Archer with 92 health has a 18 total attack points, and attacks Ranged with 96 health who has 12 total armour points.
Ranged now has 90 health remaining

Raider with 90 health has a 22 total attack points, and attacks Knight with 95 health who has 13 total armour points.
Knight now has 86 health remaining

Archer with 88 health has a 18 total attack points, and attacks Spearman with 96 health who has 12 total armour points.
Spearman now has 90 health remaining

Knight with 95 health has a 22 total attack points, and attacks Spearman with 100 health who has 14 total armour points.
Spearman now has 92 health remaining

Ranged with 70 health has a 18 total attack points, and attacks Archer with 82 health who has 10 total armour points.
Archer now has 74 health remaining

Spearman with 96 health has a 18 total attack points, and attacks Knight with 69 health who has 13 total armour points.
Knight now has 64 health remaining

Footman with 100 health has a 17 total attack points, and attacks Spearman with 88 health who has 12 total armour points.
Spearman now has 83 health remaining

Archer with 96 health has a 18 total attack points, and attacks Raider with 100 health who has 13 total armour points.
Raider now has 95 health remaining

Knight with 90 health has a 26 total attack points, and attacks Grunt with 100 health who has 11 total armour points.
Grunt now has 85 health remaining

Knight with 100 health has a 22 total attack points, and attacks Grunt with 100 health who has 11 total armour points.
Grunt now has 89 health remaining

Raider with 100 health has a 22 total attack points, and attacks Archer with 100 health who has 14 total armour points.
Archer now has 92 health remaining

Archer with 100 health has a 18 total attack points, and attacks Ranged with 100 health who has 14 total armour points.
Ranged now has 96 health remaining

Grunt with 100 health has a 17 total attack points, and attacks Knight with 87 health who has 13 total armour points.
Knight now has 83 health remaining

Ranged with 100 health has a 18 total attack points, and attacks Knight with 91 health who has 13 total armour points.
Knight now has 86 health remaining

Archer with 100 health has a 18 total attack points, and attacks Spearman with 100 health who has 14 total armour points.
Spearman now has 96 health remaining

Ranged with 96 health has a 18 total attack points, and attacks Footman with 89 health who has 11 total armour points.
Footman now has 82 health remaining

Raider with 92 health has a 22 total attack points, and attacks Footman with 100 health who has 11 total armour points.
Footman now has 89 health remaining

Archer with 100 health has a 18 total attack points, and attacks Spearman with 96 health who has 12 total armour points.
Spearman now has 90 health remaining

Raider with 86 health has a 26 total attack points, and attacks Knight with 100 health who has 13 total armour points.
Knight now has 87 health remaining

Archer with 90 health has a 18 total attack points, and attacks Spearman with 100 health who has 14 total armour points.
Spearman now has 96 health remaining

Raider with 87 health has a 22 total attack points, and attacks Archer with 96 health who has 12 total armour points.
Archer now has 86 health remaining

Archer with 75 health has a 18 total attack points, and attacks Raider with 100 health who has 13 total armour points.
Raider now has 95 health remaining

Archer with 88 health has a 18 total attack points, and attacks Grunt with 100 health who has 11 total armour points.
Grunt now has 93 health remaining

Ranged with 90 health has a 18 total attack points, and attacks Footman with 100 health who has 11 total armour points.
Footman now has 93 health remaining

Raider with 95 health has a 26 total attack points, and attacks Knight with 95 health who has 13 total armour points.
Knight now has 82 health remaining

Archer with 97 health has a 18 total attack points, and attacks Spearman with 96 health who has 12 total armour points.
Spearman now has 90 health remaining

Raider with 90 health has a 22 total attack points, and attacks Archer with 96 health who has 12 total armour points.
Archer now has 86 health remaining

Archer with 96 health has a 18 total attack points, and attacks Ranged with 100 health who has 14 total armour points.
Ranged now has 96 health remaining

Spearman with 91 health has a 18 total attack points, and attacks Knight with 95 health who has 13 total armour points.
Knight now has 90 health remaining

Footman with 94 health has a 17 total attack points, and attacks Spearman with 100 health who has 14 total armour points.
Spearman now has 97 health remaining

Raider with 87 health has a 22 total attack points, and attacks Footman with 100 health who has 11 total armour points.
Footman now has 89 health remaining

Ranged with 100 health has a 18 total attack points, and attacks Archer with 100 health who has 14 total armour points.
Archer now has 96 health remaining

Archer with 96 health has a 18 total attack points, and attacks Raider with 100 health who has 13 total armour points.
Raider now has 95 health remaining

Spearman with 91 health has a 18 total attack points, and attacks Knight with 87 health who has 13 total armour points.
Knight now has 82 health remaining

Footman with 93 health has a 17 total attack points, and attacks Grunt with 93 health who has 11 total armour points.
Grunt now has 87 health remaining

Grunt with 93 health has a 17 total attack points, and attacks Archer with 75 health who has 10 total armour points.
Archer now has 68 health remaining

Knight with 95 health has a 22 total attack points, and attacks Spearman with 82 health who has 10 total armour points.
Spearman now has 70 health remaining

Raider with 100 health has a 26 total attack points, and attacks Footman with 100 health who has 11 total armour points.
Footman now has 85 health remaining

Archer with 100 health has a 18 total attack points, and attacks Spearman with 96 health who has 12 total armour points.
Spearman now has 90 health remaining

Knight with 100 health has a 26 total attack points, and attacks Spearman with 88 health who has 12 total armour points.
Spearman now has 74 health remaining

Knight with 95 health has a 22 total attack points, and attacks Raider with 100 health who has 13 total armour points.
Raider now has 91 health remaining

Raider with 100 health has a 22 total attack points, and attacks Footman with 93 health who has 11 total armour points.
Footman now has 82 health remaining

Ranged with 97 health has a 18 total attack points, and attacks Knight with 82 health who has 13 total armour points.
Knight now has 77 health remaining

Archer with 100 health has a 18 total attack points, and attacks Spearman with 82 health who has 10 total armour points.
Spearman now has 74 health remaining

Raider with 95 health has a 26 total attack points, and attacks Footman with 93 health who has 11 total armour points.
Footman now has 78 health remaining

Raider with 100 health has a 22 total attack points, and attacks Archer with 87 health who has 10 total armour points.
Archer now has 75 health remaining

Grunt with 93 health has a 17 total attack points, and attacks Archer with 97 health who has 12 total armour points.
Archer now has 92 health remaining

Raider with 100 health has a 22 total attack points, and attacks Footman with 93 health who has 11 total armour points.
Footman now has 82 health remaining

Footman with 100 health has a 17 total attack points, and attacks Grunt with 100 health who has 11 total armour points.
Grunt now has 94 health remaining

Grunt with 79 health has a 17 total attack points, and attacks Footman with 100 health who has 11 total armour points.
Footman now has 94 health remaining

Ranged with 82 health has a 18 total attack points, and attacks Knight with 100 health who has 13 total armour points.
Knight now has 95 health remaining

Grunt with 93 health has a 17 total attack points, and attacks Footman with 94 health who has 11 total armour points.
Footman now has 88 health remaining

Spearman with 75 health has a 18 total attack points, and attacks Knight with 95 health who has 13 total armour points.
Knight now has 90 health remaining

Archer with 100 health has a 18 total attack points, and attacks Ranged with 100 health who has 14 total armour points.
Ranged now has 96 health remaining

Raider with 100 health has a 22 total attack points, and attacks Footman with 78 health who has 11 total armour points.
Footman now has 67 health remaining

Ranged with 97 health has a 18 total attack points, and attacks Footman with 80 health who has 11 total armour points.
Footman now has 73 health remaining

Archer with 96 health has a 18 total attack points, and attacks Grunt with 79 health who has 11 total armour points.
Grunt now has 72 health remaining

Ranged with 96 health has a 18 total attack points, and attacks Footman with 94 health who has 11 total armour points.
Footman now has 87 health remaining

Archer with 84 health has a 18 total attack points, and attacks Spearman with 97 health who has 12 total armour points.
Spearman now has 91 health remaining

Archer with 88 health has a 18 total attack points, and attacks Grunt with 87 health who has 11 total armour points.
Grunt now has 80 health remaining

Archer with 83 health has a 18 total attack points, and attacks Ranged with 100 health who has 14 total armour points.
Ranged now has 96 health remaining

Ranged with 96 health has a 18 total attack points, and attacks Footman with 100 health who has 11 total armour points.
Footman now has 93 health remaining

Footman with 100 health has a 17 total attack points, and attacks Raider with 87 health who has 13 total armour points.
Raider now has 83 health remaining

Raider with 100 health has a 22 total attack points, and attacks Archer with 100 health who has 14 total armour points.
Archer now has 92 health remaining

Archer with 100 health has a 18 total attack points, and attacks Ranged with 96 health who has 12 total armour points.
Ranged now has 90 health remaining

Archer with 96 health has a 18 total attack points, and attacks Grunt with 100 health who has 11 total armour points.
Grunt now has 93 health remaining

Archer with 74 health has a 18 total attack points, and attacks Ranged with 82 health who has 10 total armour points.
Ranged now has 74 health remaining

Spearman with 100 health has a 18 total attack points, and attacks Footman with 100 health who has 11 total armour points.
Footman now has 93 health remaining

Ranged with 96 health has a 18 total attack points, and attacks Archer with 100 health who has 14 total armour points.
Archer now has 96 health remaining

Ranged with 90 health has a 18 total attack points, and attacks Archer with 100 health who has 14 total armour points.
Archer now has 96 health remaining

Archer with 100 health has a 18 total attack points, and attacks Ranged with 96 health who has 12 total armour points.
Ranged now has 90 health remaining

Archer with 83 health has a 18 total attack points, and attacks Ranged with 91 health who has 10 total armour points.
Ranged now has 83 health remaining

Raider with 77 health has a 22 total attack points, and attacks Footman with 100 health who has 11 total armour points.
Footman now has 89 health remaining

Raider with 100 health has a 22 total attack points, and attacks Archer with 100 health who has 14 total armour points.
Archer now has 92 health remaining

Spearman with 78 health has a 18 total attack points, and attacks Knight with 100 health who has 13 total armour points.
Knight now has 95 health remaining

Footman with 94 health has a 17 total attack points, and attacks Grunt with 100 health who has 11 total armour points.
Grunt now has 94 health remaining

Footman with 78 health has a 17 total attack points, and attacks Spearman with 88 health who has 12 total armour points.
Spearman now has 83 health remaining

Ranged with 100 health has a 18 total attack points, and attacks Footman with 94 health who has 11 total armour points.
Footman now has 87 health remaining

Grunt with 93 health has a 17 total attack points, and attacks Archer with 96 health who has 12 total armour points.
Archer now has 91 health remaining

Raider with 96 health has a 22 total attack points, and attacks Archer with 100 health who has 14 total armour points.
Archer now has 92 health remaining

Archer with 100 health has a 18 total attack points, and attacks Ranged with 90 health who has 10 total armour points.
Ranged now has 82 health remaining

Footman with 93 health has a 17 total attack points, and attacks Grunt with 89 health who has 11 total armour points.
Grunt now has 83 health remaining

Archer with 100 health has a 18 total attack points, and attacks Spearman with 96 health who has 12 total armour points.
Spearman now has 90 health remaining

Archer with 100 health has a 18 total attack points, and attacks Grunt with 78 health who has 11 total armour points.
Grunt now has 71 health remaining

Grunt with 86 health has a 17 total attack points, and attacks Archer with 88 health who has 12 total armour points.
Archer now has 83 health remaining

Spearman with 100 health has a 18 total attack points, and attacks Archer with 100 health who has 14 total armour points.
Archer now has 96 health remaining

Footman with 80 health has a 17 total attack points, and attacks Spearman with 97 health who has 12 total armour points.
Spearman now has 92 health remaining

Archer with 96 health has a 18 total attack points, and attacks Grunt with 100 health who has 11 total armour points.
Grunt now has 93 health remaining

Ranged with 90 health has a 18 total attack points, and attacks Footman with 85 health who has 11 total armour points.
Footman now has 78 health remaining

Archer with 100 health has a 18 total attack points, and attacks Spearman with 100 health who has 14 total armour points.
Spearman now has 96 health remaining

Knight with 95 health has a 22 total attack points, and attacks Ranged with 92 health who has 12 total armour points.
Ranged now has 82 health remaining

Spearman with 100 health has a 18 total attack points, and attacks Knight with 100 health who has 13 total armour points.
Knight now has 95 health remaining

Raider with 96 health has a 22 total attack points, and attacks Footman with 100 health who has 11 total armour points.
Footman now has 89 health remaining

Spearman with 97 health has a 18 total attack points, and attacks Archer with 100 health who has 14 total armour points.
Archer now has 96 health remaining

Footman with 78 health has a 17 total attack points, and attacks Raider with 91 health who has 13 total armour points.
Raider now has 87 health remaining

Spearman with 86 health has a 18 total attack points, and attacks Archer with 78 health who has 10 total armour points.
Archer now has 70 health remaining

Ranged with 100 health has a 18 total attack points, and attacks Knight with 100 health who has 13 total armour points.
Knight now has 95 health remaining

Knight with 95 health has a 22 total attack points, and attacks Raider with 90 health who has 13 total armour points.
Raider now has 81 health remaining

Spearman with 97 health has a 18 total attack points, and attacks Footman with 93 health who has 11 total armour points.
Footman now has 86 health remaining

Footman with 93 health has a 17 total attack points, and attacks Raider with 100 health who has 13 total armour points.
Raider now has 96 health remaining

Grunt with 87 health has a 17 total attack points, and attacks Knight with 95 health who has 13 total armour points.
Knight now has 91 health remaining

Archer with 96 health has a 18 total attack points, and attacks Spearman with 96 health who has 12 total armour points.
Spearman now has 90 health remaining

Ranged with 100 health has a 18 total attack points, and attacks Archer with 97 health who has 12 total armour points.
Archer now has 91 health remaining

Footman with 100 health has a 17 total attack points, and attacks Raider with 100 health who has 13 total armour points.
Raider now has 96 health remaining

Spearman with 100 health has a 18 total attack points, and attacks Knight with 100 health who has 13 total armour points.
Knight now has 95 health remaining

Footman with 85 health has a 17 total attack points, and attacks Grunt with 100 health who has 11 total armour points.
Grunt now has 94 health remaining

Knight with 87 health has a 22 total attack points, and attacks Ranged with 100 health who has 14 total armour points.
Ranged now has 92 health remaining

Raider with 90 health has a 22 total attack points, and attacks Footman with 87 health who has 11 total armour points.
Footman now has 76 health remaining

Archer with 100 health has a 18 total attack points, and attacks Ranged with 96 health who has 12 total armour points.
Ranged now has 90 health remaining

Grunt with 93 health has a 17 total attack points, and attacks Knight with 100 health who has 13 total armour points.
Knight now has 96 health remaining

Ranged with 100 health has a 18 total attack points, and attacks Footman with 89 health who has 11 total armour points.
Footman now has 82 health remaining

Ranged with 100 health has a 18 total attack points, and attacks Knight with 100 health who has 13 total armour points.
Knight now has 95 health remaining

Archer with 96 health has a 18 total attack points, and attacks Grunt with 73 health who has 11 total armour points.
Grunt now has 66 health remaining

Grunt with 93 health has a 17 total attack points, and attacks Footman with 78 health who has 11 total armour points.
Footman now has 72 health remaining

Footman with 80 health has a 17 total attack points, and attacks Ranged with 100 health who has 14 total armour points.
Ranged now has 97 health remaining

Ranged with 96 health has a 18 total attack points, and attacks Archer with 86 health who has 10 total armour points.
Archer now has 78 health remaining

Footman with 100 health has a 17 total attack points, and attacks Grunt with 93 health who has 11 total armour points.
Grunt now has 87 health remaining

Raider with 100 health has a 22 total attack points, and attacks Archer with 100 health who has 14 total armour points.
Archer now has 92 health remaining

Knight with 100 health has a 22 total attack points, and attacks Spearman with 97 health who has 12 total armour points.
Spearman now has 87 health remaining

Grunt with 85 health has a 17 total attack points, and attacks Footman with 100 health who has 11 total armour points.
Footman now has 94 health remaining

Knight with 100 health has a 22 total attack points, and attacks Grunt with 93 health who has 11 total armour points.
Grunt now has 82 health remaining

Footman with 100 health has a 17 total attack points, and attacks Grunt with 78 health who has 11 total armour points.
Grunt now has 72 health remaining

Grunt with 71 health has a 17 total attack points, and attacks Archer with 88 health who has 12 total armour points.
Archer now has 83 health remaining

Footman with 93 health has a 17 total attack points, and attacks Raider with 100 health who has 13 total armour points.
Raider now has 96 health remaining

Archer with 82 health has a 18 total attack points, and attacks Ranged with 91 health who has 10 total armour points.
Ranged now has 83 health remaining

Grunt with 100 health has a 17 total attack points, and attacks Footman with 100 health who has 11 total armour points.
Footman now has 94 health remaining

Knight with 82 health has a 22 total attack points, and attacks Grunt with 100 health who has 11 total armour points.
Grunt now has 89 health remaining

Archer with 55 health has a 18 total attack points, and attacks Ranged with 86 health who has 10 total armour points.
Ranged now has 78 health remaining

Raider with 77 health has a 22 total attack points, and attacks Archer with 96 health who has 12 total armour points.
Archer now has 86 health remaining

Grunt with 78 health has a 17 total attack points, and attacks Archer with 97 health who has 12 total armour points.
Archer now has 92 health remaining

Grunt with 93 health has a 17 total attack points, and attacks Footman with 100 health who has 11 total armour points.
Footman now has 94 health remaining

Archer with 100 health has a 18 total attack points, and attacks Raider with 91 health who has 13 total armour points.
Raider now has 86 health remaining

Archer with 96 health has a 18 total attack points, and attacks Raider with 86 health who has 13 total armour points.
Raider now has 81 health remaining

Archer with 100 health has a 18 total attack points, and attacks Spearman with 96 health who has 12 total armour points.
Spearman now has 90 health remaining

Ranged with 97 health has a 18 total attack points, and attacks Footman with 100 health who has 11 total armour points.
Footman now has 93 health remaining

Ranged with 92 health has a 18 total attack points, and attacks Archer with 66 health who has 10 total armour points.
Archer now has 58 health remaining

Footman with 100 health has a 17 total attack points, and attacks Spearman with 100 health who has 14 total armour points.
Spearman now has 97 health remaining

Archer with 100 health has a 18 total attack points, and attacks Ranged with 90 health who has 10 total armour points.
Ranged now has 82 health remaining

Archer with 100 health has a 18 total attack points, and attacks Grunt with 89 health who has 11 total armour points.
Grunt now has 82 health remaining

Archer with 100 health has a 18 total attack points, and attacks Grunt with 87 health who has 11 total armour points.
Grunt now has 80 health remaining

Grunt with 66 health has a 17 total attack points, and attacks Archer with 100 health who has 14 total armour points.
Archer now has 97 health remaining

Knight with 82 health has a 22 total attack points, and attacks Spearman with 83 health who has 10 total armour points.
Spearman now has 71 health remaining

Archer with 100 health has a 18 total attack points, and attacks Spearman with 96 health who has 12 total armour points.
Spearman now has 90 health remaining

Archer with 83 health has a 18 total attack points, and attacks Spearman with 96 health who has 12 total armour points.
Spearman now has 90 health remaining

Knight with 86 health has a 22 total attack points, and attacks Grunt with 87 health who has 11 total armour points.
Grunt now has 76 health remaining

Raider with 100 health has a 22 total attack points, and attacks Knight with 91 health who has 13 total armour points.
Knight now has 82 health remaining

Archer with 100 health has a 18 total attack points, and attacks Grunt with 78 health who has 11 total armour points.
Grunt now has 71 health remaining

Knight with 100 health has a 22 total attack points, and attacks Raider with 100 health who has 13 total armour points.
Raider now has 91 health remaining

Archer with 97 health has a 18 total attack points, and attacks Spearman with 96 health who has 12 total armour points.
Spearman now has 90 health remaining

Archer with 100 health has a 18 total attack points, and attacks Raider with 100 health who has 13 total armour points.
Raider now has 95 health remaining

Spearman with 92 health has a 18 total attack points, and attacks Archer with 100 health who has 14 total armour points.
Archer now has 96 health remaining

Footman with 73 health has a 17 total attack points, and attacks Grunt with 93 health who has 11 total armour points.
Grunt now has 87 health remaining

Knight with 95 health has a 22 total attack points, and attacks Ranged with 96 health who has 12 total armour points.
Ranged now has 86 health remaining

Ranged with 96 health has a 18 total attack points, and attacks Archer with 100 health who has 14 total armour points.
Archer now has 96 health remaining

Archer with 97 health has a 18 total attack points, and attacks Raider with 95 health who has 13 total armour points.
Raider now has 90 health remaining

Archer with 96 health has a 18 total attack points, and attacks Spearman with 91 health who has 10 total armour points.
Spearman now has 83 health remaining

Ranged with 70 health has a 18 total attack points, and attacks Footman with 86 health who has 11 total armour points.
Footman now has 79 health remaining

Spearman with 90 health has a 18 total attack points, and attacks Archer with 97 health who has 12 total armour points.
Archer now has 91 health remaining

Archer with 92 health has a 18 total attack points, and attacks Grunt with 88 health who has 11 total armour points.
Grunt now has 81 health remaining

Archer with 96 health has a 18 total attack points, and attacks Raider with 91 health who has 13 total armour points.
Raider now has 86 health remaining

Knight with 95 health has a 26 total attack points, and attacks Grunt with 93 health who has 11 total armour points.
Grunt now has 78 health remaining

Archer with 100 health has a 18 total attack points, and attacks Ranged with 88 health who has 12 total armour points.
Ranged now has 82 health remaining

Footman with 94 health has a 17 total attack points, and attacks Ranged with 100 health who has 14 total armour points.
Ranged now has 97 health remaining

Footman with 82 health has a 17 total attack points, and attacks Grunt with 100 health who has 11 total armour points.
Grunt now has 94 health remaining

Archer with 92 health has a 18 total attack points, and attacks Ranged with 92 health who has 12 total armour points.
Ranged now has 86 health remaining

Raider with 90 health has a 22 total attack points, and attacks Archer with 92 health who has 10 total armour points.
Archer now has 80 health remaining

Knight with 100 health has a 22 total attack points, and attacks Ranged with 96 health who has 12 total armour points.
Ranged now has 86 health remaining

Spearman with 86 health has a 18 total attack points, and attacks Archer with 92 health who has 12 total armour points.
Archer now has 86 health remaining

Archer with 66 health has a 18 total attack points, and attacks Raider with 91 health who has 13 total armour points.
Raider now has 86 health remaining

Footman with 94 health has a 17 total attack points, and attacks Raider with 96 health who has 13 total armour points.
Raider now has 92 health remaining

Ranged with 100 health has a 18 total attack points, and attacks Archer with 100 health who has 14 total armour points.
Archer now has 96 health remaining

Archer with 100 health has a 18 total attack points, and attacks Ranged with 100 health who has 14 total armour points.
Ranged now has 96 health remaining

Archer with 96 health has a 18 total attack points, and attacks Grunt with 93 health who has 11 total armour points.
Grunt now has 86 health remaining

Grunt with 100 health has a 17 total attack points, and attacks Footman with 82 health who has 11 total armour points.
Footman now has 76 health remaining

Archer with 97 health has a 18 total attack points, and attacks Ranged with 90 health who has 10 total armour points.
Ranged now has 82 health remaining

Archer with 66 health has a 18 total attack points, and attacks Ranged with 100 health who has 14 total armour points.
Ranged now has 96 health remaining

Knight with 82 health has a 22 total attack points, and attacks Spearman with 100 health who has 14 total armour points.
Spearman now has 92 health remaining

Spearman with 100 health has a 18 total attack points, and attacks Footman with 100 health who has 11 total armour points.
Footman now has 93 health remaining

Footman with 93 health has a 17 total attack points, and attacks Raider with 87 health who has 13 total armour points.
Raider now has 83 health remaining

Grunt with 86 health has a 17 total attack points, and attacks Archer with 96 health who has 12 total armour points.
Archer now has 91 health remaining

Raider with 81 health has a 22 total attack points, and attacks Footman with 93 health who has 11 total armour points.
Footman now has 82 health remaining

Ranged with 96 health has a 18 total attack points, and attacks Knight with 74 health who has 13 total armour points.
Knight now has 69 health remaining

Raider with 77 health has a 22 total attack points, and attacks Footman with 49 health who has 11 total armour points.
Footman now has 38 health remaining

Knight with 100 health has a 22 total attack points, and attacks Grunt with 85 health who has 11 total armour points.
Grunt now has 74 health remaining

Raider with 96 health has a 26 total attack points, and attacks Archer with 92 health who has 12 total armour points.
Archer now has 78 health remaining

Ranged with 97 health has a 18 total attack points, and attacks Footman with 100 health who has 11 total armour points.
Footman now has 93 health remaining

Archer with 86 health has a 18 total attack points, and attacks Spearman with 92 health who has 12 total armour points.
Spearman now has 86 health remaining

Archer with 96 health has a 18 total attack points, and attacks Grunt with 71 health who has 11 total armour points.
Grunt now has 64 health remaining

Grunt with 100 health has a 17 total attack points, and attacks Footman with 100 health who has 11 total armour points.
Footman now has 94 health remaining

Grunt with 93 health has a 17 total attack points, and attacks Archer with 86 health who has 10 total armour points.
Archer now has 79 health remaining

Spearman with 86 health has a 18 total attack points, and attacks Archer with 83 health who has 10 total armour points.
Archer now has 75 health remaining

Knight with 100 health has a 22 total attack points, and attacks Ranged with 96 health who has 12 total armour points.
Ranged now has 86 health remaining

Spearman with 92 health has a 18 total attack points, and attacks Archer with 100 health who has 14 total armour points.
Archer now has 96 health remaining

Grunt with 93 health has a 17 total attack points, and attacks Knight with 100 health who has 13 total armour points.
Knight now has 96 health remaining

Knight with 95 health has a 22 total attack points, and attacks Ranged with 82 health who has 10 total armour points.
Ranged now has 70 health remaining

Spearman with 96 health has a 18 total attack points, and attacks Archer with 100 health who has 14 total armour points.
Archer now has 96 health remaining

Archer with 83 health has a 18 total attack points, and attacks Grunt with 100 health who has 11 total armour points.
Grunt now has 93 health remaining

Footman with 89 health has a 17 total attack points, and attacks Grunt with 80 health who has 11 total armour points.
Grunt now has 74 health remaining

Archer with 96 health has a 18 total attack points, and attacks Grunt with 100 health who has 11 total armour points.
Grunt now has 93 health remaining

Ranged with 100 health has a 18 total attack points, and attacks Knight with 82 health who has 13 total armour points.
Knight now has 77 health remaining

Spearman with 100 health has a 18 total attack points, and attacks Footman with 100 health who has 11 total armour points.
Footman now has 93 health remaining

Archer with 91 health has a 18 total attack points, and attacks Ranged with 92 health who has 12 total armour points.
Ranged now has 86 health remaining

Grunt with 72 health has a 17 total attack points, and attacks Footman with 94 health who has 11 total armour points.
Footman now has 88 health remaining

Footman with 100 health has a 17 total attack points, and attacks Ranged with 86 health who has 10 total armour points.
Ranged now has 79 health remaining

Spearman with 88 health has a 18 total attack points, and attacks Archer with 86 health who has 10 total armour points.
Archer now has 78 health remaining

Raider with 100 health has a 22 total attack points, and attacks Knight with 100 health who has 13 total armour points.
Knight now has 91 health remaining

Ranged with 100 health has a 18 total attack points, and attacks Footman with 79 health who has 11 total armour points.
Footman now has 72 health remaining

Grunt with 94 health has a 17 total attack points, and attacks Footman with 100 health who has 11 total armour points.
Footman now has 94 health remaining

Ranged with 96 health has a 18 total attack points, and attacks Archer with 92 health who has 12 total armour points.
Archer now has 86 health remaining

Raider with 90 health has a 22 total attack points, and attacks Knight with 100 health who has 13 total armour points.
Knight now has 91 health remaining

Archer with 91 health has a 18 total attack points, and attacks Grunt with 93 health who has 11 total armour points.
Grunt now has 86 health remaining

Archer with 82 health has a 18 total attack points, and attacks Raider with 100 health who has 13 total armour points.
Raider now has 95 health remaining

Ranged with 100 health has a 18 total attack points, and attacks Archer with 100 health who has 14 total armour points.
Archer now has 96 health remaining

Ranged with 96 health has a 18 total attack points, and attacks Archer with 68 health who has 10 total armour points.
Archer now has 60 health remaining

Ranged with 92 health has a 18 total attack points, and attacks Knight with 74 health who has 13 total armour points.
Knight now has 69 health remaining

Archer with 83 health has a 18 total attack points, and attacks Ranged with 86 health who has 10 total armour points.
Ranged now has 78 health remaining

Archer with 100 health has a 18 total attack points, and attacks Grunt with 71 health who has 11 total armour points.
Grunt now has 64 health remaining

Spearman with 92 health has a 18 total attack points, and attacks Archer with 96 health who has 12 total armour points.
Archer now has 90 health remaining

Archer with 90 health has a 18 total attack points, and attacks Spearman with 100 health who has 14 total armour points.
Spearman now has 96 health remaining

Knight with 100 health has a 22 total attack points, and attacks Grunt with 100 health who has 11 total armour points.
Grunt now has 89 health remaining

Archer with 96 health has a 18 total attack points, and attacks Spearman with 100 health who has 14 total armour points.
Spearman now has 96 health remaining

Archer with 90 health has a 18 total attack points, and attacks Raider with 95 health who has 13 total armour points.
Raider now has 90 health remaining

Archer with 96 health has a 18 total attack points, and attacks Raider with 100 health who has 13 total armour points.
Raider now has 95 health remaining

Grunt with 94 health has a 17 total attack points, and attacks Archer with 55 health who has 10 total armour points.
Archer now has 48 health remaining

Grunt with 72 health has a 17 total attack points, and attacks Knight with 100 health who has 13 total armour points.
Knight now has 96 health remaining

Ranged with 79 health has a 18 total attack points, and attacks Knight with 96 health who has 13 total armour points.
Knight now has 91 health remaining

Footman with 89 health has a 17 total attack points, and attacks Ranged with 96 health who has 12 total armour points.
Ranged now has 91 health remaining

Spearman with 97 health has a 18 total attack points, and attacks Knight with 91 health who has 13 total armour points.
Knight now has 86 health remaining

Footman with 100 health has a 17 total attack points, and attacks Ranged with 91 health who has 10 total armour points.
Ranged now has 84 health remaining

Grunt with 100 health has a 17 total attack points, and attacks Footman with 100 health who has 11 total armour points.
Footman now has 94 health remaining

Grunt with 100 health has a 17 total attack points, and attacks Knight with 69 health who has 13 total armour points.
Knight now has 65 health remaining

Footman with 94 health has a 17 total attack points, and attacks Grunt with 85 health who has 11 total armour points.
Grunt now has 79 health remaining

Spearman with 97 health has a 18 total attack points, and attacks Archer with 100 health who has 14 total armour points.
Archer now has 96 health remaining

Footman with 89 health has a 17 total attack points, and attacks Ranged with 100 health who has 14 total armour points.
Ranged now has 97 health remaining

Raider with 100 health has a 22 total attack points, and attacks Archer with 100 health who has 14 total armour points.
Archer now has 92 health remaining

Archer with 80 health has a 18 total attack points, and attacks Ranged with 100 health who has 14 total armour points.
Ranged now has 96 health remaining

Ranged with 90 health has a 18 total attack points, and attacks Archer with 100 health who has 14 total armour points.
Archer now has 96 health remaining

Archer with 90 health has a 18 total attack points, and attacks Ranged with 96 health who has 12 total armour points.
Ranged now has 90 health remaining

Footman with 94 health has a 17 total attack points, and attacks Raider with 86 health who has 13 total armour points.
Raider now has 82 health remaining

Knight with 100 health has a 22 total attack points, and attacks Grunt with 93 health who has 11 total armour points.
Grunt now has 82 health remaining

Spearman with 75 health has a 18 total attack points, and attacks Knight with 95 health who has 13 total armour points.
Knight now has 90 health remaining

Ranged with 84 health has a 18 total attack points, and attacks Footman with 100 health who has 11 total armour points.
Footman now has 93 health remaining

Footman with 86 health has a 17 total attack points, and attacks Spearman with 100 health who has 14 total armour points.
Spearman now has 97 health remaining

Raider with 90 health has a 22 total attack points, and attacks Archer with 75 health who has 10 total armour points.
Archer now has 63 health remaining

Archer with 100 health has a 18 total attack points, and attacks Spearman with 96 health who has 12 total armour points.
Spearman now has 90 health remaining

Footman with 76 health has a 17 total attack points, and attacks Ranged with 86 health who has 10 total armour points.
Ranged now has 79 health remaining

Spearman with 100 health has a 18 total attack points, and attacks Archer with 96 health who has 12 total armour points.
Archer now has 90 health remaining

Archer with 100 health has a 18 total attack points, and attacks Ranged with 96 health who has 12 total armour points.
Ranged now has 90 health remaining

Ranged with 100 health has a 18 total attack points, and attacks Footman with 87 health who has 11 total armour points.
Footman now has 80 health remaining

Archer with 82 health has a 18 total attack points, and attacks Grunt with 100 health who has 11 total armour points.
Grunt now has 93 health remaining

Spearman with 96 health has a 18 total attack points, and attacks Archer with 100 health who has 14 total armour points.
Archer now has 96 health remaining

Raider with 100 health has a 26 total attack points, and attacks Knight with 95 health who has 13 total armour points.
Knight now has 82 health remaining

Footman with 93 health has a 17 total attack points, and attacks Spearman with 83 health who has 10 total armour points.
Spearman now has 76 health remaining

Ranged with 96 health has a 18 total attack points, and attacks Footman with 89 health who has 11 total armour points.
Footman now has 82 health remaining

Archer with 100 health has a 18 total attack points, and attacks Ranged with 91 health who has 10 total armour points.
Ranged now has 83 health remaining

Raider with 100 health has a 22 total attack points, and attacks Archer with 88 health who has 12 total armour points.
Archer now has 78 health remaining

Spearman with 86 health has a 18 total attack points, and attacks Footman with 100 health who has 11 total armour points.
Footman now has 93 health remaining

Grunt with 100 health has a 17 total attack points, and attacks Archer with 100 health who has 14 total armour points.
Archer now has 97 health remaining

Footman with 100 health has a 17 total attack points, and attacks Ranged with 97 health who has 12 total armour points.
Ranged now has 92 health remaining

Footman with 100 health has a 17 total attack points, and attacks Grunt with 82 health who has 11 total armour points.
Grunt now has 76 health remaining

Raider with 100 health has a 22 total attack points, and attacks Knight with 95 health who has 13 total armour points.
Knight now has 86 health remaining

Raider with 86 health has a 26 total attack points, and attacks Archer with 60 health who has 10 total armour points.
Archer now has 44 health remaining

Knight with 100 health has a 22 total attack points, and attacks Spearman with 91 health who has 10 total armour points.
Spearman now has 79 health remaining

Raider with 95 health has a 26 total attack points, and attacks Archer with 88 health who has 12 total armour points.
Archer now has 74 health remaining

Raider with 100 health has a 22 total attack points, and attacks Archer with 100 health who has 14 total armour points.
Archer now has 92 health remaining

Archer with 75 health has a 18 total attack points, and attacks Ranged with 83 health who has 10 total armour points.
Ranged now has 75 health remaining

Archer with 83 health has a 18 total attack points, and attacks Spearman with 90 health who has 10 total armour points.
Spearman now has 82 health remaining

Raider with 96 health has a 22 total attack points, and attacks Archer with 100 health who has 14 total armour points.
Archer now has 92 health remaining

Grunt with 100 health has a 17 total attack points, and attacks Archer with 100 health who has 14 total armour points.
Archer now has 97 health remaining

Footman with 100 health has a 17 total attack points, and attacks Raider with 96 health who has 13 total armour points.
Raider now has 92 health remaining

Ranged with 90 health has a 18 total attack points, and attacks Archer with 100 health who has 14 total armour points.
Archer now has 96 health remaining

Knight with 100 health has a 22 total attack points, and attacks Spearman with 86 health who has 10 total armour points.
Spearman now has 74 health remaining

Raider with 96 health has a 22 total attack points, and attacks Knight with 100 health who has 13 total armour points.
Knight now has 91 health remaining

Knight with 100 health has a 26 total attack points, and attacks Raider with 91 health who has 13 total armour points.
Raider now has 78 health remaining

Archer with 100 health has a 18 total attack points, and attacks Grunt with 93 health who has 11 total armour points.
Grunt now has 86 health remaining

Archer with 78 health has a 18 total attack points, and attacks Spearman with 100 health who has 14 total armour points.
Spearman now has 96 health remaining

Grunt with 78 health has a 17 total attack points, and attacks Knight with 95 health who has 13 total armour points.
Knight now has 91 health remaining

Spearman with 92 health has a 18 total attack points, and attacks Footman with 100 health who has 11 total armour points.
Footman now has 93 health remaining

Ranged with 96 health has a 18 total attack points, and attacks Footman with 38 health who has 11 total armour points.
Footman now has 31 health remaining

Footman with 100 health has a 17 total attack points, and attacks Ranged with 100 health who has 14 total armour points.
Ranged now has 97 health remaining

Archer with 96 health has a 18 total attack points, and attacks Ranged with 90 health who has 10 total armour points.
Ranged now has 82 health remaining

Archer with 96 health has a 18 total attack points, and attacks Grunt with 83 health who has 11 total armour points.
Grunt now has 76 health remaining

Raider with 83 health has a 22 total attack points, and attacks Footman with 93 health who has 11 total armour points.
Footman now has 82 health remaining

Archer with 90 health has a 18 total attack points, and attacks Spearman with 97 health who has 12 total armour points.
Spearman now has 91 health remaining

Archer with 96 health has a 18 total attack points, and attacks Raider with 96 health who has 13 total armour points.
Raider now has 91 health remaining

Footman with 94 health has a 17 total attack points, and attacks Spearman with 82 health who has 10 total armour points.
Spearman now has 75 health remaining

Archer with 100 health has a 18 total attack points, and attacks Ranged with 82 health who has 10 total armour points.
Ranged now has 74 health remaining

Ranged with 90 health has a 18 total attack points, and attacks Archer with 100 health who has 14 total armour points.
Archer now has 96 health remaining

Footman with 93 health has a 17 total attack points, and attacks Raider with 96 health who has 13 total armour points.
Raider now has 92 health remaining

Knight with 100 health has a 26 total attack points, and attacks Spearman with 71 health who has 10 total armour points.
Spearman now has 55 health remaining

Raider with 85 health has a 22 total attack points, and attacks Footman with 100 health who has 11 total armour points.
Footman now has 89 health remaining

Archer with 90 health has a 18 total attack points, and attacks Grunt with 94 health who has 11 total armour points.
Grunt now has 87 health remaining

Raider with 100 health has a 26 total attack points, and attacks Archer with 96 health who has 12 total armour points.
Archer now has 82 health remaining

Archer with 97 health has a 18 total attack points, and attacks Spearman with 87 health who has 10 total armour points.
Spearman now has 79 health remaining

Archer with 66 health has a 18 total attack points, and attacks Spearman with 100 health who has 14 total armour points.
Spearman now has 96 health remaining

Knight with 87 health has a 22 total attack points, and attacks Raider with 90 health who has 13 total armour points.
Raider now has 81 health remaining

Ranged with 100 health has a 18 total attack points, and attacks Footman with 79 health who has 11 total armour points.
Footman now has 72 health remaining

Spearman with 100 health has a 18 total attack points, and attacks Footman with 89 health who has 11 total armour points.
Footman now has 82 health remaining

Grunt with 78 health has a 17 total attack points, and attacks Archer with 100 health who has 14 total armour points.
Archer now has 97 health remaining

Grunt with 74 health has a 17 total attack points, and attacks Knight with 100 health who has 13 total armour points.
Knight now has 96 health remaining

Ranged with 86 health has a 18 total attack points, and attacks Archer with 92 health who has 12 total armour points.
Archer now has 86 health remaining

Raider with 95 health has a 22 total attack points, and attacks Archer with 92 health who has 12 total armour points.
Archer now has 82 health remaining

Raider with 77 health has a 22 total attack points, and attacks Knight with 82 health who has 13 total armour points.
Knight now has 73 health remaining

Grunt with 93 health has a 17 total attack points, and attacks Footman with 80 health who has 11 total armour points.
Footman now has 74 health remaining

Knight with 91 health has a 22 total attack points, and attacks Grunt with 72 health who has 11 total armour points.
Grunt now has 61 health remaining

Raider with 86 health has a 26 total attack points, and attacks Archer with 82 health who has 10 total armour points.
Archer now has 66 health remaining

Archer with 100 health has a 18 total attack points, and attacks Spearman with 74 health who has 10 total armour points.
Spearman now has 66 health remaining

Footman with 85 health has a 17 total attack points, and attacks Grunt with 93 health who has 11 total armour points.
Grunt now has 87 health remaining

Archer with 91 health has a 18 total attack points, and attacks Ranged with 100 health who has 14 total armour points.
Ranged now has 96 health remaining

Grunt with 71 health has a 17 total attack points, and attacks Archer with 96 health who has 12 total armour points.
Archer now has 91 health remaining

Knight with 65 health has a 26 total attack points, and attacks Ranged with 91 health who has 10 total armour points.
Ranged now has 75 health remaining

Knight with 100 health has a 22 total attack points, and attacks Grunt with 78 health who has 11 total armour points.
Grunt now has 67 health remaining

Archer with 92 health has a 18 total attack points, and attacks Raider with 92 health who has 13 total armour points.
Raider now has 87 health remaining

Knight with 86 health has a 22 total attack points, and attacks Raider with 87 health who has 13 total armour points.
Raider now has 78 health remaining

Archer with 88 health has a 18 total attack points, and attacks Spearman with 96 health who has 12 total armour points.
Spearman now has 90 health remaining

Grunt with 82 health has a 17 total attack points, and attacks Knight with 77 health who has 13 total armour points.
Knight now has 73 health remaining

Raider with 100 health has a 26 total attack points, and attacks Knight with 86 health who has 13 total armour points.
Knight now has 73 health remaining

Grunt with 76 health has a 17 total attack points, and attacks Archer with 92 health who has 12 total armour points.
Archer now has 87 health remaining

Grunt with 82 health has a 17 total attack points, and attacks Archer with 48 health who has 10 total armour points.
Archer now has 41 health remaining

Footman with 89 health has a 17 total attack points, and attacks Spearman with 100 health who has 14 total armour points.
Spearman now has 97 health remaining

Archer with 97 health has a 18 total attack points, and attacks Ranged with 96 health who has 12 total armour points.
Ranged now has 90 health remaining

Archer with 96 health has a 18 total attack points, and attacks Ranged with 100 health who has 14 total armour points.
Ranged now has 96 health remaining

Raider with 95 health has a 22 total attack points, and attacks Archer with 100 health who has 14 total armour points.
Archer now has 92 health remaining

Ranged with 96 health has a 18 total attack points, and attacks Archer with 90 health who has 10 total armour points.
Archer now has 82 health remaining

Archer with 100 health has a 18 total attack points, and attacks Raider with 95 health who has 13 total armour points.
Raider now has 90 health remaining

Raider with 90 health has a 22 total attack points, and attacks Archer with 100 health who has 14 total armour points.
Archer now has 92 health remaining

Archer with 100 health has a 18 total attack points, and attacks Raider with 100 health who has 13 total armour points.
Raider now has 95 health remaining

Archer with 100 health has a 18 total attack points, and attacks Grunt with 89 health who has 11 total armour points.
Grunt now has 82 health remaining

Knight with 86 health has a 22 total attack points, and attacks Grunt with 93 health who has 11 total armour points.
Grunt now has 82 health remaining

Archer with 96 health has a 18 total attack points, and attacks Grunt with 93 health who has 11 total armour points.
Grunt now has 86 health remaining

Footman with 100 health has a 17 total attack points, and attacks Grunt with 81 health who has 11 total armour points.
Grunt now has 75 health remaining

Archer with 100 health has a 18 total attack points, and attacks Spearman with 75 health who has 10 total armour points.
Spearman now has 67 health remaining

Spearman with 100 health has a 18 total attack points, and attacks Footman with 89 health who has 11 total armour points.
Footman now has 82 health remaining

Spearman with 83 health has a 18 total attack points, and attacks Archer with 91 health who has 10 total armour points.
Archer now has 83 health remaining

Grunt with 93 health has a 17 total attack points, and attacks Knight with 100 health who has 13 total armour points.
Knight now has 96 health remaining

Raider with 78 health has a 22 total attack points, and attacks Footman with 86 health who has 11 total armour points.
Footman now has 75 health remaining

Archer with 96 health has a 18 total attack points, and attacks Raider with 95 health who has 13 total armour points.
Raider now has 90 health remaining

Ranged with 97 health has a 18 total attack points, and attacks Knight with 100 health who has 13 total armour points.
Knight now has 95 health remaining

Spearman with 100 health has a 18 total attack points, and attacks Archer with 92 health who has 12 total armour points.
Archer now has 86 health remaining

Raider with 86 health has a 22 total attack points, and attacks Archer with 90 health who has 10 total armour points.
Archer now has 78 health remaining

Archer with 90 health has a 18 total attack points, and attacks Ranged with 83 health who has 10 total armour points.
Ranged now has 75 health remaining

Archer with 92 health has a 18 total attack points, and attacks Spearman with 92 health who has 10 total armour points.
Spearman now has 84 health remaining

Archer with 100 health has a 18 total attack points, and attacks Ranged with 96 health who has 12 total armour points.
Ranged now has 90 health remaining

Archer with 82 health has a 18 total attack points, and attacks Raider with 90 health who has 13 total armour points.
Raider now has 85 health remaining

Grunt with 72 health has a 17 total attack points, and attacks Knight with 91 health who has 13 total armour points.
Knight now has 87 health remaining

Raider with 100 health has a 26 total attack points, and attacks Knight with 91 health who has 13 total armour points.
Knight now has 78 health remaining

Ranged with 96 health has a 18 total attack points, and attacks Knight with 95 health who has 13 total armour points.
Knight now has 90 health remaining

Archer with 100 health has a 18 total attack points, and attacks Spearman with 100 health who has 14 total armour points.
Spearman now has 96 health remaining

Archer with 96 health has a 18 total attack points, and attacks Spearman with 100 health who has 14 total armour points.
Spearman now has 96 health remaining

Footman with 85 health has a 17 total attack points, and attacks Ranged with 75 health who has 10 total armour points.
Ranged now has 68 health remaining

Ranged with 97 health has a 18 total attack points, and attacks Archer with 83 health who has 10 total armour points.
Archer now has 75 health remaining

Archer with 96 health has a 18 total attack points, and attacks Grunt with 82 health who has 11 total armour points.
Grunt now has 75 health remaining

Raider with 92 health has a 22 total attack points, and attacks Knight with 82 health who has 13 total armour points.
Knight now has 73 health remaining

Grunt with 93 health has a 17 total attack points, and attacks Footman with 94 health who has 11 total armour points.
Footman now has 88 health remaining

Spearman with 100 health has a 18 total attack points, and attacks Knight with 96 health who has 13 total armour points.
Knight now has 91 health remaining

Footman with 100 health has a 17 total attack points, and attacks Grunt with 87 health who has 11 total armour points.
Grunt now has 81 health remaining

Archer with 90 health has a 18 total attack points, and attacks Raider with 90 health who has 13 total armour points.
Raider now has 85 health remaining

Raider with 100 health has a 22 total attack points, and attacks Footman with 86 health who has 11 total armour points.
Footman now has 75 health remaining

Knight with 96 health has a 26 total attack points, and attacks Raider with 100 health who has 13 total armour points.
Raider now has 87 health remaining

Raider with 96 health has a 22 total attack points, and attacks Archer with 78 health who has 10 total armour points.
Archer now has 66 health remaining

Footman with 94 health has a 17 total attack points, and attacks Spearman with 100 health who has 14 total armour points.
Spearman now has 97 health remaining

Grunt with 93 health has a 17 total attack points, and attacks Archer with 78 health who has 10 total armour points.
Archer now has 71 health remaining

Ranged with 100 health has a 18 total attack points, and attacks Archer with 41 health who has 10 total armour points.
Archer now has 33 health remaining

Grunt with 100 health has a 17 total attack points, and attacks Knight with 91 health who has 13 total armour points.
Knight now has 87 health remaining

Ranged with 92 health has a 18 total attack points, and attacks Archer with 96 health who has 12 total armour points.
Archer now has 90 health remaining

Archer with 96 health has a 18 total attack points, and attacks Raider with 95 health who has 13 total armour points.
Raider now has 90 health remaining

Spearman with 91 health has a 18 total attack points, and attacks Knight with 86 health who has 13 total armour points.
Knight now has 81 health remaining

Raider with 95 health has a 22 total attack points, and attacks Archer with 90 health who has 10 total armour points.
Archer now has 78 health remaining

Raider with 90 health has a 22 total attack points, and attacks Knight with 95 health who has 13 total armour points.
Knight now has 86 health remaining

Raider with 95 health has a 26 total attack points, and attacks Footman with 100 health who has 11 total armour points.
Footman now has 85 health remaining

Raider with 87 health has a 26 total attack points, and attacks Knight with 86 health who has 13 total armour points.
Knight now has 73 health remaining

Archer with 33 health has a 18 total attack points, and attacks Ranged with 97 health who has 12 total armour points.
Ranged now has 91 health remaining

Spearman with 100 health has a 18 total attack points, and attacks Archer with 91 health who has 10 total armour points.
Archer now has 83 health remaining

Ranged with 90 health has a 18 total attack points, and attacks Footman with 73 health who has 11 total armour points.
Footman now has 66 health remaining

Archer with 96 health has a 18 total attack points, and attacks Ranged with 78 health who has 10 total armour points.
Ranged now has 70 health remaining

Grunt with 93 health has a 17 total attack points, and attacks Archer with 96 health who has 12 total armour points.
Archer now has 91 health remaining

Knight with 78 health has a 26 total attack points, and attacks Ranged with 88 health who has 12 total armour points.
Ranged now has 74 health remaining

Raider with 100 health has a 22 total attack points, and attacks Knight with 100 health who has 13 total armour points.
Knight now has 91 health remaining

Footman with 89 health has a 17 total attack points, and attacks Raider with 69 health who has 13 total armour points.
Raider now has 65 health remaining

Footman with 93 health has a 17 total attack points, and attacks Ranged with 86 health who has 10 total armour points.
Ranged now has 79 health remaining

Spearman with 90 health has a 18 total attack points, and attacks Knight with 100 health who has 13 total armour points.
Knight now has 95 health remaining

Footman with 93 health has a 17 total attack points, and attacks Ranged with 100 health who has 14 total armour points.
Ranged now has 97 health remaining

Knight with 86 health has a 26 total attack points, and attacks Grunt with 100 health who has 11 total armour points.
Grunt now has 85 health remaining

Knight with 96 health has a 22 total attack points, and attacks Grunt with 93 health who has 11 total armour points.
Grunt now has 82 health remaining

Archer with 83 health has a 18 total attack points, and attacks Ranged with 100 health who has 14 total armour points.
Ranged now has 96 health remaining

Mountain King with 168 health has a 27 total attack points, and attacks Grunt with 89 health who has 11 total armour points.
Grunt now has 73 health remaining

Ranged with 74 health has a 18 total attack points, and attacks Footman with 93 health who has 11 total armour points.
Footman now has 86 health remaining

Archer with 100 health has a 18 total attack points, and attacks Grunt with 76 health who has 11 total armour points.
Grunt now has 69 health remaining

Archer with 97 health has a 18 total attack points, and attacks Spearman with 88 health who has 12 total armour points.
Spearman now has 82 health remaining

Archer with 100 health has a 18 total attack points, and attacks Ranged with 96 health who has 12 total armour points.
Ranged now has 90 health remaining

Knight with 77 health has a 22 total attack points, and attacks Ranged with 97 health who has 12 total armour points.
Ranged now has 87 health remaining

Footman with 86 health has a 17 total attack points, and attacks Raider with 90 health who has 13 total armour points.
Raider now has 86 health remaining

Knight with 95 health has a 22 total attack points, and attacks Raider with 87 health who has 13 total armour points.
Raider now has 78 health remaining

Archer with 96 health has a 18 total attack points, and attacks Grunt with 87 health who has 11 total armour points.
Grunt now has 80 health remaining

Grunt with 86 health has a 17 total attack points, and attacks Archer with 74 health who has 10 total armour points.
Archer now has 67 health remaining

Footman with 31 health has a 17 total attack points, and attacks Spearman with 92 health who has 12 total armour points.
Spearman now has 87 health remaining

Spearman with 96 health has a 18 total attack points, and attacks Archer with 82 health who has 10 total armour points.
Archer now has 74 health remaining

Archer with 88 health has a 18 total attack points, and attacks Spearman with 100 health who has 14 total armour points.
Spearman now has 96 health remaining

Raider with 65 health has a 26 total attack points, and attacks Archer with 84 health who has 10 total armour points.
Archer now has 68 health remaining

Mountain King with 168 health has a 27 total attack points, and attacks Raider with 83 health who has 13 total armour points.
Raider now has 69 health remaining

Footman with 93 health has a 17 total attack points, and attacks Ranged with 96 health who has 12 total armour points.
Ranged now has 91 health remaining

Archer with 100 health has a 18 total attack points, and attacks Raider with 100 health who has 13 total armour points.
Raider now has 95 health remaining

Ranged with 100 health has a 18 total attack points, and attacks Archer with 90 health who has 10 total armour points.
Archer now has 82 health remaining

Ranged with 68 health has a 18 total attack points, and attacks Archer with 96 health who has 12 total armour points.
Archer now has 90 health remaining

Grunt with 64 health has a 17 total attack points, and attacks Archer with 90 health who has 10 total armour points.
Archer now has 83 health remaining

Archer with 91 health has a 18 total attack points, and attacks Spearman with 96 health who has 12 total armour points.
Spearman now has 90 health remaining

Footman with 79 health has a 17 total attack points, and attacks Ranged with 96 health who has 12 total armour points.
Ranged now has 91 health remaining

Knight with 100 health has a 26 total attack points, and attacks Ranged with 90 health who has 10 total armour points.
Ranged now has 74 health remaining

Grunt with 82 health has a 17 total attack points, and attacks Archer with 96 health who has 12 total armour points.
Archer now has 91 health remaining

Archer with 80 health has a 18 total attack points, and attacks Raider with 87 health who has 13 total armour points.
Raider now has 82 health remaining

Grunt with 100 health has a 17 total attack points, and attacks Archer with 63 health who has 10 total armour points.
Archer now has 56 health remaining

Archer with 44 health has a 18 total attack points, and attacks Spearman with 88 health who has 12 total armour points.
Spearman now has 82 health remaining

Ranged with 91 health has a 18 total attack points, and attacks Footman with 85 health who has 11 total armour points.
Footman now has 78 health remaining

Spearman with 92 health has a 18 total attack points, and attacks Archer with 88 health who has 12 total armour points.
Archer now has 82 health remaining

Archer with 100 health has a 18 total attack points, and attacks Ranged with 79 health who has 10 total armour points.
Ranged now has 71 health remaining

Archer with 96 health has a 18 total attack points, and attacks Grunt with 100 health who has 11 total armour points.
Grunt now has 93 health remaining

Archer with 82 health has a 18 total attack points, and attacks Raider with 90 health who has 13 total armour points.
Raider now has 85 health remaining

Archer with 83 health has a 18 total attack points, and attacks Grunt with 93 health who has 11 total armour points.
Grunt now has 86 health remaining

Raider with 95 health has a 22 total attack points, and attacks Footman with 94 health who has 11 total armour points.
Footman now has 83 health remaining

Archer with 97 health has a 18 total attack points, and attacks Spearman with 91 health who has 10 total armour points.
Spearman now has 83 health remaining

Footman with 76 health has a 17 total attack points, and attacks Ranged with 86 health who has 10 total armour points.
Ranged now has 79 health remaining

Archer with 97 health has a 18 total attack points, and attacks Grunt with 86 health who has 11 total armour points.
Grunt now has 79 health remaining

Spearman with 100 health has a 18 total attack points, and attacks Footman with 100 health who has 11 total armour points.
Footman now has 93 health remaining

Spearman with 82 health has a 18 total attack points, and attacks Archer with 96 health who has 12 total armour points.
Archer now has 90 health remaining

Footman with 100 health has a 17 total attack points, and attacks Raider with 95 health who has 13 total armour points.
Raider now has 91 health remaining

Grunt with 86 health has a 17 total attack points, and attacks Footman with 85 health who has 11 total armour points.
Footman now has 79 health remaining

Knight with 95 health has a 26 total attack points, and attacks Raider with 100 health who has 13 total armour points.
Raider now has 87 health remaining

Footman with 85 health has a 17 total attack points, and attacks Spearman with 84 health who has 10 total armour points.
Spearman now has 77 health remaining

Archer with 100 health has a 18 total attack points, and attacks Ranged with 96 health who has 12 total armour points.
Ranged now has 90 health remaining

Raider with 100 health has a 22 total attack points, and attacks Knight with 87 health who has 13 total armour points.
Knight now has 78 health remaining

Raider with 87 health has a 22 total attack points, and attacks Footman with 94 health who has 11 total armour points.
Footman now has 83 health remaining

Ranged with 92 health has a 18 total attack points, and attacks Archer with 70 health who has 10 total armour points.
Archer now has 62 health remaining

Footman with 80 health has a 17 total attack points, and attacks Spearman with 82 health who has 10 total armour points.
Spearman now has 75 health remaining

Grunt with 93 health has a 17 total attack points, and attacks Footman with 86 health who has 11 total armour points.
Footman now has 80 health remaining

Ranged with 97 health has a 18 total attack points, and attacks Knight with 65 health who has 13 total armour points.
Knight now has 60 health remaining

Raider with 83 health has a 22 total attack points, and attacks Knight with 90 health who has 13 total armour points.
Knight now has 81 health remaining

Knight with 96 health has a 26 total attack points, and attacks Raider with 96 health who has 13 total armour points.
Raider now has 83 health remaining

Archer with 78 health has a 18 total attack points, and attacks Raider with 82 health who has 13 total armour points.
Raider now has 77 health remaining

Ranged with 100 health has a 18 total attack points, and attacks Knight with 74 health who has 13 total armour points.
Knight now has 69 health remaining

Archer with 96 health has a 18 total attack points, and attacks Raider with 85 health who has 13 total armour points.
Raider now has 80 health remaining

Grunt with 64 health has a 17 total attack points, and attacks Knight with 95 health who has 13 total armour points.
Knight now has 91 health remaining

Footman with 80 health has a 17 total attack points, and attacks Raider with 92 health who has 13 total armour points.
Raider now has 88 health remaining

Grunt with 93 health has a 17 total attack points, and attacks Footman with 83 health who has 11 total armour points.
Footman now has 77 health remaining

Spearman with 84 health has a 18 total attack points, and attacks Knight with 100 health who has 13 total armour points.
Knight now has 95 health remaining

Archer with 33 health has a 18 total attack points, and attacks Ranged with 92 health who has 12 total armour points.
Ranged now has 86 health remaining

Ranged with 96 health has a 18 total attack points, and attacks Knight with 90 health who has 13 total armour points.
Knight now has 85 health remaining

Knight with 100 health has a 22 total attack points, and attacks Ranged with 90 health who has 10 total armour points.
Ranged now has 78 health remaining

Footman with 82 health has a 17 total attack points, and attacks Spearman with 55 health who has 10 total armour points.
Spearman now has 48 health remaining

Raider with 86 health has a 22 total attack points, and attacks Archer with 88 health who has 12 total armour points.
Archer now has 78 health remaining

Archer with 66 health has a 18 total attack points, and attacks Spearman with 90 health who has 10 total armour points.
Spearman now has 82 health remaining

Archer with 83 health has a 18 total attack points, and attacks Ranged with 90 health who has 10 total armour points.
Ranged now has 82 health remaining

Archer with 96 health has a 18 total attack points, and attacks Raider with 100 health who has 13 total armour points.
Raider now has 95 health remaining

Raider with 90 health has a 22 total attack points, and attacks Footman with 100 health who has 11 total armour points.
Footman now has 89 health remaining

Footman with 93 health has a 17 total attack points, and attacks Ranged with 78 health who has 10 total armour points.
Ranged now has 71 health remaining

Knight with 95 health has a 26 total attack points, and attacks Grunt with 93 health who has 11 total armour points.
Grunt now has 78 health remaining

Spearman with 100 health has a 18 total attack points, and attacks Archer with 96 health who has 12 total armour points.
Archer now has 90 health remaining

Raider with 100 health has a 26 total attack points, and attacks Archer with 33 health who has 10 total armour points.
Archer now has 17 health remaining

Ranged with 100 health has a 18 total attack points, and attacks Footman with 67 health who has 11 total armour points.
Footman now has 60 health remaining

Ranged with 74 health has a 18 total attack points, and attacks Footman with 85 health who has 11 total armour points.
Footman now has 78 health remaining

Grunt with 93 health has a 17 total attack points, and attacks Knight with 91 health who has 13 total armour points.
Knight now has 87 health remaining

Spearman with 86 health has a 18 total attack points, and attacks Archer with 87 health who has 10 total armour points.
Archer now has 79 health remaining

Raider with 78 health has a 22 total attack points, and attacks Archer with 97 health who has 12 total armour points.
Archer now has 87 health remaining

Archer with 96 health has a 18 total attack points, and attacks Grunt with 78 health who has 11 total armour points.
Grunt now has 71 health remaining

Raider with 83 health has a 22 total attack points, and attacks Archer with 96 health who has 12 total armour points.
Archer now has 86 health remaining

Spearman with 83 health has a 18 total attack points, and attacks Archer with 96 health who has 12 total armour points.
Archer now has 90 health remaining

Footman with 100 health has a 17 total attack points, and attacks Ranged with 96 health who has 12 total armour points.
Ranged now has 91 health remaining

Knight with 100 health has a 22 total attack points, and attacks Spearman with 88 health who has 12 total armour points.
Spearman now has 78 health remaining

Grunt with 93 health has a 17 total attack points, and attacks Archer with 44 health who has 10 total armour points.
Archer now has 37 health remaining

Ranged with 97 health has a 18 total attack points, and attacks Archer with 100 health who has 14 total armour points.
Archer now has 96 health remaining

Spearman with 97 health has a 18 total attack points, and attacks Archer with 88 health who has 12 total armour points.
Archer now has 82 health remaining

Knight with 100 health has a 22 total attack points, and attacks Raider with 95 health who has 13 total armour points.
Raider now has 86 health remaining

Spearman with 97 health has a 18 total attack points, and attacks Knight with 73 health who has 13 total armour points.
Knight now has 68 health remaining

Archer with 92 health has a 18 total attack points, and attacks Grunt with 67 health who has 11 total armour points.
Grunt now has 60 health remaining

Footman with 82 health has a 17 total attack points, and attacks Spearman with 100 health who has 14 total armour points.
Spearman now has 97 health remaining

Footman with 88 health has a 17 total attack points, and attacks Raider with 100 health who has 13 total armour points.
Raider now has 96 health remaining

Archer with 96 health has a 18 total attack points, and attacks Spearman with 90 health who has 10 total armour points.
Spearman now has 82 health remaining

Footman with 100 health has a 17 total attack points, and attacks Grunt with 100 health who has 11 total armour points.
Grunt now has 94 health remaining

Grunt with 93 health has a 17 total attack points, and attacks Knight with 95 health who has 13 total armour points.
Knight now has 91 health remaining

Footman with 79 health has a 17 total attack points, and attacks Ranged with 97 health who has 12 total armour points.
Ranged now has 92 health remaining

Archer with 91 health has a 18 total attack points, and attacks Spearman with 96 health who has 12 total armour points.
Spearman now has 90 health remaining

Footman with 82 health has a 17 total attack points, and attacks Raider with 96 health who has 13 total armour points.
Raider now has 92 health remaining

Knight with 95 health has a 22 total attack points, and attacks Spearman with 92 health who has 12 total armour points.
Spearman now has 82 health remaining

Archer with 96 health has a 18 total attack points, and attacks Raider with 95 health who has 13 total armour points.
Raider now has 90 health remaining

Ranged with 82 health has a 18 total attack points, and attacks Knight with 82 health who has 13 total armour points.
Knight now has 77 health remaining

Grunt with 86 health has a 17 total attack points, and attacks Archer with 90 health who has 10 total armour points.
Archer now has 83 health remaining

Ranged with 82 health has a 18 total attack points, and attacks Archer with 96 health who has 12 total armour points.
Archer now has 90 health remaining

Knight with 100 health has a 22 total attack points, and attacks Grunt with 94 health who has 11 total armour points.
Grunt now has 83 health remaining

Grunt with 78 health has a 17 total attack points, and attacks Archer with 100 health who has 14 total armour points.
Archer now has 97 health remaining

Footman with 100 health has a 17 total attack points, and attacks Grunt with 93 health who has 11 total armour points.
Grunt now has 87 health remaining

Footman with 86 health has a 17 total attack points, and attacks Raider with 85 health who has 13 total armour points.
Raider now has 81 health remaining

Knight with 86 health has a 22 total attack points, and attacks Grunt with 94 health who has 11 total armour points.
Grunt now has 83 health remaining

Spearman with 82 health has a 18 total attack points, and attacks Footman with 94 health who has 11 total armour points.
Footman now has 87 health remaining

Spearman with 88 health has a 18 total attack points, and attacks Footman with 100 health who has 11 total armour points.
Footman now has 93 health remaining

Ranged with 74 health has a 18 total attack points, and attacks Archer with 86 health who has 10 total armour points.
Archer now has 78 health remaining

Archer with 75 health has a 18 total attack points, and attacks Spearman with 100 health who has 14 total armour points.
Spearman now has 96 health remaining

Ranged with 90 health has a 18 total attack points, and attacks Footman with 86 health who has 11 total armour points.
Footman now has 79 health remaining

Ranged with 96 health has a 18 total attack points, and attacks Archer with 86 health who has 10 total armour points.
Archer now has 78 health remaining

Spearman with 100 health has a 18 total attack points, and attacks Archer with 88 health who has 12 total armour points.
Archer now has 82 health remaining

Archer with 91 health has a 18 total attack points, and attacks Raider with 90 health who has 13 total armour points.
Raider now has 85 health remaining

Spearman with 67 health has a 18 total attack points, and attacks Footman with 100 health who has 11 total armour points.
Footman now has 93 health remaining

Archer with 100 health has a 18 total attack points, and attacks Ranged with 82 health who has 10 total armour points.
Ranged now has 74 health remaining

Spearman with 70 health has a 18 total attack points, and attacks Archer with 100 health who has 14 total armour points.
Archer now has 96 health remaining

Grunt with 93 health has a 17 total attack points, and attacks Footman with 100 health who has 11 total armour points.
Footman now has 94 health remaining

Footman with 93 health has a 17 total attack points, and attacks Raider with 91 health who has 13 total armour points.
Raider now has 87 health remaining

Footman with 85 health has a 17 total attack points, and attacks Ranged with 83 health who has 10 total armour points.
Ranged now has 76 health remaining

Spearman with 96 health has a 18 total attack points, and attacks Archer with 97 health who has 12 total armour points.
Archer now has 91 health remaining

Spearman with 96 health has a 18 total attack points, and attacks Footman with 82 health who has 11 total armour points.
Footman now has 75 health remaining

Spearman with 90 health has a 18 total attack points, and attacks Footman with 85 health who has 11 total armour points.
Footman now has 78 health remaining

Archer with 91 health has a 18 total attack points, and attacks Spearman with 96 health who has 12 total armour points.
Spearman now has 90 health remaining

Spearman with 82 health has a 18 total attack points, and attacks Archer with 97 health who has 12 total armour points.
Archer now has 91 health remaining

Raider with 95 health has a 22 total attack points, and attacks Archer with 96 health who has 12 total armour points.
Archer now has 86 health remaining

Grunt with 60 health has a 17 total attack points, and attacks Knight with 90 health who has 13 total armour points.
Knight now has 86 health remaining

Footman with 78 health has a 17 total attack points, and attacks Grunt with 100 health who has 11 total armour points.
Grunt now has 94 health remaining

Archer with 96 health has a 18 total attack points, and attacks Spearman with 78 health who has 10 total armour points.
Spearman now has 70 health remaining

Grunt with 86 health has a 17 total attack points, and attacks Archer with 82 health who has 10 total armour points.
Archer now has 75 health remaining

Grunt with 93 health has a 17 total attack points, and attacks Footman with 85 health who has 11 total armour points.
Footman now has 79 health remaining

Raider with 100 health has a 22 total attack points, and attacks Archer with 100 health who has 14 total armour points.
Archer now has 92 health remaining

Spearman with 84 health has a 18 total attack points, and attacks Archer with 100 health who has 14 total armour points.
Archer now has 96 health remaining

Spearman with 100 health has a 18 total attack points, and attacks Knight with 90 health who has 13 total armour points.
Knight now has 85 health remaining

Archer with 100 health has a 18 total attack points, and attacks Grunt with 100 health who has 11 total armour points.
Grunt now has 93 health remaining

Archer with 100 health has a 18 total attack points, and attacks Grunt with 93 health who has 11 total armour points.
Grunt now has 86 health remaining

Archer with 75 health has a 18 total attack points, and attacks Grunt with 74 health who has 11 total armour points.
Grunt now has 67 health remaining

Spearman with 97 health has a 18 total attack points, and attacks Archer with 82 health who has 10 total armour points.
Archer now has 74 health remaining

Ranged with 75 health has a 18 total attack points, and attacks Footman with 82 health who has 11 total armour points.
Footman now has 75 health remaining

Archer with 91 health has a 18 total attack points, and attacks Raider with 78 health who has 13 total armour points.
Raider now has 73 health remaining

Ranged with 90 health has a 18 total attack points, and attacks Footman with 82 health who has 11 total armour points.
Footman now has 75 health remaining

Grunt with 87 health has a 17 total attack points, and attacks Archer with 91 health who has 10 total armour points.
Archer now has 84 health remaining

Knight with 95 health has a 22 total attack points, and attacks Raider with 85 health who has 13 total armour points.
Raider now has 76 health remaining

Ranged with 82 health has a 18 total attack points, and attacks Footman with 82 health who has 11 total armour points.
Footman now has 75 health remaining

Ranged with 91 health has a 18 total attack points, and attacks Archer with 92 health who has 10 total armour points.
Archer now has 84 health remaining

Spearman with 100 health has a 18 total attack points, and attacks Archer with 97 health who has 12 total armour points.
Archer now has 91 health remaining

Knight with 96 health has a 22 total attack points, and attacks Spearman with 86 health who has 10 total armour points.
Spearman now has 74 health remaining

Spearman with 96 health has a 18 total attack points, and attacks Footman with 94 health who has 11 total armour points.
Footman now has 87 health remaining

Raider with 78 health has a 22 total attack points, and attacks Archer with 78 health who has 10 total armour points.
Archer now has 66 health remaining

Archer with 91 health has a 18 total attack points, and attacks Ranged with 86 health who has 10 total armour points.
Ranged now has 78 health remaining

Ranged with 82 health has a 18 total attack points, and attacks Archer with 100 health who has 14 total armour points.
Archer now has 96 health remaining

Archer with 86 health has a 18 total attack points, and attacks Ranged with 100 health who has 14 total armour points.
Ranged now has 96 health remaining

Raider with 68 health has a 22 total attack points, and attacks Archer with 100 health who has 14 total armour points.
Archer now has 92 health remaining

Grunt with 82 health has a 17 total attack points, and attacks Archer with 96 health who has 12 total armour points.
Archer now has 91 health remaining

Footman with 93 health has a 17 total attack points, and attacks Ranged with 82 health who has 10 total armour points.
Ranged now has 75 health remaining

Grunt with 78 health has a 17 total attack points, and attacks Knight with 100 health who has 13 total armour points.
Knight now has 96 health remaining

Ranged with 96 health has a 18 total attack points, and attacks Knight with 87 health who has 13 total armour points.
Knight now has 82 health remaining

Archer with 83 health has a 18 total attack points, and attacks Spearman with 97 health who has 12 total armour points.
Spearman now has 91 health remaining

Ranged with 100 health has a 18 total attack points, and attacks Archer with 90 health who has 10 total armour points.
Archer now has 82 health remaining

Archer with 100 health has a 18 total attack points, and attacks Spearman with 90 health who has 10 total armour points.
Spearman now has 82 health remaining

Spearman with 96 health has a 18 total attack points, and attacks Footman with 93 health who has 11 total armour points.
Footman now has 86 health remaining

Spearman with 97 health has a 18 total attack points, and attacks Archer with 90 health who has 10 total armour points.
Archer now has 82 health remaining

Archer with 96 health has a 18 total attack points, and attacks Grunt with 86 health who has 11 total armour points.
Grunt now has 79 health remaining

Grunt with 67 health has a 17 total attack points, and attacks Knight with 81 health who has 13 total armour points.
Knight now has 77 health remaining

Raider with 81 health has a 22 total attack points, and attacks Knight with 100 health who has 13 total armour points.
Knight now has 91 health remaining

Grunt with 93 health has a 17 total attack points, and attacks Knight with 86 health who has 13 total armour points.
Knight now has 82 health remaining

Ranged with 90 health has a 18 total attack points, and attacks Archer with 100 health who has 14 total armour points.
Archer now has 96 health remaining

Footman with 93 health has a 17 total attack points, and attacks Spearman with 92 health who has 12 total armour points.
Spearman now has 87 health remaining

Knight with 73 health has a 22 total attack points, and attacks Grunt with 94 health who has 11 total armour points.
Grunt now has 83 health remaining

Footman with 89 health has a 17 total attack points, and attacks Spearman with 75 health who has 10 total armour points.
Spearman now has 68 health remaining

Spearman with 84 health has a 18 total attack points, and attacks Archer with 100 health who has 14 total armour points.
Archer now has 96 health remaining

Grunt with 100 health has a 17 total attack points, and attacks Footman with 93 health who has 11 total armour points.
Footman now has 87 health remaining

Archer with 67 health has a 18 total attack points, and attacks Spearman with 100 health who has 14 total armour points.
Spearman now has 96 health remaining

Raider with 86 health has a 22 total attack points, and attacks Footman with 93 health who has 11 total armour points.
Footman now has 82 health remaining

Ranged with 100 health has a 18 total attack points, and attacks Archer with 96 health who has 12 total armour points.
Archer now has 90 health remaining

Knight with 95 health has a 22 total attack points, and attacks Raider with 68 health who has 13 total armour points.
Raider now has 59 health remaining

Archer with 86 health has a 18 total attack points, and attacks Ranged with 74 health who has 10 total armour points.
Ranged now has 66 health remaining

Archer with 83 health has a 18 total attack points, and attacks Grunt with 74 health who has 11 total armour points.
Grunt now has 67 health remaining

Archer with 84 health has a 18 total attack points, and attacks Ranged with 92 health who has 12 total armour points.
Ranged now has 86 health remaining

Ranged with 82 health has a 18 total attack points, and attacks Archer with 96 health who has 12 total armour points.
Archer now has 90 health remaining

Archer with 87 health has a 18 total attack points, and attacks Spearman with 96 health who has 12 total armour points.
Spearman now has 90 health remaining

Archer with 96 health has a 18 total attack points, and attacks Ranged with 83 health who has 10 total armour points.
Ranged now has 75 health remaining

Spearman with 67 health has a 18 total attack points, and attacks Archer with 90 health who has 10 total armour points.
Archer now has 82 health remaining

Grunt with 94 health has a 17 total attack points, and attacks Archer with 96 health who has 12 total armour points.
Archer now has 91 health remaining

Knight with 95 health has a 22 total attack points, and attacks Ranged with 90 health who has 10 total armour points.
Ranged now has 78 health remaining

Archer with 100 health has a 18 total attack points, and attacks Spearman with 100 health who has 14 total armour points.
Spearman now has 96 health remaining

Grunt with 87 health has a 17 total attack points, and attacks Archer with 86 health who has 10 total armour points.
Archer now has 79 health remaining

Spearman with 100 health has a 18 total attack points, and attacks Footman with 60 health who has 11 total armour points.
Footman now has 53 health remaining

Grunt with 86 health has a 17 total attack points, and attacks Archer with 96 health who has 12 total armour points.
Archer now has 91 health remaining

Raider with 73 health has a 22 total attack points, and attacks Footman with 78 health who has 11 total armour points.
Footman now has 67 health remaining

Grunt with 87 health has a 17 total attack points, and attacks Archer with 83 health who has 10 total armour points.
Archer now has 76 health remaining

Ranged with 100 health has a 18 total attack points, and attacks Archer with 96 health who has 12 total armour points.
Archer now has 90 health remaining

Raider with 90 health has a 22 total attack points, and attacks Footman with 93 health who has 11 total armour points.
Footman now has 82 health remaining

Knight with 95 health has a 22 total attack points, and attacks Spearman with 100 health who has 14 total armour points.
Spearman now has 92 health remaining

Gul´dan with 180 health has a 31 total attack points, and attacks Archer with 100 health who has 14 total armour points.
Archer now has 83 health remaining

Footman with 78 health has a 17 total attack points, and attacks Raider with 100 health who has 13 total armour points.
Raider now has 96 health remaining

Knight with 95 health has a 22 total attack points, and attacks Ranged with 100 health who has 14 total armour points.
Ranged now has 92 health remaining

Raider with 95 health has a 22 total attack points, and attacks Archer with 75 health who has 10 total armour points.
Archer now has 63 health remaining

Raider with 95 health has a 22 total attack points, and attacks Archer with 91 health who has 10 total armour points.
Archer now has 79 health remaining

Raider with 100 health has a 22 total attack points, and attacks Footman with 93 health who has 11 total armour points.
Footman now has 82 health remaining

Knight with 100 health has a 22 total attack points, and attacks Spearman with 91 health who has 10 total armour points.
Spearman now has 79 health remaining

Footman with 76 health has a 17 total attack points, and attacks Raider with 90 health who has 13 total armour points.
Raider now has 86 health remaining

Spearman with 90 health has a 18 total attack points, and attacks Knight with 100 health who has 13 total armour points.
Knight now has 95 health remaining

Spearman with 82 health has a 18 total attack points, and attacks Knight with 91 health who has 13 total armour points.
Knight now has 86 health remaining

Ranged with 82 health has a 18 total attack points, and attacks Footman with 100 health who has 11 total armour points.
Footman now has 93 health remaining

Ranged with 97 health has a 18 total attack points, and attacks Knight with 85 health who has 13 total armour points.
Knight now has 80 health remaining

Archer with 100 health has a 18 total attack points, and attacks Ranged with 97 health who has 12 total armour points.
Ranged now has 91 health remaining

Archer with 87 health has a 18 total attack points, and attacks Raider with 95 health who has 13 total armour points.
Raider now has 90 health remaining

Archer with 96 health has a 18 total attack points, and attacks Spearman with 92 health who has 12 total armour points.
Spearman now has 86 health remaining

Spearman with 96 health has a 18 total attack points, and attacks Archer with 90 health who has 10 total armour points.
Archer now has 82 health remaining

Knight with 95 health has a 22 total attack points, and attacks Raider with 81 health who has 13 total armour points.
Raider now has 72 health remaining

Raider with 95 health has a 26 total attack points, and attacks Footman with 93 health who has 11 total armour points.
Footman now has 78 health remaining

Footman with 78 health has a 17 total attack points, and attacks Grunt with 93 health who has 11 total armour points.
Grunt now has 87 health remaining

Spearman with 82 health has a 18 total attack points, and attacks Archer with 92 health who has 10 total armour points.
Archer now has 84 health remaining

Footman with 75 health has a 17 total attack points, and attacks Ranged with 91 health who has 10 total armour points.
Ranged now has 84 health remaining

Knight with 83 health has a 26 total attack points, and attacks Grunt with 100 health who has 11 total armour points.
Grunt now has 85 health remaining

Footman with 82 health has a 17 total attack points, and attacks Ranged with 100 health who has 14 total armour points.
Ranged now has 97 health remaining

Ranged with 78 health has a 18 total attack points, and attacks Archer with 90 health who has 10 total armour points.
Archer now has 82 health remaining

Raider with 78 health has a 22 total attack points, and attacks Footman with 75 health who has 11 total armour points.
Footman now has 64 health remaining

Archer with 84 health has a 18 total attack points, and attacks Spearman with 96 health who has 12 total armour points.
Spearman now has 90 health remaining

Knight with 86 health has a 26 total attack points, and attacks Raider with 86 health who has 13 total armour points.
Raider now has 73 health remaining

Raider with 96 health has a 22 total attack points, and attacks Archer with 100 health who has 14 total armour points.
Archer now has 92 health remaining

Spearman with 96 health has a 18 total attack points, and attacks Archer with 88 health who has 12 total armour points.
Archer now has 82 health remaining

Spearman with 74 health has a 18 total attack points, and attacks Archer with 92 health who has 12 total armour points.
Archer now has 86 health remaining

Ranged with 74 health has a 18 total attack points, and attacks Archer with 82 health who has 10 total armour points.
Archer now has 74 health remaining

Spearman with 100 health has a 18 total attack points, and attacks Knight with 86 health who has 13 total armour points.
Knight now has 81 health remaining

Ranged with 78 health has a 18 total attack points, and attacks Archer with 97 health who has 12 total armour points.
Archer now has 91 health remaining

Grunt with 100 health has a 17 total attack points, and attacks Archer with 91 health who has 10 total armour points.
Archer now has 84 health remaining

Ranged with 97 health has a 18 total attack points, and attacks Archer with 97 health who has 12 total armour points.
Archer now has 91 health remaining

Knight with 91 health has a 22 total attack points, and attacks Ranged with 100 health who has 14 total armour points.
Ranged now has 92 health remaining

Footman with 93 health has a 17 total attack points, and attacks Grunt with 71 health who has 11 total armour points.
Grunt now has 65 health remaining

Spearman with 82 health has a 18 total attack points, and attacks Knight with 100 health who has 13 total armour points.
Knight now has 95 health remaining

Raider with 87 health has a 22 total attack points, and attacks Archer with 92 health who has 12 total armour points.
Archer now has 82 health remaining

Knight with 91 health has a 22 total attack points, and attacks Raider with 83 health who has 13 total armour points.
Raider now has 74 health remaining

Knight with 83 health has a 22 total attack points, and attacks Ranged with 97 health who has 12 total armour points.
Ranged now has 87 health remaining

Raider with 100 health has a 26 total attack points, and attacks Archer with 58 health who has 10 total armour points.
Archer now has 42 health remaining

Raider with 96 health has a 22 total attack points, and attacks Knight with 95 health who has 13 total armour points.
Knight now has 86 health remaining

Archer with 96 health has a 18 total attack points, and attacks Spearman with 100 health who has 14 total armour points.
Spearman now has 96 health remaining

Footman with 93 health has a 17 total attack points, and attacks Spearman with 96 health who has 12 total armour points.
Spearman now has 91 health remaining

Archer with 67 health has a 18 total attack points, and attacks Grunt with 71 health who has 11 total armour points.
Grunt now has 64 health remaining

Ranged with 97 health has a 18 total attack points, and attacks Knight with 91 health who has 13 total armour points.
Knight now has 86 health remaining

Archer with 78 health has a 18 total attack points, and attacks Ranged with 90 health who has 10 total armour points.
Ranged now has 82 health remaining

Archer with 74 health has a 18 total attack points, and attacks Grunt with 79 health who has 11 total armour points.
Grunt now has 72 health remaining

Footman with 72 health has a 17 total attack points, and attacks Raider with 100 health who has 13 total armour points.
Raider now has 96 health remaining

Footman with 88 health has a 17 total attack points, and attacks Spearman with 96 health who has 12 total armour points.
Spearman now has 91 health remaining

Archer with 78 health has a 18 total attack points, and attacks Grunt with 93 health who has 11 total armour points.
Grunt now has 86 health remaining

Grunt with 100 health has a 17 total attack points, and attacks Archer with 78 health who has 10 total armour points.
Archer now has 71 health remaining

Archer with 90 health has a 18 total attack points, and attacks Grunt with 86 health who has 11 total armour points.
Grunt now has 79 health remaining

Raider with 96 health has a 22 total attack points, and attacks Archer with 100 health who has 14 total armour points.
Archer now has 92 health remaining

Knight with 82 health has a 22 total attack points, and attacks Spearman with 100 health who has 14 total armour points.
Spearman now has 92 health remaining

Archer with 96 health has a 18 total attack points, and attacks Grunt with 89 health who has 11 total armour points.
Grunt now has 82 health remaining

Ranged with 97 health has a 18 total attack points, and attacks Archer with 91 health who has 10 total armour points.
Archer now has 83 health remaining

Archer with 82 health has a 18 total attack points, and attacks Ranged with 87 health who has 10 total armour points.
Ranged now has 79 health remaining

Archer with 90 health has a 18 total attack points, and attacks Grunt with 75 health who has 11 total armour points.
Grunt now has 68 health remaining

Spearman with 96 health has a 18 total attack points, and attacks Footman with 93 health who has 11 total armour points.
Footman now has 86 health remaining

Archer with 82 health has a 18 total attack points, and attacks Raider with 87 health who has 13 total armour points.
Raider now has 82 health remaining

Archer with 97 health has a 18 total attack points, and attacks Spearman with 77 health who has 10 total armour points.
Spearman now has 69 health remaining

Ranged with 75 health has a 18 total attack points, and attacks Knight with 96 health who has 13 total armour points.
Knight now has 91 health remaining

Spearman with 100 health has a 18 total attack points, and attacks Footman with 93 health who has 11 total armour points.
Footman now has 86 health remaining

Footman with 76 health has a 17 total attack points, and attacks Grunt with 100 health who has 11 total armour points.
Grunt now has 94 health remaining

Grunt with 100 health has a 17 total attack points, and attacks Archer with 92 health who has 12 total armour points.
Archer now has 87 health remaining

Knight with 82 health has a 26 total attack points, and attacks Spearman with 100 health who has 14 total armour points.
Spearman now has 88 health remaining

Ranged with 100 health has a 18 total attack points, and attacks Archer with 100 health who has 14 total armour points.
Archer now has 96 health remaining

Archer with 100 health has a 18 total attack points, and attacks Spearman with 83 health who has 10 total armour points.
Spearman now has 75 health remaining

Raider with 96 health has a 22 total attack points, and attacks Footman with 89 health who has 11 total armour points.
Footman now has 78 health remaining

Raider with 96 health has a 22 total attack points, and attacks Archer with 100 health who has 14 total armour points.
Archer now has 92 health remaining

Spearman with 90 health has a 18 total attack points, and attacks Archer with 75 health who has 10 total armour points.
Archer now has 67 health remaining

Footman with 94 health has a 17 total attack points, and attacks Spearman with 86 health who has 10 total armour points.
Spearman now has 79 health remaining

Knight with 83 health has a 22 total attack points, and attacks Raider with 96 health who has 13 total armour points.
Raider now has 87 health remaining

Archer with 82 health has a 18 total attack points, and attacks Ranged with 78 health who has 10 total armour points.
Ranged now has 70 health remaining

Archer with 82 health has a 18 total attack points, and attacks Grunt with 86 health who has 11 total armour points.
Grunt now has 79 health remaining

Knight with 82 health has a 26 total attack points, and attacks Raider with 100 health who has 13 total armour points.
Raider now has 87 health remaining

Archer with 86 health has a 18 total attack points, and attacks Grunt with 100 health who has 11 total armour points.
Grunt now has 93 health remaining

Archer with 79 health has a 18 total attack points, and attacks Ranged with 100 health who has 14 total armour points.
Ranged now has 96 health remaining

Knight with 82 health has a 22 total attack points, and attacks Spearman with 97 health who has 12 total armour points.
Spearman now has 87 health remaining

Footman with 93 health has a 17 total attack points, and attacks Grunt with 86 health who has 11 total armour points.
Grunt now has 80 health remaining

Footman with 93 health has a 17 total attack points, and attacks Ranged with 97 health who has 12 total armour points.
Ranged now has 92 health remaining

Ranged with 82 health has a 18 total attack points, and attacks Archer with 100 health who has 14 total armour points.
Archer now has 96 health remaining

Raider with 95 health has a 22 total attack points, and attacks Archer with 82 health who has 10 total armour points.
Archer now has 70 health remaining

Knight with 95 health has a 22 total attack points, and attacks Ranged with 100 health who has 14 total armour points.
Ranged now has 92 health remaining

Grunt with 93 health has a 17 total attack points, and attacks Archer with 92 health who has 12 total armour points.
Archer now has 87 health remaining

Raider with 96 health has a 22 total attack points, and attacks Knight with 91 health who has 13 total armour points.
Knight now has 82 health remaining

Grunt with 80 health has a 17 total attack points, and attacks Archer with 97 health who has 12 total armour points.
Archer now has 92 health remaining

Footman with 76 health has a 17 total attack points, and attacks Raider with 90 health who has 13 total armour points.
Raider now has 86 health remaining

Knight with 96 health has a 22 total attack points, and attacks Grunt with 80 health who has 11 total armour points.
Grunt now has 69 health remaining

Raider with 91 health has a 22 total attack points, and attacks Archer with 88 health who has 12 total armour points.
Archer now has 78 health remaining

Knight with 100 health has a 22 total attack points, and attacks Spearman with 87 health who has 10 total armour points.
Spearman now has 75 health remaining

Ranged with 96 health has a 18 total attack points, and attacks Archer with 96 health who has 12 total armour points.
Archer now has 90 health remaining

Ranged with 97 health has a 18 total attack points, and attacks Knight with 95 health who has 13 total armour points.
Knight now has 90 health remaining

Archer with 90 health has a 18 total attack points, and attacks Grunt with 93 health who has 11 total armour points.
Grunt now has 86 health remaining

Ranged with 90 health has a 18 total attack points, and attacks Archer with 96 health who has 12 total armour points.
Archer now has 90 health remaining

Footman with 87 health has a 17 total attack points, and attacks Spearman with 96 health who has 12 total armour points.
Spearman now has 91 health remaining

Raider with 87 health has a 22 total attack points, and attacks Footman with 82 health who has 11 total armour points.
Footman now has 71 health remaining

Grunt with 68 health has a 17 total attack points, and attacks Archer with 56 health who has 10 total armour points.
Archer now has 49 health remaining

Archer with 91 health has a 18 total attack points, and attacks Grunt with 80 health who has 11 total armour points.
Grunt now has 73 health remaining

Archer with 42 health has a 18 total attack points, and attacks Grunt with 78 health who has 11 total armour points.
Grunt now has 71 health remaining

Footman with 100 health has a 17 total attack points, and attacks Grunt with 87 health who has 11 total armour points.
Grunt now has 81 health remaining

Knight with 87 health has a 22 total attack points, and attacks Spearman with 90 health who has 10 total armour points.
Spearman now has 78 health remaining

Spearman with 70 health has a 18 total attack points, and attacks Knight with 100 health who has 13 total armour points.
Knight now has 95 health remaining

Spearman with 74 health has a 18 total attack points, and attacks Archer with 88 health who has 12 total armour points.
Archer now has 82 health remaining

Footman with 88 health has a 17 total attack points, and attacks Raider with 81 health who has 13 total armour points.
Raider now has 77 health remaining

Knight with 80 health has a 22 total attack points, and attacks Spearman with 97 health who has 12 total armour points.
Spearman now has 87 health remaining

Archer with 91 health has a 18 total attack points, and attacks Ranged with 92 health who has 12 total armour points.
Ranged now has 86 health remaining

Knight with 87 health has a 22 total attack points, and attacks Spearman with 96 health who has 12 total armour points.
Spearman now has 86 health remaining

Raider with 96 health has a 22 total attack points, and attacks Footman with 93 health who has 11 total armour points.
Footman now has 82 health remaining

Ranged with 96 health has a 18 total attack points, and attacks Archer with 78 health who has 10 total armour points.
Archer now has 70 health remaining

Grunt with 76 health has a 17 total attack points, and attacks Footman with 82 health who has 11 total armour points.
Footman now has 76 health remaining

Spearman with 82 health has a 18 total attack points, and attacks Archer with 79 health who has 10 total armour points.
Archer now has 71 health remaining

Grunt with 64 health has a 17 total attack points, and attacks Archer with 37 health who has 10 total armour points.
Archer now has 30 health remaining

Grunt with 100 health has a 17 total attack points, and attacks Footman with 77 health who has 11 total armour points.
Footman now has 71 health remaining

Knight with 73 health has a 22 total attack points, and attacks Grunt with 80 health who has 11 total armour points.
Grunt now has 69 health remaining

Knight with 77 health has a 26 total attack points, and attacks Spearman with 82 health who has 10 total armour points.
Spearman now has 66 health remaining

Knight with 95 health has a 22 total attack points, and attacks Spearman with 66 health who has 10 total armour points.
Spearman now has 54 health remaining

Archer with 82 health has a 18 total attack points, and attacks Ranged with 92 health who has 12 total armour points.
Ranged now has 86 health remaining

Knight with 91 health has a 26 total attack points, and attacks Grunt with 94 health who has 11 total armour points.
Grunt now has 79 health remaining

Ranged with 97 health has a 18 total attack points, and attacks Archer with 92 health who has 12 total armour points.
Archer now has 86 health remaining

Spearman with 82 health has a 18 total attack points, and attacks Archer with 70 health who has 10 total armour points.
Archer now has 62 health remaining

Spearman with 90 health has a 18 total attack points, and attacks Archer with 82 health who has 10 total armour points.
Archer now has 74 health remaining

Footman with 72 health has a 17 total attack points, and attacks Raider with 87 health who has 13 total armour points.
Raider now has 83 health remaining

Footman with 66 health has a 17 total attack points, and attacks Spearman with 79 health who has 10 total armour points.
Spearman now has 72 health remaining

Ranged with 82 health has a 18 total attack points, and attacks Footman with 100 health who has 11 total armour points.
Footman now has 93 health remaining

Knight with 95 health has a 22 total attack points, and attacks Spearman with 96 health who has 12 total armour points.
Spearman now has 86 health remaining

Spearman with 83 health has a 18 total attack points, and attacks Archer with 100 health who has 14 total armour points.
Archer now has 96 health remaining

Ranged with 96 health has a 18 total attack points, and attacks Footman with 94 health who has 11 total armour points.
Footman now has 87 health remaining

Knight with 95 health has a 22 total attack points, and attacks Ranged with 88 health who has 12 total armour points.
Ranged now has 78 health remaining

Raider with 100 health has a 22 total attack points, and attacks Archer with 82 health who has 10 total armour points.
Archer now has 70 health remaining

Knight with 82 health has a 22 total attack points, and attacks Raider with 100 health who has 13 total armour points.
Raider now has 91 health remaining

Grunt with 79 health has a 17 total attack points, and attacks Footman with 94 health who has 11 total armour points.
Footman now has 88 health remaining

Footman with 82 health has a 17 total attack points, and attacks Spearman with 88 health who has 12 total armour points.
Spearman now has 83 health remaining

Archer with 100 health has a 18 total attack points, and attacks Spearman with 90 health who has 10 total armour points.
Spearman now has 82 health remaining

Knight with 86 health has a 22 total attack points, and attacks Ranged with 100 health who has 14 total armour points.
Ranged now has 92 health remaining

Spearman with 97 health has a 18 total attack points, and attacks Archer with 96 health who has 12 total armour points.
Archer now has 90 health remaining

Grunt with 82 health has a 17 total attack points, and attacks Knight with 96 health who has 13 total armour points.
Knight now has 92 health remaining

Ranged with 96 health has a 18 total attack points, and attacks Archer with 96 health who has 12 total armour points.
Archer now has 90 health remaining

Archer with 96 health has a 18 total attack points, and attacks Ranged with 78 health who has 10 total armour points.
Ranged now has 70 health remaining

Footman with 100 health has a 17 total attack points, and attacks Spearman with 92 health who has 12 total armour points.
Spearman now has 87 health remaining

Archer with 84 health has a 18 total attack points, and attacks Raider with 96 health who has 13 total armour points.
Raider now has 91 health remaining

Grunt with 83 health has a 17 total attack points, and attacks Footman with 78 health who has 11 total armour points.
Footman now has 72 health remaining

Archer with 92 health has a 18 total attack points, and attacks Grunt with 86 health who has 11 total armour points.
Grunt now has 79 health remaining

Knight with 90 health has a 22 total attack points, and attacks Ranged with 92 health who has 10 total armour points.
Ranged now has 80 health remaining

Archer with 49 health has a 18 total attack points, and attacks Spearman with 100 health who has 14 total armour points.
Spearman now has 96 health remaining

Grunt with 83 health has a 17 total attack points, and attacks Footman with 82 health who has 11 total armour points.
Footman now has 76 health remaining

Raider with 65 health has a 22 total attack points, and attacks Archer with 100 health who has 14 total armour points.
Archer now has 92 health remaining

Grunt with 93 health has a 17 total attack points, and attacks Archer with 92 health who has 12 total armour points.
Archer now has 87 health remaining

Ranged with 90 health has a 18 total attack points, and attacks Archer with 100 health who has 14 total armour points.
Archer now has 96 health remaining

Grunt with 87 health has a 17 total attack points, and attacks Archer with 100 health who has 14 total armour points.
Archer now has 97 health remaining

Ranged with 90 health has a 18 total attack points, and attacks Footman with 72 health who has 11 total armour points.
Footman now has 65 health remaining

Knight with 78 health has a 22 total attack points, and attacks Raider with 65 health who has 13 total armour points.
Raider now has 56 health remaining

Ranged with 78 health has a 18 total attack points, and attacks Knight with 100 health who has 13 total armour points.
Knight now has 95 health remaining

Ranged with 82 health has a 18 total attack points, and attacks Archer with 96 health who has 12 total armour points.
Archer now has 90 health remaining

Archer with 86 health has a 18 total attack points, and attacks Ranged with 92 health who has 12 total armour points.
Ranged now has 86 health remaining

Raider with 100 health has a 22 total attack points, and attacks Knight with 73 health who has 13 total armour points.
Knight now has 64 health remaining

Knight with 95 health has a 22 total attack points, and attacks Ranged with 80 health who has 10 total armour points.
Ranged now has 68 health remaining

Spearman with 91 health has a 18 total attack points, and attacks Archer with 91 health who has 10 total armour points.
Archer now has 83 health remaining

Raider with 80 health has a 22 total attack points, and attacks Archer with 90 health who has 10 total armour points.
Archer now has 78 health remaining

Footman with 64 health has a 17 total attack points, and attacks Grunt with 94 health who has 11 total armour points.
Grunt now has 88 health remaining

Archer with 100 health has a 18 total attack points, and attacks Grunt with 82 health who has 11 total armour points.
Grunt now has 75 health remaining

Spearman with 96 health has a 18 total attack points, and attacks Knight with 91 health who has 13 total armour points.
Knight now has 86 health remaining

Spearman with 90 health has a 18 total attack points, and attacks Knight with 82 health who has 13 total armour points.
Knight now has 77 health remaining

Raider with 100 health has a 22 total attack points, and attacks Knight with 91 health who has 13 total armour points.
Knight now has 82 health remaining

Archer with 90 health has a 18 total attack points, and attacks Ranged with 97 health who has 12 total armour points.
Ranged now has 91 health remaining

Knight with 82 health has a 22 total attack points, and attacks Spearman with 100 health who has 14 total armour points.
Spearman now has 92 health remaining

Footman with 64 health has a 17 total attack points, and attacks Grunt with 100 health who has 11 total armour points.
Grunt now has 94 health remaining

Grunt with 78 health has a 17 total attack points, and attacks Knight with 100 health who has 13 total armour points.
Knight now has 96 health remaining

Knight with 100 health has a 26 total attack points, and attacks Raider with 90 health who has 13 total armour points.
Raider now has 77 health remaining

Spearman with 82 health has a 18 total attack points, and attacks Archer with 79 health who has 10 total armour points.
Archer now has 71 health remaining

Ranged with 96 health has a 18 total attack points, and attacks Knight with 96 health who has 13 total armour points.
Knight now has 91 health remaining

Knight with 100 health has a 22 total attack points, and attacks Spearman with 90 health who has 10 total armour points.
Spearman now has 78 health remaining

Raider with 83 health has a 22 total attack points, and attacks Knight with 95 health who has 13 total armour points.
Knight now has 86 health remaining

Footman with 93 health has a 17 total attack points, and attacks Spearman with 74 health who has 10 total armour points.
Spearman now has 67 health remaining

Grunt with 60 health has a 17 total attack points, and attacks Footman with 100 health who has 11 total armour points.
Footman now has 94 health remaining

Archer with 92 health has a 18 total attack points, and attacks Spearman with 90 health who has 10 total armour points.
Spearman now has 82 health remaining

Archer with 100 health has a 18 total attack points, and attacks Grunt with 87 health who has 11 total armour points.
Grunt now has 80 health remaining

Archer with 90 health has a 18 total attack points, and attacks Spearman with 96 health who has 12 total armour points.
Spearman now has 90 health remaining

Archer with 96 health has a 18 total attack points, and attacks Grunt with 79 health who has 11 total armour points.
Grunt now has 72 health remaining

Ranged with 96 health has a 18 total attack points, and attacks Archer with 96 health who has 12 total armour points.
Archer now has 90 health remaining

Archer with 82 health has a 18 total attack points, and attacks Raider with 100 health who has 13 total armour points.
Raider now has 95 health remaining

Spearman with 91 health has a 18 total attack points, and attacks Footman with 80 health who has 11 total armour points.
Footman now has 73 health remaining

Knight with 82 health has a 22 total attack points, and attacks Ranged with 100 health who has 14 total armour points.
Ranged now has 92 health remaining

Grunt with 86 health has a 17 total attack points, and attacks Archer with 78 health who has 10 total armour points.
Archer now has 71 health remaining

Raider with 78 health has a 22 total attack points, and attacks Footman with 93 health who has 11 total armour points.
Footman now has 82 health remaining

Raider with 100 health has a 22 total attack points, and attacks Archer with 100 health who has 14 total armour points.
Archer now has 92 health remaining

Spearman with 91 health has a 18 total attack points, and attacks Knight with 90 health who has 13 total armour points.
Knight now has 85 health remaining

Footman with 93 health has a 17 total attack points, and attacks Spearman with 83 health who has 10 total armour points.
Spearman now has 76 health remaining

Archer with 62 health has a 18 total attack points, and attacks Grunt with 94 health who has 11 total armour points.
Grunt now has 87 health remaining

Footman with 82 health has a 17 total attack points, and attacks Ranged with 97 health who has 12 total armour points.
Ranged now has 92 health remaining

Grunt with 78 health has a 17 total attack points, and attacks Footman with 82 health who has 11 total armour points.
Footman now has 76 health remaining

Knight with 92 health has a 22 total attack points, and attacks Grunt with 68 health who has 11 total armour points.
Grunt now has 57 health remaining

Archer with 90 health has a 18 total attack points, and attacks Ranged with 96 health who has 12 total armour points.
Ranged now has 90 health remaining

Grunt with 79 health has a 17 total attack points, and attacks Footman with 72 health who has 11 total armour points.
Footman now has 66 health remaining

Archer with 96 health has a 18 total attack points, and attacks Raider with 100 health who has 13 total armour points.
Raider now has 95 health remaining

Raider with 95 health has a 22 total attack points, and attacks Archer with 66 health who has 10 total armour points.
Archer now has 54 health remaining

Ranged with 97 health has a 18 total attack points, and attacks Archer with 79 health who has 10 total armour points.
Archer now has 71 health remaining

Knight with 87 health has a 22 total attack points, and attacks Grunt with 72 health who has 11 total armour points.
Grunt now has 61 health remaining

Spearman with 83 health has a 18 total attack points, and attacks Archer with 42 health who has 10 total armour points.
Archer now has 34 health remaining

Footman with 94 health has a 17 total attack points, and attacks Raider with 96 health who has 13 total armour points.
Raider now has 92 health remaining

Raider with 78 health has a 22 total attack points, and attacks Archer with 100 health who has 14 total armour points.
Archer now has 92 health remaining

Spearman with 87 health has a 18 total attack points, and attacks Archer with 79 health who has 10 total armour points.
Archer now has 71 health remaining

Archer with 96 health has a 18 total attack points, and attacks Grunt with 94 health who has 11 total armour points.
Grunt now has 87 health remaining

Spearman with 82 health has a 18 total attack points, and attacks Footman with 76 health who has 11 total armour points.
Footman now has 69 health remaining

Knight with 77 health has a 22 total attack points, and attacks Raider with 72 health who has 13 total armour points.
Raider now has 63 health remaining

Knight with 100 health has a 22 total attack points, and attacks Raider with 87 health who has 13 total armour points.
Raider now has 78 health remaining

Spearman with 82 health has a 18 total attack points, and attacks Knight with 82 health who has 13 total armour points.
Knight now has 77 health remaining

Knight with 85 health has a 22 total attack points, and attacks Spearman with 90 health who has 10 total armour points.
Spearman now has 78 health remaining

Knight with 87 health has a 26 total attack points, and attacks Spearman with 82 health who has 10 total armour points.
Spearman now has 66 health remaining

Grunt with 82 health has a 17 total attack points, and attacks Footman with 87 health who has 11 total armour points.
Footman now has 81 health remaining

Spearman with 96 health has a 18 total attack points, and attacks Footman with 93 health who has 11 total armour points.
Footman now has 86 health remaining

Knight with 95 health has a 22 total attack points, and attacks Grunt with 79 health who has 11 total armour points.
Grunt now has 68 health remaining

Archer with 90 health has a 18 total attack points, and attacks Grunt with 80 health who has 11 total armour points.
Grunt now has 73 health remaining

Archer with 96 health has a 18 total attack points, and attacks Raider with 95 health who has 13 total armour points.
Raider now has 90 health remaining

Archer with 54 health has a 18 total attack points, and attacks Spearman with 75 health who has 10 total armour points.
Spearman now has 67 health remaining

Ranged with 91 health has a 18 total attack points, and attacks Archer with 71 health who has 10 total armour points.
Archer now has 63 health remaining

Archer with 83 health has a 18 total attack points, and attacks Ranged with 78 health who has 10 total armour points.
Ranged now has 70 health remaining

Grunt with 86 health has a 17 total attack points, and attacks Archer with 54 health who has 10 total armour points.
Archer now has 47 health remaining

Archer with 76 health has a 18 total attack points, and attacks Raider with 77 health who has 13 total armour points.
Raider now has 72 health remaining

Knight with 87 health has a 22 total attack points, and attacks Spearman with 96 health who has 12 total armour points.
Spearman now has 86 health remaining

Archer with 90 health has a 18 total attack points, and attacks Grunt with 93 health who has 11 total armour points.
Grunt now has 86 health remaining

Raider with 56 health has a 22 total attack points, and attacks Archer with 75 health who has 10 total armour points.
Archer now has 63 health remaining

Grunt with 93 health has a 17 total attack points, and attacks Knight with 69 health who has 13 total armour points.
Knight now has 65 health remaining

Knight with 86 health has a 22 total attack points, and attacks Spearman with 96 health who has 12 total armour points.
Spearman now has 86 health remaining

Knight with 86 health has a 22 total attack points, and attacks Ranged with 82 health who has 10 total armour points.
Ranged now has 70 health remaining

Spearman with 100 health has a 18 total attack points, and attacks Archer with 90 health who has 10 total armour points.
Archer now has 82 health remaining

Raider with 87 health has a 22 total attack points, and attacks Knight with 82 health who has 13 total armour points.
Knight now has 73 health remaining

Raider with 90 health has a 22 total attack points, and attacks Archer with 84 health who has 10 total armour points.
Archer now has 72 health remaining

Raider with 95 health has a 22 total attack points, and attacks Archer with 83 health who has 12 total armour points.
Archer now has 73 health remaining

Footman with 78 health has a 17 total attack points, and attacks Raider with 96 health who has 13 total armour points.
Raider now has 92 health remaining

Ranged with 70 health has a 18 total attack points, and attacks Footman with 87 health who has 11 total armour points.
Footman now has 80 health remaining

Archer with 66 health has a 18 total attack points, and attacks Ranged with 91 health who has 10 total armour points.
Ranged now has 83 health remaining

Ranged with 91 health has a 18 total attack points, and attacks Archer with 100 health who has 14 total armour points.
Archer now has 96 health remaining

Archer with 90 health has a 18 total attack points, and attacks Ranged with 82 health who has 10 total armour points.
Ranged now has 74 health remaining

Archer with 90 health has a 18 total attack points, and attacks Raider with 95 health who has 13 total armour points.
Raider now has 90 health remaining

Archer with 90 health has a 18 total attack points, and attacks Grunt with 86 health who has 11 total armour points.
Grunt now has 79 health remaining

Knight with 100 health has a 22 total attack points, and attacks Spearman with 84 health who has 10 total armour points.
Spearman now has 72 health remaining

Grunt with 69 health has a 17 total attack points, and attacks Knight with 81 health who has 13 total armour points.
Knight now has 77 health remaining

Footman with 79 health has a 17 total attack points, and attacks Ranged with 86 health who has 10 total armour points.
Ranged now has 79 health remaining

Spearman with 92 health has a 18 total attack points, and attacks Footman with 82 health who has 11 total armour points.
Footman now has 75 health remaining

Archer with 90 health has a 18 total attack points, and attacks Ranged with 96 health who has 12 total armour points.
Ranged now has 90 health remaining

Footman with 93 health has a 17 total attack points, and attacks Raider with 95 health who has 13 total armour points.
Raider now has 91 health remaining

Grunt with 79 health has a 17 total attack points, and attacks Knight with 69 health who has 13 total armour points.
Knight now has 65 health remaining

Footman with 93 health has a 17 total attack points, and attacks Grunt with 71 health who has 11 total armour points.
Grunt now has 65 health remaining

Raider with 100 health has a 26 total attack points, and attacks Knight with 82 health who has 13 total armour points.
Knight now has 69 health remaining

Spearman with 97 health has a 18 total attack points, and attacks Archer with 72 health who has 10 total armour points.
Archer now has 64 health remaining

Raider with 95 health has a 22 total attack points, and attacks Knight with 83 health who has 13 total armour points.
Knight now has 74 health remaining

Raider with 100 health has a 22 total attack points, and attacks Archer with 96 health who has 12 total armour points.
Archer now has 86 health remaining

Footman with 86 health has a 17 total attack points, and attacks Grunt with 72 health who has 11 total armour points.
Grunt now has 66 health remaining

Archer with 83 health has a 18 total attack points, and attacks Raider with 87 health who has 13 total armour points.
Raider now has 82 health remaining

Spearman with 88 health has a 18 total attack points, and attacks Footman with 82 health who has 11 total armour points.
Footman now has 75 health remaining

Footman with 94 health has a 17 total attack points, and attacks Grunt with 100 health who has 11 total armour points.
Grunt now has 94 health remaining

Raider with 91 health has a 22 total attack points, and attacks Footman with 79 health who has 11 total armour points.
Footman now has 68 health remaining

Spearman with 92 health has a 18 total attack points, and attacks Archer with 78 health who has 10 total armour points.
Archer now has 70 health remaining

Spearman with 67 health has a 18 total attack points, and attacks Archer with 97 health who has 12 total armour points.
Archer now has 91 health remaining

Grunt with 83 health has a 17 total attack points, and attacks Archer with 90 health who has 10 total armour points.
Archer now has 83 health remaining

Raider with 96 health has a 22 total attack points, and attacks Archer with 83 health who has 10 total armour points.
Archer now has 71 health remaining

Ranged with 92 health has a 18 total attack points, and attacks Footman with 78 health who has 11 total armour points.
Footman now has 71 health remaining

Archer with 100 health has a 18 total attack points, and attacks Grunt with 82 health who has 11 total armour points.
Grunt now has 75 health remaining

Archer with 71 health has a 18 total attack points, and attacks Grunt with 69 health who has 11 total armour points.
Grunt now has 62 health remaining

Grunt with 86 health has a 17 total attack points, and attacks Knight with 87 health who has 13 total armour points.
Knight now has 83 health remaining

Ranged with 100 health has a 18 total attack points, and attacks Archer with 96 health who has 12 total armour points.
Archer now has 90 health remaining

Knight with 96 health has a 22 total attack points, and attacks Raider with 100 health who has 13 total armour points.
Raider now has 91 health remaining

Spearman with 75 health has a 18 total attack points, and attacks Archer with 100 health who has 14 total armour points.
Archer now has 96 health remaining

Ranged with 100 health has a 18 total attack points, and attacks Archer with 96 health who has 12 total armour points.
Archer now has 90 health remaining

Raider with 95 health has a 22 total attack points, and attacks Archer with 97 health who has 12 total armour points.
Archer now has 87 health remaining

Ranged with 91 health has a 18 total attack points, and attacks Archer with 97 health who has 12 total armour points.
Archer now has 91 health remaining

Archer with 96 health has a 18 total attack points, and attacks Spearman with 90 health who has 10 total armour points.
Spearman now has 82 health remaining

Archer with 82 health has a 18 total attack points, and attacks Grunt with 100 health who has 11 total armour points.
Grunt now has 93 health remaining

Grunt with 83 health has a 17 total attack points, and attacks Footman with 78 health who has 11 total armour points.
Footman now has 72 health remaining

Archer with 87 health has a 18 total attack points, and attacks Ranged with 92 health who has 12 total armour points.
Ranged now has 86 health remaining

Footman with 76 health has a 17 total attack points, and attacks Ranged with 78 health who has 10 total armour points.
Ranged now has 71 health remaining

Footman with 93 health has a 17 total attack points, and attacks Ranged with 100 health who has 14 total armour points.
Ranged now has 97 health remaining

Archer with 97 health has a 18 total attack points, and attacks Ranged with 71 health who has 10 total armour points.
Ranged now has 63 health remaining

Ranged with 82 health has a 18 total attack points, and attacks Archer with 82 health who has 10 total armour points.
Archer now has 74 health remaining

Knight with 100 health has a 26 total attack points, and attacks Grunt with 64 health who has 11 total armour points.
Grunt now has 49 health remaining

Archer with 92 health has a 18 total attack points, and attacks Grunt with 94 health who has 11 total armour points.
Grunt now has 87 health remaining

Spearman with 90 health has a 18 total attack points, and attacks Archer with 96 health who has 12 total armour points.
Archer now has 90 health remaining

Spearman with 84 health has a 18 total attack points, and attacks Archer with 100 health who has 14 total armour points.
Archer now has 96 health remaining

Spearman with 76 health has a 18 total attack points, and attacks Archer with 96 health who has 12 total armour points.
Archer now has 90 health remaining

Ranged with 74 health has a 18 total attack points, and attacks Archer with 96 health who has 12 total armour points.
Archer now has 90 health remaining

Footman with 75 health has a 17 total attack points, and attacks Raider with 91 health who has 13 total armour points.
Raider now has 87 health remaining

Raider with 87 health has a 22 total attack points, and attacks Footman with 100 health who has 11 total armour points.
Footman now has 89 health remaining

Ranged with 66 health has a 18 total attack points, and attacks Knight with 90 health who has 13 total armour points.
Knight now has 85 health remaining

Archer with 100 health has a 18 total attack points, and attacks Ranged with 84 health who has 10 total armour points.
Ranged now has 76 health remaining

Footman with 82 health has a 17 total attack points, and attacks Spearman with 86 health who has 10 total armour points.
Spearman now has 79 health remaining

Footman with 75 health has a 17 total attack points, and attacks Raider with 100 health who has 13 total armour points.
Raider now has 96 health remaining

Ranged with 70 health has a 18 total attack points, and attacks Archer with 96 health who has 12 total armour points.
Archer now has 90 health remaining

Footman with 93 health has a 17 total attack points, and attacks Ranged with 90 health who has 10 total armour points.
Ranged now has 83 health remaining

Footman with 79 health has a 17 total attack points, and attacks Spearman with 91 health who has 10 total armour points.
Spearman now has 84 health remaining

Archer with 90 health has a 18 total attack points, and attacks Raider with 90 health who has 13 total armour points.
Raider now has 85 health remaining

Raider with 73 health has a 22 total attack points, and attacks Archer with 82 health who has 10 total armour points.
Archer now has 70 health remaining

Raider with 87 health has a 22 total attack points, and attacks Archer with 100 health who has 14 total armour points.
Archer now has 92 health remaining

Grunt with 67 health has a 17 total attack points, and attacks Knight with 86 health who has 13 total armour points.
Knight now has 82 health remaining

Ranged with 92 health has a 18 total attack points, and attacks Footman with 66 health who has 11 total armour points.
Footman now has 59 health remaining

Raider with 100 health has a 22 total attack points, and attacks Archer with 97 health who has 12 total armour points.
Archer now has 87 health remaining

Footman with 89 health has a 17 total attack points, and attacks Ranged with 75 health who has 10 total armour points.
Ranged now has 68 health remaining

Knight with 77 health has a 22 total attack points, and attacks Ranged with 82 health who has 10 total armour points.
Ranged now has 70 health remaining

Raider with 82 health has a 22 total attack points, and attacks Footman with 75 health who has 11 total armour points.
Footman now has 64 health remaining

Footman with 65 health has a 17 total attack points, and attacks Raider with 72 health who has 13 total armour points.
Raider now has 68 health remaining

Archer with 74 health has a 18 total attack points, and attacks Ranged with 97 health who has 12 total armour points.
Ranged now has 91 health remaining

Spearman with 67 health has a 18 total attack points, and attacks Archer with 96 health who has 12 total armour points.
Archer now has 90 health remaining

Footman with 85 health has a 17 total attack points, and attacks Raider with 88 health who has 13 total armour points.
Raider now has 84 health remaining

Raider with 69 health has a 22 total attack points, and attacks Footman with 93 health who has 11 total armour points.
Footman now has 82 health remaining

Knight with 68 health has a 22 total attack points, and attacks Grunt with 87 health who has 11 total armour points.
Grunt now has 76 health remaining

Spearman with 100 health has a 18 total attack points, and attacks Knight with 77 health who has 13 total armour points.
Knight now has 72 health remaining

Archer with 90 health has a 18 total attack points, and attacks Spearman with 87 health who has 10 total armour points.
Spearman now has 79 health remaining

Raider with 95 health has a 22 total attack points, and attacks Knight with 96 health who has 13 total armour points.
Knight now has 87 health remaining

Grunt with 87 health has a 17 total attack points, and attacks Archer with 100 health who has 14 total armour points.
Archer now has 97 health remaining

Spearman with 96 health has a 18 total attack points, and attacks Footman with 80 health who has 11 total armour points.
Footman now has 73 health remaining

Archer with 86 health has a 18 total attack points, and attacks Raider with 100 health who has 13 total armour points.
Raider now has 95 health remaining

Archer with 70 health has a 18 total attack points, and attacks Raider with 90 health who has 13 total armour points.
Raider now has 85 health remaining

Archer with 86 health has a 18 total attack points, and attacks Spearman with 72 health who has 10 total armour points.
Spearman now has 64 health remaining

Ranged with 100 health has a 18 total attack points, and attacks Archer with 100 health who has 14 total armour points.
Archer now has 96 health remaining

Knight with 100 health has a 26 total attack points, and attacks Spearman with 79 health who has 10 total armour points.
Spearman now has 63 health remaining

Knight with 77 health has a 26 total attack points, and attacks Grunt with 67 health who has 11 total armour points.
Grunt now has 52 health remaining

Ranged with 92 health has a 18 total attack points, and attacks Knight with 78 health who has 13 total armour points.
Knight now has 73 health remaining

Raider with 85 health has a 26 total attack points, and attacks Archer with 47 health who has 10 total armour points.
Archer now has 31 health remaining

Raider with 100 health has a 22 total attack points, and attacks Knight with 100 health who has 13 total armour points.
Knight now has 91 health remaining

Raider with 86 health has a 22 total attack points, and attacks Footman with 93 health who has 11 total armour points.
Footman now has 82 health remaining

Ranged with 90 health has a 18 total attack points, and attacks Archer with 96 health who has 12 total armour points.
Archer now has 90 health remaining

Knight with 92 health has a 22 total attack points, and attacks Raider with 90 health who has 13 total armour points.
Raider now has 81 health remaining

Grunt with 93 health has a 17 total attack points, and attacks Archer with 100 health who has 14 total armour points.
Archer now has 97 health remaining

Raider with 87 health has a 22 total attack points, and attacks Archer with 100 health who has 14 total armour points.
Archer now has 92 health remaining

Raider with 81 health has a 22 total attack points, and attacks Archer with 70 health who has 10 total armour points.
Archer now has 58 health remaining

Grunt with 86 health has a 17 total attack points, and attacks Archer with 100 health who has 14 total armour points.
Archer now has 97 health remaining

Raider with 91 health has a 22 total attack points, and attacks Archer with 96 health who has 12 total armour points.
Archer now has 86 health remaining

Footman with 64 health has a 17 total attack points, and attacks Raider with 73 health who has 13 total armour points.
Raider now has 69 health remaining

Footman with 88 health has a 17 total attack points, and attacks Ranged with 90 health who has 10 total armour points.
Ranged now has 83 health remaining

Grunt with 81 health has a 17 total attack points, and attacks Archer with 86 health who has 10 total armour points.
Archer now has 79 health remaining

Spearman with 84 health has a 18 total attack points, and attacks Archer with 91 health who has 10 total armour points.
Archer now has 83 health remaining

Knight with 68 health has a 22 total attack points, and attacks Ranged with 79 health who has 10 total armour points.
Ranged now has 67 health remaining

Ranged with 70 health has a 18 total attack points, and attacks Archer with 82 health who has 10 total armour points.
Archer now has 74 health remaining

Archer with 64 health has a 18 total attack points, and attacks Ranged with 70 health who has 10 total armour points.
Ranged now has 62 health remaining

Grunt with 88 health has a 17 total attack points, and attacks Archer with 90 health who has 10 total armour points.
Archer now has 83 health remaining

Archer with 90 health has a 18 total attack points, and attacks Ranged with 91 health who has 10 total armour points.
Ranged now has 83 health remaining

Raider with 96 health has a 22 total attack points, and attacks Knight with 91 health who has 13 total armour points.
Knight now has 82 health remaining

Grunt with 49 health has a 17 total attack points, and attacks Knight with 95 health who has 13 total armour points.
Knight now has 91 health remaining

Archer with 30 health has a 18 total attack points, and attacks Spearman with 92 health who has 12 total armour points.
Spearman now has 86 health remaining

Archer with 96 health has a 18 total attack points, and attacks Spearman with 100 health who has 14 total armour points.
Spearman now has 96 health remaining

Grunt with 66 health has a 17 total attack points, and attacks Footman with 74 health who has 11 total armour points.
Footman now has 68 health remaining

Grunt with 78 health has a 17 total attack points, and attacks Footman with 75 health who has 11 total armour points.
Footman now has 69 health remaining

Archer with 92 health has a 18 total attack points, and attacks Grunt with 93 health who has 11 total armour points.
Grunt now has 86 health remaining

Grunt with 69 health has a 17 total attack points, and attacks Footman with 72 health who has 11 total armour points.
Footman now has 66 health remaining

Grunt with 93 health has a 17 total attack points, and attacks Footman with 82 health who has 11 total armour points.
Footman now has 76 health remaining

Archer with 62 health has a 18 total attack points, and attacks Raider with 86 health who has 13 total armour points.
Raider now has 81 health remaining

Grunt with 93 health has a 17 total attack points, and attacks Archer with 91 health who has 10 total armour points.
Archer now has 84 health remaining

Raider with 95 health has a 22 total attack points, and attacks Archer with 96 health who has 12 total armour points.
Archer now has 86 health remaining

Footman with 86 health has a 17 total attack points, and attacks Grunt with 66 health who has 11 total armour points.
Grunt now has 60 health remaining

Spearman with 97 health has a 18 total attack points, and attacks Knight with 82 health who has 13 total armour points.
Knight now has 77 health remaining

Archer with 90 health has a 18 total attack points, and attacks Grunt with 83 health who has 11 total armour points.
Grunt now has 76 health remaining

Grunt with 83 health has a 17 total attack points, and attacks Footman with 87 health who has 11 total armour points.
Footman now has 81 health remaining

Ranged with 68 health has a 18 total attack points, and attacks Archer with 90 health who has 10 total armour points.
Archer now has 82 health remaining

Raider with 92 health has a 22 total attack points, and attacks Knight with 82 health who has 13 total armour points.
Knight now has 73 health remaining

Spearman with 76 health has a 18 total attack points, and attacks Archer with 90 health who has 10 total armour points.
Archer now has 82 health remaining

Footman with 76 health has a 17 total attack points, and attacks Spearman with 92 health who has 10 total armour points.
Spearman now has 85 health remaining

Footman with 65 health has a 17 total attack points, and attacks Ranged with 97 health who has 12 total armour points.
Ranged now has 92 health remaining

Knight with 95 health has a 22 total attack points, and attacks Spearman with 86 health who has 10 total armour points.
Spearman now has 74 health remaining

Footman with 93 health has a 17 total attack points, and attacks Grunt with 76 health who has 11 total armour points.
Grunt now has 70 health remaining

Raider with 96 health has a 22 total attack points, and attacks Archer with 83 health who has 10 total armour points.
Archer now has 71 health remaining

Raider with 100 health has a 22 total attack points, and attacks Archer with 96 health who has 12 total armour points.
Archer now has 86 health remaining

Grunt with 94 health has a 17 total attack points, and attacks Archer with 71 health who has 10 total armour points.
Archer now has 64 health remaining

Spearman with 91 health has a 18 total attack points, and attacks Footman with 72 health who has 11 total armour points.
Footman now has 65 health remaining

Ranged with 92 health has a 18 total attack points, and attacks Footman with 100 health who has 11 total armour points.
Footman now has 93 health remaining

Raider with 83 health has a 26 total attack points, and attacks Archer with 97 health who has 12 total armour points.
Archer now has 83 health remaining

Footman with 93 health has a 17 total attack points, and attacks Ranged with 79 health who has 10 total armour points.
Ranged now has 72 health remaining

Archer with 90 health has a 18 total attack points, and attacks Ranged with 96 health who has 12 total armour points.
Ranged now has 90 health remaining

Footman with 65 health has a 17 total attack points, and attacks Spearman with 86 health who has 10 total armour points.
Spearman now has 79 health remaining

Spearman with 84 health has a 18 total attack points, and attacks Knight with 86 health who has 13 total armour points.
Knight now has 81 health remaining

Ranged with 100 health has a 18 total attack points, and attacks Archer with 100 health who has 14 total armour points.
Archer now has 96 health remaining

Footman with 79 health has a 17 total attack points, and attacks Spearman with 78 health who has 10 total armour points.
Spearman now has 71 health remaining

Ranged with 79 health has a 18 total attack points, and attacks Footman with 76 health who has 11 total armour points.
Footman now has 69 health remaining

Archer with 31 health has a 18 total attack points, and attacks Spearman with 78 health who has 10 total armour points.
Spearman now has 70 health remaining

Ranged with 90 health has a 18 total attack points, and attacks Knight with 85 health who has 13 total armour points.
Knight now has 80 health remaining

Spearman with 88 health has a 18 total attack points, and attacks Archer with 86 health who has 10 total armour points.
Archer now has 78 health remaining

Spearman with 78 health has a 18 total attack points, and attacks Footman with 89 health who has 11 total armour points.
Footman now has 82 health remaining

Spearman with 84 health has a 18 total attack points, and attacks Footman with 86 health who has 11 total armour points.
Footman now has 79 health remaining

Grunt with 62 health has a 17 total attack points, and attacks Archer with 90 health who has 10 total armour points.
Archer now has 83 health remaining

Spearman with 82 health has a 18 total attack points, and attacks Archer with 83 health who has 10 total armour points.
Archer now has 75 health remaining

Archer with 84 health has a 18 total attack points, and attacks Spearman with 92 health who has 12 total armour points.
Spearman now has 86 health remaining

Footman with 89 health has a 17 total attack points, and attacks Spearman with 96 health who has 12 total armour points.
Spearman now has 91 health remaining

Archer with 74 health has a 18 total attack points, and attacks Grunt with 79 health who has 11 total armour points.
Grunt now has 72 health remaining

Archer with 91 health has a 18 total attack points, and attacks Grunt with 93 health who has 11 total armour points.
Grunt now has 86 health remaining

Spearman with 74 health has a 18 total attack points, and attacks Knight with 87 health who has 13 total armour points.
Knight now has 82 health remaining

Archer with 96 health has a 18 total attack points, and attacks Grunt with 100 health who has 11 total armour points.
Grunt now has 93 health remaining

Footman with 88 health has a 17 total attack points, and attacks Ranged with 68 health who has 10 total armour points.
Ranged now has 61 health remaining

Archer with 92 health has a 18 total attack points, and attacks Ranged with 86 health who has 10 total armour points.
Ranged now has 78 health remaining

Footman with 93 health has a 17 total attack points, and attacks Raider with 86 health who has 13 total armour points.
Raider now has 82 health remaining

Archer with 74 health has a 18 total attack points, and attacks Grunt with 100 health who has 11 total armour points.
Grunt now has 93 health remaining

Archer with 74 health has a 18 total attack points, and attacks Raider with 59 health who has 13 total armour points.
Raider now has 54 health remaining

Archer with 90 health has a 18 total attack points, and attacks Grunt with 82 health who has 11 total armour points.
Grunt now has 75 health remaining

Archer with 90 health has a 18 total attack points, and attacks Spearman with 83 health who has 10 total armour points.
Spearman now has 75 health remaining

Ranged with 100 health has a 18 total attack points, and attacks Knight with 95 health who has 13 total armour points.
Knight now has 90 health remaining

Spearman with 82 health has a 18 total attack points, and attacks Knight with 86 health who has 13 total armour points.
Knight now has 81 health remaining

Knight with 92 health has a 22 total attack points, and attacks Ranged with 90 health who has 10 total armour points.
Ranged now has 78 health remaining

Raider with 77 health has a 22 total attack points, and attacks Knight with 86 health who has 13 total armour points.
Knight now has 77 health remaining

Knight with 100 health has a 26 total attack points, and attacks Spearman with 82 health who has 10 total armour points.
Spearman now has 66 health remaining

Knight with 100 health has a 22 total attack points, and attacks Ranged with 78 health who has 10 total armour points.
Ranged now has 66 health remaining

Footman with 79 health has a 17 total attack points, and attacks Ranged with 68 health who has 10 total armour points.
Ranged now has 61 health remaining

Footman with 82 health has a 17 total attack points, and attacks Raider with 77 health who has 13 total armour points.
Raider now has 73 health remaining

Raider with 78 health has a 22 total attack points, and attacks Archer with 90 health who has 10 total armour points.
Archer now has 78 health remaining

Ranged with 100 health has a 18 total attack points, and attacks Knight with 69 health who has 13 total armour points.
Knight now has 64 health remaining

Ranged with 97 health has a 18 total attack points, and attacks Knight with 65 health who has 13 total armour points.
Knight now has 60 health remaining

Grunt with 93 health has a 17 total attack points, and attacks Knight with 100 health who has 13 total armour points.
Knight now has 96 health remaining

Knight with 95 health has a 26 total attack points, and attacks Spearman with 90 health who has 10 total armour points.
Spearman now has 74 health remaining

Archer with 90 health has a 18 total attack points, and attacks Raider with 87 health who has 13 total armour points.
Raider now has 82 health remaining

Spearman with 71 health has a 18 total attack points, and attacks Archer with 70 health who has 10 total armour points.
Archer now has 62 health remaining

Grunt with 70 health has a 17 total attack points, and attacks Archer with 100 health who has 14 total armour points.
Archer now has 97 health remaining

Footman with 76 health has a 17 total attack points, and attacks Ranged with 75 health who has 10 total armour points.
Ranged now has 68 health remaining

Spearman with 79 health has a 18 total attack points, and attacks Archer with 64 health who has 10 total armour points.
Archer now has 56 health remaining

Ranged with 86 health has a 18 total attack points, and attacks Footman with 89 health who has 11 total armour points.
Footman now has 82 health remaining

Archer with 86 health has a 18 total attack points, and attacks Raider with 76 health who has 13 total armour points.
Raider now has 71 health remaining

Knight with 91 health has a 22 total attack points, and attacks Raider with 100 health who has 13 total armour points.
Raider now has 91 health remaining

Knight with 100 health has a 26 total attack points, and attacks Spearman with 96 health who has 12 total armour points.
Spearman now has 82 health remaining

Footman with 85 health has a 17 total attack points, and attacks Ranged with 67 health who has 10 total armour points.
Ranged now has 60 health remaining

Ranged with 97 health has a 18 total attack points, and attacks Knight with 95 health who has 13 total armour points.
Knight now has 90 health remaining

Raider with 100 health has a 22 total attack points, and attacks Archer with 58 health who has 10 total armour points.
Archer now has 46 health remaining

Knight with 87 health has a 22 total attack points, and attacks Spearman with 83 health who has 10 total armour points.
Spearman now has 71 health remaining

Grunt with 100 health has a 17 total attack points, and attacks Archer with 91 health who has 10 total armour points.
Archer now has 84 health remaining

Knight with 90 health has a 22 total attack points, and attacks Grunt with 62 health who has 11 total armour points.
Grunt now has 51 health remaining

Knight with 64 health has a 22 total attack points, and attacks Raider with 82 health who has 13 total armour points.
Raider now has 73 health remaining

Raider with 86 health has a 22 total attack points, and attacks Knight with 64 health who has 13 total armour points.
Knight now has 55 health remaining

Archer with 100 health has a 18 total attack points, and attacks Spearman with 86 health who has 10 total armour points.
Spearman now has 78 health remaining

Grunt with 57 health has a 17 total attack points, and attacks Archer with 63 health who has 10 total armour points.
Archer now has 56 health remaining

Archer with 90 health has a 18 total attack points, and attacks Ranged with 100 health who has 14 total armour points.
Ranged now has 96 health remaining

Knight with 86 health has a 22 total attack points, and attacks Spearman with 91 health who has 10 total armour points.
Spearman now has 79 health remaining

Spearman with 85 health has a 18 total attack points, and attacks Knight with 96 health who has 13 total armour points.
Knight now has 91 health remaining

Knight with 96 health has a 26 total attack points, and attacks Spearman with 97 health who has 12 total armour points.
Spearman now has 83 health remaining

Knight with 95 health has a 22 total attack points, and attacks Spearman with 70 health who has 10 total armour points.
Spearman now has 58 health remaining

Grunt with 51 health has a 17 total attack points, and attacks Archer with 70 health who has 10 total armour points.
Archer now has 63 health remaining

Footman with 67 health has a 17 total attack points, and attacks Spearman with 83 health who has 10 total armour points.
Spearman now has 76 health remaining

Grunt with 93 health has a 17 total attack points, and attacks Knight with 91 health who has 13 total armour points.
Knight now has 87 health remaining

Knight with 100 health has a 22 total attack points, and attacks Ranged with 83 health who has 10 total armour points.
Ranged now has 71 health remaining

Knight with 82 health has a 22 total attack points, and attacks Spearman with 100 health who has 14 total armour points.
Spearman now has 92 health remaining

Grunt with 79 health has a 17 total attack points, and attacks Footman with 73 health who has 11 total armour points.
Footman now has 67 health remaining

Knight with 82 health has a 22 total attack points, and attacks Grunt with 89 health who has 11 total armour points.
Grunt now has 78 health remaining

Spearman with 74 health has a 18 total attack points, and attacks Footman with 100 health who has 11 total armour points.
Footman now has 93 health remaining

Raider with 100 health has a 22 total attack points, and attacks Archer with 90 health who has 10 total armour points.
Archer now has 78 health remaining

Raider with 85 health has a 26 total attack points, and attacks Knight with 100 health who has 13 total armour points.
Knight now has 87 health remaining

Knight with 77 health has a 22 total attack points, and attacks Grunt with 79 health who has 11 total armour points.
Grunt now has 68 health remaining

Knight with 77 health has a 22 total attack points, and attacks Raider with 95 health who has 13 total armour points.
Raider now has 86 health remaining

Raider with 95 health has a 22 total attack points, and attacks Archer with 67 health who has 10 total armour points.
Archer now has 55 health remaining

Footman with 78 health has a 17 total attack points, and attacks Ranged with 97 health who has 12 total armour points.
Ranged now has 92 health remaining

Footman with 82 health has a 17 total attack points, and attacks Grunt with 75 health who has 11 total armour points.
Grunt now has 69 health remaining

Knight with 95 health has a 22 total attack points, and attacks Grunt with 94 health who has 11 total armour points.
Grunt now has 83 health remaining

Grunt with 100 health has a 17 total attack points, and attacks Archer with 56 health who has 10 total armour points.
Archer now has 49 health remaining

Knight with 100 health has a 26 total attack points, and attacks Raider with 100 health who has 13 total armour points.
Raider now has 87 health remaining

Archer with 74 health has a 18 total attack points, and attacks Grunt with 79 health who has 11 total armour points.
Grunt now has 72 health remaining

Footman with 67 health has a 17 total attack points, and attacks Ranged with 82 health who has 10 total armour points.
Ranged now has 75 health remaining

Ranged with 70 health has a 18 total attack points, and attacks Archer with 74 health who has 10 total armour points.
Archer now has 66 health remaining

Raider with 86 health has a 22 total attack points, and attacks Archer with 78 health who has 10 total armour points.
Archer now has 66 health remaining

Raider with 100 health has a 22 total attack points, and attacks Knight with 64 health who has 13 total armour points.
Knight now has 55 health remaining

Footman with 88 health has a 17 total attack points, and attacks Ranged with 76 health who has 10 total armour points.
Ranged now has 69 health remaining

Footman with 88 health has a 17 total attack points, and attacks Ranged with 83 health who has 10 total armour points.
Ranged now has 76 health remaining

Knight with 82 health has a 22 total attack points, and attacks Ranged with 96 health who has 12 total armour points.
Ranged now has 86 health remaining

Ranged with 97 health has a 18 total attack points, and attacks Knight with 73 health who has 13 total armour points.
Knight now has 68 health remaining

Ranged with 74 health has a 18 total attack points, and attacks Knight with 83 health who has 13 total armour points.
Knight now has 78 health remaining

Footman with 82 health has a 17 total attack points, and attacks Spearman with 72 health who has 10 total armour points.
Spearman now has 65 health remaining

Footman with 71 health has a 17 total attack points, and attacks Spearman with 87 health who has 10 total armour points.
Spearman now has 80 health remaining

Footman with 72 health has a 17 total attack points, and attacks Ranged with 74 health who has 10 total armour points.
Ranged now has 67 health remaining

Spearman with 84 health has a 18 total attack points, and attacks Footman with 82 health who has 11 total armour points.
Footman now has 75 health remaining

Raider with 86 health has a 22 total attack points, and attacks Archer with 71 health who has 10 total armour points.
Archer now has 59 health remaining

Archer with 70 health has a 18 total attack points, and attacks Raider with 87 health who has 13 total armour points.
Raider now has 82 health remaining

Grunt with 85 health has a 17 total attack points, and attacks Knight with 60 health who has 13 total armour points.
Knight now has 56 health remaining

Footman with 100 health has a 17 total attack points, and attacks Grunt with 70 health who has 11 total armour points.
Grunt now has 64 health remaining

Ranged with 91 health has a 18 total attack points, and attacks Archer with 83 health who has 10 total armour points.
Archer now has 75 health remaining

Grunt with 93 health has a 17 total attack points, and attacks Archer with 86 health who has 10 total armour points.
Archer now has 79 health remaining

Ranged with 70 health has a 18 total attack points, and attacks Footman with 79 health who has 11 total armour points.
Footman now has 72 health remaining

Spearman with 92 health has a 18 total attack points, and attacks Archer with 96 health who has 12 total armour points.
Archer now has 90 health remaining

Grunt with 64 health has a 17 total attack points, and attacks Footman with 88 health who has 11 total armour points.
Footman now has 82 health remaining

Knight with 100 health has a 22 total attack points, and attacks Spearman with 90 health who has 10 total armour points.
Spearman now has 78 health remaining

Archer with 88 health has a 18 total attack points, and attacks Grunt with 93 health who has 11 total armour points.
Grunt now has 86 health remaining

Raider with 86 health has a 22 total attack points, and attacks Footman with 93 health who has 11 total armour points.
Footman now has 82 health remaining

Archer with 78 health has a 18 total attack points, and attacks Ranged with 82 health who has 10 total armour points.
Ranged now has 74 health remaining

Knight with 100 health has a 22 total attack points, and attacks Spearman with 92 health who has 12 total armour points.
Spearman now has 82 health remaining

Footman with 93 health has a 17 total attack points, and attacks Spearman with 80 health who has 10 total armour points.
Spearman now has 73 health remaining

Footman with 88 health has a 17 total attack points, and attacks Grunt with 65 health who has 11 total armour points.
Grunt now has 59 health remaining

Archer with 91 health has a 18 total attack points, and attacks Grunt with 83 health who has 11 total armour points.
Grunt now has 76 health remaining

Spearman with 90 health has a 18 total attack points, and attacks Archer with 74 health who has 10 total armour points.
Archer now has 66 health remaining

Archer with 92 health has a 18 total attack points, and attacks Ranged with 83 health who has 10 total armour points.
Ranged now has 75 health remaining

Raider with 100 health has a 22 total attack points, and attacks Knight with 95 health who has 13 total armour points.
Knight now has 86 health remaining

Archer with 82 health has a 18 total attack points, and attacks Ranged with 75 health who has 10 total armour points.
Ranged now has 67 health remaining

Footman with 75 health has a 17 total attack points, and attacks Spearman with 76 health who has 10 total armour points.
Spearman now has 69 health remaining

Raider with 81 health has a 22 total attack points, and attacks Knight with 95 health who has 13 total armour points.
Knight now has 86 health remaining

Raider with 96 health has a 22 total attack points, and attacks Footman with 93 health who has 11 total armour points.
Footman now has 82 health remaining

Spearman with 79 health has a 18 total attack points, and attacks Archer with 91 health who has 10 total armour points.
Archer now has 83 health remaining

Archer with 91 health has a 18 total attack points, and attacks Raider with 73 health who has 13 total armour points.
Raider now has 68 health remaining

Spearman with 90 health has a 18 total attack points, and attacks Archer with 91 health who has 10 total armour points.
Archer now has 83 health remaining

Spearman with 85 health has a 18 total attack points, and attacks Knight with 90 health who has 13 total armour points.
Knight now has 85 health remaining

Grunt with 86 health has a 17 total attack points, and attacks Archer with 82 health who has 10 total armour points.
Archer now has 75 health remaining

Knight with 73 health has a 22 total attack points, and attacks Grunt with 93 health who has 11 total armour points.
Grunt now has 82 health remaining

Raider with 91 health has a 22 total attack points, and attacks Archer with 66 health who has 10 total armour points.
Archer now has 54 health remaining

Grunt with 64 health has a 17 total attack points, and attacks Knight with 85 health who has 13 total armour points.
Knight now has 81 health remaining

Archer with 74 health has a 18 total attack points, and attacks Grunt with 93 health who has 11 total armour points.
Grunt now has 86 health remaining

Spearman with 76 health has a 18 total attack points, and attacks Archer with 78 health who has 10 total armour points.
Archer now has 70 health remaining

Spearman with 97 health has a 18 total attack points, and attacks Archer with 96 health who has 12 total armour points.
Archer now has 90 health remaining

Ranged with 97 health has a 18 total attack points, and attacks Archer with 82 health who has 10 total armour points.
Archer now has 74 health remaining

Archer with 83 health has a 18 total attack points, and attacks Spearman with 67 health who has 10 total armour points.
Spearman now has 59 health remaining

Grunt with 59 health has a 17 total attack points, and attacks Footman with 79 health who has 11 total armour points.
Footman now has 73 health remaining

Archer with 82 health has a 18 total attack points, and attacks Gul´dan with 180 health who has 16 total armour points.
Gul´dan now has 178 health remaining

Raider with 85 health has a 22 total attack points, and attacks Footman with 75 health who has 11 total armour points.
Footman now has 64 health remaining

Mountain King with 168 health has a 27 total attack points, and attacks Spearman with 96 health who has 12 total armour points.
Spearman now has 81 health remaining

Knight with 82 health has a 26 total attack points, and attacks Ranged with 87 health who has 10 total armour points.
Ranged now has 71 health remaining

Spearman with 97 health has a 18 total attack points, and attacks Archer with 70 health who has 10 total armour points.
Archer now has 62 health remaining

Raider with 95 health has a 22 total attack points, and attacks Knight with 85 health who has 13 total armour points.
Knight now has 76 health remaining

Grunt with 76 health has a 17 total attack points, and attacks Archer with 96 health who has 12 total armour points.
Archer now has 91 health remaining

Grunt with 93 health has a 17 total attack points, and attacks Footman with 71 health who has 11 total armour points.
Footman now has 65 health remaining

Knight with 95 health has a 22 total attack points, and attacks Ranged with 97 health who has 12 total armour points.
Ranged now has 87 health remaining

Archer with 62 health has a 18 total attack points, and attacks Spearman with 82 health who has 10 total armour points.
Spearman now has 74 health remaining

Spearman with 86 health has a 18 total attack points, and attacks Archer with 100 health who has 14 total armour points.
Archer now has 96 health remaining

Spearman with 90 health has a 18 total attack points, and attacks Footman with 93 health who has 11 total armour points.
Footman now has 86 health remaining

Grunt with 86 health has a 17 total attack points, and attacks Archer with 49 health who has 10 total armour points.
Archer now has 42 health remaining

Footman with 100 health has a 17 total attack points, and attacks Spearman with 97 health who has 12 total armour points.
Spearman now has 92 health remaining

Ranged with 97 health has a 18 total attack points, and attacks Knight with 95 health who has 13 total armour points.
Knight now has 90 health remaining

Knight with 100 health has a 22 total attack points, and attacks Spearman with 79 health who has 10 total armour points.
Spearman now has 67 health remaining

Spearman with 90 health has a 18 total attack points, and attacks Archer with 84 health who has 10 total armour points.
Archer now has 76 health remaining

Knight with 73 health has a 22 total attack points, and attacks Spearman with 92 health who has 12 total armour points.
Spearman now has 82 health remaining

Spearman with 86 health has a 18 total attack points, and attacks Knight with 87 health who has 13 total armour points.
Knight now has 82 health remaining

Spearman with 54 health has a 18 total attack points, and attacks Knight with 77 health who has 13 total armour points.
Knight now has 72 health remaining

Archer with 86 health has a 18 total attack points, and attacks Raider with 100 health who has 13 total armour points.
Raider now has 95 health remaining

Spearman with 74 health has a 18 total attack points, and attacks Archer with 79 health who has 10 total armour points.
Archer now has 71 health remaining

Spearman with 86 health has a 18 total attack points, and attacks Footman with 88 health who has 11 total armour points.
Footman now has 81 health remaining

Archer with 96 health has a 18 total attack points, and attacks Spearman with 97 health who has 12 total armour points.
Spearman now has 91 health remaining

Spearman with 100 health has a 18 total attack points, and attacks Knight with 90 health who has 13 total armour points.
Knight now has 85 health remaining

Grunt with 86 health has a 17 total attack points, and attacks Archer with 100 health who has 14 total armour points.
Archer now has 97 health remaining

Grunt with 86 health has a 17 total attack points, and attacks Footman with 68 health who has 11 total armour points.
Footman now has 62 health remaining

Spearman with 96 health has a 18 total attack points, and attacks Archer with 96 health who has 12 total armour points.
Archer now has 90 health remaining

Archer with 62 health has a 18 total attack points, and attacks Spearman with 74 health who has 10 total armour points.
Spearman now has 66 health remaining

Knight with 100 health has a 22 total attack points, and attacks Grunt with 87 health who has 11 total armour points.
Grunt now has 76 health remaining

Archer with 86 health has a 18 total attack points, and attacks Raider with 100 health who has 13 total armour points.
Raider now has 95 health remaining

Grunt with 71 health has a 17 total attack points, and attacks Footman with 100 health who has 11 total armour points.
Footman now has 94 health remaining

Knight with 77 health has a 22 total attack points, and attacks Grunt with 68 health who has 11 total armour points.
Grunt now has 57 health remaining

Knight with 96 health has a 26 total attack points, and attacks Grunt with 68 health who has 11 total armour points.
Grunt now has 53 health remaining

Spearman with 66 health has a 18 total attack points, and attacks Footman with 93 health who has 11 total armour points.
Footman now has 86 health remaining

Archer with 66 health has a 18 total attack points, and attacks Raider with 90 health who has 13 total armour points.
Raider now has 85 health remaining

Grunt with 73 health has a 17 total attack points, and attacks Footman with 66 health who has 11 total armour points.
Footman now has 60 health remaining

Archer with 100 health has a 18 total attack points, and attacks Spearman with 90 health who has 10 total armour points.
Spearman now has 82 health remaining

Knight with 65 health has a 26 total attack points, and attacks Ranged with 100 health who has 14 total armour points.
Ranged now has 88 health remaining

Grunt with 71 health has a 17 total attack points, and attacks Footman with 93 health who has 11 total armour points.
Footman now has 87 health remaining

Archer with 66 health has a 18 total attack points, and attacks Ranged with 74 health who has 10 total armour points.
Ranged now has 66 health remaining

Spearman with 82 health has a 18 total attack points, and attacks Knight with 85 health who has 13 total armour points.
Knight now has 80 health remaining

Knight with 77 health has a 22 total attack points, and attacks Ranged with 62 health who has 10 total armour points.
Ranged now has 50 health remaining

Raider with 96 health has a 22 total attack points, and attacks Archer with 100 health who has 14 total armour points.
Archer now has 92 health remaining

Archer with 96 health has a 18 total attack points, and attacks Ranged with 91 health who has 10 total armour points.
Ranged now has 83 health remaining

Raider with 95 health has a 22 total attack points, and attacks Archer with 96 health who has 12 total armour points.
Archer now has 86 health remaining

Spearman with 82 health has a 18 total attack points, and attacks Archer with 96 health who has 12 total armour points.
Archer now has 90 health remaining

Raider with 91 health has a 22 total attack points, and attacks Footman with 82 health who has 11 total armour points.
Footman now has 71 health remaining

Ranged with 96 health has a 18 total attack points, and attacks Archer with 82 health who has 10 total armour points.
Archer now has 74 health remaining

Footman with 78 health has a 17 total attack points, and attacks Ranged with 78 health who has 10 total armour points.
Ranged now has 71 health remaining

Spearman with 67 health has a 18 total attack points, and attacks Archer with 82 health who has 10 total armour points.
Archer now has 74 health remaining

Grunt with 83 health has a 17 total attack points, and attacks Archer with 79 health who has 10 total armour points.
Archer now has 72 health remaining

Archer with 90 health has a 18 total attack points, and attacks Grunt with 57 health who has 11 total armour points.
Grunt now has 50 health remaining

Archer with 96 health has a 18 total attack points, and attacks Grunt with 93 health who has 11 total armour points.
Grunt now has 86 health remaining

Raider with 100 health has a 22 total attack points, and attacks Knight with 73 health who has 13 total armour points.
Knight now has 64 health remaining

Grunt with 61 health has a 17 total attack points, and attacks Archer with 59 health who has 10 total armour points.
Archer now has 52 health remaining

Knight with 56 health has a 26 total attack points, and attacks Grunt with 66 health who has 11 total armour points.
Grunt now has 51 health remaining

Archer with 91 health has a 18 total attack points, and attacks Spearman with 96 health who has 12 total armour points.
Spearman now has 90 health remaining

Footman with 85 health has a 17 total attack points, and attacks Ranged with 75 health who has 10 total armour points.
Ranged now has 68 health remaining

Footman with 85 health has a 17 total attack points, and attacks Spearman with 68 health who has 10 total armour points.
Spearman now has 61 health remaining

Archer with 90 health has a 18 total attack points, and attacks Ranged with 86 health who has 10 total armour points.
Ranged now has 78 health remaining

Raider with 82 health has a 22 total attack points, and attacks Knight with 77 health who has 13 total armour points.
Knight now has 68 health remaining

Spearman with 59 health has a 18 total attack points, and attacks Footman with 80 health who has 11 total armour points.
Footman now has 73 health remaining

Archer with 54 health has a 18 total attack points, and attacks Ranged with 75 health who has 10 total armour points.
Ranged now has 67 health remaining

Grunt with 64 health has a 17 total attack points, and attacks Knight with 80 health who has 13 total armour points.
Knight now has 76 health remaining

Footman with 100 health has a 17 total attack points, and attacks Raider with 96 health who has 13 total armour points.
Raider now has 92 health remaining

Ranged with 100 health has a 18 total attack points, and attacks Knight with 100 health who has 13 total armour points.
Knight now has 95 health remaining

Footman with 82 health has a 17 total attack points, and attacks Spearman with 97 health who has 12 total armour points.
Spearman now has 92 health remaining

Raider with 73 health has a 22 total attack points, and attacks Knight with 86 health who has 13 total armour points.
Knight now has 77 health remaining

Archer with 82 health has a 18 total attack points, and attacks Grunt with 69 health who has 11 total armour points.
Grunt now has 62 health remaining

Knight with 68 health has a 22 total attack points, and attacks Grunt with 60 health who has 11 total armour points.
Grunt now has 49 health remaining

Ranged with 72 health has a 18 total attack points, and attacks Archer with 91 health who has 10 total armour points.
Archer now has 83 health remaining

Archer with 100 health has a 18 total attack points, and attacks Ranged with 86 health who has 10 total armour points.
Ranged now has 78 health remaining

Knight with 100 health has a 22 total attack points, and attacks Grunt with 86 health who has 11 total armour points.
Grunt now has 75 health remaining

Archer with 82 health has a 18 total attack points, and attacks Grunt with 86 health who has 11 total armour points.
Grunt now has 79 health remaining

Archer with 100 health has a 18 total attack points, and attacks Raider with 96 health who has 13 total armour points.
Raider now has 91 health remaining

Footman with 86 health has a 17 total attack points, and attacks Grunt with 62 health who has 11 total armour points.
Grunt now has 56 health remaining

Spearman with 84 health has a 18 total attack points, and attacks Footman with 81 health who has 11 total armour points.
Footman now has 74 health remaining

Raider with 95 health has a 22 total attack points, and attacks Knight with 81 health who has 13 total armour points.
Knight now has 72 health remaining

Archer with 76 health has a 18 total attack points, and attacks Ranged with 100 health who has 14 total armour points.
Ranged now has 96 health remaining

Raider with 87 health has a 22 total attack points, and attacks Archer with 96 health who has 12 total armour points.
Archer now has 86 health remaining

Footman with 73 health has a 17 total attack points, and attacks Ranged with 70 health who has 10 total armour points.
Ranged now has 63 health remaining

Ranged with 100 health has a 18 total attack points, and attacks Archer with 92 health who has 12 total armour points.
Archer now has 86 health remaining

Raider with 87 health has a 22 total attack points, and attacks Archer with 100 health who has 14 total armour points.
Archer now has 92 health remaining

Grunt with 94 health has a 17 total attack points, and attacks Archer with 100 health who has 14 total armour points.
Archer now has 97 health remaining

Spearman with 91 health has a 18 total attack points, and attacks Archer with 78 health who has 10 total armour points.
Archer now has 70 health remaining

Archer with 82 health has a 18 total attack points, and attacks Spearman with 90 health who has 10 total armour points.
Spearman now has 82 health remaining

Ranged with 96 health has a 18 total attack points, and attacks Archer with 83 health who has 10 total armour points.
Archer now has 75 health remaining

Archer with 96 health has a 18 total attack points, and attacks Ranged with 97 health who has 12 total armour points.
Ranged now has 91 health remaining

Ranged with 61 health has a 18 total attack points, and attacks Footman with 93 health who has 11 total armour points.
Footman now has 86 health remaining

Grunt with 86 health has a 17 total attack points, and attacks Knight with 90 health who has 13 total armour points.
Knight now has 86 health remaining

Spearman with 87 health has a 18 total attack points, and attacks Knight with 82 health who has 13 total armour points.
Knight now has 77 health remaining

Ranged with 76 health has a 18 total attack points, and attacks Archer with 92 health who has 10 total armour points.
Archer now has 84 health remaining

Archer with 90 health has a 18 total attack points, and attacks Grunt with 87 health who has 11 total armour points.
Grunt now has 80 health remaining

Raider with 83 health has a 22 total attack points, and attacks Archer with 84 health who has 10 total armour points.
Archer now has 72 health remaining

Spearman with 66 health has a 18 total attack points, and attacks Archer with 100 health who has 14 total armour points.
Archer now has 96 health remaining

Knight with 86 health has a 22 total attack points, and attacks Grunt with 70 health who has 11 total armour points.
Grunt now has 59 health remaining

Grunt with 93 health has a 17 total attack points, and attacks Archer with 100 health who has 14 total armour points.
Archer now has 97 health remaining

Raider with 82 health has a 22 total attack points, and attacks Knight with 77 health who has 13 total armour points.
Knight now has 68 health remaining

Footman with 93 health has a 17 total attack points, and attacks Grunt with 93 health who has 11 total armour points.
Grunt now has 87 health remaining

Ranged with 96 health has a 18 total attack points, and attacks Archer with 92 health who has 12 total armour points.
Archer now has 86 health remaining

Grunt with 83 health has a 17 total attack points, and attacks Archer with 82 health who has 10 total armour points.
Archer now has 75 health remaining

Knight with 72 health has a 22 total attack points, and attacks Grunt with 86 health who has 11 total armour points.
Grunt now has 75 health remaining

Raider with 95 health has a 22 total attack points, and attacks Knight with 86 health who has 13 total armour points.
Knight now has 77 health remaining

Spearman with 67 health has a 18 total attack points, and attacks Archer with 63 health who has 10 total armour points.
Archer now has 55 health remaining

Archer with 100 health has a 18 total attack points, and attacks Ranged with 84 health who has 10 total armour points.
Ranged now has 76 health remaining

Spearman with 66 health has a 18 total attack points, and attacks Knight with 90 health who has 13 total armour points.
Knight now has 85 health remaining

Gul´dan with 178 health has a 27 total attack points, and attacks Footman with 65 health who has 11 total armour points.
Footman now has 49 health remaining

Raider with 91 health has a 22 total attack points, and attacks Archer with 100 health who has 14 total armour points.
Archer now has 92 health remaining

Grunt with 85 health has a 17 total attack points, and attacks Footman with 69 health who has 11 total armour points.
Footman now has 63 health remaining

Spearman with 90 health has a 18 total attack points, and attacks Footman with 82 health who has 11 total armour points.
Footman now has 75 health remaining

Knight with 100 health has a 26 total attack points, and attacks Raider with 95 health who has 13 total armour points.
Raider now has 82 health remaining

Grunt with 83 health has a 17 total attack points, and attacks Knight with 95 health who has 13 total armour points.
Knight now has 91 health remaining

Ranged with 97 health has a 18 total attack points, and attacks Archer with 83 health who has 10 total armour points.
Archer now has 75 health remaining

Archer with 87 health has a 18 total attack points, and attacks Ranged with 70 health who has 10 total armour points.
Ranged now has 62 health remaining

Grunt with 93 health has a 17 total attack points, and attacks Archer with 70 health who has 10 total armour points.
Archer now has 63 health remaining

Spearman with 79 health has a 18 total attack points, and attacks Archer with 91 health who has 10 total armour points.
Archer now has 83 health remaining

Footman with 81 health has a 17 total attack points, and attacks Spearman with 90 health who has 10 total armour points.
Spearman now has 83 health remaining

Spearman with 90 health has a 18 total attack points, and attacks Knight with 100 health who has 13 total armour points.
Knight now has 95 health remaining

Raider with 85 health has a 22 total attack points, and attacks Archer with 90 health who has 10 total armour points.
Archer now has 78 health remaining

Ranged with 91 health has a 18 total attack points, and attacks Archer with 66 health who has 10 total armour points.
Archer now has 58 health remaining

Spearman with 97 health has a 18 total attack points, and attacks Footman with 73 health who has 11 total armour points.
Footman now has 66 health remaining

Grunt with 100 health has a 17 total attack points, and attacks Archer with 86 health who has 10 total armour points.
Archer now has 79 health remaining

Ranged with 96 health has a 18 total attack points, and attacks Knight with 80 health who has 13 total armour points.
Knight now has 75 health remaining

Archer with 92 health has a 18 total attack points, and attacks Spearman with 96 health who has 12 total armour points.
Spearman now has 90 health remaining

Footman with 75 health has a 17 total attack points, and attacks Grunt with 76 health who has 11 total armour points.
Grunt now has 70 health remaining

Grunt with 79 health has a 17 total attack points, and attacks Knight with 96 health who has 13 total armour points.
Knight now has 92 health remaining

Grunt with 82 health has a 17 total attack points, and attacks Footman with 100 health who has 11 total armour points.
Footman now has 94 health remaining

Archer with 83 health has a 18 total attack points, and attacks Grunt with 87 health who has 11 total armour points.
Grunt now has 80 health remaining

Raider with 100 health has a 22 total attack points, and attacks Footman with 53 health who has 11 total armour points.
Footman now has 42 health remaining

Ranged with 74 health has a 18 total attack points, and attacks Archer with 90 health who has 10 total armour points.
Archer now has 82 health remaining

Archer with 97 health has a 18 total attack points, and attacks Ranged with 100 health who has 14 total armour points.
Ranged now has 96 health remaining

Archer with 75 health has a 18 total attack points, and attacks Raider with 82 health who has 13 total armour points.
Raider now has 77 health remaining

Grunt with 86 health has a 17 total attack points, and attacks Archer with 86 health who has 10 total armour points.
Archer now has 79 health remaining

Archer with 92 health has a 18 total attack points, and attacks Spearman with 92 health who has 10 total armour points.
Spearman now has 84 health remaining

Archer with 92 health has a 18 total attack points, and attacks Raider with 69 health who has 13 total armour points.
Raider now has 64 health remaining

Archer with 96 health has a 18 total attack points, and attacks Grunt with 87 health who has 11 total armour points.
Grunt now has 80 health remaining

Raider with 68 health has a 22 total attack points, and attacks Knight with 77 health who has 13 total armour points.
Knight now has 68 health remaining

Archer with 71 health has a 18 total attack points, and attacks Raider with 73 health who has 13 total armour points.
Raider now has 68 health remaining

Spearman with 78 health has a 18 total attack points, and attacks Footman with 93 health who has 11 total armour points.
Footman now has 86 health remaining

Knight with 86 health has a 22 total attack points, and attacks Raider with 84 health who has 13 total armour points.
Raider now has 75 health remaining

Knight with 80 health has a 22 total attack points, and attacks Spearman with 75 health who has 10 total armour points.
Spearman now has 63 health remaining

Archer with 67 health has a 18 total attack points, and attacks Ranged with 71 health who has 10 total armour points.
Ranged now has 63 health remaining

Spearman with 82 health has a 18 total attack points, and attacks Archer with 100 health who has 14 total armour points.
Archer now has 96 health remaining

Knight with 95 health has a 22 total attack points, and attacks Grunt with 87 health who has 11 total armour points.
Grunt now has 76 health remaining

Footman with 71 health has a 17 total attack points, and attacks Spearman with 58 health who has 10 total armour points.
Spearman now has 51 health remaining

Archer with 82 health has a 18 total attack points, and attacks Spearman with 64 health who has 10 total armour points.
Spearman now has 56 health remaining

Archer with 74 health has a 18 total attack points, and attacks Ranged with 91 health who has 10 total armour points.
Ranged now has 83 health remaining

Archer with 96 health has a 18 total attack points, and attacks Raider with 95 health who has 13 total armour points.
Raider now has 90 health remaining

Knight with 68 health has a 22 total attack points, and attacks Grunt with 78 health who has 11 total armour points.
Grunt now has 67 health remaining

Raider with 95 health has a 22 total attack points, and attacks Archer with 100 health who has 14 total armour points.
Archer now has 92 health remaining

Grunt with 87 health has a 17 total attack points, and attacks Knight with 96 health who has 13 total armour points.
Knight now has 92 health remaining

Raider with 85 health has a 22 total attack points, and attacks Footman with 59 health who has 11 total armour points.
Footman now has 48 health remaining

Ranged with 74 health has a 18 total attack points, and attacks Footman with 76 health who has 11 total armour points.
Footman now has 69 health remaining

Ranged with 97 health has a 18 total attack points, and attacks Archer with 42 health who has 10 total armour points.
Archer now has 34 health remaining

Spearman with 74 health has a 18 total attack points, and attacks Archer with 74 health who has 10 total armour points.
Archer now has 66 health remaining

Knight with 100 health has a 22 total attack points, and attacks Spearman with 88 health who has 12 total armour points.
Spearman now has 78 health remaining

Spearman with 69 health has a 18 total attack points, and attacks Archer with 90 health who has 10 total armour points.
Archer now has 82 health remaining

Footman with 100 health has a 17 total attack points, and attacks Grunt with 86 health who has 11 total armour points.
Grunt now has 80 health remaining

Grunt with 73 health has a 17 total attack points, and attacks Knight with 80 health who has 13 total armour points.
Knight now has 76 health remaining

Spearman with 96 health has a 18 total attack points, and attacks Footman with 76 health who has 11 total armour points.
Footman now has 69 health remaining

Archer with 92 health has a 18 total attack points, and attacks Spearman with 83 health who has 10 total armour points.
Spearman now has 75 health remaining

Knight with 87 health has a 22 total attack points, and attacks Raider with 95 health who has 13 total armour points.
Raider now has 86 health remaining

Archer with 90 health has a 18 total attack points, and attacks Grunt with 100 health who has 11 total armour points.
Grunt now has 93 health remaining

Raider with 100 health has a 22 total attack points, and attacks Footman with 93 health who has 11 total armour points.
Footman now has 82 health remaining

Spearman with 88 health has a 18 total attack points, and attacks Knight with 92 health who has 13 total armour points.
Knight now has 87 health remaining

Footman with 72 health has a 17 total attack points, and attacks Spearman with 54 health who has 10 total armour points.
Spearman now has 47 health remaining

Knight with 73 health has a 22 total attack points, and attacks Spearman with 79 health who has 10 total armour points.
Spearman now has 67 health remaining

Ranged with 66 health has a 18 total attack points, and attacks Knight with 91 health who has 13 total armour points.
Knight now has 86 health remaining

Spearman with 78 health has a 18 total attack points, and attacks Archer with 66 health who has 10 total armour points.
Archer now has 58 health remaining

Footman with 89 health has a 17 total attack points, and attacks Raider with 83 health who has 13 total armour points.
Raider now has 79 health remaining

Raider with 86 health has a 22 total attack points, and attacks Footman with 87 health who has 11 total armour points.
Footman now has 76 health remaining

Ranged with 96 health has a 18 total attack points, and attacks Archer with 71 health who has 10 total armour points.
Archer now has 63 health remaining

Spearman with 82 health has a 18 total attack points, and attacks Archer with 83 health who has 10 total armour points.
Archer now has 75 health remaining

Knight with 91 health has a 22 total attack points, and attacks Spearman with 74 health who has 10 total armour points.
Spearman now has 62 health remaining

Spearman with 78 health has a 18 total attack points, and attacks Archer with 96 health who has 12 total armour points.
Archer now has 90 health remaining

Archer with 49 health has a 18 total attack points, and attacks Ranged with 97 health who has 12 total armour points.
Ranged now has 91 health remaining

Spearman with 96 health has a 18 total attack points, and attacks Archer with 92 health who has 12 total armour points.
Archer now has 86 health remaining

Grunt with 93 health has a 17 total attack points, and attacks Footman with 93 health who has 11 total armour points.
Footman now has 87 health remaining

Footman with 93 health has a 17 total attack points, and attacks Spearman with 67 health who has 10 total armour points.
Spearman now has 60 health remaining

Raider with 77 health has a 22 total attack points, and attacks Archer with 96 health who has 12 total armour points.
Archer now has 86 health remaining

Grunt with 69 health has a 17 total attack points, and attacks Archer with 90 health who has 10 total armour points.
Archer now has 83 health remaining

Ranged with 70 health has a 18 total attack points, and attacks Archer with 74 health who has 10 total armour points.
Archer now has 66 health remaining

Knight with 56 health has a 22 total attack points, and attacks Ranged with 97 health who has 12 total armour points.
Ranged now has 87 health remaining

Archer with 92 health has a 18 total attack points, and attacks Ranged with 92 health who has 10 total armour points.
Ranged now has 84 health remaining

Raider with 92 health has a 22 total attack points, and attacks Knight with 81 health who has 13 total armour points.
Knight now has 72 health remaining

Ranged with 96 health has a 18 total attack points, and attacks Archer with 56 health who has 10 total armour points.
Archer now has 48 health remaining

Ranged with 92 health has a 18 total attack points, and attacks Knight with 95 health who has 13 total armour points.
Knight now has 90 health remaining

Footman with 94 health has a 17 total attack points, and attacks Raider with 68 health who has 13 total armour points.
Raider now has 64 health remaining

Spearman with 100 health has a 18 total attack points, and attacks Knight with 95 health who has 13 total armour points.
Knight now has 90 health remaining

Grunt with 59 health has a 17 total attack points, and attacks Knight with 68 health who has 13 total armour points.
Knight now has 64 health remaining

Knight with 78 health has a 22 total attack points, and attacks Spearman with 66 health who has 10 total armour points.
Spearman now has 54 health remaining

Gul´dan with 178 health has a 27 total attack points, and attacks Archer with 96 health who has 12 total armour points.
Archer now has 81 health remaining

Raider with 82 health has a 22 total attack points, and attacks Footman with 64 health who has 11 total armour points.
Footman now has 53 health remaining

Footman with 72 health has a 17 total attack points, and attacks Raider with 96 health who has 13 total armour points.
Raider now has 92 health remaining

Grunt with 67 health has a 17 total attack points, and attacks Footman with 82 health who has 11 total armour points.
Footman now has 76 health remaining

Archer with 66 health has a 18 total attack points, and attacks Grunt with 51 health who has 11 total armour points.
Grunt now has 44 health remaining

Raider with 95 health has a 22 total attack points, and attacks Archer with 90 health who has 10 total armour points.
Archer now has 78 health remaining

Footman with 100 health has a 17 total attack points, and attacks Spearman with 67 health who has 10 total armour points.
Spearman now has 60 health remaining

Knight with 95 health has a 22 total attack points, and attacks Spearman with 86 health who has 10 total armour points.
Spearman now has 74 health remaining

Knight with 100 health has a 22 total attack points, and attacks Grunt with 49 health who has 11 total armour points.
Grunt now has 38 health remaining

Archer with 71 health has a 18 total attack points, and attacks Spearman with 92 health who has 12 total armour points.
Spearman now has 86 health remaining

Archer with 71 health has a 18 total attack points, and attacks Ranged with 63 health who has 10 total armour points.
Ranged now has 55 health remaining

Footman with 67 health has a 17 total attack points, and attacks Ranged with 61 health who has 10 total armour points.
Ranged now has 54 health remaining

Archer with 82 health has a 18 total attack points, and attacks Spearman with 86 health who has 10 total armour points.
Spearman now has 78 health remaining

Knight with 68 health has a 22 total attack points, and attacks Spearman with 66 health who has 10 total armour points.
Spearman now has 54 health remaining

Grunt with 93 health has a 17 total attack points, and attacks Archer with 84 health who has 10 total armour points.
Archer now has 77 health remaining

Archer with 92 health has a 18 total attack points, and attacks Raider with 77 health who has 13 total armour points.
Raider now has 72 health remaining

Archer with 75 health has a 18 total attack points, and attacks Grunt with 93 health who has 11 total armour points.
Grunt now has 86 health remaining

Grunt with 80 health has a 17 total attack points, and attacks Archer with 78 health who has 10 total armour points.
Archer now has 71 health remaining

Knight with 91 health has a 22 total attack points, and attacks Grunt with 85 health who has 11 total armour points.
Grunt now has 74 health remaining

Ranged with 60 health has a 18 total attack points, and attacks Archer with 75 health who has 10 total armour points.
Archer now has 67 health remaining

Raider with 77 health has a 22 total attack points, and attacks Footman with 78 health who has 11 total armour points.
Footman now has 67 health remaining

Archer with 97 health has a 18 total attack points, and attacks Ranged with 75 health who has 10 total armour points.
Ranged now has 67 health remaining

Footman with 76 health has a 17 total attack points, and attacks Ranged with 61 health who has 10 total armour points.
Ranged now has 54 health remaining

Archer with 71 health has a 18 total attack points, and attacks Grunt with 67 health who has 11 total armour points.
Grunt now has 60 health remaining

Footman with 93 health has a 17 total attack points, and attacks Ranged with 96 health who has 12 total armour points.
Ranged now has 91 health remaining

Ranged with 92 health has a 18 total attack points, and attacks Archer with 75 health who has 10 total armour points.
Archer now has 67 health remaining

Ranged with 71 health has a 18 total attack points, and attacks Footman with 75 health who has 11 total armour points.
Footman now has 68 health remaining

Ranged with 75 health has a 18 total attack points, and attacks Archer with 82 health who has 10 total armour points.
Archer now has 74 health remaining

Archer with 74 health has a 18 total attack points, and attacks Grunt with 100 health who has 11 total armour points.
Grunt now has 93 health remaining

Grunt with 51 health has a 17 total attack points, and attacks Archer with 54 health who has 10 total armour points.
Archer now has 47 health remaining

Archer with 92 health has a 18 total attack points, and attacks Ranged with 79 health who has 10 total armour points.
Ranged now has 71 health remaining

Grunt with 100 health has a 17 total attack points, and attacks Archer with 82 health who has 10 total armour points.
Archer now has 75 health remaining

Archer with 86 health has a 18 total attack points, and attacks Ranged with 78 health who has 10 total armour points.
Ranged now has 70 health remaining

Archer with 67 health has a 18 total attack points, and attacks Ranged with 92 health who has 10 total armour points.
Ranged now has 84 health remaining

Spearman with 59 health has a 18 total attack points, and attacks Knight with 100 health who has 13 total armour points.
Knight now has 95 health remaining

Archer with 74 health has a 18 total attack points, and attacks Grunt with 86 health who has 11 total armour points.
Grunt now has 79 health remaining

Grunt with 83 health has a 17 total attack points, and attacks Footman with 72 health who has 11 total armour points.
Footman now has 66 health remaining

Spearman with 63 health has a 18 total attack points, and attacks Knight with 73 health who has 13 total armour points.
Knight now has 68 health remaining

Archer with 90 health has a 18 total attack points, and attacks Raider with 81 health who has 13 total armour points.
Raider now has 76 health remaining

Footman with 48 health has a 17 total attack points, and attacks Ranged with 92 health who has 10 total armour points.
Ranged now has 85 health remaining

Archer with 74 health has a 18 total attack points, and attacks Raider with 76 health who has 13 total armour points.
Raider now has 71 health remaining

Ranged with 71 health has a 18 total attack points, and attacks Knight with 87 health who has 13 total armour points.
Knight now has 82 health remaining

Raider with 71 health has a 22 total attack points, and attacks Archer with 52 health who has 10 total armour points.
Archer now has 40 health remaining

Spearman with 67 health has a 18 total attack points, and attacks Knight with 92 health who has 13 total armour points.
Knight now has 87 health remaining

Spearman with 76 health has a 18 total attack points, and attacks Knight with 90 health who has 13 total armour points.
Knight now has 85 health remaining

Knight with 55 health has a 22 total attack points, and attacks Spearman with 62 health who has 10 total armour points.
Spearman now has 50 health remaining

Raider with 100 health has a 22 total attack points, and attacks Knight with 68 health who has 13 total armour points.
Knight now has 59 health remaining

Spearman with 100 health has a 18 total attack points, and attacks Archer with 62 health who has 10 total armour points.
Archer now has 54 health remaining

Archer with 71 health has a 18 total attack points, and attacks Ranged with 86 health who has 10 total armour points.
Ranged now has 78 health remaining

Knight with 91 health has a 26 total attack points, and attacks Ranged with 67 health who has 10 total armour points.
Ranged now has 51 health remaining

Knight with 95 health has a 22 total attack points, and attacks Grunt with 49 health who has 11 total armour points.
Grunt now has 38 health remaining

Raider with 86 health has a 22 total attack points, and attacks Knight with 96 health who has 13 total armour points.
Knight now has 87 health remaining

Knight with 100 health has a 26 total attack points, and attacks Spearman with 100 health who has 14 total armour points.
Spearman now has 88 health remaining

Archer with 68 health has a 18 total attack points, and attacks Grunt with 80 health who has 11 total armour points.
Grunt now has 73 health remaining

Grunt with 79 health has a 17 total attack points, and attacks Archer with 100 health who has 14 total armour points.
Archer now has 97 health remaining

Ranged with 70 health has a 18 total attack points, and attacks Archer with 90 health who has 10 total armour points.
Archer now has 82 health remaining

Spearman with 88 health has a 18 total attack points, and attacks Archer with 91 health who has 10 total armour points.
Archer now has 83 health remaining

Archer with 96 health has a 18 total attack points, and attacks Grunt with 93 health who has 11 total armour points.
Grunt now has 86 health remaining

Raider with 100 health has a 22 total attack points, and attacks Footman with 80 health who has 11 total armour points.
Footman now has 69 health remaining

Archer with 66 health has a 18 total attack points, and attacks Raider with 85 health who has 13 total armour points.
Raider now has 80 health remaining

Knight with 91 health has a 22 total attack points, and attacks Grunt with 86 health who has 11 total armour points.
Grunt now has 75 health remaining

Grunt with 79 health has a 17 total attack points, and attacks Knight with 86 health who has 13 total armour points.
Knight now has 82 health remaining

Archer with 86 health has a 18 total attack points, and attacks Raider with 92 health who has 13 total armour points.
Raider now has 87 health remaining

Raider with 95 health has a 22 total attack points, and attacks Footman with 82 health who has 11 total armour points.
Footman now has 71 health remaining

Grunt with 65 health has a 17 total attack points, and attacks Archer with 97 health who has 12 total armour points.
Archer now has 92 health remaining

Archer with 70 health has a 18 total attack points, and attacks Raider with 87 health who has 13 total armour points.
Raider now has 82 health remaining

Raider with 91 health has a 22 total attack points, and attacks Archer with 66 health who has 10 total armour points.
Archer now has 54 health remaining

Ranged with 66 health has a 18 total attack points, and attacks Archer with 90 health who has 10 total armour points.
Archer now has 82 health remaining

Archer with 84 health has a 18 total attack points, and attacks Spearman with 81 health who has 10 total armour points.
Spearman now has 73 health remaining

Archer with 96 health has a 18 total attack points, and attacks Spearman with 63 health who has 10 total armour points.
Spearman now has 55 health remaining

Archer with 90 health has a 18 total attack points, and attacks Grunt with 79 health who has 11 total armour points.
Grunt now has 72 health remaining

Spearman with 71 health has a 18 total attack points, and attacks Knight with 76 health who has 13 total armour points.
Knight now has 71 health remaining

Archer with 90 health has a 18 total attack points, and attacks Raider with 74 health who has 13 total armour points.
Raider now has 69 health remaining

Footman with 64 health has a 17 total attack points, and attacks Raider with 64 health who has 13 total armour points.
Raider now has 60 health remaining

Ranged with 74 health has a 18 total attack points, and attacks Knight with 82 health who has 13 total armour points.
Knight now has 77 health remaining

Spearman with 100 health has a 18 total attack points, and attacks Footman with 65 health who has 11 total armour points.
Footman now has 58 health remaining

Archer with 90 health has a 18 total attack points, and attacks Grunt with 93 health who has 11 total armour points.
Grunt now has 86 health remaining

Ranged with 66 health has a 18 total attack points, and attacks Footman with 66 health who has 11 total armour points.
Footman now has 59 health remaining

Spearman with 90 health has a 18 total attack points, and attacks Knight with 77 health who has 13 total armour points.
Knight now has 72 health remaining

Grunt with 86 health has a 17 total attack points, and attacks Footman with 94 health who has 11 total armour points.
Footman now has 88 health remaining

Grunt with 100 health has a 17 total attack points, and attacks Archer with 97 health who has 12 total armour points.
Archer now has 92 health remaining

Raider with 92 health has a 22 total attack points, and attacks Footman with 93 health who has 11 total armour points.
Footman now has 82 health remaining

Spearman with 96 health has a 18 total attack points, and attacks Footman with 86 health who has 11 total armour points.
Footman now has 79 health remaining

Ranged with 96 health has a 18 total attack points, and attacks Archer with 100 health who has 14 total armour points.
Archer now has 96 health remaining

Footman with 64 health has a 17 total attack points, and attacks Ranged with 92 health who has 10 total armour points.
Ranged now has 85 health remaining

Footman with 82 health has a 17 total attack points, and attacks Spearman with 75 health who has 10 total armour points.
Spearman now has 68 health remaining

Ranged with 96 health has a 18 total attack points, and attacks Knight with 87 health who has 13 total armour points.
Knight now has 82 health remaining

Archer with 96 health has a 18 total attack points, and attacks Raider with 100 health who has 13 total armour points.
Raider now has 95 health remaining

Archer with 97 health has a 18 total attack points, and attacks Raider with 100 health who has 13 total armour points.
Raider now has 95 health remaining

Raider with 83 health has a 22 total attack points, and attacks Archer with 78 health who has 10 total armour points.
Archer now has 66 health remaining

Knight with 86 health has a 22 total attack points, and attacks Raider with 91 health who has 13 total armour points.
Raider now has 82 health remaining

Archer with 86 health has a 18 total attack points, and attacks Spearman with 61 health who has 10 total armour points.
Spearman now has 53 health remaining

Ranged with 71 health has a 18 total attack points, and attacks Archer with 17 health who has 10 total armour points.
Archer now has 9 health remaining

Archer with 91 health has a 18 total attack points, and attacks Ranged with 96 health who has 12 total armour points.
Ranged now has 90 health remaining

Grunt with 86 health has a 17 total attack points, and attacks Knight with 92 health who has 13 total armour points.
Knight now has 88 health remaining

Archer with 96 health has a 18 total attack points, and attacks Spearman with 91 health who has 10 total armour points.
Spearman now has 83 health remaining

Footman with 69 health has a 17 total attack points, and attacks Grunt with 75 health who has 11 total armour points.
Grunt now has 69 health remaining

Archer with 86 health has a 18 total attack points, and attacks Spearman with 47 health who has 10 total armour points.
Spearman now has 39 health remaining

Spearman with 82 health has a 18 total attack points, and attacks Archer with 74 health who has 10 total armour points.
Archer now has 66 health remaining

Spearman with 56 health has a 18 total attack points, and attacks Knight with 72 health who has 13 total armour points.
Knight now has 67 health remaining

Archer with 86 health has a 18 total attack points, and attacks Spearman with 96 health who has 12 total armour points.
Spearman now has 90 health remaining

Raider with 82 health has a 22 total attack points, and attacks Archer with 92 health who has 10 total armour points.
Archer now has 80 health remaining

Ranged with 74 health has a 18 total attack points, and attacks Archer with 84 health who has 10 total armour points.
Archer now has 76 health remaining

Grunt with 59 health has a 17 total attack points, and attacks Knight with 65 health who has 13 total armour points.
Knight now has 61 health remaining

Archer with 75 health has a 18 total attack points, and attacks Ranged with 96 health who has 12 total armour points.
Ranged now has 90 health remaining

Ranged with 71 health has a 18 total attack points, and attacks Archer with 90 health who has 10 total armour points.
Archer now has 82 health remaining

Footman with 86 health has a 17 total attack points, and attacks Grunt with 74 health who has 11 total armour points.
Grunt now has 68 health remaining

Ranged with 66 health has a 18 total attack points, and attacks Archer with 70 health who has 10 total armour points.
Archer now has 62 health remaining

Archer with 76 health has a 18 total attack points, and attacks Raider with 77 health who has 13 total armour points.
Raider now has 72 health remaining

Archer with 90 health has a 18 total attack points, and attacks Spearman with 60 health who has 10 total armour points.
Spearman now has 52 health remaining

Archer with 66 health has a 18 total attack points, and attacks Grunt with 81 health who has 11 total armour points.
Grunt now has 74 health remaining

Spearman with 54 health has a 18 total attack points, and attacks Archer with 86 health who has 10 total armour points.
Archer now has 78 health remaining

Archer with 86 health has a 18 total attack points, and attacks Spearman with 53 health who has 10 total armour points.
Spearman now has 45 health remaining

Knight with 86 health has a 22 total attack points, and attacks Ranged with 70 health who has 10 total armour points.
Ranged now has 58 health remaining

Knight with 91 health has a 22 total attack points, and attacks Grunt with 76 health who has 11 total armour points.
Grunt now has 65 health remaining

Archer with 96 health has a 18 total attack points, and attacks Ranged with 75 health who has 10 total armour points.
Ranged now has 67 health remaining

Knight with 91 health has a 22 total attack points, and attacks Grunt with 82 health who has 11 total armour points.
Grunt now has 71 health remaining

Archer with 83 health has a 18 total attack points, and attacks Grunt with 71 health who has 11 total armour points.
Grunt now has 64 health remaining

Spearman with 59 health has a 18 total attack points, and attacks Archer with 100 health who has 14 total armour points.
Archer now has 96 health remaining

Archer with 96 health has a 18 total attack points, and attacks Grunt with 87 health who has 11 total armour points.
Grunt now has 80 health remaining

Archer with 87 health has a 18 total attack points, and attacks Spearman with 97 health who has 12 total armour points.
Spearman now has 91 health remaining

Archer with 91 health has a 18 total attack points, and attacks Grunt with 87 health who has 11 total armour points.
Grunt now has 80 health remaining

Spearman with 74 health has a 18 total attack points, and attacks Archer with 96 health who has 12 total armour points.
Archer now has 90 health remaining

Ranged with 68 health has a 18 total attack points, and attacks Archer with 96 health who has 12 total armour points.
Archer now has 90 health remaining

Archer with 63 health has a 18 total attack points, and attacks Grunt with 78 health who has 11 total armour points.
Grunt now has 71 health remaining

Spearman with 69 health has a 18 total attack points, and attacks Knight with 56 health who has 13 total armour points.
Knight now has 51 health remaining

Archer with 90 health has a 18 total attack points, and attacks Grunt with 76 health who has 11 total armour points.
Grunt now has 69 health remaining

Archer with 91 health has a 18 total attack points, and attacks Raider with 91 health who has 13 total armour points.
Raider now has 86 health remaining

Footman with 42 health has a 17 total attack points, and attacks Ranged with 67 health who has 10 total armour points.
Ranged now has 60 health remaining

Ranged with 58 health has a 18 total attack points, and attacks Archer with 46 health who has 10 total armour points.
Archer now has 38 health remaining

Knight with 82 health has a 22 total attack points, and attacks Spearman with 71 health who has 10 total armour points.
Spearman now has 59 health remaining

Grunt with 65 health has a 17 total attack points, and attacks Archer with 75 health who has 10 total armour points.
Archer now has 68 health remaining

Archer with 97 health has a 18 total attack points, and attacks Raider with 87 health who has 13 total armour points.
Raider now has 82 health remaining

Archer with 83 health has a 18 total attack points, and attacks Raider with 68 health who has 13 total armour points.
Raider now has 63 health remaining

Raider with 95 health has a 22 total attack points, and attacks Archer with 92 health who has 12 total armour points.
Archer now has 82 health remaining

Knight with 76 health has a 22 total attack points, and attacks Spearman with 54 health who has 10 total armour points.
Spearman now has 42 health remaining

Archer with 82 health has a 18 total attack points, and attacks Grunt with 93 health who has 11 total armour points.
Grunt now has 86 health remaining

Ranged with 76 health has a 18 total attack points, and attacks Archer with 86 health who has 10 total armour points.
Archer now has 78 health remaining

Ranged with 96 health has a 18 total attack points, and attacks Archer with 84 health who has 10 total armour points.
Archer now has 76 health remaining

Knight with 91 health has a 22 total attack points, and attacks Spearman with 74 health who has 10 total armour points.
Spearman now has 62 health remaining

Ranged with 91 health has a 18 total attack points, and attacks Knight with 91 health who has 13 total armour points.
Knight now has 86 health remaining

Archer with 88 health has a 18 total attack points, and attacks Ranged with 96 health who has 12 total armour points.
Ranged now has 90 health remaining

Spearman with 82 health has a 18 total attack points, and attacks Knight with 81 health who has 13 total armour points.
Knight now has 76 health remaining

Spearman with 67 health has a 18 total attack points, and attacks Archer with 96 health who has 12 total armour points.
Archer now has 90 health remaining

Archer with 82 health has a 18 total attack points, and attacks Ranged with 60 health who has 10 total armour points.
Ranged now has 52 health remaining

Knight with 91 health has a 26 total attack points, and attacks Ranged with 97 health who has 12 total armour points.
Ranged now has 83 health remaining

Archer with 92 health has a 18 total attack points, and attacks Raider with 86 health who has 13 total armour points.
Raider now has 81 health remaining

Footman with 85 health has a 17 total attack points, and attacks Grunt with 69 health who has 11 total armour points.
Grunt now has 63 health remaining

Knight with 64 health has a 22 total attack points, and attacks Grunt with 93 health who has 11 total armour points.
Grunt now has 82 health remaining

Ranged with 50 health has a 18 total attack points, and attacks Archer with 75 health who has 10 total armour points.
Archer now has 67 health remaining

Raider with 81 health has a 22 total attack points, and attacks Knight with 61 health who has 13 total armour points.
Knight now has 52 health remaining

Raider with 71 health has a 22 total attack points, and attacks Footman with 69 health who has 11 total armour points.
Footman now has 58 health remaining

Ranged with 67 health has a 18 total attack points, and attacks Knight with 100 health who has 13 total armour points.
Knight now has 95 health remaining

Raider with 72 health has a 22 total attack points, and attacks Knight with 51 health who has 13 total armour points.
Knight now has 42 health remaining

Spearman with 91 health has a 18 total attack points, and attacks Knight with 95 health who has 13 total armour points.
Knight now has 90 health remaining

Footman with 73 health has a 17 total attack points, and attacks Ranged with 68 health who has 10 total armour points.
Ranged now has 61 health remaining

Footman with 86 health has a 17 total attack points, and attacks Raider with 68 health who has 13 total armour points.
Raider now has 64 health remaining

Knight with 64 health has a 22 total attack points, and attacks Grunt with 50 health who has 11 total armour points.
Grunt now has 39 health remaining

Ranged with 86 health has a 18 total attack points, and attacks Archer with 92 health who has 12 total armour points.
Archer now has 86 health remaining

Archer with 90 health has a 18 total attack points, and attacks Ranged with 100 health who has 14 total armour points.
Ranged now has 96 health remaining

Archer with 82 health has a 18 total attack points, and attacks Grunt with 72 health who has 11 total armour points.
Grunt now has 65 health remaining

Footman with 76 health has a 17 total attack points, and attacks Raider with 92 health who has 13 total armour points.
Raider now has 88 health remaining

Grunt with 74 health has a 17 total attack points, and attacks Archer with 75 health who has 10 total armour points.
Archer now has 68 health remaining

Archer with 91 health has a 18 total attack points, and attacks Raider with 92 health who has 13 total armour points.
Raider now has 87 health remaining

Footman with 66 health has a 17 total attack points, and attacks Ranged with 83 health who has 10 total armour points.
Ranged now has 76 health remaining

Grunt with 59 health has a 17 total attack points, and attacks Archer with 83 health who has 10 total armour points.
Archer now has 76 health remaining

Knight with 64 health has a 22 total attack points, and attacks Grunt with 80 health who has 11 total armour points.
Grunt now has 69 health remaining

Footman with 100 health has a 17 total attack points, and attacks Grunt with 79 health who has 11 total armour points.
Grunt now has 73 health remaining

Archer with 87 health has a 18 total attack points, and attacks Raider with 63 health who has 13 total armour points.
Raider now has 58 health remaining

Raider with 92 health has a 26 total attack points, and attacks Archer with 96 health who has 12 total armour points.
Archer now has 82 health remaining

Spearman with 82 health has a 18 total attack points, and attacks Knight with 82 health who has 13 total armour points.
Knight now has 77 health remaining

Raider with 82 health has a 22 total attack points, and attacks Footman with 64 health who has 11 total armour points.
Footman now has 53 health remaining

Grunt with 93 health has a 17 total attack points, and attacks Archer with 83 health who has 10 total armour points.
Archer now has 76 health remaining

Grunt with 64 health has a 17 total attack points, and attacks Footman with 69 health who has 11 total armour points.
Footman now has 63 health remaining

Ranged with 70 health has a 18 total attack points, and attacks Footman with 75 health who has 11 total armour points.
Footman now has 68 health remaining

Archer with 77 health has a 18 total attack points, and attacks Grunt with 93 health who has 11 total armour points.
Grunt now has 86 health remaining

Footman with 86 health has a 17 total attack points, and attacks Grunt with 82 health who has 11 total armour points.
Grunt now has 76 health remaining

Raider with 85 health has a 22 total attack points, and attacks Archer with 62 health who has 10 total armour points.
Archer now has 50 health remaining

Raider with 100 health has a 22 total attack points, and attacks Footman with 66 health who has 11 total armour points.
Footman now has 55 health remaining

Footman with 65 health has a 17 total attack points, and attacks Grunt with 69 health who has 11 total armour points.
Grunt now has 63 health remaining

Spearman with 74 health has a 18 total attack points, and attacks Knight with 77 health who has 13 total armour points.
Knight now has 72 health remaining

Spearman with 51 health has a 18 total attack points, and attacks Footman with 86 health who has 11 total armour points.
Footman now has 79 health remaining

Raider with 82 health has a 22 total attack points, and attacks Footman with 93 health who has 11 total armour points.
Footman now has 82 health remaining

Spearman with 82 health has a 18 total attack points, and attacks Knight with 75 health who has 13 total armour points.
Knight now has 70 health remaining

Archer with 87 health has a 18 total attack points, and attacks Raider with 100 health who has 13 total armour points.
Raider now has 95 health remaining

Knight with 70 health has a 22 total attack points, and attacks Ranged with 74 health who has 10 total armour points.
Ranged now has 62 health remaining

Footman with 75 health has a 17 total attack points, and attacks Spearman with 91 health who has 10 total armour points.
Spearman now has 84 health remaining

Raider with 82 health has a 22 total attack points, and attacks Footman with 83 health who has 11 total armour points.
Footman now has 72 health remaining

Knight with 87 health has a 22 total attack points, and attacks Raider with 87 health who has 13 total armour points.
Raider now has 78 health remaining

Spearman with 90 health has a 18 total attack points, and attacks Archer with 100 health who has 14 total armour points.
Archer now has 96 health remaining

Archer with 92 health has a 18 total attack points, and attacks Ranged with 86 health who has 10 total armour points.
Ranged now has 78 health remaining

Raider with 83 health has a 22 total attack points, and attacks Archer with 71 health who has 10 total armour points.
Archer now has 59 health remaining

Archer with 91 health has a 18 total attack points, and attacks Spearman with 68 health who has 10 total armour points.
Spearman now has 60 health remaining

Archer with 67 health has a 18 total attack points, and attacks Spearman with 88 health who has 12 total armour points.
Spearman now has 82 health remaining

Footman with 66 health has a 17 total attack points, and attacks Spearman with 78 health who has 10 total armour points.
Spearman now has 71 health remaining

Ranged with 61 health has a 18 total attack points, and attacks Knight with 95 health who has 13 total armour points.
Knight now has 90 health remaining

Archer with 86 health has a 18 total attack points, and attacks Grunt with 86 health who has 11 total armour points.
Grunt now has 79 health remaining

Grunt with 71 health has a 17 total attack points, and attacks Knight with 91 health who has 13 total armour points.
Knight now has 87 health remaining

Grunt with 56 health has a 17 total attack points, and attacks Footman with 87 health who has 11 total armour points.
Footman now has 81 health remaining

Spearman with 97 health has a 18 total attack points, and attacks Knight with 95 health who has 13 total armour points.
Knight now has 90 health remaining

Grunt with 79 health has a 17 total attack points, and attacks Archer with 100 health who has 14 total armour points.
Archer now has 97 health remaining

Archer with 74 health has a 18 total attack points, and attacks Ranged with 68 health who has 10 total armour points.
Ranged now has 60 health remaining

Footman with 68 health has a 17 total attack points, and attacks Ranged with 96 health who has 12 total armour points.
Ranged now has 91 health remaining

Knight with 72 health has a 22 total attack points, and attacks Grunt with 79 health who has 11 total armour points.
Grunt now has 68 health remaining

Knight with 86 health has a 26 total attack points, and attacks Raider with 87 health who has 13 total armour points.
Raider now has 74 health remaining

Knight with 90 health has a 22 total attack points, and attacks Ranged with 71 health who has 10 total armour points.
Ranged now has 59 health remaining

Grunt with 86 health has a 17 total attack points, and attacks Footman with 68 health who has 11 total armour points.
Footman now has 62 health remaining

Knight with 91 health has a 22 total attack points, and attacks Spearman with 82 health who has 10 total armour points.
Spearman now has 70 health remaining

Grunt with 100 health has a 17 total attack points, and attacks Knight with 86 health who has 13 total armour points.
Knight now has 82 health remaining

Archer with 68 health has a 18 total attack points, and attacks Ranged with 96 health who has 12 total armour points.
Ranged now has 90 health remaining

Knight with 87 health has a 22 total attack points, and attacks Ranged with 72 health who has 10 total armour points.
Ranged now has 60 health remaining

Archer with 67 health has a 18 total attack points, and attacks Grunt with 78 health who has 11 total armour points.
Grunt now has 71 health remaining

Archer with 87 health has a 18 total attack points, and attacks Raider with 100 health who has 13 total armour points.
Raider now has 95 health remaining

Spearman with 50 health has a 18 total attack points, and attacks Knight with 90 health who has 13 total armour points.
Knight now has 85 health remaining

Footman with 63 health has a 17 total attack points, and attacks Raider with 91 health who has 13 total armour points.
Raider now has 87 health remaining

Spearman with 90 health has a 18 total attack points, and attacks Archer with 92 health who has 12 total armour points.
Archer now has 86 health remaining

Raider with 86 health has a 22 total attack points, and attacks Knight with 82 health who has 13 total armour points.
Knight now has 73 health remaining

Ranged with 90 health has a 18 total attack points, and attacks Knight with 82 health who has 13 total armour points.
Knight now has 77 health remaining

Footman with 71 health has a 17 total attack points, and attacks Raider with 91 health who has 13 total armour points.
Raider now has 87 health remaining

Archer with 82 health has a 18 total attack points, and attacks Raider with 85 health who has 13 total armour points.
Raider now has 80 health remaining

Raider with 74 health has a 22 total attack points, and attacks Knight with 91 health who has 13 total armour points.
Knight now has 82 health remaining

Grunt with 82 health has a 17 total attack points, and attacks Footman with 63 health who has 11 total armour points.
Footman now has 57 health remaining

Archer with 64 health has a 18 total attack points, and attacks Raider with 81 health who has 13 total armour points.
Raider now has 76 health remaining

Grunt with 93 health has a 17 total attack points, and attacks Knight with 72 health who has 13 total armour points.
Knight now has 68 health remaining

Grunt with 63 health has a 17 total attack points, and attacks Footman with 81 health who has 11 total armour points.
Footman now has 75 health remaining

Knight with 91 health has a 22 total attack points, and attacks Grunt with 86 health who has 11 total armour points.
Grunt now has 75 health remaining

Grunt with 85 health has a 17 total attack points, and attacks Knight with 87 health who has 13 total armour points.
Knight now has 83 health remaining

Archer with 97 health has a 18 total attack points, and attacks Ranged with 78 health who has 10 total armour points.
Ranged now has 70 health remaining

Grunt with 75 health has a 17 total attack points, and attacks Knight with 77 health who has 13 total armour points.
Knight now has 73 health remaining

Ranged with 96 health has a 18 total attack points, and attacks Footman with 67 health who has 11 total armour points.
Footman now has 60 health remaining

Spearman with 70 health has a 18 total attack points, and attacks Knight with 42 health who has 13 total armour points.
Knight now has 37 health remaining

Knight with 52 health has a 22 total attack points, and attacks Raider with 86 health who has 13 total armour points.
Raider now has 77 health remaining

Archer with 83 health has a 18 total attack points, and attacks Ranged with 82 health who has 10 total armour points.
Ranged now has 74 health remaining

Knight with 52 health has a 22 total attack points, and attacks Ranged with 78 health who has 10 total armour points.
Ranged now has 66 health remaining

Archer with 82 health has a 18 total attack points, and attacks Raider with 90 health who has 13 total armour points.
Raider now has 85 health remaining

Ranged with 61 health has a 18 total attack points, and attacks Footman with 82 health who has 11 total armour points.
Footman now has 75 health remaining

Raider with 92 health has a 22 total attack points, and attacks Archer with 96 health who has 12 total armour points.
Archer now has 86 health remaining

Ranged with 83 health has a 18 total attack points, and attacks Archer with 96 health who has 12 total armour points.
Archer now has 90 health remaining

Archer with 83 health has a 18 total attack points, and attacks Grunt with 72 health who has 11 total armour points.
Grunt now has 65 health remaining

Ranged with 90 health has a 18 total attack points, and attacks Knight with 72 health who has 13 total armour points.
Knight now has 67 health remaining

Ranged with 90 health has a 18 total attack points, and attacks Footman with 64 health who has 11 total armour points.
Footman now has 57 health remaining

Knight with 100 health has a 22 total attack points, and attacks Raider with 71 health who has 13 total armour points.
Raider now has 62 health remaining

Ranged with 66 health has a 18 total attack points, and attacks Knight with 100 health who has 13 total armour points.
Knight now has 95 health remaining

Archer with 84 health has a 18 total attack points, and attacks Spearman with 91 health who has 10 total armour points.
Spearman now has 83 health remaining

Spearman with 59 health has a 18 total attack points, and attacks Archer with 76 health who has 10 total armour points.
Archer now has 68 health remaining

Ranged with 54 health has a 18 total attack points, and attacks Knight with 86 health who has 13 total armour points.
Knight now has 81 health remaining

Spearman with 84 health has a 18 total attack points, and attacks Knight with 90 health who has 13 total armour points.
Knight now has 85 health remaining

Archer with 97 health has a 18 total attack points, and attacks Raider with 69 health who has 13 total armour points.
Raider now has 64 health remaining

Archer with 91 health has a 18 total attack points, and attacks Spearman with 96 health who has 12 total armour points.
Spearman now has 90 health remaining

Knight with 87 health has a 22 total attack points, and attacks Spearman with 70 health who has 10 total armour points.
Spearman now has 58 health remaining

Knight with 77 health has a 22 total attack points, and attacks Grunt with 86 health who has 11 total armour points.
Grunt now has 75 health remaining

Archer with 87 health has a 18 total attack points, and attacks Raider with 85 health who has 13 total armour points.
Raider now has 80 health remaining

Archer with 86 health has a 18 total attack points, and attacks Ranged with 83 health who has 10 total armour points.
Ranged now has 75 health remaining

Grunt with 57 health has a 17 total attack points, and attacks Knight with 86 health who has 13 total armour points.
Knight now has 82 health remaining

Archer with 86 health has a 18 total attack points, and attacks Raider with 86 health who has 13 total armour points.
Raider now has 81 health remaining

Knight with 67 health has a 22 total attack points, and attacks Grunt with 82 health who has 11 total armour points.
Grunt now has 71 health remaining

Raider with 81 health has a 26 total attack points, and attacks Knight with 73 health who has 13 total armour points.
Knight now has 60 health remaining

Ranged with 82 health has a 18 total attack points, and attacks Footman with 94 health who has 11 total armour points.
Footman now has 87 health remaining

Grunt with 64 health has a 17 total attack points, and attacks Archer with 54 health who has 10 total armour points.
Archer now has 47 health remaining

Spearman with 78 health has a 18 total attack points, and attacks Archer with 92 health who has 12 total armour points.
Archer now has 86 health remaining

Archer with 82 health has a 18 total attack points, and attacks Spearman with 90 health who has 10 total armour points.
Spearman now has 82 health remaining

Raider with 85 health has a 22 total attack points, and attacks Archer with 88 health who has 12 total armour points.
Archer now has 78 health remaining

Knight with 88 health has a 22 total attack points, and attacks Ranged with 100 health who has 14 total armour points.
Ranged now has 92 health remaining

Knight with 95 health has a 22 total attack points, and attacks Grunt with 64 health who has 11 total armour points.
Grunt now has 53 health remaining

Spearman with 69 health has a 18 total attack points, and attacks Archer with 86 health who has 10 total armour points.
Archer now has 78 health remaining

Footman with 57 health has a 17 total attack points, and attacks Spearman with 51 health who has 10 total armour points.
Spearman now has 44 health remaining

Knight with 55 health has a 26 total attack points, and attacks Ranged with 66 health who has 10 total armour points.
Ranged now has 50 health remaining

Raider with 85 health has a 22 total attack points, and attacks Archer with 86 health who has 10 total armour points.
Archer now has 74 health remaining

Raider with 77 health has a 22 total attack points, and attacks Footman with 65 health who has 11 total armour points.
Footman now has 54 health remaining

Footman with 73 health has a 17 total attack points, and attacks Ranged with 90 health who has 10 total armour points.
Ranged now has 83 health remaining

Archer with 87 health has a 18 total attack points, and attacks Ranged with 63 health who has 10 total armour points.
Ranged now has 55 health remaining

Grunt with 59 health has a 17 total attack points, and attacks Archer with 78 health who has 10 total armour points.
Archer now has 71 health remaining

Footman with 82 health has a 17 total attack points, and attacks Grunt with 63 health who has 11 total armour points.
Grunt now has 57 health remaining

Knight with 91 health has a 22 total attack points, and attacks Raider with 73 health who has 13 total armour points.
Raider now has 64 health remaining

Knight with 60 health has a 22 total attack points, and attacks Raider with 95 health who has 13 total armour points.
Raider now has 86 health remaining

Ranged with 76 health has a 18 total attack points, and attacks Footman with 76 health who has 11 total armour points.
Footman now has 69 health remaining

Ranged with 96 health has a 18 total attack points, and attacks Knight with 81 health who has 13 total armour points.
Knight now has 76 health remaining

Grunt with 51 health has a 17 total attack points, and attacks Knight with 78 health who has 13 total armour points.
Knight now has 74 health remaining

Grunt with 85 health has a 17 total attack points, and attacks Archer with 82 health who has 10 total armour points.
Archer now has 75 health remaining

Archer with 86 health has a 18 total attack points, and attacks Spearman with 75 health who has 10 total armour points.
Spearman now has 67 health remaining

Raider with 56 health has a 22 total attack points, and attacks Knight with 71 health who has 13 total armour points.
Knight now has 62 health remaining

Raider with 92 health has a 22 total attack points, and attacks Archer with 96 health who has 12 total armour points.
Archer now has 86 health remaining

Archer with 66 health has a 18 total attack points, and attacks Spearman with 88 health who has 12 total armour points.
Spearman now has 82 health remaining

Archer with 92 health has a 18 total attack points, and attacks Grunt with 72 health who has 11 total armour points.
Grunt now has 65 health remaining

Knight with 76 health has a 22 total attack points, and attacks Ranged with 100 health who has 14 total armour points.
Ranged now has 92 health remaining

Footman with 93 health has a 17 total attack points, and attacks Raider with 72 health who has 13 total armour points.
Raider now has 68 health remaining

Archer with 97 health has a 18 total attack points, and attacks Ranged with 100 health who has 14 total armour points.
Ranged now has 96 health remaining

Archer with 76 health has a 18 total attack points, and attacks Grunt with 93 health who has 11 total armour points.
Grunt now has 86 health remaining

Ranged with 70 health has a 18 total attack points, and attacks Archer with 100 health who has 14 total armour points.
Archer now has 96 health remaining

Ranged with 83 health has a 18 total attack points, and attacks Knight with 95 health who has 13 total armour points.
Knight now has 90 health remaining

Grunt with 57 health has a 17 total attack points, and attacks Archer with 78 health who has 10 total armour points.
Archer now has 71 health remaining

Archer with 63 health has a 18 total attack points, and attacks Spearman with 100 health who has 14 total armour points.
Spearman now has 96 health remaining

Archer with 100 health has a 18 total attack points, and attacks Spearman with 82 health who has 10 total armour points.
Spearman now has 74 health remaining

Knight with 100 health has a 22 total attack points, and attacks Grunt with 61 health who has 11 total armour points.
Grunt now has 50 health remaining

Knight with 72 health has a 22 total attack points, and attacks Grunt with 83 health who has 11 total armour points.
Grunt now has 72 health remaining

Grunt with 82 health has a 17 total attack points, and attacks Archer with 90 health who has 10 total armour points.
Archer now has 83 health remaining

Footman with 75 health has a 17 total attack points, and attacks Raider with 90 health who has 13 total armour points.
Raider now has 86 health remaining

Grunt with 73 health has a 17 total attack points, and attacks Archer with 58 health who has 10 total armour points.
Archer now has 51 health remaining

Archer with 76 health has a 18 total attack points, and attacks Ranged with 84 health who has 10 total armour points.
Ranged now has 76 health remaining

Grunt with 86 health has a 17 total attack points, and attacks Knight with 76 health who has 13 total armour points.
Knight now has 72 health remaining

Archer with 90 health has a 18 total attack points, and attacks Gul´dan with 178 health who has 16 total armour points.
Gul´dan now has 176 health remaining

Grunt with 80 health has a 17 total attack points, and attacks Knight with 60 health who has 13 total armour points.
Knight now has 56 health remaining

Archer with 91 health has a 18 total attack points, and attacks Ranged with 60 health who has 10 total armour points.
Ranged now has 52 health remaining

Archer with 96 health has a 18 total attack points, and attacks Raider with 64 health who has 13 total armour points.
Raider now has 59 health remaining

Raider with 82 health has a 22 total attack points, and attacks Knight with 68 health who has 13 total armour points.
Knight now has 59 health remaining

Spearman with 84 health has a 18 total attack points, and attacks Knight with 73 health who has 13 total armour points.
Knight now has 68 health remaining

Archer with 79 health has a 18 total attack points, and attacks Raider with 58 health who has 13 total armour points.
Raider now has 53 health remaining

Spearman with 78 health has a 18 total attack points, and attacks Archer with 90 health who has 10 total armour points.
Archer now has 82 health remaining

Archer with 82 health has a 18 total attack points, and attacks Grunt with 63 health who has 11 total armour points.
Grunt now has 56 health remaining

Knight with 72 health has a 22 total attack points, and attacks Spearman with 59 health who has 10 total armour points.
Spearman now has 47 health remaining

Spearman with 91 health has a 18 total attack points, and attacks Archer with 91 health who has 10 total armour points.
Archer now has 83 health remaining

Archer with 97 health has a 18 total attack points, and attacks Spearman with 71 health who has 10 total armour points.
Spearman now has 63 health remaining

Footman with 63 health has a 17 total attack points, and attacks Grunt with 71 health who has 11 total armour points.
Grunt now has 65 health remaining

Footman with 54 health has a 17 total attack points, and attacks Raider with 92 health who has 13 total armour points.
Raider now has 88 health remaining

Raider with 60 health has a 22 total attack points, and attacks Footman with 89 health who has 11 total armour points.
Footman now has 78 health remaining

Footman with 82 health has a 17 total attack points, and attacks Ranged with 61 health who has 10 total armour points.
Ranged now has 54 health remaining

Grunt with 79 health has a 17 total attack points, and attacks Knight with 85 health who has 13 total armour points.
Knight now has 81 health remaining

Spearman with 91 health has a 18 total attack points, and attacks Footman with 87 health who has 11 total armour points.
Footman now has 80 health remaining

Knight with 95 health has a 22 total attack points, and attacks Raider with 83 health who has 13 total armour points.
Raider now has 74 health remaining

Archer with 86 health has a 18 total attack points, and attacks Raider with 79 health who has 13 total armour points.
Raider now has 74 health remaining

Raider with 86 health has a 22 total attack points, and attacks Archer with 47 health who has 10 total armour points.
Archer now has 35 health remaining

Ranged with 54 health has a 18 total attack points, and attacks Knight with 91 health who has 13 total armour points.
Knight now has 86 health remaining

Ranged with 97 health has a 18 total attack points, and attacks Mountain King with 168 health who has 16 total armour points.
Mountain King now has 166 health remaining

Grunt with 50 health has a 17 total attack points, and attacks Archer with 78 health who has 10 total armour points.
Archer now has 71 health remaining

Knight with 87 health has a 22 total attack points, and attacks Raider with 95 health who has 13 total armour points.
Raider now has 86 health remaining

Footman with 86 health has a 17 total attack points, and attacks Spearman with 78 health who has 10 total armour points.
Spearman now has 71 health remaining

Footman with 54 health has a 17 total attack points, and attacks Spearman with 82 health who has 10 total armour points.
Spearman now has 75 health remaining

Footman with 93 health has a 17 total attack points, and attacks Ranged with 76 health who has 10 total armour points.
Ranged now has 69 health remaining

Footman with 81 health has a 17 total attack points, and attacks Ranged with 51 health who has 10 total armour points.
Ranged now has 44 health remaining

Archer with 67 health has a 18 total attack points, and attacks Raider with 74 health who has 13 total armour points.
Raider now has 69 health remaining

Ranged with 96 health has a 18 total attack points, and attacks Archer with 92 health who has 12 total armour points.
Archer now has 86 health remaining

Raider with 91 health has a 22 total attack points, and attacks Archer with 91 health who has 10 total armour points.
Archer now has 79 health remaining

Archer with 72 health has a 18 total attack points, and attacks Ranged with 85 health who has 10 total armour points.
Ranged now has 77 health remaining

Archer with 90 health has a 18 total attack points, and attacks Spearman with 56 health who has 10 total armour points.
Spearman now has 48 health remaining

Footman with 58 health has a 17 total attack points, and attacks Spearman with 78 health who has 10 total armour points.
Spearman now has 71 health remaining

Archer with 79 health has a 18 total attack points, and attacks Ranged with 96 health who has 12 total armour points.
Ranged now has 90 health remaining

Grunt with 73 health has a 17 total attack points, and attacks Archer with 97 health who has 12 total armour points.
Archer now has 92 health remaining

Footman with 94 health has a 17 total attack points, and attacks Raider with 95 health who has 13 total armour points.
Raider now has 91 health remaining

Grunt with 75 health has a 17 total attack points, and attacks Archer with 63 health who has 10 total armour points.
Archer now has 56 health remaining

Knight with 82 health has a 26 total attack points, and attacks Grunt with 38 health who has 11 total armour points.
Grunt now has 23 health remaining

Spearman with 84 health has a 18 total attack points, and attacks Archer with 50 health who has 10 total armour points.
Archer now has 42 health remaining

Knight with 59 health has a 22 total attack points, and attacks Spearman with 78 health who has 10 total armour points.
Spearman now has 66 health remaining

Archer with 75 health has a 18 total attack points, and attacks Grunt with 70 health who has 11 total armour points.
Grunt now has 63 health remaining

Spearman with 69 health has a 18 total attack points, and attacks Knight with 72 health who has 13 total armour points.
Knight now has 67 health remaining

Spearman with 73 health has a 18 total attack points, and attacks Footman with 78 health who has 11 total armour points.
Footman now has 71 health remaining

Footman with 71 health has a 17 total attack points, and attacks Raider with 69 health who has 13 total armour points.
Raider now has 65 health remaining

Knight with 86 health has a 22 total attack points, and attacks Ranged with 96 health who has 12 total armour points.
Ranged now has 86 health remaining

Raider with 95 health has a 22 total attack points, and attacks Archer with 90 health who has 10 total armour points.
Archer now has 78 health remaining

Footman with 88 health has a 17 total attack points, and attacks Spearman with 78 health who has 10 total armour points.
Spearman now has 71 health remaining

Raider with 91 health has a 22 total attack points, and attacks Archer with 68 health who has 10 total armour points.
Archer now has 56 health remaining

Archer with 87 health has a 18 total attack points, and attacks Spearman with 74 health who has 10 total armour points.
Spearman now has 66 health remaining

Archer with 82 health has a 18 total attack points, and attacks Raider with 81 health who has 13 total armour points.
Raider now has 76 health remaining

Archer with 71 health has a 18 total attack points, and attacks Ranged with 100 health who has 14 total armour points.
Ranged now has 96 health remaining

Archer with 66 health has a 18 total attack points, and attacks Ranged with 91 health who has 10 total armour points.
Ranged now has 83 health remaining

Archer with 100 health has a 18 total attack points, and attacks Ranged with 67 health who has 10 total armour points.
Ranged now has 59 health remaining

Spearman with 97 health has a 18 total attack points, and attacks Footman with 79 health who has 11 total armour points.
Footman now has 72 health remaining

Raider with 82 health has a 22 total attack points, and attacks Knight with 76 health who has 13 total armour points.
Knight now has 67 health remaining

Archer with 67 health has a 18 total attack points, and attacks Ranged with 79 health who has 10 total armour points.
Ranged now has 71 health remaining

Ranged with 74 health has a 18 total attack points, and attacks Knight with 87 health who has 13 total armour points.
Knight now has 82 health remaining

Archer with 31 health has a 18 total attack points, and attacks Raider with 77 health who has 13 total armour points.
Raider now has 72 health remaining

Ranged with 90 health has a 18 total attack points, and attacks Footman with 85 health who has 11 total armour points.
Footman now has 78 health remaining

Grunt with 100 health has a 17 total attack points, and attacks Archer with 71 health who has 10 total armour points.
Archer now has 64 health remaining

Ranged with 78 health has a 18 total attack points, and attacks Footman with 53 health who has 11 total armour points.
Footman now has 46 health remaining

Spearman with 100 health has a 18 total attack points, and attacks Archer with 90 health who has 10 total armour points.
Archer now has 82 health remaining

Footman with 63 health has a 17 total attack points, and attacks Raider with 82 health who has 13 total armour points.
Raider now has 78 health remaining

Spearman with 71 health has a 18 total attack points, and attacks Knight with 87 health who has 13 total armour points.
Knight now has 82 health remaining

Grunt with 86 health has a 17 total attack points, and attacks Footman with 75 health who has 11 total armour points.
Footman now has 69 health remaining

Archer with 63 health has a 18 total attack points, and attacks Raider with 100 health who has 13 total armour points.
Raider now has 95 health remaining

Raider with 95 health has a 22 total attack points, and attacks Knight with 95 health who has 13 total armour points.
Knight now has 86 health remaining

Grunt with 87 health has a 17 total attack points, and attacks Footman with 57 health who has 11 total armour points.
Footman now has 51 health remaining

Footman with 53 health has a 17 total attack points, and attacks Ranged with 52 health who has 10 total armour points.
Ranged now has 45 health remaining

Raider with 95 health has a 22 total attack points, and attacks Archer with 86 health who has 10 total armour points.
Archer now has 74 health remaining

Archer with 100 health has a 18 total attack points, and attacks Ranged with 71 health who has 10 total armour points.
Ranged now has 63 health remaining

Raider with 92 health has a 22 total attack points, and attacks Knight with 67 health who has 13 total armour points.
Knight now has 58 health remaining

Knight with 88 health has a 22 total attack points, and attacks Grunt with 59 health who has 11 total armour points.
Grunt now has 48 health remaining

Knight with 91 health has a 22 total attack points, and attacks Grunt with 57 health who has 11 total armour points.
Grunt now has 46 health remaining

Spearman with 75 health has a 18 total attack points, and attacks Footman with 79 health who has 11 total armour points.
Footman now has 72 health remaining

Raider with 95 health has a 22 total attack points, and attacks Knight with 82 health who has 13 total armour points.
Knight now has 73 health remaining

Knight with 100 health has a 22 total attack points, and attacks Raider with 78 health who has 13 total armour points.
Raider now has 69 health remaining

Ranged with 66 health has a 18 total attack points, and attacks Footman with 72 health who has 11 total armour points.
Footman now has 65 health remaining

Archer with 82 health has a 18 total attack points, and attacks Spearman with 92 health who has 10 total armour points.
Spearman now has 84 health remaining

Raider with 68 health has a 22 total attack points, and attacks Footman with 82 health who has 11 total armour points.
Footman now has 71 health remaining

Knight with 90 health has a 22 total attack points, and attacks Spearman with 79 health who has 10 total armour points.
Spearman now has 67 health remaining

Spearman with 84 health has a 18 total attack points, and attacks Footman with 75 health who has 11 total armour points.
Footman now has 68 health remaining

Archer with 59 health has a 18 total attack points, and attacks Raider with 85 health who has 13 total armour points.
Raider now has 80 health remaining

Raider with 69 health has a 22 total attack points, and attacks Knight with 91 health who has 13 total armour points.
Knight now has 82 health remaining

Grunt with 73 health has a 17 total attack points, and attacks Archer with 83 health who has 10 total armour points.
Archer now has 76 health remaining

Raider with 77 health has a 22 total attack points, and attacks Archer with 87 health who has 10 total armour points.
Archer now has 75 health remaining

Knight with 83 health has a 22 total attack points, and attacks Grunt with 80 health who has 11 total armour points.
Grunt now has 69 health remaining

Archer with 48 health has a 18 total attack points, and attacks Ranged with 90 health who has 10 total armour points.
Ranged now has 82 health remaining

Archer with 90 health has a 18 total attack points, and attacks Ranged with 67 health who has 10 total armour points.
Ranged now has 59 health remaining

Spearman with 90 health has a 18 total attack points, and attacks Knight with 82 health who has 13 total armour points.
Knight now has 77 health remaining

Knight with 87 health has a 22 total attack points, and attacks Ranged with 91 health who has 10 total armour points.
Ranged now has 79 health remaining

Raider with 95 health has a 22 total attack points, and attacks Archer with 92 health who has 12 total armour points.
Archer now has 82 health remaining

Grunt with 38 health has a 17 total attack points, and attacks Archer with 92 health who has 12 total armour points.
Archer now has 87 health remaining

Archer with 86 health has a 18 total attack points, and attacks Grunt with 93 health who has 11 total armour points.
Grunt now has 86 health remaining

Footman with 55 health has a 17 total attack points, and attacks Raider with 69 health who has 13 total armour points.
Raider now has 65 health remaining

Archer with 97 health has a 18 total attack points, and attacks Spearman with 83 health who has 10 total armour points.
Spearman now has 75 health remaining

Knight with 87 health has a 22 total attack points, and attacks Grunt with 65 health who has 11 total armour points.
Grunt now has 54 health remaining

Spearman with 79 health has a 18 total attack points, and attacks Archer with 67 health who has 10 total armour points.
Archer now has 59 health remaining

Grunt with 73 health has a 17 total attack points, and attacks Knight with 91 health who has 13 total armour points.
Knight now has 87 health remaining

Ranged with 96 health has a 18 total attack points, and attacks Footman with 76 health who has 11 total armour points.
Footman now has 69 health remaining

Grunt with 94 health has a 17 total attack points, and attacks Archer with 92 health who has 12 total armour points.
Archer now has 87 health remaining

Footman with 60 health has a 17 total attack points, and attacks Raider with 95 health who has 13 total armour points.
Raider now has 91 health remaining

Footman with 72 health has a 17 total attack points, and attacks Grunt with 65 health who has 11 total armour points.
Grunt now has 59 health remaining

Spearman with 63 health has a 18 total attack points, and attacks Archer with 97 health who has 12 total armour points.
Archer now has 91 health remaining

Footman with 85 health has a 17 total attack points, and attacks Grunt with 50 health who has 11 total armour points.
Grunt now has 44 health remaining

Archer with 76 health has a 18 total attack points, and attacks Raider with 95 health who has 13 total armour points.
Raider now has 90 health remaining

Footman with 88 health has a 17 total attack points, and attacks Grunt with 69 health who has 11 total armour points.
Grunt now has 63 health remaining

Archer with 79 health has a 18 total attack points, and attacks Spearman with 70 health who has 10 total armour points.
Spearman now has 62 health remaining

Spearman with 86 health has a 18 total attack points, and attacks Footman with 69 health who has 11 total armour points.
Footman now has 62 health remaining

Knight with 100 health has a 22 total attack points, and attacks Spearman with 75 health who has 10 total armour points.
Spearman now has 63 health remaining

Spearman with 69 health has a 18 total attack points, and attacks Archer with 90 health who has 10 total armour points.
Archer now has 82 health remaining

Knight with 100 health has a 22 total attack points, and attacks Grunt with 76 health who has 11 total armour points.
Grunt now has 65 health remaining

Archer with 84 health has a 18 total attack points, and attacks Ranged with 76 health who has 10 total armour points.
Ranged now has 68 health remaining

Footman with 72 health has a 17 total attack points, and attacks Ranged with 82 health who has 10 total armour points.
Ranged now has 75 health remaining

Spearman with 75 health has a 18 total attack points, and attacks Knight with 95 health who has 13 total armour points.
Knight now has 90 health remaining

Knight with 64 health has a 22 total attack points, and attacks Ranged with 50 health who has 10 total armour points.
Ranged now has 38 health remaining

Grunt with 64 health has a 17 total attack points, and attacks Footman with 86 health who has 11 total armour points.
Footman now has 80 health remaining

Spearman with 55 health has a 18 total attack points, and attacks Footman with 100 health who has 11 total armour points.
Footman now has 93 health remaining

Spearman with 62 health has a 18 total attack points, and attacks Archer with 86 health who has 10 total armour points.
Archer now has 78 health remaining

Raider with 96 health has a 22 total attack points, and attacks Knight with 90 health who has 13 total armour points.
Knight now has 81 health remaining

Raider with 86 health has a 22 total attack points, and attacks Knight with 96 health who has 13 total armour points.
Knight now has 87 health remaining

Ranged with 59 health has a 18 total attack points, and attacks Knight with 59 health who has 13 total armour points.
Knight now has 54 health remaining

Grunt with 100 health has a 17 total attack points, and attacks Archer with 90 health who has 10 total armour points.
Archer now has 83 health remaining

Archer with 91 health has a 18 total attack points, and attacks Spearman with 97 health who has 12 total armour points.
Spearman now has 91 health remaining

Raider with 83 health has a 22 total attack points, and attacks Archer with 84 health who has 10 total armour points.
Archer now has 72 health remaining

Footman with 76 health has a 17 total attack points, and attacks Raider with 80 health who has 13 total armour points.
Raider now has 76 health remaining

Grunt with 86 health has a 17 total attack points, and attacks Archer with 70 health who has 10 total armour points.
Archer now has 63 health remaining

Spearman with 90 health has a 18 total attack points, and attacks Archer with 58 health who has 10 total armour points.
Archer now has 50 health remaining

Raider with 91 health has a 22 total attack points, and attacks Footman with 86 health who has 11 total armour points.
Footman now has 75 health remaining

Footman with 87 health has a 17 total attack points, and attacks Raider with 80 health who has 13 total armour points.
Raider now has 76 health remaining

Footman with 78 health has a 17 total attack points, and attacks Grunt with 82 health who has 11 total armour points.
Grunt now has 76 health remaining

Archer with 49 health has a 18 total attack points, and attacks Ranged with 76 health who has 10 total armour points.
Ranged now has 68 health remaining

Archer with 82 health has a 18 total attack points, and attacks Spearman with 90 health who has 10 total armour points.
Spearman now has 82 health remaining

Grunt with 72 health has a 17 total attack points, and attacks Archer with 72 health who has 10 total armour points.
Archer now has 65 health remaining

Raider with 82 health has a 22 total attack points, and attacks Knight with 100 health who has 13 total armour points.
Knight now has 91 health remaining

Raider with 100 health has a 22 total attack points, and attacks Archer with 76 health who has 10 total armour points.
Archer now has 64 health remaining

Spearman with 91 health has a 18 total attack points, and attacks Footman with 86 health who has 11 total armour points.
Footman now has 79 health remaining

Knight with 64 health has a 22 total attack points, and attacks Spearman with 91 health who has 10 total armour points.
Spearman now has 79 health remaining

Footman with 71 health has a 17 total attack points, and attacks Grunt with 56 health who has 11 total armour points.
Grunt now has 50 health remaining

Knight with 55 health has a 22 total attack points, and attacks Grunt with 61 health who has 11 total armour points.
Grunt now has 50 health remaining

Knight with 82 health has a 22 total attack points, and attacks Grunt with 59 health who has 11 total armour points.
Grunt now has 48 health remaining

Spearman with 90 health has a 18 total attack points, and attacks Archer with 76 health who has 10 total armour points.
Archer now has 68 health remaining

Footman with 71 health has a 17 total attack points, and attacks Grunt with 65 health who has 11 total armour points.
Grunt now has 59 health remaining

Grunt with 80 health has a 17 total attack points, and attacks Footman with 74 health who has 11 total armour points.
Footman now has 68 health remaining

Knight with 91 health has a 22 total attack points, and attacks Grunt with 67 health who has 11 total armour points.
Grunt now has 56 health remaining

Spearman with 91 health has a 18 total attack points, and attacks Archer with 92 health who has 12 total armour points.
Archer now has 86 health remaining

Knight with 95 health has a 22 total attack points, and attacks Spearman with 82 health who has 10 total armour points.
Spearman now has 70 health remaining

Knight with 64 health has a 22 total attack points, and attacks Grunt with 39 health who has 11 total armour points.
Grunt now has 28 health remaining

Knight with 52 health has a 22 total attack points, and attacks Raider with 95 health who has 13 total armour points.
Raider now has 86 health remaining

Raider with 82 health has a 22 total attack points, and attacks Archer with 90 health who has 10 total armour points.
Archer now has 78 health remaining

Raider with 86 health has a 22 total attack points, and attacks Footman with 58 health who has 11 total armour points.
Footman now has 47 health remaining

Raider with 64 health has a 22 total attack points, and attacks Footman with 60 health who has 11 total armour points.
Footman now has 49 health remaining

Grunt with 79 health has a 17 total attack points, and attacks Knight with 86 health who has 13 total armour points.
Knight now has 82 health remaining

Spearman with 90 health has a 18 total attack points, and attacks Archer with 71 health who has 10 total armour points.
Archer now has 63 health remaining

Archer with 75 health has a 18 total attack points, and attacks Spearman with 97 health who has 12 total armour points.
Spearman now has 91 health remaining

Knight with 86 health has a 22 total attack points, and attacks Ranged with 59 health who has 10 total armour points.
Ranged now has 47 health remaining

Spearman with 67 health has a 18 total attack points, and attacks Archer with 96 health who has 12 total armour points.
Archer now has 90 health remaining

Raider with 64 health has a 22 total attack points, and attacks Knight with 64 health who has 13 total armour points.
Knight now has 55 health remaining

Grunt with 100 health has a 17 total attack points, and attacks Footman with 62 health who has 11 total armour points.
Footman now has 56 health remaining

Raider with 82 health has a 22 total attack points, and attacks Knight with 90 health who has 13 total armour points.
Knight now has 81 health remaining

Footman with 93 health has a 17 total attack points, and attacks Grunt with 86 health who has 11 total armour points.
Grunt now has 80 health remaining

Knight with 87 health has a 22 total attack points, and attacks Spearman with 82 health who has 10 total armour points.
Spearman now has 70 health remaining

Archer with 83 health has a 18 total attack points, and attacks Grunt with 44 health who has 11 total armour points.
Grunt now has 37 health remaining

Archer with 100 health has a 18 total attack points, and attacks Grunt with 100 health who has 11 total armour points.
Grunt now has 93 health remaining

Archer with 65 health has a 18 total attack points, and attacks Raider with 86 health who has 13 total armour points.
Raider now has 81 health remaining

Archer with 72 health has a 18 total attack points, and attacks Grunt with 86 health who has 11 total armour points.
Grunt now has 79 health remaining

Ranged with 83 health has a 18 total attack points, and attacks Archer with 86 health who has 10 total armour points.
Archer now has 78 health remaining

Spearman with 87 health has a 18 total attack points, and attacks Archer with 62 health who has 10 total armour points.
Archer now has 54 health remaining

Knight with 68 health has a 22 total attack points, and attacks Grunt with 73 health who has 11 total armour points.
Grunt now has 62 health remaining

Knight with 81 health has a 22 total attack points, and attacks Ranged with 86 health who has 10 total armour points.
Ranged now has 74 health remaining

Grunt with 79 health has a 17 total attack points, and attacks Archer with 78 health who has 10 total armour points.
Archer now has 71 health remaining

Knight with 73 health has a 22 total attack points, and attacks Grunt with 100 health who has 11 total armour points.
Grunt now has 89 health remaining

Archer with 71 health has a 18 total attack points, and attacks Ranged with 70 health who has 10 total armour points.
Ranged now has 62 health remaining

Ranged with 66 health has a 18 total attack points, and attacks Archer with 78 health who has 10 total armour points.
Archer now has 70 health remaining

Archer with 56 health has a 18 total attack points, and attacks Grunt with 79 health who has 11 total armour points.
Grunt now has 72 health remaining

Knight with 86 health has a 22 total attack points, and attacks Ranged with 92 health who has 10 total armour points.
Ranged now has 80 health remaining

Archer with 71 health has a 18 total attack points, and attacks Ranged with 59 health who has 10 total armour points.
Ranged now has 51 health remaining

Ranged with 88 health has a 18 total attack points, and attacks Archer with 91 health who has 10 total armour points.
Archer now has 83 health remaining

Archer with 74 health has a 18 total attack points, and attacks Grunt with 72 health who has 11 total armour points.
Grunt now has 65 health remaining

Archer with 92 health has a 18 total attack points, and attacks Raider with 82 health who has 13 total armour points.
Raider now has 77 health remaining

Grunt with 44 health has a 17 total attack points, and attacks Knight with 86 health who has 13 total armour points.
Knight now has 82 health remaining

Spearman with 82 health has a 18 total attack points, and attacks Knight with 54 health who has 13 total armour points.
Knight now has 49 health remaining

Knight with 55 health has a 22 total attack points, and attacks Ranged with 38 health who has 10 total armour points.
Ranged now has 26 health remaining

Spearman with 71 health has a 18 total attack points, and attacks Knight with 76 health who has 13 total armour points.
Knight now has 71 health remaining

Grunt with 59 health has a 17 total attack points, and attacks Archer with 90 health who has 10 total armour points.
Archer now has 83 health remaining

Archer with 67 health has a 18 total attack points, and attacks Spearman with 91 health who has 10 total armour points.
Spearman now has 83 health remaining

Footman with 64 health has a 17 total attack points, and attacks Grunt with 73 health who has 11 total armour points.
Grunt now has 67 health remaining

Raider with 59 health has a 22 total attack points, and attacks Knight with 67 health who has 13 total armour points.
Knight now has 58 health remaining

Footman with 54 health has a 17 total attack points, and attacks Spearman with 74 health who has 10 total armour points.
Spearman now has 67 health remaining

Knight with 82 health has a 22 total attack points, and attacks Raider with 91 health who has 13 total armour points.
Raider now has 82 health remaining

Ranged with 68 health has a 18 total attack points, and attacks Archer with 74 health who has 10 total armour points.
Archer now has 66 health remaining

Ranged with 74 health has a 18 total attack points, and attacks Archer with 78 health who has 10 total armour points.
Archer now has 70 health remaining

Archer with 97 health has a 18 total attack points, and attacks Ranged with 58 health who has 10 total armour points.
Ranged now has 50 health remaining

Grunt with 94 health has a 17 total attack points, and attacks Archer with 91 health who has 10 total armour points.
Archer now has 84 health remaining

Grunt with 56 health has a 17 total attack points, and attacks Archer with 83 health who has 10 total armour points.
Archer now has 76 health remaining

Archer with 86 health has a 18 total attack points, and attacks Grunt with 71 health who has 11 total armour points.
Grunt now has 64 health remaining

Raider with 76 health has a 22 total attack points, and attacks Footman with 88 health who has 11 total armour points.
Footman now has 77 health remaining

Raider with 91 health has a 22 total attack points, and attacks Knight with 68 health who has 13 total armour points.
Knight now has 59 health remaining

Footman with 60 health has a 17 total attack points, and attacks Raider with 76 health who has 13 total armour points.
Raider now has 72 health remaining

Ranged with 63 health has a 18 total attack points, and attacks Archer with 82 health who has 10 total armour points.
Archer now has 74 health remaining

Raider with 78 health has a 22 total attack points, and attacks Archer with 92 health who has 12 total armour points.
Archer now has 82 health remaining

Raider with 86 health has a 22 total attack points, and attacks Knight with 72 health who has 13 total armour points.
Knight now has 63 health remaining

Raider with 100 health has a 22 total attack points, and attacks Knight with 82 health who has 13 total armour points.
Knight now has 73 health remaining

Footman with 88 health has a 17 total attack points, and attacks Ranged with 92 health who has 12 total armour points.
Ranged now has 87 health remaining

Footman with 100 health has a 17 total attack points, and attacks Raider with 100 health who has 13 total armour points.
Raider now has 96 health remaining

Raider with 64 health has a 22 total attack points, and attacks Archer with 74 health who has 10 total armour points.
Archer now has 62 health remaining

Ranged with 26 health has a 18 total attack points, and attacks Footman with 93 health who has 11 total armour points.
Footman now has 86 health remaining

Knight with 58 health has a 26 total attack points, and attacks Spearman with 83 health who has 10 total armour points.
Spearman now has 67 health remaining

Ranged with 83 health has a 18 total attack points, and attacks Knight with 77 health who has 13 total armour points.
Knight now has 72 health remaining

Knight with 82 health has a 26 total attack points, and attacks Spearman with 83 health who has 10 total armour points.
Spearman now has 67 health remaining

Spearman with 84 health has a 18 total attack points, and attacks Footman with 81 health who has 11 total armour points.
Footman now has 74 health remaining

Spearman with 82 health has a 18 total attack points, and attacks Knight with 100 health who has 13 total armour points.
Knight now has 95 health remaining

Spearman with 82 health has a 18 total attack points, and attacks Archer with 86 health who has 10 total armour points.
Archer now has 78 health remaining

Ranged with 70 health has a 18 total attack points, and attacks Archer with 74 health who has 10 total armour points.
Archer now has 66 health remaining

Ranged with 91 health has a 18 total attack points, and attacks Knight with 95 health who has 13 total armour points.
Knight now has 90 health remaining

Spearman with 55 health has a 18 total attack points, and attacks Footman with 79 health who has 11 total armour points.
Footman now has 72 health remaining

Archer with 82 health has a 18 total attack points, and attacks Grunt with 87 health who has 11 total armour points.
Grunt now has 80 health remaining

Archer with 82 health has a 18 total attack points, and attacks Raider with 65 health who has 13 total armour points.
Raider now has 60 health remaining

Grunt with 46 health has a 17 total attack points, and attacks Footman with 82 health who has 11 total armour points.
Footman now has 76 health remaining

Knight with 77 health has a 22 total attack points, and attacks Ranged with 83 health who has 10 total armour points.
Ranged now has 71 health remaining

Grunt with 46 health has a 17 total attack points, and attacks Archer with 90 health who has 10 total armour points.
Archer now has 83 health remaining

Archer with 70 health has a 18 total attack points, and attacks Spearman with 79 health who has 10 total armour points.
Spearman now has 71 health remaining

Spearman with 90 health has a 18 total attack points, and attacks Footman with 93 health who has 11 total armour points.
Footman now has 86 health remaining

Spearman with 67 health has a 18 total attack points, and attacks Knight with 78 health who has 13 total armour points.
Knight now has 73 health remaining

Knight with 95 health has a 22 total attack points, and attacks Grunt with 100 health who has 11 total armour points.
Grunt now has 89 health remaining

Spearman with 82 health has a 18 total attack points, and attacks Knight with 100 health who has 13 total armour points.
Knight now has 95 health remaining

Footman with 76 health has a 17 total attack points, and attacks Ranged with 69 health who has 10 total armour points.
Ranged now has 62 health remaining

Footman with 58 health has a 17 total attack points, and attacks Ranged with 79 health who has 10 total armour points.
Ranged now has 72 health remaining

Footman with 51 health has a 17 total attack points, and attacks Raider with 86 health who has 13 total armour points.
Raider now has 82 health remaining

Archer with 83 health has a 18 total attack points, and attacks Spearman with 82 health who has 10 total armour points.
Spearman now has 74 health remaining

Spearman with 60 health has a 18 total attack points, and attacks Knight with 73 health who has 13 total armour points.
Knight now has 68 health remaining

Grunt with 48 health has a 17 total attack points, and attacks Archer with 86 health who has 10 total armour points.
Archer now has 79 health remaining

Spearman with 63 health has a 18 total attack points, and attacks Footman with 78 health who has 11 total armour points.
Footman now has 71 health remaining

Knight with 64 health has a 22 total attack points, and attacks Ranged with 47 health who has 10 total armour points.
Ranged now has 35 health remaining

Archer with 59 health has a 18 total attack points, and attacks Ranged with 68 health who has 10 total armour points.
Ranged now has 60 health remaining

Ranged with 76 health has a 18 total attack points, and attacks Footman with 88 health who has 11 total armour points.
Footman now has 81 health remaining

Spearman with 92 health has a 18 total attack points, and attacks Archer with 92 health who has 12 total armour points.
Archer now has 86 health remaining

Ranged with 63 health has a 18 total attack points, and attacks Knight with 82 health who has 13 total armour points.
Knight now has 77 health remaining

Spearman with 67 health has a 18 total attack points, and attacks Footman with 53 health who has 11 total armour points.
Footman now has 46 health remaining

Footman with 77 health has a 17 total attack points, and attacks Grunt with 81 health who has 11 total armour points.
Grunt now has 75 health remaining

Grunt with 73 health has a 17 total attack points, and attacks Archer with 71 health who has 10 total armour points.
Archer now has 64 health remaining

Ranged with 97 health has a 18 total attack points, and attacks Archer with 91 health who has 10 total armour points.
Archer now has 83 health remaining

Raider with 86 health has a 22 total attack points, and attacks Footman with 82 health who has 11 total armour points.
Footman now has 71 health remaining

Archer with 96 health has a 18 total attack points, and attacks Ranged with 55 health who has 10 total armour points.
Ranged now has 47 health remaining

Footman with 79 health has a 17 total attack points, and attacks Spearman with 54 health who has 10 total armour points.
Spearman now has 47 health remaining

Footman with 71 health has a 17 total attack points, and attacks Raider with 87 health who has 13 total armour points.
Raider now has 83 health remaining

Archer with 76 health has a 18 total attack points, and attacks Grunt with 89 health who has 11 total armour points.
Grunt now has 82 health remaining

Archer with 86 health has a 18 total attack points, and attacks Grunt with 73 health who has 11 total armour points.
Grunt now has 66 health remaining

Knight with 83 health has a 22 total attack points, and attacks Spearman with 90 health who has 10 total armour points.
Spearman now has 78 health remaining

Raider with 77 health has a 22 total attack points, and attacks Archer with 67 health who has 10 total armour points.
Archer now has 55 health remaining

Knight with 72 health has a 22 total attack points, and attacks Spearman with 84 health who has 10 total armour points.
Spearman now has 72 health remaining

Spearman with 91 health has a 18 total attack points, and attacks Archer with 68 health who has 10 total armour points.
Archer now has 60 health remaining

Footman with 69 health has a 17 total attack points, and attacks Ranged with 85 health who has 10 total armour points.
Ranged now has 78 health remaining

Archer with 56 health has a 18 total attack points, and attacks Ranged with 70 health who has 10 total armour points.
Ranged now has 62 health remaining

Archer with 96 health has a 18 total attack points, and attacks Ranged with 78 health who has 10 total armour points.
Ranged now has 70 health remaining

Spearman with 84 health has a 18 total attack points, and attacks Knight with 81 health who has 13 total armour points.
Knight now has 76 health remaining

Footman with 75 health has a 17 total attack points, and attacks Ranged with 70 health who has 10 total armour points.
Ranged now has 63 health remaining

Knight with 100 health has a 22 total attack points, and attacks Grunt with 65 health who has 11 total armour points.
Grunt now has 54 health remaining

Raider with 82 health has a 22 total attack points, and attacks Knight with 100 health who has 13 total armour points.
Knight now has 91 health remaining

Grunt with 71 health has a 17 total attack points, and attacks Knight with 62 health who has 13 total armour points.
Knight now has 58 health remaining

Knight with 86 health has a 22 total attack points, and attacks Raider with 59 health who has 13 total armour points.
Raider now has 50 health remaining

Archer with 96 health has a 18 total attack points, and attacks Raider with 82 health who has 13 total armour points.
Raider now has 77 health remaining

Raider with 72 health has a 22 total attack points, and attacks Footman with 49 health who has 11 total armour points.
Footman now has 38 health remaining

Raider with 75 health has a 22 total attack points, and attacks Archer with 96 health who has 12 total armour points.
Archer now has 86 health remaining

Raider with 100 health has a 22 total attack points, and attacks Footman with 62 health who has 11 total armour points.
Footman now has 51 health remaining

Grunt with 54 health has a 17 total attack points, and attacks Archer with 82 health who has 10 total armour points.
Archer now has 75 health remaining

Spearman with 66 health has a 18 total attack points, and attacks Archer with 96 health who has 12 total armour points.
Archer now has 90 health remaining

Grunt with 23 health has a 17 total attack points, and attacks Archer with 78 health who has 10 total armour points.
Archer now has 71 health remaining

Spearman with 91 health has a 18 total attack points, and attacks Footman with 100 health who has 11 total armour points.
Footman now has 93 health remaining

Archer with 83 health has a 18 total attack points, and attacks Spearman with 86 health who has 10 total armour points.
Spearman now has 78 health remaining

Ranged with 70 health has a 18 total attack points, and attacks Archer with 83 health who has 10 total armour points.
Archer now has 75 health remaining

Archer with 91 health has a 18 total attack points, and attacks Grunt with 86 health who has 11 total armour points.
Grunt now has 79 health remaining

Spearman with 96 health has a 18 total attack points, and attacks Archer with 54 health who has 10 total armour points.
Archer now has 46 health remaining

Grunt with 94 health has a 17 total attack points, and attacks Footman with 71 health who has 11 total armour points.
Footman now has 65 health remaining

Archer with 96 health has a 18 total attack points, and attacks Spearman with 69 health who has 10 total armour points.
Spearman now has 61 health remaining

Archer with 76 health has a 18 total attack points, and attacks Grunt with 69 health who has 11 total armour points.
Grunt now has 62 health remaining

Knight with 100 health has a 22 total attack points, and attacks Spearman with 83 health who has 10 total armour points.
Spearman now has 71 health remaining

Ranged with 55 health has a 18 total attack points, and attacks Knight with 87 health who has 13 total armour points.
Knight now has 82 health remaining

Raider with 83 health has a 22 total attack points, and attacks Knight with 90 health who has 13 total armour points.
Knight now has 81 health remaining

Spearman with 74 health has a 18 total attack points, and attacks Mountain King with 166 health who has 16 total armour points.
Mountain King now has 164 health remaining

Raider with 80 health has a 22 total attack points, and attacks Knight with 90 health who has 13 total armour points.
Knight now has 81 health remaining

Archer with 83 health has a 18 total attack points, and attacks Spearman with 70 health who has 10 total armour points.
Spearman now has 62 health remaining

Ranged with 54 health has a 18 total attack points, and attacks Knight with 82 health who has 13 total armour points.
Knight now has 77 health remaining

Footman with 79 health has a 17 total attack points, and attacks Ranged with 92 health who has 12 total armour points.
Ranged now has 87 health remaining

Spearman with 67 health has a 18 total attack points, and attacks Archer with 77 health who has 10 total armour points.
Archer now has 69 health remaining

Raider with 91 health has a 22 total attack points, and attacks Knight with 82 health who has 13 total armour points.
Knight now has 73 health remaining

Ranged with 52 health has a 18 total attack points, and attacks Archer with 97 health who has 12 total armour points.
Archer now has 91 health remaining

Raider with 80 health has a 22 total attack points, and attacks Footman with 66 health who has 11 total armour points.
Footman now has 55 health remaining

Grunt with 50 health has a 17 total attack points, and attacks Footman with 74 health who has 11 total armour points.
Footman now has 68 health remaining

Knight with 95 health has a 22 total attack points, and attacks Ranged with 91 health who has 10 total armour points.
Ranged now has 79 health remaining

Archer with 87 health has a 18 total attack points, and attacks Spearman with 97 health who has 12 total armour points.
Spearman now has 91 health remaining

Ranged with 91 health has a 18 total attack points, and attacks Knight with 60 health who has 13 total armour points.
Knight now has 55 health remaining

Spearman with 82 health has a 18 total attack points, and attacks Archer with 83 health who has 10 total armour points.
Archer now has 75 health remaining

Raider with 96 health has a 22 total attack points, and attacks Archer with 62 health who has 10 total armour points.
Archer now has 50 health remaining

Knight with 91 health has a 22 total attack points, and attacks Spearman with 86 health who has 10 total armour points.
Spearman now has 74 health remaining

Raider with 60 health has a 22 total attack points, and attacks Footman with 63 health who has 11 total armour points.
Footman now has 52 health remaining

Footman with 69 health has a 17 total attack points, and attacks Grunt with 82 health who has 11 total armour points.
Grunt now has 76 health remaining

Knight with 77 health has a 22 total attack points, and attacks Raider with 77 health who has 13 total armour points.
Raider now has 68 health remaining

Archer with 84 health has a 18 total attack points, and attacks Ranged with 50 health who has 10 total armour points.
Ranged now has 42 health remaining

Raider with 91 health has a 22 total attack points, and attacks Archer with 86 health who has 10 total armour points.
Archer now has 74 health remaining

Grunt with 100 health has a 17 total attack points, and attacks Knight with 100 health who has 13 total armour points.
Knight now has 96 health remaining

Archer with 86 health has a 18 total attack points, and attacks Raider with 82 health who has 13 total armour points.
Raider now has 77 health remaining

Archer with 91 health has a 18 total attack points, and attacks Spearman with 90 health who has 10 total armour points.
Spearman now has 82 health remaining

Knight with 100 health has a 22 total attack points, and attacks Ranged with 90 health who has 10 total armour points.
Ranged now has 78 health remaining

Ranged with 78 health has a 18 total attack points, and attacks Archer with 83 health who has 10 total armour points.
Archer now has 75 health remaining

Archer with 30 health has a 18 total attack points, and attacks Raider with 56 health who has 13 total armour points.
Raider now has 51 health remaining

Footman with 82 health has a 17 total attack points, and attacks Grunt with 63 health who has 11 total armour points.
Grunt now has 57 health remaining

Archer with 69 health has a 18 total attack points, and attacks Raider with 95 health who has 13 total armour points.
Raider now has 90 health remaining

Knight with 77 health has a 22 total attack points, and attacks Raider with 87 health who has 13 total armour points.
Raider now has 78 health remaining

Raider with 81 health has a 22 total attack points, and attacks Footman with 71 health who has 11 total armour points.
Footman now has 60 health remaining

Grunt with 82 health has a 17 total attack points, and attacks Knight with 77 health who has 13 total armour points.
Knight now has 73 health remaining

Archer with 86 health has a 18 total attack points, and attacks Ranged with 76 health who has 10 total armour points.
Ranged now has 68 health remaining

Knight with 90 health has a 22 total attack points, and attacks Ranged with 74 health who has 10 total armour points.
Ranged now has 62 health remaining

Ranged with 76 health has a 18 total attack points, and attacks Archer with 63 health who has 10 total armour points.
Archer now has 55 health remaining

Knight with 83 health has a 22 total attack points, and attacks Grunt with 85 health who has 11 total armour points.
Grunt now has 74 health remaining

Grunt with 63 health has a 17 total attack points, and attacks Archer with 66 health who has 10 total armour points.
Archer now has 59 health remaining

Archer with 76 health has a 18 total attack points, and attacks Ranged with 74 health who has 10 total armour points.
Ranged now has 66 health remaining

Spearman with 96 health has a 18 total attack points, and attacks Archer with 40 health who has 10 total armour points.
Archer now has 32 health remaining

Ranged with 42 health has a 18 total attack points, and attacks Archer with 83 health who has 10 total armour points.
Archer now has 75 health remaining

Grunt with 93 health has a 17 total attack points, and attacks Knight with 87 health who has 13 total armour points.
Knight now has 83 health remaining

Raider with 62 health has a 22 total attack points, and attacks Archer with 92 health who has 12 total armour points.
Archer now has 82 health remaining

Ranged with 90 health has a 18 total attack points, and attacks Archer with 66 health who has 10 total armour points.
Archer now has 58 health remaining

Spearman with 90 health has a 18 total attack points, and attacks Archer with 66 health who has 10 total armour points.
Archer now has 58 health remaining

Archer with 56 health has a 18 total attack points, and attacks Spearman with 47 health who has 10 total armour points.
Spearman now has 39 health remaining

Archer with 64 health has a 18 total attack points, and attacks Spearman with 87 health who has 10 total armour points.
Spearman now has 79 health remaining

Archer with 97 health has a 18 total attack points, and attacks Grunt with 82 health who has 11 total armour points.
Grunt now has 75 health remaining

Grunt with 72 health has a 17 total attack points, and attacks Knight with 87 health who has 13 total armour points.
Knight now has 83 health remaining

Raider with 95 health has a 22 total attack points, and attacks Archer with 81 health who has 10 total armour points.
Archer now has 69 health remaining

Knight with 72 health has a 22 total attack points, and attacks Raider with 81 health who has 13 total armour points.
Raider now has 72 health remaining

Spearman with 67 health has a 18 total attack points, and attacks Archer with 83 health who has 10 total armour points.
Archer now has 75 health remaining

Archer with 87 health has a 18 total attack points, and attacks Ranged with 82 health who has 10 total armour points.
Ranged now has 74 health remaining

Archer with 75 health has a 18 total attack points, and attacks Ranged with 74 health who has 10 total armour points.
Ranged now has 66 health remaining

Archer with 59 health has a 18 total attack points, and attacks Raider with 87 health who has 13 total armour points.
Raider now has 82 health remaining

Spearman with 86 health has a 18 total attack points, and attacks Archer with 76 health who has 10 total armour points.
Archer now has 68 health remaining

Archer with 76 health has a 18 total attack points, and attacks Ranged with 63 health who has 10 total armour points.
Ranged now has 55 health remaining

Archer with 55 health has a 18 total attack points, and attacks Spearman with 71 health who has 10 total armour points.
Spearman now has 63 health remaining

Knight with 37 health has a 22 total attack points, and attacks Ranged with 66 health who has 10 total armour points.
Ranged now has 54 health remaining

Knight with 96 health has a 22 total attack points, and attacks Spearman with 96 health who has 12 total armour points.
Spearman now has 86 health remaining

Spearman with 100 health has a 18 total attack points, and attacks Archer with 74 health who has 10 total armour points.
Archer now has 66 health remaining

Archer with 75 health has a 18 total attack points, and attacks Ranged with 45 health who has 10 total armour points.
Ranged now has 37 health remaining

Raider with 75 health has a 22 total attack points, and attacks Footman with 76 health who has 11 total armour points.
Footman now has 65 health remaining

Raider with 92 health has a 22 total attack points, and attacks Archer with 82 health who has 10 total armour points.
Archer now has 70 health remaining

Knight with 73 health has a 22 total attack points, and attacks Grunt with 51 health who has 11 total armour points.
Grunt now has 40 health remaining

Archer with 86 health has a 18 total attack points, and attacks Ranged with 62 health who has 10 total armour points.
Ranged now has 54 health remaining

Footman with 100 health has a 17 total attack points, and attacks Ranged with 63 health who has 10 total armour points.
Ranged now has 56 health remaining

Knight with 91 health has a 22 total attack points, and attacks Grunt with 80 health who has 11 total armour points.
Grunt now has 69 health remaining

Archer with 83 health has a 18 total attack points, and attacks Ranged with 26 health who has 10 total armour points.
Ranged now has 18 health remaining

Archer with 86 health has a 18 total attack points, and attacks Spearman with 69 health who has 10 total armour points.
Spearman now has 61 health remaining

Archer with 34 health has a 18 total attack points, and attacks Ranged with 70 health who has 10 total armour points.
Ranged now has 62 health remaining

Archer with 50 health has a 18 total attack points, and attacks Grunt with 75 health who has 11 total armour points.
Grunt now has 68 health remaining

Grunt with 88 health has a 17 total attack points, and attacks Knight with 77 health who has 13 total armour points.
Knight now has 73 health remaining

Ranged with 52 health has a 18 total attack points, and attacks Knight with 95 health who has 13 total armour points.
Knight now has 90 health remaining

Knight with 82 health has a 22 total attack points, and attacks Raider with 87 health who has 13 total armour points.
Raider now has 78 health remaining

Raider with 69 health has a 22 total attack points, and attacks Knight with 91 health who has 13 total armour points.
Knight now has 82 health remaining

Archer with 82 health has a 18 total attack points, and attacks Spearman with 70 health who has 10 total armour points.
Spearman now has 62 health remaining

Grunt with 73 health has a 17 total attack points, and attacks Footman with 69 health who has 11 total armour points.
Footman now has 63 health remaining

Ranged with 54 health has a 18 total attack points, and attacks Knight with 83 health who has 13 total armour points.
Knight now has 78 health remaining

Footman with 93 health has a 17 total attack points, and attacks Raider with 86 health who has 13 total armour points.
Raider now has 82 health remaining

Archer with 75 health has a 18 total attack points, and attacks Grunt with 65 health who has 11 total armour points.
Grunt now has 58 health remaining

Footman with 86 health has a 17 total attack points, and attacks Spearman with 67 health who has 10 total armour points.
Spearman now has 60 health remaining

Ranged with 62 health has a 18 total attack points, and attacks Knight with 68 health who has 13 total armour points.
Knight now has 63 health remaining

Footman with 89 health has a 17 total attack points, and attacks Ranged with 67 health who has 10 total armour points.
Ranged now has 60 health remaining

Spearman with 75 health has a 18 total attack points, and attacks Archer with 83 health who has 10 total armour points.
Archer now has 75 health remaining

Ranged with 72 health has a 18 total attack points, and attacks Archer with 49 health who has 10 total armour points.
Archer now has 41 health remaining

Grunt with 100 health has a 17 total attack points, and attacks Knight with 77 health who has 13 total armour points.
Knight now has 73 health remaining

Raider with 95 health has a 22 total attack points, and attacks Knight with 68 health who has 13 total armour points.
Knight now has 59 health remaining

Ranged with 83 health has a 18 total attack points, and attacks Archer with 82 health who has 10 total armour points.
Archer now has 74 health remaining

Spearman with 60 health has a 18 total attack points, and attacks Knight with 74 health who has 13 total armour points.
Knight now has 69 health remaining

Ranged with 87 health has a 18 total attack points, and attacks Knight with 91 health who has 13 total armour points.
Knight now has 86 health remaining

Archer with 65 health has a 18 total attack points, and attacks Spearman with 78 health who has 10 total armour points.
Spearman now has 70 health remaining

Knight with 58 health has a 22 total attack points, and attacks Ranged with 91 health who has 10 total armour points.
Ranged now has 79 health remaining

Ranged with 66 health has a 18 total attack points, and attacks Knight with 76 health who has 13 total armour points.
Knight now has 71 health remaining

Archer with 90 health has a 18 total attack points, and attacks Spearman with 76 health who has 10 total armour points.
Spearman now has 68 health remaining

Archer with 86 health has a 18 total attack points, and attacks Spearman with 61 health who has 10 total armour points.
Spearman now has 53 health remaining

Knight with 95 health has a 22 total attack points, and attacks Raider with 90 health who has 13 total armour points.
Raider now has 81 health remaining

Archer with 75 health has a 18 total attack points, and attacks Raider with 82 health who has 13 total armour points.
Raider now has 77 health remaining

Grunt with 68 health has a 17 total attack points, and attacks Knight with 81 health who has 13 total armour points.
Knight now has 77 health remaining

Knight with 82 health has a 22 total attack points, and attacks Spearman with 63 health who has 10 total armour points.
Spearman now has 51 health remaining

Ranged with 91 health has a 18 total attack points, and attacks Archer with 71 health who has 10 total armour points.
Archer now has 63 health remaining

Grunt with 86 health has a 17 total attack points, and attacks Footman with 67 health who has 11 total armour points.
Footman now has 61 health remaining

Archer with 78 health has a 18 total attack points, and attacks Spearman with 82 health who has 10 total armour points.
Spearman now has 74 health remaining

Raider with 68 health has a 22 total attack points, and attacks Knight with 73 health who has 13 total armour points.
Knight now has 64 health remaining

Spearman with 63 health has a 18 total attack points, and attacks Archer with 64 health who has 10 total armour points.
Archer now has 56 health remaining

Archer with 75 health has a 18 total attack points, and attacks Spearman with 62 health who has 10 total armour points.
Spearman now has 54 health remaining

Spearman with 67 health has a 18 total attack points, and attacks Knight with 86 health who has 13 total armour points.
Knight now has 81 health remaining

Archer with 69 health has a 18 total attack points, and attacks Spearman with 90 health who has 10 total armour points.
Spearman now has 82 health remaining

Grunt with 86 health has a 17 total attack points, and attacks Footman with 93 health who has 11 total armour points.
Footman now has 87 health remaining

Knight with 82 health has a 22 total attack points, and attacks Raider with 64 health who has 13 total armour points.
Raider now has 55 health remaining

Raider with 51 health has a 22 total attack points, and attacks Archer with 76 health who has 10 total armour points.
Archer now has 64 health remaining

Archer with 78 health has a 18 total attack points, and attacks Spearman with 91 health who has 10 total armour points.
Spearman now has 83 health remaining

Knight with 87 health has a 22 total attack points, and attacks Raider with 82 health who has 13 total armour points.
Raider now has 73 health remaining

Spearman with 83 health has a 18 total attack points, and attacks Footman with 68 health who has 11 total armour points.
Footman now has 61 health remaining

Archer with 55 health has a 18 total attack points, and attacks Ranged with 69 health who has 10 total armour points.
Ranged now has 61 health remaining

Ranged with 88 health has a 18 total attack points, and attacks Knight with 49 health who has 13 total armour points.
Knight now has 44 health remaining

Knight with 83 health has a 22 total attack points, and attacks Spearman with 85 health who has 10 total armour points.
Spearman now has 73 health remaining

Spearman with 74 health has a 18 total attack points, and attacks Knight with 95 health who has 13 total armour points.
Knight now has 90 health remaining

Spearman with 86 health has a 18 total attack points, and attacks Archer with 96 health who has 12 total armour points.
Archer now has 90 health remaining

Grunt with 68 health has a 17 total attack points, and attacks Knight with 59 health who has 13 total armour points.
Knight now has 55 health remaining

Archer with 86 health has a 18 total attack points, and attacks Raider with 78 health who has 13 total armour points.
Raider now has 73 health remaining

Spearman with 82 health has a 18 total attack points, and attacks Footman with 86 health who has 11 total armour points.
Footman now has 79 health remaining

Knight with 86 health has a 22 total attack points, and attacks Ranged with 96 health who has 12 total armour points.
Ranged now has 86 health remaining

Knight with 68 health has a 22 total attack points, and attacks Raider with 86 health who has 13 total armour points.
Raider now has 77 health remaining

Archer with 86 health has a 18 total attack points, and attacks Grunt with 71 health who has 11 total armour points.
Grunt now has 64 health remaining

Raider with 62 health has a 22 total attack points, and attacks Archer with 90 health who has 10 total armour points.
Archer now has 78 health remaining

Archer with 55 health has a 18 total attack points, and attacks Ranged with 54 health who has 10 total armour points.
Ranged now has 46 health remaining

Grunt with 64 health has a 17 total attack points, and attacks Archer with 90 health who has 10 total armour points.
Archer now has 83 health remaining

Knight with 85 health has a 22 total attack points, and attacks Raider with 64 health who has 13 total armour points.
Raider now has 55 health remaining

Ranged with 83 health has a 18 total attack points, and attacks Archer with 66 health who has 10 total armour points.
Archer now has 58 health remaining

Spearman with 96 health has a 18 total attack points, and attacks Archer with 74 health who has 10 total armour points.
Archer now has 66 health remaining

Footman with 42 health has a 17 total attack points, and attacks Ranged with 87 health who has 10 total armour points.
Ranged now has 80 health remaining

Archer with 69 health has a 18 total attack points, and attacks Raider with 100 health who has 13 total armour points.
Raider now has 95 health remaining

Ranged with 96 health has a 18 total attack points, and attacks Knight with 56 health who has 13 total armour points.
Knight now has 51 health remaining

Spearman with 72 health has a 18 total attack points, and attacks Footman with 69 health who has 11 total armour points.
Footman now has 62 health remaining

Ranged with 83 health has a 18 total attack points, and attacks Archer with 70 health who has 10 total armour points.
Archer now has 62 health remaining

Ranged with 47 health has a 18 total attack points, and attacks Knight with 76 health who has 13 total armour points.
Knight now has 71 health remaining

Knight with 72 health has a 22 total attack points, and attacks Spearman with 71 health who has 10 total armour points.
Spearman now has 59 health remaining

Archer with 64 health has a 18 total attack points, and attacks Ranged with 70 health who has 10 total armour points.
Ranged now has 62 health remaining

Spearman with 75 health has a 18 total attack points, and attacks Archer with 82 health who has 10 total armour points.
Archer now has 74 health remaining

Knight with 85 health has a 22 total attack points, and attacks Raider with 71 health who has 13 total armour points.
Raider now has 62 health remaining

Archer with 91 health has a 18 total attack points, and attacks Spearman with 91 health who has 10 total armour points.
Spearman now has 83 health remaining

Archer with 55 health has a 18 total attack points, and attacks Spearman with 74 health who has 10 total armour points.
Spearman now has 66 health remaining

Archer with 75 health has a 18 total attack points, and attacks Grunt with 56 health who has 11 total armour points.
Grunt now has 49 health remaining

Ranged with 96 health has a 18 total attack points, and attacks Archer with 100 health who has 14 total armour points.
Archer now has 96 health remaining

Footman with 100 health has a 17 total attack points, and attacks Grunt with 73 health who has 11 total armour points.
Grunt now has 67 health remaining

Raider with 95 health has a 22 total attack points, and attacks Archer with 47 health who has 10 total armour points.
Archer now has 35 health remaining

Archer with 96 health has a 18 total attack points, and attacks Spearman with 73 health who has 10 total armour points.
Spearman now has 65 health remaining

Grunt with 76 health has a 17 total attack points, and attacks Footman with 79 health who has 11 total armour points.
Footman now has 73 health remaining

Footman with 58 health has a 17 total attack points, and attacks Raider with 91 health who has 13 total armour points.
Raider now has 87 health remaining

Raider with 95 health has a 22 total attack points, and attacks Footman with 75 health who has 11 total armour points.
Footman now has 64 health remaining

Ranged with 66 health has a 18 total attack points, and attacks Archer with 64 health who has 10 total armour points.
Archer now has 56 health remaining

Archer with 67 health has a 18 total attack points, and attacks Spearman with 96 health who has 12 total armour points.
Spearman now has 90 health remaining

Footman with 86 health has a 17 total attack points, and attacks Ranged with 88 health who has 12 total armour points.
Ranged now has 83 health remaining

Archer with 75 health has a 18 total attack points, and attacks Ranged with 86 health who has 10 total armour points.
Ranged now has 78 health remaining

Grunt with 89 health has a 17 total attack points, and attacks Footman with 87 health who has 11 total armour points.
Footman now has 81 health remaining

Knight with 95 health has a 22 total attack points, and attacks Spearman with 39 health who has 10 total armour points.
Spearman now has 27 health remaining

Archer with 71 health has a 18 total attack points, and attacks Raider with 81 health who has 13 total armour points.
Raider now has 76 health remaining

Spearman with 91 health has a 18 total attack points, and attacks Archer with 75 health who has 10 total armour points.
Archer now has 67 health remaining

Archer with 56 health has a 18 total attack points, and attacks Ranged with 91 health who has 10 total armour points.
Ranged now has 83 health remaining

Footman with 48 health has a 17 total attack points, and attacks Raider with 74 health who has 13 total armour points.
Raider now has 70 health remaining

Footman with 69 health has a 17 total attack points, and attacks Grunt with 37 health who has 11 total armour points.
Grunt now has 31 health remaining

Ranged with 90 health has a 18 total attack points, and attacks Knight with 81 health who has 13 total armour points.
Knight now has 76 health remaining

Archer with 78 health has a 18 total attack points, and attacks Ranged with 83 health who has 10 total armour points.
Ranged now has 75 health remaining

Spearman with 60 health has a 18 total attack points, and attacks Archer with 63 health who has 10 total armour points.
Archer now has 55 health remaining

Archer with 82 health has a 18 total attack points, and attacks Raider with 86 health who has 13 total armour points.
Raider now has 81 health remaining

Footman with 71 health has a 17 total attack points, and attacks Raider with 100 health who has 13 total armour points.
Raider now has 96 health remaining

Raider with 95 health has a 22 total attack points, and attacks Archer with 100 health who has 14 total armour points.
Archer now has 92 health remaining

Footman with 87 health has a 17 total attack points, and attacks Grunt with 40 health who has 11 total armour points.
Grunt now has 34 health remaining

Ranged with 78 health has a 18 total attack points, and attacks Footman with 67 health who has 11 total armour points.
Footman now has 60 health remaining

Archer with 62 health has a 18 total attack points, and attacks Ranged with 71 health who has 10 total armour points.
Ranged now has 63 health remaining

Knight with 68 health has a 22 total attack points, and attacks Grunt with 86 health who has 11 total armour points.
Grunt now has 75 health remaining

Raider with 60 health has a 22 total attack points, and attacks Footman with 71 health who has 11 total armour points.
Footman now has 60 health remaining

Knight with 69 health has a 22 total attack points, and attacks Raider with 82 health who has 13 total armour points.
Raider now has 73 health remaining

Archer with 83 health has a 18 total attack points, and attacks Raider with 92 health who has 13 total armour points.
Raider now has 87 health remaining

Ranged with 42 health has a 18 total attack points, and attacks Knight with 96 health who has 13 total armour points.
Knight now has 91 health remaining

Raider with 87 health has a 22 total attack points, and attacks Archer with 96 health who has 12 total armour points.
Archer now has 86 health remaining

Raider with 69 health has a 22 total attack points, and attacks Archer with 68 health who has 10 total armour points.
Archer now has 56 health remaining

Raider with 68 health has a 22 total attack points, and attacks Footman with 86 health who has 11 total armour points.
Footman now has 75 health remaining

Footman with 75 health has a 17 total attack points, and attacks Grunt with 59 health who has 11 total armour points.
Grunt now has 53 health remaining

Archer with 86 health has a 18 total attack points, and attacks Raider with 96 health who has 13 total armour points.
Raider now has 91 health remaining

Raider with 82 health has a 22 total attack points, and attacks Footman with 93 health who has 11 total armour points.
Footman now has 82 health remaining

Archer with 75 health has a 18 total attack points, and attacks Spearman with 90 health who has 10 total armour points.
Spearman now has 82 health remaining

Knight with 82 health has a 22 total attack points, and attacks Ranged with 74 health who has 10 total armour points.
Ranged now has 62 health remaining

Archer with 34 health has a 18 total attack points, and attacks Ranged with 86 health who has 10 total armour points.
Ranged now has 78 health remaining

Ranged with 83 health has a 18 total attack points, and attacks Archer with 82 health who has 10 total armour points.
Archer now has 74 health remaining

Ranged with 77 health has a 18 total attack points, and attacks Footman with 79 health who has 11 total armour points.
Footman now has 72 health remaining

Grunt with 76 health has a 17 total attack points, and attacks Footman with 60 health who has 11 total armour points.
Footman now has 54 health remaining

Raider with 91 health has a 22 total attack points, and attacks Archer with 97 health who has 12 total armour points.
Archer now has 87 health remaining

Ranged with 54 health has a 18 total attack points, and attacks Archer with 87 health who has 10 total armour points.
Archer now has 79 health remaining

Knight with 100 health has a 22 total attack points, and attacks Spearman with 44 health who has 10 total armour points.
Spearman now has 32 health remaining

Knight with 88 health has a 22 total attack points, and attacks Spearman with 45 health who has 10 total armour points.
Spearman now has 33 health remaining

Footman with 100 health has a 17 total attack points, and attacks Raider with 72 health who has 13 total armour points.
Raider now has 68 health remaining

Knight with 73 health has a 22 total attack points, and attacks Ranged with 83 health who has 10 total armour points.
Ranged now has 71 health remaining

Raider with 95 health has a 22 total attack points, and attacks Knight with 73 health who has 13 total armour points.
Knight now has 64 health remaining

Archer with 86 health has a 18 total attack points, and attacks Spearman with 53 health who has 10 total armour points.
Spearman now has 45 health remaining

Ranged with 87 health has a 18 total attack points, and attacks Footman with 100 health who has 11 total armour points.
Footman now has 93 health remaining

Grunt with 80 health has a 17 total attack points, and attacks Archer with 90 health who has 10 total armour points.
Archer now has 83 health remaining

Footman with 80 health has a 17 total attack points, and attacks Ranged with 35 health who has 10 total armour points.
Ranged now has 28 health remaining

Ranged with 60 health has a 18 total attack points, and attacks Archer with 70 health who has 10 total armour points.
Archer now has 62 health remaining

Ranged with 96 health has a 18 total attack points, and attacks Knight with 91 health who has 13 total armour points.
Knight now has 86 health remaining

Archer with 82 health has a 18 total attack points, and attacks Ranged with 96 health who has 12 total armour points.
Ranged now has 90 health remaining

Knight with 86 health has a 22 total attack points, and attacks Raider with 77 health who has 13 total armour points.
Raider now has 68 health remaining

Archer with 75 health has a 18 total attack points, and attacks Grunt with 93 health who has 11 total armour points.
Grunt now has 86 health remaining

Raider with 88 health has a 22 total attack points, and attacks Footman with 81 health who has 11 total armour points.
Footman now has 70 health remaining

Raider with 85 health has a 22 total attack points, and attacks Knight with 95 health who has 13 total armour points.
Knight now has 86 health remaining

Ranged with 47 health has a 18 total attack points, and attacks Archer with 35 health who has 10 total armour points.
Archer now has 27 health remaining

Raider with 73 health has a 22 total attack points, and attacks Footman with 86 health who has 11 total armour points.
Footman now has 75 health remaining

Raider with 80 health has a 22 total attack points, and attacks Knight with 63 health who has 13 total armour points.
Knight now has 54 health remaining

Spearman with 60 health has a 18 total attack points, and attacks Archer with 83 health who has 10 total armour points.
Archer now has 75 health remaining

Knight with 59 health has a 22 total attack points, and attacks Ranged with 71 health who has 10 total armour points.
Ranged now has 59 health remaining

Knight with 77 health has a 22 total attack points, and attacks Grunt with 72 health who has 11 total armour points.
Grunt now has 61 health remaining

Spearman with 65 health has a 18 total attack points, and attacks Archer with 83 health who has 10 total armour points.
Archer now has 75 health remaining

Grunt with 72 health has a 17 total attack points, and attacks Archer with 76 health who has 10 total armour points.
Archer now has 69 health remaining

Raider with 95 health has a 22 total attack points, and attacks Archer with 54 health who has 10 total armour points.
Archer now has 42 health remaining

Spearman with 92 health has a 18 total attack points, and attacks Footman with 75 health who has 11 total armour points.
Footman now has 68 health remaining

Footman with 65 health has a 17 total attack points, and attacks Grunt with 71 health who has 11 total armour points.
Grunt now has 65 health remaining

Archer with 82 health has a 18 total attack points, and attacks Ranged with 96 health who has 12 total armour points.
Ranged now has 90 health remaining

Archer with 75 health has a 18 total attack points, and attacks Spearman with 91 health who has 10 total armour points.
Spearman now has 83 health remaining

Footman with 80 health has a 17 total attack points, and attacks Raider with 83 health who has 13 total armour points.
Raider now has 79 health remaining

Archer with 32 health has a 18 total attack points, and attacks Spearman with 82 health who has 10 total armour points.
Spearman now has 74 health remaining

Ranged with 54 health has a 18 total attack points, and attacks Archer with 54 health who has 10 total armour points.
Archer now has 46 health remaining

Footman with 46 health has a 17 total attack points, and attacks Raider with 68 health who has 13 total armour points.
Raider now has 64 health remaining

Raider with 80 health has a 22 total attack points, and attacks Knight with 88 health who has 13 total armour points.
Knight now has 79 health remaining

Raider with 86 health has a 22 total attack points, and attacks Archer with 84 health who has 10 total armour points.
Archer now has 72 health remaining

Footman with 57 health has a 17 total attack points, and attacks Raider with 76 health who has 13 total armour points.
Raider now has 72 health remaining

Grunt with 79 health has a 17 total attack points, and attacks Archer with 42 health who has 10 total armour points.
Archer now has 35 health remaining

Knight with 91 health has a 22 total attack points, and attacks Raider with 68 health who has 13 total armour points.
Raider now has 59 health remaining

Archer with 76 health has a 18 total attack points, and attacks Spearman with 62 health who has 10 total armour points.
Spearman now has 54 health remaining

Grunt with 38 health has a 17 total attack points, and attacks Footman with 71 health who has 11 total armour points.
Footman now has 65 health remaining

Knight with 59 health has a 22 total attack points, and attacks Grunt with 76 health who has 11 total armour points.
Grunt now has 65 health remaining

Footman with 61 health has a 17 total attack points, and attacks Grunt with 76 health who has 11 total armour points.
Grunt now has 70 health remaining

Ranged with 83 health has a 18 total attack points, and attacks Knight with 63 health who has 13 total armour points.
Knight now has 58 health remaining

Archer with 87 health has a 18 total attack points, and attacks Spearman with 74 health who has 10 total armour points.
Spearman now has 66 health remaining

Knight with 91 health has a 22 total attack points, and attacks Ranged with 71 health who has 10 total armour points.
Ranged now has 59 health remaining

Raider with 95 health has a 22 total attack points, and attacks Archer with 35 health who has 10 total armour points.
Archer now has 23 health remaining

Ranged with 59 health has a 18 total attack points, and attacks Knight with 64 health who has 13 total armour points.
Knight now has 59 health remaining

Ranged with 62 health has a 18 total attack points, and attacks Knight with 64 health who has 13 total armour points.
Knight now has 59 health remaining

Ranged with 50 health has a 18 total attack points, and attacks Archer with 86 health who has 10 total armour points.
Archer now has 78 health remaining

Raider with 55 health has a 22 total attack points, and attacks Knight with 90 health who has 13 total armour points.
Knight now has 81 health remaining

Spearman with 50 health has a 18 total attack points, and attacks Knight with 82 health who has 13 total armour points.
Knight now has 77 health remaining

Archer with 76 health has a 18 total attack points, and attacks Raider with 80 health who has 13 total armour points.
Raider now has 75 health remaining

Ranged with 71 health has a 18 total attack points, and attacks Footman with 88 health who has 11 total armour points.
Footman now has 81 health remaining

Archer with 92 health has a 18 total attack points, and attacks Grunt with 80 health who has 11 total armour points.
Grunt now has 73 health remaining

Footman with 62 health has a 17 total attack points, and attacks Spearman with 82 health who has 10 total armour points.
Spearman now has 75 health remaining

Grunt with 50 health has a 17 total attack points, and attacks Knight with 73 health who has 13 total armour points.
Knight now has 69 health remaining

Archer with 78 health has a 18 total attack points, and attacks Raider with 81 health who has 13 total armour points.
Raider now has 76 health remaining

Spearman with 82 health has a 18 total attack points, and attacks Archer with 82 health who has 10 total armour points.
Archer now has 74 health remaining

Archer with 31 health has a 18 total attack points, and attacks Grunt with 64 health who has 11 total armour points.
Grunt now has 57 health remaining

Knight with 79 health has a 22 total attack points, and attacks Raider with 95 health who has 13 total armour points.
Raider now has 86 health remaining

Archer with 78 health has a 18 total attack points, and attacks Spearman with 74 health who has 10 total armour points.
Spearman now has 66 health remaining

Spearman with 91 health has a 18 total attack points, and attacks Archer with 75 health who has 10 total armour points.
Archer now has 67 health remaining

Ranged with 90 health has a 18 total attack points, and attacks Archer with 59 health who has 10 total armour points.
Archer now has 51 health remaining

Ranged with 50 health has a 18 total attack points, and attacks Archer with 67 health who has 10 total armour points.
Archer now has 59 health remaining

Raider with 76 health has a 22 total attack points, and attacks Archer with 63 health who has 10 total armour points.
Archer now has 51 health remaining

Raider with 60 health has a 22 total attack points, and attacks Archer with 97 health who has 12 total armour points.
Archer now has 87 health remaining

Raider with 95 health has a 22 total attack points, and attacks Knight with 81 health who has 13 total armour points.
Knight now has 72 health remaining

Grunt with 68 health has a 17 total attack points, and attacks Archer with 75 health who has 10 total armour points.
Archer now has 68 health remaining

Knight with 74 health has a 22 total attack points, and attacks Raider with 82 health who has 13 total armour points.
Raider now has 73 health remaining

Spearman with 71 health has a 18 total attack points, and attacks Archer with 71 health who has 10 total armour points.
Archer now has 63 health remaining

Archer with 87 health has a 18 total attack points, and attacks Spearman with 47 health who has 10 total armour points.
Spearman now has 39 health remaining

Archer with 78 health has a 18 total attack points, and attacks Raider with 88 health who has 13 total armour points.
Raider now has 83 health remaining

Footman with 93 health has a 17 total attack points, and attacks Spearman with 84 health who has 10 total armour points.
Spearman now has 77 health remaining

Archer with 82 health has a 18 total attack points, and attacks Raider with 83 health who has 13 total armour points.
Raider now has 78 health remaining

Ranged with 80 health has a 18 total attack points, and attacks Archer with 72 health who has 10 total armour points.
Archer now has 64 health remaining

Ranged with 92 health has a 18 total attack points, and attacks Knight with 77 health who has 13 total armour points.
Knight now has 72 health remaining

Raider with 78 health has a 22 total attack points, and attacks Footman with 65 health who has 11 total armour points.
Footman now has 54 health remaining

Footman with 82 health has a 17 total attack points, and attacks Raider with 65 health who has 13 total armour points.
Raider now has 61 health remaining

Ranged with 62 health has a 18 total attack points, and attacks Knight with 100 health who has 13 total armour points.
Knight now has 95 health remaining

Raider with 96 health has a 22 total attack points, and attacks Knight with 87 health who has 13 total armour points.
Knight now has 78 health remaining

Footman with 59 health has a 17 total attack points, and attacks Grunt with 69 health who has 11 total armour points.
Grunt now has 63 health remaining

Archer with 71 health has a 18 total attack points, and attacks Spearman with 72 health who has 10 total armour points.
Spearman now has 64 health remaining

Archer with 66 health has a 18 total attack points, and attacks Grunt with 75 health who has 11 total armour points.
Grunt now has 68 health remaining

Archer with 75 health has a 18 total attack points, and attacks Grunt with 86 health who has 11 total armour points.
Grunt now has 79 health remaining

Archer with 83 health has a 18 total attack points, and attacks Spearman with 100 health who has 14 total armour points.
Spearman now has 96 health remaining

Archer with 70 health has a 18 total attack points, and attacks Grunt with 75 health who has 11 total armour points.
Grunt now has 68 health remaining

Raider with 51 health has a 22 total attack points, and attacks Archer with 74 health who has 10 total armour points.
Archer now has 62 health remaining

Spearman with 45 health has a 18 total attack points, and attacks Knight with 85 health who has 13 total armour points.
Knight now has 80 health remaining

Ranged with 70 health has a 18 total attack points, and attacks Archer with 87 health who has 10 total armour points.
Archer now has 79 health remaining

Ranged with 77 health has a 18 total attack points, and attacks Archer with 62 health who has 10 total armour points.
Archer now has 54 health remaining

Grunt with 48 health has a 17 total attack points, and attacks Footman with 73 health who has 11 total armour points.
Footman now has 67 health remaining

Archer with 66 health has a 18 total attack points, and attacks Spearman with 61 health who has 10 total armour points.
Spearman now has 53 health remaining

Grunt with 76 health has a 17 total attack points, and attacks Footman with 56 health who has 11 total armour points.
Footman now has 50 health remaining

Archer with 69 health has a 18 total attack points, and attacks Spearman with 54 health who has 10 total armour points.
Spearman now has 46 health remaining

Archer with 64 health has a 18 total attack points, and attacks Spearman with 66 health who has 10 total armour points.
Spearman now has 58 health remaining

Knight with 86 health has a 22 total attack points, and attacks Raider with 74 health who has 13 total armour points.
Raider now has 65 health remaining

Archer with 55 health has a 18 total attack points, and attacks Raider with 85 health who has 13 total armour points.
Raider now has 80 health remaining

Archer with 66 health has a 18 total attack points, and attacks Grunt with 46 health who has 11 total armour points.
Grunt now has 39 health remaining

Footman with 100 health has a 17 total attack points, and attacks Spearman with 74 health who has 10 total armour points.
Spearman now has 67 health remaining

Spearman with 92 health has a 18 total attack points, and attacks Archer with 62 health who has 10 total armour points.
Archer now has 54 health remaining

Grunt with 80 health has a 17 total attack points, and attacks Footman with 55 health who has 11 total armour points.
Footman now has 49 health remaining

Footman with 82 health has a 17 total attack points, and attacks Spearman with 66 health who has 10 total armour points.
Spearman now has 59 health remaining

Footman with 100 health has a 17 total attack points, and attacks Raider with 95 health who has 13 total armour points.
Raider now has 91 health remaining

Knight with 44 health has a 22 total attack points, and attacks Ranged with 90 health who has 10 total armour points.
Ranged now has 78 health remaining

Archer with 86 health has a 18 total attack points, and attacks Raider with 76 health who has 13 total armour points.
Raider now has 71 health remaining

Raider with 86 health has a 26 total attack points, and attacks Archer with 68 health who has 10 total armour points.
Archer now has 52 health remaining

Raider with 91 health has a 22 total attack points, and attacks Footman with 61 health who has 11 total armour points.
Footman now has 50 health remaining

Ranged with 60 health has a 18 total attack points, and attacks Archer with 75 health who has 10 total armour points.
Archer now has 67 health remaining

Raider with 96 health has a 22 total attack points, and attacks Knight with 85 health who has 13 total armour points.
Knight now has 76 health remaining

Raider with 69 health has a 22 total attack points, and attacks Footman with 85 health who has 11 total armour points.
Footman now has 74 health remaining

Archer with 86 health has a 18 total attack points, and attacks Spearman with 50 health who has 10 total armour points.
Spearman now has 42 health remaining

Archer with 71 health has a 18 total attack points, and attacks Grunt with 76 health who has 11 total armour points.
Grunt now has 69 health remaining

Spearman with 82 health has a 18 total attack points, and attacks Footman with 60 health who has 11 total armour points.
Footman now has 53 health remaining

Archer with 83 health has a 18 total attack points, and attacks Raider with 78 health who has 13 total armour points.
Raider now has 73 health remaining

Archer with 87 health has a 18 total attack points, and attacks Spearman with 91 health who has 10 total armour points.
Spearman now has 83 health remaining

Spearman with 82 health has a 18 total attack points, and attacks Footman with 47 health who has 11 total armour points.
Footman now has 40 health remaining

Spearman with 90 health has a 18 total attack points, and attacks Archer with 83 health who has 10 total armour points.
Archer now has 75 health remaining

Ranged with 62 health has a 18 total attack points, and attacks Footman with 62 health who has 11 total armour points.
Footman now has 55 health remaining

Knight with 86 health has a 22 total attack points, and attacks Ranged with 97 health who has 12 total armour points.
Ranged now has 87 health remaining

Raider with 76 health has a 22 total attack points, and attacks Knight with 82 health who has 13 total armour points.
Knight now has 73 health remaining

Archer with 55 health has a 18 total attack points, and attacks Raider with 53 health who has 13 total armour points.
Raider now has 48 health remaining

Grunt with 63 health has a 17 total attack points, and attacks Footman with 80 health who has 11 total armour points.
Footman now has 74 health remaining

Archer with 75 health has a 18 total attack points, and attacks Ranged with 75 health who has 10 total armour points.
Ranged now has 67 health remaining

Spearman with 97 health has a 18 total attack points, and attacks Knight with 82 health who has 13 total armour points.
Knight now has 77 health remaining

Archer with 59 health has a 18 total attack points, and attacks Raider with 72 health who has 13 total armour points.
Raider now has 67 health remaining

Knight with 96 health has a 22 total attack points, and attacks Raider with 95 health who has 13 total armour points.
Raider now has 86 health remaining

Spearman with 27 health has a 18 total attack points, and attacks Archer with 97 health who has 12 total armour points.
Archer now has 91 health remaining

Spearman with 84 health has a 18 total attack points, and attacks Archer with 74 health who has 10 total armour points.
Archer now has 66 health remaining

Knight with 76 health has a 22 total attack points, and attacks Grunt with 80 health who has 11 total armour points.
Grunt now has 69 health remaining

Knight with 67 health has a 22 total attack points, and attacks Raider with 51 health who has 13 total armour points.
Raider now has 42 health remaining

Ranged with 80 health has a 18 total attack points, and attacks Archer with 82 health who has 10 total armour points.
Archer now has 74 health remaining

Archer with 87 health has a 18 total attack points, and attacks Spearman with 58 health who has 10 total armour points.
Spearman now has 50 health remaining

Archer with 64 health has a 18 total attack points, and attacks Ranged with 96 health who has 12 total armour points.
Ranged now has 90 health remaining

Raider with 65 health has a 22 total attack points, and attacks Archer with 92 health who has 12 total armour points.
Archer now has 82 health remaining

Archer with 69 health has a 18 total attack points, and attacks Ranged with 56 health who has 10 total armour points.
Ranged now has 48 health remaining

Knight with 91 health has a 22 total attack points, and attacks Ranged with 79 health who has 10 total armour points.
Ranged now has 67 health remaining

Footman with 51 health has a 17 total attack points, and attacks Grunt with 76 health who has 11 total armour points.
Grunt now has 70 health remaining

Archer with 68 health has a 18 total attack points, and attacks Ranged with 78 health who has 10 total armour points.
Ranged now has 70 health remaining

Knight with 86 health has a 22 total attack points, and attacks Raider with 87 health who has 13 total armour points.
Raider now has 78 health remaining

Raider with 96 health has a 22 total attack points, and attacks Archer with 75 health who has 10 total armour points.
Archer now has 63 health remaining

Grunt with 100 health has a 17 total attack points, and attacks Archer with 70 health who has 10 total armour points.
Archer now has 63 health remaining

Grunt with 57 health has a 17 total attack points, and attacks Archer with 74 health who has 10 total armour points.
Archer now has 67 health remaining

Ranged with 62 health has a 18 total attack points, and attacks Archer with 96 health who has 12 total armour points.
Archer now has 90 health remaining

Archer with 79 health has a 18 total attack points, and attacks Grunt with 68 health who has 11 total armour points.
Grunt now has 61 health remaining

Raider with 86 health has a 22 total attack points, and attacks Footman with 61 health who has 11 total armour points.
Footman now has 50 health remaining

Archer with 64 health has a 18 total attack points, and attacks Spearman with 90 health who has 10 total armour points.
Spearman now has 82 health remaining

Archer with 75 health has a 18 total attack points, and attacks Ranged with 68 health who has 10 total armour points.
Ranged now has 60 health remaining

Archer with 75 health has a 18 total attack points, and attacks Spearman with 59 health who has 10 total armour points.
Spearman now has 51 health remaining

Ranged with 62 health has a 18 total attack points, and attacks Archer with 87 health who has 10 total armour points.
Archer now has 79 health remaining

Archer with 82 health has a 18 total attack points, and attacks Raider with 72 health who has 13 total armour points.
Raider now has 67 health remaining

Archer with 74 health has a 18 total attack points, and attacks Grunt with 65 health who has 11 total armour points.
Grunt now has 58 health remaining

Archer with 58 health has a 18 total attack points, and attacks Spearman with 71 health who has 10 total armour points.
Spearman now has 63 health remaining

Knight with 55 health has a 22 total attack points, and attacks Spearman with 48 health who has 10 total armour points.
Spearman now has 36 health remaining

Raider with 91 health has a 22 total attack points, and attacks Footman with 49 health who has 11 total armour points.
Footman now has 38 health remaining

Knight with 68 health has a 22 total attack points, and attacks Grunt with 52 health who has 11 total armour points.
Grunt now has 41 health remaining

Archer with 62 health has a 18 total attack points, and attacks Grunt with 75 health who has 11 total armour points.
Grunt now has 68 health remaining

Archer with 78 health has a 18 total attack points, and attacks Ranged with 76 health who has 10 total armour points.
Ranged now has 68 health remaining

Footman with 46 health has a 17 total attack points, and attacks Grunt with 68 health who has 11 total armour points.
Grunt now has 62 health remaining

Ranged with 60 health has a 18 total attack points, and attacks Footman with 77 health who has 11 total armour points.
Footman now has 70 health remaining

Archer with 96 health has a 18 total attack points, and attacks Raider with 60 health who has 13 total armour points.
Raider now has 55 health remaining

Grunt with 68 health has a 17 total attack points, and attacks Footman with 81 health who has 11 total armour points.
Footman now has 75 health remaining

Footman with 65 health has a 17 total attack points, and attacks Ranged with 48 health who has 10 total armour points.
Ranged now has 41 health remaining

Archer with 34 health has a 18 total attack points, and attacks Grunt with 94 health who has 11 total armour points.
Grunt now has 87 health remaining

Grunt with 82 health has a 17 total attack points, and attacks Knight with 87 health who has 13 total armour points.
Knight now has 83 health remaining

Spearman with 83 health has a 18 total attack points, and attacks Knight with 91 health who has 13 total armour points.
Knight now has 86 health remaining

Archer with 82 health has a 18 total attack points, and attacks Raider with 79 health who has 13 total armour points.
Raider now has 74 health remaining

Ranged with 91 health has a 18 total attack points, and attacks Archer with 71 health who has 10 total armour points.
Archer now has 63 health remaining

Archer with 63 health has a 18 total attack points, and attacks Spearman with 66 health who has 10 total armour points.
Spearman now has 58 health remaining

Footman with 74 health has a 17 total attack points, and attacks Spearman with 62 health who has 10 total armour points.
Spearman now has 55 health remaining

Knight with 64 health has a 22 total attack points, and attacks Raider with 64 health who has 13 total armour points.
Raider now has 55 health remaining

Grunt with 53 health has a 17 total attack points, and attacks Footman with 85 health who has 11 total armour points.
Footman now has 79 health remaining

Archer with 84 health has a 18 total attack points, and attacks Grunt with 53 health who has 11 total armour points.
Grunt now has 46 health remaining

Footman with 68 health has a 17 total attack points, and attacks Raider with 48 health who has 13 total armour points.
Raider now has 44 health remaining

Grunt with 44 health has a 17 total attack points, and attacks Archer with 69 health who has 10 total armour points.
Archer now has 62 health remaining

Footman with 74 health has a 17 total attack points, and attacks Grunt with 28 health who has 11 total armour points.
Grunt now has 22 health remaining

Spearman with 36 health has a 18 total attack points, and attacks Archer with 97 health who has 12 total armour points.
Archer now has 91 health remaining

Raider with 73 health has a 22 total attack points, and attacks Archer with 79 health who has 10 total armour points.
Archer now has 67 health remaining

Archer with 87 health has a 18 total attack points, and attacks Grunt with 48 health who has 11 total armour points.
Grunt now has 41 health remaining

Ranged with 87 health has a 18 total attack points, and attacks Knight with 90 health who has 13 total armour points.
Knight now has 85 health remaining

Footman with 72 health has a 17 total attack points, and attacks Spearman with 51 health who has 10 total armour points.
Spearman now has 44 health remaining

Archer with 79 health has a 18 total attack points, and attacks Grunt with 53 health who has 11 total armour points.
Grunt now has 46 health remaining

Knight with 55 health has a 22 total attack points, and attacks Spearman with 46 health who has 10 total armour points.
Spearman now has 34 health remaining

Ranged with 62 health has a 18 total attack points, and attacks Archer with 82 health who has 10 total armour points.
Archer now has 74 health remaining

Ranged with 96 health has a 18 total attack points, and attacks Knight with 77 health who has 13 total armour points.
Knight now has 72 health remaining

Ranged with 78 health has a 18 total attack points, and attacks Footman with 40 health who has 11 total armour points.
Footman now has 33 health remaining

Footman with 82 health has a 17 total attack points, and attacks Raider with 92 health who has 13 total armour points.
Raider now has 88 health remaining

Archer with 82 health has a 18 total attack points, and attacks Raider with 88 health who has 13 total armour points.
Raider now has 83 health remaining

Footman with 80 health has a 17 total attack points, and attacks Spearman with 59 health who has 10 total armour points.
Spearman now has 52 health remaining

Archer with 78 health has a 18 total attack points, and attacks Raider with 68 health who has 13 total armour points.
Raider now has 63 health remaining

Knight with 85 health has a 22 total attack points, and attacks Spearman with 39 health who has 10 total armour points.
Spearman now has 27 health remaining

Footman with 70 health has a 17 total attack points, and attacks Grunt with 75 health who has 11 total armour points.
Grunt now has 69 health remaining

Grunt with 88 health has a 17 total attack points, and attacks Archer with 76 health who has 10 total armour points.
Archer now has 69 health remaining

Raider with 91 health has a 22 total attack points, and attacks Knight with 81 health who has 13 total armour points.
Knight now has 72 health remaining

Archer with 71 health has a 18 total attack points, and attacks Ranged with 100 health who has 14 total armour points.
Ranged now has 96 health remaining

Ranged with 100 health has a 18 total attack points, and attacks Archer with 78 health who has 10 total armour points.
Archer now has 70 health remaining

Grunt with 79 health has a 17 total attack points, and attacks Archer with 96 health who has 12 total armour points.
Archer now has 91 health remaining

Grunt with 100 health has a 17 total attack points, and attacks Footman with 71 health who has 11 total armour points.
Footman now has 65 health remaining

Ranged with 78 health has a 18 total attack points, and attacks Archer with 91 health who has 10 total armour points.
Archer now has 83 health remaining

Raider with 86 health has a 22 total attack points, and attacks Knight with 81 health who has 13 total armour points.
Knight now has 72 health remaining

Knight with 95 health has a 22 total attack points, and attacks Ranged with 78 health who has 10 total armour points.
Ranged now has 66 health remaining

Grunt with 79 health has a 17 total attack points, and attacks Archer with 67 health who has 10 total armour points.
Archer now has 60 health remaining

Ranged with 62 health has a 18 total attack points, and attacks Footman with 60 health who has 11 total armour points.
Footman now has 53 health remaining

Footman with 93 health has a 17 total attack points, and attacks Grunt with 74 health who has 11 total armour points.
Grunt now has 68 health remaining

Spearman with 66 health has a 18 total attack points, and attacks Archer with 75 health who has 10 total armour points.
Archer now has 67 health remaining

Grunt with 80 health has a 17 total attack points, and attacks Knight with 79 health who has 13 total armour points.
Knight now has 75 health remaining

Ranged with 51 health has a 18 total attack points, and attacks Archer with 55 health who has 10 total armour points.
Archer now has 47 health remaining

Grunt with 80 health has a 17 total attack points, and attacks Archer with 79 health who has 10 total armour points.
Archer now has 72 health remaining

Ranged with 66 health has a 18 total attack points, and attacks Archer with 78 health who has 10 total armour points.
Archer now has 70 health remaining

Footman with 33 health has a 17 total attack points, and attacks Raider with 83 health who has 13 total armour points.
Raider now has 79 health remaining

Grunt with 70 health has a 17 total attack points, and attacks Archer with 97 health who has 12 total armour points.
Archer now has 92 health remaining

Knight with 100 health has a 22 total attack points, and attacks Grunt with 65 health who has 11 total armour points.
Grunt now has 54 health remaining

Grunt with 49 health has a 17 total attack points, and attacks Archer with 66 health who has 10 total armour points.
Archer now has 59 health remaining

Spearman with 79 health has a 18 total attack points, and attacks Archer with 83 health who has 10 total armour points.
Archer now has 75 health remaining

Grunt with 61 health has a 17 total attack points, and attacks Archer with 56 health who has 10 total armour points.
Archer now has 49 health remaining

Ranged with 96 health has a 18 total attack points, and attacks Knight with 68 health who has 13 total armour points.
Knight now has 63 health remaining

Archer with 92 health has a 18 total attack points, and attacks Ranged with 71 health who has 10 total armour points.
Ranged now has 63 health remaining

Ranged with 78 health has a 18 total attack points, and attacks Footman with 65 health who has 11 total armour points.
Footman now has 58 health remaining

Ranged with 87 health has a 18 total attack points, and attacks Archer with 64 health who has 10 total armour points.
Archer now has 56 health remaining

Ranged with 68 health has a 18 total attack points, and attacks Archer with 51 health who has 10 total armour points.
Archer now has 43 health remaining

Raider with 75 health has a 22 total attack points, and attacks Footman with 46 health who has 11 total armour points.
Footman now has 35 health remaining

Raider with 82 health has a 22 total attack points, and attacks Archer with 90 health who has 10 total armour points.
Archer now has 78 health remaining

Spearman with 83 health has a 18 total attack points, and attacks Archer with 86 health who has 10 total armour points.
Archer now has 78 health remaining

Archer with 96 health has a 18 total attack points, and attacks Grunt with 44 health who has 11 total armour points.
Grunt now has 37 health remaining

Archer with 66 health has a 18 total attack points, and attacks Spearman with 60 health who has 10 total armour points.
Spearman now has 52 health remaining

Archer with 70 health has a 18 total attack points, and attacks Raider with 90 health who has 13 total armour points.
Raider now has 85 health remaining

Footman with 68 health has a 17 total attack points, and attacks Spearman with 67 health who has 10 total armour points.
Spearman now has 60 health remaining

Spearman with 83 health has a 18 total attack points, and attacks Archer with 86 health who has 10 total armour points.
Archer now has 78 health remaining

Footman with 69 health has a 17 total attack points, and attacks Grunt with 68 health who has 11 total armour points.
Grunt now has 62 health remaining

Grunt with 75 health has a 17 total attack points, and attacks Archer with 62 health who has 10 total armour points.
Archer now has 55 health remaining

Archer with 71 health has a 18 total attack points, and attacks Grunt with 65 health who has 11 total armour points.
Grunt now has 58 health remaining

Spearman with 90 health has a 18 total attack points, and attacks Archer with 82 health who has 10 total armour points.
Archer now has 74 health remaining

Archer with 78 health has a 18 total attack points, and attacks Ranged with 97 health who has 12 total armour points.
Ranged now has 91 health remaining

Grunt with 94 health has a 17 total attack points, and attacks Archer with 62 health who has 10 total armour points.
Archer now has 55 health remaining

Spearman with 73 health has a 18 total attack points, and attacks Archer with 50 health who has 10 total armour points.
Archer now has 42 health remaining

Ranged with 62 health has a 18 total attack points, and attacks Archer with 42 health who has 10 total armour points.
Archer now has 34 health remaining

Archer with 91 health has a 18 total attack points, and attacks Spearman with 67 health who has 10 total armour points.
Spearman now has 59 health remaining

Grunt with 58 health has a 17 total attack points, and attacks Archer with 86 health who has 10 total armour points.
Archer now has 79 health remaining

Knight with 51 health has a 22 total attack points, and attacks Grunt with 80 health who has 11 total armour points.
Grunt now has 69 health remaining

Grunt with 76 health has a 17 total attack points, and attacks Footman with 93 health who has 11 total armour points.
Footman now has 87 health remaining

Archer with 66 health has a 18 total attack points, and attacks Spearman with 90 health who has 10 total armour points.
Spearman now has 82 health remaining

Archer with 67 health has a 18 total attack points, and attacks Grunt with 75 health who has 11 total armour points.
Grunt now has 68 health remaining

Ranged with 55 health has a 18 total attack points, and attacks Archer with 82 health who has 10 total armour points.
Archer now has 74 health remaining

Ranged with 55 health has a 18 total attack points, and attacks Footman with 74 health who has 11 total armour points.
Footman now has 67 health remaining

Archer with 64 health has a 18 total attack points, and attacks Spearman with 63 health who has 10 total armour points.
Spearman now has 55 health remaining

Archer with 50 health has a 18 total attack points, and attacks Grunt with 74 health who has 11 total armour points.
Grunt now has 67 health remaining

Archer with 32 health has a 18 total attack points, and attacks Spearman with 67 health who has 10 total armour points.
Spearman now has 59 health remaining

Footman with 68 health has a 17 total attack points, and attacks Grunt with 87 health who has 11 total armour points.
Grunt now has 81 health remaining

Knight with 59 health has a 22 total attack points, and attacks Raider with 95 health who has 13 total armour points.
Raider now has 86 health remaining

Raider with 80 health has a 22 total attack points, and attacks Knight with 95 health who has 13 total armour points.
Knight now has 86 health remaining

Footman with 42 health has a 17 total attack points, and attacks Grunt with 100 health who has 11 total armour points.
Grunt now has 94 health remaining

Ranged with 75 health has a 18 total attack points, and attacks Archer with 83 health who has 10 total armour points.
Archer now has 75 health remaining

Footman with 67 health has a 17 total attack points, and attacks Ranged with 90 health who has 10 total armour points.
Ranged now has 83 health remaining

Ranged with 96 health has a 18 total attack points, and attacks Knight with 59 health who has 13 total armour points.
Knight now has 54 health remaining

Ranged with 62 health has a 18 total attack points, and attacks Archer with 82 health who has 10 total armour points.
Archer now has 74 health remaining

Raider with 90 health has a 22 total attack points, and attacks Knight with 82 health who has 13 total armour points.
Knight now has 73 health remaining

Grunt with 57 health has a 17 total attack points, and attacks Archer with 86 health who has 10 total armour points.
Archer now has 79 health remaining

Raider with 91 health has a 22 total attack points, and attacks Archer with 78 health who has 10 total armour points.
Archer now has 66 health remaining

Raider with 42 health has a 22 total attack points, and attacks Archer with 34 health who has 10 total armour points.
Archer now has 22 health remaining

Grunt with 75 health has a 17 total attack points, and attacks Archer with 91 health who has 10 total armour points.
Archer now has 84 health remaining

Knight with 68 health has a 22 total attack points, and attacks Spearman with 73 health who has 10 total armour points.
Spearman now has 61 health remaining

Archer with 72 health has a 18 total attack points, and attacks Ranged with 100 health who has 14 total armour points.
Ranged now has 96 health remaining

Ranged with 78 health has a 18 total attack points, and attacks Footman with 75 health who has 11 total armour points.
Footman now has 68 health remaining

Spearman with 67 health has a 18 total attack points, and attacks Footman with 42 health who has 11 total armour points.
Footman now has 35 health remaining

Ranged with 78 health has a 18 total attack points, and attacks Archer with 63 health who has 10 total armour points.
Archer now has 55 health remaining

Spearman with 86 health has a 18 total attack points, and attacks Knight with 54 health who has 13 total armour points.
Knight now has 49 health remaining

Knight with 72 health has a 22 total attack points, and attacks Ranged with 61 health who has 10 total armour points.
Ranged now has 49 health remaining

Archer with 90 health has a 18 total attack points, and attacks Grunt with 58 health who has 11 total armour points.
Grunt now has 51 health remaining

Ranged with 67 health has a 18 total attack points, and attacks Archer with 82 health who has 10 total armour points.
Archer now has 74 health remaining

Grunt with 51 health has a 17 total attack points, and attacks Footman with 79 health who has 11 total armour points.
Footman now has 73 health remaining

Raider with 73 health has a 22 total attack points, and attacks Archer with 79 health who has 10 total armour points.
Archer now has 67 health remaining

Knight with 69 health has a 22 total attack points, and attacks Grunt with 100 health who has 11 total armour points.
Grunt now has 89 health remaining

Knight with 74 health has a 22 total attack points, and attacks Grunt with 79 health who has 11 total armour points.
Grunt now has 68 health remaining

Grunt with 94 health has a 17 total attack points, and attacks Footman with 79 health who has 11 total armour points.
Footman now has 73 health remaining

Archer with 64 health has a 18 total attack points, and attacks Grunt with 54 health who has 11 total armour points.
Grunt now has 47 health remaining

Raider with 55 health has a 22 total attack points, and attacks Footman with 85 health who has 11 total armour points.
Footman now has 74 health remaining

Footman with 64 health has a 17 total attack points, and attacks Raider with 78 health who has 13 total armour points.
Raider now has 74 health remaining

Spearman with 71 health has a 18 total attack points, and attacks Archer with 96 health who has 12 total armour points.
Archer now has 90 health remaining

Ranged with 80 health has a 18 total attack points, and attacks Footman with 82 health who has 11 total armour points.
Footman now has 75 health remaining

Raider with 85 health has a 26 total attack points, and attacks Knight with 85 health who has 13 total armour points.
Knight now has 72 health remaining

Spearman with 45 health has a 18 total attack points, and attacks Archer with 87 health who has 10 total armour points.
Archer now has 79 health remaining

Raider with 88 health has a 22 total attack points, and attacks Archer with 55 health who has 10 total armour points.
Archer now has 43 health remaining

Raider with 68 health has a 22 total attack points, and attacks Footman with 89 health who has 11 total armour points.
Footman now has 78 health remaining

Spearman with 60 health has a 18 total attack points, and attacks Knight with 68 health who has 13 total armour points.
Knight now has 63 health remaining

Gul´dan with 176 health has a 27 total attack points, and attacks Footman with 64 health who has 11 total armour points.
Footman now has 48 health remaining

Archer with 66 health has a 18 total attack points, and attacks Grunt with 23 health who has 11 total armour points.
Grunt now has 16 health remaining

Archer with 83 health has a 18 total attack points, and attacks Ranged with 77 health who has 10 total armour points.
Ranged now has 69 health remaining

Raider with 69 health has a 22 total attack points, and attacks Knight with 72 health who has 13 total armour points.
Knight now has 63 health remaining

Raider with 86 health has a 22 total attack points, and attacks Knight with 86 health who has 13 total armour points.
Knight now has 77 health remaining

Archer with 66 health has a 18 total attack points, and attacks Raider with 78 health who has 13 total armour points.
Raider now has 73 health remaining

Raider with 73 health has a 22 total attack points, and attacks Archer with 67 health who has 10 total armour points.
Archer now has 55 health remaining

Archer with 75 health has a 18 total attack points, and attacks Raider with 91 health who has 13 total armour points.
Raider now has 86 health remaining

Spearman with 74 health has a 18 total attack points, and attacks Archer with 48 health who has 10 total armour points.
Archer now has 40 health remaining

Footman with 49 health has a 17 total attack points, and attacks Raider with 50 health who has 13 total armour points.
Raider now has 46 health remaining

Grunt with 75 health has a 17 total attack points, and attacks Knight with 73 health who has 13 total armour points.
Knight now has 69 health remaining

Grunt with 70 health has a 17 total attack points, and attacks Archer with 38 health who has 10 total armour points.
Archer now has 31 health remaining

Ranged with 60 health has a 18 total attack points, and attacks Archer with 67 health who has 10 total armour points.
Archer now has 59 health remaining

Ranged with 75 health has a 18 total attack points, and attacks Archer with 27 health who has 10 total armour points.
Archer now has 19 health remaining

Footman with 89 health has a 17 total attack points, and attacks Ranged with 92 health who has 12 total armour points.
Ranged now has 87 health remaining

Ranged with 60 health has a 18 total attack points, and attacks Footman with 35 health who has 11 total armour points.
Footman now has 28 health remaining

Spearman with 100 health has a 18 total attack points, and attacks Archer with 65 health who has 10 total armour points.
Archer now has 57 health remaining

Raider with 91 health has a 22 total attack points, and attacks Archer with 91 health who has 10 total armour points.
Archer now has 79 health remaining

Spearman with 82 health has a 18 total attack points, and attacks Archer with 78 health who has 10 total armour points.
Archer now has 70 health remaining

Spearman with 42 health has a 18 total attack points, and attacks Footman with 31 health who has 11 total armour points.
Footman now has 24 health remaining

Archer with 78 health has a 18 total attack points, and attacks Raider with 80 health who has 13 total armour points.
Raider now has 75 health remaining

Raider with 60 health has a 22 total attack points, and attacks Knight with 72 health who has 13 total armour points.
Knight now has 63 health remaining

Raider with 86 health has a 22 total attack points, and attacks Archer with 83 health who has 10 total armour points.
Archer now has 71 health remaining

Spearman with 27 health has a 18 total attack points, and attacks Knight with 37 health who has 13 total armour points.
Knight now has 32 health remaining

Footman with 93 health has a 17 total attack points, and attacks Raider with 96 health who has 13 total armour points.
Raider now has 92 health remaining

Spearman with 82 health has a 18 total attack points, and attacks Archer with 67 health who has 10 total armour points.
Archer now has 59 health remaining

Archer with 86 health has a 18 total attack points, and attacks Raider with 86 health who has 13 total armour points.
Raider now has 81 health remaining

Spearman with 77 health has a 18 total attack points, and attacks Knight with 87 health who has 13 total armour points.
Knight now has 82 health remaining

Ranged with 87 health has a 18 total attack points, and attacks Knight with 86 health who has 13 total armour points.
Knight now has 81 health remaining

Archer with 55 health has a 18 total attack points, and attacks Raider with 90 health who has 13 total armour points.
Raider now has 85 health remaining

Ranged with 68 health has a 18 total attack points, and attacks Knight with 100 health who has 13 total armour points.
Knight now has 95 health remaining

Footman with 68 health has a 17 total attack points, and attacks Spearman with 86 health who has 10 total armour points.
Spearman now has 79 health remaining

Archer with 55 health has a 18 total attack points, and attacks Grunt with 46 health who has 11 total armour points.
Grunt now has 39 health remaining

Ranged with 37 health has a 18 total attack points, and attacks Footman with 75 health who has 11 total armour points.
Footman now has 68 health remaining

Knight with 32 health has a 22 total attack points, and attacks Spearman with 60 health who has 10 total armour points.
Spearman now has 48 health remaining

Ranged with 63 health has a 18 total attack points, and attacks Archer with 90 health who has 10 total armour points.
Archer now has 82 health remaining

Footman with 79 health has a 17 total attack points, and attacks Ranged with 100 health who has 14 total armour points.
Ranged now has 97 health remaining

Grunt with 68 health has a 17 total attack points, and attacks Footman with 78 health who has 11 total armour points.
Footman now has 72 health remaining

Archer with 70 health has a 18 total attack points, and attacks Ranged with 54 health who has 10 total armour points.
Ranged now has 46 health remaining

Archer with 31 health has a 18 total attack points, and attacks Raider with 87 health who has 13 total armour points.
Raider now has 82 health remaining

Archer with 82 health has a 18 total attack points, and attacks Raider with 62 health who has 13 total armour points.
Raider now has 57 health remaining

Raider with 72 health has a 22 total attack points, and attacks Footman with 67 health who has 11 total armour points.
Footman now has 56 health remaining

Knight with 67 health has a 22 total attack points, and attacks Raider with 72 health who has 13 total armour points.
Raider now has 63 health remaining

Raider with 83 health has a 22 total attack points, and attacks Archer with 96 health who has 12 total armour points.
Archer now has 86 health remaining

Archer with 63 health has a 18 total attack points, and attacks Raider with 44 health who has 13 total armour points.
Raider now has 39 health remaining

Archer with 84 health has a 18 total attack points, and attacks Spearman with 82 health who has 10 total armour points.
Spearman now has 74 health remaining

Footman with 24 health has a 17 total attack points, and attacks Spearman with 27 health who has 10 total armour points.
Spearman now has 20 health remaining

Spearman with 84 health has a 18 total attack points, and attacks Knight with 81 health who has 13 total armour points.
Knight now has 76 health remaining

Footman with 76 health has a 17 total attack points, and attacks Raider with 85 health who has 13 total armour points.
Raider now has 81 health remaining

Archer with 32 health has a 18 total attack points, and attacks Spearman with 75 health who has 10 total armour points.
Spearman now has 67 health remaining

Ranged with 37 health has a 18 total attack points, and attacks Archer with 54 health who has 10 total armour points.
Archer now has 46 health remaining

Grunt with 100 health has a 17 total attack points, and attacks Footman with 100 health who has 11 total armour points.
Footman now has 94 health remaining

Spearman with 67 health has a 18 total attack points, and attacks Knight with 73 health who has 13 total armour points.
Knight now has 68 health remaining

Archer with 71 health has a 18 total attack points, and attacks Grunt with 62 health who has 11 total armour points.
Grunt now has 55 health remaining

Spearman with 66 health has a 18 total attack points, and attacks Archer with 75 health who has 10 total armour points.
Archer now has 67 health remaining

Spearman with 83 health has a 18 total attack points, and attacks Footman with 87 health who has 11 total armour points.
Footman now has 80 health remaining

Raider with 82 health has a 22 total attack points, and attacks Archer with 91 health who has 10 total armour points.
Archer now has 79 health remaining

Spearman with 34 health has a 18 total attack points, and attacks Footman with 62 health who has 11 total armour points.
Footman now has 55 health remaining

Raider with 92 health has a 22 total attack points, and attacks Knight with 83 health who has 13 total armour points.
Knight now has 74 health remaining

Archer with 96 health has a 18 total attack points, and attacks Grunt with 93 health who has 11 total armour points.
Grunt now has 86 health remaining

Raider with 55 health has a 22 total attack points, and attacks Archer with 34 health who has 10 total armour points.
Archer now has 22 health remaining

Archer with 79 health has a 18 total attack points, and attacks Raider with 75 health who has 13 total armour points.
Raider now has 70 health remaining

Knight with 77 health has a 22 total attack points, and attacks Grunt with 49 health who has 11 total armour points.
Grunt now has 38 health remaining

Footman with 50 health has a 17 total attack points, and attacks Ranged with 78 health who has 10 total armour points.
Ranged now has 71 health remaining

Spearman with 42 health has a 18 total attack points, and attacks Footman with 55 health who has 11 total armour points.
Footman now has 48 health remaining

Raider with 74 health has a 22 total attack points, and attacks Archer with 64 health who has 10 total armour points.
Archer now has 52 health remaining

Footman with 50 health has a 17 total attack points, and attacks Raider with 77 health who has 13 total armour points.
Raider now has 73 health remaining

Ranged with 69 health has a 18 total attack points, and attacks Knight with 71 health who has 13 total armour points.
Knight now has 66 health remaining

Spearman with 79 health has a 18 total attack points, and attacks Archer with 80 health who has 10 total armour points.
Archer now has 72 health remaining

Archer with 74 health has a 18 total attack points, and attacks Grunt with 100 health who has 11 total armour points.
Grunt now has 93 health remaining

Raider with 85 health has a 22 total attack points, and attacks Archer with 74 health who has 10 total armour points.
Archer now has 62 health remaining

Spearman with 82 health has a 18 total attack points, and attacks Archer with 78 health who has 10 total armour points.
Archer now has 70 health remaining

Archer with 62 health has a 18 total attack points, and attacks Grunt with 50 health who has 11 total armour points.
Grunt now has 43 health remaining

Spearman with 83 health has a 18 total attack points, and attacks Archer with 72 health who has 10 total armour points.
Archer now has 64 health remaining

Raider with 85 health has a 22 total attack points, and attacks Archer with 72 health who has 10 total armour points.
Archer now has 60 health remaining

Archer with 71 health has a 18 total attack points, and attacks Ranged with 79 health who has 10 total armour points.
Ranged now has 71 health remaining

Ranged with 68 health has a 18 total attack points, and attacks Archer with 78 health who has 10 total armour points.
Archer now has 70 health remaining

Archer with 71 health has a 18 total attack points, and attacks Raider with 73 health who has 13 total armour points.
Raider now has 68 health remaining

Raider with 86 health has a 22 total attack points, and attacks Footman with 68 health who has 11 total armour points.
Footman now has 57 health remaining

Ranged with 60 health has a 18 total attack points, and attacks Knight with 67 health who has 13 total armour points.
Knight now has 62 health remaining

Archer with 75 health has a 18 total attack points, and attacks Raider with 95 health who has 13 total armour points.
Raider now has 90 health remaining

Archer with 55 health has a 18 total attack points, and attacks Grunt with 31 health who has 11 total armour points.
Grunt now has 24 health remaining

Archer with 97 health has a 18 total attack points, and attacks Ranged with 90 health who has 10 total armour points.
Ranged now has 82 health remaining

Grunt with 80 health has a 17 total attack points, and attacks Footman with 73 health who has 11 total armour points.
Footman now has 67 health remaining

Spearman with 58 health has a 18 total attack points, and attacks Archer with 83 health who has 10 total armour points.
Archer now has 75 health remaining

Knight with 86 health has a 22 total attack points, and attacks Grunt with 70 health who has 11 total armour points.
Grunt now has 59 health remaining

Grunt with 80 health has a 17 total attack points, and attacks Archer with 74 health who has 10 total armour points.
Archer now has 67 health remaining

Raider with 81 health has a 22 total attack points, and attacks Archer with 71 health who has 10 total armour points.
Archer now has 59 health remaining

Footman with 72 health has a 17 total attack points, and attacks Ranged with 68 health who has 10 total armour points.
Ranged now has 61 health remaining

Ranged with 60 health has a 18 total attack points, and attacks Knight with 32 health who has 13 total armour points.
Knight now has 27 health remaining

Spearman with 90 health has a 18 total attack points, and attacks Footman with 100 health who has 11 total armour points.
Footman now has 93 health remaining

Archer with 75 health has a 18 total attack points, and attacks Spearman with 50 health who has 10 total armour points.
Spearman now has 42 health remaining

Ranged with 71 health has a 18 total attack points, and attacks Archer with 86 health who has 10 total armour points.
Archer now has 78 health remaining

Archer with 68 health has a 18 total attack points, and attacks Grunt with 75 health who has 11 total armour points.
Grunt now has 68 health remaining

Grunt with 50 health has a 17 total attack points, and attacks Archer with 47 health who has 10 total armour points.
Archer now has 40 health remaining

Archer with 97 health has a 18 total attack points, and attacks Raider with 91 health who has 13 total armour points.
Raider now has 86 health remaining

Footman with 75 health has a 17 total attack points, and attacks Raider with 82 health who has 13 total armour points.
Raider now has 78 health remaining

Footman with 75 health has a 17 total attack points, and attacks Spearman with 83 health who has 10 total armour points.
Spearman now has 76 health remaining

Ranged with 82 health has a 18 total attack points, and attacks Footman with 48 health who has 11 total armour points.
Footman now has 41 health remaining

Archer with 60 health has a 18 total attack points, and attacks Raider with 67 health who has 13 total armour points.
Raider now has 62 health remaining

Archer with 41 health has a 18 total attack points, and attacks Spearman with 48 health who has 10 total armour points.
Spearman now has 40 health remaining

Archer with 52 health has a 18 total attack points, and attacks Ranged with 82 health who has 10 total armour points.
Ranged now has 74 health remaining

Footman with 68 health has a 17 total attack points, and attacks Spearman with 45 health who has 10 total armour points.
Spearman now has 38 health remaining

Spearman with 78 health has a 18 total attack points, and attacks Footman with 67 health who has 11 total armour points.
Footman now has 60 health remaining

Archer with 86 health has a 18 total attack points, and attacks Spearman with 71 health who has 10 total armour points.
Spearman now has 63 health remaining

Raider with 75 health has a 22 total attack points, and attacks Footman with 89 health who has 11 total armour points.
Footman now has 78 health remaining

Spearman with 82 health has a 18 total attack points, and attacks Archer with 46 health who has 10 total armour points.
Archer now has 38 health remaining

Archer with 55 health has a 18 total attack points, and attacks Spearman with 63 health who has 10 total armour points.
Spearman now has 55 health remaining

Archer with 63 health has a 18 total attack points, and attacks Ranged with 83 health who has 10 total armour points.
Ranged now has 75 health remaining

Archer with 92 health has a 18 total attack points, and attacks Spearman with 68 health who has 10 total armour points.
Spearman now has 60 health remaining

Archer with 59 health has a 18 total attack points, and attacks Grunt with 67 health who has 11 total armour points.
Grunt now has 60 health remaining

Raider with 95 health has a 22 total attack points, and attacks Footman with 79 health who has 11 total armour points.
Footman now has 68 health remaining

Knight with 76 health has a 22 total attack points, and attacks Raider with 79 health who has 13 total armour points.
Raider now has 70 health remaining

Raider with 77 health has a 22 total attack points, and attacks Knight with 73 health who has 13 total armour points.
Knight now has 64 health remaining

Spearman with 52 health has a 18 total attack points, and attacks Footman with 46 health who has 11 total armour points.
Footman now has 39 health remaining

Archer with 96 health has a 18 total attack points, and attacks Spearman with 82 health who has 10 total armour points.
Spearman now has 74 health remaining

Archer with 70 health has a 18 total attack points, and attacks Spearman with 96 health who has 12 total armour points.
Spearman now has 90 health remaining

Raider with 80 health has a 22 total attack points, and attacks Knight with 66 health who has 13 total armour points.
Knight now has 57 health remaining

Archer with 82 health has a 18 total attack points, and attacks Ranged with 62 health who has 10 total armour points.
Ranged now has 54 health remaining

Archer with 75 health has a 18 total attack points, and attacks Grunt with 83 health who has 11 total armour points.
Grunt now has 76 health remaining

Archer with 74 health has a 18 total attack points, and attacks Raider with 75 health who has 13 total armour points.
Raider now has 70 health remaining

Archer with 91 health has a 18 total attack points, and attacks Spearman with 82 health who has 10 total armour points.
Spearman now has 74 health remaining

Spearman with 67 health has a 18 total attack points, and attacks Knight with 63 health who has 13 total armour points.
Knight now has 58 health remaining

Grunt with 80 health has a 17 total attack points, and attacks Archer with 63 health who has 10 total armour points.
Archer now has 56 health remaining

Raider with 78 health has a 22 total attack points, and attacks Footman with 68 health who has 11 total armour points.
Footman now has 57 health remaining

Archer with 96 health has a 18 total attack points, and attacks Ranged with 49 health who has 10 total armour points.
Ranged now has 41 health remaining

Ranged with 90 health has a 18 total attack points, and attacks Knight with 54 health who has 13 total armour points.
Knight now has 49 health remaining

Archer with 63 health has a 18 total attack points, and attacks Raider with 78 health who has 13 total armour points.
Raider now has 73 health remaining

Ranged with 66 health has a 18 total attack points, and attacks Knight with 90 health who has 13 total armour points.
Knight now has 85 health remaining

Knight with 83 health has a 22 total attack points, and attacks Raider with 73 health who has 13 total armour points.
Raider now has 64 health remaining

Archer with 79 health has a 18 total attack points, and attacks Grunt with 65 health who has 11 total armour points.
Grunt now has 58 health remaining

Ranged with 71 health has a 18 total attack points, and attacks Archer with 87 health who has 10 total armour points.
Archer now has 79 health remaining

Raider with 91 health has a 22 total attack points, and attacks Archer with 83 health who has 10 total armour points.
Archer now has 71 health remaining

Archer with 80 health has a 18 total attack points, and attacks Raider with 86 health who has 13 total armour points.
Raider now has 81 health remaining

Grunt with 75 health has a 17 total attack points, and attacks Archer with 55 health who has 10 total armour points.
Archer now has 48 health remaining

Knight with 77 health has a 22 total attack points, and attacks Raider with 63 health who has 13 total armour points.
Raider now has 54 health remaining

Archer with 82 health has a 18 total attack points, and attacks Raider with 86 health who has 13 total armour points.
Raider now has 81 health remaining

Ranged with 87 health has a 18 total attack points, and attacks Archer with 76 health who has 10 total armour points.
Archer now has 68 health remaining

Ranged with 28 health has a 18 total attack points, and attacks Archer with 49 health who has 10 total armour points.
Archer now has 41 health remaining

Ranged with 50 health has a 18 total attack points, and attacks Archer with 96 health who has 12 total armour points.
Archer now has 90 health remaining

Grunt with 75 health has a 17 total attack points, and attacks Knight with 83 health who has 13 total armour points.
Knight now has 79 health remaining

Ranged with 90 health has a 18 total attack points, and attacks Archer with 68 health who has 10 total armour points.
Archer now has 60 health remaining

Knight with 69 health has a 22 total attack points, and attacks Spearman with 60 health who has 10 total armour points.
Spearman now has 48 health remaining

Grunt with 57 health has a 17 total attack points, and attacks Footman with 65 health who has 11 total armour points.
Footman now has 59 health remaining

Raider with 74 health has a 22 total attack points, and attacks Footman with 78 health who has 11 total armour points.
Footman now has 67 health remaining

Knight with 64 health has a 22 total attack points, and attacks Grunt with 58 health who has 11 total armour points.
Grunt now has 47 health remaining

Grunt with 93 health has a 17 total attack points, and attacks Archer with 82 health who has 10 total armour points.
Archer now has 75 health remaining

Footman with 88 health has a 17 total attack points, and attacks Raider with 92 health who has 13 total armour points.
Raider now has 88 health remaining

Grunt with 93 health has a 17 total attack points, and attacks Archer with 79 health who has 10 total armour points.
Archer now has 72 health remaining

Spearman with 79 health has a 18 total attack points, and attacks Archer with 58 health who has 10 total armour points.
Archer now has 50 health remaining

Ranged with 63 health has a 18 total attack points, and attacks Archer with 90 health who has 10 total armour points.
Archer now has 82 health remaining

Ranged with 84 health has a 18 total attack points, and attacks Footman with 70 health who has 11 total armour points.
Footman now has 63 health remaining

Footman with 68 health has a 17 total attack points, and attacks Spearman with 82 health who has 10 total armour points.
Spearman now has 75 health remaining

Spearman with 58 health has a 18 total attack points, and attacks Archer with 73 health who has 10 total armour points.
Archer now has 65 health remaining

Footman with 48 health has a 17 total attack points, and attacks Spearman with 55 health who has 10 total armour points.
Spearman now has 48 health remaining

Knight with 76 health has a 22 total attack points, and attacks Grunt with 57 health who has 11 total armour points.
Grunt now has 46 health remaining

Raider with 73 health has a 22 total attack points, and attacks Footman with 75 health who has 11 total armour points.
Footman now has 64 health remaining

Raider with 68 health has a 22 total attack points, and attacks Footman with 64 health who has 11 total armour points.
Footman now has 53 health remaining

Archer with 50 health has a 18 total attack points, and attacks Spearman with 90 health who has 10 total armour points.
Spearman now has 82 health remaining

Grunt with 93 health has a 17 total attack points, and attacks Archer with 63 health who has 10 total armour points.
Archer now has 56 health remaining

Archer with 79 health has a 18 total attack points, and attacks Spearman with 59 health who has 10 total armour points.
Spearman now has 51 health remaining

Spearman with 91 health has a 18 total attack points, and attacks Archer with 9 health who has 10 total armour points.
Archer now has 1 health remaining

Ranged with 96 health has a 18 total attack points, and attacks Knight with 72 health who has 13 total armour points.
Knight now has 67 health remaining

Raider with 96 health has a 22 total attack points, and attacks Footman with 82 health who has 11 total armour points.
Footman now has 71 health remaining

Knight with 70 health has a 22 total attack points, and attacks Ranged with 68 health who has 10 total armour points.
Ranged now has 56 health remaining

Raider with 81 health has a 22 total attack points, and attacks Archer with 100 health who has 14 total armour points.
Archer now has 92 health remaining

Grunt with 76 health has a 17 total attack points, and attacks Archer with 60 health who has 10 total armour points.
Archer now has 53 health remaining

Archer with 87 health has a 18 total attack points, and attacks Raider with 70 health who has 13 total armour points.
Raider now has 65 health remaining

Spearman with 74 health has a 18 total attack points, and attacks Footman with 54 health who has 11 total armour points.
Footman now has 47 health remaining

Ranged with 70 health has a 18 total attack points, and attacks Footman with 82 health who has 11 total armour points.
Footman now has 75 health remaining

Knight with 77 health has a 22 total attack points, and attacks Raider with 73 health who has 13 total armour points.
Raider now has 64 health remaining

Archer with 75 health has a 18 total attack points, and attacks Grunt with 38 health who has 11 total armour points.
Grunt now has 31 health remaining

Ranged with 78 health has a 18 total attack points, and attacks Footman with 80 health who has 11 total armour points.
Footman now has 73 health remaining

Raider with 61 health has a 22 total attack points, and attacks Knight with 78 health who has 13 total armour points.
Knight now has 69 health remaining

Archer with 66 health has a 18 total attack points, and attacks Grunt with 79 health who has 11 total armour points.
Grunt now has 72 health remaining

Raider with 73 health has a 22 total attack points, and attacks Archer with 78 health who has 10 total armour points.
Archer now has 66 health remaining

Footman with 55 health has a 17 total attack points, and attacks Spearman with 55 health who has 10 total armour points.
Spearman now has 48 health remaining

Raider with 64 health has a 22 total attack points, and attacks Knight with 75 health who has 13 total armour points.
Knight now has 66 health remaining

Archer with 79 health has a 18 total attack points, and attacks Spearman with 59 health who has 10 total armour points.
Spearman now has 51 health remaining

Archer with 82 health has a 18 total attack points, and attacks Grunt with 34 health who has 11 total armour points.
Grunt now has 27 health remaining

Ranged with 82 health has a 18 total attack points, and attacks Archer with 22 health who has 10 total armour points.
Archer now has 14 health remaining

Raider with 64 health has a 22 total attack points, and attacks Archer with 91 health who has 10 total armour points.
Archer now has 79 health remaining

Raider with 55 health has a 22 total attack points, and attacks Knight with 27 health who has 13 total armour points.
Knight now has 18 health remaining

Spearman with 87 health has a 18 total attack points, and attacks Archer with 90 health who has 10 total armour points.
Archer now has 82 health remaining

Raider with 62 health has a 22 total attack points, and attacks Knight with 86 health who has 13 total armour points.
Knight now has 77 health remaining

Grunt with 79 health has a 17 total attack points, and attacks Archer with 84 health who has 10 total armour points.
Archer now has 77 health remaining

Archer with 70 health has a 18 total attack points, and attacks Grunt with 64 health who has 11 total armour points.
Grunt now has 57 health remaining

Archer with 1 health has a 18 total attack points, and attacks Spearman with 82 health who has 10 total armour points.
Spearman now has 74 health remaining

Archer with 79 health has a 18 total attack points, and attacks Spearman with 82 health who has 10 total armour points.
Spearman now has 74 health remaining

Ranged with 70 health has a 18 total attack points, and attacks Knight with 90 health who has 13 total armour points.
Knight now has 85 health remaining

Ranged with 60 health has a 18 total attack points, and attacks Knight with 72 health who has 13 total armour points.
Knight now has 67 health remaining

Raider with 96 health has a 22 total attack points, and attacks Footman with 75 health who has 11 total armour points.
Footman now has 64 health remaining

Grunt with 60 health has a 17 total attack points, and attacks Knight with 73 health who has 13 total armour points.
Knight now has 69 health remaining

Ranged with 83 health has a 18 total attack points, and attacks Footman with 73 health who has 11 total armour points.
Footman now has 66 health remaining

Spearman with 84 health has a 18 total attack points, and attacks Archer with 75 health who has 10 total armour points.
Archer now has 67 health remaining

Archer with 54 health has a 18 total attack points, and attacks Raider with 65 health who has 13 total armour points.
Raider now has 60 health remaining

Knight with 100 health has a 22 total attack points, and attacks Grunt with 57 health who has 11 total armour points.
Grunt now has 46 health remaining

Footman with 67 health has a 17 total attack points, and attacks Spearman with 32 health who has 10 total armour points.
Spearman now has 25 health remaining

Footman with 41 health has a 17 total attack points, and attacks Raider with 46 health who has 13 total armour points.
Raider now has 42 health remaining

Spearman with 84 health has a 18 total attack points, and attacks Knight with 73 health who has 13 total armour points.
Knight now has 68 health remaining

Archer with 96 health has a 18 total attack points, and attacks Ranged with 41 health who has 10 total armour points.
Ranged now has 33 health remaining

Archer with 51 health has a 18 total attack points, and attacks Grunt with 62 health who has 11 total armour points.
Grunt now has 55 health remaining

Archer with 96 health has a 18 total attack points, and attacks Spearman with 33 health who has 10 total armour points.
Spearman now has 25 health remaining

Knight with 83 health has a 22 total attack points, and attacks Raider with 64 health who has 13 total armour points.
Raider now has 55 health remaining

Grunt with 61 health has a 17 total attack points, and attacks Archer with 75 health who has 10 total armour points.
Archer now has 68 health remaining

Spearman with 75 health has a 18 total attack points, and attacks Footman with 82 health who has 11 total armour points.
Footman now has 75 health remaining

Footman with 93 health has a 17 total attack points, and attacks Spearman with 53 health who has 10 total armour points.
Spearman now has 46 health remaining

Knight with 86 health has a 22 total attack points, and attacks Grunt with 94 health who has 11 total armour points.
Grunt now has 83 health remaining

Grunt with 47 health has a 17 total attack points, and attacks Archer with 62 health who has 10 total armour points.
Archer now has 55 health remaining

Knight with 68 health has a 22 total attack points, and attacks Spearman with 82 health who has 10 total armour points.
Spearman now has 70 health remaining

Archer with 79 health has a 18 total attack points, and attacks Grunt with 41 health who has 11 total armour points.
Grunt now has 34 health remaining

Raider with 86 health has a 22 total attack points, and attacks Archer with 90 health who has 10 total armour points.
Archer now has 78 health remaining

Archer with 63 health has a 18 total attack points, and attacks Raider with 96 health who has 13 total armour points.
Raider now has 91 health remaining

Raider with 82 health has a 22 total attack points, and attacks Archer with 38 health who has 10 total armour points.
Archer now has 26 health remaining

Grunt with 62 health has a 17 total attack points, and attacks Footman with 47 health who has 11 total armour points.
Footman now has 41 health remaining

Archer with 74 health has a 18 total attack points, and attacks Raider with 95 health who has 13 total armour points.
Raider now has 90 health remaining

Archer with 96 health has a 18 total attack points, and attacks Grunt with 54 health who has 11 total armour points.
Grunt now has 47 health remaining

Grunt with 43 health has a 17 total attack points, and attacks Archer with 67 health who has 10 total armour points.
Archer now has 60 health remaining

Footman with 68 health has a 17 total attack points, and attacks Ranged with 83 health who has 10 total armour points.
Ranged now has 76 health remaining

Raider with 86 health has a 22 total attack points, and attacks Archer with 14 health who has 10 total armour points.
Archer now has 2 health remaining

Raider with 77 health has a 22 total attack points, and attacks Archer with 70 health who has 10 total armour points.
Archer now has 58 health remaining

Footman with 69 health has a 17 total attack points, and attacks Raider with 81 health who has 13 total armour points.
Raider now has 77 health remaining

Raider with 76 health has a 22 total attack points, and attacks Knight with 80 health who has 13 total armour points.
Knight now has 71 health remaining

Grunt with 64 health has a 17 total attack points, and attacks Archer with 91 health who has 10 total armour points.
Archer now has 84 health remaining

Raider with 92 health has a 22 total attack points, and attacks Archer with 91 health who has 10 total armour points.
Archer now has 79 health remaining

Raider with 82 health has a 22 total attack points, and attacks Knight with 85 health who has 13 total armour points.
Knight now has 76 health remaining

Grunt with 41 health has a 17 total attack points, and attacks Footman with 53 health who has 11 total armour points.
Footman now has 47 health remaining

Spearman with 52 health has a 18 total attack points, and attacks Archer with 71 health who has 10 total armour points.
Archer now has 63 health remaining

Footman with 35 health has a 17 total attack points, and attacks Spearman with 91 health who has 10 total armour points.
Spearman now has 84 health remaining

Footman with 68 health has a 17 total attack points, and attacks Spearman with 66 health who has 10 total armour points.
Spearman now has 59 health remaining

Raider with 91 health has a 22 total attack points, and attacks Footman with 100 health who has 11 total armour points.
Footman now has 89 health remaining

Archer with 86 health has a 18 total attack points, and attacks Spearman with 74 health who has 10 total armour points.
Spearman now has 66 health remaining

Footman with 67 health has a 17 total attack points, and attacks Spearman with 27 health who has 10 total armour points.
Spearman now has 20 health remaining

Ranged with 61 health has a 18 total attack points, and attacks Knight with 95 health who has 13 total armour points.
Knight now has 90 health remaining

Knight with 57 health has a 22 total attack points, and attacks Spearman with 100 health who has 14 total armour points.
Spearman now has 92 health remaining

Grunt with 72 health has a 17 total attack points, and attacks Knight with 73 health who has 13 total armour points.
Knight now has 69 health remaining

Knight with 55 health has a 22 total attack points, and attacks Raider with 65 health who has 13 total armour points.
Raider now has 56 health remaining

Knight with 82 health has a 22 total attack points, and attacks Ranged with 97 health who has 12 total armour points.
Ranged now has 87 health remaining

Archer with 71 health has a 18 total attack points, and attacks Grunt with 93 health who has 11 total armour points.
Grunt now has 86 health remaining

Grunt with 34 health has a 17 total attack points, and attacks Archer with 59 health who has 10 total armour points.
Archer now has 52 health remaining

Knight with 68 health has a 22 total attack points, and attacks Raider with 55 health who has 13 total armour points.
Raider now has 46 health remaining

Raider with 64 health has a 22 total attack points, and attacks Footman with 28 health who has 11 total armour points.
Footman now has 17 health remaining

Footman with 82 health has a 17 total attack points, and attacks Grunt with 86 health who has 11 total armour points.
Grunt now has 80 health remaining

Spearman with 91 health has a 18 total attack points, and attacks Footman with 86 health who has 11 total armour points.
Footman now has 79 health remaining

Knight with 63 health has a 22 total attack points, and attacks Spearman with 79 health who has 10 total armour points.
Spearman now has 67 health remaining

Grunt with 86 health has a 17 total attack points, and attacks Knight with 76 health who has 13 total armour points.
Knight now has 72 health remaining

Spearman with 54 health has a 18 total attack points, and attacks Archer with 70 health who has 10 total armour points.
Archer now has 62 health remaining

Knight with 86 health has a 22 total attack points, and attacks Grunt with 89 health who has 11 total armour points.
Grunt now has 78 health remaining

Archer with 87 health has a 18 total attack points, and attacks Ranged with 60 health who has 10 total armour points.
Ranged now has 52 health remaining

Archer with 50 health has a 18 total attack points, and attacks Raider with 73 health who has 13 total armour points.
Raider now has 68 health remaining

Raider with 77 health has a 22 total attack points, and attacks Knight with 66 health who has 13 total armour points.
Knight now has 57 health remaining

Grunt with 93 health has a 17 total attack points, and attacks Archer with 75 health who has 10 total armour points.
Archer now has 68 health remaining

Ranged with 33 health has a 18 total attack points, and attacks Archer with 84 health who has 10 total armour points.
Archer now has 76 health remaining

Knight with 18 health has a 22 total attack points, and attacks Ranged with 90 health who has 10 total armour points.
Ranged now has 78 health remaining

Spearman with 92 health has a 18 total attack points, and attacks Archer with 56 health who has 10 total armour points.
Archer now has 48 health remaining

Grunt with 46 health has a 17 total attack points, and attacks Footman with 58 health who has 11 total armour points.
Footman now has 52 health remaining

Archer with 84 health has a 18 total attack points, and attacks Raider with 59 health who has 13 total armour points.
Raider now has 54 health remaining

Archer with 87 health has a 18 total attack points, and attacks Raider with 82 health who has 13 total armour points.
Raider now has 77 health remaining

Ranged with 83 health has a 18 total attack points, and attacks Footman with 69 health who has 11 total armour points.
Footman now has 62 health remaining

Spearman with 79 health has a 18 total attack points, and attacks Archer with 54 health who has 10 total armour points.
Archer now has 46 health remaining

Archer with 64 health has a 18 total attack points, and attacks Ranged with 18 health who has 10 total armour points.
Ranged now has 10 health remaining

Grunt with 34 health has a 17 total attack points, and attacks Footman with 75 health who has 11 total armour points.
Footman now has 69 health remaining

Footman with 53 health has a 17 total attack points, and attacks Raider with 86 health who has 13 total armour points.
Raider now has 82 health remaining

Ranged with 71 health has a 18 total attack points, and attacks Archer with 67 health who has 10 total armour points.
Archer now has 59 health remaining

Archer with 82 health has a 18 total attack points, and attacks Grunt with 69 health who has 11 total armour points.
Grunt now has 62 health remaining

Ranged with 76 health has a 18 total attack points, and attacks Archer with 74 health who has 10 total armour points.
Archer now has 66 health remaining

Spearman with 91 health has a 18 total attack points, and attacks Archer with 68 health who has 10 total armour points.
Archer now has 60 health remaining

Archer with 31 health has a 18 total attack points, and attacks Grunt with 46 health who has 11 total armour points.
Grunt now has 39 health remaining

Grunt with 69 health has a 17 total attack points, and attacks Knight with 85 health who has 13 total armour points.
Knight now has 81 health remaining

Archer with 74 health has a 18 total attack points, and attacks Spearman with 59 health who has 10 total armour points.
Spearman now has 51 health remaining

Archer with 60 health has a 18 total attack points, and attacks Ranged with 96 health who has 12 total armour points.
Ranged now has 90 health remaining

Grunt with 47 health has a 17 total attack points, and attacks Archer with 79 health who has 10 total armour points.
Archer now has 72 health remaining

Raider with 63 health has a 26 total attack points, and attacks Footman with 55 health who has 11 total armour points.
Footman now has 40 health remaining

Raider with 77 health has a 22 total attack points, and attacks Knight with 85 health who has 13 total armour points.
Knight now has 76 health remaining

Grunt with 79 health has a 17 total attack points, and attacks Archer with 43 health who has 10 total armour points.
Archer now has 36 health remaining

Archer with 92 health has a 18 total attack points, and attacks Raider with 68 health who has 13 total armour points.
Raider now has 63 health remaining

Grunt with 63 health has a 17 total attack points, and attacks Knight with 63 health who has 13 total armour points.
Knight now has 59 health remaining

Footman with 56 health has a 17 total attack points, and attacks Raider with 80 health who has 13 total armour points.
Raider now has 76 health remaining

Spearman with 82 health has a 18 total attack points, and attacks Footman with 68 health who has 11 total armour points.
Footman now has 61 health remaining

Spearman with 51 health has a 18 total attack points, and attacks Archer with 79 health who has 10 total armour points.
Archer now has 71 health remaining

Spearman with 78 health has a 18 total attack points, and attacks Archer with 57 health who has 10 total armour points.
Archer now has 49 health remaining

Spearman with 20 health has a 18 total attack points, and attacks Archer with 70 health who has 10 total armour points.
Archer now has 62 health remaining

Archer with 50 health has a 18 total attack points, and attacks Grunt with 68 health who has 11 total armour points.
Grunt now has 61 health remaining

Knight with 71 health has a 22 total attack points, and attacks Ranged with 96 health who has 12 total armour points.
Ranged now has 86 health remaining

Ranged with 78 health has a 18 total attack points, and attacks Knight with 55 health who has 13 total armour points.
Knight now has 50 health remaining

Archer with 75 health has a 18 total attack points, and attacks Raider with 81 health who has 13 total armour points.
Raider now has 76 health remaining

Archer with 66 health has a 18 total attack points, and attacks Grunt with 69 health who has 11 total armour points.
Grunt now has 62 health remaining

Spearman with 48 health has a 18 total attack points, and attacks Footman with 70 health who has 11 total armour points.
Footman now has 63 health remaining

Knight with 69 health has a 22 total attack points, and attacks Raider with 91 health who has 13 total armour points.
Raider now has 82 health remaining

Knight with 76 health has a 22 total attack points, and attacks Ranged with 63 health who has 10 total armour points.
Ranged now has 51 health remaining

Spearman with 65 health has a 18 total attack points, and attacks Footman with 71 health who has 11 total armour points.
Footman now has 64 health remaining

Knight with 82 health has a 22 total attack points, and attacks Ranged with 87 health who has 10 total armour points.
Ranged now has 75 health remaining

Footman with 65 health has a 17 total attack points, and attacks Grunt with 79 health who has 11 total armour points.
Grunt now has 73 health remaining

Footman with 68 health has a 17 total attack points, and attacks Ranged with 79 health who has 10 total armour points.
Ranged now has 72 health remaining

Footman with 69 health has a 17 total attack points, and attacks Spearman with 25 health who has 10 total armour points.
Spearman now has 18 health remaining

Ranged with 71 health has a 18 total attack points, and attacks Footman with 87 health who has 11 total armour points.
Footman now has 80 health remaining

Footman with 69 health has a 17 total attack points, and attacks Grunt with 69 health who has 11 total armour points.
Grunt now has 63 health remaining

Ranged with 91 health has a 18 total attack points, and attacks Footman with 59 health who has 11 total armour points.
Footman now has 52 health remaining

Grunt with 50 health has a 17 total attack points, and attacks Archer with 62 health who has 10 total armour points.
Archer now has 55 health remaining

Spearman with 100 health has a 18 total attack points, and attacks Archer with 76 health who has 10 total armour points.
Archer now has 68 health remaining

Archer with 86 health has a 18 total attack points, and attacks Ranged with 59 health who has 10 total armour points.
Ranged now has 51 health remaining

Archer with 78 health has a 18 total attack points, and attacks Ranged with 80 health who has 10 total armour points.
Ranged now has 72 health remaining

Spearman with 78 health has a 18 total attack points, and attacks Archer with 79 health who has 10 total armour points.
Archer now has 71 health remaining

Grunt with 83 health has a 17 total attack points, and attacks Knight with 86 health who has 13 total armour points.
Knight now has 82 health remaining

Archer with 62 health has a 18 total attack points, and attacks Ranged with 72 health who has 10 total armour points.
Ranged now has 64 health remaining

Grunt with 39 health has a 17 total attack points, and attacks Archer with 36 health who has 10 total armour points.
Archer now has 29 health remaining

Footman with 75 health has a 17 total attack points, and attacks Raider with 91 health who has 13 total armour points.
Raider now has 87 health remaining

Footman with 62 health has a 17 total attack points, and attacks Spearman with 74 health who has 10 total armour points.
Spearman now has 67 health remaining

Archer with 87 health has a 18 total attack points, and attacks Grunt with 73 health who has 11 total armour points.
Grunt now has 66 health remaining

Archer with 66 health has a 18 total attack points, and attacks Grunt with 93 health who has 11 total armour points.
Grunt now has 86 health remaining

Raider with 71 health has a 22 total attack points, and attacks Footman with 73 health who has 11 total armour points.
Footman now has 62 health remaining

Knight with 74 health has a 22 total attack points, and attacks Raider with 92 health who has 13 total armour points.
Raider now has 83 health remaining

Knight with 68 health has a 22 total attack points, and attacks Raider with 74 health who has 13 total armour points.
Raider now has 65 health remaining

Spearman with 42 health has a 18 total attack points, and attacks Knight with 51 health who has 13 total armour points.
Knight now has 46 health remaining

Archer with 66 health has a 18 total attack points, and attacks Ranged with 61 health who has 10 total armour points.
Ranged now has 53 health remaining

Raider with 71 health has a 22 total attack points, and attacks Archer with 79 health who has 10 total armour points.
Archer now has 67 health remaining

Knight with 91 health has a 22 total attack points, and attacks Spearman with 83 health who has 10 total armour points.
Spearman now has 71 health remaining

Archer with 90 health has a 18 total attack points, and attacks Spearman with 79 health who has 10 total armour points.
Spearman now has 71 health remaining

Archer with 90 health has a 18 total attack points, and attacks Ranged with 96 health who has 12 total armour points.
Ranged now has 90 health remaining

Footman with 82 health has a 17 total attack points, and attacks Spearman with 97 health who has 12 total armour points.
Spearman now has 92 health remaining

Archer with 82 health has a 18 total attack points, and attacks Ranged with 47 health who has 10 total armour points.
Ranged now has 39 health remaining

Archer with 68 health has a 18 total attack points, and attacks Ranged with 78 health who has 10 total armour points.
Ranged now has 70 health remaining

Ranged with 75 health has a 18 total attack points, and attacks Archer with 66 health who has 10 total armour points.
Archer now has 58 health remaining

Archer with 92 health has a 18 total attack points, and attacks Spearman with 74 health who has 10 total armour points.
Spearman now has 66 health remaining

Knight with 76 health has a 22 total attack points, and attacks Spearman with 75 health who has 10 total armour points.
Spearman now has 63 health remaining

Archer with 55 health has a 18 total attack points, and attacks Grunt with 86 health who has 11 total armour points.
Grunt now has 79 health remaining

Grunt with 93 health has a 17 total attack points, and attacks Archer with 52 health who has 10 total armour points.
Archer now has 45 health remaining

Ranged with 46 health has a 18 total attack points, and attacks Archer with 78 health who has 10 total armour points.
Archer now has 70 health remaining

Footman with 50 health has a 17 total attack points, and attacks Ranged with 46 health who has 10 total armour points.
Ranged now has 39 health remaining

Raider with 96 health has a 22 total attack points, and attacks Archer with 59 health who has 10 total armour points.
Archer now has 47 health remaining

Archer with 90 health has a 18 total attack points, and attacks Raider with 87 health who has 13 total armour points.
Raider now has 82 health remaining

Grunt with 60 health has a 17 total attack points, and attacks Footman with 81 health who has 11 total armour points.
Footman now has 75 health remaining

Ranged with 72 health has a 18 total attack points, and attacks Archer with 82 health who has 10 total armour points.
Archer now has 74 health remaining

Knight with 82 health has a 22 total attack points, and attacks Grunt with 65 health who has 11 total armour points.
Grunt now has 54 health remaining

Raider with 64 health has a 22 total attack points, and attacks Archer with 86 health who has 10 total armour points.
Archer now has 74 health remaining

Spearman with 66 health has a 18 total attack points, and attacks Footman with 52 health who has 11 total armour points.
Footman now has 45 health remaining

Grunt with 46 health has a 17 total attack points, and attacks Knight with 72 health who has 13 total armour points.
Knight now has 68 health remaining

Grunt with 64 health has a 17 total attack points, and attacks Archer with 68 health who has 10 total armour points.
Archer now has 61 health remaining

Spearman with 67 health has a 18 total attack points, and attacks Archer with 97 health who has 12 total armour points.
Archer now has 91 health remaining

Raider with 70 health has a 22 total attack points, and attacks Archer with 79 health who has 10 total armour points.
Archer now has 67 health remaining

Grunt with 16 health has a 17 total attack points, and attacks Archer with 91 health who has 10 total armour points.
Archer now has 84 health remaining

Raider with 91 health has a 22 total attack points, and attacks Footman with 63 health who has 11 total armour points.
Footman now has 52 health remaining

Raider with 55 health has a 22 total attack points, and attacks Knight with 95 health who has 13 total armour points.
Knight now has 86 health remaining

Spearman with 73 health has a 18 total attack points, and attacks Archer with 31 health who has 10 total armour points.
Archer now has 23 health remaining

Spearman with 76 health has a 18 total attack points, and attacks Footman with 93 health who has 11 total armour points.
Footman now has 86 health remaining

Raider with 81 health has a 22 total attack points, and attacks Archer with 74 health who has 10 total armour points.
Archer now has 62 health remaining

Archer with 75 health has a 18 total attack points, and attacks Ranged with 96 health who has 12 total armour points.
Ranged now has 90 health remaining

Footman with 52 health has a 17 total attack points, and attacks Grunt with 78 health who has 11 total armour points.
Grunt now has 72 health remaining

Archer with 74 health has a 18 total attack points, and attacks Ranged with 55 health who has 10 total armour points.
Ranged now has 47 health remaining

Raider with 80 health has a 22 total attack points, and attacks Archer with 30 health who has 10 total armour points.
Archer now has 18 health remaining

Archer with 75 health has a 18 total attack points, and attacks Ranged with 62 health who has 10 total armour points.
Ranged now has 54 health remaining

Ranged with 87 health has a 18 total attack points, and attacks Knight with 68 health who has 13 total armour points.
Knight now has 63 health remaining

Footman with 45 health has a 17 total attack points, and attacks Grunt with 76 health who has 11 total armour points.
Grunt now has 70 health remaining

Archer with 23 health has a 18 total attack points, and attacks Spearman with 67 health who has 10 total armour points.
Spearman now has 59 health remaining

Knight with 78 health has a 22 total attack points, and attacks Spearman with 67 health who has 10 total armour points.
Spearman now has 55 health remaining

Ranged with 78 health has a 18 total attack points, and attacks Archer with 55 health who has 10 total armour points.
Archer now has 47 health remaining

Knight with 59 health has a 22 total attack points, and attacks Raider with 71 health who has 13 total armour points.
Raider now has 62 health remaining

Spearman with 91 health has a 18 total attack points, and attacks Knight with 95 health who has 13 total armour points.
Knight now has 90 health remaining

Ranged with 52 health has a 18 total attack points, and attacks Footman with 35 health who has 11 total armour points.
Footman now has 28 health remaining

Spearman with 63 health has a 18 total attack points, and attacks Archer with 90 health who has 10 total armour points.
Archer now has 82 health remaining

Grunt with 67 health has a 17 total attack points, and attacks Archer with 78 health who has 10 total armour points.
Archer now has 71 health remaining

Footman with 73 health has a 17 total attack points, and attacks Raider with 46 health who has 13 total armour points.
Raider now has 42 health remaining

Ranged with 91 health has a 18 total attack points, and attacks Archer with 60 health who has 10 total armour points.
Archer now has 52 health remaining

Knight with 58 health has a 22 total attack points, and attacks Raider with 90 health who has 13 total armour points.
Raider now has 81 health remaining

Footman with 65 health has a 17 total attack points, and attacks Spearman with 48 health who has 10 total armour points.
Spearman now has 41 health remaining

Archer with 74 health has a 18 total attack points, and attacks Grunt with 86 health who has 11 total armour points.
Grunt now has 79 health remaining

Spearman with 79 health has a 18 total attack points, and attacks Archer with 78 health who has 10 total armour points.
Archer now has 70 health remaining

Ranged with 66 health has a 18 total attack points, and attacks Footman with 50 health who has 11 total armour points.
Footman now has 43 health remaining

Archer with 75 health has a 18 total attack points, and attacks Spearman with 48 health who has 10 total armour points.
Spearman now has 40 health remaining

Grunt with 59 health has a 17 total attack points, and attacks Footman with 80 health who has 11 total armour points.
Footman now has 74 health remaining

Knight with 50 health has a 22 total attack points, and attacks Spearman with 63 health who has 10 total armour points.
Spearman now has 51 health remaining

Ranged with 96 health has a 18 total attack points, and attacks Footman with 68 health who has 11 total armour points.
Footman now has 61 health remaining

Spearman with 55 health has a 18 total attack points, and attacks Footman with 57 health who has 11 total armour points.
Footman now has 50 health remaining

Ranged with 46 health has a 18 total attack points, and attacks Archer with 75 health who has 10 total armour points.
Archer now has 67 health remaining

Raider with 88 health has a 22 total attack points, and attacks Knight with 86 health who has 13 total armour points.
Knight now has 77 health remaining

Spearman with 84 health has a 18 total attack points, and attacks Knight with 95 health who has 13 total armour points.
Knight now has 90 health remaining

Ranged with 90 health has a 18 total attack points, and attacks Footman with 62 health who has 11 total armour points.
Footman now has 55 health remaining

Archer with 45 health has a 18 total attack points, and attacks Ranged with 66 health who has 10 total armour points.
Ranged now has 58 health remaining

Ranged with 54 health has a 18 total attack points, and attacks Archer with 60 health who has 10 total armour points.
Archer now has 52 health remaining

Knight with 100 health has a 22 total attack points, and attacks Grunt with 46 health who has 11 total armour points.
Grunt now has 35 health remaining

Spearman with 79 health has a 18 total attack points, and attacks Archer with 74 health who has 10 total armour points.
Archer now has 66 health remaining

Grunt with 55 health has a 17 total attack points, and attacks Knight with 72 health who has 13 total armour points.
Knight now has 68 health remaining

Ranged with 71 health has a 18 total attack points, and attacks Knight with 90 health who has 13 total armour points.
Knight now has 85 health remaining

Archer with 50 health has a 18 total attack points, and attacks Raider with 77 health who has 13 total armour points.
Raider now has 72 health remaining

Ranged with 62 health has a 18 total attack points, and attacks Footman with 68 health who has 11 total armour points.
Footman now has 61 health remaining

Grunt with 67 health has a 17 total attack points, and attacks Footman with 57 health who has 11 total armour points.
Footman now has 51 health remaining

Grunt with 47 health has a 17 total attack points, and attacks Archer with 59 health who has 10 total armour points.
Archer now has 52 health remaining

Grunt with 63 health has a 17 total attack points, and attacks Archer with 55 health who has 10 total armour points.
Archer now has 48 health remaining

Archer with 70 health has a 18 total attack points, and attacks Grunt with 79 health who has 11 total armour points.
Grunt now has 72 health remaining

Archer with 58 health has a 18 total attack points, and attacks Raider with 54 health who has 13 total armour points.
Raider now has 49 health remaining

Archer with 58 health has a 18 total attack points, and attacks Raider with 91 health who has 13 total armour points.
Raider now has 86 health remaining

Archer with 53 health has a 18 total attack points, and attacks Raider with 63 health who has 13 total armour points.
Raider now has 58 health remaining

Archer with 78 health has a 18 total attack points, and attacks Grunt with 93 health who has 11 total armour points.
Grunt now has 86 health remaining

Knight with 67 health has a 22 total attack points, and attacks Ranged with 90 health who has 10 total armour points.
Ranged now has 78 health remaining

Raider with 86 health has a 22 total attack points, and attacks Archer with 66 health who has 10 total armour points.
Archer now has 54 health remaining

Spearman with 67 health has a 18 total attack points, and attacks Knight with 67 health who has 13 total armour points.
Knight now has 62 health remaining

Grunt with 41 health has a 17 total attack points, and attacks Archer with 69 health who has 10 total armour points.
Archer now has 62 health remaining

Archer with 52 health has a 18 total attack points, and attacks Raider with 63 health who has 13 total armour points.
Raider now has 58 health remaining

Raider with 87 health has a 22 total attack points, and attacks Archer with 59 health who has 10 total armour points.
Archer now has 47 health remaining

Archer with 96 health has a 18 total attack points, and attacks Grunt with 50 health who has 11 total armour points.
Grunt now has 43 health remaining

Spearman with 100 health has a 18 total attack points, and attacks Knight with 77 health who has 13 total armour points.
Knight now has 72 health remaining

Raider with 82 health has a 22 total attack points, and attacks Footman with 89 health who has 11 total armour points.
Footman now has 78 health remaining

Archer with 87 health has a 18 total attack points, and attacks Grunt with 57 health who has 11 total armour points.
Grunt now has 50 health remaining

Spearman with 40 health has a 18 total attack points, and attacks Knight with 77 health who has 13 total armour points.
Knight now has 72 health remaining

Archer with 51 health has a 18 total attack points, and attacks Grunt with 34 health who has 11 total armour points.
Grunt now has 27 health remaining

Archer with 64 health has a 18 total attack points, and attacks Raider with 57 health who has 13 total armour points.
Raider now has 52 health remaining

Archer with 74 health has a 18 total attack points, and attacks Spearman with 84 health who has 10 total armour points.
Spearman now has 76 health remaining

Footman with 45 health has a 17 total attack points, and attacks Grunt with 63 health who has 11 total armour points.
Grunt now has 57 health remaining

Knight with 58 health has a 22 total attack points, and attacks Ranged with 90 health who has 10 total armour points.
Ranged now has 78 health remaining

Ranged with 52 health has a 18 total attack points, and attacks Archer with 92 health who has 10 total armour points.
Archer now has 84 health remaining

Footman with 74 health has a 17 total attack points, and attacks Spearman with 76 health who has 10 total armour points.
Spearman now has 69 health remaining

Archer with 96 health has a 18 total attack points, and attacks Raider with 96 health who has 13 total armour points.
Raider now has 91 health remaining

Archer with 61 health has a 18 total attack points, and attacks Raider with 76 health who has 13 total armour points.
Raider now has 71 health remaining

Archer with 51 health has a 18 total attack points, and attacks Spearman with 34 health who has 10 total armour points.
Spearman now has 26 health remaining

Grunt with 88 health has a 17 total attack points, and attacks Archer with 47 health who has 10 total armour points.
Archer now has 40 health remaining

Grunt with 86 health has a 17 total attack points, and attacks Archer with 82 health who has 10 total armour points.
Archer now has 75 health remaining

Spearman with 92 health has a 18 total attack points, and attacks Archer with 92 health who has 10 total armour points.
Archer now has 84 health remaining

Spearman with 70 health has a 18 total attack points, and attacks Knight with 95 health who has 13 total armour points.
Knight now has 90 health remaining

Grunt with 27 health has a 17 total attack points, and attacks Archer with 54 health who has 10 total armour points.
Archer now has 47 health remaining

Archer with 75 health has a 18 total attack points, and attacks Grunt with 41 health who has 11 total armour points.
Grunt now has 34 health remaining

Footman with 41 health has a 17 total attack points, and attacks Raider with 39 health who has 13 total armour points.
Raider now has 35 health remaining

Raider with 52 health has a 22 total attack points, and attacks Knight with 78 health who has 13 total armour points.
Knight now has 69 health remaining

Footman with 93 health has a 17 total attack points, and attacks Raider with 91 health who has 13 total armour points.
Raider now has 87 health remaining

Raider with 85 health has a 22 total attack points, and attacks Footman with 81 health who has 11 total armour points.
Footman now has 70 health remaining

Archer with 72 health has a 18 total attack points, and attacks Spearman with 51 health who has 10 total armour points.
Spearman now has 43 health remaining

Spearman with 67 health has a 18 total attack points, and attacks Footman with 60 health who has 11 total armour points.
Footman now has 53 health remaining

Raider with 80 health has a 22 total attack points, and attacks Footman with 48 health who has 11 total armour points.
Footman now has 37 health remaining

Grunt with 79 health has a 17 total attack points, and attacks Archer with 75 health who has 10 total armour points.
Archer now has 68 health remaining

Archer with 84 health has a 18 total attack points, and attacks Grunt with 67 health who has 11 total armour points.
Grunt now has 60 health remaining

Knight with 82 health has a 22 total attack points, and attacks Raider with 86 health who has 13 total armour points.
Raider now has 77 health remaining

Spearman with 67 health has a 18 total attack points, and attacks Footman with 52 health who has 11 total armour points.
Footman now has 45 health remaining

Grunt with 68 health has a 17 total attack points, and attacks Archer with 74 health who has 10 total armour points.
Archer now has 67 health remaining

Knight with 49 health has a 26 total attack points, and attacks Grunt with 82 health who has 11 total armour points.
Grunt now has 67 health remaining

Archer with 40 health has a 18 total attack points, and attacks Spearman with 64 health who has 10 total armour points.
Spearman now has 56 health remaining

Archer with 75 health has a 18 total attack points, and attacks Spearman with 52 health who has 10 total armour points.
Spearman now has 44 health remaining

Archer with 56 health has a 18 total attack points, and attacks Grunt with 68 health who has 11 total armour points.
Grunt now has 61 health remaining

Archer with 79 health has a 18 total attack points, and attacks Spearman with 75 health who has 10 total armour points.
Spearman now has 67 health remaining

Raider with 35 health has a 26 total attack points, and attacks Footman with 61 health who has 11 total armour points.
Footman now has 46 health remaining

Knight with 72 health has a 22 total attack points, and attacks Spearman with 76 health who has 10 total armour points.
Spearman now has 64 health remaining

Footman with 38 health has a 17 total attack points, and attacks Grunt with 86 health who has 11 total armour points.
Grunt now has 80 health remaining

Raider with 60 health has a 22 total attack points, and attacks Archer with 40 health who has 10 total armour points.
Archer now has 28 health remaining

Raider with 73 health has a 22 total attack points, and attacks Knight with 71 health who has 13 total armour points.
Knight now has 62 health remaining

Archer with 82 health has a 18 total attack points, and attacks Raider with 72 health who has 13 total armour points.
Raider now has 67 health remaining

Spearman with 61 health has a 18 total attack points, and attacks Archer with 96 health who has 12 total armour points.
Archer now has 90 health remaining

Footman with 52 health has a 17 total attack points, and attacks Ranged with 60 health who has 10 total armour points.
Ranged now has 53 health remaining

Raider with 81 health has a 22 total attack points, and attacks Footman with 63 health who has 11 total armour points.
Footman now has 52 health remaining

Archer with 66 health has a 18 total attack points, and attacks Raider with 82 health who has 13 total armour points.
Raider now has 77 health remaining

Grunt with 24 health has a 17 total attack points, and attacks Footman with 33 health who has 11 total armour points.
Footman now has 27 health remaining

Archer with 96 health has a 18 total attack points, and attacks Spearman with 76 health who has 10 total armour points.
Spearman now has 68 health remaining

Grunt with 55 health has a 17 total attack points, and attacks Knight with 77 health who has 13 total armour points.
Knight now has 73 health remaining

Raider with 78 health has a 26 total attack points, and attacks Footman with 76 health who has 11 total armour points.
Footman now has 61 health remaining

Footman with 24 health has a 17 total attack points, and attacks Raider with 82 health who has 13 total armour points.
Raider now has 78 health remaining

Spearman with 73 health has a 18 total attack points, and attacks Archer with 26 health who has 10 total armour points.
Archer now has 18 health remaining

Knight with 70 health has a 22 total attack points, and attacks Raider with 58 health who has 13 total armour points.
Raider now has 49 health remaining

Knight with 82 health has a 22 total attack points, and attacks Raider with 65 health who has 13 total armour points.
Raider now has 56 health remaining

Archer with 82 health has a 18 total attack points, and attacks Raider with 100 health who has 13 total armour points.
Raider now has 95 health remaining

Knight with 68 health has a 22 total attack points, and attacks Grunt with 43 health who has 11 total armour points.
Grunt now has 32 health remaining

Knight with 67 health has a 22 total attack points, and attacks Spearman with 84 health who has 10 total armour points.
Spearman now has 72 health remaining

Spearman with 66 health has a 18 total attack points, and attacks Knight with 85 health who has 13 total armour points.
Knight now has 80 health remaining

Archer with 77 health has a 18 total attack points, and attacks Grunt with 54 health who has 11 total armour points.
Grunt now has 47 health remaining

Archer with 56 health has a 18 total attack points, and attacks Raider with 88 health who has 13 total armour points.
Raider now has 83 health remaining

Raider with 60 health has a 22 total attack points, and attacks Archer with 66 health who has 10 total armour points.
Archer now has 54 health remaining

Spearman with 92 health has a 18 total attack points, and attacks Footman with 27 health who has 11 total armour points.
Footman now has 20 health remaining

Raider with 63 health has a 22 total attack points, and attacks Footman with 64 health who has 11 total armour points.
Footman now has 53 health remaining

Archer with 62 health has a 18 total attack points, and attacks Grunt with 58 health who has 11 total armour points.
Grunt now has 51 health remaining

Raider with 58 health has a 22 total attack points, and attacks Archer with 87 health who has 10 total armour points.
Archer now has 75 health remaining

Archer with 79 health has a 18 total attack points, and attacks Ranged with 96 health who has 12 total armour points.
Ranged now has 90 health remaining

Ranged with 71 health has a 18 total attack points, and attacks Archer with 28 health who has 10 total armour points.
Archer now has 20 health remaining

Footman with 65 health has a 17 total attack points, and attacks Spearman with 67 health who has 10 total armour points.
Spearman now has 60 health remaining

Archer with 66 health has a 18 total attack points, and attacks Spearman with 48 health who has 10 total armour points.
Spearman now has 40 health remaining

Knight with 83 health has a 22 total attack points, and attacks Raider with 55 health who has 13 total armour points.
Raider now has 46 health remaining

Ranged with 66 health has a 18 total attack points, and attacks Footman with 43 health who has 11 total armour points.
Footman now has 36 health remaining

Raider with 91 health has a 22 total attack points, and attacks Archer with 63 health who has 10 total armour points.
Archer now has 51 health remaining

Spearman with 66 health has a 18 total attack points, and attacks Footman with 61 health who has 11 total armour points.
Footman now has 54 health remaining

Ranged with 90 health has a 18 total attack points, and attacks Knight with 78 health who has 13 total armour points.
Knight now has 73 health remaining

Knight with 90 health has a 22 total attack points, and attacks Raider with 77 health who has 13 total armour points.
Raider now has 68 health remaining

Knight with 95 health has a 22 total attack points, and attacks Grunt with 88 health who has 11 total armour points.
Grunt now has 77 health remaining

Archer with 78 health has a 18 total attack points, and attacks Grunt with 35 health who has 11 total armour points.
Grunt now has 28 health remaining

Archer with 70 health has a 18 total attack points, and attacks Grunt with 22 health who has 11 total armour points.
Grunt now has 15 health remaining

Spearman with 40 health has a 18 total attack points, and attacks Footman with 55 health who has 11 total armour points.
Footman now has 48 health remaining

Footman with 45 health has a 17 total attack points, and attacks Spearman with 60 health who has 10 total armour points.
Spearman now has 53 health remaining

Spearman with 83 health has a 18 total attack points, and attacks Knight with 69 health who has 13 total armour points.
Knight now has 64 health remaining

Grunt with 68 health has a 17 total attack points, and attacks Archer with 31 health who has 10 total armour points.
Archer now has 24 health remaining

Archer with 60 health has a 18 total attack points, and attacks Spearman with 82 health who has 10 total armour points.
Spearman now has 74 health remaining

Grunt with 68 health has a 17 total attack points, and attacks Knight with 55 health who has 13 total armour points.
Knight now has 51 health remaining

Raider with 49 health has a 22 total attack points, and attacks Footman with 60 health who has 11 total armour points.
Footman now has 49 health remaining

Knight with 70 health has a 22 total attack points, and attacks Grunt with 62 health who has 11 total armour points.
Grunt now has 51 health remaining

Raider with 86 health has a 22 total attack points, and attacks Knight with 68 health who has 13 total armour points.
Knight now has 59 health remaining

Spearman with 71 health has a 18 total attack points, and attacks Archer with 50 health who has 10 total armour points.
Archer now has 42 health remaining

Spearman with 66 health has a 18 total attack points, and attacks Archer with 82 health who has 10 total armour points.
Archer now has 74 health remaining

Archer with 56 health has a 18 total attack points, and attacks Raider with 77 health who has 13 total armour points.
Raider now has 72 health remaining

Archer with 79 health has a 18 total attack points, and attacks Raider with 76 health who has 13 total armour points.
Raider now has 71 health remaining

Archer with 34 health has a 18 total attack points, and attacks Spearman with 55 health who has 10 total armour points.
Spearman now has 47 health remaining

Raider with 49 health has a 22 total attack points, and attacks Knight with 59 health who has 13 total armour points.
Knight now has 50 health remaining

Ranged with 56 health has a 18 total attack points, and attacks Footman with 51 health who has 11 total armour points.
Footman now has 44 health remaining

Grunt with 93 health has a 17 total attack points, and attacks Archer with 62 health who has 10 total armour points.
Archer now has 55 health remaining

Knight with 58 health has a 22 total attack points, and attacks Grunt with 93 health who has 11 total armour points.
Grunt now has 82 health remaining

Archer with 68 health has a 18 total attack points, and attacks Grunt with 32 health who has 11 total armour points.
Grunt now has 25 health remaining

Raider with 86 health has a 22 total attack points, and attacks Archer with 92 health who has 12 total armour points.
Archer now has 82 health remaining

Raider with 73 health has a 22 total attack points, and attacks Archer with 84 health who has 10 total armour points.
Archer now has 72 health remaining

Archer with 83 health has a 18 total attack points, and attacks Spearman with 42 health who has 10 total armour points.
Spearman now has 34 health remaining

Spearman with 67 health has a 18 total attack points, and attacks Footman with 45 health who has 11 total armour points.
Footman now has 38 health remaining

Spearman with 66 health has a 18 total attack points, and attacks Archer with 100 health who has 14 total armour points.
Archer now has 96 health remaining

Grunt with 67 health has a 17 total attack points, and attacks Archer with 91 health who has 10 total armour points.
Archer now has 84 health remaining

Knight with 100 health has a 22 total attack points, and attacks Raider with 95 health who has 13 total armour points.
Raider now has 86 health remaining

Archer with 55 health has a 18 total attack points, and attacks Raider with 87 health who has 13 total armour points.
Raider now has 82 health remaining

Ranged with 47 health has a 18 total attack points, and attacks Footman with 17 health who has 11 total armour points.
Footman now has 10 health remaining

Archer with 66 health has a 18 total attack points, and attacks Ranged with 92 health who has 12 total armour points.
Ranged now has 86 health remaining

Gul´dan with 176 health has a 27 total attack points, and attacks Knight with 87 health who has 13 total armour points.
Knight now has 73 health remaining

Archer with 48 health has a 18 total attack points, and attacks Ranged with 60 health who has 10 total armour points.
Ranged now has 52 health remaining

Archer with 83 health has a 18 total attack points, and attacks Ranged with 87 health who has 10 total armour points.
Ranged now has 79 health remaining

Archer with 69 health has a 18 total attack points, and attacks Ranged with 41 health who has 10 total armour points.
Ranged now has 33 health remaining

Ranged with 75 health has a 18 total attack points, and attacks Footman with 82 health who has 11 total armour points.
Footman now has 75 health remaining

Archer with 96 health has a 18 total attack points, and attacks Grunt with 80 health who has 11 total armour points.
Grunt now has 73 health remaining

Footman with 73 health has a 17 total attack points, and attacks Ranged with 68 health who has 10 total armour points.
Ranged now has 61 health remaining

Archer with 84 health has a 18 total attack points, and attacks Raider with 55 health who has 13 total armour points.
Raider now has 50 health remaining

Archer with 20 health has a 18 total attack points, and attacks Grunt with 67 health who has 11 total armour points.
Grunt now has 60 health remaining

Archer with 96 health has a 18 total attack points, and attacks Ranged with 71 health who has 10 total armour points.
Ranged now has 63 health remaining

Archer with 55 health has a 18 total attack points, and attacks Spearman with 82 health who has 10 total armour points.
Spearman now has 74 health remaining

Archer with 2 health has a 18 total attack points, and attacks Spearman with 25 health who has 10 total armour points.
Spearman now has 17 health remaining

Ranged with 83 health has a 18 total attack points, and attacks Archer with 75 health who has 10 total armour points.
Archer now has 67 health remaining

Grunt with 64 health has a 17 total attack points, and attacks Archer with 52 health who has 10 total armour points.
Archer now has 45 health remaining

Grunt with 56 health has a 17 total attack points, and attacks Footman with 67 health who has 11 total armour points.
Footman now has 61 health remaining

Grunt with 57 health has a 17 total attack points, and attacks Knight with 72 health who has 13 total armour points.
Knight now has 68 health remaining

Footman with 51 health has a 17 total attack points, and attacks Spearman with 91 health who has 10 total armour points.
Spearman now has 84 health remaining

Archer with 71 health has a 18 total attack points, and attacks Spearman with 39 health who has 10 total armour points.
Spearman now has 31 health remaining

Spearman with 36 health has a 18 total attack points, and attacks Archer with 71 health who has 10 total armour points.
Archer now has 63 health remaining

Ranged with 44 health has a 18 total attack points, and attacks Footman with 69 health who has 11 total armour points.
Footman now has 62 health remaining

Archer with 86 health has a 18 total attack points, and attacks Ranged with 90 health who has 10 total armour points.
Ranged now has 82 health remaining

Spearman with 71 health has a 18 total attack points, and attacks Archer with 86 health who has 10 total armour points.
Archer now has 78 health remaining

Footman with 82 health has a 17 total attack points, and attacks Ranged with 51 health who has 10 total armour points.
Ranged now has 44 health remaining

Raider with 83 health has a 22 total attack points, and attacks Archer with 51 health who has 10 total armour points.
Archer now has 39 health remaining

Grunt with 60 health has a 17 total attack points, and attacks Footman with 74 health who has 11 total armour points.
Footman now has 68 health remaining

Footman with 48 health has a 17 total attack points, and attacks Raider with 73 health who has 13 total armour points.
Raider now has 69 health remaining

Footman with 68 health has a 17 total attack points, and attacks Ranged with 51 health who has 10 total armour points.
Ranged now has 44 health remaining

Raider with 81 health has a 22 total attack points, and attacks Archer with 20 health who has 10 total armour points.
Archer now has 8 health remaining

Knight with 95 health has a 22 total attack points, and attacks Spearman with 70 health who has 10 total armour points.
Spearman now has 58 health remaining

Spearman with 52 health has a 18 total attack points, and attacks Knight with 69 health who has 13 total armour points.
Knight now has 64 health remaining

Ranged with 54 health has a 18 total attack points, and attacks Archer with 48 health who has 10 total armour points.
Archer now has 40 health remaining

Spearman with 44 health has a 18 total attack points, and attacks Footman with 74 health who has 11 total armour points.
Footman now has 67 health remaining

Footman with 61 health has a 17 total attack points, and attacks Gul´dan with 176 health who has 16 total armour points.
Gul´dan now has 175 health remaining

Footman with 50 health has a 17 total attack points, and attacks Ranged with 87 health who has 10 total armour points.
Ranged now has 80 health remaining

Footman with 75 health has a 17 total attack points, and attacks Raider with 87 health who has 13 total armour points.
Raider now has 83 health remaining

Grunt with 61 health has a 17 total attack points, and attacks Archer with 75 health who has 10 total armour points.
Archer now has 68 health remaining

Raider with 52 health has a 22 total attack points, and attacks Archer with 91 health who has 10 total armour points.
Archer now has 79 health remaining

Archer with 61 health has a 18 total attack points, and attacks Ranged with 70 health who has 10 total armour points.
Ranged now has 62 health remaining

Footman with 49 health has a 17 total attack points, and attacks Ranged with 51 health who has 10 total armour points.
Ranged now has 44 health remaining

Footman with 61 health has a 17 total attack points, and attacks Grunt with 61 health who has 11 total armour points.
Grunt now has 55 health remaining

Archer with 96 health has a 18 total attack points, and attacks Spearman with 58 health who has 10 total armour points.
Spearman now has 50 health remaining

Footman with 37 health has a 17 total attack points, and attacks Grunt with 68 health who has 11 total armour points.
Grunt now has 62 health remaining

Raider with 82 health has a 22 total attack points, and attacks Knight with 73 health who has 13 total armour points.
Knight now has 64 health remaining

Knight with 77 health has a 26 total attack points, and attacks Spearman with 58 health who has 10 total armour points.
Spearman now has 42 health remaining

Footman with 38 health has a 17 total attack points, and attacks Spearman with 61 health who has 10 total armour points.
Spearman now has 54 health remaining

Grunt with 93 health has a 17 total attack points, and attacks Knight with 64 health who has 13 total armour points.
Knight now has 60 health remaining

Spearman with 52 health has a 18 total attack points, and attacks Footman with 94 health who has 11 total armour points.
Footman now has 87 health remaining

Knight with 95 health has a 22 total attack points, and attacks Ranged with 53 health who has 10 total armour points.
Ranged now has 41 health remaining

Raider with 85 health has a 22 total attack points, and attacks Archer with 92 health who has 10 total armour points.
Archer now has 80 health remaining

Knight with 49 health has a 22 total attack points, and attacks Raider with 85 health who has 13 total armour points.
Raider now has 76 health remaining

Archer with 49 health has a 18 total attack points, and attacks Raider with 68 health who has 13 total armour points.
Raider now has 63 health remaining

Archer with 84 health has a 18 total attack points, and attacks Ranged with 71 health who has 10 total armour points.
Ranged now has 63 health remaining

Raider with 62 health has a 22 total attack points, and attacks Footman with 71 health who has 11 total armour points.
Footman now has 60 health remaining

Footman with 94 health has a 17 total attack points, and attacks Raider with 52 health who has 13 total armour points.
Raider now has 48 health remaining

Archer with 96 health has a 18 total attack points, and attacks Ranged with 83 health who has 10 total armour points.
Ranged now has 75 health remaining

Knight with 58 health has a 22 total attack points, and attacks Ranged with 54 health who has 10 total armour points.
Ranged now has 42 health remaining

Ranged with 60 health has a 18 total attack points, and attacks Knight with 46 health who has 13 total armour points.
Knight now has 41 health remaining

Spearman with 67 health has a 18 total attack points, and attacks Archer with 68 health who has 10 total armour points.
Archer now has 60 health remaining

Archer with 67 health has a 18 total attack points, and attacks Spearman with 60 health who has 10 total armour points.
Spearman now has 52 health remaining

Archer with 59 health has a 18 total attack points, and attacks Ranged with 54 health who has 10 total armour points.
Ranged now has 46 health remaining

Spearman with 79 health has a 18 total attack points, and attacks Footman with 49 health who has 11 total armour points.
Footman now has 42 health remaining

Raider with 83 health has a 22 total attack points, and attacks Archer with 46 health who has 10 total armour points.
Archer now has 34 health remaining

Knight with 58 health has a 22 total attack points, and attacks Grunt with 93 health who has 11 total armour points.
Grunt now has 82 health remaining

Footman with 61 health has a 17 total attack points, and attacks Raider with 86 health who has 13 total armour points.
Raider now has 82 health remaining

Ranged with 53 health has a 18 total attack points, and attacks Knight with 86 health who has 13 total armour points.
Knight now has 81 health remaining

Archer with 96 health has a 18 total attack points, and attacks Grunt with 81 health who has 11 total armour points.
Grunt now has 74 health remaining

Spearman with 63 health has a 18 total attack points, and attacks Archer with 78 health who has 10 total armour points.
Archer now has 70 health remaining

Spearman with 40 health has a 18 total attack points, and attacks Knight with 100 health who has 13 total armour points.
Knight now has 95 health remaining

Archer with 79 health has a 18 total attack points, and attacks Ranged with 33 health who has 10 total armour points.
Ranged now has 25 health remaining

Raider with 86 health has a 22 total attack points, and attacks Archer with 52 health who has 10 total armour points.
Archer now has 40 health remaining

Raider with 83 health has a 22 total attack points, and attacks Footman with 48 health who has 11 total armour points.
Footman now has 37 health remaining

Knight with 72 health has a 22 total attack points, and attacks Raider with 85 health who has 13 total armour points.
Raider now has 76 health remaining

Ranged with 78 health has a 18 total attack points, and attacks Knight with 59 health who has 13 total armour points.
Knight now has 54 health remaining

Archer with 79 health has a 18 total attack points, and attacks Ranged with 78 health who has 10 total armour points.
Ranged now has 70 health remaining

Grunt with 56 health has a 17 total attack points, and attacks Footman with 88 health who has 11 total armour points.
Footman now has 82 health remaining

Ranged with 44 health has a 18 total attack points, and attacks Footman with 76 health who has 11 total armour points.
Footman now has 69 health remaining

Archer with 82 health has a 18 total attack points, and attacks Ranged with 54 health who has 10 total armour points.
Ranged now has 46 health remaining

Archer with 59 health has a 18 total attack points, and attacks Spearman with 50 health who has 10 total armour points.
Spearman now has 42 health remaining

Archer with 71 health has a 18 total attack points, and attacks Raider with 90 health who has 13 total armour points.
Raider now has 85 health remaining

Knight with 44 health has a 22 total attack points, and attacks Spearman with 20 health who has 10 total armour points.
Spearman now has 8 health remaining

Spearman with 40 health has a 18 total attack points, and attacks Knight with 77 health who has 13 total armour points.
Knight now has 72 health remaining

Knight with 86 health has a 22 total attack points, and attacks Ranged with 86 health who has 10 total armour points.
Ranged now has 74 health remaining

Spearman with 17 health has a 18 total attack points, and attacks Archer with 74 health who has 10 total armour points.
Archer now has 66 health remaining

Knight with 79 health has a 22 total attack points, and attacks Grunt with 69 health who has 11 total armour points.
Grunt now has 58 health remaining

Spearman with 92 health has a 18 total attack points, and attacks Archer with 66 health who has 10 total armour points.
Archer now has 58 health remaining

Archer with 75 health has a 18 total attack points, and attacks Spearman with 74 health who has 10 total armour points.
Spearman now has 66 health remaining

Raider with 76 health has a 22 total attack points, and attacks Knight with 81 health who has 13 total armour points.
Knight now has 72 health remaining

Ranged with 74 health has a 18 total attack points, and attacks Knight with 58 health who has 13 total armour points.
Knight now has 53 health remaining

Ranged with 67 health has a 18 total attack points, and attacks Footman with 93 health who has 11 total armour points.
Footman now has 86 health remaining

Archer with 96 health has a 18 total attack points, and attacks Ranged with 70 health who has 10 total armour points.
Ranged now has 62 health remaining

Raider with 49 health has a 22 total attack points, and attacks Archer with 92 health who has 12 total armour points.
Archer now has 82 health remaining

Grunt with 86 health has a 17 total attack points, and attacks Archer with 74 health who has 10 total armour points.
Archer now has 67 health remaining

Ranged with 53 health has a 18 total attack points, and attacks Archer with 82 health who has 10 total armour points.
Archer now has 74 health remaining

Grunt with 38 health has a 17 total attack points, and attacks Archer with 91 health who has 10 total armour points.
Archer now has 84 health remaining

Footman with 65 health has a 17 total attack points, and attacks Spearman with 66 health who has 10 total armour points.
Spearman now has 59 health remaining

Footman with 68 health has a 17 total attack points, and attacks Grunt with 28 health who has 11 total armour points.
Grunt now has 22 health remaining

Ranged with 47 health has a 18 total attack points, and attacks Archer with 71 health who has 10 total armour points.
Archer now has 63 health remaining

Archer with 80 health has a 18 total attack points, and attacks Raider with 63 health who has 13 total armour points.
Raider now has 58 health remaining

Archer with 59 health has a 18 total attack points, and attacks Raider with 68 health who has 13 total armour points.
Raider now has 63 health remaining

Knight with 77 health has a 22 total attack points, and attacks Raider with 95 health who has 13 total armour points.
Raider now has 86 health remaining

Knight with 71 health has a 22 total attack points, and attacks Raider with 82 health who has 13 total armour points.
Raider now has 73 health remaining

Knight with 49 health has a 22 total attack points, and attacks Spearman with 73 health who has 10 total armour points.
Spearman now has 61 health remaining

Ranged with 62 health has a 18 total attack points, and attacks Footman with 67 health who has 11 total armour points.
Footman now has 60 health remaining

Footman with 58 health has a 17 total attack points, and attacks Ranged with 46 health who has 10 total armour points.
Ranged now has 39 health remaining

Knight with 68 health has a 22 total attack points, and attacks Raider with 80 health who has 13 total armour points.
Raider now has 71 health remaining

Archer with 72 health has a 18 total attack points, and attacks Spearman with 92 health who has 12 total armour points.
Spearman now has 86 health remaining

Raider with 63 health has a 22 total attack points, and attacks Footman with 87 health who has 11 total armour points.
Footman now has 76 health remaining

Archer with 46 health has a 18 total attack points, and attacks Ranged with 44 health who has 10 total armour points.
Ranged now has 36 health remaining

Archer with 42 health has a 18 total attack points, and attacks Raider with 76 health who has 13 total armour points.
Raider now has 71 health remaining

Knight with 82 health has a 22 total attack points, and attacks Spearman with 82 health who has 10 total armour points.
Spearman now has 70 health remaining

Ranged with 72 health has a 18 total attack points, and attacks Knight with 62 health who has 13 total armour points.
Knight now has 57 health remaining

Archer with 64 health has a 18 total attack points, and attacks Ranged with 46 health who has 10 total armour points.
Ranged now has 38 health remaining

Spearman with 67 health has a 18 total attack points, and attacks Archer with 47 health who has 10 total armour points.
Archer now has 39 health remaining

Footman with 67 health has a 17 total attack points, and attacks Ranged with 78 health who has 10 total armour points.
Ranged now has 71 health remaining

Spearman with 59 health has a 18 total attack points, and attacks Archer with 1 health who has 10 total armour points.
Archer has died in combat.

Spearman with 34 health has a 18 total attack points, and attacks Archer with 96 health who has 12 total armour points.
Archer now has 90 health remaining

Archer with 75 health has a 18 total attack points, and attacks Ranged with 62 health who has 10 total armour points.
Ranged now has 54 health remaining

Knight with 60 health has a 22 total attack points, and attacks Raider with 81 health who has 13 total armour points.
Raider now has 72 health remaining

Spearman with 40 health has a 18 total attack points, and attacks Knight with 57 health who has 13 total armour points.
Knight now has 52 health remaining

Grunt with 72 health has a 17 total attack points, and attacks Archer with 55 health who has 10 total armour points.
Archer now has 48 health remaining

Knight with 57 health has a 22 total attack points, and attacks Spearman with 34 health who has 10 total armour points.
Spearman now has 22 health remaining

Footman with 68 health has a 17 total attack points, and attacks Ranged with 55 health who has 10 total armour points.
Ranged now has 48 health remaining

Knight with 18 health has a 22 total attack points, and attacks Grunt with 43 health who has 11 total armour points.
Grunt now has 32 health remaining

Knight with 74 health has a 22 total attack points, and attacks Raider with 62 health who has 13 total armour points.
Raider now has 53 health remaining

Archer with 52 health has a 18 total attack points, and attacks Raider with 100 health who has 13 total armour points.
Raider now has 95 health remaining

Grunt with 69 health has a 17 total attack points, and attacks Footman with 61 health who has 11 total armour points.
Footman now has 55 health remaining

Archer with 39 health has a 18 total attack points, and attacks Spearman with 70 health who has 10 total armour points.
Spearman now has 62 health remaining

Ranged with 84 health has a 18 total attack points, and attacks Knight with 72 health who has 13 total armour points.
Knight now has 67 health remaining

Archer with 82 health has a 18 total attack points, and attacks Grunt with 61 health who has 11 total armour points.
Grunt now has 54 health remaining

Raider with 95 health has a 22 total attack points, and attacks Knight with 69 health who has 13 total armour points.
Knight now has 60 health remaining

Archer with 64 health has a 18 total attack points, and attacks Grunt with 86 health who has 11 total armour points.
Grunt now has 79 health remaining

Ranged with 44 health has a 18 total attack points, and attacks Footman with 94 health who has 11 total armour points.
Footman now has 87 health remaining

Ranged with 44 health has a 18 total attack points, and attacks Archer with 52 health who has 10 total armour points.
Archer now has 44 health remaining

Grunt with 68 health has a 17 total attack points, and attacks Archer with 86 health who has 10 total armour points.
Archer now has 79 health remaining

Spearman with 83 health has a 18 total attack points, and attacks Archer with 82 health who has 10 total armour points.
Archer now has 74 health remaining

Archer with 75 health has a 18 total attack points, and attacks Spearman with 51 health who has 10 total armour points.
Spearman now has 43 health remaining

Knight with 76 health has a 22 total attack points, and attacks Spearman with 41 health who has 10 total armour points.
Spearman now has 29 health remaining

Archer with 60 health has a 18 total attack points, and attacks Spearman with 66 health who has 10 total armour points.
Spearman now has 58 health remaining

Raider with 86 health has a 22 total attack points, and attacks Knight with 60 health who has 13 total armour points.
Knight now has 51 health remaining

Archer with 68 health has a 18 total attack points, and attacks Grunt with 61 health who has 11 total armour points.
Grunt now has 54 health remaining

Spearman with 78 health has a 18 total attack points, and attacks Archer with 84 health who has 10 total armour points.
Archer now has 76 health remaining

Knight with 83 health has a 22 total attack points, and attacks Grunt with 82 health who has 11 total armour points.
Grunt now has 71 health remaining

Archer with 47 health has a 18 total attack points, and attacks Spearman with 43 health who has 10 total armour points.
Spearman now has 35 health remaining

Grunt with 72 health has a 17 total attack points, and attacks Footman with 41 health who has 11 total armour points.
Footman now has 35 health remaining

Archer with 100 health has a 18 total attack points, and attacks Ranged with 90 health who has 10 total armour points.
Ranged now has 82 health remaining

Grunt with 79 health has a 17 total attack points, and attacks Footman with 53 health who has 11 total armour points.
Footman now has 47 health remaining

Archer with 96 health has a 18 total attack points, and attacks Raider with 58 health who has 13 total armour points.
Raider now has 53 health remaining

Knight with 81 health has a 22 total attack points, and attacks Raider with 74 health who has 13 total armour points.
Raider now has 65 health remaining

Raider with 78 health has a 22 total attack points, and attacks Archer with 45 health who has 10 total armour points.
Archer now has 33 health remaining

Archer with 79 health has a 18 total attack points, and attacks Raider with 67 health who has 13 total armour points.
Raider now has 62 health remaining

Ranged with 63 health has a 18 total attack points, and attacks Knight with 80 health who has 13 total armour points.
Knight now has 75 health remaining

Raider with 61 health has a 22 total attack points, and attacks Knight with 67 health who has 13 total armour points.
Knight now has 58 health remaining

Ranged with 82 health has a 18 total attack points, and attacks Knight with 74 health who has 13 total armour points.
Knight now has 69 health remaining

Archer with 68 health has a 18 total attack points, and attacks Spearman with 70 health who has 10 total armour points.
Spearman now has 62 health remaining

Ranged with 75 health has a 18 total attack points, and attacks Archer with 55 health who has 10 total armour points.
Archer now has 47 health remaining

Archer with 63 health has a 18 total attack points, and attacks Raider with 82 health who has 13 total armour points.
Raider now has 77 health remaining

Footman with 37 health has a 17 total attack points, and attacks Grunt with 59 health who has 11 total armour points.
Grunt now has 53 health remaining

Knight with 58 health has a 22 total attack points, and attacks Grunt with 22 health who has 11 total armour points.
Grunt now has 11 health remaining

Grunt with 93 health has a 17 total attack points, and attacks Knight with 58 health who has 13 total armour points.
Knight now has 54 health remaining

Grunt with 60 health has a 17 total attack points, and attacks Footman with 63 health who has 11 total armour points.
Footman now has 57 health remaining

Knight with 68 health has a 22 total attack points, and attacks Ranged with 54 health who has 10 total armour points.
Ranged now has 42 health remaining

Footman with 50 health has a 17 total attack points, and attacks Ranged with 69 health who has 10 total armour points.
Ranged now has 62 health remaining

Raider with 82 health has a 22 total attack points, and attacks Archer with 90 health who has 10 total armour points.
Archer now has 78 health remaining

Spearman with 92 health has a 18 total attack points, and attacks Archer with 63 health who has 10 total armour points.
Archer now has 55 health remaining

Spearman with 63 health has a 18 total attack points, and attacks Footman with 58 health who has 11 total armour points.
Footman now has 51 health remaining

Archer with 47 health has a 18 total attack points, and attacks Grunt with 63 health who has 11 total armour points.
Grunt now has 56 health remaining

Knight with 77 health has a 22 total attack points, and attacks Raider with 64 health who has 13 total armour points.
Raider now has 55 health remaining

Archer with 59 health has a 18 total attack points, and attacks Grunt with 34 health who has 11 total armour points.
Grunt now has 27 health remaining

Ranged with 63 health has a 18 total attack points, and attacks Archer with 56 health who has 10 total armour points.
Archer now has 48 health remaining

Ranged with 38 health has a 18 total attack points, and attacks Archer with 56 health who has 10 total armour points.
Archer now has 48 health remaining

Grunt with 56 health has a 17 total attack points, and attacks Archer with 96 health who has 12 total armour points.
Archer now has 91 health remaining

Grunt with 32 health has a 17 total attack points, and attacks Archer with 70 health who has 10 total armour points.
Archer now has 63 health remaining

Knight with 73 health has a 22 total attack points, and attacks Raider with 95 health who has 13 total armour points.
Raider now has 86 health remaining

Knight with 68 health has a 22 total attack points, and attacks Grunt with 94 health who has 11 total armour points.
Grunt now has 83 health remaining

Knight with 90 health has a 22 total attack points, and attacks Grunt with 27 health who has 11 total armour points.
Grunt now has 16 health remaining

Grunt with 64 health has a 17 total attack points, and attacks Knight with 63 health who has 13 total armour points.
Knight now has 59 health remaining

Archer with 70 health has a 18 total attack points, and attacks Raider with 77 health who has 13 total armour points.
Raider now has 72 health remaining

Raider with 71 health has a 22 total attack points, and attacks Knight with 76 health who has 13 total armour points.
Knight now has 67 health remaining

Spearman with 58 health has a 18 total attack points, and attacks Footman with 62 health who has 11 total armour points.
Footman now has 55 health remaining

Grunt with 27 health has a 17 total attack points, and attacks Archer with 33 health who has 10 total armour points.
Archer now has 26 health remaining

Spearman with 63 health has a 18 total attack points, and attacks Archer with 63 health who has 10 total armour points.
Archer now has 55 health remaining

Raider with 86 health has a 22 total attack points, and attacks Archer with 8 health who has 10 total armour points.
Archer has died in combat.

Archer with 70 health has a 18 total attack points, and attacks Spearman with 79 health who has 10 total armour points.
Spearman now has 71 health remaining

Grunt with 16 health has a 17 total attack points, and attacks Footman with 72 health who has 11 total armour points.
Footman now has 66 health remaining

Ranged with 63 health has a 18 total attack points, and attacks Knight with 77 health who has 13 total armour points.
Knight now has 72 health remaining

Archer with 56 health has a 18 total attack points, and attacks Grunt with 48 health who has 11 total armour points.
Grunt now has 41 health remaining

Knight with 77 health has a 22 total attack points, and attacks Raider with 35 health who has 13 total armour points.
Raider now has 26 health remaining

Archer with 44 health has a 18 total attack points, and attacks Ranged with 28 health who has 10 total armour points.
Ranged now has 20 health remaining

Ranged with 75 health has a 18 total attack points, and attacks Archer with 83 health who has 10 total armour points.
Archer now has 75 health remaining

Knight with 58 health has a 22 total attack points, and attacks Ranged with 78 health who has 10 total armour points.
Ranged now has 66 health remaining

Ranged with 63 health has a 18 total attack points, and attacks Knight with 86 health who has 13 total armour points.
Knight now has 81 health remaining

Spearman with 78 health has a 18 total attack points, and attacks Archer with 56 health who has 10 total armour points.
Archer now has 48 health remaining

Raider with 83 health has a 22 total attack points, and attacks Knight with 72 health who has 13 total armour points.
Knight now has 63 health remaining

Spearman with 82 health has a 18 total attack points, and attacks Knight with 51 health who has 13 total armour points.
Knight now has 46 health remaining

Footman with 76 health has a 17 total attack points, and attacks Raider with 72 health who has 13 total armour points.
Raider now has 68 health remaining

Archer with 87 health has a 18 total attack points, and attacks Ranged with 87 health who has 10 total armour points.
Ranged now has 79 health remaining

Raider with 71 health has a 22 total attack points, and attacks Archer with 68 health who has 10 total armour points.
Archer now has 56 health remaining

Archer with 75 health has a 18 total attack points, and attacks Ranged with 71 health who has 10 total armour points.
Ranged now has 63 health remaining

Footman with 53 health has a 17 total attack points, and attacks Spearman with 52 health who has 10 total armour points.
Spearman now has 45 health remaining

Archer with 67 health has a 18 total attack points, and attacks Ranged with 75 health who has 10 total armour points.
Ranged now has 67 health remaining

Raider with 77 health has a 22 total attack points, and attacks Archer with 70 health who has 10 total armour points.
Archer now has 58 health remaining

Archer with 67 health has a 18 total attack points, and attacks Raider with 48 health who has 13 total armour points.
Raider now has 43 health remaining

Archer with 79 health has a 18 total attack points, and attacks Raider with 49 health who has 13 total armour points.
Raider now has 44 health remaining

Knight with 90 health has a 22 total attack points, and attacks Grunt with 75 health who has 11 total armour points.
Grunt now has 64 health remaining

Grunt with 77 health has a 17 total attack points, and attacks Archer with 40 health who has 10 total armour points.
Archer now has 33 health remaining

Raider with 61 health has a 22 total attack points, and attacks Footman with 65 health who has 11 total armour points.
Footman now has 54 health remaining

Footman with 72 health has a 17 total attack points, and attacks Spearman with 66 health who has 10 total armour points.
Spearman now has 59 health remaining

Archer with 75 health has a 18 total attack points, and attacks Spearman with 42 health who has 10 total armour points.
Spearman now has 34 health remaining

Grunt with 68 health has a 17 total attack points, and attacks Archer with 78 health who has 10 total armour points.
Archer now has 71 health remaining

Ranged with 42 health has a 18 total attack points, and attacks Knight with 44 health who has 13 total armour points.
Knight now has 39 health remaining

Archer with 63 health has a 18 total attack points, and attacks Spearman with 78 health who has 10 total armour points.
Spearman now has 70 health remaining

Footman with 94 health has a 17 total attack points, and attacks Spearman with 45 health who has 10 total armour points.
Spearman now has 38 health remaining

Raider with 73 health has a 22 total attack points, and attacks Footman with 70 health who has 11 total armour points.
Footman now has 59 health remaining

Knight with 81 health has a 22 total attack points, and attacks Spearman with 71 health who has 10 total armour points.
Spearman now has 59 health remaining

Grunt with 58 health has a 17 total attack points, and attacks Archer with 67 health who has 10 total armour points.
Archer now has 60 health remaining

Footman with 82 health has a 17 total attack points, and attacks Spearman with 40 health who has 10 total armour points.
Spearman now has 33 health remaining

Grunt with 73 health has a 17 total attack points, and attacks Footman with 79 health who has 11 total armour points.
Footman now has 73 health remaining

Archer with 62 health has a 18 total attack points, and attacks Spearman with 46 health who has 10 total armour points.
Spearman now has 38 health remaining

Grunt with 60 health has a 17 total attack points, and attacks Knight with 52 health who has 13 total armour points.
Knight now has 48 health remaining

Knight with 64 health has a 22 total attack points, and attacks Raider with 86 health who has 13 total armour points.
Raider now has 77 health remaining

Grunt with 89 health has a 17 total attack points, and attacks Knight with 86 health who has 13 total armour points.
Knight now has 82 health remaining

Footman with 55 health has a 17 total attack points, and attacks Raider with 73 health who has 13 total armour points.
Raider now has 69 health remaining

Archer with 74 health has a 18 total attack points, and attacks Raider with 81 health who has 13 total armour points.
Raider now has 76 health remaining

Archer with 67 health has a 18 total attack points, and attacks Grunt with 72 health who has 11 total armour points.
Grunt now has 65 health remaining

Raider with 72 health has a 22 total attack points, and attacks Archer with 74 health who has 10 total armour points.
Archer now has 62 health remaining

Ranged with 86 health has a 18 total attack points, and attacks Archer with 53 health who has 10 total armour points.
Archer now has 45 health remaining

Footman with 73 health has a 17 total attack points, and attacks Spearman with 82 health who has 10 total armour points.
Spearman now has 75 health remaining

Grunt with 27 health has a 17 total attack points, and attacks Archer with 48 health who has 10 total armour points.
Archer now has 41 health remaining

Footman with 57 health has a 17 total attack points, and attacks Grunt with 70 health who has 11 total armour points.
Grunt now has 64 health remaining

Grunt with 68 health has a 17 total attack points, and attacks Archer with 22 health who has 10 total armour points.
Archer now has 15 health remaining

Footman with 35 health has a 17 total attack points, and attacks Ranged with 37 health who has 10 total armour points.
Ranged now has 30 health remaining

Grunt with 72 health has a 17 total attack points, and attacks Footman with 44 health who has 11 total armour points.
Footman now has 38 health remaining

Footman with 74 health has a 17 total attack points, and attacks Spearman with 65 health who has 10 total armour points.
Spearman now has 58 health remaining

Archer with 55 health has a 18 total attack points, and attacks Ranged with 71 health who has 10 total armour points.
Ranged now has 63 health remaining

Grunt with 32 health has a 17 total attack points, and attacks Knight with 82 health who has 13 total armour points.
Knight now has 78 health remaining

Knight with 77 health has a 22 total attack points, and attacks Grunt with 77 health who has 11 total armour points.
Grunt now has 66 health remaining

Spearman with 71 health has a 18 total attack points, and attacks Knight with 50 health who has 13 total armour points.
Knight now has 45 health remaining

Spearman with 58 health has a 18 total attack points, and attacks Archer with 40 health who has 10 total armour points.
Archer now has 32 health remaining

Ranged with 66 health has a 18 total attack points, and attacks Footman with 39 health who has 11 total armour points.
Footman now has 32 health remaining

Grunt with 75 health has a 17 total attack points, and attacks Archer with 71 health who has 10 total armour points.
Archer now has 64 health remaining

Archer with 96 health has a 18 total attack points, and attacks Raider with 56 health who has 13 total armour points.
Raider now has 51 health remaining

Ranged with 90 health has a 18 total attack points, and attacks Knight with 83 health who has 13 total armour points.
Knight now has 78 health remaining

Knight with 76 health has a 22 total attack points, and attacks Raider with 86 health who has 13 total armour points.
Raider now has 77 health remaining

Knight with 83 health has a 22 total attack points, and attacks Ranged with 90 health who has 10 total armour points.
Ranged now has 78 health remaining

Grunt with 56 health has a 17 total attack points, and attacks Knight with 64 health who has 13 total armour points.
Knight now has 60 health remaining

Raider with 77 health has a 22 total attack points, and attacks Archer with 72 health who has 10 total armour points.
Archer now has 60 health remaining

Spearman with 82 health has a 18 total attack points, and attacks Archer with 72 health who has 10 total armour points.
Archer now has 64 health remaining

Ranged with 63 health has a 18 total attack points, and attacks Archer with 82 health who has 10 total armour points.
Archer now has 74 health remaining

Archer with 74 health has a 18 total attack points, and attacks Spearman with 40 health who has 10 total armour points.
Spearman now has 32 health remaining

Spearman with 92 health has a 18 total attack points, and attacks Footman with 65 health who has 11 total armour points.
Footman now has 58 health remaining

Ranged with 64 health has a 18 total attack points, and attacks Footman with 66 health who has 11 total armour points.
Footman now has 59 health remaining

Archer with 70 health has a 18 total attack points, and attacks Spearman with 17 health who has 10 total armour points.
Spearman now has 9 health remaining

Archer with 66 health has a 18 total attack points, and attacks Raider with 44 health who has 13 total armour points.
Raider now has 39 health remaining

Footman with 74 health has a 17 total attack points, and attacks Spearman with 86 health who has 10 total armour points.
Spearman now has 79 health remaining

Raider with 42 health has a 22 total attack points, and attacks Archer with 47 health who has 10 total armour points.
Archer now has 35 health remaining

Archer with 47 health has a 18 total attack points, and attacks Spearman with 66 health who has 10 total armour points.
Spearman now has 58 health remaining

Knight with 68 health has a 22 total attack points, and attacks Spearman with 52 health who has 10 total armour points.
Spearman now has 40 health remaining

Spearman with 54 health has a 18 total attack points, and attacks Archer with 58 health who has 10 total armour points.
Archer now has 50 health remaining

Archer with 75 health has a 18 total attack points, and attacks Grunt with 64 health who has 11 total armour points.
Grunt now has 57 health remaining

Knight with 71 health has a 22 total attack points, and attacks Grunt with 50 health who has 11 total armour points.
Grunt now has 39 health remaining

Knight with 63 health has a 22 total attack points, and attacks Grunt with 62 health who has 11 total armour points.
Grunt now has 51 health remaining

Knight with 68 health has a 22 total attack points, and attacks Ranged with 66 health who has 10 total armour points.
Ranged now has 54 health remaining

Grunt with 75 health has a 17 total attack points, and attacks Footman with 36 health who has 11 total armour points.
Footman now has 30 health remaining

Raider with 63 health has a 22 total attack points, and attacks Knight with 54 health who has 13 total armour points.
Knight now has 45 health remaining

Ranged with 78 health has a 18 total attack points, and attacks Archer with 44 health who has 10 total armour points.
Archer now has 36 health remaining

Spearman with 35 health has a 18 total attack points, and attacks Archer with 75 health who has 10 total armour points.
Archer now has 67 health remaining

Footman with 64 health has a 17 total attack points, and attacks Ranged with 63 health who has 10 total armour points.
Ranged now has 56 health remaining

Footman with 75 health has a 17 total attack points, and attacks Raider with 62 health who has 13 total armour points.
Raider now has 58 health remaining

Archer with 67 health has a 18 total attack points, and attacks Ranged with 42 health who has 10 total armour points.
Ranged now has 34 health remaining

Grunt with 51 health has a 17 total attack points, and attacks Knight with 71 health who has 13 total armour points.
Knight now has 67 health remaining

Knight with 58 health has a 22 total attack points, and attacks Raider with 53 health who has 13 total armour points.
Raider now has 44 health remaining

Grunt with 68 health has a 17 total attack points, and attacks Footman with 94 health who has 11 total armour points.
Footman now has 88 health remaining

Archer with 50 health has a 18 total attack points, and attacks Grunt with 72 health who has 11 total armour points.
Grunt now has 65 health remaining

Raider with 50 health has a 22 total attack points, and attacks Knight with 63 health who has 13 total armour points.
Knight now has 54 health remaining

Footman with 64 health has a 17 total attack points, and attacks Ranged with 62 health who has 10 total armour points.
Ranged now has 55 health remaining

Archer with 54 health has a 18 total attack points, and attacks Ranged with 74 health who has 10 total armour points.
Ranged now has 66 health remaining

Spearman with 58 health has a 18 total attack points, and attacks Archer with 71 health who has 10 total armour points.
Archer now has 63 health remaining

Raider with 95 health has a 22 total attack points, and attacks Archer with 96 health who has 12 total armour points.
Archer now has 86 health remaining

Archer with 58 health has a 18 total attack points, and attacks Spearman with 42 health who has 10 total armour points.
Spearman now has 34 health remaining

Footman with 94 health has a 17 total attack points, and attacks Ranged with 71 health who has 10 total armour points.
Ranged now has 64 health remaining

Archer with 60 health has a 18 total attack points, and attacks Grunt with 68 health who has 11 total armour points.
Grunt now has 61 health remaining

Archer with 74 health has a 18 total attack points, and attacks Spearman with 59 health who has 10 total armour points.
Spearman now has 51 health remaining

Grunt with 62 health has a 17 total attack points, and attacks Knight with 78 health who has 13 total armour points.
Knight now has 74 health remaining

Archer with 76 health has a 18 total attack points, and attacks Grunt with 64 health who has 11 total armour points.
Grunt now has 57 health remaining

Grunt with 61 health has a 17 total attack points, and attacks Archer with 63 health who has 10 total armour points.
Archer now has 56 health remaining

Raider with 87 health has a 22 total attack points, and attacks Knight with 72 health who has 13 total armour points.
Knight now has 63 health remaining

Knight with 41 health has a 22 total attack points, and attacks Raider with 95 health who has 13 total armour points.
Raider now has 86 health remaining

Knight with 18 health has a 22 total attack points, and attacks Ranged with 42 health who has 10 total armour points.
Ranged now has 30 health remaining

Raider with 86 health has a 22 total attack points, and attacks Footman with 78 health who has 11 total armour points.
Footman now has 67 health remaining

Knight with 57 health has a 22 total attack points, and attacks Spearman with 74 health who has 10 total armour points.
Spearman now has 62 health remaining

Spearman with 55 health has a 18 total attack points, and attacks Footman with 51 health who has 11 total armour points.
Footman now has 44 health remaining

Ranged with 63 health has a 18 total attack points, and attacks Archer with 35 health who has 10 total armour points.
Archer now has 27 health remaining

Grunt with 15 health has a 17 total attack points, and attacks Footman with 82 health who has 11 total armour points.
Footman now has 76 health remaining

Archer with 23 health has a 18 total attack points, and attacks Ranged with 96 health who has 12 total armour points.
Ranged now has 90 health remaining

Archer with 86 health has a 18 total attack points, and attacks Grunt with 62 health who has 11 total armour points.
Grunt now has 55 health remaining

Ranged with 84 health has a 18 total attack points, and attacks Archer with 47 health who has 10 total armour points.
Archer now has 39 health remaining

Archer with 87 health has a 18 total attack points, and attacks Ranged with 44 health who has 10 total armour points.
Ranged now has 36 health remaining

Ranged with 82 health has a 18 total attack points, and attacks Footman with 48 health who has 11 total armour points.
Footman now has 41 health remaining

Archer with 62 health has a 18 total attack points, and attacks Grunt with 66 health who has 11 total armour points.
Grunt now has 59 health remaining

Archer with 75 health has a 18 total attack points, and attacks Grunt with 75 health who has 11 total armour points.
Grunt now has 68 health remaining

Archer with 27 health has a 18 total attack points, and attacks Ranged with 78 health who has 10 total armour points.
Ranged now has 70 health remaining

Raider with 42 health has a 22 total attack points, and attacks Footman with 62 health who has 11 total armour points.
Footman now has 51 health remaining

Ranged with 70 health has a 18 total attack points, and attacks Archer with 72 health who has 10 total armour points.
Archer now has 64 health remaining

Footman with 73 health has a 17 total attack points, and attacks Ranged with 63 health who has 10 total armour points.
Ranged now has 56 health remaining

Ranged with 66 health has a 18 total attack points, and attacks Archer with 40 health who has 10 total armour points.
Archer now has 32 health remaining

Archer with 63 health has a 18 total attack points, and attacks Ranged with 44 health who has 10 total armour points.
Ranged now has 36 health remaining

Raider with 71 health has a 22 total attack points, and attacks Footman with 55 health who has 11 total armour points.
Footman now has 44 health remaining

Ranged with 67 health has a 18 total attack points, and attacks Archer with 79 health who has 10 total armour points.
Archer now has 71 health remaining

Ranged with 76 health has a 18 total attack points, and attacks Archer with 39 health who has 10 total armour points.
Archer now has 31 health remaining

Grunt with 68 health has a 17 total attack points, and attacks Footman with 72 health who has 11 total armour points.
Footman now has 66 health remaining

Spearman with 62 health has a 18 total attack points, and attacks Archer with 67 health who has 10 total armour points.
Archer now has 59 health remaining

Knight with 82 health has a 22 total attack points, and attacks Spearman with 36 health who has 10 total armour points.
Spearman now has 24 health remaining

Grunt with 66 health has a 17 total attack points, and attacks Knight with 63 health who has 13 total armour points.
Knight now has 59 health remaining

Footman with 71 health has a 17 total attack points, and attacks Grunt with 15 health who has 11 total armour points.
Grunt now has 9 health remaining

Ranged with 66 health has a 18 total attack points, and attacks Archer with 45 health who has 10 total armour points.
Archer now has 37 health remaining

Archer with 78 health has a 18 total attack points, and attacks Raider with 51 health who has 13 total armour points.
Raider now has 46 health remaining

Knight with 69 health has a 22 total attack points, and attacks Ranged with 56 health who has 10 total armour points.
Ranged now has 44 health remaining

Grunt with 64 health has a 17 total attack points, and attacks Archer with 59 health who has 10 total armour points.
Archer now has 52 health remaining

Archer with 71 health has a 18 total attack points, and attacks Ranged with 62 health who has 10 total armour points.
Ranged now has 54 health remaining

Grunt with 64 health has a 17 total attack points, and attacks Archer with 64 health who has 10 total armour points.
Archer now has 57 health remaining

Raider with 82 health has a 22 total attack points, and attacks Knight with 55 health who has 13 total armour points.
Knight now has 46 health remaining

Grunt with 86 health has a 17 total attack points, and attacks Archer with 67 health who has 10 total armour points.
Archer now has 60 health remaining

Archer with 36 health has a 18 total attack points, and attacks Spearman with 100 health who has 14 total armour points.
Spearman now has 96 health remaining

Grunt with 83 health has a 17 total attack points, and attacks Archer with 70 health who has 10 total armour points.
Archer now has 63 health remaining

Archer with 18 health has a 18 total attack points, and attacks Spearman with 86 health who has 10 total armour points.
Spearman now has 78 health remaining

Grunt with 72 health has a 17 total attack points, and attacks Archer with 86 health who has 10 total armour points.
Archer now has 79 health remaining

Spearman with 67 health has a 18 total attack points, and attacks Archer with 78 health who has 10 total armour points.
Archer now has 70 health remaining

Knight with 59 health has a 22 total attack points, and attacks Raider with 56 health who has 13 total armour points.
Raider now has 47 health remaining

Footman with 53 health has a 17 total attack points, and attacks Grunt with 60 health who has 11 total armour points.
Grunt now has 54 health remaining

Footman with 40 health has a 17 total attack points, and attacks Ranged with 36 health who has 10 total armour points.
Ranged now has 29 health remaining

Archer with 67 health has a 18 total attack points, and attacks Grunt with 66 health who has 11 total armour points.
Grunt now has 59 health remaining

Archer with 64 health has a 18 total attack points, and attacks Grunt with 79 health who has 11 total armour points.
Grunt now has 72 health remaining

Grunt with 68 health has a 17 total attack points, and attacks Archer with 34 health who has 10 total armour points.
Archer now has 27 health remaining

Grunt with 54 health has a 17 total attack points, and attacks Knight with 79 health who has 13 total armour points.
Knight now has 75 health remaining

Knight with 50 health has a 22 total attack points, and attacks Spearman with 72 health who has 10 total armour points.
Spearman now has 60 health remaining

Grunt with 86 health has a 17 total attack points, and attacks Footman with 55 health who has 11 total armour points.
Footman now has 49 health remaining

Ranged with 36 health has a 18 total attack points, and attacks Footman with 53 health who has 11 total armour points.
Footman now has 46 health remaining

Archer with 63 health has a 18 total attack points, and attacks Ranged with 67 health who has 10 total armour points.
Ranged now has 59 health remaining

Archer with 27 health has a 18 total attack points, and attacks Spearman with 55 health who has 10 total armour points.
Spearman now has 47 health remaining

Knight with 78 health has a 22 total attack points, and attacks Spearman with 59 health who has 10 total armour points.
Spearman now has 47 health remaining

Raider with 86 health has a 22 total attack points, and attacks Footman with 24 health who has 11 total armour points.
Footman now has 13 health remaining

Grunt with 65 health has a 17 total attack points, and attacks Archer with 86 health who has 10 total armour points.
Archer now has 79 health remaining

Ranged with 80 health has a 18 total attack points, and attacks Footman with 13 health who has 11 total armour points.
Footman now has 6 health remaining

Ranged with 56 health has a 18 total attack points, and attacks Footman with 28 health who has 11 total armour points.
Footman now has 21 health remaining

Footman with 50 health has a 17 total attack points, and attacks Spearman with 51 health who has 10 total armour points.
Spearman now has 44 health remaining

Archer with 26 health has a 18 total attack points, and attacks Raider with 75 health who has 13 total armour points.
Raider now has 70 health remaining

Spearman with 79 health has a 18 total attack points, and attacks Footman with 59 health who has 11 total armour points.
Footman now has 52 health remaining

Archer with 36 health has a 18 total attack points, and attacks Ranged with 60 health who has 10 total armour points.
Ranged now has 52 health remaining

Spearman with 8 health has a 18 total attack points, and attacks Footman with 46 health who has 11 total armour points.
Footman now has 39 health remaining

Ranged with 80 health has a 18 total attack points, and attacks Archer with 75 health who has 10 total armour points.
Archer now has 67 health remaining

Raider with 82 health has a 22 total attack points, and attacks Knight with 39 health who has 13 total armour points.
Knight now has 30 health remaining

Grunt with 54 health has a 17 total attack points, and attacks Archer with 86 health who has 10 total armour points.
Archer now has 79 health remaining

Knight with 60 health has a 22 total attack points, and attacks Spearman with 66 health who has 10 total armour points.
Spearman now has 54 health remaining

Knight with 46 health has a 22 total attack points, and attacks Grunt with 86 health who has 11 total armour points.
Grunt now has 75 health remaining

Archer with 42 health has a 18 total attack points, and attacks Raider with 39 health who has 13 total armour points.
Raider now has 34 health remaining

Archer with 67 health has a 18 total attack points, and attacks Ranged with 30 health who has 10 total armour points.
Ranged now has 22 health remaining

Grunt with 53 health has a 17 total attack points, and attacks Archer with 63 health who has 10 total armour points.
Archer now has 56 health remaining

Knight with 45 health has a 22 total attack points, and attacks Spearman with 66 health who has 10 total armour points.
Spearman now has 54 health remaining

Ranged with 62 health has a 18 total attack points, and attacks Footman with 73 health who has 11 total armour points.
Footman now has 66 health remaining

Grunt with 53 health has a 17 total attack points, and attacks Knight with 67 health who has 13 total armour points.
Knight now has 63 health remaining

Archer with 59 health has a 18 total attack points, and attacks Grunt with 47 health who has 11 total armour points.
Grunt now has 40 health remaining

Grunt with 53 health has a 17 total attack points, and attacks Archer with 68 health who has 10 total armour points.
Archer now has 61 health remaining

Ranged with 90 health has a 18 total attack points, and attacks Knight with 64 health who has 13 total armour points.
Knight now has 59 health remaining

Archer with 72 health has a 18 total attack points, and attacks Grunt with 75 health who has 11 total armour points.
Grunt now has 68 health remaining

Archer with 54 health has a 18 total attack points, and attacks Raider with 83 health who has 13 total armour points.
Raider now has 78 health remaining

Knight with 74 health has a 22 total attack points, and attacks Spearman with 34 health who has 10 total armour points.
Spearman now has 22 health remaining

Archer with 84 health has a 18 total attack points, and attacks Raider with 60 health who has 13 total armour points.
Raider now has 55 health remaining

Ranged with 33 health has a 18 total attack points, and attacks Archer with 45 health who has 10 total armour points.
Archer now has 37 health remaining

Ranged with 86 health has a 18 total attack points, and attacks Archer with 72 health who has 10 total armour points.
Archer now has 64 health remaining

Grunt with 58 health has a 17 total attack points, and attacks Archer with 65 health who has 10 total armour points.
Archer now has 58 health remaining

Footman with 38 health has a 17 total attack points, and attacks Ranged with 70 health who has 10 total armour points.
Ranged now has 63 health remaining

Grunt with 61 health has a 17 total attack points, and attacks Archer with 67 health who has 10 total armour points.
Archer now has 60 health remaining

Raider with 83 health has a 22 total attack points, and attacks Archer with 42 health who has 10 total armour points.
Archer now has 30 health remaining

Footman with 53 health has a 17 total attack points, and attacks Raider with 82 health who has 13 total armour points.
Raider now has 78 health remaining

Raider with 70 health has a 22 total attack points, and attacks Knight with 74 health who has 13 total armour points.
Knight now has 65 health remaining

Spearman with 79 health has a 18 total attack points, and attacks Archer with 84 health who has 10 total armour points.
Archer now has 76 health remaining

Archer with 56 health has a 18 total attack points, and attacks Grunt with 79 health who has 11 total armour points.
Grunt now has 72 health remaining

Archer with 36 health has a 18 total attack points, and attacks Grunt with 68 health who has 11 total armour points.
Grunt now has 61 health remaining

Archer with 66 health has a 18 total attack points, and attacks Grunt with 86 health who has 11 total armour points.
Grunt now has 79 health remaining

Knight with 45 health has a 22 total attack points, and attacks Raider with 78 health who has 13 total armour points.
Raider now has 69 health remaining

Footman with 67 health has a 17 total attack points, and attacks Ranged with 90 health who has 10 total armour points.
Ranged now has 83 health remaining

Spearman with 35 health has a 18 total attack points, and attacks Archer with 51 health who has 10 total armour points.
Archer now has 43 health remaining

Ranged with 52 health has a 18 total attack points, and attacks Archer with 67 health who has 10 total armour points.
Archer now has 59 health remaining

Raider with 60 health has a 22 total attack points, and attacks Knight with 77 health who has 13 total armour points.
Knight now has 68 health remaining

Spearman with 59 health has a 18 total attack points, and attacks Footman with 52 health who has 11 total armour points.
Footman now has 45 health remaining

Archer with 67 health has a 18 total attack points, and attacks Grunt with 55 health who has 11 total armour points.
Grunt now has 48 health remaining

Ranged with 62 health has a 18 total attack points, and attacks Archer with 35 health who has 10 total armour points.
Archer now has 27 health remaining

Raider with 55 health has a 22 total attack points, and attacks Archer with 92 health who has 12 total armour points.
Archer now has 82 health remaining

Knight with 55 health has a 22 total attack points, and attacks Raider with 72 health who has 13 total armour points.
Raider now has 63 health remaining

Archer with 56 health has a 18 total attack points, and attacks Gul´dan with 175 health who has 16 total armour points.
Gul´dan now has 173 health remaining

Ranged with 83 health has a 18 total attack points, and attacks Archer with 66 health who has 10 total armour points.
Archer now has 58 health remaining

Archer with 48 health has a 18 total attack points, and attacks Spearman with 74 health who has 10 total armour points.
Spearman now has 66 health remaining

Footman with 50 health has a 17 total attack points, and attacks Ranged with 10 health who has 10 total armour points.
Ranged now has 3 health remaining

Footman with 67 health has a 17 total attack points, and attacks Raider with 42 health who has 13 total armour points.
Raider now has 38 health remaining

Footman with 72 health has a 17 total attack points, and attacks Spearman with 64 health who has 10 total armour points.
Spearman now has 57 health remaining

Knight with 49 health has a 22 total attack points, and attacks Ranged with 64 health who has 10 total armour points.
Ranged now has 52 health remaining

Ranged with 74 health has a 18 total attack points, and attacks Footman with 32 health who has 11 total armour points.
Footman now has 25 health remaining

Grunt with 57 health has a 17 total attack points, and attacks Footman with 67 health who has 11 total armour points.
Footman now has 61 health remaining

Archer with 79 health has a 18 total attack points, and attacks Raider with 62 health who has 13 total armour points.
Raider now has 57 health remaining

Grunt with 9 health has a 17 total attack points, and attacks Archer with 41 health who has 10 total armour points.
Archer now has 34 health remaining

Footman with 75 health has a 17 total attack points, and attacks Spearman with 44 health who has 10 total armour points.
Spearman now has 37 health remaining

Knight with 72 health has a 22 total attack points, and attacks Grunt with 51 health who has 11 total armour points.
Grunt now has 40 health remaining

Spearman with 58 health has a 18 total attack points, and attacks Archer with 29 health who has 10 total armour points.
Archer now has 21 health remaining

Ranged with 44 health has a 18 total attack points, and attacks Archer with 82 health who has 10 total armour points.
Archer now has 74 health remaining

Ranged with 33 health has a 18 total attack points, and attacks Footman with 68 health who has 11 total armour points.
Footman now has 61 health remaining

Ranged with 75 health has a 18 total attack points, and attacks Footman with 75 health who has 11 total armour points.
Footman now has 68 health remaining

Spearman with 61 health has a 18 total attack points, and attacks Archer with 41 health who has 10 total armour points.
Archer now has 33 health remaining

Raider with 96 health has a 22 total attack points, and attacks Archer with 62 health who has 10 total armour points.
Archer now has 50 health remaining

Spearman with 71 health has a 18 total attack points, and attacks Archer with 83 health who has 10 total armour points.
Archer now has 75 health remaining

Spearman with 90 health has a 18 total attack points, and attacks Footman with 47 health who has 11 total armour points.
Footman now has 40 health remaining

Raider with 60 health has a 22 total attack points, and attacks Footman with 67 health who has 11 total armour points.
Footman now has 56 health remaining

Footman with 69 health has a 17 total attack points, and attacks Spearman with 42 health who has 10 total armour points.
Spearman now has 35 health remaining

Archer with 39 health has a 18 total attack points, and attacks Ranged with 90 health who has 10 total armour points.
Ranged now has 82 health remaining

Raider with 76 health has a 22 total attack points, and attacks Archer with 74 health who has 10 total armour points.
Archer now has 62 health remaining

Raider with 55 health has a 22 total attack points, and attacks Archer with 41 health who has 10 total armour points.
Archer now has 29 health remaining

Footman with 74 health has a 17 total attack points, and attacks Ranged with 70 health who has 10 total armour points.
Ranged now has 63 health remaining

Archer with 39 health has a 18 total attack points, and attacks Spearman with 83 health who has 10 total armour points.
Spearman now has 75 health remaining

Ranged with 48 health has a 18 total attack points, and attacks Knight with 72 health who has 13 total armour points.
Knight now has 67 health remaining

Raider with 76 health has a 22 total attack points, and attacks Footman with 42 health who has 11 total armour points.
Footman now has 31 health remaining

Raider with 86 health has a 22 total attack points, and attacks Footman with 74 health who has 11 total armour points.
Footman now has 63 health remaining

Archer with 75 health has a 18 total attack points, and attacks Spearman with 34 health who has 10 total armour points.
Spearman now has 26 health remaining

Knight with 65 health has a 22 total attack points, and attacks Ranged with 74 health who has 10 total armour points.
Ranged now has 62 health remaining

Archer with 56 health has a 18 total attack points, and attacks Grunt with 57 health who has 11 total armour points.
Grunt now has 50 health remaining

Ranged with 82 health has a 18 total attack points, and attacks Archer with 75 health who has 10 total armour points.
Archer now has 67 health remaining

Ranged with 62 health has a 18 total attack points, and attacks Knight with 82 health who has 13 total armour points.
Knight now has 77 health remaining

Archer with 27 health has a 18 total attack points, and attacks Grunt with 59 health who has 11 total armour points.
Grunt now has 52 health remaining

Knight with 90 health has a 22 total attack points, and attacks Grunt with 85 health who has 11 total armour points.
Grunt now has 74 health remaining

Footman with 61 health has a 17 total attack points, and attacks Raider with 86 health who has 13 total armour points.
Raider now has 82 health remaining

Grunt with 39 health has a 17 total attack points, and attacks Footman with 37 health who has 11 total armour points.
Footman now has 31 health remaining

Ranged with 67 health has a 18 total attack points, and attacks Knight with 67 health who has 13 total armour points.
Knight now has 62 health remaining

Ranged with 36 health has a 18 total attack points, and attacks Archer with 100 health who has 14 total armour points.
Archer now has 96 health remaining

Ranged with 82 health has a 18 total attack points, and attacks Archer with 52 health who has 10 total armour points.
Archer now has 44 health remaining

Archer with 50 health has a 18 total attack points, and attacks Ranged with 38 health who has 10 total armour points.
Ranged now has 30 health remaining

Raider with 78 health has a 22 total attack points, and attacks Archer with 68 health who has 10 total armour points.
Archer now has 56 health remaining

Raider with 69 health has a 22 total attack points, and attacks Archer with 57 health who has 10 total armour points.
Archer now has 45 health remaining

Archer with 60 health has a 18 total attack points, and attacks Ranged with 25 health who has 10 total armour points.
Ranged now has 17 health remaining

Knight with 59 health has a 22 total attack points, and attacks Grunt with 63 health who has 11 total armour points.
Grunt now has 52 health remaining

Footman with 38 health has a 17 total attack points, and attacks Ranged with 76 health who has 10 total armour points.
Ranged now has 69 health remaining

Knight with 76 health has a 22 total attack points, and attacks Grunt with 93 health who has 11 total armour points.
Grunt now has 82 health remaining

Footman with 45 health has a 17 total attack points, and attacks Raider with 68 health who has 13 total armour points.
Raider now has 64 health remaining

Ranged with 75 health has a 18 total attack points, and attacks Knight with 86 health who has 13 total armour points.
Knight now has 81 health remaining

Knight with 59 health has a 22 total attack points, and attacks Raider with 78 health who has 13 total armour points.
Raider now has 69 health remaining

Grunt with 37 health has a 17 total attack points, and attacks Footman with 94 health who has 11 total armour points.
Footman now has 88 health remaining

Footman with 86 health has a 17 total attack points, and attacks Raider with 63 health who has 13 total armour points.
Raider now has 59 health remaining

Archer with 86 health has a 18 total attack points, and attacks Raider with 83 health who has 13 total armour points.
Raider now has 78 health remaining

Spearman with 58 health has a 18 total attack points, and attacks Archer with 74 health who has 10 total armour points.
Archer now has 66 health remaining

Footman with 75 health has a 17 total attack points, and attacks Grunt with 61 health who has 11 total armour points.
Grunt now has 55 health remaining

Archer with 74 health has a 18 total attack points, and attacks Spearman with 82 health who has 10 total armour points.
Spearman now has 74 health remaining

Archer with 56 health has a 18 total attack points, and attacks Ranged with 60 health who has 10 total armour points.
Ranged now has 52 health remaining

Ranged with 52 health has a 18 total attack points, and attacks Archer with 82 health who has 10 total armour points.
Archer now has 74 health remaining

Knight with 58 health has a 22 total attack points, and attacks Grunt with 59 health who has 11 total armour points.
Grunt now has 48 health remaining

Ranged with 52 health has a 18 total attack points, and attacks Archer with 42 health who has 10 total armour points.
Archer now has 34 health remaining

Grunt with 75 health has a 17 total attack points, and attacks Knight with 73 health who has 13 total armour points.
Knight now has 69 health remaining

Knight with 90 health has a 22 total attack points, and attacks Raider with 69 health who has 13 total armour points.
Raider now has 60 health remaining

Raider with 90 health has a 22 total attack points, and attacks Archer with 71 health who has 10 total armour points.
Archer now has 59 health remaining

Grunt with 74 health has a 17 total attack points, and attacks Archer with 52 health who has 10 total armour points.
Archer now has 45 health remaining

Footman with 76 health has a 17 total attack points, and attacks Ranged with 22 health who has 10 total armour points.
Ranged now has 15 health remaining

Raider with 86 health has a 22 total attack points, and attacks Archer with 67 health who has 10 total armour points.
Archer now has 55 health remaining

Ranged with 79 health has a 18 total attack points, and attacks Knight with 49 health who has 13 total armour points.
Knight now has 44 health remaining

Grunt with 27 health has a 17 total attack points, and attacks Footman with 68 health who has 11 total armour points.
Footman now has 62 health remaining

Archer with 64 health has a 18 total attack points, and attacks Ranged with 87 health who has 10 total armour points.
Ranged now has 79 health remaining

Ranged with 87 health has a 18 total attack points, and attacks Knight with 100 health who has 13 total armour points.
Knight now has 95 health remaining

Knight with 58 health has a 22 total attack points, and attacks Raider with 90 health who has 13 total armour points.
Raider now has 81 health remaining

Footman with 52 health has a 17 total attack points, and attacks Grunt with 72 health who has 11 total armour points.
Grunt now has 66 health remaining

Knight with 75 health has a 22 total attack points, and attacks Spearman with 22 health who has 10 total armour points.
Spearman now has 10 health remaining

Raider with 91 health has a 22 total attack points, and attacks Footman with 52 health who has 11 total armour points.
Footman now has 41 health remaining

Footman with 50 health has a 17 total attack points, and attacks Ranged with 83 health who has 10 total armour points.
Ranged now has 76 health remaining

Raider with 95 health has a 22 total attack points, and attacks Footman with 61 health who has 11 total armour points.
Footman now has 50 health remaining

Raider with 59 health has a 22 total attack points, and attacks Archer with 87 health who has 10 total armour points.
Archer now has 75 health remaining

Raider with 73 health has a 22 total attack points, and attacks Footman with 66 health who has 11 total armour points.
Footman now has 55 health remaining

Grunt with 9 health has a 17 total attack points, and attacks Archer with 66 health who has 10 total armour points.
Archer now has 59 health remaining

Knight with 41 health has a 22 total attack points, and attacks Ranged with 80 health who has 10 total armour points.
Ranged now has 68 health remaining

Raider with 77 health has a 22 total attack points, and attacks Archer with 23 health who has 10 total armour points.
Archer now has 11 health remaining

Ranged with 54 health has a 18 total attack points, and attacks Archer with 79 health who has 10 total armour points.
Archer now has 71 health remaining

Ranged with 83 health has a 18 total attack points, and attacks Knight with 81 health who has 13 total armour points.
Knight now has 76 health remaining

Footman with 20 health has a 17 total attack points, and attacks Ranged with 67 health who has 10 total armour points.
Ranged now has 60 health remaining

Knight with 64 health has a 22 total attack points, and attacks Raider with 86 health who has 13 total armour points.
Raider now has 77 health remaining

Knight with 82 health has a 22 total attack points, and attacks Grunt with 58 health who has 11 total armour points.
Grunt now has 47 health remaining

Footman with 78 health has a 17 total attack points, and attacks Ranged with 66 health who has 10 total armour points.
Ranged now has 59 health remaining

Spearman with 58 health has a 18 total attack points, and attacks Archer with 76 health who has 10 total armour points.
Archer now has 68 health remaining

Raider with 46 health has a 22 total attack points, and attacks Archer with 71 health who has 10 total armour points.
Archer now has 59 health remaining

Archer with 69 health has a 18 total attack points, and attacks Ranged with 34 health who has 10 total armour points.
Ranged now has 26 health remaining

Grunt with 68 health has a 17 total attack points, and attacks Archer with 75 health who has 10 total armour points.
Archer now has 68 health remaining

Grunt with 65 health has a 17 total attack points, and attacks Archer with 70 health who has 10 total armour points.
Archer now has 63 health remaining

Footman with 54 health has a 17 total attack points, and attacks Spearman with 63 health who has 10 total armour points.
Spearman now has 56 health remaining

Archer with 84 health has a 18 total attack points, and attacks Ranged with 84 health who has 10 total armour points.
Ranged now has 76 health remaining

Ranged with 15 health has a 18 total attack points, and attacks Knight with 95 health who has 13 total armour points.
Knight now has 90 health remaining

Archer with 32 health has a 18 total attack points, and attacks Raider with 77 health who has 13 total armour points.
Raider now has 72 health remaining

Grunt with 86 health has a 17 total attack points, and attacks Archer with 87 health who has 10 total armour points.
Archer now has 80 health remaining

Footman with 39 health has a 17 total attack points, and attacks Ranged with 47 health who has 10 total armour points.
Ranged now has 40 health remaining

Grunt with 83 health has a 17 total attack points, and attacks Footman with 52 health who has 11 total armour points.
Footman now has 46 health remaining

Grunt with 37 health has a 17 total attack points, and attacks Knight with 68 health who has 13 total armour points.
Knight now has 64 health remaining

Archer with 37 health has a 18 total attack points, and attacks Ranged with 83 health who has 10 total armour points.
Ranged now has 75 health remaining

Ranged with 15 health has a 18 total attack points, and attacks Archer with 96 health who has 12 total armour points.
Archer now has 90 health remaining

Raider with 81 health has a 22 total attack points, and attacks Archer with 48 health who has 10 total armour points.
Archer now has 36 health remaining

Knight with 81 health has a 22 total attack points, and attacks Grunt with 31 health who has 11 total armour points.
Grunt now has 20 health remaining

Knight with 69 health has a 22 total attack points, and attacks Raider with 91 health who has 13 total armour points.
Raider now has 82 health remaining

Footman with 45 health has a 17 total attack points, and attacks Spearman with 100 health who has 14 total armour points.
Spearman now has 97 health remaining

Spearman with 62 health has a 18 total attack points, and attacks Footman with 57 health who has 11 total armour points.
Footman now has 50 health remaining

Ranged with 91 health has a 18 total attack points, and attacks Knight with 72 health who has 13 total armour points.
Knight now has 67 health remaining

Footman with 20 health has a 17 total attack points, and attacks Grunt with 74 health who has 11 total armour points.
Grunt now has 68 health remaining

Mountain King with 164 health has a 27 total attack points, and attacks Spearman with 31 health who has 10 total armour points.
Spearman now has 14 health remaining

Archer with 51 health has a 18 total attack points, and attacks Ranged with 63 health who has 10 total armour points.
Ranged now has 55 health remaining

Grunt with 73 health has a 17 total attack points, and attacks Knight with 77 health who has 13 total armour points.
Knight now has 73 health remaining

Archer with 48 health has a 18 total attack points, and attacks Raider with 46 health who has 13 total armour points.
Raider now has 41 health remaining

Raider with 76 health has a 22 total attack points, and attacks Knight with 76 health who has 13 total armour points.
Knight now has 67 health remaining

Spearman with 59 health has a 18 total attack points, and attacks Footman with 73 health who has 11 total armour points.
Footman now has 66 health remaining

Footman with 31 health has a 17 total attack points, and attacks Raider with 82 health who has 13 total armour points.
Raider now has 78 health remaining

Ranged with 55 health has a 18 total attack points, and attacks Knight with 81 health who has 13 total armour points.
Knight now has 76 health remaining

Grunt with 24 health has a 17 total attack points, and attacks Knight with 70 health who has 13 total armour points.
Knight now has 66 health remaining

Grunt with 79 health has a 17 total attack points, and attacks Archer with 79 health who has 10 total armour points.
Archer now has 72 health remaining

Raider with 55 health has a 22 total attack points, and attacks Archer with 32 health who has 10 total armour points.
Archer now has 20 health remaining

Grunt with 60 health has a 17 total attack points, and attacks Footman with 40 health who has 11 total armour points.
Footman now has 34 health remaining

Grunt with 80 health has a 17 total attack points, and attacks Footman with 53 health who has 11 total armour points.
Footman now has 47 health remaining

Footman with 6 health has a 17 total attack points, and attacks Raider with 76 health who has 13 total armour points.
Raider now has 72 health remaining

Footman with 73 health has a 17 total attack points, and attacks Ranged with 59 health who has 10 total armour points.
Ranged now has 52 health remaining

Archer with 36 health has a 18 total attack points, and attacks Ranged with 52 health who has 10 total armour points.
Ranged now has 44 health remaining

Grunt with 79 health has a 17 total attack points, and attacks Archer with 60 health who has 10 total armour points.
Archer now has 53 health remaining

Archer with 58 health has a 18 total attack points, and attacks Spearman with 75 health who has 10 total armour points.
Spearman now has 67 health remaining

Raider with 91 health has a 22 total attack points, and attacks Footman with 46 health who has 11 total armour points.
Footman now has 35 health remaining

Footman with 64 health has a 17 total attack points, and attacks Spearman with 14 health who has 10 total armour points.
Spearman now has 7 health remaining

Raider with 81 health has a 22 total attack points, and attacks Knight with 57 health who has 13 total armour points.
Knight now has 48 health remaining

Spearman with 8 health has a 18 total attack points, and attacks Archer with 59 health who has 10 total armour points.
Archer now has 51 health remaining

Raider with 55 health has a 22 total attack points, and attacks Archer with 72 health who has 10 total armour points.
Archer now has 60 health remaining

Knight with 81 health has a 22 total attack points, and attacks Spearman with 71 health who has 10 total armour points.
Spearman now has 59 health remaining

Spearman with 53 health has a 18 total attack points, and attacks Archer with 33 health who has 10 total armour points.
Archer now has 25 health remaining

Ranged with 44 health has a 18 total attack points, and attacks Footman with 56 health who has 11 total armour points.
Footman now has 49 health remaining

Grunt with 11 health has a 17 total attack points, and attacks Knight with 59 health who has 13 total armour points.
Knight now has 55 health remaining

Archer with 82 health has a 18 total attack points, and attacks Ranged with 62 health who has 10 total armour points.
Ranged now has 54 health remaining

Ranged with 52 health has a 18 total attack points, and attacks Knight with 76 health who has 13 total armour points.
Knight now has 71 health remaining

Archer with 60 health has a 18 total attack points, and attacks Spearman with 62 health who has 10 total armour points.
Spearman now has 54 health remaining

Grunt with 58 health has a 17 total attack points, and attacks Knight with 90 health who has 13 total armour points.
Knight now has 86 health remaining

Archer with 45 health has a 18 total attack points, and attacks Ranged with 63 health who has 10 total armour points.
Ranged now has 55 health remaining

Archer with 59 health has a 18 total attack points, and attacks Raider with 60 health who has 13 total armour points.
Raider now has 55 health remaining

Ranged with 59 health has a 18 total attack points, and attacks Archer with 74 health who has 10 total armour points.
Archer now has 66 health remaining

Raider with 59 health has a 22 total attack points, and attacks Archer with 60 health who has 10 total armour points.
Archer now has 48 health remaining

Archer with 90 health has a 18 total attack points, and attacks Raider with 81 health who has 13 total armour points.
Raider now has 76 health remaining

Archer with 66 health has a 18 total attack points, and attacks Spearman with 84 health who has 10 total armour points.
Spearman now has 76 health remaining

Footman with 82 health has a 17 total attack points, and attacks Spearman with 74 health who has 10 total armour points.
Spearman now has 67 health remaining

Grunt with 48 health has a 17 total attack points, and attacks Knight with 90 health who has 13 total armour points.
Knight now has 86 health remaining

Knight with 55 health has a 22 total attack points, and attacks Grunt with 58 health who has 11 total armour points.
Grunt now has 47 health remaining

Raider with 78 health has a 22 total attack points, and attacks Knight with 45 health who has 13 total armour points.
Knight now has 36 health remaining

Knight with 77 health has a 22 total attack points, and attacks Grunt with 79 health who has 11 total armour points.
Grunt now has 68 health remaining

Archer with 11 health has a 18 total attack points, and attacks Raider with 41 health who has 13 total armour points.
Raider now has 36 health remaining

Grunt with 64 health has a 17 total attack points, and attacks Knight with 95 health who has 13 total armour points.
Knight now has 91 health remaining

Grunt with 75 health has a 17 total attack points, and attacks Archer with 58 health who has 10 total armour points.
Archer now has 51 health remaining

Ranged with 29 health has a 18 total attack points, and attacks Knight with 68 health who has 13 total armour points.
Knight now has 63 health remaining

Grunt with 53 health has a 17 total attack points, and attacks Footman with 72 health who has 11 total armour points.
Footman now has 66 health remaining

Grunt with 11 health has a 17 total attack points, and attacks Archer with 74 health who has 10 total armour points.
Archer now has 67 health remaining

Grunt with 54 health has a 17 total attack points, and attacks Knight with 81 health who has 13 total armour points.
Knight now has 77 health remaining

Knight with 62 health has a 22 total attack points, and attacks Grunt with 16 health who has 11 total armour points.
Grunt now has 5 health remaining

Ranged with 46 health has a 18 total attack points, and attacks Archer with 67 health who has 10 total armour points.
Archer now has 59 health remaining

Archer with 67 health has a 18 total attack points, and attacks Grunt with 80 health who has 11 total armour points.
Grunt now has 73 health remaining

Grunt with 39 health has a 17 total attack points, and attacks Footman with 51 health who has 11 total armour points.
Footman now has 45 health remaining

Archer with 23 health has a 18 total attack points, and attacks Spearman with 47 health who has 10 total armour points.
Spearman now has 39 health remaining

Footman with 66 health has a 17 total attack points, and attacks Spearman with 60 health who has 10 total armour points.
Spearman now has 53 health remaining

Archer with 63 health has a 18 total attack points, and attacks Raider with 81 health who has 13 total armour points.
Raider now has 76 health remaining

Footman with 87 health has a 17 total attack points, and attacks Ranged with 72 health who has 10 total armour points.
Ranged now has 65 health remaining

Raider with 69 health has a 22 total attack points, and attacks Knight with 67 health who has 13 total armour points.
Knight now has 58 health remaining

Knight with 75 health has a 22 total attack points, and attacks Spearman with 53 health who has 10 total armour points.
Spearman now has 41 health remaining

Knight with 68 health has a 22 total attack points, and attacks Ranged with 86 health who has 10 total armour points.
Ranged now has 74 health remaining

Footman with 57 health has a 17 total attack points, and attacks Raider with 68 health who has 13 total armour points.
Raider now has 64 health remaining

Footman with 69 health has a 17 total attack points, and attacks Ranged with 79 health who has 10 total armour points.
Ranged now has 72 health remaining

Grunt with 51 health has a 17 total attack points, and attacks Archer with 71 health who has 10 total armour points.
Archer now has 64 health remaining

Knight with 58 health has a 22 total attack points, and attacks Ranged with 46 health who has 10 total armour points.
Ranged now has 34 health remaining

Archer with 62 health has a 18 total attack points, and attacks Ranged with 79 health who has 10 total armour points.
Ranged now has 71 health remaining

Ranged with 63 health has a 18 total attack points, and attacks Archer with 96 health who has 12 total armour points.
Archer now has 90 health remaining

Grunt with 73 health has a 17 total attack points, and attacks Archer with 59 health who has 10 total armour points.
Archer now has 52 health remaining

Grunt with 55 health has a 17 total attack points, and attacks Archer with 56 health who has 10 total armour points.
Archer now has 49 health remaining

Knight with 68 health has a 22 total attack points, and attacks Raider with 73 health who has 13 total armour points.
Raider now has 64 health remaining

Archer with 97 health has a 18 total attack points, and attacks Ranged with 90 health who has 10 total armour points.
Ranged now has 82 health remaining

Archer with 2 health has a 18 total attack points, and attacks Raider with 86 health who has 13 total armour points.
Raider now has 81 health remaining

Spearman with 69 health has a 18 total attack points, and attacks Archer with 79 health who has 10 total armour points.
Archer now has 71 health remaining

Grunt with 72 health has a 17 total attack points, and attacks Archer with 80 health who has 10 total armour points.
Archer now has 73 health remaining

Ranged with 90 health has a 18 total attack points, and attacks Archer with 90 health who has 10 total armour points.
Archer now has 82 health remaining

Archer with 55 health has a 18 total attack points, and attacks Spearman with 66 health who has 10 total armour points.
Spearman now has 58 health remaining

Spearman with 54 health has a 18 total attack points, and attacks Knight with 46 health who has 13 total armour points.
Knight now has 41 health remaining

Raider with 68 health has a 22 total attack points, and attacks Footman with 54 health who has 11 total armour points.
Footman now has 43 health remaining

Spearman with 71 health has a 18 total attack points, and attacks Knight with 62 health who has 13 total armour points.
Knight now has 57 health remaining

Archer with 45 health has a 18 total attack points, and attacks Raider with 67 health who has 13 total armour points.
Raider now has 62 health remaining

Knight with 66 health has a 22 total attack points, and attacks Raider with 72 health who has 13 total armour points.
Raider now has 63 health remaining

Footman with 76 health has a 17 total attack points, and attacks Ranged with 64 health who has 10 total armour points.
Ranged now has 57 health remaining

Archer with 60 health has a 18 total attack points, and attacks Spearman with 67 health who has 10 total armour points.
Spearman now has 59 health remaining

Spearman with 62 health has a 18 total attack points, and attacks Knight with 90 health who has 13 total armour points.
Knight now has 85 health remaining

Footman with 49 health has a 17 total attack points, and attacks Raider with 53 health who has 13 total armour points.
Raider now has 49 health remaining

Knight with 69 health has a 22 total attack points, and attacks Spearman with 59 health who has 10 total armour points.
Spearman now has 47 health remaining

Spearman with 71 health has a 18 total attack points, and attacks Archer with 51 health who has 10 total armour points.
Archer now has 43 health remaining

Knight with 59 health has a 22 total attack points, and attacks Raider with 81 health who has 13 total armour points.
Raider now has 72 health remaining

Knight with 64 health has a 22 total attack points, and attacks Raider with 86 health who has 13 total armour points.
Raider now has 77 health remaining

Raider with 64 health has a 22 total attack points, and attacks Footman with 58 health who has 11 total armour points.
Footman now has 47 health remaining

Grunt with 57 health has a 17 total attack points, and attacks Archer with 55 health who has 10 total armour points.
Archer now has 48 health remaining

Spearman with 67 health has a 18 total attack points, and attacks Knight with 69 health who has 13 total armour points.
Knight now has 64 health remaining

Spearman with 71 health has a 18 total attack points, and attacks Archer with 59 health who has 10 total armour points.
Archer now has 51 health remaining

Ranged with 69 health has a 18 total attack points, and attacks Knight with 68 health who has 13 total armour points.
Knight now has 63 health remaining

Spearman with 56 health has a 18 total attack points, and attacks Knight with 85 health who has 13 total armour points.
Knight now has 80 health remaining

Ranged with 62 health has a 18 total attack points, and attacks Archer with 56 health who has 10 total armour points.
Archer now has 48 health remaining

Raider with 54 health has a 22 total attack points, and attacks Archer with 48 health who has 10 total armour points.
Archer now has 36 health remaining

Archer with 48 health has a 18 total attack points, and attacks Grunt with 61 health who has 11 total armour points.
Grunt now has 54 health remaining

Archer with 82 health has a 18 total attack points, and attacks Raider with 72 health who has 13 total armour points.
Raider now has 67 health remaining

Footman with 78 health has a 17 total attack points, and attacks Ranged with 65 health who has 10 total armour points.
Ranged now has 58 health remaining

Knight with 58 health has a 22 total attack points, and attacks Raider with 71 health who has 13 total armour points.
Raider now has 62 health remaining

Knight with 63 health has a 22 total attack points, and attacks Grunt with 70 health who has 11 total armour points.
Grunt now has 59 health remaining

Grunt with 68 health has a 17 total attack points, and attacks Archer with 63 health who has 10 total armour points.
Archer now has 56 health remaining

Footman with 57 health has a 17 total attack points, and attacks Spearman with 58 health who has 10 total armour points.
Spearman now has 51 health remaining

Ranged with 52 health has a 18 total attack points, and attacks Knight with 72 health who has 13 total armour points.
Knight now has 67 health remaining

Knight with 59 health has a 22 total attack points, and attacks Raider with 57 health who has 13 total armour points.
Raider now has 48 health remaining

Spearman with 90 health has a 18 total attack points, and attacks Archer with 62 health who has 10 total armour points.
Archer now has 54 health remaining

Raider with 86 health has a 22 total attack points, and attacks Archer with 62 health who has 10 total armour points.
Archer now has 50 health remaining

Knight with 58 health has a 22 total attack points, and attacks Raider with 76 health who has 13 total armour points.
Raider now has 67 health remaining

Spearman with 58 health has a 18 total attack points, and attacks Knight with 72 health who has 13 total armour points.
Knight now has 67 health remaining

Spearman with 47 health has a 18 total attack points, and attacks Archer with 75 health who has 10 total armour points.
Archer now has 67 health remaining

Archer with 75 health has a 18 total attack points, and attacks Grunt with 39 health who has 11 total armour points.
Grunt now has 32 health remaining

Archer with 63 health has a 18 total attack points, and attacks Grunt with 71 health who has 11 total armour points.
Grunt now has 64 health remaining

Ranged with 59 health has a 18 total attack points, and attacks Knight with 59 health who has 13 total armour points.
Knight now has 54 health remaining

Raider with 78 health has a 22 total attack points, and attacks Footman with 45 health who has 11 total armour points.
Footman now has 34 health remaining

Grunt with 86 health has a 17 total attack points, and attacks Knight with 44 health who has 13 total armour points.
Knight now has 40 health remaining

Archer with 37 health has a 18 total attack points, and attacks Spearman with 96 health who has 12 total armour points.
Spearman now has 90 health remaining

Knight with 52 health has a 22 total attack points, and attacks Ranged with 54 health who has 10 total armour points.
Ranged now has 42 health remaining

Archer with 74 health has a 18 total attack points, and attacks Ranged with 82 health who has 10 total armour points.
Ranged now has 74 health remaining

Ranged with 62 health has a 18 total attack points, and attacks Knight with 63 health who has 13 total armour points.
Knight now has 58 health remaining

Archer with 68 health has a 18 total attack points, and attacks Grunt with 46 health who has 11 total armour points.
Grunt now has 39 health remaining

Footman with 93 health has a 17 total attack points, and attacks Spearman with 78 health who has 10 total armour points.
Spearman now has 71 health remaining

Ranged with 76 health has a 18 total attack points, and attacks Archer with 55 health who has 10 total armour points.
Archer now has 47 health remaining

Raider with 86 health has a 22 total attack points, and attacks Knight with 49 health who has 13 total armour points.
Knight now has 40 health remaining

Archer with 26 health has a 18 total attack points, and attacks Ranged with 15 health who has 10 total armour points.
Ranged now has 7 health remaining

Grunt with 82 health has a 17 total attack points, and attacks Archer with 75 health who has 10 total armour points.
Archer now has 68 health remaining

Footman with 21 health has a 17 total attack points, and attacks Raider with 77 health who has 13 total armour points.
Raider now has 73 health remaining

Grunt with 48 health has a 17 total attack points, and attacks Archer with 32 health who has 10 total armour points.
Archer now has 25 health remaining

Spearman with 62 health has a 18 total attack points, and attacks Archer with 82 health who has 10 total armour points.
Archer now has 74 health remaining

Footman with 54 health has a 17 total attack points, and attacks Ranged with 68 health who has 10 total armour points.
Ranged now has 61 health remaining

Spearman with 52 health has a 18 total attack points, and attacks Footman with 38 health who has 11 total armour points.
Footman now has 31 health remaining

Spearman with 83 health has a 18 total attack points, and attacks Archer with 78 health who has 10 total armour points.
Archer now has 70 health remaining

Knight with 62 health has a 22 total attack points, and attacks Raider with 63 health who has 13 total armour points.
Raider now has 54 health remaining

Knight with 71 health has a 22 total attack points, and attacks Grunt with 57 health who has 11 total armour points.
Grunt now has 46 health remaining

Ranged with 90 health has a 18 total attack points, and attacks Archer with 71 health who has 10 total armour points.
Archer now has 63 health remaining

Ranged with 83 health has a 18 total attack points, and attacks Archer with 48 health who has 10 total armour points.
Archer now has 40 health remaining

Footman with 30 health has a 17 total attack points, and attacks Ranged with 71 health who has 10 total armour points.
Ranged now has 64 health remaining

Raider with 55 health has a 22 total attack points, and attacks Archer with 55 health who has 10 total armour points.
Archer now has 43 health remaining

Footman with 61 health has a 17 total attack points, and attacks Spearman with 32 health who has 10 total armour points.
Spearman now has 25 health remaining

Grunt with 79 health has a 17 total attack points, and attacks Archer with 58 health who has 10 total armour points.
Archer now has 51 health remaining

Raider with 72 health has a 22 total attack points, and attacks Footman with 93 health who has 11 total armour points.
Footman now has 82 health remaining

Archer with 69 health has a 18 total attack points, and attacks Ranged with 7 health who has 10 total armour points.
Ranged has died in combat.

Archer with 21 health has a 18 total attack points, and attacks Raider with 96 health who has 13 total armour points.
Raider now has 91 health remaining

Spearman with 62 health has a 18 total attack points, and attacks Knight with 65 health who has 13 total armour points.
Knight now has 60 health remaining

Ranged with 79 health has a 18 total attack points, and attacks Archer with 70 health who has 10 total armour points.
Archer now has 62 health remaining

Grunt with 57 health has a 17 total attack points, and attacks Archer with 63 health who has 10 total armour points.
Archer now has 56 health remaining

Archer with 60 health has a 18 total attack points, and attacks Grunt with 54 health who has 11 total armour points.
Grunt now has 47 health remaining

Spearman with 52 health has a 18 total attack points, and attacks Archer with 58 health who has 10 total armour points.
Archer now has 50 health remaining

Footman with 71 health has a 17 total attack points, and attacks Grunt with 32 health who has 11 total armour points.
Grunt now has 26 health remaining

Archer with 55 health has a 18 total attack points, and attacks Grunt with 24 health who has 11 total armour points.
Grunt now has 17 health remaining

Footman with 75 health has a 17 total attack points, and attacks Ranged with 75 health who has 10 total armour points.
Ranged now has 68 health remaining

Footman with 86 health has a 17 total attack points, and attacks Ranged with 91 health who has 10 total armour points.
Ranged now has 84 health remaining

Archer with 60 health has a 18 total attack points, and attacks Raider with 47 health who has 13 total armour points.
Raider now has 42 health remaining

Spearman with 97 health has a 18 total attack points, and attacks Footman with 50 health who has 11 total armour points.
Footman now has 43 health remaining

Archer with 58 health has a 18 total attack points, and attacks Ranged with 56 health who has 10 total armour points.
Ranged now has 48 health remaining

Raider with 64 health has a 22 total attack points, and attacks Archer with 64 health who has 10 total armour points.
Archer now has 52 health remaining

Grunt with 47 health has a 17 total attack points, and attacks Archer with 52 health who has 10 total armour points.
Archer now has 45 health remaining

Footman with 100 health has a 17 total attack points, and attacks Raider with 78 health who has 13 total armour points.
Raider now has 74 health remaining

Grunt with 53 health has a 17 total attack points, and attacks Archer with 27 health who has 10 total armour points.
Archer now has 20 health remaining

Grunt with 40 health has a 17 total attack points, and attacks Archer with 69 health who has 10 total armour points.
Archer now has 62 health remaining

Ranged with 42 health has a 18 total attack points, and attacks Footman with 76 health who has 11 total armour points.
Footman now has 69 health remaining

Grunt with 60 health has a 17 total attack points, and attacks Footman with 64 health who has 11 total armour points.
Footman now has 58 health remaining

Archer with 61 health has a 18 total attack points, and attacks Grunt with 69 health who has 11 total armour points.
Grunt now has 62 health remaining

Knight with 86 health has a 22 total attack points, and attacks Grunt with 72 health who has 11 total armour points.
Grunt now has 61 health remaining

Knight with 59 health has a 22 total attack points, and attacks Spearman with 18 health who has 10 total armour points.
Spearman now has 6 health remaining

Grunt with 47 health has a 17 total attack points, and attacks Archer with 90 health who has 10 total armour points.
Archer now has 83 health remaining

Archer with 23 health has a 18 total attack points, and attacks Raider with 95 health who has 13 total armour points.
Raider now has 90 health remaining

Grunt with 25 health has a 17 total attack points, and attacks Archer with 63 health who has 10 total armour points.
Archer now has 56 health remaining

Ranged with 63 health has a 18 total attack points, and attacks Archer with 56 health who has 10 total armour points.
Archer now has 48 health remaining

Ranged with 48 health has a 18 total attack points, and attacks Archer with 50 health who has 10 total armour points.
Archer now has 42 health remaining

Archer with 79 health has a 18 total attack points, and attacks Raider with 83 health who has 13 total armour points.
Raider now has 78 health remaining

Archer with 97 health has a 18 total attack points, and attacks Ranged with 82 health who has 10 total armour points.
Ranged now has 74 health remaining

Raider with 54 health has a 22 total attack points, and attacks Knight with 91 health who has 13 total armour points.
Knight now has 82 health remaining

Footman with 94 health has a 17 total attack points, and attacks Raider with 77 health who has 13 total armour points.
Raider now has 73 health remaining

Spearman with 75 health has a 18 total attack points, and attacks Archer with 66 health who has 10 total armour points.
Archer now has 58 health remaining

Archer with 55 health has a 18 total attack points, and attacks Spearman with 22 health who has 10 total armour points.
Spearman now has 14 health remaining

Spearman with 60 health has a 18 total attack points, and attacks Knight with 72 health who has 13 total armour points.
Knight now has 67 health remaining

Archer with 55 health has a 18 total attack points, and attacks Grunt with 60 health who has 11 total armour points.
Grunt now has 53 health remaining

Footman with 86 health has a 17 total attack points, and attacks Ranged with 74 health who has 10 total armour points.
Ranged now has 67 health remaining

Ranged with 17 health has a 18 total attack points, and attacks Knight with 73 health who has 13 total armour points.
Knight now has 68 health remaining

Spearman with 60 health has a 18 total attack points, and attacks Archer with 40 health who has 10 total armour points.
Archer now has 32 health remaining

Raider with 88 health has a 22 total attack points, and attacks Footman with 72 health who has 11 total armour points.
Footman now has 61 health remaining

Footman with 69 health has a 17 total attack points, and attacks Raider with 60 health who has 13 total armour points.
Raider now has 56 health remaining

Raider with 78 health has a 22 total attack points, and attacks Knight with 82 health who has 13 total armour points.
Knight now has 73 health remaining

Archer with 46 health has a 18 total attack points, and attacks Spearman with 83 health who has 10 total armour points.
Spearman now has 75 health remaining

Spearman with 71 health has a 18 total attack points, and attacks Footman with 75 health who has 11 total armour points.
Footman now has 68 health remaining

Knight with 82 health has a 22 total attack points, and attacks Ranged with 44 health who has 10 total armour points.
Ranged now has 32 health remaining

Raider with 85 health has a 22 total attack points, and attacks Footman with 78 health who has 11 total armour points.
Footman now has 67 health remaining

Archer with 36 health has a 18 total attack points, and attacks Ranged with 55 health who has 10 total armour points.
Ranged now has 47 health remaining

Footman with 34 health has a 17 total attack points, and attacks Ranged with 60 health who has 10 total armour points.
Ranged now has 53 health remaining

Archer with 74 health has a 18 total attack points, and attacks Spearman with 79 health who has 10 total armour points.
Spearman now has 71 health remaining

Spearman with 26 health has a 18 total attack points, and attacks Footman with 43 health who has 11 total armour points.
Footman now has 36 health remaining

Archer with 27 health has a 18 total attack points, and attacks Ranged with 39 health who has 10 total armour points.
Ranged now has 31 health remaining

Knight with 81 health has a 22 total attack points, and attacks Ranged with 61 health who has 10 total armour points.
Ranged now has 49 health remaining

Grunt with 27 health has a 17 total attack points, and attacks Knight with 63 health who has 13 total armour points.
Knight now has 59 health remaining

Raider with 81 health has a 22 total attack points, and attacks Archer with 62 health who has 10 total armour points.
Archer now has 50 health remaining

Archer with 55 health has a 18 total attack points, and attacks Grunt with 86 health who has 11 total armour points.
Grunt now has 79 health remaining

Knight with 64 health has a 22 total attack points, and attacks Grunt with 89 health who has 11 total armour points.
Grunt now has 78 health remaining

Raider with 67 health has a 22 total attack points, and attacks Knight with 75 health who has 13 total armour points.
Knight now has 66 health remaining

Archer with 63 health has a 18 total attack points, and attacks Raider with 85 health who has 13 total armour points.
Raider now has 80 health remaining

Ranged with 78 health has a 18 total attack points, and attacks Archer with 48 health who has 10 total armour points.
Archer now has 40 health remaining

Archer with 40 health has a 18 total attack points, and attacks Ranged with 34 health who has 10 total armour points.
Ranged now has 26 health remaining

Spearman with 58 health has a 18 total attack points, and attacks Footman with 41 health who has 11 total armour points.
Footman now has 34 health remaining

Raider with 70 health has a 22 total attack points, and attacks Archer with 86 health who has 10 total armour points.
Archer now has 74 health remaining

Knight with 69 health has a 22 total attack points, and attacks Ranged with 44 health who has 10 total armour points.
Ranged now has 32 health remaining

Raider with 54 health has a 22 total attack points, and attacks Footman with 71 health who has 11 total armour points.
Footman now has 60 health remaining

Ranged with 52 health has a 18 total attack points, and attacks Knight with 74 health who has 13 total armour points.
Knight now has 69 health remaining

Archer with 45 health has a 18 total attack points, and attacks Ranged with 90 health who has 10 total armour points.
Ranged now has 82 health remaining

Archer with 66 health has a 18 total attack points, and attacks Ranged with 52 health who has 10 total armour points.
Ranged now has 44 health remaining

Raider with 91 health has a 22 total attack points, and attacks Archer with 67 health who has 10 total armour points.
Archer now has 55 health remaining

Knight with 55 health has a 22 total attack points, and attacks Ranged with 36 health who has 10 total armour points.
Ranged now has 24 health remaining

Raider with 46 health has a 22 total attack points, and attacks Knight with 82 health who has 13 total armour points.
Knight now has 73 health remaining

Knight with 73 health has a 22 total attack points, and attacks Raider with 58 health who has 13 total armour points.
Raider now has 49 health remaining

Archer with 25 health has a 18 total attack points, and attacks Ranged with 68 health who has 10 total armour points.
Ranged now has 60 health remaining

Raider with 77 health has a 22 total attack points, and attacks Archer with 75 health who has 10 total armour points.
Archer now has 63 health remaining

Ranged with 3 health has a 18 total attack points, and attacks Knight with 57 health who has 13 total armour points.
Knight now has 52 health remaining

Spearman with 54 health has a 18 total attack points, and attacks Knight with 63 health who has 13 total armour points.
Knight now has 58 health remaining

Footman with 87 health has a 17 total attack points, and attacks Grunt with 38 health who has 11 total armour points.
Grunt now has 32 health remaining

Archer with 19 health has a 18 total attack points, and attacks Raider with 36 health who has 13 total armour points.
Raider now has 31 health remaining

Spearman with 29 health has a 18 total attack points, and attacks Knight with 60 health who has 13 total armour points.
Knight now has 55 health remaining

Archer with 60 health has a 18 total attack points, and attacks Raider with 77 health who has 13 total armour points.
Raider now has 72 health remaining

Knight with 73 health has a 22 total attack points, and attacks Raider with 63 health who has 13 total armour points.
Raider now has 54 health remaining

Archer with 60 health has a 18 total attack points, and attacks Spearman with 33 health who has 10 total armour points.
Spearman now has 25 health remaining

Spearman with 35 health has a 18 total attack points, and attacks Archer with 64 health who has 10 total armour points.
Archer now has 56 health remaining

Spearman with 59 health has a 18 total attack points, and attacks Knight with 40 health who has 13 total armour points.
Knight now has 35 health remaining

Grunt with 39 health has a 17 total attack points, and attacks Footman with 50 health who has 11 total armour points.
Footman now has 44 health remaining

Raider with 63 health has a 22 total attack points, and attacks Knight with 77 health who has 13 total armour points.
Knight now has 68 health remaining

Archer with 62 health has a 18 total attack points, and attacks Spearman with 54 health who has 10 total armour points.
Spearman now has 46 health remaining

Archer with 60 health has a 18 total attack points, and attacks Grunt with 56 health who has 11 total armour points.
Grunt now has 49 health remaining

Archer with 62 health has a 18 total attack points, and attacks Spearman with 43 health who has 10 total armour points.
Spearman now has 35 health remaining

Spearman with 57 health has a 18 total attack points, and attacks Archer with 58 health who has 10 total armour points.
Archer now has 50 health remaining

Raider with 34 health has a 22 total attack points, and attacks Archer with 61 health who has 10 total armour points.
Archer now has 49 health remaining

Ranged with 26 health has a 18 total attack points, and attacks Knight with 96 health who has 13 total armour points.
Knight now has 91 health remaining

Knight with 91 health has a 22 total attack points, and attacks Grunt with 49 health who has 11 total armour points.
Grunt now has 38 health remaining

Footman with 72 health has a 17 total attack points, and attacks Raider with 70 health who has 13 total armour points.
Raider now has 66 health remaining

Archer with 39 health has a 18 total attack points, and attacks Ranged with 62 health who has 10 total armour points.
Ranged now has 54 health remaining

Ranged with 58 health has a 18 total attack points, and attacks Footman with 63 health who has 11 total armour points.
Footman now has 56 health remaining

Grunt with 48 health has a 17 total attack points, and attacks Knight with 67 health who has 13 total armour points.
Knight now has 63 health remaining

Ranged with 54 health has a 18 total attack points, and attacks Knight with 41 health who has 13 total armour points.
Knight now has 36 health remaining

Raider with 82 health has a 22 total attack points, and attacks Knight with 75 health who has 13 total armour points.
Knight now has 66 health remaining

Raider with 91 health has a 22 total attack points, and attacks Footman with 31 health who has 11 total armour points.
Footman now has 20 health remaining

Raider with 69 health has a 22 total attack points, and attacks Archer with 30 health who has 10 total armour points.
Archer now has 18 health remaining

Footman with 88 health has a 17 total attack points, and attacks Raider with 77 health who has 13 total armour points.
Raider now has 73 health remaining

Ranged with 72 health has a 18 total attack points, and attacks Knight with 45 health who has 13 total armour points.
Knight now has 40 health remaining

Archer with 36 health has a 18 total attack points, and attacks Raider with 77 health who has 13 total armour points.
Raider now has 72 health remaining

Footman with 10 health has a 17 total attack points, and attacks Grunt with 76 health who has 11 total armour points.
Grunt now has 70 health remaining

Grunt with 73 health has a 17 total attack points, and attacks Footman with 86 health who has 11 total armour points.
Footman now has 80 health remaining

Spearman with 97 health has a 18 total attack points, and attacks Archer with 59 health who has 10 total armour points.
Archer now has 51 health remaining

Knight with 52 health has a 22 total attack points, and attacks Ranged with 54 health who has 10 total armour points.
Ranged now has 42 health remaining

Grunt with 69 health has a 17 total attack points, and attacks Footman with 100 health who has 11 total armour points.
Footman now has 94 health remaining

Archer with 96 health has a 18 total attack points, and attacks Ranged with 78 health who has 10 total armour points.
Ranged now has 70 health remaining

Spearman with 29 health has a 18 total attack points, and attacks Knight with 59 health who has 13 total armour points.
Knight now has 54 health remaining

Archer with 66 health has a 18 total attack points, and attacks Raider with 95 health who has 13 total armour points.
Raider now has 90 health remaining

Footman with 57 health has a 17 total attack points, and attacks Raider with 90 health who has 13 total armour points.
Raider now has 86 health remaining

Grunt with 86 health has a 17 total attack points, and attacks Knight with 63 health who has 13 total armour points.
Knight now has 59 health remaining

Archer with 90 health has a 18 total attack points, and attacks Ranged with 76 health who has 10 total armour points.
Ranged now has 68 health remaining

Raider with 78 health has a 22 total attack points, and attacks Knight with 83 health who has 13 total armour points.
Knight now has 74 health remaining

Knight with 91 health has a 22 total attack points, and attacks Spearman with 68 health who has 10 total armour points.
Spearman now has 56 health remaining

Archer with 60 health has a 18 total attack points, and attacks Raider with 55 health who has 13 total armour points.
Raider now has 50 health remaining

Footman with 46 health has a 17 total attack points, and attacks Grunt with 11 health who has 11 total armour points.
Grunt now has 5 health remaining

Footman with 34 health has a 17 total attack points, and attacks Grunt with 20 health who has 11 total armour points.
Grunt now has 14 health remaining

Grunt with 5 health has a 17 total attack points, and attacks Knight with 60 health who has 13 total armour points.
Knight now has 56 health remaining

Spearman with 44 health has a 18 total attack points, and attacks Archer with 72 health who has 10 total armour points.
Archer now has 64 health remaining

Archer with 79 health has a 18 total attack points, and attacks Raider with 82 health who has 13 total armour points.
Raider now has 77 health remaining

Grunt with 65 health has a 17 total attack points, and attacks Archer with 90 health who has 10 total armour points.
Archer now has 83 health remaining

Grunt with 55 health has a 17 total attack points, and attacks Archer with 79 health who has 10 total armour points.
Archer now has 72 health remaining

Knight with 53 health has a 22 total attack points, and attacks Spearman with 70 health who has 10 total armour points.
Spearman now has 58 health remaining

Grunt with 79 health has a 17 total attack points, and attacks Knight with 68 health who has 13 total armour points.
Knight now has 64 health remaining

Footman with 80 health has a 17 total attack points, and attacks Ranged with 26 health who has 10 total armour points.
Ranged now has 19 health remaining

Spearman with 46 health has a 18 total attack points, and attacks Archer with 75 health who has 10 total armour points.
Archer now has 67 health remaining

Raider with 95 health has a 22 total attack points, and attacks Archer with 74 health who has 10 total armour points.
Archer now has 62 health remaining

Knight with 90 health has a 22 total attack points, and attacks Grunt with 62 health who has 11 total armour points.
Grunt now has 51 health remaining

Archer with 55 health has a 18 total attack points, and attacks Raider with 71 health who has 13 total armour points.
Raider now has 66 health remaining

Raider with 72 health has a 22 total attack points, and attacks Knight with 59 health who has 13 total armour points.
Knight now has 50 health remaining

Grunt with 65 health has a 17 total attack points, and attacks Archer with 84 health who has 10 total armour points.
Archer now has 77 health remaining

Spearman with 84 health has a 18 total attack points, and attacks Archer with 79 health who has 10 total armour points.
Archer now has 71 health remaining

Raider with 54 health has a 22 total attack points, and attacks Footman with 35 health who has 11 total armour points.
Footman now has 24 health remaining

Spearman with 63 health has a 18 total attack points, and attacks Archer with 74 health who has 10 total armour points.
Archer now has 66 health remaining

Grunt with 54 health has a 17 total attack points, and attacks Footman with 68 health who has 11 total armour points.
Footman now has 62 health remaining

Raider with 54 health has a 22 total attack points, and attacks Knight with 67 health who has 13 total armour points.
Knight now has 58 health remaining

Grunt with 52 health has a 17 total attack points, and attacks Archer with 58 health who has 10 total armour points.
Archer now has 51 health remaining

Footman with 54 health has a 17 total attack points, and attacks Grunt with 57 health who has 11 total armour points.
Grunt now has 51 health remaining

Spearman with 41 health has a 18 total attack points, and attacks Archer with 24 health who has 10 total armour points.
Archer now has 16 health remaining

Footman with 68 health has a 17 total attack points, and attacks Spearman with 82 health who has 10 total armour points.
Spearman now has 75 health remaining

Archer with 77 health has a 18 total attack points, and attacks Spearman with 57 health who has 10 total armour points.
Spearman now has 49 health remaining

Archer with 18 health has a 18 total attack points, and attacks Ranged with 75 health who has 10 total armour points.
Ranged now has 67 health remaining

Footman with 50 health has a 17 total attack points, and attacks Ranged with 20 health who has 10 total armour points.
Ranged now has 13 health remaining

Ranged with 58 health has a 18 total attack points, and attacks Archer with 50 health who has 10 total armour points.
Archer now has 42 health remaining

Archer with 82 health has a 18 total attack points, and attacks Ranged with 52 health who has 10 total armour points.
Ranged now has 44 health remaining

Archer with 43 health has a 18 total attack points, and attacks Spearman with 75 health who has 10 total armour points.
Spearman now has 67 health remaining

Archer with 45 health has a 18 total attack points, and attacks Grunt with 72 health who has 11 total armour points.
Grunt now has 65 health remaining

Archer with 44 health has a 18 total attack points, and attacks Spearman with 63 health who has 10 total armour points.
Spearman now has 55 health remaining

Ranged with 44 health has a 18 total attack points, and attacks Footman with 40 health who has 11 total armour points.
Footman now has 33 health remaining

Knight with 73 health has a 22 total attack points, and attacks Spearman with 77 health who has 10 total armour points.
Spearman now has 65 health remaining

Archer with 61 health has a 18 total attack points, and attacks Spearman with 71 health who has 10 total armour points.
Spearman now has 63 health remaining

Footman with 75 health has a 17 total attack points, and attacks Ranged with 59 health who has 10 total armour points.
Ranged now has 52 health remaining

Archer with 67 health has a 18 total attack points, and attacks Raider with 58 health who has 13 total armour points.
Raider now has 53 health remaining

Spearman with 54 health has a 18 total attack points, and attacks Footman with 37 health who has 11 total armour points.
Footman now has 30 health remaining

Archer with 42 health has a 18 total attack points, and attacks Raider with 34 health who has 13 total armour points.
Raider now has 29 health remaining

Spearman with 35 health has a 18 total attack points, and attacks Footman with 38 health who has 11 total armour points.
Footman now has 31 health remaining

Raider with 77 health has a 22 total attack points, and attacks Footman with 80 health who has 11 total armour points.
Footman now has 69 health remaining

Archer with 62 health has a 18 total attack points, and attacks Spearman with 46 health who has 10 total armour points.
Spearman now has 38 health remaining

Footman with 60 health has a 17 total attack points, and attacks Raider with 48 health who has 13 total armour points.
Raider now has 44 health remaining

Archer with 75 health has a 18 total attack points, and attacks Grunt with 79 health who has 11 total armour points.
Grunt now has 72 health remaining

Raider with 72 health has a 22 total attack points, and attacks Archer with 56 health who has 10 total armour points.
Archer now has 44 health remaining

Footman with 43 health has a 17 total attack points, and attacks Raider with 77 health who has 13 total armour points.
Raider now has 73 health remaining

Knight with 52 health has a 22 total attack points, and attacks Spearman with 47 health who has 10 total armour points.
Spearman now has 35 health remaining

Spearman with 53 health has a 18 total attack points, and attacks Footman with 43 health who has 11 total armour points.
Footman now has 36 health remaining

Spearman with 9 health has a 18 total attack points, and attacks Footman with 56 health who has 11 total armour points.
Footman now has 49 health remaining

Knight with 59 health has a 22 total attack points, and attacks Grunt with 59 health who has 11 total armour points.
Grunt now has 48 health remaining

Spearman with 38 health has a 18 total attack points, and attacks Knight with 54 health who has 13 total armour points.
Knight now has 49 health remaining

Raider with 91 health has a 22 total attack points, and attacks Archer with 49 health who has 10 total armour points.
Archer now has 37 health remaining

Knight with 59 health has a 22 total attack points, and attacks Ranged with 84 health who has 10 total armour points.
Ranged now has 72 health remaining

Grunt with 64 health has a 17 total attack points, and attacks Archer with 87 health who has 10 total armour points.
Archer now has 80 health remaining

Grunt with 79 health has a 17 total attack points, and attacks Footman with 25 health who has 11 total armour points.
Footman now has 19 health remaining

Ranged with 82 health has a 18 total attack points, and attacks Footman with 88 health who has 11 total armour points.
Footman now has 81 health remaining

Archer with 68 health has a 18 total attack points, and attacks Raider with 56 health who has 13 total armour points.
Raider now has 51 health remaining

Knight with 64 health has a 26 total attack points, and attacks Raider with 70 health who has 13 total armour points.
Raider now has 57 health remaining

Knight with 54 health has a 22 total attack points, and attacks Grunt with 66 health who has 11 total armour points.
Grunt now has 55 health remaining

Archer with 60 health has a 18 total attack points, and attacks Grunt with 40 health who has 11 total armour points.
Grunt now has 33 health remaining

Footman with 72 health has a 17 total attack points, and attacks Raider with 43 health who has 13 total armour points.
Raider now has 39 health remaining

Knight with 77 health has a 22 total attack points, and attacks Spearman with 59 health who has 10 total armour points.
Spearman now has 47 health remaining

Footman with 39 health has a 17 total attack points, and attacks Raider with 62 health who has 13 total armour points.
Raider now has 58 health remaining

Grunt with 65 health has a 17 total attack points, and attacks Footman with 73 health who has 11 total armour points.
Footman now has 67 health remaining

Raider with 76 health has a 22 total attack points, and attacks Knight with 54 health who has 13 total armour points.
Knight now has 45 health remaining

Grunt with 52 health has a 17 total attack points, and attacks Archer with 82 health who has 10 total armour points.
Archer now has 75 health remaining

Raider with 72 health has a 22 total attack points, and attacks Archer with 45 health who has 10 total armour points.
Archer now has 33 health remaining

Knight with 64 health has a 22 total attack points, and attacks Raider with 73 health who has 13 total armour points.
Raider now has 64 health remaining

Spearman with 38 health has a 18 total attack points, and attacks Archer with 42 health who has 10 total armour points.
Archer now has 34 health remaining

Raider with 95 health has a 22 total attack points, and attacks Knight with 40 health who has 13 total armour points.
Knight now has 31 health remaining

Footman with 30 health has a 17 total attack points, and attacks Ranged with 63 health who has 10 total armour points.
Ranged now has 56 health remaining

Footman with 10 health has a 17 total attack points, and attacks Ranged with 67 health who has 10 total armour points.
Ranged now has 60 health remaining

Knight with 64 health has a 22 total attack points, and attacks Grunt with 39 health who has 11 total armour points.
Grunt now has 28 health remaining

Grunt with 52 health has a 17 total attack points, and attacks Footman with 71 health who has 11 total armour points.
Footman now has 65 health remaining

Grunt with 82 health has a 17 total attack points, and attacks Archer with 49 health who has 10 total armour points.
Archer now has 42 health remaining

Raider with 91 health has a 22 total attack points, and attacks Archer with 54 health who has 10 total armour points.
Archer now has 42 health remaining

Grunt with 17 health has a 17 total attack points, and attacks Archer with 61 health who has 10 total armour points.
Archer now has 54 health remaining

Archer with 96 health has a 18 total attack points, and attacks Ranged with 75 health who has 10 total armour points.
Ranged now has 67 health remaining

Footman with 53 health has a 17 total attack points, and attacks Grunt with 80 health who has 11 total armour points.
Grunt now has 74 health remaining

Archer with 39 health has a 18 total attack points, and attacks Grunt with 55 health who has 11 total armour points.
Grunt now has 48 health remaining

Grunt with 64 health has a 17 total attack points, and attacks Footman with 69 health who has 11 total armour points.
Footman now has 63 health remaining

Archer with 66 health has a 18 total attack points, and attacks Raider with 73 health who has 13 total armour points.
Raider now has 68 health remaining

Raider with 68 health has a 22 total attack points, and attacks Archer with 19 health who has 10 total armour points.
Archer now has 7 health remaining

Spearman with 35 health has a 18 total attack points, and attacks Knight with 51 health who has 13 total armour points.
Knight now has 46 health remaining

Ranged with 36 health has a 18 total attack points, and attacks Archer with 42 health who has 10 total armour points.
Archer now has 34 health remaining

Archer with 51 health has a 18 total attack points, and attacks Ranged with 40 health who has 10 total armour points.
Ranged now has 32 health remaining

Knight with 67 health has a 22 total attack points, and attacks Raider with 95 health who has 13 total armour points.
Raider now has 86 health remaining

Knight with 53 health has a 22 total attack points, and attacks Raider with 81 health who has 13 total armour points.
Raider now has 72 health remaining

Archer with 18 health has a 18 total attack points, and attacks Spearman with 51 health who has 10 total armour points.
Spearman now has 43 health remaining

Knight with 64 health has a 22 total attack points, and attacks Raider with 44 health who has 13 total armour points.
Raider now has 35 health remaining

Footman with 36 health has a 17 total attack points, and attacks Grunt with 50 health who has 11 total armour points.
Grunt now has 44 health remaining

Spearman with 58 health has a 18 total attack points, and attacks Archer with 63 health who has 10 total armour points.
Archer now has 55 health remaining

Footman with 60 health has a 17 total attack points, and attacks Raider with 44 health who has 13 total armour points.
Raider now has 40 health remaining

Archer with 15 health has a 18 total attack points, and attacks Grunt with 73 health who has 11 total armour points.
Grunt now has 66 health remaining

Footman with 39 health has a 17 total attack points, and attacks Grunt with 64 health who has 11 total armour points.
Grunt now has 58 health remaining

Archer with 46 health has a 18 total attack points, and attacks Grunt with 52 health who has 11 total armour points.
Grunt now has 45 health remaining

Spearman with 52 health has a 18 total attack points, and attacks Knight with 69 health who has 13 total armour points.
Knight now has 64 health remaining

Knight with 55 health has a 22 total attack points, and attacks Ranged with 52 health who has 10 total armour points.
Ranged now has 40 health remaining

Knight with 41 health has a 22 total attack points, and attacks Raider with 51 health who has 13 total armour points.
Raider now has 42 health remaining

Archer with 75 health has a 18 total attack points, and attacks Raider with 50 health who has 13 total armour points.
Raider now has 45 health remaining

Grunt with 65 health has a 17 total attack points, and attacks Knight with 59 health who has 13 total armour points.
Knight now has 55 health remaining

Raider with 61 health has a 22 total attack points, and attacks Knight with 58 health who has 13 total armour points.
Knight now has 49 health remaining

Ranged with 79 health has a 18 total attack points, and attacks Knight with 49 health who has 13 total armour points.
Knight now has 44 health remaining

Ranged with 42 health has a 18 total attack points, and attacks Archer with 7 health who has 10 total armour points.
Archer has died in combat.

Archer with 60 health has a 18 total attack points, and attacks Grunt with 74 health who has 11 total armour points.
Grunt now has 67 health remaining

Grunt with 48 health has a 17 total attack points, and attacks Archer with 25 health who has 10 total armour points.
Archer now has 18 health remaining

Footman with 50 health has a 17 total attack points, and attacks Grunt with 73 health who has 11 total armour points.
Grunt now has 67 health remaining

Archer with 18 health has a 18 total attack points, and attacks Grunt with 51 health who has 11 total armour points.
Grunt now has 44 health remaining

Spearman with 87 health has a 18 total attack points, and attacks Archer with 91 health who has 10 total armour points.
Archer now has 83 health remaining

Ranged with 72 health has a 18 total attack points, and attacks Archer with 75 health who has 10 total armour points.
Archer now has 67 health remaining

Raider with 86 health has a 22 total attack points, and attacks Archer with 50 health who has 10 total armour points.
Archer now has 38 health remaining

Archer with 39 health has a 18 total attack points, and attacks Spearman with 9 health who has 10 total armour points.
Spearman now has 1 health remaining

Archer with 69 health has a 18 total attack points, and attacks Raider with 72 health who has 13 total armour points.
Raider now has 67 health remaining

Ranged with 62 health has a 18 total attack points, and attacks Knight with 67 health who has 13 total armour points.
Knight now has 62 health remaining

Ranged with 55 health has a 18 total attack points, and attacks Knight with 85 health who has 13 total armour points.
Knight now has 80 health remaining

Archer with 83 health has a 18 total attack points, and attacks Spearman with 67 health who has 10 total armour points.
Spearman now has 59 health remaining

Spearman with 41 health has a 18 total attack points, and attacks Footman with 61 health who has 11 total armour points.
Footman now has 54 health remaining

Grunt with 86 health has a 17 total attack points, and attacks Knight with 50 health who has 13 total armour points.
Knight now has 46 health remaining

Grunt with 60 health has a 17 total attack points, and attacks Archer with 66 health who has 10 total armour points.
Archer now has 59 health remaining

Footman with 20 health has a 17 total attack points, and attacks Ranged with 32 health who has 10 total armour points.
Ranged now has 25 health remaining

Archer with 67 health has a 18 total attack points, and attacks Spearman with 74 health who has 10 total armour points.
Spearman now has 66 health remaining

Archer with 48 health has a 18 total attack points, and attacks Ranged with 62 health who has 10 total armour points.
Ranged now has 54 health remaining

Archer with 21 health has a 18 total attack points, and attacks Grunt with 53 health who has 11 total armour points.
Grunt now has 46 health remaining

Ranged with 66 health has a 18 total attack points, and attacks Archer with 69 health who has 10 total armour points.
Archer now has 61 health remaining

Knight with 58 health has a 22 total attack points, and attacks Spearman with 56 health who has 10 total armour points.
Spearman now has 44 health remaining

Archer with 29 health has a 18 total attack points, and attacks Grunt with 32 health who has 11 total armour points.
Grunt now has 25 health remaining

Knight with 44 health has a 22 total attack points, and attacks Raider with 64 health who has 13 total armour points.
Raider now has 55 health remaining

Ranged with 39 health has a 18 total attack points, and attacks Archer with 48 health who has 10 total armour points.
Archer now has 40 health remaining

Ranged with 90 health has a 18 total attack points, and attacks Archer with 32 health who has 10 total armour points.
Archer now has 24 health remaining

Ranged with 63 health has a 18 total attack points, and attacks Archer with 18 health who has 10 total armour points.
Archer now has 10 health remaining

Archer with 21 health has a 18 total attack points, and attacks Raider with 86 health who has 13 total armour points.
Raider now has 81 health remaining

Ranged with 66 health has a 18 total attack points, and attacks Knight with 62 health who has 13 total armour points.
Knight now has 57 health remaining

Grunt with 73 health has a 17 total attack points, and attacks Archer with 75 health who has 10 total armour points.
Archer now has 68 health remaining

Spearman with 29 health has a 18 total attack points, and attacks Knight with 53 health who has 13 total armour points.
Knight now has 48 health remaining

Grunt with 46 health has a 17 total attack points, and attacks Knight with 66 health who has 13 total armour points.
Knight now has 62 health remaining

Knight with 60 health has a 22 total attack points, and attacks Raider with 49 health who has 13 total armour points.
Raider now has 40 health remaining

Knight with 74 health has a 22 total attack points, and attacks Raider with 42 health who has 13 total armour points.
Raider now has 33 health remaining

Knight with 68 health has a 22 total attack points, and attacks Raider with 64 health who has 13 total armour points.
Raider now has 55 health remaining

Raider with 61 health has a 22 total attack points, and attacks Archer with 51 health who has 10 total armour points.
Archer now has 39 health remaining

Archer with 66 health has a 18 total attack points, and attacks Spearman with 65 health who has 10 total armour points.
Spearman now has 57 health remaining

Grunt with 73 health has a 17 total attack points, and attacks Archer with 67 health who has 10 total armour points.
Archer now has 60 health remaining

Footman with 34 health has a 17 total attack points, and attacks Raider with 55 health who has 13 total armour points.
Raider now has 51 health remaining

Archer with 63 health has a 18 total attack points, and attacks Grunt with 55 health who has 11 total armour points.
Grunt now has 48 health remaining

Ranged with 67 health has a 18 total attack points, and attacks Archer with 49 health who has 10 total armour points.
Archer now has 41 health remaining

Footman with 68 health has a 17 total attack points, and attacks Raider with 72 health who has 13 total armour points.
Raider now has 68 health remaining

Footman with 49 health has a 17 total attack points, and attacks Spearman with 40 health who has 10 total armour points.
Spearman now has 33 health remaining

Spearman with 58 health has a 18 total attack points, and attacks Archer with 73 health who has 10 total armour points.
Archer now has 65 health remaining

Raider with 90 health has a 26 total attack points, and attacks Knight with 36 health who has 13 total armour points.
Knight now has 23 health remaining

Archer with 90 health has a 18 total attack points, and attacks Grunt with 48 health who has 11 total armour points.
Grunt now has 41 health remaining

Footman with 61 health has a 17 total attack points, and attacks Grunt with 51 health who has 11 total armour points.
Grunt now has 45 health remaining

Ranged with 68 health has a 18 total attack points, and attacks Archer with 46 health who has 10 total armour points.
Archer now has 38 health remaining

Archer with 60 health has a 18 total attack points, and attacks Spearman with 71 health who has 10 total armour points.
Spearman now has 63 health remaining

Footman with 68 health has a 17 total attack points, and attacks Spearman with 33 health who has 10 total armour points.
Spearman now has 26 health remaining

Grunt with 54 health has a 17 total attack points, and attacks Archer with 58 health who has 10 total armour points.
Archer now has 51 health remaining

Archer with 82 health has a 18 total attack points, and attacks Ranged with 56 health who has 10 total armour points.
Ranged now has 48 health remaining

Archer with 96 health has a 18 total attack points, and attacks Spearman with 35 health who has 10 total armour points.
Spearman now has 27 health remaining

Raider with 73 health has a 22 total attack points, and attacks Knight with 46 health who has 13 total armour points.
Knight now has 37 health remaining

Raider with 64 health has a 22 total attack points, and attacks Archer with 74 health who has 10 total armour points.
Archer now has 62 health remaining

Spearman with 35 health has a 18 total attack points, and attacks Knight with 71 health who has 13 total armour points.
Knight now has 66 health remaining

Raider with 54 health has a 22 total attack points, and attacks Footman with 47 health who has 11 total armour points.
Footman now has 36 health remaining

Knight with 71 health has a 22 total attack points, and attacks Raider with 71 health who has 13 total armour points.
Raider now has 62 health remaining

Archer with 48 health has a 18 total attack points, and attacks Raider with 78 health who has 13 total armour points.
Raider now has 73 health remaining

Raider with 54 health has a 26 total attack points, and attacks Knight with 58 health who has 13 total armour points.
Knight now has 45 health remaining

Footman with 45 health has a 17 total attack points, and attacks Spearman with 59 health who has 10 total armour points.
Spearman now has 52 health remaining

Archer with 68 health has a 18 total attack points, and attacks Raider with 91 health who has 13 total armour points.
Raider now has 86 health remaining

Footman with 46 health has a 17 total attack points, and attacks Raider with 54 health who has 13 total armour points.
Raider now has 50 health remaining

Footman with 6 health has a 17 total attack points, and attacks Ranged with 79 health who has 10 total armour points.
Ranged now has 72 health remaining

Grunt with 48 health has a 17 total attack points, and attacks Knight with 63 health who has 13 total armour points.
Knight now has 59 health remaining

Grunt with 38 health has a 17 total attack points, and attacks Footman with 61 health who has 11 total armour points.
Footman now has 55 health remaining

Grunt with 37 health has a 17 total attack points, and attacks Knight with 55 health who has 13 total armour points.
Knight now has 51 health remaining

Raider with 86 health has a 22 total attack points, and attacks Archer with 39 health who has 10 total armour points.
Archer now has 27 health remaining

Archer with 32 health has a 18 total attack points, and attacks Grunt with 44 health who has 11 total armour points.
Grunt now has 37 health remaining

Footman with 68 health has a 17 total attack points, and attacks Raider with 57 health who has 13 total armour points.
Raider now has 53 health remaining

Footman with 68 health has a 17 total attack points, and attacks Spearman with 62 health who has 10 total armour points.
Spearman now has 55 health remaining

Grunt with 55 health has a 17 total attack points, and attacks Archer with 55 health who has 10 total armour points.
Archer now has 48 health remaining

Knight with 64 health has a 22 total attack points, and attacks Raider with 72 health who has 13 total armour points.
Raider now has 63 health remaining

Archer with 74 health has a 18 total attack points, and attacks Raider with 54 health who has 13 total armour points.
Raider now has 49 health remaining

Footman with 65 health has a 17 total attack points, and attacks Ranged with 78 health who has 10 total armour points.
Ranged now has 71 health remaining

Spearman with 47 health has a 18 total attack points, and attacks Archer with 48 health who has 10 total armour points.
Archer now has 40 health remaining

Grunt with 68 health has a 17 total attack points, and attacks Archer with 51 health who has 10 total armour points.
Archer now has 44 health remaining

Ranged with 75 health has a 18 total attack points, and attacks Knight with 76 health who has 13 total armour points.
Knight now has 71 health remaining

Grunt with 65 health has a 17 total attack points, and attacks Footman with 54 health who has 11 total armour points.
Footman now has 48 health remaining

Grunt with 78 health has a 17 total attack points, and attacks Archer with 52 health who has 10 total armour points.
Archer now has 45 health remaining

Grunt with 47 health has a 17 total attack points, and attacks Footman with 55 health who has 11 total armour points.
Footman now has 49 health remaining

Ranged with 90 health has a 18 total attack points, and attacks Knight with 69 health who has 13 total armour points.
Knight now has 64 health remaining

Knight with 71 health has a 22 total attack points, and attacks Grunt with 53 health who has 11 total armour points.
Grunt now has 42 health remaining

Spearman with 58 health has a 18 total attack points, and attacks Knight with 81 health who has 13 total armour points.
Knight now has 76 health remaining

Knight with 58 health has a 22 total attack points, and attacks Raider with 64 health who has 13 total armour points.
Raider now has 55 health remaining

Ranged with 72 health has a 18 total attack points, and attacks Archer with 27 health who has 10 total armour points.
Archer now has 19 health remaining

Knight with 50 health has a 22 total attack points, and attacks Raider with 62 health who has 13 total armour points.
Raider now has 53 health remaining

Archer with 70 health has a 18 total attack points, and attacks Raider with 73 health who has 13 total armour points.
Raider now has 68 health remaining

Knight with 55 health has a 22 total attack points, and attacks Spearman with 60 health who has 10 total armour points.
Spearman now has 48 health remaining

Archer with 16 health has a 18 total attack points, and attacks Spearman with 75 health who has 10 total armour points.
Spearman now has 67 health remaining

Footman with 68 health has a 17 total attack points, and attacks Ranged with 29 health who has 10 total armour points.
Ranged now has 22 health remaining

Spearman with 58 health has a 18 total attack points, and attacks Footman with 52 health who has 11 total armour points.
Footman now has 45 health remaining

Archer with 55 health has a 18 total attack points, and attacks Ranged with 54 health who has 10 total armour points.
Ranged now has 46 health remaining

Knight with 48 health has a 22 total attack points, and attacks Spearman with 58 health who has 10 total armour points.
Spearman now has 46 health remaining

Archer with 74 health has a 18 total attack points, and attacks Grunt with 57 health who has 11 total armour points.
Grunt now has 50 health remaining

Raider with 86 health has a 22 total attack points, and attacks Knight with 64 health who has 13 total armour points.
Knight now has 55 health remaining

Footman with 21 health has a 17 total attack points, and attacks Raider with 74 health who has 13 total armour points.
Raider now has 70 health remaining

Spearman with 62 health has a 18 total attack points, and attacks Archer with 39 health who has 10 total armour points.
Archer now has 31 health remaining

Raider with 70 health has a 22 total attack points, and attacks Archer with 67 health who has 10 total armour points.
Archer now has 55 health remaining

Footman with 47 health has a 17 total attack points, and attacks Grunt with 68 health who has 11 total armour points.
Grunt now has 62 health remaining

Archer with 96 health has a 18 total attack points, and attacks Raider with 82 health who has 13 total armour points.
Raider now has 77 health remaining

Footman with 33 health has a 17 total attack points, and attacks Grunt with 28 health who has 11 total armour points.
Grunt now has 22 health remaining

Footman with 20 health has a 17 total attack points, and attacks Ranged with 83 health who has 10 total armour points.
Ranged now has 76 health remaining

Ranged with 72 health has a 18 total attack points, and attacks Footman with 46 health who has 11 total armour points.
Footman now has 39 health remaining

Raider with 76 health has a 22 total attack points, and attacks Archer with 64 health who has 10 total armour points.
Archer now has 52 health remaining

Raider with 86 health has a 22 total attack points, and attacks Footman with 20 health who has 11 total armour points.
Footman now has 9 health remaining

Spearman with 51 health has a 18 total attack points, and attacks Archer with 67 health who has 10 total armour points.
Archer now has 59 health remaining

Archer with 55 health has a 18 total attack points, and attacks Grunt with 47 health who has 11 total armour points.
Grunt now has 40 health remaining

Archer with 40 health has a 18 total attack points, and attacks Grunt with 56 health who has 11 total armour points.
Grunt now has 49 health remaining

Archer with 51 health has a 18 total attack points, and attacks Spearman with 67 health who has 10 total armour points.
Spearman now has 59 health remaining

Knight with 23 health has a 22 total attack points, and attacks Raider with 86 health who has 13 total armour points.
Raider now has 77 health remaining

Raider with 42 health has a 22 total attack points, and attacks Footman with 67 health who has 11 total armour points.
Footman now has 56 health remaining

Raider with 67 health has a 22 total attack points, and attacks Footman with 39 health who has 11 total armour points.
Footman now has 28 health remaining

Footman with 30 health has a 17 total attack points, and attacks Grunt with 61 health who has 11 total armour points.
Grunt now has 55 health remaining

Footman with 76 health has a 17 total attack points, and attacks Spearman with 58 health who has 10 total armour points.
Spearman now has 51 health remaining

Archer with 66 health has a 18 total attack points, and attacks Spearman with 27 health who has 10 total armour points.
Spearman now has 19 health remaining

Knight with 44 health has a 22 total attack points, and attacks Spearman with 52 health who has 10 total armour points.
Spearman now has 40 health remaining

Ranged with 69 health has a 18 total attack points, and attacks Archer with 71 health who has 10 total armour points.
Archer now has 63 health remaining

Archer with 56 health has a 18 total attack points, and attacks Ranged with 82 health who has 10 total armour points.
Ranged now has 74 health remaining

Archer with 55 health has a 18 total attack points, and attacks Raider with 72 health who has 13 total armour points.
Raider now has 67 health remaining

Archer with 83 health has a 18 total attack points, and attacks Ranged with 25 health who has 10 total armour points.
Ranged now has 17 health remaining

Grunt with 55 health has a 17 total attack points, and attacks Archer with 70 health who has 10 total armour points.
Archer now has 63 health remaining

Archer with 63 health has a 18 total attack points, and attacks Ranged with 62 health who has 10 total armour points.
Ranged now has 54 health remaining

Spearman with 38 health has a 18 total attack points, and attacks Knight with 30 health who has 13 total armour points.
Knight now has 25 health remaining

Spearman with 14 health has a 18 total attack points, and attacks Knight with 64 health who has 13 total armour points.
Knight now has 59 health remaining

Archer with 75 health has a 18 total attack points, and attacks Spearman with 42 health who has 10 total armour points.
Spearman now has 34 health remaining

Grunt with 61 health has a 17 total attack points, and attacks Footman with 86 health who has 11 total armour points.
Footman now has 80 health remaining

Raider with 64 health has a 22 total attack points, and attacks Footman with 54 health who has 11 total armour points.
Footman now has 43 health remaining

Raider with 88 health has a 22 total attack points, and attacks Archer with 45 health who has 10 total armour points.
Archer now has 33 health remaining

Grunt with 45 health has a 17 total attack points, and attacks Footman with 50 health who has 11 total armour points.
Footman now has 44 health remaining

Ranged with 59 health has a 18 total attack points, and attacks Footman with 94 health who has 11 total armour points.
Footman now has 87 health remaining

Spearman with 44 health has a 18 total attack points, and attacks Knight with 45 health who has 13 total armour points.
Knight now has 40 health remaining

Raider with 40 health has a 22 total attack points, and attacks Archer with 2 health who has 10 total armour points.
Archer has died in combat.

Spearman with 8 health has a 18 total attack points, and attacks Archer with 82 health who has 10 total armour points.
Archer now has 74 health remaining

Grunt with 47 health has a 17 total attack points, and attacks Footman with 66 health who has 11 total armour points.
Footman now has 60 health remaining

Spearman with 38 health has a 18 total attack points, and attacks Knight with 45 health who has 13 total armour points.
Knight now has 40 health remaining

Archer with 67 health has a 18 total attack points, and attacks Spearman with 26 health who has 10 total armour points.
Spearman now has 18 health remaining

Grunt with 33 health has a 17 total attack points, and attacks Archer with 68 health who has 10 total armour points.
Archer now has 61 health remaining

Ranged with 76 health has a 18 total attack points, and attacks Footman with 65 health who has 11 total armour points.
Footman now has 58 health remaining

Archer with 68 health has a 18 total attack points, and attacks Ranged with 54 health who has 10 total armour points.
Ranged now has 46 health remaining

Raider with 54 health has a 22 total attack points, and attacks Archer with 40 health who has 10 total armour points.
Archer now has 28 health remaining

Grunt with 25 health has a 17 total attack points, and attacks Knight with 68 health who has 13 total armour points.
Knight now has 64 health remaining

Ranged with 48 health has a 18 total attack points, and attacks Knight with 63 health who has 13 total armour points.
Knight now has 58 health remaining

Spearman with 44 health has a 18 total attack points, and attacks Knight with 95 health who has 13 total armour points.
Knight now has 90 health remaining

Archer with 46 health has a 18 total attack points, and attacks Raider with 59 health who has 13 total armour points.
Raider now has 54 health remaining

Archer with 48 health has a 18 total attack points, and attacks Raider with 61 health who has 13 total armour points.
Raider now has 56 health remaining

Knight with 57 health has a 22 total attack points, and attacks Grunt with 66 health who has 11 total armour points.
Grunt now has 55 health remaining

Archer with 34 health has a 18 total attack points, and attacks Raider with 46 health who has 13 total armour points.
Raider now has 41 health remaining

Knight with 62 health has a 22 total attack points, and attacks Ranged with 72 health who has 10 total armour points.
Ranged now has 60 health remaining

Knight with 55 health has a 22 total attack points, and attacks Ranged with 42 health who has 10 total armour points.
Ranged now has 30 health remaining

Spearman with 67 health has a 18 total attack points, and attacks Knight with 64 health who has 13 total armour points.
Knight now has 59 health remaining

Archer with 34 health has a 18 total attack points, and attacks Spearman with 87 health who has 10 total armour points.
Spearman now has 79 health remaining

Grunt with 54 health has a 17 total attack points, and attacks Knight with 77 health who has 13 total armour points.
Knight now has 73 health remaining

Grunt with 68 health has a 17 total attack points, and attacks Archer with 59 health who has 10 total armour points.
Archer now has 52 health remaining

Ranged with 53 health has a 18 total attack points, and attacks Knight with 48 health who has 13 total armour points.
Knight now has 43 health remaining

Spearman with 62 health has a 18 total attack points, and attacks Archer with 80 health who has 10 total armour points.
Archer now has 72 health remaining

Archer with 80 health has a 18 total attack points, and attacks Grunt with 69 health who has 11 total armour points.
Grunt now has 62 health remaining

Ranged with 62 health has a 18 total attack points, and attacks Archer with 31 health who has 10 total armour points.
Archer now has 23 health remaining

Archer with 34 health has a 18 total attack points, and attacks Spearman with 47 health who has 10 total armour points.
Spearman now has 39 health remaining

Raider with 88 health has a 22 total attack points, and attacks Knight with 60 health who has 13 total armour points.
Knight now has 51 health remaining

Knight with 76 health has a 22 total attack points, and attacks Raider with 55 health who has 13 total armour points.
Raider now has 46 health remaining

Raider with 73 health has a 22 total attack points, and attacks Knight with 46 health who has 13 total armour points.
Knight now has 37 health remaining

Archer with 55 health has a 18 total attack points, and attacks Raider with 66 health who has 13 total armour points.
Raider now has 61 health remaining

Knight with 59 health has a 22 total attack points, and attacks Spearman with 79 health who has 10 total armour points.
Spearman now has 67 health remaining

Raider with 77 health has a 22 total attack points, and attacks Archer with 67 health who has 10 total armour points.
Archer now has 55 health remaining

Grunt with 54 health has a 17 total attack points, and attacks Archer with 48 health who has 10 total armour points.
Archer now has 41 health remaining

Ranged with 41 health has a 18 total attack points, and attacks Knight with 78 health who has 13 total armour points.
Knight now has 73 health remaining

Archer with 67 health has a 18 total attack points, and attacks Grunt with 68 health who has 11 total armour points.
Grunt now has 61 health remaining

Archer with 20 health has a 18 total attack points, and attacks Ranged with 39 health who has 10 total armour points.
Ranged now has 31 health remaining

Raider with 76 health has a 22 total attack points, and attacks Archer with 41 health who has 10 total armour points.
Archer now has 29 health remaining

Spearman with 58 health has a 18 total attack points, and attacks Archer with 74 health who has 10 total armour points.
Archer now has 66 health remaining

Knight with 73 health has a 22 total attack points, and attacks Raider with 29 health who has 13 total armour points.
Raider now has 20 health remaining

Knight with 71 health has a 22 total attack points, and attacks Ranged with 54 health who has 10 total armour points.
Ranged now has 42 health remaining

Archer with 83 health has a 18 total attack points, and attacks Raider with 45 health who has 13 total armour points.
Raider now has 40 health remaining

Archer with 34 health has a 18 total attack points, and attacks Spearman with 62 health who has 10 total armour points.
Spearman now has 54 health remaining

Archer with 37 health has a 18 total attack points, and attacks Ranged with 74 health who has 10 total armour points.
Ranged now has 66 health remaining

Knight with 90 health has a 22 total attack points, and attacks Spearman with 55 health who has 10 total armour points.
Spearman now has 43 health remaining

Footman with 49 health has a 17 total attack points, and attacks Ranged with 100 health who has 14 total armour points.
Ranged now has 97 health remaining

Spearman with 51 health has a 18 total attack points, and attacks Knight with 50 health who has 13 total armour points.
Knight now has 45 health remaining

Archer with 60 health has a 18 total attack points, and attacks Spearman with 67 health who has 10 total armour points.
Spearman now has 59 health remaining

Archer with 50 health has a 18 total attack points, and attacks Grunt with 47 health who has 11 total armour points.
Grunt now has 40 health remaining

Knight with 48 health has a 22 total attack points, and attacks Grunt with 47 health who has 11 total armour points.
Grunt now has 36 health remaining

Spearman with 70 health has a 18 total attack points, and attacks Knight with 68 health who has 13 total armour points.
Knight now has 63 health remaining

Archer with 58 health has a 18 total attack points, and attacks Grunt with 60 health who has 11 total armour points.
Grunt now has 53 health remaining

Ranged with 13 health has a 18 total attack points, and attacks Archer with 79 health who has 10 total armour points.
Archer now has 71 health remaining

Raider with 71 health has a 22 total attack points, and attacks Footman with 36 health who has 11 total armour points.
Footman now has 25 health remaining

Grunt with 40 health has a 17 total attack points, and attacks Archer with 83 health who has 10 total armour points.
Archer now has 76 health remaining

Archer with 76 health has a 18 total attack points, and attacks Ranged with 41 health who has 10 total armour points.
Ranged now has 33 health remaining

Archer with 51 health has a 18 total attack points, and attacks Raider with 68 health who has 13 total armour points.
Raider now has 63 health remaining

Footman with 35 health has a 17 total attack points, and attacks Grunt with 26 health who has 11 total armour points.
Grunt now has 20 health remaining

Footman with 31 health has a 17 total attack points, and attacks Raider with 78 health who has 13 total armour points.
Raider now has 74 health remaining

Ranged with 46 health has a 18 total attack points, and attacks Footman with 54 health who has 11 total armour points.
Footman now has 47 health remaining

Spearman with 58 health has a 18 total attack points, and attacks Archer with 74 health who has 10 total armour points.
Archer now has 66 health remaining

Archer with 68 health has a 18 total attack points, and attacks Raider with 53 health who has 13 total armour points.
Raider now has 48 health remaining

Knight with 76 health has a 22 total attack points, and attacks Grunt with 46 health who has 11 total armour points.
Grunt now has 35 health remaining

Grunt with 86 health has a 17 total attack points, and attacks Footman with 30 health who has 11 total armour points.
Footman now has 24 health remaining

Spearman with 39 health has a 18 total attack points, and attacks Knight with 82 health who has 13 total armour points.
Knight now has 77 health remaining

Knight with 37 health has a 22 total attack points, and attacks Raider with 54 health who has 13 total armour points.
Raider now has 45 health remaining

Spearman with 57 health has a 18 total attack points, and attacks Archer with 55 health who has 10 total armour points.
Archer now has 47 health remaining

Footman with 68 health has a 17 total attack points, and attacks Grunt with 73 health who has 11 total armour points.
Grunt now has 67 health remaining

Raider with 62 health has a 22 total attack points, and attacks Footman with 50 health who has 11 total armour points.
Footman now has 39 health remaining

Grunt with 55 health has a 17 total attack points, and attacks Footman with 6 health who has 11 total armour points.
Footman has died in combat.

Footman with 56 health has a 17 total attack points, and attacks Spearman with 67 health who has 10 total armour points.
Spearman now has 60 health remaining

Archer with 19 health has a 18 total attack points, and attacks Spearman with 7 health who has 10 total armour points.
Spearman has died in combat.

Archer with 38 health has a 18 total attack points, and attacks Spearman with 59 health who has 10 total armour points.
Spearman now has 51 health remaining

Footman with 51 health has a 17 total attack points, and attacks Ranged with 62 health who has 10 total armour points.
Ranged now has 55 health remaining

Grunt with 65 health has a 17 total attack points, and attacks Archer with 43 health who has 10 total armour points.
Archer now has 36 health remaining

Raider with 38 health has a 22 total attack points, and attacks Archer with 56 health who has 10 total armour points.
Archer now has 44 health remaining

Ranged with 75 health has a 18 total attack points, and attacks Footman with 25 health who has 11 total armour points.
Footman now has 18 health remaining

Spearman with 46 health has a 18 total attack points, and attacks Knight with 58 health who has 13 total armour points.
Knight now has 53 health remaining

Raider with 77 health has a 22 total attack points, and attacks Knight with 23 health who has 13 total armour points.
Knight now has 14 health remaining

Spearman with 71 health has a 18 total attack points, and attacks Archer with 42 health who has 10 total armour points.
Archer now has 34 health remaining

Ranged with 42 health has a 18 total attack points, and attacks Archer with 60 health who has 10 total armour points.
Archer now has 52 health remaining

Grunt with 32 health has a 17 total attack points, and attacks Archer with 66 health who has 10 total armour points.
Archer now has 59 health remaining

Ranged with 70 health has a 18 total attack points, and attacks Archer with 36 health who has 10 total armour points.
Archer now has 28 health remaining

Archer with 66 health has a 18 total attack points, and attacks Grunt with 93 health who has 11 total armour points.
Grunt now has 86 health remaining

Archer with 31 health has a 18 total attack points, and attacks Grunt with 27 health who has 11 total armour points.
Grunt now has 20 health remaining

Ranged with 53 health has a 18 total attack points, and attacks Footman with 69 health who has 11 total armour points.
Footman now has 62 health remaining

Archer with 67 health has a 18 total attack points, and attacks Raider with 62 health who has 13 total armour points.
Raider now has 57 health remaining

Archer with 60 health has a 18 total attack points, and attacks Spearman with 48 health who has 10 total armour points.
Spearman now has 40 health remaining

Archer with 96 health has a 18 total attack points, and attacks Ranged with 52 health who has 10 total armour points.
Ranged now has 44 health remaining

Archer with 82 health has a 18 total attack points, and attacks Ranged with 66 health who has 10 total armour points.
Ranged now has 58 health remaining

Archer with 62 health has a 18 total attack points, and attacks Spearman with 40 health who has 10 total armour points.
Spearman now has 32 health remaining

Archer with 51 health has a 18 total attack points, and attacks Grunt with 83 health who has 11 total armour points.
Grunt now has 76 health remaining

Knight with 59 health has a 22 total attack points, and attacks Raider with 73 health who has 13 total armour points.
Raider now has 64 health remaining

Knight with 64 health has a 22 total attack points, and attacks Raider with 83 health who has 13 total armour points.
Raider now has 74 health remaining

Ranged with 46 health has a 18 total attack points, and attacks Knight with 64 health who has 13 total armour points.
Knight now has 59 health remaining

Footman with 87 health has a 17 total attack points, and attacks Ranged with 3 health who has 10 total armour points.
Ranged has died in combat.

Archer with 67 health has a 18 total attack points, and attacks Ranged with 60 health who has 10 total armour points.
Ranged now has 52 health remaining

Grunt with 62 health has a 17 total attack points, and attacks Archer with 44 health who has 10 total armour points.
Archer now has 37 health remaining

Raider with 46 health has a 22 total attack points, and attacks Archer with 59 health who has 10 total armour points.
Archer now has 47 health remaining

Grunt with 39 health has a 17 total attack points, and attacks Archer with 48 health who has 10 total armour points.
Archer now has 41 health remaining

Ranged with 49 health has a 18 total attack points, and attacks Knight with 58 health who has 13 total armour points.
Knight now has 53 health remaining

Archer with 66 health has a 18 total attack points, and attacks Raider with 68 health who has 13 total armour points.
Raider now has 63 health remaining

Knight with 73 health has a 22 total attack points, and attacks Ranged with 82 health who has 10 total armour points.
Ranged now has 70 health remaining

Footman with 88 health has a 17 total attack points, and attacks Grunt with 62 health who has 11 total armour points.
Grunt now has 56 health remaining

Knight with 67 health has a 22 total attack points, and attacks Grunt with 49 health who has 11 total armour points.
Grunt now has 38 health remaining

Knight with 73 health has a 22 total attack points, and attacks Spearman with 75 health who has 10 total armour points.
Spearman now has 63 health remaining

Footman with 75 health has a 17 total attack points, and attacks Ranged with 52 health who has 10 total armour points.
Ranged now has 45 health remaining

Footman with 75 health has a 17 total attack points, and attacks Raider with 54 health who has 13 total armour points.
Raider now has 50 health remaining

Archer with 28 health has a 18 total attack points, and attacks Spearman with 44 health who has 10 total armour points.
Spearman now has 36 health remaining

Grunt with 67 health has a 17 total attack points, and attacks Knight with 14 health who has 13 total armour points.
Knight now has 10 health remaining

Ranged with 62 health has a 18 total attack points, and attacks Archer with 28 health who has 10 total armour points.
Archer now has 20 health remaining

Ranged with 82 health has a 18 total attack points, and attacks Archer with 60 health who has 10 total armour points.
Archer now has 52 health remaining

Spearman with 59 health has a 18 total attack points, and attacks Knight with 90 health who has 13 total armour points.
Knight now has 85 health remaining

Knight with 18 health has a 22 total attack points, and attacks Raider with 73 health who has 13 total armour points.
Raider now has 64 health remaining

Spearman with 47 health has a 18 total attack points, and attacks Archer with 60 health who has 10 total armour points.
Archer now has 52 health remaining

Grunt with 27 health has a 17 total attack points, and attacks Footman with 47 health who has 11 total armour points.
Footman now has 41 health remaining

Grunt with 83 health has a 17 total attack points, and attacks Archer with 75 health who has 10 total armour points.
Archer now has 68 health remaining

Ranged with 50 health has a 18 total attack points, and attacks Archer with 76 health who has 10 total armour points.
Archer now has 68 health remaining

Footman with 51 health has a 17 total attack points, and attacks Spearman with 90 health who has 10 total armour points.
Spearman now has 83 health remaining

Footman with 59 health has a 17 total attack points, and attacks Spearman with 51 health who has 10 total armour points.
Spearman now has 44 health remaining

Archer with 20 health has a 18 total attack points, and attacks Grunt with 65 health who has 11 total armour points.
Grunt now has 58 health remaining

Knight with 59 health has a 22 total attack points, and attacks Raider with 69 health who has 13 total armour points.
Raider now has 60 health remaining

Footman with 30 health has a 17 total attack points, and attacks Grunt with 51 health who has 11 total armour points.
Grunt now has 45 health remaining

Footman with 68 health has a 17 total attack points, and attacks Spearman with 38 health who has 10 total armour points.
Spearman now has 31 health remaining

Raider with 76 health has a 22 total attack points, and attacks Footman with 56 health who has 11 total armour points.
Footman now has 45 health remaining

Footman with 51 health has a 17 total attack points, and attacks Raider with 20 health who has 13 total armour points.
Raider now has 16 health remaining

Footman with 47 health has a 17 total attack points, and attacks Raider with 67 health who has 13 total armour points.
Raider now has 63 health remaining

Ranged with 66 health has a 18 total attack points, and attacks Knight with 57 health who has 13 total armour points.
Knight now has 52 health remaining

Knight with 73 health has a 22 total attack points, and attacks Spearman with 57 health who has 10 total armour points.
Spearman now has 45 health remaining

Grunt with 68 health has a 17 total attack points, and attacks Archer with 82 health who has 10 total armour points.
Archer now has 75 health remaining

Footman with 24 health has a 17 total attack points, and attacks Ranged with 17 health who has 10 total armour points.
Ranged now has 10 health remaining

Footman with 68 health has a 17 total attack points, and attacks Spearman with 63 health who has 10 total armour points.
Spearman now has 56 health remaining

Spearman with 65 health has a 18 total attack points, and attacks Footman with 18 health who has 11 total armour points.
Footman now has 11 health remaining

Archer with 63 health has a 18 total attack points, and attacks Spearman with 67 health who has 10 total armour points.
Spearman now has 59 health remaining

Footman with 30 health has a 17 total attack points, and attacks Ranged with 74 health who has 10 total armour points.
Ranged now has 67 health remaining

Grunt with 62 health has a 17 total attack points, and attacks Archer with 38 health who has 10 total armour points.
Archer now has 31 health remaining

Knight with 43 health has a 22 total attack points, and attacks Raider with 82 health who has 13 total armour points.
Raider now has 73 health remaining

Grunt with 68 health has a 17 total attack points, and attacks Knight with 58 health who has 13 total armour points.
Knight now has 54 health remaining

Knight with 67 health has a 22 total attack points, and attacks Ranged with 54 health who has 10 total armour points.
Ranged now has 42 health remaining

Archer with 29 health has a 18 total attack points, and attacks Ranged with 66 health who has 10 total armour points.
Ranged now has 58 health remaining

Archer with 47 health has a 18 total attack points, and attacks Spearman with 18 health who has 10 total armour points.
Spearman now has 10 health remaining

Ranged with 66 health has a 18 total attack points, and attacks Archer with 67 health who has 10 total armour points.
Archer now has 59 health remaining

Raider with 73 health has a 22 total attack points, and attacks Footman with 87 health who has 11 total armour points.
Footman now has 76 health remaining

Raider with 73 health has a 22 total attack points, and attacks Footman with 53 health who has 11 total armour points.
Footman now has 42 health remaining

Archer with 82 health has a 18 total attack points, and attacks Ranged with 36 health who has 10 total armour points.
Ranged now has 28 health remaining

Grunt with 20 health has a 17 total attack points, and attacks Archer with 64 health who has 10 total armour points.
Archer now has 57 health remaining

Grunt with 48 health has a 17 total attack points, and attacks Archer with 50 health who has 10 total armour points.
Archer now has 43 health remaining

Footman with 45 health has a 17 total attack points, and attacks Raider with 58 health who has 13 total armour points.
Raider now has 54 health remaining

Spearman with 84 health has a 18 total attack points, and attacks Footman with 38 health who has 11 total armour points.
Footman now has 31 health remaining

Knight with 86 health has a 22 total attack points, and attacks Ranged with 70 health who has 10 total armour points.
Ranged now has 58 health remaining

Raider with 55 health has a 22 total attack points, and attacks Archer with 59 health who has 10 total armour points.
Archer now has 47 health remaining

Raider with 56 health has a 22 total attack points, and attacks Archer with 40 health who has 10 total armour points.
Archer now has 28 health remaining

Footman with 63 health has a 17 total attack points, and attacks Grunt with 27 health who has 11 total armour points.
Grunt now has 21 health remaining

Knight with 46 health has a 22 total attack points, and attacks Grunt with 32 health who has 11 total armour points.
Grunt now has 21 health remaining

Grunt with 39 health has a 17 total attack points, and attacks Archer with 62 health who has 10 total armour points.
Archer now has 55 health remaining

Spearman with 59 health has a 18 total attack points, and attacks Knight with 69 health who has 13 total armour points.
Knight now has 64 health remaining

Raider with 78 health has a 22 total attack points, and attacks Knight with 73 health who has 13 total armour points.
Knight now has 64 health remaining

Spearman with 51 health has a 18 total attack points, and attacks Footman with 57 health who has 11 total armour points.
Footman now has 50 health remaining

Footman with 49 health has a 17 total attack points, and attacks Raider with 50 health who has 13 total armour points.
Raider now has 46 health remaining

Spearman with 20 health has a 18 total attack points, and attacks Knight with 69 health who has 13 total armour points.
Knight now has 64 health remaining

Knight with 67 health has a 22 total attack points, and attacks Spearman with 35 health who has 10 total armour points.
Spearman now has 23 health remaining

Ranged with 47 health has a 18 total attack points, and attacks Archer with 80 health who has 10 total armour points.
Archer now has 72 health remaining

Grunt with 70 health has a 17 total attack points, and attacks Archer with 50 health who has 10 total armour points.
Archer now has 43 health remaining

Spearman with 47 health has a 18 total attack points, and attacks Footman with 50 health who has 11 total armour points.
Footman now has 43 health remaining

Footman with 80 health has a 17 total attack points, and attacks Grunt with 72 health who has 11 total armour points.
Grunt now has 66 health remaining

Archer with 52 health has a 18 total attack points, and attacks Raider with 86 health who has 13 total armour points.
Raider now has 81 health remaining

Ranged with 66 health has a 18 total attack points, and attacks Archer with 84 health who has 10 total armour points.
Archer now has 76 health remaining

Archer with 56 health has a 18 total attack points, and attacks Raider with 86 health who has 13 total armour points.
Raider now has 81 health remaining

Footman with 63 health has a 17 total attack points, and attacks Grunt with 86 health who has 11 total armour points.
Grunt now has 80 health remaining

Archer with 54 health has a 18 total attack points, and attacks Spearman with 53 health who has 10 total armour points.
Spearman now has 45 health remaining

Ranged with 60 health has a 18 total attack points, and attacks Archer with 74 health who has 10 total armour points.
Archer now has 66 health remaining

Raider with 81 health has a 22 total attack points, and attacks Knight with 64 health who has 13 total armour points.
Knight now has 55 health remaining

Ranged with 74 health has a 18 total attack points, and attacks Knight with 82 health who has 13 total armour points.
Knight now has 77 health remaining

Archer with 33 health has a 18 total attack points, and attacks Spearman with 78 health who has 10 total armour points.
Spearman now has 70 health remaining

Footman with 45 health has a 17 total attack points, and attacks Ranged with 63 health who has 10 total armour points.
Ranged now has 56 health remaining

Archer with 63 health has a 18 total attack points, and attacks Raider with 45 health who has 13 total armour points.
Raider now has 40 health remaining

Footman with 10 health has a 17 total attack points, and attacks Spearman with 46 health who has 10 total armour points.
Spearman now has 39 health remaining

Archer with 18 health has a 18 total attack points, and attacks Raider with 91 health who has 13 total armour points.
Raider now has 86 health remaining

Ranged with 46 health has a 18 total attack points, and attacks Knight with 73 health who has 13 total armour points.
Knight now has 68 health remaining

Archer with 48 health has a 18 total attack points, and attacks Spearman with 96 health who has 12 total armour points.
Spearman now has 90 health remaining

Footman with 60 health has a 17 total attack points, and attacks Grunt with 39 health who has 11 total armour points.
Grunt now has 33 health remaining

Ranged with 53 health has a 18 total attack points, and attacks Archer with 52 health who has 10 total armour points.
Archer now has 44 health remaining

Archer with 55 health has a 18 total attack points, and attacks Ranged with 44 health who has 10 total armour points.
Ranged now has 36 health remaining

Footman with 80 health has a 17 total attack points, and attacks Grunt with 38 health who has 11 total armour points.
Grunt now has 32 health remaining

Archer with 60 health has a 18 total attack points, and attacks Spearman with 74 health who has 10 total armour points.
Spearman now has 66 health remaining

Knight with 82 health has a 22 total attack points, and attacks Spearman with 71 health who has 10 total armour points.
Spearman now has 59 health remaining

Ranged with 44 health has a 18 total attack points, and attacks Footman with 81 health who has 11 total armour points.
Footman now has 74 health remaining

Archer with 56 health has a 18 total attack points, and attacks Spearman with 63 health who has 10 total armour points.
Spearman now has 55 health remaining

Archer with 28 health has a 18 total attack points, and attacks Raider with 54 health who has 13 total armour points.
Raider now has 49 health remaining

Grunt with 21 health has a 17 total attack points, and attacks Archer with 42 health who has 10 total armour points.
Archer now has 35 health remaining

Archer with 68 health has a 18 total attack points, and attacks Spearman with 79 health who has 10 total armour points.
Spearman now has 71 health remaining

Ranged with 74 health has a 18 total attack points, and attacks Archer with 90 health who has 10 total armour points.
Archer now has 82 health remaining

Knight with 86 health has a 22 total attack points, and attacks Raider with 77 health who has 13 total armour points.
Raider now has 68 health remaining

Raider with 78 health has a 22 total attack points, and attacks Archer with 62 health who has 10 total armour points.
Archer now has 50 health remaining

Raider with 63 health has a 22 total attack points, and attacks Archer with 96 health who has 12 total armour points.
Archer now has 86 health remaining

Raider with 77 health has a 22 total attack points, and attacks Archer with 80 health who has 10 total armour points.
Archer now has 68 health remaining

Archer with 77 health has a 18 total attack points, and attacks Raider with 78 health who has 13 total armour points.
Raider now has 73 health remaining

Footman with 9 health has a 17 total attack points, and attacks Spearman with 59 health who has 10 total armour points.
Spearman now has 52 health remaining

Spearman with 63 health has a 18 total attack points, and attacks Archer with 56 health who has 10 total armour points.
Archer now has 48 health remaining

Mountain King with 164 health has a 27 total attack points, and attacks Spearman with 71 health who has 10 total armour points.
Spearman now has 54 health remaining

Archer with 55 health has a 18 total attack points, and attacks Ranged with 78 health who has 10 total armour points.
Ranged now has 70 health remaining

Archer with 34 health has a 18 total attack points, and attacks Raider with 86 health who has 13 total armour points.
Raider now has 81 health remaining

Knight with 48 health has a 22 total attack points, and attacks Ranged with 66 health who has 10 total armour points.
Ranged now has 54 health remaining

Raider with 26 health has a 22 total attack points, and attacks Knight with 58 health who has 13 total armour points.
Knight now has 49 health remaining

Grunt with 82 health has a 17 total attack points, and attacks Archer with 20 health who has 10 total armour points.
Archer now has 13 health remaining

Knight with 63 health has a 22 total attack points, and attacks Raider with 48 health who has 13 total armour points.
Raider now has 39 health remaining

Archer with 21 health has a 18 total attack points, and attacks Ranged with 19 health who has 10 total armour points.
Ranged now has 11 health remaining

Raider with 40 health has a 22 total attack points, and attacks Footman with 58 health who has 11 total armour points.
Footman now has 47 health remaining

Grunt with 79 health has a 17 total attack points, and attacks Archer with 37 health who has 10 total armour points.
Archer now has 30 health remaining

Spearman with 54 health has a 18 total attack points, and attacks Archer with 72 health who has 10 total armour points.
Archer now has 64 health remaining

Spearman with 48 health has a 18 total attack points, and attacks Knight with 51 health who has 13 total armour points.
Knight now has 46 health remaining

Ranged with 66 health has a 18 total attack points, and attacks Archer with 34 health who has 10 total armour points.
Archer now has 26 health remaining

Spearman with 47 health has a 18 total attack points, and attacks Knight with 18 health who has 13 total armour points.
Knight now has 13 health remaining

Spearman with 39 health has a 18 total attack points, and attacks Knight with 54 health who has 13 total armour points.
Knight now has 49 health remaining

Knight with 66 health has a 22 total attack points, and attacks Spearman with 52 health who has 10 total armour points.
Spearman now has 40 health remaining

Ranged with 55 health has a 18 total attack points, and attacks Archer with 86 health who has 10 total armour points.
Archer now has 78 health remaining

Knight with 55 health has a 22 total attack points, and attacks Grunt with 55 health who has 11 total armour points.
Grunt now has 44 health remaining

Spearman with 39 health has a 18 total attack points, and attacks Footman with 63 health who has 11 total armour points.
Footman now has 56 health remaining

Knight with 86 health has a 22 total attack points, and attacks Ranged with 45 health who has 10 total armour points.
Ranged now has 33 health remaining

Footman with 44 health has a 17 total attack points, and attacks Grunt with 79 health who has 11 total armour points.
Grunt now has 73 health remaining

Archer with 67 health has a 18 total attack points, and attacks Ranged with 67 health who has 10 total armour points.
Ranged now has 59 health remaining

Footman with 45 health has a 17 total attack points, and attacks Spearman with 14 health who has 10 total armour points.
Spearman now has 7 health remaining

Grunt with 86 health has a 17 total attack points, and attacks Archer with 56 health who has 10 total armour points.
Archer now has 49 health remaining

Footman with 41 health has a 17 total attack points, and attacks Raider with 31 health who has 13 total armour points.
Raider now has 27 health remaining

Archer with 87 health has a 18 total attack points, and attacks Spearman with 20 health who has 10 total armour points.
Spearman now has 12 health remaining

Spearman with 67 health has a 18 total attack points, and attacks Knight with 68 health who has 13 total armour points.
Knight now has 63 health remaining

Ranged with 58 health has a 18 total attack points, and attacks Footman with 74 health who has 11 total armour points.
Footman now has 67 health remaining

Knight with 64 health has a 22 total attack points, and attacks Grunt with 67 health who has 11 total armour points.
Grunt now has 56 health remaining

Archer with 33 health has a 18 total attack points, and attacks Grunt with 44 health who has 11 total armour points.
Grunt now has 37 health remaining

Spearman with 59 health has a 18 total attack points, and attacks Archer with 18 health who has 10 total armour points.
Archer now has 10 health remaining

Archer with 30 health has a 18 total attack points, and attacks Ranged with 70 health who has 10 total armour points.
Ranged now has 62 health remaining

Archer with 77 health has a 18 total attack points, and attacks Ranged with 54 health who has 10 total armour points.
Ranged now has 46 health remaining

Footman with 54 health has a 17 total attack points, and attacks Ranged with 62 health who has 10 total armour points.
Ranged now has 55 health remaining

Knight with 31 health has a 22 total attack points, and attacks Ranged with 42 health who has 10 total armour points.
Ranged now has 30 health remaining

Ranged with 87 health has a 18 total attack points, and attacks Archer with 43 health who has 10 total armour points.
Archer now has 35 health remaining

Grunt with 64 health has a 17 total attack points, and attacks Archer with 47 health who has 10 total armour points.
Archer now has 40 health remaining

Archer with 20 health has a 18 total attack points, and attacks Raider with 77 health who has 13 total armour points.
Raider now has 72 health remaining

Footman with 87 health has a 17 total attack points, and attacks Raider with 78 health who has 13 total armour points.
Raider now has 74 health remaining

Raider with 40 health has a 22 total attack points, and attacks Archer with 60 health who has 10 total armour points.
Archer now has 48 health remaining

Grunt with 21 health has a 17 total attack points, and attacks Footman with 43 health who has 11 total armour points.
Footman now has 37 health remaining

Spearman with 62 health has a 18 total attack points, and attacks Archer with 66 health who has 10 total armour points.
Archer now has 58 health remaining

Raider with 40 health has a 22 total attack points, and attacks Knight with 64 health who has 13 total armour points.
Knight now has 55 health remaining

Knight with 59 health has a 22 total attack points, and attacks Ranged with 62 health who has 10 total armour points.
Ranged now has 50 health remaining

Knight with 55 health has a 22 total attack points, and attacks Raider with 74 health who has 13 total armour points.
Raider now has 65 health remaining

Footman with 75 health has a 17 total attack points, and attacks Grunt with 48 health who has 11 total armour points.
Grunt now has 42 health remaining

Archer with 68 health has a 18 total attack points, and attacks Spearman with 38 health who has 10 total armour points.
Spearman now has 30 health remaining

Spearman with 65 health has a 18 total attack points, and attacks Footman with 55 health who has 11 total armour points.
Footman now has 48 health remaining

Knight with 86 health has a 22 total attack points, and attacks Grunt with 55 health who has 11 total armour points.
Grunt now has 44 health remaining

Archer with 35 health has a 18 total attack points, and attacks Ranged with 44 health who has 10 total armour points.
Ranged now has 36 health remaining

Knight with 49 health has a 22 total attack points, and attacks Raider with 67 health who has 13 total armour points.
Raider now has 58 health remaining

Footman with 45 health has a 17 total attack points, and attacks Spearman with 25 health who has 10 total armour points.
Spearman now has 18 health remaining

Knight with 67 health has a 22 total attack points, and attacks Grunt with 35 health who has 11 total armour points.
Grunt now has 24 health remaining

Archer with 38 health has a 18 total attack points, and attacks Raider with 50 health who has 13 total armour points.
Raider now has 45 health remaining

Spearman with 30 health has a 18 total attack points, and attacks Footman with 35 health who has 11 total armour points.
Footman now has 28 health remaining

Spearman with 58 health has a 18 total attack points, and attacks Knight with 62 health who has 13 total armour points.
Knight now has 57 health remaining

Spearman with 1 health has a 18 total attack points, and attacks Archer with 55 health who has 10 total armour points.
Archer now has 47 health remaining

Spearman with 43 health has a 18 total attack points, and attacks Archer with 71 health who has 10 total armour points.
Archer now has 63 health remaining

Knight with 81 health has a 22 total attack points, and attacks Spearman with 26 health who has 10 total armour points.
Spearman now has 14 health remaining

Footman with 80 health has a 17 total attack points, and attacks Grunt with 54 health who has 11 total armour points.
Grunt now has 48 health remaining

Knight with 69 health has a 22 total attack points, and attacks Ranged with 80 health who has 10 total armour points.
Ranged now has 68 health remaining

Raider with 45 health has a 22 total attack points, and attacks Footman with 82 health who has 11 total armour points.
Footman now has 71 health remaining

Archer with 66 health has a 18 total attack points, and attacks Raider with 40 health who has 13 total armour points.
Raider now has 35 health remaining

Raider with 81 health has a 22 total attack points, and attacks Archer with 50 health who has 10 total armour points.
Archer now has 38 health remaining

Archer with 26 health has a 18 total attack points, and attacks Spearman with 70 health who has 10 total armour points.
Spearman now has 62 health remaining

Grunt with 67 health has a 17 total attack points, and attacks Archer with 66 health who has 10 total armour points.
Archer now has 59 health remaining

Archer with 83 health has a 18 total attack points, and attacks Grunt with 82 health who has 11 total armour points.
Grunt now has 75 health remaining

Footman with 44 health has a 17 total attack points, and attacks Grunt with 76 health who has 11 total armour points.
Grunt now has 70 health remaining

Archer with 10 health has a 18 total attack points, and attacks Grunt with 82 health who has 11 total armour points.
Grunt now has 75 health remaining

Archer with 68 health has a 18 total attack points, and attacks Grunt with 78 health who has 11 total armour points.
Grunt now has 71 health remaining

Grunt with 80 health has a 17 total attack points, and attacks Knight with 66 health who has 13 total armour points.
Knight now has 62 health remaining

Knight with 37 health has a 22 total attack points, and attacks Raider with 64 health who has 13 total armour points.
Raider now has 55 health remaining

Archer with 67 health has a 18 total attack points, and attacks Grunt with 48 health who has 11 total armour points.
Grunt now has 41 health remaining

Archer with 68 health has a 18 total attack points, and attacks Grunt with 62 health who has 11 total armour points.
Grunt now has 55 health remaining

Spearman with 56 health has a 18 total attack points, and attacks Knight with 80 health who has 13 total armour points.
Knight now has 75 health remaining

Knight with 69 health has a 22 total attack points, and attacks Raider with 68 health who has 13 total armour points.
Raider now has 59 health remaining

Spearman with 51 health has a 18 total attack points, and attacks Knight with 67 health who has 13 total armour points.
Knight now has 62 health remaining

Grunt with 50 health has a 17 total attack points, and attacks Archer with 86 health who has 10 total armour points.
Archer now has 79 health remaining

Archer with 79 health has a 18 total attack points, and attacks Grunt with 55 health who has 11 total armour points.
Grunt now has 48 health remaining

Spearman with 61 health has a 18 total attack points, and attacks Knight with 64 health who has 13 total armour points.
Knight now has 59 health remaining

Archer with 36 health has a 18 total attack points, and attacks Spearman with 59 health who has 10 total armour points.
Spearman now has 51 health remaining

Spearman with 90 health has a 18 total attack points, and attacks Archer with 90 health who has 10 total armour points.
Archer now has 82 health remaining

Knight with 43 health has a 22 total attack points, and attacks Ranged with 91 health who has 10 total armour points.
Ranged now has 79 health remaining

Spearman with 32 health has a 18 total attack points, and attacks Archer with 23 health who has 10 total armour points.
Archer now has 15 health remaining

Ranged with 57 health has a 18 total attack points, and attacks Archer with 34 health who has 10 total armour points.
Archer now has 26 health remaining

Archer with 56 health has a 18 total attack points, and attacks Spearman with 58 health who has 10 total armour points.
Spearman now has 50 health remaining

Knight with 86 health has a 22 total attack points, and attacks Raider with 81 health who has 13 total armour points.
Raider now has 72 health remaining

Spearman with 43 health has a 18 total attack points, and attacks Archer with 59 health who has 10 total armour points.
Archer now has 51 health remaining

Knight with 71 health has a 22 total attack points, and attacks Grunt with 16 health who has 11 total armour points.
Grunt now has 5 health remaining

Archer with 64 health has a 18 total attack points, and attacks Ranged with 52 health who has 10 total armour points.
Ranged now has 44 health remaining

Raider with 64 health has a 22 total attack points, and attacks Archer with 59 health who has 10 total armour points.
Archer now has 47 health remaining

Grunt with 60 health has a 17 total attack points, and attacks Archer with 23 health who has 10 total armour points.
Archer now has 16 health remaining

Archer with 82 health has a 18 total attack points, and attacks Grunt with 80 health who has 11 total armour points.
Grunt now has 73 health remaining

Archer with 47 health has a 18 total attack points, and attacks Grunt with 47 health who has 11 total armour points.
Grunt now has 40 health remaining

Footman with 94 health has a 17 total attack points, and attacks Grunt with 41 health who has 11 total armour points.
Grunt now has 35 health remaining

Archer with 60 health has a 18 total attack points, and attacks Grunt with 50 health who has 11 total armour points.
Grunt now has 43 health remaining

Raider with 86 health has a 22 total attack points, and attacks Archer with 55 health who has 10 total armour points.
Archer now has 43 health remaining

Archer with 31 health has a 18 total attack points, and attacks Raider with 49 health who has 13 total armour points.
Raider now has 44 health remaining

Raider with 42 health has a 22 total attack points, and attacks Archer with 55 health who has 10 total armour points.
Archer now has 43 health remaining

Spearman with 37 health has a 18 total attack points, and attacks Footman with 30 health who has 11 total armour points.
Footman now has 23 health remaining

Ranged with 61 health has a 18 total attack points, and attacks Knight with 77 health who has 13 total armour points.
Knight now has 72 health remaining

Ranged with 22 health has a 18 total attack points, and attacks Archer with 56 health who has 10 total armour points.
Archer now has 48 health remaining

Grunt with 33 health has a 17 total attack points, and attacks Archer with 43 health who has 10 total armour points.
Archer now has 36 health remaining

Knight with 82 health has a 22 total attack points, and attacks Ranged with 58 health who has 10 total armour points.
Ranged now has 46 health remaining

Archer with 60 health has a 18 total attack points, and attacks Raider with 59 health who has 13 total armour points.
Raider now has 54 health remaining

Footman with 61 health has a 17 total attack points, and attacks Raider with 55 health who has 13 total armour points.
Raider now has 51 health remaining

Footman with 75 health has a 17 total attack points, and attacks Ranged with 44 health who has 10 total armour points.
Ranged now has 37 health remaining

Footman with 34 health has a 17 total attack points, and attacks Spearman with 54 health who has 10 total armour points.
Spearman now has 47 health remaining

Spearman with 71 health has a 18 total attack points, and attacks Archer with 18 health who has 10 total armour points.
Archer now has 10 health remaining

Archer with 59 health has a 18 total attack points, and attacks Raider with 39 health who has 13 total armour points.
Raider now has 34 health remaining

Archer with 47 health has a 18 total attack points, and attacks Ranged with 22 health who has 10 total armour points.
Ranged now has 14 health remaining

Spearman with 59 health has a 18 total attack points, and attacks Archer with 70 health who has 10 total armour points.
Archer now has 62 health remaining

Raider with 49 health has a 22 total attack points, and attacks Archer with 64 health who has 10 total armour points.
Archer now has 52 health remaining

Archer with 67 health has a 18 total attack points, and attacks Ranged with 50 health who has 10 total armour points.
Ranged now has 42 health remaining

Raider with 77 health has a 22 total attack points, and attacks Knight with 67 health who has 13 total armour points.
Knight now has 58 health remaining

Ranged with 60 health has a 18 total attack points, and attacks Archer with 83 health who has 10 total armour points.
Archer now has 75 health remaining

Knight with 37 health has a 22 total attack points, and attacks Raider with 76 health who has 13 total armour points.
Raider now has 67 health remaining

Raider with 82 health has a 22 total attack points, and attacks Footman with 44 health who has 11 total armour points.
Footman now has 33 health remaining

Ranged with 97 health has a 18 total attack points, and attacks Archer with 49 health who has 10 total armour points.
Archer now has 41 health remaining

Footman with 34 health has a 17 total attack points, and attacks Raider with 81 health who has 13 total armour points.
Raider now has 77 health remaining

Footman with 33 health has a 17 total attack points, and attacks Grunt with 37 health who has 11 total armour points.
Grunt now has 31 health remaining

Ranged with 53 health has a 18 total attack points, and attacks Knight with 41 health who has 13 total armour points.
Knight now has 36 health remaining

Footman with 82 health has a 17 total attack points, and attacks Spearman with 55 health who has 10 total armour points.
Spearman now has 48 health remaining

Footman with 36 health has a 17 total attack points, and attacks Spearman with 10 health who has 10 total armour points.
Spearman now has 3 health remaining

Ranged with 76 health has a 18 total attack points, and attacks Archer with 55 health who has 10 total armour points.
Archer now has 47 health remaining

Archer with 58 health has a 18 total attack points, and attacks Spearman with 70 health who has 10 total armour points.
Spearman now has 62 health remaining

Grunt with 75 health has a 17 total attack points, and attacks Archer with 67 health who has 10 total armour points.
Archer now has 60 health remaining

Footman with 56 health has a 17 total attack points, and attacks Ranged with 53 health who has 10 total armour points.
Ranged now has 46 health remaining

Raider with 72 health has a 22 total attack points, and attacks Archer with 68 health who has 10 total armour points.
Archer now has 56 health remaining

Raider with 45 health has a 22 total attack points, and attacks Footman with 65 health who has 11 total armour points.
Footman now has 54 health remaining

Archer with 59 health has a 18 total attack points, and attacks Grunt with 67 health who has 11 total armour points.
Grunt now has 60 health remaining

Archer with 48 health has a 18 total attack points, and attacks Ranged with 76 health who has 10 total armour points.
Ranged now has 68 health remaining

Footman with 36 health has a 17 total attack points, and attacks Spearman with 6 health who has 10 total armour points.
Spearman has died in combat.

Archer with 40 health has a 18 total attack points, and attacks Grunt with 45 health who has 11 total armour points.
Grunt now has 38 health remaining

Archer with 46 health has a 18 total attack points, and attacks Spearman with 67 health who has 10 total armour points.
Spearman now has 59 health remaining

Raider with 39 health has a 22 total attack points, and attacks Knight with 10 health who has 13 total armour points.
Knight now has 1 health remaining

Grunt with 53 health has a 17 total attack points, and attacks Archer with 31 health who has 10 total armour points.
Archer now has 24 health remaining

Grunt with 17 health has a 17 total attack points, and attacks Footman with 62 health who has 11 total armour points.
Footman now has 56 health remaining

Knight with 64 health has a 22 total attack points, and attacks Grunt with 53 health who has 11 total armour points.
Grunt now has 42 health remaining

Archer with 68 health has a 18 total attack points, and attacks Grunt with 60 health who has 11 total armour points.
Grunt now has 53 health remaining

Mountain King with 164 health has a 27 total attack points, and attacks Ranged with 54 health who has 10 total armour points.
Ranged now has 37 health remaining

Spearman with 39 health has a 18 total attack points, and attacks Knight with 59 health who has 13 total armour points.
Knight now has 54 health remaining

Knight with 55 health has a 22 total attack points, and attacks Ranged with 53 health who has 10 total armour points.
Ranged now has 41 health remaining

Knight with 69 health has a 22 total attack points, and attacks Ranged with 82 health who has 10 total armour points.
Ranged now has 70 health remaining

Archer with 37 health has a 18 total attack points, and attacks Ranged with 49 health who has 10 total armour points.
Ranged now has 41 health remaining

Archer with 40 health has a 18 total attack points, and attacks Grunt with 20 health who has 11 total armour points.
Grunt now has 13 health remaining

Archer with 78 health has a 18 total attack points, and attacks Spearman with 56 health who has 10 total armour points.
Spearman now has 48 health remaining

Archer with 37 health has a 18 total attack points, and attacks Ranged with 67 health who has 10 total armour points.
Ranged now has 59 health remaining

Raider with 42 health has a 22 total attack points, and attacks Footman with 75 health who has 11 total armour points.
Footman now has 64 health remaining

Knight with 58 health has a 22 total attack points, and attacks Spearman with 51 health who has 10 total armour points.
Spearman now has 39 health remaining

Knight with 85 health has a 22 total attack points, and attacks Spearman with 51 health who has 10 total armour points.
Spearman now has 39 health remaining

Grunt with 31 health has a 17 total attack points, and attacks Knight with 75 health who has 13 total armour points.
Knight now has 71 health remaining

Ranged with 46 health has a 18 total attack points, and attacks Footman with 94 health who has 11 total armour points.
Footman now has 87 health remaining

Archer with 26 health has a 18 total attack points, and attacks Grunt with 41 health who has 11 total armour points.
Grunt now has 34 health remaining

Ranged with 63 health has a 18 total attack points, and attacks Footman with 76 health who has 11 total armour points.
Footman now has 69 health remaining

Footman with 45 health has a 17 total attack points, and attacks Spearman with 71 health who has 10 total armour points.
Spearman now has 64 health remaining

Archer with 45 health has a 18 total attack points, and attacks Grunt with 36 health who has 11 total armour points.
Grunt now has 29 health remaining

Grunt with 58 health has a 17 total attack points, and attacks Archer with 36 health who has 10 total armour points.
Archer now has 29 health remaining

Raider with 65 health has a 22 total attack points, and attacks Footman with 50 health who has 11 total armour points.
Footman now has 39 health remaining

Archer with 72 health has a 18 total attack points, and attacks Grunt with 64 health who has 11 total armour points.
Grunt now has 57 health remaining

Archer with 59 health has a 18 total attack points, and attacks Ranged with 46 health who has 10 total armour points.
Ranged now has 38 health remaining

Archer with 28 health has a 18 total attack points, and attacks Raider with 72 health who has 13 total armour points.
Raider now has 67 health remaining

Raider with 88 health has a 22 total attack points, and attacks Footman with 51 health who has 11 total armour points.
Footman now has 40 health remaining

Grunt with 56 health has a 17 total attack points, and attacks Knight with 57 health who has 13 total armour points.
Knight now has 53 health remaining

Ranged with 58 health has a 18 total attack points, and attacks Archer with 52 health who has 10 total armour points.
Archer now has 44 health remaining

Knight with 76 health has a 22 total attack points, and attacks Grunt with 54 health who has 11 total armour points.
Grunt now has 43 health remaining

Archer with 16 health has a 18 total attack points, and attacks Grunt with 40 health who has 11 total armour points.
Grunt now has 33 health remaining

Raider with 68 health has a 22 total attack points, and attacks Knight with 76 health who has 13 total armour points.
Knight now has 67 health remaining

Archer with 56 health has a 18 total attack points, and attacks Ranged with 55 health who has 10 total armour points.
Ranged now has 47 health remaining

Raider with 73 health has a 22 total attack points, and attacks Archer with 56 health who has 10 total armour points.
Archer now has 44 health remaining

Ranged with 67 health has a 18 total attack points, and attacks Archer with 34 health who has 10 total armour points.
Archer now has 26 health remaining

Grunt with 21 health has a 17 total attack points, and attacks Knight with 90 health who has 13 total armour points.
Knight now has 86 health remaining

Footman with 76 health has a 17 total attack points, and attacks Ranged with 39 health who has 10 total armour points.
Ranged now has 32 health remaining

Archer with 18 health has a 18 total attack points, and attacks Ranged with 30 health who has 10 total armour points.
Ranged now has 22 health remaining

Knight with 45 health has a 22 total attack points, and attacks Grunt with 55 health who has 11 total armour points.
Grunt now has 44 health remaining

Knight with 71 health has a 22 total attack points, and attacks Raider with 61 health who has 13 total armour points.
Raider now has 52 health remaining

Archer with 44 health has a 18 total attack points, and attacks Ranged with 52 health who has 10 total armour points.
Ranged now has 44 health remaining

Raider with 70 health has a 22 total attack points, and attacks Knight with 40 health who has 13 total armour points.
Knight now has 31 health remaining

Grunt with 48 health has a 17 total attack points, and attacks Footman with 76 health who has 11 total armour points.
Footman now has 70 health remaining

Footman with 51 health has a 17 total attack points, and attacks Ranged with 66 health who has 10 total armour points.
Ranged now has 59 health remaining

Archer with 79 health has a 18 total attack points, and attacks Grunt with 86 health who has 11 total armour points.
Grunt now has 79 health remaining

Grunt with 66 health has a 17 total attack points, and attacks Knight with 69 health who has 13 total armour points.
Knight now has 65 health remaining

Footman with 28 health has a 17 total attack points, and attacks Spearman with 55 health who has 10 total armour points.
Spearman now has 48 health remaining

Archer with 43 health has a 18 total attack points, and attacks Raider with 52 health who has 13 total armour points.
Raider now has 47 health remaining

Footman with 21 health has a 17 total attack points, and attacks Ranged with 59 health who has 10 total armour points.
Ranged now has 52 health remaining

Grunt with 86 health has a 17 total attack points, and attacks Knight with 58 health who has 13 total armour points.
Knight now has 54 health remaining

Ranged with 72 health has a 18 total attack points, and attacks Knight with 52 health who has 13 total armour points.
Knight now has 47 health remaining

Raider with 88 health has a 22 total attack points, and attacks Knight with 35 health who has 13 total armour points.
Knight now has 26 health remaining

Archer with 62 health has a 18 total attack points, and attacks Raider with 70 health who has 13 total armour points.
Raider now has 65 health remaining

Footman with 68 health has a 17 total attack points, and attacks Ranged with 58 health who has 10 total armour points.
Ranged now has 51 health remaining

Raider with 60 health has a 22 total attack points, and attacks Knight with 31 health who has 13 total armour points.
Knight now has 22 health remaining

Ranged with 72 health has a 18 total attack points, and attacks Archer with 59 health who has 10 total armour points.
Archer now has 51 health remaining

Grunt with 32 health has a 17 total attack points, and attacks Footman with 80 health who has 11 total armour points.
Footman now has 74 health remaining

Footman with 49 health has a 17 total attack points, and attacks Ranged with 31 health who has 10 total armour points.
Ranged now has 24 health remaining

Footman with 75 health has a 17 total attack points, and attacks Spearman with 56 health who has 10 total armour points.
Spearman now has 49 health remaining

Archer with 40 health has a 18 total attack points, and attacks Raider with 40 health who has 13 total armour points.
Raider now has 35 health remaining

Archer with 52 health has a 18 total attack points, and attacks Ranged with 52 health who has 10 total armour points.
Ranged now has 44 health remaining

Knight with 91 health has a 22 total attack points, and attacks Spearman with 59 health who has 10 total armour points.
Spearman now has 47 health remaining

Footman with 36 health has a 17 total attack points, and attacks Spearman with 60 health who has 10 total armour points.
Spearman now has 53 health remaining

Grunt with 67 health has a 17 total attack points, and attacks Archer with 40 health who has 10 total armour points.
Archer now has 33 health remaining

Raider with 62 health has a 22 total attack points, and attacks Knight with 54 health who has 13 total armour points.
Knight now has 45 health remaining

Spearman with 8 health has a 18 total attack points, and attacks Archer with 79 health who has 10 total armour points.
Archer now has 71 health remaining

Ranged with 51 health has a 18 total attack points, and attacks Archer with 63 health who has 10 total armour points.
Archer now has 55 health remaining

Footman with 86 health has a 17 total attack points, and attacks Grunt with 70 health who has 11 total armour points.
Grunt now has 64 health remaining

Footman with 68 health has a 17 total attack points, and attacks Raider with 76 health who has 13 total armour points.
Raider now has 72 health remaining

Grunt with 13 health has a 17 total attack points, and attacks Archer with 62 health who has 10 total armour points.
Archer now has 55 health remaining

Ranged with 59 health has a 18 total attack points, and attacks Archer with 74 health who has 10 total armour points.
Archer now has 66 health remaining

Grunt with 56 health has a 17 total attack points, and attacks Archer with 67 health who has 10 total armour points.
Archer now has 60 health remaining

Archer with 28 health has a 18 total attack points, and attacks Ranged with 33 health who has 10 total armour points.
Ranged now has 25 health remaining

Spearman with 35 health has a 18 total attack points, and attacks Knight with 82 health who has 13 total armour points.
Knight now has 77 health remaining

Raider with 42 health has a 22 total attack points, and attacks Archer with 35 health who has 10 total armour points.
Archer now has 23 health remaining

Footman with 34 health has a 17 total attack points, and attacks Ranged with 90 health who has 10 total armour points.
Ranged now has 83 health remaining

Raider with 50 health has a 22 total attack points, and attacks Archer with 72 health who has 10 total armour points.
Archer now has 60 health remaining

Archer with 78 health has a 18 total attack points, and attacks Ranged with 60 health who has 10 total armour points.
Ranged now has 52 health remaining

Spearman with 26 health has a 18 total attack points, and attacks Footman with 69 health who has 11 total armour points.
Footman now has 62 health remaining

Knight with 85 health has a 22 total attack points, and attacks Grunt with 48 health who has 11 total armour points.
Grunt now has 37 health remaining

Grunt with 64 health has a 17 total attack points, and attacks Knight with 73 health who has 13 total armour points.
Knight now has 69 health remaining

Raider with 45 health has a 22 total attack points, and attacks Archer with 55 health who has 10 total armour points.
Archer now has 43 health remaining

Knight with 53 health has a 22 total attack points, and attacks Ranged with 50 health who has 10 total armour points.
Ranged now has 38 health remaining

Spearman with 55 health has a 18 total attack points, and attacks Knight with 58 health who has 13 total armour points.
Knight now has 53 health remaining

Knight with 86 health has a 22 total attack points, and attacks Grunt with 5 health who has 11 total armour points.
Grunt has died in combat.

Knight with 55 health has a 22 total attack points, and attacks Raider with 55 health who has 13 total armour points.
Raider now has 46 health remaining

Spearman with 48 health has a 18 total attack points, and attacks Footman with 64 health who has 11 total armour points.
Footman now has 57 health remaining

Grunt with 73 health has a 17 total attack points, and attacks Archer with 55 health who has 10 total armour points.
Archer now has 48 health remaining

Footman with 61 health has a 17 total attack points, and attacks Ranged with 26 health who has 10 total armour points.
Ranged now has 19 health remaining

Raider with 73 health has a 22 total attack points, and attacks Archer with 74 health who has 10 total armour points.
Archer now has 62 health remaining

Raider with 53 health has a 22 total attack points, and attacks Archer with 47 health who has 10 total armour points.
Archer now has 35 health remaining

Raider with 49 health has a 22 total attack points, and attacks Footman with 36 health who has 11 total armour points.
Footman now has 25 health remaining

Spearman with 51 health has a 18 total attack points, and attacks Knight with 91 health who has 13 total armour points.
Knight now has 86 health remaining

Archer with 75 health has a 18 total attack points, and attacks Raider with 69 health who has 13 total armour points.
Raider now has 64 health remaining

Footman with 19 health has a 17 total attack points, and attacks Grunt with 68 health who has 11 total armour points.
Grunt now has 62 health remaining

Raider with 42 health has a 22 total attack points, and attacks Knight with 22 health who has 13 total armour points.
Knight now has 13 health remaining

Ranged with 44 health has a 18 total attack points, and attacks Archer with 35 health who has 10 total armour points.
Archer now has 27 health remaining

Knight with 36 health has a 22 total attack points, and attacks Spearman with 92 health who has 10 total armour points.
Spearman now has 80 health remaining

Ranged with 74 health has a 18 total attack points, and attacks Footman with 34 health who has 11 total armour points.
Footman now has 27 health remaining

Footman with 69 health has a 17 total attack points, and attacks Raider with 68 health who has 13 total armour points.
Raider now has 64 health remaining

Ranged with 31 health has a 18 total attack points, and attacks Archer with 21 health who has 10 total armour points.
Archer now has 13 health remaining

Ranged with 47 health has a 18 total attack points, and attacks Archer with 97 health who has 12 total armour points.
Archer now has 91 health remaining

Spearman with 49 health has a 18 total attack points, and attacks Knight with 68 health who has 13 total armour points.
Knight now has 63 health remaining

Archer with 41 health has a 18 total attack points, and attacks Grunt with 48 health who has 11 total armour points.
Grunt now has 41 health remaining

Archer with 43 health has a 18 total attack points, and attacks Spearman with 31 health who has 10 total armour points.
Spearman now has 23 health remaining

Raider with 63 health has a 22 total attack points, and attacks Knight with 59 health who has 13 total armour points.
Knight now has 50 health remaining

Archer with 68 health has a 18 total attack points, and attacks Spearman with 3 health who has 10 total armour points.
Spearman has died in combat.

Spearman with 54 health has a 18 total attack points, and attacks Archer with 37 health who has 10 total armour points.
Archer now has 29 health remaining

Ranged with 67 health has a 18 total attack points, and attacks Archer with 52 health who has 10 total armour points.
Archer now has 44 health remaining

Knight with 55 health has a 22 total attack points, and attacks Grunt with 79 health who has 11 total armour points.
Grunt now has 68 health remaining

Spearman with 35 health has a 18 total attack points, and attacks Footman with 66 health who has 11 total armour points.
Footman now has 59 health remaining

Archer with 30 health has a 18 total attack points, and attacks Grunt with 56 health who has 11 total armour points.
Grunt now has 49 health remaining

Grunt with 82 health has a 17 total attack points, and attacks Archer with 66 health who has 10 total armour points.
Archer now has 59 health remaining

Archer with 47 health has a 18 total attack points, and attacks Grunt with 37 health who has 11 total armour points.
Grunt now has 30 health remaining

Spearman with 34 health has a 18 total attack points, and attacks Knight with 59 health who has 13 total armour points.
Knight now has 54 health remaining

Archer with 51 health has a 18 total attack points, and attacks Spearman with 47 health who has 10 total armour points.
Spearman now has 39 health remaining

Knight with 73 health has a 22 total attack points, and attacks Spearman with 52 health who has 10 total armour points.
Spearman now has 40 health remaining

Knight with 59 health has a 22 total attack points, and attacks Ranged with 30 health who has 10 total armour points.
Ranged now has 18 health remaining

Grunt with 33 health has a 17 total attack points, and attacks Archer with 20 health who has 10 total armour points.
Archer now has 13 health remaining

Ranged with 55 health has a 18 total attack points, and attacks Archer with 58 health who has 10 total armour points.
Archer now has 50 health remaining

Archer with 75 health has a 18 total attack points, and attacks Grunt with 30 health who has 11 total armour points.
Grunt now has 23 health remaining

Archer with 48 health has a 18 total attack points, and attacks Grunt with 5 health who has 11 total armour points.
Grunt has died in combat.

Ranged with 61 health has a 18 total attack points, and attacks Archer with 47 health who has 10 total armour points.
Archer now has 39 health remaining

Archer with 63 health has a 18 total attack points, and attacks Ranged with 68 health who has 10 total armour points.
Ranged now has 60 health remaining

Raider with 76 health has a 22 total attack points, and attacks Archer with 68 health who has 10 total armour points.
Archer now has 56 health remaining

Knight with 86 health has a 22 total attack points, and attacks Raider with 51 health who has 13 total armour points.
Raider now has 42 health remaining

Archer with 20 health has a 18 total attack points, and attacks Raider with 35 health who has 13 total armour points.
Raider now has 30 health remaining

Ranged with 38 health has a 18 total attack points, and attacks Archer with 44 health who has 10 total armour points.
Archer now has 36 health remaining

Archer with 79 health has a 18 total attack points, and attacks Spearman with 44 health who has 10 total armour points.
Spearman now has 36 health remaining

Knight with 68 health has a 22 total attack points, and attacks Raider with 45 health who has 13 total armour points.
Raider now has 36 health remaining

Footman with 19 health has a 17 total attack points, and attacks Spearman with 58 health who has 10 total armour points.
Spearman now has 51 health remaining

Spearman with 97 health has a 18 total attack points, and attacks Archer with 43 health who has 10 total armour points.
Archer now has 35 health remaining

Grunt with 67 health has a 17 total attack points, and attacks Footman with 31 health who has 11 total armour points.
Footman now has 25 health remaining

Spearman with 90 health has a 18 total attack points, and attacks Archer with 87 health who has 10 total armour points.
Archer now has 79 health remaining

Archer with 11 health has a 18 total attack points, and attacks Grunt with 74 health who has 11 total armour points.
Grunt now has 67 health remaining

Archer with 33 health has a 18 total attack points, and attacks Raider with 72 health who has 13 total armour points.
Raider now has 67 health remaining

Ranged with 75 health has a 18 total attack points, and attacks Footman with 43 health who has 11 total armour points.
Footman now has 36 health remaining

Footman with 31 health has a 17 total attack points, and attacks Spearman with 39 health who has 10 total armour points.
Spearman now has 32 health remaining

Raider with 74 health has a 22 total attack points, and attacks Archer with 71 health who has 10 total armour points.
Archer now has 59 health remaining

Spearman with 48 health has a 18 total attack points, and attacks Footman with 61 health who has 11 total armour points.
Footman now has 54 health remaining

Archer with 51 health has a 18 total attack points, and attacks Raider with 76 health who has 13 total armour points.
Raider now has 71 health remaining

Archer with 51 health has a 18 total attack points, and attacks Raider with 82 health who has 13 total armour points.
Raider now has 77 health remaining

Grunt with 66 health has a 17 total attack points, and attacks Knight with 57 health who has 13 total armour points.
Knight now has 53 health remaining

Ranged with 62 health has a 18 total attack points, and attacks Archer with 60 health who has 10 total armour points.
Archer now has 52 health remaining

Footman with 19 health has a 17 total attack points, and attacks Spearman with 44 health who has 10 total armour points.
Spearman now has 37 health remaining

Footman with 41 health has a 17 total attack points, and attacks Spearman with 67 health who has 10 total armour points.
Spearman now has 60 health remaining

Archer with 96 health has a 18 total attack points, and attacks Raider with 73 health who has 13 total armour points.
Raider now has 68 health remaining

Ranged with 74 health has a 18 total attack points, and attacks Archer with 47 health who has 10 total armour points.
Archer now has 39 health remaining

Spearman with 23 health has a 18 total attack points, and attacks Archer with 82 health who has 10 total armour points.
Archer now has 74 health remaining

Spearman with 66 health has a 18 total attack points, and attacks Footman with 59 health who has 11 total armour points.
Footman now has 52 health remaining

Archer with 86 health has a 18 total attack points, and attacks Spearman with 8 health who has 10 total armour points.
Spearman has died in combat.

Ranged with 55 health has a 18 total attack points, and attacks Archer with 68 health who has 10 total armour points.
Archer now has 60 health remaining

Archer with 43 health has a 18 total attack points, and attacks Raider with 16 health who has 13 total armour points.
Raider now has 11 health remaining

Raider with 55 health has a 22 total attack points, and attacks Knight with 86 health who has 13 total armour points.
Knight now has 77 health remaining

Footman with 20 health has a 17 total attack points, and attacks Raider with 77 health who has 13 total armour points.
Raider now has 73 health remaining

Spearman with 59 health has a 18 total attack points, and attacks Archer with 40 health who has 10 total armour points.
Archer now has 32 health remaining

Archer with 84 health has a 18 total attack points, and attacks Grunt with 58 health who has 11 total armour points.
Grunt now has 51 health remaining

Knight with 80 health has a 22 total attack points, and attacks Raider with 46 health who has 13 total armour points.
Raider now has 37 health remaining

Footman with 38 health has a 17 total attack points, and attacks Spearman with 84 health who has 10 total armour points.
Spearman now has 77 health remaining

Spearman with 38 health has a 18 total attack points, and attacks Archer with 44 health who has 10 total armour points.
Archer now has 36 health remaining

Archer with 63 health has a 18 total attack points, and attacks Grunt with 46 health who has 11 total armour points.
Grunt now has 39 health remaining

Grunt with 43 health has a 17 total attack points, and attacks Archer with 47 health who has 10 total armour points.
Archer now has 40 health remaining

Footman with 44 health has a 17 total attack points, and attacks Spearman with 29 health who has 10 total armour points.
Spearman now has 22 health remaining

Ranged with 40 health has a 18 total attack points, and attacks Footman with 69 health who has 11 total armour points.
Footman now has 62 health remaining

Raider with 42 health has a 22 total attack points, and attacks Archer with 36 health who has 10 total armour points.
Archer now has 24 health remaining

Footman with 75 health has a 17 total attack points, and attacks Spearman with 39 health who has 10 total armour points.
Spearman now has 32 health remaining

Raider with 72 health has a 22 total attack points, and attacks Footman with 62 health who has 11 total armour points.
Footman now has 51 health remaining

Archer with 26 health has a 18 total attack points, and attacks Ranged with 42 health who has 10 total armour points.
Ranged now has 34 health remaining

Footman with 86 health has a 17 total attack points, and attacks Ranged with 32 health who has 10 total armour points.
Ranged now has 25 health remaining

Archer with 71 health has a 18 total attack points, and attacks Grunt with 75 health who has 11 total armour points.
Grunt now has 68 health remaining

Raider with 88 health has a 22 total attack points, and attacks Footman with 23 health who has 11 total armour points.
Footman now has 12 health remaining

Knight with 52 health has a 22 total attack points, and attacks Grunt with 45 health who has 11 total armour points.
Grunt now has 34 health remaining

Knight with 72 health has a 22 total attack points, and attacks Raider with 80 health who has 13 total armour points.
Raider now has 71 health remaining

Ranged with 62 health has a 18 total attack points, and attacks Archer with 62 health who has 10 total armour points.
Archer now has 54 health remaining

Grunt with 44 health has a 17 total attack points, and attacks Knight with 37 health who has 13 total armour points.
Knight now has 33 health remaining

Archer with 67 health has a 18 total attack points, and attacks Raider with 63 health who has 13 total armour points.
Raider now has 58 health remaining

Footman with 60 health has a 17 total attack points, and attacks Ranged with 48 health who has 10 total armour points.
Ranged now has 41 health remaining

Archer with 77 health has a 18 total attack points, and attacks Ranged with 38 health who has 10 total armour points.
Ranged now has 30 health remaining

Raider with 73 health has a 22 total attack points, and attacks Footman with 60 health who has 11 total armour points.
Footman now has 49 health remaining

Archer with 48 health has a 18 total attack points, and attacks Grunt with 51 health who has 11 total armour points.
Grunt now has 44 health remaining

Raider with 68 health has a 22 total attack points, and attacks Footman with 62 health who has 11 total armour points.
Footman now has 51 health remaining

Ranged with 58 health has a 18 total attack points, and attacks Footman with 12 health who has 11 total armour points.
Footman now has 5 health remaining

Ranged with 68 health has a 18 total attack points, and attacks Knight with 74 health who has 13 total armour points.
Knight now has 69 health remaining

Spearman with 43 health has a 18 total attack points, and attacks Archer with 60 health who has 10 total armour points.
Archer now has 52 health remaining

Archer with 63 health has a 18 total attack points, and attacks Grunt with 41 health who has 11 total armour points.
Grunt now has 34 health remaining

Archer with 52 health has a 18 total attack points, and attacks Raider with 87 health who has 13 total armour points.
Raider now has 82 health remaining

Spearman with 97 health has a 18 total attack points, and attacks Archer with 34 health who has 10 total armour points.
Archer now has 26 health remaining

Ranged with 58 health has a 18 total attack points, and attacks Footman with 19 health who has 11 total armour points.
Footman now has 12 health remaining

Raider with 72 health has a 22 total attack points, and attacks Knight with 55 health who has 13 total armour points.
Knight now has 46 health remaining

Spearman with 49 health has a 18 total attack points, and attacks Footman with 45 health who has 11 total armour points.
Footman now has 38 health remaining

Spearman with 53 health has a 18 total attack points, and attacks Archer with 37 health who has 10 total armour points.
Archer now has 29 health remaining

Spearman with 75 health has a 18 total attack points, and attacks Archer with 62 health who has 10 total armour points.
Archer now has 54 health remaining

Raider with 64 health has a 22 total attack points, and attacks Archer with 13 health who has 10 total armour points.
Archer now has 1 health remaining

Grunt with 5 health has a 17 total attack points, and attacks Footman with 60 health who has 11 total armour points.
Footman now has 54 health remaining

Archer with 66 health has a 18 total attack points, and attacks Spearman with 22 health who has 10 total armour points.
Spearman now has 14 health remaining

Ranged with 58 health has a 18 total attack points, and attacks Knight with 63 health who has 13 total armour points.
Knight now has 58 health remaining

Spearman with 62 health has a 18 total attack points, and attacks Archer with 56 health who has 10 total armour points.
Archer now has 48 health remaining

Archer with 41 health has a 18 total attack points, and attacks Ranged with 60 health who has 10 total armour points.
Ranged now has 52 health remaining

Footman with 72 health has a 17 total attack points, and attacks Ranged with 63 health who has 10 total armour points.
Ranged now has 56 health remaining

Raider with 50 health has a 22 total attack points, and attacks Knight with 67 health who has 13 total armour points.
Knight now has 58 health remaining

Spearman with 54 health has a 18 total attack points, and attacks Knight with 73 health who has 13 total armour points.
Knight now has 68 health remaining

Spearman with 69 health has a 18 total attack points, and attacks Archer with 58 health who has 10 total armour points.
Archer now has 50 health remaining

Grunt with 34 health has a 17 total attack points, and attacks Archer with 66 health who has 10 total armour points.
Archer now has 59 health remaining

Footman with 11 health has a 17 total attack points, and attacks Spearman with 40 health who has 10 total armour points.
Spearman now has 33 health remaining

Ranged with 33 health has a 18 total attack points, and attacks Knight with 56 health who has 13 total armour points.
Knight now has 51 health remaining

Raider with 27 health has a 22 total attack points, and attacks Archer with 29 health who has 10 total armour points.
Archer now has 17 health remaining

Archer with 24 health has a 18 total attack points, and attacks Grunt with 64 health who has 11 total armour points.
Grunt now has 57 health remaining

Knight with 36 health has a 22 total attack points, and attacks Ranged with 25 health who has 10 total armour points.
Ranged now has 13 health remaining

Knight with 53 health has a 22 total attack points, and attacks Spearman with 75 health who has 10 total armour points.
Spearman now has 63 health remaining

Archer with 23 health has a 18 total attack points, and attacks Ranged with 69 health who has 10 total armour points.
Ranged now has 61 health remaining

Spearman with 67 health has a 18 total attack points, and attacks Knight with 91 health who has 13 total armour points.
Knight now has 86 health remaining

Knight with 59 health has a 22 total attack points, and attacks Ranged with 54 health who has 10 total armour points.
Ranged now has 42 health remaining

Grunt with 40 health has a 17 total attack points, and attacks Footman with 24 health who has 11 total armour points.
Footman now has 18 health remaining

Archer with 50 health has a 18 total attack points, and attacks Ranged with 30 health who has 10 total armour points.
Ranged now has 22 health remaining

Spearman with 44 health has a 18 total attack points, and attacks Knight with 1 health who has 13 total armour points.
Knight has died in combat.

Archer with 71 health has a 18 total attack points, and attacks Grunt with 13 health who has 11 total armour points.
Grunt now has 6 health remaining

Ranged with 31 health has a 18 total attack points, and attacks Footman with 41 health who has 11 total armour points.
Footman now has 34 health remaining

Raider with 44 health has a 22 total attack points, and attacks Archer with 51 health who has 10 total armour points.
Archer now has 39 health remaining

Archer with 36 health has a 18 total attack points, and attacks Ranged with 32 health who has 10 total armour points.
Ranged now has 24 health remaining

Archer with 91 health has a 18 total attack points, and attacks Ranged with 47 health who has 10 total armour points.
Ranged now has 39 health remaining

Raider with 77 health has a 22 total attack points, and attacks Knight with 59 health who has 13 total armour points.
Knight now has 50 health remaining

Knight with 55 health has a 22 total attack points, and attacks Ranged with 75 health who has 10 total armour points.
Ranged now has 63 health remaining

Grunt with 66 health has a 17 total attack points, and attacks Archer with 96 health who has 12 total armour points.
Archer now has 91 health remaining

Archer with 74 health has a 18 total attack points, and attacks Grunt with 42 health who has 11 total armour points.
Grunt now has 35 health remaining

Footman with 68 health has a 17 total attack points, and attacks Raider with 64 health who has 13 total armour points.
Raider now has 60 health remaining

Grunt with 86 health has a 17 total attack points, and attacks Knight with 55 health who has 13 total armour points.
Knight now has 51 health remaining

Grunt with 86 health has a 17 total attack points, and attacks Archer with 33 health who has 10 total armour points.
Archer now has 26 health remaining

Raider with 73 health has a 22 total attack points, and attacks Archer with 60 health who has 10 total armour points.
Archer now has 48 health remaining

Ranged with 87 health has a 18 total attack points, and attacks Archer with 26 health who has 10 total armour points.
Archer now has 18 health remaining

Knight with 69 health has a 22 total attack points, and attacks Spearman with 90 health who has 10 total armour points.
Spearman now has 78 health remaining

Knight with 40 health has a 22 total attack points, and attacks Spearman with 59 health who has 10 total armour points.
Spearman now has 47 health remaining

Footman with 20 health has a 17 total attack points, and attacks Spearman with 40 health who has 10 total armour points.
Spearman now has 33 health remaining

Raider with 65 health has a 22 total attack points, and attacks Knight with 46 health who has 13 total armour points.
Knight now has 37 health remaining

Spearman with 36 health has a 18 total attack points, and attacks Knight with 33 health who has 13 total armour points.
Knight now has 28 health remaining

Archer with 16 health has a 18 total attack points, and attacks Ranged with 44 health who has 10 total armour points.
Ranged now has 36 health remaining

Raider with 26 health has a 22 total attack points, and attacks Archer with 56 health who has 10 total armour points.
Archer now has 44 health remaining

Archer with 59 health has a 18 total attack points, and attacks Grunt with 51 health who has 11 total armour points.
Grunt now has 44 health remaining

Spearman with 39 health has a 18 total attack points, and attacks Archer with 68 health who has 10 total armour points.
Archer now has 60 health remaining

Raider with 81 health has a 22 total attack points, and attacks Footman with 34 health who has 11 total armour points.
Footman now has 23 health remaining

Archer with 60 health has a 18 total attack points, and attacks Grunt with 44 health who has 11 total armour points.
Grunt now has 37 health remaining

Archer with 50 health has a 18 total attack points, and attacks Grunt with 17 health who has 11 total armour points.
Grunt now has 10 health remaining

Spearman with 39 health has a 18 total attack points, and attacks Archer with 82 health who has 10 total armour points.
Archer now has 74 health remaining

Knight with 40 health has a 22 total attack points, and attacks Ranged with 58 health who has 10 total armour points.
Ranged now has 46 health remaining

Knight with 81 health has a 22 total attack points, and attacks Ranged with 55 health who has 10 total armour points.
Ranged now has 43 health remaining

Ranged with 52 health has a 18 total attack points, and attacks Archer with 43 health who has 10 total armour points.
Archer now has 35 health remaining

Footman with 72 health has a 17 total attack points, and attacks Raider with 71 health who has 13 total armour points.
Raider now has 67 health remaining

Raider with 27 health has a 22 total attack points, and attacks Archer with 20 health who has 10 total armour points.
Archer now has 8 health remaining

Archer with 47 health has a 18 total attack points, and attacks Spearman with 1 health who has 10 total armour points.
Spearman has died in combat.

Footman with 48 health has a 17 total attack points, and attacks Spearman with 38 health who has 10 total armour points.
Spearman now has 31 health remaining

Raider with 40 health has a 22 total attack points, and attacks Archer with 59 health who has 10 total armour points.
Archer now has 47 health remaining

Footman with 74 health has a 17 total attack points, and attacks Raider with 62 health who has 13 total armour points.
Raider now has 58 health remaining

Raider with 73 health has a 22 total attack points, and attacks Archer with 44 health who has 10 total armour points.
Archer now has 32 health remaining

Spearman with 14 health has a 18 total attack points, and attacks Archer with 35 health who has 10 total armour points.
Archer now has 27 health remaining

Spearman with 32 health has a 18 total attack points, and attacks Footman with 11 health who has 11 total armour points.
Footman now has 4 health remaining

Spearman with 43 health has a 18 total attack points, and attacks Knight with 55 health who has 13 total armour points.
Knight now has 50 health remaining

Archer with 48 health has a 18 total attack points, and attacks Grunt with 44 health who has 11 total armour points.
Grunt now has 37 health remaining

Archer with 18 health has a 18 total attack points, and attacks Raider with 73 health who has 13 total armour points.
Raider now has 68 health remaining

Grunt with 25 health has a 17 total attack points, and attacks Archer with 37 health who has 10 total armour points.
Archer now has 30 health remaining

Archer with 74 health has a 18 total attack points, and attacks Grunt with 25 health who has 11 total armour points.
Grunt now has 18 health remaining

Footman with 88 health has a 17 total attack points, and attacks Raider with 77 health who has 13 total armour points.
Raider now has 73 health remaining

Raider with 40 health has a 22 total attack points, and attacks Archer with 24 health who has 10 total armour points.
Archer now has 12 health remaining

Spearman with 65 health has a 18 total attack points, and attacks Archer with 55 health who has 10 total armour points.
Archer now has 47 health remaining

Archer with 44 health has a 18 total attack points, and attacks Raider with 40 health who has 13 total armour points.
Raider now has 35 health remaining

Knight with 51 health has a 22 total attack points, and attacks Grunt with 9 health who has 11 total armour points.
Grunt has died in combat.

Footman with 31 health has a 17 total attack points, and attacks Grunt with 53 health who has 11 total armour points.
Grunt now has 47 health remaining

Archer with 19 health has a 18 total attack points, and attacks Raider with 42 health who has 13 total armour points.
Raider now has 37 health remaining

Archer with 66 health has a 18 total attack points, and attacks Grunt with 64 health who has 11 total armour points.
Grunt now has 57 health remaining

Footman with 54 health has a 17 total attack points, and attacks Raider with 44 health who has 13 total armour points.
Raider now has 40 health remaining

Archer with 45 health has a 18 total attack points, and attacks Grunt with 83 health who has 11 total armour points.
Grunt now has 76 health remaining

Raider with 73 health has a 22 total attack points, and attacks Archer with 59 health who has 10 total armour points.
Archer now has 47 health remaining

Spearman with 92 health has a 18 total attack points, and attacks Archer with 26 health who has 10 total armour points.
Archer now has 18 health remaining

Footman with 57 health has a 17 total attack points, and attacks Spearman with 56 health who has 10 total armour points.
Spearman now has 49 health remaining

Archer with 8 health has a 18 total attack points, and attacks Ranged with 55 health who has 10 total armour points.
Ranged now has 47 health remaining

Archer with 77 health has a 18 total attack points, and attacks Grunt with 86 health who has 11 total armour points.
Grunt now has 79 health remaining

Raider with 68 health has a 22 total attack points, and attacks Archer with 65 health who has 10 total armour points.
Archer now has 53 health remaining

Grunt with 14 health has a 17 total attack points, and attacks Footman with 44 health who has 11 total armour points.
Footman now has 38 health remaining

Spearman with 31 health has a 18 total attack points, and attacks Knight with 58 health who has 13 total armour points.
Knight now has 53 health remaining

Grunt with 72 health has a 17 total attack points, and attacks Archer with 83 health who has 10 total armour points.
Archer now has 76 health remaining

Archer with 47 health has a 18 total attack points, and attacks Spearman with 39 health who has 10 total armour points.
Spearman now has 31 health remaining

Spearman with 47 health has a 18 total attack points, and attacks Footman with 36 health who has 11 total armour points.
Footman now has 29 health remaining

Footman with 87 health has a 17 total attack points, and attacks Spearman with 51 health who has 10 total armour points.
Spearman now has 44 health remaining

Raider with 49 health has a 22 total attack points, and attacks Archer with 34 health who has 10 total armour points.
Archer now has 22 health remaining

Knight with 37 health has a 22 total attack points, and attacks Grunt with 29 health who has 11 total armour points.
Grunt now has 18 health remaining

Raider with 36 health has a 22 total attack points, and attacks Archer with 64 health who has 10 total armour points.
Archer now has 52 health remaining

Raider with 73 health has a 22 total attack points, and attacks Footman with 39 health who has 11 total armour points.
Footman now has 28 health remaining

Archer with 18 health has a 18 total attack points, and attacks Grunt with 34 health who has 11 total armour points.
Grunt now has 27 health remaining

Archer with 82 health has a 18 total attack points, and attacks Grunt with 80 health who has 11 total armour points.
Grunt now has 73 health remaining

Raider with 57 health has a 22 total attack points, and attacks Footman with 38 health who has 11 total armour points.
Footman now has 27 health remaining

Archer with 10 health has a 18 total attack points, and attacks Spearman with 84 health who has 10 total armour points.
Spearman now has 76 health remaining

Footman with 51 health has a 17 total attack points, and attacks Spearman with 44 health who has 10 total armour points.
Spearman now has 37 health remaining

Archer with 76 health has a 18 total attack points, and attacks Ranged with 47 health who has 10 total armour points.
Ranged now has 39 health remaining

Archer with 50 health has a 18 total attack points, and attacks Grunt with 35 health who has 11 total armour points.
Grunt now has 28 health remaining

Archer with 31 health has a 18 total attack points, and attacks Raider with 74 health who has 13 total armour points.
Raider now has 69 health remaining

Raider with 46 health has a 22 total attack points, and attacks Archer with 28 health who has 10 total armour points.
Archer now has 16 health remaining

Raider with 46 health has a 22 total attack points, and attacks Knight with 66 health who has 13 total armour points.
Knight now has 57 health remaining

Ranged with 37 health has a 18 total attack points, and attacks Archer with 71 health who has 10 total armour points.
Archer now has 63 health remaining

Grunt with 59 health has a 17 total attack points, and attacks Footman with 75 health who has 11 total armour points.
Footman now has 69 health remaining

Spearman with 61 health has a 18 total attack points, and attacks Archer with 48 health who has 10 total armour points.
Archer now has 40 health remaining

Spearman with 38 health has a 18 total attack points, and attacks Footman with 60 health who has 11 total armour points.
Footman now has 53 health remaining

Knight with 63 health has a 22 total attack points, and attacks Raider with 64 health who has 13 total armour points.
Raider now has 55 health remaining

Grunt with 71 health has a 17 total attack points, and attacks Archer with 63 health who has 10 total armour points.
Archer now has 56 health remaining

Knight with 86 health has a 22 total attack points, and attacks Raider with 33 health who has 13 total armour points.
Raider now has 24 health remaining

Knight with 13 health has a 22 total attack points, and attacks Raider with 35 health who has 13 total armour points.
Raider now has 26 health remaining

Footman with 66 health has a 17 total attack points, and attacks Spearman with 61 health who has 10 total armour points.
Spearman now has 54 health remaining

Footman with 53 health has a 17 total attack points, and attacks Spearman with 54 health who has 10 total armour points.
Spearman now has 47 health remaining

Grunt with 40 health has a 17 total attack points, and attacks Archer with 59 health who has 10 total armour points.
Archer now has 52 health remaining

Raider with 72 health has a 22 total attack points, and attacks Footman with 45 health who has 11 total armour points.
Footman now has 34 health remaining

Archer with 71 health has a 18 total attack points, and attacks Grunt with 59 health who has 11 total armour points.
Grunt now has 52 health remaining

Grunt with 73 health has a 17 total attack points, and attacks Archer with 53 health who has 10 total armour points.
Archer now has 46 health remaining

Spearman with 38 health has a 18 total attack points, and attacks Footman with 69 health who has 11 total armour points.
Footman now has 62 health remaining

Mountain King with 164 health has a 27 total attack points, and attacks Grunt with 41 health who has 11 total armour points.
Grunt now has 25 health remaining

Grunt with 86 health has a 17 total attack points, and attacks Archer with 60 health who has 10 total armour points.
Archer now has 53 health remaining

Archer with 70 health has a 18 total attack points, and attacks Grunt with 25 health who has 11 total armour points.
Grunt now has 18 health remaining

Knight with 43 health has a 22 total attack points, and attacks Raider with 74 health who has 13 total armour points.
Raider now has 65 health remaining

Archer with 39 health has a 18 total attack points, and attacks Ranged with 67 health who has 10 total armour points.
Ranged now has 59 health remaining

Raider with 49 health has a 22 total attack points, and attacks Archer with 50 health who has 10 total armour points.
Archer now has 38 health remaining

Knight with 55 health has a 22 total attack points, and attacks Spearman with 31 health who has 10 total armour points.
Spearman now has 19 health remaining

Grunt with 14 health has a 17 total attack points, and attacks Archer with 36 health who has 10 total armour points.
Archer now has 29 health remaining

Knight with 53 health has a 22 total attack points, and attacks Spearman with 59 health who has 10 total armour points.
Spearman now has 47 health remaining

Archer with 79 health has a 18 total attack points, and attacks Grunt with 40 health who has 11 total armour points.
Grunt now has 33 health remaining

Ranged with 56 health has a 18 total attack points, and attacks Archer with 47 health who has 10 total armour points.
Archer now has 39 health remaining

Archer with 33 health has a 18 total attack points, and attacks Raider with 58 health who has 13 total armour points.
Raider now has 53 health remaining

Footman with 66 health has a 17 total attack points, and attacks Spearman with 76 health who has 10 total armour points.
Spearman now has 69 health remaining

Footman with 12 health has a 17 total attack points, and attacks Raider with 86 health who has 13 total armour points.
Raider now has 82 health remaining

Archer with 60 health has a 18 total attack points, and attacks Grunt with 66 health who has 11 total armour points.
Grunt now has 59 health remaining

Spearman with 31 health has a 18 total attack points, and attacks Footman with 68 health who has 11 total armour points.
Footman now has 61 health remaining

Footman with 49 health has a 17 total attack points, and attacks Ranged with 52 health who has 10 total armour points.
Ranged now has 45 health remaining

Archer with 59 health has a 18 total attack points, and attacks Raider with 42 health who has 13 total armour points.
Raider now has 37 health remaining

Grunt with 39 health has a 17 total attack points, and attacks Knight with 73 health who has 13 total armour points.
Knight now has 69 health remaining

Archer with 26 health has a 18 total attack points, and attacks Ranged with 46 health who has 10 total armour points.
Ranged now has 38 health remaining

Ranged with 60 health has a 18 total attack points, and attacks Footman with 54 health who has 11 total armour points.
Footman now has 47 health remaining

Grunt with 79 health has a 17 total attack points, and attacks Archer with 59 health who has 10 total armour points.
Archer now has 52 health remaining

Knight with 44 health has a 22 total attack points, and attacks Ranged with 59 health who has 10 total armour points.
Ranged now has 47 health remaining

Grunt with 68 health has a 17 total attack points, and attacks Knight with 63 health who has 13 total armour points.
Knight now has 59 health remaining

Spearman with 65 health has a 18 total attack points, and attacks Footman with 23 health who has 11 total armour points.
Footman now has 16 health remaining

Spearman with 48 health has a 18 total attack points, and attacks Footman with 59 health who has 11 total armour points.
Footman now has 52 health remaining

Grunt with 66 health has a 17 total attack points, and attacks Archer with 82 health who has 10 total armour points.
Archer now has 75 health remaining

Footman with 75 health has a 17 total attack points, and attacks Grunt with 38 health who has 11 total armour points.
Grunt now has 32 health remaining

Ranged with 30 health has a 18 total attack points, and attacks Knight with 50 health who has 13 total armour points.
Knight now has 45 health remaining

Knight with 77 health has a 22 total attack points, and attacks Ranged with 42 health who has 10 total armour points.
Ranged now has 30 health remaining

Archer with 52 health has a 18 total attack points, and attacks Spearman with 45 health who has 10 total armour points.
Spearman now has 37 health remaining

Archer with 12 health has a 18 total attack points, and attacks Grunt with 42 health who has 11 total armour points.
Grunt now has 35 health remaining

Archer with 47 health has a 18 total attack points, and attacks Raider with 24 health who has 13 total armour points.
Raider now has 19 health remaining

Archer with 16 health has a 18 total attack points, and attacks Ranged with 79 health who has 10 total armour points.
Ranged now has 71 health remaining

Grunt with 67 health has a 17 total attack points, and attacks Archer with 8 health who has 10 total armour points.
Archer now has 1 health remaining

Ranged with 39 health has a 18 total attack points, and attacks Footman with 55 health who has 11 total armour points.
Footman now has 48 health remaining

Raider with 57 health has a 22 total attack points, and attacks Knight with 64 health who has 13 total armour points.
Knight now has 55 health remaining

Ranged with 30 health has a 18 total attack points, and attacks Archer with 36 health who has 10 total armour points.
Archer now has 28 health remaining

Footman with 20 health has a 17 total attack points, and attacks Ranged with 45 health who has 10 total armour points.
Ranged now has 38 health remaining

Spearman with 50 health has a 18 total attack points, and attacks Knight with 49 health who has 13 total armour points.
Knight now has 44 health remaining

Spearman with 35 health has a 18 total attack points, and attacks Footman with 74 health who has 11 total armour points.
Footman now has 67 health remaining

Archer with 29 health has a 18 total attack points, and attacks Spearman with 37 health who has 10 total armour points.
Spearman now has 29 health remaining

Ranged with 55 health has a 18 total attack points, and attacks Footman with 57 health who has 11 total armour points.
Footman now has 50 health remaining

Ranged with 47 health has a 18 total attack points, and attacks Knight with 68 health who has 13 total armour points.
Knight now has 63 health remaining

Archer with 36 health has a 18 total attack points, and attacks Grunt with 47 health who has 11 total armour points.
Grunt now has 40 health remaining

Archer with 1 health has a 18 total attack points, and attacks Spearman with 62 health who has 10 total armour points.
Spearman now has 54 health remaining

Grunt with 35 health has a 17 total attack points, and attacks Archer with 36 health who has 10 total armour points.
Archer now has 29 health remaining

Knight with 54 health has a 22 total attack points, and attacks Raider with 64 health who has 13 total armour points.
Raider now has 55 health remaining

Footman with 20 health has a 17 total attack points, and attacks Grunt with 62 health who has 11 total armour points.
Grunt now has 56 health remaining

Spearman with 41 health has a 18 total attack points, and attacks Footman with 49 health who has 11 total armour points.
Footman now has 42 health remaining

Footman with 54 health has a 17 total attack points, and attacks Raider with 81 health who has 13 total armour points.
Raider now has 77 health remaining

Raider with 86 health has a 22 total attack points, and attacks Knight with 44 health who has 13 total armour points.
Knight now has 35 health remaining

Raider with 63 health has a 22 total attack points, and attacks Mountain King with 164 health who has 16 total armour points.
Mountain King now has 158 health remaining

Archer with 54 health has a 18 total attack points, and attacks Grunt with 39 health who has 11 total armour points.
Grunt now has 32 health remaining

Knight with 81 health has a 22 total attack points, and attacks Raider with 76 health who has 13 total armour points.
Raider now has 67 health remaining

Archer with 78 health has a 18 total attack points, and attacks Raider with 81 health who has 13 total armour points.
Raider now has 76 health remaining

Grunt with 44 health has a 17 total attack points, and attacks Footman with 27 health who has 11 total armour points.
Footman now has 21 health remaining

Knight with 48 health has a 22 total attack points, and attacks Ranged with 74 health who has 10 total armour points.
Ranged now has 62 health remaining

Ranged with 42 health has a 18 total attack points, and attacks Footman with 80 health who has 11 total armour points.
Footman now has 73 health remaining

Spearman with 14 health has a 18 total attack points, and attacks Footman with 28 health who has 11 total armour points.
Footman now has 21 health remaining

Knight with 81 health has a 22 total attack points, and attacks Spearman with 14 health who has 10 total armour points.
Spearman now has 2 health remaining

Knight with 31 health has a 22 total attack points, and attacks Grunt with 82 health who has 11 total armour points.
Grunt now has 71 health remaining

Archer with 48 health has a 18 total attack points, and attacks Grunt with 54 health who has 11 total armour points.
Grunt now has 47 health remaining

Archer with 48 health has a 18 total attack points, and attacks Raider with 64 health who has 13 total armour points.
Raider now has 59 health remaining

Grunt with 33 health has a 17 total attack points, and attacks Archer with 71 health who has 10 total armour points.
Archer now has 64 health remaining

Archer with 40 health has a 18 total attack points, and attacks Ranged with 42 health who has 10 total armour points.
Ranged now has 34 health remaining

Gul´dan with 173 health has a 27 total attack points, and attacks Archer with 35 health who has 10 total armour points.
Archer now has 18 health remaining

Raider with 77 health has a 22 total attack points, and attacks Archer with 67 health who has 10 total armour points.
Archer now has 55 health remaining

Spearman with 47 health has a 18 total attack points, and attacks Footman with 28 health who has 11 total armour points.
Footman now has 21 health remaining

Archer with 68 health has a 18 total attack points, and attacks Raider with 82 health who has 13 total armour points.
Raider now has 77 health remaining

Raider with 69 health has a 22 total attack points, and attacks Archer with 67 health who has 10 total armour points.
Archer now has 55 health remaining

Ranged with 52 health has a 18 total attack points, and attacks Archer with 17 health who has 10 total armour points.
Archer now has 9 health remaining

Knight with 46 health has a 22 total attack points, and attacks Grunt with 20 health who has 11 total armour points.
Grunt now has 9 health remaining

Footman with 54 health has a 17 total attack points, and attacks Spearman with 31 health who has 10 total armour points.
Spearman now has 24 health remaining

Footman with 31 health has a 17 total attack points, and attacks Ranged with 56 health who has 10 total armour points.
Ranged now has 49 health remaining

Grunt with 18 health has a 17 total attack points, and attacks Knight with 64 health who has 13 total armour points.
Knight now has 60 health remaining

Spearman with 76 health has a 18 total attack points, and attacks Archer with 27 health who has 10 total armour points.
Archer now has 19 health remaining

Spearman with 47 health has a 18 total attack points, and attacks Archer with 40 health who has 10 total armour points.
Archer now has 32 health remaining

Footman with 61 health has a 17 total attack points, and attacks Grunt with 37 health who has 11 total armour points.
Grunt now has 31 health remaining

Grunt with 37 health has a 17 total attack points, and attacks Archer with 13 health who has 10 total armour points.
Archer now has 6 health remaining

Archer with 28 health has a 18 total attack points, and attacks Grunt with 79 health who has 11 total armour points.
Grunt now has 72 health remaining

Footman with 52 health has a 17 total attack points, and attacks Grunt with 9 health who has 11 total armour points.
Grunt now has 3 health remaining

Ranged with 34 health has a 18 total attack points, and attacks Knight with 43 health who has 13 total armour points.
Knight now has 38 health remaining

Knight with 76 health has a 22 total attack points, and attacks Spearman with 48 health who has 10 total armour points.
Spearman now has 36 health remaining

Archer with 32 health has a 18 total attack points, and attacks Raider with 78 health who has 13 total armour points.
Raider now has 73 health remaining

Spearman with 35 health has a 18 total attack points, and attacks Footman with 24 health who has 11 total armour points.
Footman now has 17 health remaining

Knight with 63 health has a 22 total attack points, and attacks Ranged with 59 health who has 10 total armour points.
Ranged now has 47 health remaining

Ranged with 75 health has a 18 total attack points, and attacks Footman with 50 health who has 11 total armour points.
Footman now has 43 health remaining

Spearman with 60 health has a 18 total attack points, and attacks Knight with 53 health who has 13 total armour points.
Knight now has 48 health remaining

Grunt with 33 health has a 17 total attack points, and attacks Footman with 16 health who has 11 total armour points.
Footman now has 10 health remaining

Knight with 31 health has a 22 total attack points, and attacks Grunt with 52 health who has 11 total armour points.
Grunt now has 41 health remaining

Archer with 75 health has a 18 total attack points, and attacks Ranged with 74 health who has 10 total armour points.
Ranged now has 66 health remaining

Grunt with 66 health has a 17 total attack points, and attacks Footman with 42 health who has 11 total armour points.
Footman now has 36 health remaining

Footman with 5 health has a 17 total attack points, and attacks Grunt with 18 health who has 11 total armour points.
Grunt now has 12 health remaining

Raider with 66 health has a 22 total attack points, and attacks Knight with 82 health who has 13 total armour points.
Knight now has 73 health remaining

Raider with 53 health has a 22 total attack points, and attacks Archer with 59 health who has 10 total armour points.
Archer now has 47 health remaining

Ranged with 38 health has a 18 total attack points, and attacks Archer with 76 health who has 10 total armour points.
Archer now has 68 health remaining

Ranged with 82 health has a 18 total attack points, and attacks Archer with 33 health who has 10 total armour points.
Archer now has 25 health remaining

Archer with 38 health has a 18 total attack points, and attacks Ranged with 52 health who has 10 total armour points.
Ranged now has 44 health remaining

Archer with 39 health has a 18 total attack points, and attacks Grunt with 47 health who has 11 total armour points.
Grunt now has 40 health remaining

Archer with 76 health has a 18 total attack points, and attacks Raider with 30 health who has 13 total armour points.
Raider now has 25 health remaining

Footman with 86 health has a 17 total attack points, and attacks Grunt with 34 health who has 11 total armour points.
Grunt now has 28 health remaining

Raider with 73 health has a 22 total attack points, and attacks Footman with 38 health who has 11 total armour points.
Footman now has 27 health remaining

Raider with 26 health has a 22 total attack points, and attacks Footman with 87 health who has 11 total armour points.
Footman now has 76 health remaining

Spearman with 64 health has a 18 total attack points, and attacks Footman with 27 health who has 11 total armour points.
Footman now has 20 health remaining

Spearman with 96 health has a 18 total attack points, and attacks Footman with 52 health who has 11 total armour points.
Footman now has 45 health remaining

Knight with 53 health has a 22 total attack points, and attacks Grunt with 70 health who has 11 total armour points.
Grunt now has 59 health remaining

Spearman with 65 health has a 18 total attack points, and attacks Footman with 54 health who has 11 total armour points.
Footman now has 47 health remaining

Footman with 47 health has a 17 total attack points, and attacks Spearman with 24 health who has 10 total armour points.
Spearman now has 17 health remaining

Archer with 63 health has a 18 total attack points, and attacks Ranged with 62 health who has 10 total armour points.
Ranged now has 54 health remaining

Archer with 76 health has a 18 total attack points, and attacks Spearman with 63 health who has 10 total armour points.
Spearman now has 55 health remaining

Knight with 49 health has a 22 total attack points, and attacks Ranged with 30 health who has 10 total armour points.
Ranged now has 18 health remaining

Archer with 55 health has a 18 total attack points, and attacks Grunt with 57 health who has 11 total armour points.
Grunt now has 50 health remaining

Spearman with 38 health has a 18 total attack points, and attacks Knight with 69 health who has 13 total armour points.
Knight now has 64 health remaining

Archer with 16 health has a 18 total attack points, and attacks Grunt with 66 health who has 11 total armour points.
Grunt now has 59 health remaining

Ranged with 71 health has a 18 total attack points, and attacks Archer with 60 health who has 10 total armour points.
Archer now has 52 health remaining

Knight with 47 health has a 22 total attack points, and attacks Spearman with 78 health who has 10 total armour points.
Spearman now has 66 health remaining

Archer with 43 health has a 18 total attack points, and attacks Spearman with 76 health who has 10 total armour points.
Spearman now has 68 health remaining

Footman with 17 health has a 17 total attack points, and attacks Raider with 55 health who has 13 total armour points.
Raider now has 51 health remaining

Ranged with 48 health has a 18 total attack points, and attacks Knight with 69 health who has 13 total armour points.
Knight now has 64 health remaining

Footman with 69 health has a 17 total attack points, and attacks Raider with 68 health who has 13 total armour points.
Raider now has 64 health remaining

Knight with 50 health has a 22 total attack points, and attacks Grunt with 54 health who has 11 total armour points.
Grunt now has 43 health remaining

Footman with 39 health has a 17 total attack points, and attacks Grunt with 71 health who has 11 total armour points.
Grunt now has 65 health remaining

Archer with 25 health has a 18 total attack points, and attacks Ranged with 82 health who has 10 total armour points.
Ranged now has 74 health remaining

Ranged with 41 health has a 18 total attack points, and attacks Archer with 39 health who has 10 total armour points.
Archer now has 31 health remaining

Ranged with 68 health has a 18 total attack points, and attacks Knight with 50 health who has 13 total armour points.
Knight now has 45 health remaining

Grunt with 37 health has a 17 total attack points, and attacks Knight with 86 health who has 13 total armour points.
Knight now has 82 health remaining

Spearman with 19 health has a 18 total attack points, and attacks Knight with 48 health who has 13 total armour points.
Knight now has 43 health remaining

Raider with 66 health has a 22 total attack points, and attacks Archer with 38 health who has 10 total armour points.
Archer now has 26 health remaining

Ranged with 36 health has a 18 total attack points, and attacks Archer with 51 health who has 10 total armour points.
Archer now has 43 health remaining

Raider with 66 health has a 22 total attack points, and attacks Archer with 29 health who has 10 total armour points.
Archer now has 17 health remaining

Spearman with 80 health has a 18 total attack points, and attacks Knight with 46 health who has 13 total armour points.
Knight now has 41 health remaining

Raider with 50 health has a 22 total attack points, and attacks Footman with 88 health who has 11 total armour points.
Footman now has 77 health remaining

Spearman with 33 health has a 18 total attack points, and attacks Archer with 52 health who has 10 total armour points.
Archer now has 44 health remaining

Raider with 37 health has a 22 total attack points, and attacks Archer with 48 health who has 10 total armour points.
Archer now has 36 health remaining

Archer with 25 health has a 18 total attack points, and attacks Grunt with 65 health who has 11 total armour points.
Grunt now has 58 health remaining

Knight with 90 health has a 22 total attack points, and attacks Grunt with 73 health who has 11 total armour points.
Grunt now has 62 health remaining

Ranged with 33 health has a 18 total attack points, and attacks Archer with 34 health who has 10 total armour points.
Archer now has 26 health remaining

Archer with 59 health has a 18 total attack points, and attacks Ranged with 54 health who has 10 total armour points.
Ranged now has 46 health remaining

Footman with 34 health has a 17 total attack points, and attacks Ranged with 25 health who has 10 total armour points.
Ranged now has 18 health remaining

Grunt with 31 health has a 17 total attack points, and attacks Archer with 47 health who has 10 total armour points.
Archer now has 40 health remaining

Archer with 53 health has a 18 total attack points, and attacks Ranged with 10 health who has 10 total armour points.
Ranged now has 2 health remaining

Ranged with 59 health has a 18 total attack points, and attacks Archer with 46 health who has 10 total armour points.
Archer now has 38 health remaining

Ranged with 76 health has a 18 total attack points, and attacks Knight with 51 health who has 13 total armour points.
Knight now has 46 health remaining

Archer with 18 health has a 18 total attack points, and attacks Grunt with 71 health who has 11 total armour points.
Grunt now has 64 health remaining

Footman with 59 health has a 17 total attack points, and attacks Ranged with 44 health who has 10 total armour points.
Ranged now has 37 health remaining

Archer with 17 health has a 18 total attack points, and attacks Grunt with 35 health who has 11 total armour points.
Grunt now has 28 health remaining

Knight with 28 health has a 22 total attack points, and attacks Spearman with 32 health who has 10 total armour points.
Spearman now has 20 health remaining

Footman with 21 health has a 17 total attack points, and attacks Raider with 58 health who has 13 total armour points.
Raider now has 54 health remaining

Raider with 19 health has a 22 total attack points, and attacks Mountain King with 158 health who has 16 total armour points.
Mountain King now has 152 health remaining

Grunt with 32 health has a 17 total attack points, and attacks Knight with 52 health who has 13 total armour points.
Knight now has 48 health remaining

Grunt with 58 health has a 17 total attack points, and attacks Archer with 19 health who has 10 total armour points.
Archer now has 12 health remaining

Raider with 71 health has a 22 total attack points, and attacks Footman with 68 health who has 11 total armour points.
Footman now has 57 health remaining

Ranged with 24 health has a 18 total attack points, and attacks Knight with 47 health who has 13 total armour points.
Knight now has 42 health remaining

Archer with 75 health has a 18 total attack points, and attacks Ranged with 71 health who has 10 total armour points.
Ranged now has 63 health remaining

Spearman with 23 health has a 18 total attack points, and attacks Archer with 39 health who has 10 total armour points.
Archer now has 31 health remaining

Raider with 86 health has a 22 total attack points, and attacks Archer with 24 health who has 10 total armour points.
Archer now has 12 health remaining

Raider with 40 health has a 22 total attack points, and attacks Footman with 71 health who has 11 total armour points.
Footman now has 60 health remaining

Grunt with 33 health has a 17 total attack points, and attacks Archer with 70 health who has 10 total armour points.
Archer now has 63 health remaining

Archer with 52 health has a 18 total attack points, and attacks Ranged with 33 health who has 10 total armour points.
Ranged now has 25 health remaining

Grunt with 49 health has a 17 total attack points, and attacks Archer with 50 health who has 10 total armour points.
Archer now has 43 health remaining

Grunt with 44 health has a 17 total attack points, and attacks Archer with 66 health who has 10 total armour points.
Archer now has 59 health remaining

Knight with 65 health has a 22 total attack points, and attacks Raider with 53 health who has 13 total armour points.
Raider now has 44 health remaining

Footman with 21 health has a 17 total attack points, and attacks Grunt with 28 health who has 11 total armour points.
Grunt now has 22 health remaining

Knight with 64 health has a 22 total attack points, and attacks Grunt with 28 health who has 11 total armour points.
Grunt now has 17 health remaining

Footman with 45 health has a 17 total attack points, and attacks Grunt with 33 health who has 11 total armour points.
Grunt now has 27 health remaining

Grunt with 49 health has a 17 total attack points, and attacks Archer with 18 health who has 10 total armour points.
Archer now has 11 health remaining

Archer with 17 health has a 18 total attack points, and attacks Grunt with 25 health who has 11 total armour points.
Grunt now has 18 health remaining

Archer with 16 health has a 18 total attack points, and attacks Raider with 77 health who has 13 total armour points.
Raider now has 72 health remaining

Spearman with 32 health has a 18 total attack points, and attacks Archer with 23 health who has 10 total armour points.
Archer now has 15 health remaining

Grunt with 65 health has a 17 total attack points, and attacks Archer with 58 health who has 10 total armour points.
Archer now has 51 health remaining

Grunt with 75 health has a 17 total attack points, and attacks Archer with 60 health who has 10 total armour points.
Archer now has 53 health remaining

Footman with 62 health has a 17 total attack points, and attacks Raider with 40 health who has 13 total armour points.
Raider now has 36 health remaining

Grunt with 32 health has a 17 total attack points, and attacks Archer with 33 health who has 10 total armour points.
Archer now has 26 health remaining

Knight with 26 health has a 22 total attack points, and attacks Grunt with 23 health who has 11 total armour points.
Grunt now has 12 health remaining

Archer with 52 health has a 18 total attack points, and attacks Raider with 73 health who has 13 total armour points.
Raider now has 68 health remaining

Archer with 48 health has a 18 total attack points, and attacks Spearman with 51 health who has 10 total armour points.
Spearman now has 43 health remaining

Knight with 57 health has a 22 total attack points, and attacks Grunt with 17 health who has 11 total armour points.
Grunt now has 6 health remaining

Spearman with 20 health has a 18 total attack points, and attacks Archer with 52 health who has 10 total armour points.
Archer now has 44 health remaining

Spearman with 47 health has a 18 total attack points, and attacks Archer with 53 health who has 10 total armour points.
Archer now has 45 health remaining

Footman with 68 health has a 17 total attack points, and attacks Grunt with 75 health who has 11 total armour points.
Grunt now has 69 health remaining

Archer with 63 health has a 18 total attack points, and attacks Ranged with 13 health who has 10 total armour points.
Ranged now has 5 health remaining

Archer with 55 health has a 18 total attack points, and attacks Ranged with 34 health who has 10 total armour points.
Ranged now has 26 health remaining

Footman with 52 health has a 17 total attack points, and attacks Grunt with 61 health who has 11 total armour points.
Grunt now has 55 health remaining

Spearman with 14 health has a 18 total attack points, and attacks Knight with 63 health who has 13 total armour points.
Knight now has 58 health remaining

Knight with 64 health has a 22 total attack points, and attacks Ranged with 46 health who has 10 total armour points.
Ranged now has 34 health remaining

Knight with 49 health has a 22 total attack points, and attacks Raider with 58 health who has 13 total armour points.
Raider now has 49 health remaining

Spearman with 47 health has a 18 total attack points, and attacks Footman with 21 health who has 11 total armour points.
Footman now has 14 health remaining

Ranged with 70 health has a 18 total attack points, and attacks Footman with 51 health who has 11 total armour points.
Footman now has 44 health remaining

Footman with 21 health has a 17 total attack points, and attacks Raider with 67 health who has 13 total armour points.
Raider now has 63 health remaining

Archer with 38 health has a 18 total attack points, and attacks Spearman with 47 health who has 10 total armour points.
Spearman now has 39 health remaining

Spearman with 50 health has a 18 total attack points, and attacks Archer with 40 health who has 10 total armour points.
Archer now has 32 health remaining

Ranged with 74 health has a 18 total attack points, and attacks Archer with 25 health who has 10 total armour points.
Archer now has 17 health remaining

Archer with 27 health has a 18 total attack points, and attacks Spearman with 62 health who has 10 total armour points.
Spearman now has 54 health remaining

Spearman with 35 health has a 18 total attack points, and attacks Footman with 67 health who has 11 total armour points.
Footman now has 60 health remaining

Knight with 48 health has a 22 total attack points, and attacks Ranged with 39 health who has 10 total armour points.
Ranged now has 27 health remaining

Spearman with 47 health has a 18 total attack points, and attacks Footman with 61 health who has 11 total armour points.
Footman now has 54 health remaining

Spearman with 59 health has a 18 total attack points, and attacks Archer with 30 health who has 10 total armour points.
Archer now has 22 health remaining

Raider with 72 health has a 22 total attack points, and attacks Archer with 60 health who has 10 total armour points.
Archer now has 48 health remaining

Spearman with 49 health has a 18 total attack points, and attacks Archer with 31 health who has 10 total armour points.
Archer now has 23 health remaining

Footman with 31 health has a 17 total attack points, and attacks Ranged with 71 health who has 10 total armour points.
Ranged now has 64 health remaining

Spearman with 68 health has a 18 total attack points, and attacks Footman with 36 health who has 11 total armour points.
Footman now has 29 health remaining

Grunt with 55 health has a 17 total attack points, and attacks Footman with 93 health who has 11 total armour points.
Footman now has 87 health remaining

Ranged with 44 health has a 18 total attack points, and attacks Archer with 63 health who has 10 total armour points.
Archer now has 55 health remaining

Knight with 80 health has a 22 total attack points, and attacks Grunt with 44 health who has 11 total armour points.
Grunt now has 33 health remaining

Ranged with 59 health has a 18 total attack points, and attacks Archer with 6 health who has 10 total armour points.
Archer has died in combat.

Archer with 31 health has a 18 total attack points, and attacks Ranged with 47 health who has 10 total armour points.
Ranged now has 39 health remaining

Knight with 59 health has a 22 total attack points, and attacks Grunt with 43 health who has 11 total armour points.
Grunt now has 32 health remaining

Knight with 82 health has a 22 total attack points, and attacks Spearman with 36 health who has 10 total armour points.
Spearman now has 24 health remaining

Ranged with 26 health has a 18 total attack points, and attacks Footman with 87 health who has 11 total armour points.
Footman now has 80 health remaining

Archer with 53 health has a 18 total attack points, and attacks Grunt with 65 health who has 11 total armour points.
Grunt now has 58 health remaining

Grunt with 55 health has a 17 total attack points, and attacks Knight with 50 health who has 13 total armour points.
Knight now has 46 health remaining

Ranged with 83 health has a 18 total attack points, and attacks Footman with 60 health who has 11 total armour points.
Footman now has 53 health remaining

Knight with 54 health has a 22 total attack points, and attacks Raider with 55 health who has 13 total armour points.
Raider now has 46 health remaining

Ranged with 13 health has a 18 total attack points, and attacks Knight with 67 health who has 13 total armour points.
Knight now has 62 health remaining

Raider with 49 health has a 22 total attack points, and attacks Archer with 74 health who has 10 total armour points.
Archer now has 62 health remaining

Archer with 18 health has a 18 total attack points, and attacks Ranged with 70 health who has 10 total armour points.
Ranged now has 62 health remaining

Archer with 57 health has a 18 total attack points, and attacks Grunt with 40 health who has 11 total armour points.
Grunt now has 33 health remaining

Spearman with 17 health has a 18 total attack points, and attacks Footman with 61 health who has 11 total armour points.
Footman now has 54 health remaining

Grunt with 58 health has a 17 total attack points, and attacks Archer with 39 health who has 10 total armour points.
Archer now has 32 health remaining

Raider with 57 health has a 22 total attack points, and attacks Archer with 32 health who has 10 total armour points.
Archer now has 20 health remaining

Archer with 10 health has a 18 total attack points, and attacks Spearman with 71 health who has 10 total armour points.
Spearman now has 63 health remaining

Knight with 57 health has a 22 total attack points, and attacks Grunt with 52 health who has 11 total armour points.
Grunt now has 41 health remaining

Grunt with 40 health has a 17 total attack points, and attacks Footman with 20 health who has 11 total armour points.
Footman now has 14 health remaining

Archer with 52 health has a 18 total attack points, and attacks Raider with 71 health who has 13 total armour points.
Raider now has 66 health remaining

Grunt with 6 health has a 17 total attack points, and attacks Knight with 26 health who has 13 total armour points.
Knight now has 22 health remaining

Raider with 67 health has a 22 total attack points, and attacks Knight with 35 health who has 13 total armour points.
Knight now has 26 health remaining

Archer with 51 health has a 18 total attack points, and attacks Grunt with 56 health who has 11 total armour points.
Grunt now has 49 health remaining

Archer with 50 health has a 18 total attack points, and attacks Spearman with 54 health who has 10 total armour points.
Spearman now has 46 health remaining

Grunt with 59 health has a 17 total attack points, and attacks Knight with 69 health who has 13 total armour points.
Knight now has 65 health remaining

Footman with 86 health has a 17 total attack points, and attacks Raider with 86 health who has 13 total armour points.
Raider now has 82 health remaining

Spearman with 79 health has a 18 total attack points, and attacks Footman with 48 health who has 11 total armour points.
Footman now has 41 health remaining

Knight with 62 health has a 22 total attack points, and attacks Ranged with 39 health who has 10 total armour points.
Ranged now has 27 health remaining

Footman with 5 health has a 17 total attack points, and attacks Spearman with 64 health who has 10 total armour points.
Spearman now has 57 health remaining

Archer with 52 health has a 18 total attack points, and attacks Raider with 70 health who has 13 total armour points.
Raider now has 65 health remaining

Grunt with 33 health has a 17 total attack points, and attacks Archer with 50 health who has 10 total armour points.
Archer now has 43 health remaining

Raider with 69 health has a 22 total attack points, and attacks Archer with 79 health who has 10 total armour points.
Archer now has 67 health remaining

Archer with 59 health has a 18 total attack points, and attacks Ranged with 24 health who has 10 total armour points.
Ranged now has 16 health remaining

Spearman with 47 health has a 18 total attack points, and attacks Archer with 39 health who has 10 total armour points.
Archer now has 31 health remaining

Grunt with 27 health has a 17 total attack points, and attacks Footman with 62 health who has 11 total armour points.
Footman now has 56 health remaining

Archer with 45 health has a 18 total attack points, and attacks Spearman with 47 health who has 10 total armour points.
Spearman now has 39 health remaining

Ranged with 34 health has a 18 total attack points, and attacks Archer with 86 health who has 10 total armour points.
Archer now has 78 health remaining

Spearman with 51 health has a 18 total attack points, and attacks Knight with 45 health who has 13 total armour points.
Knight now has 40 health remaining

Archer with 68 health has a 18 total attack points, and attacks Ranged with 64 health who has 10 total armour points.
Ranged now has 56 health remaining

Raider with 55 health has a 22 total attack points, and attacks Footman with 51 health who has 11 total armour points.
Footman now has 40 health remaining

Ranged with 74 health has a 18 total attack points, and attacks Footman with 72 health who has 11 total armour points.
Footman now has 65 health remaining

Raider with 51 health has a 22 total attack points, and attacks Footman with 21 health who has 11 total armour points.
Footman now has 10 health remaining

Grunt with 40 health has a 17 total attack points, and attacks Knight with 31 health who has 13 total armour points.
Knight now has 27 health remaining

Knight with 71 health has a 22 total attack points, and attacks Ranged with 66 health who has 10 total armour points.
Ranged now has 54 health remaining

Archer with 52 health has a 18 total attack points, and attacks Ranged with 2 health who has 10 total armour points.
Ranged has died in combat.

Ranged with 56 health has a 18 total attack points, and attacks Archer with 82 health who has 10 total armour points.
Archer now has 74 health remaining

Raider with 86 health has a 22 total attack points, and attacks Footman with 44 health who has 11 total armour points.
Footman now has 33 health remaining

Archer with 54 health has a 18 total attack points, and attacks Raider with 72 health who has 13 total armour points.
Raider now has 67 health remaining

Archer with 36 health has a 18 total attack points, and attacks Ranged with 90 health who has 10 total armour points.
Ranged now has 82 health remaining

Archer with 26 health has a 18 total attack points, and attacks Ranged with 27 health who has 10 total armour points.
Ranged now has 19 health remaining

Archer with 12 health has a 18 total attack points, and attacks Ranged with 57 health who has 10 total armour points.
Ranged now has 49 health remaining

Archer with 56 health has a 18 total attack points, and attacks Spearman with 57 health who has 10 total armour points.
Spearman now has 49 health remaining

Footman with 28 health has a 17 total attack points, and attacks Raider with 49 health who has 13 total armour points.
Raider now has 45 health remaining

Grunt with 58 health has a 17 total attack points, and attacks Archer with 68 health who has 10 total armour points.
Archer now has 61 health remaining

Archer with 43 health has a 18 total attack points, and attacks Spearman with 26 health who has 10 total armour points.
Spearman now has 18 health remaining

Grunt with 55 health has a 17 total attack points, and attacks Footman with 49 health who has 11 total armour points.
Footman now has 43 health remaining

Spearman with 14 health has a 18 total attack points, and attacks Archer with 59 health who has 10 total armour points.
Archer now has 51 health remaining

Archer with 51 health has a 18 total attack points, and attacks Spearman with 54 health who has 10 total armour points.
Spearman now has 46 health remaining

Footman with 43 health has a 17 total attack points, and attacks Spearman with 17 health who has 10 total armour points.
Spearman now has 10 health remaining

Knight with 62 health has a 22 total attack points, and attacks Grunt with 57 health who has 11 total armour points.
Grunt now has 46 health remaining

Grunt with 57 health has a 17 total attack points, and attacks Knight with 65 health who has 13 total armour points.
Knight now has 61 health remaining

Archer with 26 health has a 18 total attack points, and attacks Grunt with 62 health who has 11 total armour points.
Grunt now has 55 health remaining

Knight with 54 health has a 22 total attack points, and attacks Grunt with 5 health who has 11 total armour points.
Grunt has died in combat.

Knight with 58 health has a 22 total attack points, and attacks Raider with 86 health who has 13 total armour points.
Raider now has 77 health remaining

Archer with 48 health has a 18 total attack points, and attacks Spearman with 54 health who has 10 total armour points.
Spearman now has 46 health remaining

Archer with 16 health has a 18 total attack points, and attacks Spearman with 19 health who has 10 total armour points.
Spearman now has 11 health remaining

Grunt with 58 health has a 17 total attack points, and attacks Archer with 66 health who has 10 total armour points.
Archer now has 59 health remaining

Footman with 17 health has a 17 total attack points, and attacks Spearman with 35 health who has 10 total armour points.
Spearman now has 28 health remaining

Raider with 26 health has a 22 total attack points, and attacks Knight with 59 health who has 13 total armour points.
Knight now has 50 health remaining

Archer with 46 health has a 18 total attack points, and attacks Grunt with 55 health who has 11 total armour points.
Grunt now has 48 health remaining

Archer with 13 health has a 18 total attack points, and attacks Spearman with 80 health who has 10 total armour points.
Spearman now has 72 health remaining

Archer with 40 health has a 18 total attack points, and attacks Grunt with 49 health who has 11 total armour points.
Grunt now has 42 health remaining

Archer with 84 health has a 18 total attack points, and attacks Ranged with 59 health who has 10 total armour points.
Ranged now has 51 health remaining

Raider with 39 health has a 22 total attack points, and attacks Archer with 62 health who has 10 total armour points.
Archer now has 50 health remaining

Grunt with 10 health has a 17 total attack points, and attacks Knight with 40 health who has 13 total armour points.
Knight now has 36 health remaining

Archer with 26 health has a 18 total attack points, and attacks Grunt with 57 health who has 11 total armour points.
Grunt now has 50 health remaining

Archer with 51 health has a 18 total attack points, and attacks Ranged with 36 health who has 10 total armour points.
Ranged now has 28 health remaining

Archer with 32 health has a 18 total attack points, and attacks Spearman with 32 health who has 10 total armour points.
Spearman now has 24 health remaining

Spearman with 39 health has a 18 total attack points, and attacks Archer with 71 health who has 10 total armour points.
Archer now has 63 health remaining

Knight with 82 health has a 22 total attack points, and attacks Grunt with 79 health who has 11 total armour points.
Grunt now has 68 health remaining

Spearman with 90 health has a 18 total attack points, and attacks Archer with 71 health who has 10 total armour points.
Archer now has 63 health remaining

Knight with 81 health has a 22 total attack points, and attacks Ranged with 42 health who has 10 total armour points.
Ranged now has 30 health remaining

Grunt with 14 health has a 17 total attack points, and attacks Footman with 54 health who has 11 total armour points.
Footman now has 48 health remaining

Ranged with 49 health has a 18 total attack points, and attacks Archer with 32 health who has 10 total armour points.
Archer now has 24 health remaining

Spearman with 83 health has a 18 total attack points, and attacks Footman with 45 health who has 11 total armour points.
Footman now has 38 health remaining

Ranged with 68 health has a 18 total attack points, and attacks Archer with 29 health who has 10 total armour points.
Archer now has 21 health remaining

Footman with 25 health has a 17 total attack points, and attacks Raider with 78 health who has 13 total armour points.
Raider now has 74 health remaining

Archer with 51 health has a 18 total attack points, and attacks Raider with 90 health who has 13 total armour points.
Raider now has 85 health remaining

Grunt with 48 health has a 17 total attack points, and attacks Footman with 82 health who has 11 total armour points.
Footman now has 76 health remaining

Archer with 47 health has a 18 total attack points, and attacks Ranged with 25 health who has 10 total armour points.
Ranged now has 17 health remaining

Raider with 44 health has a 22 total attack points, and attacks Archer with 83 health who has 10 total armour points.
Archer now has 71 health remaining

Spearman with 43 health has a 18 total attack points, and attacks Footman with 47 health who has 11 total armour points.
Footman now has 40 health remaining

Raider with 67 health has a 22 total attack points, and attacks Footman with 5 health who has 11 total armour points.
Footman has died in combat.

Raider with 49 health has a 22 total attack points, and attacks Archer with 36 health who has 10 total armour points.
Archer now has 24 health remaining

Knight with 55 health has a 22 total attack points, and attacks Raider with 36 health who has 13 total armour points.
Raider now has 27 health remaining

Grunt with 41 health has a 17 total attack points, and attacks Footman with 38 health who has 11 total armour points.
Footman now has 32 health remaining

Spearman with 66 health has a 18 total attack points, and attacks Footman with 41 health who has 11 total armour points.
Footman now has 34 health remaining

Ranged with 33 health has a 18 total attack points, and attacks Archer with 60 health who has 10 total armour points.
Archer now has 52 health remaining

Archer with 52 health has a 18 total attack points, and attacks Spearman with 37 health who has 10 total armour points.
Spearman now has 29 health remaining

Raider with 46 health has a 22 total attack points, and attacks Footman with 66 health who has 11 total armour points.
Footman now has 55 health remaining

Spearman with 63 health has a 18 total attack points, and attacks Footman with 67 health who has 11 total armour points.
Footman now has 60 health remaining

Footman with 56 health has a 17 total attack points, and attacks Grunt with 6 health who has 11 total armour points.
Grunt has died in combat.

Footman with 14 health has a 17 total attack points, and attacks Grunt with 47 health who has 11 total armour points.
Grunt now has 41 health remaining

Archer with 12 health has a 18 total attack points, and attacks Raider with 54 health who has 13 total armour points.
Raider now has 49 health remaining

Raider with 65 health has a 22 total attack points, and attacks Archer with 36 health who has 10 total armour points.
Archer now has 24 health remaining

Archer with 12 health has a 18 total attack points, and attacks Raider with 51 health who has 13 total armour points.
Raider now has 46 health remaining

Archer with 91 health has a 18 total attack points, and attacks Raider with 88 health who has 13 total armour points.
Raider now has 83 health remaining

Archer with 79 health has a 18 total attack points, and attacks Raider with 55 health who has 13 total armour points.
Raider now has 50 health remaining

Knight with 36 health has a 22 total attack points, and attacks Ranged with 36 health who has 10 total armour points.
Ranged now has 24 health remaining

Ranged with 51 health has a 18 total attack points, and attacks Archer with 12 health who has 10 total armour points.
Archer now has 4 health remaining

Grunt with 42 health has a 17 total attack points, and attacks Archer with 45 health who has 10 total armour points.
Archer now has 38 health remaining

Raider with 72 health has a 22 total attack points, and attacks Archer with 75 health who has 10 total armour points.
Archer now has 63 health remaining

Footman with 29 health has a 17 total attack points, and attacks Spearman with 66 health who has 10 total armour points.
Spearman now has 59 health remaining

Archer with 84 health has a 18 total attack points, and attacks Ranged with 48 health who has 10 total armour points.
Ranged now has 40 health remaining

Footman with 10 health has a 17 total attack points, and attacks Raider with 11 health who has 13 total armour points.
Raider now has 7 health remaining

Ranged with 83 health has a 18 total attack points, and attacks Archer with 71 health who has 10 total armour points.
Archer now has 63 health remaining

Archer with 28 health has a 18 total attack points, and attacks Spearman with 29 health who has 10 total armour points.
Spearman now has 21 health remaining

Footman with 12 health has a 17 total attack points, and attacks Ranged with 14 health who has 10 total armour points.
Ranged now has 7 health remaining

Footman with 69 health has a 17 total attack points, and attacks Grunt with 62 health who has 11 total armour points.
Grunt now has 56 health remaining

Archer with 26 health has a 18 total attack points, and attacks Spearman with 67 health who has 10 total armour points.
Spearman now has 59 health remaining

Spearman with 50 health has a 18 total attack points, and attacks Archer with 20 health who has 10 total armour points.
Archer now has 12 health remaining

Grunt with 41 health has a 17 total attack points, and attacks Archer with 55 health who has 10 total armour points.
Archer now has 48 health remaining

Footman with 36 health has a 17 total attack points, and attacks Grunt with 22 health who has 11 total armour points.
Grunt now has 16 health remaining

Spearman with 54 health has a 18 total attack points, and attacks Knight with 48 health who has 13 total armour points.
Knight now has 43 health remaining

Knight with 41 health has a 22 total attack points, and attacks Raider with 47 health who has 13 total armour points.
Raider now has 38 health remaining

Knight with 73 health has a 22 total attack points, and attacks Raider with 73 health who has 13 total armour points.
Raider now has 64 health remaining

Ranged with 49 health has a 18 total attack points, and attacks Knight with 57 health who has 13 total armour points.
Knight now has 52 health remaining

Grunt with 32 health has a 17 total attack points, and attacks Archer with 44 health who has 10 total armour points.
Archer now has 37 health remaining

Raider with 66 health has a 22 total attack points, and attacks Footman with 48 health who has 11 total armour points.
Footman now has 37 health remaining

Spearman with 63 health has a 18 total attack points, and attacks Archer with 29 health who has 10 total armour points.
Archer now has 21 health remaining

Raider with 72 health has a 22 total attack points, and attacks Knight with 64 health who has 13 total armour points.
Knight now has 55 health remaining

Raider with 25 health has a 22 total attack points, and attacks Footman with 56 health who has 11 total armour points.
Footman now has 45 health remaining

Archer with 44 health has a 18 total attack points, and attacks Ranged with 51 health who has 10 total armour points.
Ranged now has 43 health remaining

Ranged with 70 health has a 18 total attack points, and attacks Knight with 69 health who has 13 total armour points.
Knight now has 64 health remaining

Knight with 67 health has a 22 total attack points, and attacks Raider with 76 health who has 13 total armour points.
Raider now has 67 health remaining

Raider with 38 health has a 22 total attack points, and attacks Footman with 62 health who has 11 total armour points.
Footman now has 51 health remaining

Raider with 65 health has a 22 total attack points, and attacks Archer with 16 health who has 10 total armour points.
Archer now has 4 health remaining

Footman with 25 health has a 17 total attack points, and attacks Raider with 77 health who has 13 total armour points.
Raider now has 73 health remaining

Raider with 67 health has a 22 total attack points, and attacks Archer with 79 health who has 10 total armour points.
Archer now has 67 health remaining

Grunt with 27 health has a 17 total attack points, and attacks Knight with 59 health who has 13 total armour points.
Knight now has 55 health remaining

Knight with 49 health has a 22 total attack points, and attacks Grunt with 37 health who has 11 total armour points.
Grunt now has 26 health remaining

Archer with 82 health has a 18 total attack points, and attacks Spearman with 24 health who has 10 total armour points.
Spearman now has 16 health remaining

Footman with 34 health has a 17 total attack points, and attacks Raider with 39 health who has 13 total armour points.
Raider now has 35 health remaining

Footman with 57 health has a 17 total attack points, and attacks Raider with 56 health who has 13 total armour points.
Raider now has 52 health remaining

Archer with 51 health has a 18 total attack points, and attacks Spearman with 58 health who has 10 total armour points.
Spearman now has 50 health remaining

Spearman with 10 health has a 18 total attack points, and attacks Archer with 79 health who has 10 total armour points.
Archer now has 71 health remaining

Knight with 53 health has a 22 total attack points, and attacks Raider with 63 health who has 13 total armour points.
Raider now has 54 health remaining

Spearman with 41 health has a 18 total attack points, and attacks Footman with 60 health who has 11 total armour points.
Footman now has 53 health remaining

Archer with 75 health has a 18 total attack points, and attacks Ranged with 83 health who has 10 total armour points.
Ranged now has 75 health remaining

Raider with 64 health has a 22 total attack points, and attacks Footman with 41 health who has 11 total armour points.
Footman now has 30 health remaining

Spearman with 59 health has a 18 total attack points, and attacks Archer with 47 health who has 10 total armour points.
Archer now has 39 health remaining

Spearman with 59 health has a 18 total attack points, and attacks Footman with 14 health who has 11 total armour points.
Footman now has 7 health remaining

Archer with 45 health has a 18 total attack points, and attacks Raider with 50 health who has 13 total armour points.
Raider now has 45 health remaining

Raider with 52 health has a 22 total attack points, and attacks Knight with 82 health who has 13 total armour points.
Knight now has 73 health remaining

Spearman with 39 health has a 18 total attack points, and attacks Footman with 54 health who has 11 total armour points.
Footman now has 47 health remaining

Grunt with 33 health has a 17 total attack points, and attacks Archer with 38 health who has 10 total armour points.
Archer now has 31 health remaining

Raider with 65 health has a 22 total attack points, and attacks Footman with 76 health who has 11 total armour points.
Footman now has 65 health remaining

Grunt with 49 health has a 17 total attack points, and attacks Footman with 7 health who has 11 total armour points.
Footman now has 1 health remaining

Spearman with 47 health has a 18 total attack points, and attacks Knight with 42 health who has 13 total armour points.
Knight now has 37 health remaining

Grunt with 32 health has a 17 total attack points, and attacks Archer with 31 health who has 10 total armour points.
Archer now has 24 health remaining

Archer with 74 health has a 18 total attack points, and attacks Grunt with 6 health who has 11 total armour points.
Grunt has died in combat.

Grunt with 32 health has a 17 total attack points, and attacks Knight with 59 health who has 13 total armour points.
Knight now has 55 health remaining

Archer with 63 health has a 18 total attack points, and attacks Grunt with 55 health who has 11 total armour points.
Grunt now has 48 health remaining

Ranged with 36 health has a 18 total attack points, and attacks Archer with 29 health who has 10 total armour points.
Archer now has 21 health remaining

Grunt with 41 health has a 17 total attack points, and attacks Footman with 29 health who has 11 total armour points.
Footman now has 23 health remaining

Knight with 26 health has a 22 total attack points, and attacks Ranged with 61 health who has 10 total armour points.
Ranged now has 49 health remaining

Archer with 61 health has a 18 total attack points, and attacks Raider with 67 health who has 13 total armour points.
Raider now has 62 health remaining

Grunt with 22 health has a 17 total attack points, and attacks Knight with 37 health who has 13 total armour points.
Knight now has 33 health remaining

Ranged with 74 health has a 18 total attack points, and attacks Footman with 20 health who has 11 total armour points.
Footman now has 13 health remaining

Raider with 65 health has a 22 total attack points, and attacks Archer with 13 health who has 10 total armour points.
Archer now has 1 health remaining

Footman with 21 health has a 17 total attack points, and attacks Raider with 42 health who has 13 total armour points.
Raider now has 38 health remaining

Grunt with 42 health has a 17 total attack points, and attacks Footman with 14 health who has 11 total armour points.
Footman now has 8 health remaining

Ranged with 19 health has a 18 total attack points, and attacks Archer with 26 health who has 10 total armour points.
Archer now has 18 health remaining

Archer with 61 health has a 18 total attack points, and attacks Ranged with 75 health who has 10 total armour points.
Ranged now has 67 health remaining

Archer with 18 health has a 18 total attack points, and attacks Ranged with 28 health who has 10 total armour points.
Ranged now has 20 health remaining

Archer with 12 health has a 18 total attack points, and attacks Grunt with 69 health who has 11 total armour points.
Grunt now has 62 health remaining

Grunt with 50 health has a 17 total attack points, and attacks Knight with 22 health who has 13 total armour points.
Knight now has 18 health remaining

Grunt with 56 health has a 17 total attack points, and attacks Archer with 12 health who has 10 total armour points.
Archer now has 5 health remaining

Archer with 64 health has a 18 total attack points, and attacks Spearman with 63 health who has 10 total armour points.
Spearman now has 55 health remaining

Archer with 66 health has a 18 total attack points, and attacks Grunt with 73 health who has 11 total armour points.
Grunt now has 66 health remaining

Archer with 43 health has a 18 total attack points, and attacks Grunt with 27 health who has 11 total armour points.
Grunt now has 20 health remaining

Archer with 53 health has a 18 total attack points, and attacks Raider with 45 health who has 13 total armour points.
Raider now has 40 health remaining

Footman with 65 health has a 17 total attack points, and attacks Raider with 65 health who has 13 total armour points.
Raider now has 61 health remaining

Spearman with 72 health has a 18 total attack points, and attacks Archer with 66 health who has 10 total armour points.
Archer now has 58 health remaining

Ranged with 52 health has a 18 total attack points, and attacks Knight with 53 health who has 13 total armour points.
Knight now has 48 health remaining

Archer with 62 health has a 18 total attack points, and attacks Grunt with 73 health who has 11 total armour points.
Grunt now has 66 health remaining

Knight with 51 health has a 22 total attack points, and attacks Ranged with 82 health who has 10 total armour points.
Ranged now has 70 health remaining

Ranged with 46 health has a 18 total attack points, and attacks Knight with 13 health who has 13 total armour points.
Knight now has 8 health remaining

Grunt with 53 health has a 17 total attack points, and attacks Knight with 77 health who has 13 total armour points.
Knight now has 73 health remaining

Spearman with 47 health has a 18 total attack points, and attacks Knight with 76 health who has 13 total armour points.
Knight now has 71 health remaining

Archer with 1 health has a 18 total attack points, and attacks Spearman with 24 health who has 10 total armour points.
Spearman now has 16 health remaining

Ranged with 31 health has a 18 total attack points, and attacks Knight with 77 health who has 13 total armour points.
Knight now has 72 health remaining

Ranged with 37 health has a 18 total attack points, and attacks Archer with 75 health who has 10 total armour points.
Archer now has 67 health remaining

Raider with 54 health has a 22 total attack points, and attacks Archer with 63 health who has 10 total armour points.
Archer now has 51 health remaining

Footman with 56 health has a 17 total attack points, and attacks Raider with 60 health who has 13 total armour points.
Raider now has 56 health remaining

Ranged with 46 health has a 18 total attack points, and attacks Archer with 31 health who has 10 total armour points.
Archer now has 23 health remaining

Archer with 26 health has a 18 total attack points, and attacks Raider with 63 health who has 13 total armour points.
Raider now has 58 health remaining

Grunt with 40 health has a 17 total attack points, and attacks Footman with 64 health who has 11 total armour points.
Footman now has 58 health remaining

Archer with 52 health has a 18 total attack points, and attacks Raider with 35 health who has 13 total armour points.
Raider now has 30 health remaining

Grunt with 59 health has a 17 total attack points, and attacks Knight with 71 health who has 13 total armour points.
Knight now has 67 health remaining

Grunt with 61 health has a 17 total attack points, and attacks Archer with 52 health who has 10 total armour points.
Archer now has 45 health remaining

Archer with 45 health has a 18 total attack points, and attacks Ranged with 34 health who has 10 total armour points.
Ranged now has 26 health remaining

Grunt with 68 health has a 17 total attack points, and attacks Archer with 44 health who has 10 total armour points.
Archer now has 37 health remaining

Ranged with 47 health has a 18 total attack points, and attacks Archer with 63 health who has 10 total armour points.
Archer now has 55 health remaining

Spearman with 55 health has a 18 total attack points, and attacks Archer with 61 health who has 10 total armour points.
Archer now has 53 health remaining

Knight with 50 health has a 22 total attack points, and attacks Grunt with 39 health who has 11 total armour points.
Grunt now has 28 health remaining

Raider with 82 health has a 22 total attack points, and attacks Footman with 28 health who has 11 total armour points.
Footman now has 17 health remaining

Archer with 84 health has a 18 total attack points, and attacks Grunt with 62 health who has 11 total armour points.
Grunt now has 55 health remaining

Ranged with 31 health has a 18 total attack points, and attacks Archer with 44 health who has 10 total armour points.
Archer now has 36 health remaining

Knight with 64 health has a 22 total attack points, and attacks Spearman with 20 health who has 10 total armour points.
Spearman now has 8 health remaining

Raider with 46 health has a 22 total attack points, and attacks Footman with 27 health who has 11 total armour points.
Footman now has 16 health remaining

Grunt with 42 health has a 17 total attack points, and attacks Footman with 59 health who has 11 total armour points.
Footman now has 53 health remaining

Archer with 44 health has a 18 total attack points, and attacks Grunt with 18 health who has 11 total armour points.
Grunt now has 11 health remaining

Grunt with 45 health has a 17 total attack points, and attacks Knight with 53 health who has 13 total armour points.
Knight now has 49 health remaining

Archer with 17 health has a 18 total attack points, and attacks Spearman with 44 health who has 10 total armour points.
Spearman now has 36 health remaining

Archer with 71 health has a 18 total attack points, and attacks Spearman with 36 health who has 10 total armour points.
Spearman now has 28 health remaining

Raider with 77 health has a 22 total attack points, and attacks Footman with 4 health who has 11 total armour points.
Footman has died in combat.

Grunt with 58 health has a 17 total attack points, and attacks Knight with 46 health who has 13 total armour points.
Knight now has 42 health remaining

Footman with 8 health has a 17 total attack points, and attacks Grunt with 48 health who has 11 total armour points.
Grunt now has 42 health remaining

Footman with 1 health has a 17 total attack points, and attacks Grunt with 62 health who has 11 total armour points.
Grunt now has 56 health remaining

Archer with 27 health has a 18 total attack points, and attacks Ranged with 47 health who has 10 total armour points.
Ranged now has 39 health remaining

Archer with 63 health has a 18 total attack points, and attacks Grunt with 61 health who has 11 total armour points.
Grunt now has 54 health remaining

Grunt with 14 health has a 17 total attack points, and attacks Knight with 55 health who has 13 total armour points.
Knight now has 51 health remaining

Footman with 31 health has a 17 total attack points, and attacks Raider with 58 health who has 13 total armour points.
Raider now has 54 health remaining

Raider with 37 health has a 22 total attack points, and attacks Archer with 83 health who has 10 total armour points.
Archer now has 71 health remaining

Ranged with 19 health has a 18 total attack points, and attacks Knight with 27 health who has 13 total armour points.
Knight now has 22 health remaining

Grunt with 67 health has a 17 total attack points, and attacks Archer with 32 health who has 10 total armour points.
Archer now has 25 health remaining

Raider with 68 health has a 22 total attack points, and attacks Knight with 49 health who has 13 total armour points.
Knight now has 40 health remaining

Archer with 84 health has a 18 total attack points, and attacks Ranged with 7 health who has 10 total armour points.
Ranged has died in combat.

Raider with 82 health has a 22 total attack points, and attacks Archer with 53 health who has 10 total armour points.
Archer now has 41 health remaining

Grunt with 46 health has a 17 total attack points, and attacks Footman with 60 health who has 11 total armour points.
Footman now has 54 health remaining

Archer with 48 health has a 18 total attack points, and attacks Grunt with 32 health who has 11 total armour points.
Grunt now has 25 health remaining

Archer with 72 health has a 18 total attack points, and attacks Raider with 71 health who has 13 total armour points.
Raider now has 66 health remaining

Raider with 67 health has a 22 total attack points, and attacks Footman with 86 health who has 11 total armour points.
Footman now has 75 health remaining

Archer with 57 health has a 18 total attack points, and attacks Spearman with 74 health who has 10 total armour points.
Spearman now has 66 health remaining

Archer with 53 health has a 18 total attack points, and attacks Raider with 46 health who has 13 total armour points.
Raider now has 41 health remaining

Archer with 82 health has a 18 total attack points, and attacks Grunt with 42 health who has 11 total armour points.
Grunt now has 35 health remaining

Footman with 13 health has a 17 total attack points, and attacks Grunt with 67 health who has 11 total armour points.
Grunt now has 61 health remaining

Archer with 18 health has a 18 total attack points, and attacks Raider with 82 health who has 13 total armour points.
Raider now has 77 health remaining

Archer with 64 health has a 18 total attack points, and attacks Grunt with 3 health who has 11 total armour points.
Grunt has died in combat.

Ranged with 38 health has a 18 total attack points, and attacks Knight with 46 health who has 13 total armour points.
Knight now has 41 health remaining

Archer with 52 health has a 18 total attack points, and attacks Ranged with 24 health who has 10 total armour points.
Ranged now has 16 health remaining

Spearman with 47 health has a 18 total attack points, and attacks Archer with 55 health who has 10 total armour points.
Archer now has 47 health remaining

Grunt with 67 health has a 17 total attack points, and attacks Footman with 53 health who has 11 total armour points.
Footman now has 47 health remaining

Archer with 82 health has a 18 total attack points, and attacks Ranged with 76 health who has 10 total armour points.
Ranged now has 68 health remaining

Footman with 45 health has a 17 total attack points, and attacks Spearman with 10 health who has 10 total armour points.
Spearman now has 3 health remaining

Archer with 43 health has a 18 total attack points, and attacks Spearman with 59 health who has 10 total armour points.
Spearman now has 51 health remaining

Ranged with 60 health has a 18 total attack points, and attacks Archer with 40 health who has 10 total armour points.
Archer now has 32 health remaining

Footman with 21 health has a 17 total attack points, and attacks Ranged with 40 health who has 10 total armour points.
Ranged now has 33 health remaining

Archer with 64 health has a 18 total attack points, and attacks Grunt with 53 health who has 11 total armour points.
Grunt now has 46 health remaining

Archer with 43 health has a 18 total attack points, and attacks Grunt with 68 health who has 11 total armour points.
Grunt now has 61 health remaining

Footman with 47 health has a 17 total attack points, and attacks Raider with 68 health who has 13 total armour points.
Raider now has 64 health remaining

Knight with 55 health has a 22 total attack points, and attacks Raider with 54 health who has 13 total armour points.
Raider now has 45 health remaining

Raider with 72 health has a 22 total attack points, and attacks Footman with 87 health who has 11 total armour points.
Footman now has 76 health remaining

Raider with 74 health has a 22 total attack points, and attacks Footman with 30 health who has 11 total armour points.
Footman now has 19 health remaining

Grunt with 58 health has a 17 total attack points, and attacks Archer with 17 health who has 10 total armour points.
Archer now has 10 health remaining

Spearman with 83 health has a 18 total attack points, and attacks Knight with 55 health who has 13 total armour points.
Knight now has 50 health remaining

Archer with 33 health has a 18 total attack points, and attacks Spearman with 29 health who has 10 total armour points.
Spearman now has 21 health remaining

Grunt with 56 health has a 17 total attack points, and attacks Archer with 59 health who has 10 total armour points.
Archer now has 52 health remaining

Archer with 83 health has a 18 total attack points, and attacks Ranged with 46 health who has 10 total armour points.
Ranged now has 38 health remaining

Ranged with 27 health has a 18 total attack points, and attacks Archer with 45 health who has 10 total armour points.
Archer now has 37 health remaining

Grunt with 44 health has a 17 total attack points, and attacks Archer with 45 health who has 10 total armour points.
Archer now has 38 health remaining

Footman with 47 health has a 17 total attack points, and attacks Grunt with 33 health who has 11 total armour points.
Grunt now has 27 health remaining

Archer with 74 health has a 18 total attack points, and attacks Grunt with 42 health who has 11 total armour points.
Grunt now has 35 health remaining

Footman with 41 health has a 17 total attack points, and attacks Grunt with 40 health who has 11 total armour points.
Grunt now has 34 health remaining

Archer with 51 health has a 18 total attack points, and attacks Raider with 74 health who has 13 total armour points.
Raider now has 69 health remaining

Archer with 52 health has a 18 total attack points, and attacks Raider with 36 health who has 13 total armour points.
Raider now has 31 health remaining

Knight with 76 health has a 22 total attack points, and attacks Spearman with 47 health who has 10 total armour points.
Spearman now has 35 health remaining

Archer with 67 health has a 18 total attack points, and attacks Raider with 65 health who has 13 total armour points.
Raider now has 60 health remaining

Raider with 67 health has a 22 total attack points, and attacks Footman with 54 health who has 11 total armour points.
Footman now has 43 health remaining

Archer with 28 health has a 18 total attack points, and attacks Spearman with 51 health who has 10 total armour points.
Spearman now has 43 health remaining

Knight with 64 health has a 22 total attack points, and attacks Grunt with 11 health who has 11 total armour points.
Grunt has died in combat.

Grunt with 45 health has a 17 total attack points, and attacks Footman with 76 health who has 11 total armour points.
Footman now has 70 health remaining

Knight with 48 health has a 22 total attack points, and attacks Raider with 25 health who has 13 total armour points.
Raider now has 16 health remaining

Spearman with 18 health has a 18 total attack points, and attacks Knight with 48 health who has 13 total armour points.
Knight now has 43 health remaining

Raider with 67 health has a 22 total attack points, and attacks Knight with 36 health who has 13 total armour points.
Knight now has 27 health remaining

Archer with 68 health has a 18 total attack points, and attacks Ranged with 26 health who has 10 total armour points.
Ranged now has 18 health remaining

Spearman with 12 health has a 18 total attack points, and attacks Footman with 45 health who has 11 total armour points.
Footman now has 38 health remaining

Footman with 53 health has a 17 total attack points, and attacks Spearman with 28 health who has 10 total armour points.
Spearman now has 21 health remaining

Knight with 85 health has a 22 total attack points, and attacks Ranged with 36 health who has 10 total armour points.
Ranged now has 24 health remaining

Grunt with 59 health has a 17 total attack points, and attacks Archer with 77 health who has 10 total armour points.
Archer now has 70 health remaining

Grunt with 66 health has a 17 total attack points, and attacks Footman with 54 health who has 11 total armour points.
Footman now has 48 health remaining

Raider with 44 health has a 22 total attack points, and attacks Archer with 68 health who has 10 total armour points.
Archer now has 56 health remaining

Archer with 18 health has a 18 total attack points, and attacks Ranged with 72 health who has 10 total armour points.
Ranged now has 64 health remaining

Footman with 43 health has a 17 total attack points, and attacks Ranged with 66 health who has 10 total armour points.
Ranged now has 59 health remaining

Grunt with 61 health has a 17 total attack points, and attacks Archer with 44 health who has 10 total armour points.
Archer now has 37 health remaining

Archer with 41 health has a 18 total attack points, and attacks Ranged with 28 health who has 10 total armour points.
Ranged now has 20 health remaining

Footman with 13 health has a 17 total attack points, and attacks Grunt with 55 health who has 11 total armour points.
Grunt now has 49 health remaining

Footman with 44 health has a 17 total attack points, and attacks Raider with 51 health who has 13 total armour points.
Raider now has 47 health remaining

Archer with 83 health has a 18 total attack points, and attacks Spearman with 46 health who has 10 total armour points.
Spearman now has 38 health remaining

Grunt with 56 health has a 17 total attack points, and attacks Knight with 76 health who has 13 total armour points.
Knight now has 72 health remaining

Archer with 25 health has a 18 total attack points, and attacks Ranged with 68 health who has 10 total armour points.
Ranged now has 60 health remaining

Raider with 34 health has a 22 total attack points, and attacks Archer with 44 health who has 10 total armour points.
Archer now has 32 health remaining

Footman with 56 health has a 17 total attack points, and attacks Ranged with 49 health who has 10 total armour points.
Ranged now has 42 health remaining

Archer with 83 health has a 18 total attack points, and attacks Grunt with 33 health who has 11 total armour points.
Grunt now has 26 health remaining

Archer with 37 health has a 18 total attack points, and attacks Ranged with 75 health who has 10 total armour points.
Ranged now has 67 health remaining

Footman with 68 health has a 17 total attack points, and attacks Raider with 34 health who has 13 total armour points.
Raider now has 30 health remaining

Knight with 33 health has a 22 total attack points, and attacks Grunt with 18 health who has 11 total armour points.
Grunt now has 7 health remaining

Archer with 71 health has a 18 total attack points, and attacks Spearman with 51 health who has 10 total armour points.
Spearman now has 43 health remaining

Grunt with 67 health has a 17 total attack points, and attacks Footman with 47 health who has 11 total armour points.
Footman now has 41 health remaining

Archer with 63 health has a 18 total attack points, and attacks Grunt with 37 health who has 11 total armour points.
Grunt now has 30 health remaining

Footman with 48 health has a 17 total attack points, and attacks Ranged with 20 health who has 10 total armour points.
Ranged now has 13 health remaining

Ranged with 18 health has a 18 total attack points, and attacks Knight with 36 health who has 13 total armour points.
Knight now has 31 health remaining

Ranged with 18 health has a 18 total attack points, and attacks Knight with 71 health who has 13 total armour points.
Knight now has 66 health remaining

Knight with 55 health has a 22 total attack points, and attacks Spearman with 59 health who has 10 total armour points.
Spearman now has 47 health remaining

Raider with 73 health has a 22 total attack points, and attacks Knight with 60 health who has 13 total armour points.
Knight now has 51 health remaining

Spearman with 59 health has a 18 total attack points, and attacks Archer with 47 health who has 10 total armour points.
Archer now has 39 health remaining

Footman with 40 health has a 17 total attack points, and attacks Grunt with 61 health who has 11 total armour points.
Grunt now has 55 health remaining

Knight with 80 health has a 22 total attack points, and attacks Grunt with 54 health who has 11 total armour points.
Grunt now has 43 health remaining

Raider with 70 health has a 22 total attack points, and attacks Archer with 54 health who has 10 total armour points.
Archer now has 42 health remaining

Archer with 29 health has a 18 total attack points, and attacks Raider with 72 health who has 13 total armour points.
Raider now has 67 health remaining

Archer with 63 health has a 18 total attack points, and attacks Raider with 35 health who has 13 total armour points.
Raider now has 30 health remaining

Knight with 51 health has a 22 total attack points, and attacks Spearman with 49 health who has 10 total armour points.
Spearman now has 37 health remaining

Ranged with 49 health has a 18 total attack points, and attacks Archer with 52 health who has 10 total armour points.
Archer now has 44 health remaining

Ranged with 39 health has a 18 total attack points, and attacks Archer with 55 health who has 10 total armour points.
Archer now has 47 health remaining

Archer with 67 health has a 18 total attack points, and attacks Raider with 69 health who has 13 total armour points.
Raider now has 64 health remaining

Knight with 55 health has a 22 total attack points, and attacks Raider with 77 health who has 13 total armour points.
Raider now has 68 health remaining

Knight with 68 health has a 22 total attack points, and attacks Grunt with 60 health who has 11 total armour points.
Grunt now has 49 health remaining

Archer with 55 health has a 18 total attack points, and attacks Spearman with 90 health who has 10 total armour points.
Spearman now has 82 health remaining

Ranged with 64 health has a 18 total attack points, and attacks Archer with 91 health who has 10 total armour points.
Archer now has 83 health remaining

Knight with 46 health has a 22 total attack points, and attacks Ranged with 38 health who has 10 total armour points.
Ranged now has 26 health remaining

Grunt with 48 health has a 17 total attack points, and attacks Footman with 47 health who has 11 total armour points.
Footman now has 41 health remaining

Grunt with 68 health has a 17 total attack points, and attacks Knight with 25 health who has 13 total armour points.
Knight now has 21 health remaining

Raider with 40 health has a 22 total attack points, and attacks Footman with 33 health who has 11 total armour points.
Footman now has 22 health remaining

Footman with 31 health has a 17 total attack points, and attacks Raider with 63 health who has 13 total armour points.
Raider now has 59 health remaining

Spearman with 72 health has a 18 total attack points, and attacks Archer with 53 health who has 10 total armour points.
Archer now has 45 health remaining

Archer with 76 health has a 18 total attack points, and attacks Spearman with 37 health who has 10 total armour points.
Spearman now has 29 health remaining

Archer with 22 health has a 18 total attack points, and attacks Raider with 81 health who has 13 total armour points.
Raider now has 76 health remaining

Knight with 55 health has a 22 total attack points, and attacks Grunt with 67 health who has 11 total armour points.
Grunt now has 56 health remaining

Archer with 47 health has a 18 total attack points, and attacks Ranged with 68 health who has 10 total armour points.
Ranged now has 60 health remaining

Spearman with 82 health has a 18 total attack points, and attacks Footman with 49 health who has 11 total armour points.
Footman now has 42 health remaining

Grunt with 55 health has a 17 total attack points, and attacks Knight with 49 health who has 13 total armour points.
Knight now has 45 health remaining

Grunt with 34 health has a 17 total attack points, and attacks Archer with 15 health who has 10 total armour points.
Archer now has 8 health remaining

Archer with 16 health has a 18 total attack points, and attacks Spearman with 36 health who has 10 total armour points.
Spearman now has 28 health remaining

Knight with 67 health has a 22 total attack points, and attacks Raider with 55 health who has 13 total armour points.
Raider now has 46 health remaining

Raider with 67 health has a 22 total attack points, and attacks Archer with 19 health who has 10 total armour points.
Archer now has 7 health remaining

Archer with 39 health has a 18 total attack points, and attacks Ranged with 24 health who has 10 total armour points.
Ranged now has 16 health remaining

Ranged with 16 health has a 18 total attack points, and attacks Knight with 91 health who has 13 total armour points.
Knight now has 86 health remaining

Archer with 24 health has a 18 total attack points, and attacks Spearman with 77 health who has 10 total armour points.
Spearman now has 69 health remaining

Archer with 18 health has a 18 total attack points, and attacks Grunt with 12 health who has 11 total armour points.
Grunt now has 5 health remaining

Knight with 52 health has a 22 total attack points, and attacks Ranged with 60 health who has 10 total armour points.
Ranged now has 48 health remaining

Archer with 21 health has a 18 total attack points, and attacks Spearman with 18 health who has 10 total armour points.
Spearman now has 10 health remaining

Footman with 75 health has a 17 total attack points, and attacks Raider with 66 health who has 13 total armour points.
Raider now has 62 health remaining

Spearman with 32 health has a 18 total attack points, and attacks Footman with 49 health who has 11 total armour points.
Footman now has 42 health remaining

Spearman with 43 health has a 18 total attack points, and attacks Archer with 10 health who has 10 total armour points.
Archer now has 2 health remaining

Ranged with 47 health has a 18 total attack points, and attacks Archer with 50 health who has 10 total armour points.
Archer now has 42 health remaining

Knight with 86 health has a 22 total attack points, and attacks Spearman with 38 health who has 10 total armour points.
Spearman now has 26 health remaining

Footman with 10 health has a 17 total attack points, and attacks Grunt with 28 health who has 11 total armour points.
Grunt now has 22 health remaining

Knight with 45 health has a 22 total attack points, and attacks Raider with 77 health who has 13 total armour points.
Raider now has 68 health remaining

Grunt with 27 health has a 17 total attack points, and attacks Knight with 40 health who has 13 total armour points.
Knight now has 36 health remaining

Footman with 34 health has a 17 total attack points, and attacks Spearman with 96 health who has 12 total armour points.
Spearman now has 91 health remaining

Footman with 39 health has a 17 total attack points, and attacks Raider with 76 health who has 13 total armour points.
Raider now has 72 health remaining

Footman with 62 health has a 17 total attack points, and attacks Raider with 37 health who has 13 total armour points.
Raider now has 33 health remaining

Archer with 78 health has a 18 total attack points, and attacks Raider with 62 health who has 13 total armour points.
Raider now has 57 health remaining

Footman with 41 health has a 17 total attack points, and attacks Spearman with 60 health who has 10 total armour points.
Spearman now has 53 health remaining

Knight with 65 health has a 22 total attack points, and attacks Raider with 40 health who has 13 total armour points.
Raider now has 31 health remaining

Archer with 43 health has a 18 total attack points, and attacks Raider with 68 health who has 13 total armour points.
Raider now has 63 health remaining

Ranged with 26 health has a 18 total attack points, and attacks Archer with 63 health who has 10 total armour points.
Archer now has 55 health remaining

Ranged with 41 health has a 18 total attack points, and attacks Knight with 8 health who has 13 total armour points.
Knight now has 3 health remaining

Spearman with 16 health has a 18 total attack points, and attacks Archer with 22 health who has 10 total armour points.
Archer now has 14 health remaining

Archer with 68 health has a 18 total attack points, and attacks Raider with 68 health who has 13 total armour points.
Raider now has 63 health remaining

Footman with 13 health has a 17 total attack points, and attacks Raider with 73 health who has 13 total armour points.
Raider now has 69 health remaining

Raider with 38 health has a 22 total attack points, and attacks Footman with 49 health who has 11 total armour points.
Footman now has 38 health remaining

Spearman with 33 health has a 18 total attack points, and attacks Knight with 37 health who has 13 total armour points.
Knight now has 32 health remaining

Knight with 73 health has a 22 total attack points, and attacks Spearman with 49 health who has 10 total armour points.
Spearman now has 37 health remaining

Raider with 53 health has a 22 total attack points, and attacks Footman with 9 health who has 11 total armour points.
Footman has died in combat.

Footman with 13 health has a 17 total attack points, and attacks Ranged with 16 health who has 10 total armour points.
Ranged now has 9 health remaining

Grunt with 49 health has a 17 total attack points, and attacks Footman with 53 health who has 11 total armour points.
Footman now has 47 health remaining

Archer with 63 health has a 18 total attack points, and attacks Ranged with 44 health who has 10 total armour points.
Ranged now has 36 health remaining

Raider with 69 health has a 22 total attack points, and attacks Footman with 23 health who has 11 total armour points.
Footman now has 12 health remaining

Spearman with 69 health has a 18 total attack points, and attacks Knight with 86 health who has 13 total armour points.
Knight now has 81 health remaining

Footman with 48 health has a 17 total attack points, and attacks Grunt with 72 health who has 11 total armour points.
Grunt now has 66 health remaining

Knight with 38 health has a 22 total attack points, and attacks Spearman with 54 health who has 10 total armour points.
Spearman now has 42 health remaining

Grunt with 21 health has a 17 total attack points, and attacks Archer with 27 health who has 10 total armour points.
Archer now has 20 health remaining

Archer with 76 health has a 18 total attack points, and attacks Spearman with 24 health who has 10 total armour points.
Spearman now has 16 health remaining

Footman with 75 health has a 17 total attack points, and attacks Ranged with 43 health who has 10 total armour points.
Ranged now has 36 health remaining

Ranged with 60 health has a 18 total attack points, and attacks Archer with 32 health who has 10 total armour points.
Archer now has 24 health remaining

Grunt with 61 health has a 17 total attack points, and attacks Archer with 24 health who has 10 total armour points.
Archer now has 17 health remaining

Archer with 63 health has a 18 total attack points, and attacks Raider with 46 health who has 13 total armour points.
Raider now has 41 health remaining

Spearman with 41 health has a 18 total attack points, and attacks Knight with 77 health who has 13 total armour points.
Knight now has 72 health remaining

Archer with 38 health has a 18 total attack points, and attacks Ranged with 17 health who has 10 total armour points.
Ranged now has 9 health remaining

Raider with 77 health has a 22 total attack points, and attacks Archer with 51 health who has 10 total armour points.
Archer now has 39 health remaining

Grunt with 43 health has a 17 total attack points, and attacks Knight with 64 health who has 13 total armour points.
Knight now has 60 health remaining

Spearman with 35 health has a 18 total attack points, and attacks Archer with 47 health who has 10 total armour points.
Archer now has 39 health remaining

Ranged with 36 health has a 18 total attack points, and attacks Knight with 32 health who has 13 total armour points.
Knight now has 27 health remaining

Knight with 40 health has a 22 total attack points, and attacks Grunt with 31 health who has 11 total armour points.
Grunt now has 20 health remaining

Raider with 37 health has a 22 total attack points, and attacks Archer with 12 health who has 10 total armour points.
Archer has died in combat.

Archer with 23 health has a 18 total attack points, and attacks Grunt with 10 health who has 11 total armour points.
Grunt now has 3 health remaining

Archer with 55 health has a 18 total attack points, and attacks Raider with 73 health who has 13 total armour points.
Raider now has 68 health remaining

Raider with 53 health has a 22 total attack points, and attacks Archer with 74 health who has 10 total armour points.
Archer now has 62 health remaining

Knight with 45 health has a 22 total attack points, and attacks Grunt with 76 health who has 11 total armour points.
Grunt now has 65 health remaining

Raider with 64 health has a 22 total attack points, and attacks Archer with 54 health who has 10 total armour points.
Archer now has 42 health remaining

Archer with 24 health has a 18 total attack points, and attacks Ranged with 67 health who has 10 total armour points.
Ranged now has 59 health remaining

Archer with 78 health has a 18 total attack points, and attacks Spearman with 50 health who has 10 total armour points.
Spearman now has 42 health remaining

Spearman with 54 health has a 18 total attack points, and attacks Archer with 18 health who has 10 total armour points.
Archer now has 10 health remaining

Archer with 38 health has a 18 total attack points, and attacks Spearman with 39 health who has 10 total armour points.
Spearman now has 31 health remaining

Footman with 22 health has a 17 total attack points, and attacks Raider with 67 health who has 13 total armour points.
Raider now has 63 health remaining

Knight with 13 health has a 22 total attack points, and attacks Spearman with 92 health who has 12 total armour points.
Spearman now has 82 health remaining

Archer with 57 health has a 18 total attack points, and attacks Grunt with 66 health who has 11 total armour points.
Grunt now has 59 health remaining

Spearman with 45 health has a 18 total attack points, and attacks Archer with 39 health who has 10 total armour points.
Archer now has 31 health remaining

Footman with 66 health has a 17 total attack points, and attacks Ranged with 74 health who has 10 total armour points.
Ranged now has 67 health remaining

Raider with 41 health has a 22 total attack points, and attacks Footman with 77 health who has 11 total armour points.
Footman now has 66 health remaining

Knight with 81 health has a 22 total attack points, and attacks Spearman with 46 health who has 10 total armour points.
Spearman now has 34 health remaining

Ranged with 33 health has a 18 total attack points, and attacks Knight with 77 health who has 13 total armour points.
Knight now has 72 health remaining

Spearman with 59 health has a 18 total attack points, and attacks Archer with 24 health who has 10 total armour points.
Archer now has 16 health remaining

Grunt with 72 health has a 17 total attack points, and attacks Footman with 48 health who has 11 total armour points.
Footman now has 42 health remaining

Knight with 58 health has a 22 total attack points, and attacks Spearman with 16 health who has 10 total armour points.
Spearman now has 4 health remaining

Raider with 72 health has a 22 total attack points, and attacks Footman with 48 health who has 11 total armour points.
Footman now has 37 health remaining

Archer with 39 health has a 18 total attack points, and attacks Spearman with 39 health who has 10 total armour points.
Spearman now has 31 health remaining

Archer with 52 health has a 18 total attack points, and attacks Raider with 59 health who has 13 total armour points.
Raider now has 54 health remaining

Raider with 77 health has a 22 total attack points, and attacks Archer with 75 health who has 10 total armour points.
Archer now has 63 health remaining

Grunt with 86 health has a 17 total attack points, and attacks Archer with 45 health who has 10 total armour points.
Archer now has 38 health remaining

Grunt with 18 health has a 17 total attack points, and attacks Archer with 51 health who has 10 total armour points.
Archer now has 44 health remaining

Footman with 38 health has a 17 total attack points, and attacks Ranged with 30 health who has 10 total armour points.
Ranged now has 23 health remaining

Raider with 46 health has a 22 total attack points, and attacks Knight with 50 health who has 13 total armour points.
Knight now has 41 health remaining

Ranged with 67 health has a 18 total attack points, and attacks Knight with 58 health who has 13 total armour points.
Knight now has 53 health remaining

Grunt with 47 health has a 17 total attack points, and attacks Archer with 20 health who has 10 total armour points.
Archer now has 13 health remaining

Footman with 32 health has a 17 total attack points, and attacks Grunt with 47 health who has 11 total armour points.
Grunt now has 41 health remaining

Knight with 68 health has a 22 total attack points, and attacks Grunt with 65 health who has 11 total armour points.
Grunt now has 54 health remaining

Ranged with 37 health has a 18 total attack points, and attacks Archer with 51 health who has 10 total armour points.
Archer now has 43 health remaining

Ranged with 46 health has a 18 total attack points, and attacks Footman with 43 health who has 11 total armour points.
Footman now has 36 health remaining

Archer with 22 health has a 18 total attack points, and attacks Spearman with 40 health who has 10 total armour points.
Spearman now has 32 health remaining

Knight with 45 health has a 22 total attack points, and attacks Spearman with 63 health who has 10 total armour points.
Spearman now has 51 health remaining

Grunt with 50 health has a 17 total attack points, and attacks Archer with 10 health who has 10 total armour points.
Archer now has 3 health remaining

Archer with 60 health has a 18 total attack points, and attacks Ranged with 55 health who has 10 total armour points.
Ranged now has 47 health remaining

Raider with 53 health has a 22 total attack points, and attacks Footman with 42 health who has 11 total armour points.
Footman now has 31 health remaining

Raider with 33 health has a 22 total attack points, and attacks Archer with 39 health who has 10 total armour points.
Archer now has 27 health remaining

Archer with 63 health has a 18 total attack points, and attacks Grunt with 37 health who has 11 total armour points.
Grunt now has 30 health remaining

Ranged with 62 health has a 18 total attack points, and attacks Archer with 14 health who has 10 total armour points.
Archer now has 6 health remaining

Raider with 67 health has a 22 total attack points, and attacks Footman with 72 health who has 11 total armour points.
Footman now has 61 health remaining

Archer with 58 health has a 18 total attack points, and attacks Grunt with 68 health who has 11 total armour points.
Grunt now has 61 health remaining

Archer with 42 health has a 18 total attack points, and attacks Ranged with 63 health who has 10 total armour points.
Ranged now has 55 health remaining

Spearman with 68 health has a 18 total attack points, and attacks Footman with 12 health who has 11 total armour points.
Footman now has 5 health remaining

Grunt with 59 health has a 17 total attack points, and attacks Archer with 63 health who has 10 total armour points.
Archer now has 56 health remaining

Grunt with 68 health has a 17 total attack points, and attacks Archer with 62 health who has 10 total armour points.
Archer now has 55 health remaining

Spearman with 3 health has a 18 total attack points, and attacks Archer with 42 health who has 10 total armour points.
Archer now has 34 health remaining

Spearman with 8 health has a 18 total attack points, and attacks Archer with 47 health who has 10 total armour points.
Archer now has 39 health remaining

Raider with 27 health has a 22 total attack points, and attacks Footman with 44 health who has 11 total armour points.
Footman now has 33 health remaining

Archer with 38 health has a 18 total attack points, and attacks Ranged with 62 health who has 10 total armour points.
Ranged now has 54 health remaining

Knight with 46 health has a 22 total attack points, and attacks Grunt with 39 health who has 11 total armour points.
Grunt now has 28 health remaining

Archer with 38 health has a 18 total attack points, and attacks Grunt with 3 health who has 11 total armour points.
Grunt has died in combat.

Grunt with 28 health has a 17 total attack points, and attacks Archer with 53 health who has 10 total armour points.
Archer now has 46 health remaining

Ranged with 72 health has a 18 total attack points, and attacks Archer with 78 health who has 10 total armour points.
Archer now has 70 health remaining

Ranged with 56 health has a 18 total attack points, and attacks Footman with 47 health who has 11 total armour points.
Footman now has 40 health remaining

Ranged with 9 health has a 18 total attack points, and attacks Archer with 23 health who has 10 total armour points.
Archer now has 15 health remaining

Archer with 37 health has a 18 total attack points, and attacks Raider with 77 health who has 13 total armour points.
Raider now has 72 health remaining

Spearman with 51 health has a 18 total attack points, and attacks Footman with 80 health who has 11 total armour points.
Footman now has 73 health remaining

Footman with 34 health has a 17 total attack points, and attacks Raider with 56 health who has 13 total armour points.
Raider now has 52 health remaining

Footman with 22 health has a 17 total attack points, and attacks Spearman with 8 health who has 10 total armour points.
Spearman now has 1 health remaining

Grunt with 25 health has a 17 total attack points, and attacks Archer with 48 health who has 10 total armour points.
Archer now has 41 health remaining

Archer with 61 health has a 18 total attack points, and attacks Spearman with 53 health who has 10 total armour points.
Spearman now has 45 health remaining

Archer with 63 health has a 18 total attack points, and attacks Ranged with 19 health who has 10 total armour points.
Ranged now has 11 health remaining

Raider with 27 health has a 22 total attack points, and attacks Knight with 86 health who has 13 total armour points.
Knight now has 77 health remaining

Raider with 72 health has a 22 total attack points, and attacks Knight with 67 health who has 13 total armour points.
Knight now has 58 health remaining

Knight with 81 health has a 22 total attack points, and attacks Grunt with 64 health who has 11 total armour points.
Grunt now has 53 health remaining

Footman with 62 health has a 17 total attack points, and attacks Grunt with 43 health who has 11 total armour points.
Grunt now has 37 health remaining

Ranged with 87 health has a 18 total attack points, and attacks Archer with 34 health who has 10 total armour points.
Archer now has 26 health remaining

Ranged with 59 health has a 18 total attack points, and attacks Archer with 13 health who has 10 total armour points.
Archer now has 5 health remaining

Footman with 40 health has a 17 total attack points, and attacks Ranged with 56 health who has 10 total armour points.
Ranged now has 49 health remaining

Archer with 25 health has a 18 total attack points, and attacks Raider with 63 health who has 13 total armour points.
Raider now has 58 health remaining

Spearman with 26 health has a 18 total attack points, and attacks Archer with 55 health who has 10 total armour points.
Archer now has 47 health remaining

Spearman with 48 health has a 18 total attack points, and attacks Archer with 54 health who has 10 total armour points.
Archer now has 46 health remaining

Archer with 24 health has a 18 total attack points, and attacks Spearman with 53 health who has 10 total armour points.
Spearman now has 45 health remaining

Archer with 52 health has a 18 total attack points, and attacks Spearman with 21 health who has 10 total armour points.
Spearman now has 13 health remaining

Footman with 45 health has a 17 total attack points, and attacks Raider with 49 health who has 13 total armour points.
Raider now has 45 health remaining

Spearman with 13 health has a 18 total attack points, and attacks Knight with 58 health who has 13 total armour points.
Knight now has 53 health remaining

Archer with 48 health has a 18 total attack points, and attacks Spearman with 7 health who has 10 total armour points.
Spearman has died in combat.

Knight with 58 health has a 22 total attack points, and attacks Spearman with 43 health who has 10 total armour points.
Spearman now has 31 health remaining

Grunt with 27 health has a 17 total attack points, and attacks Archer with 56 health who has 10 total armour points.
Archer now has 49 health remaining

Raider with 78 health has a 22 total attack points, and attacks Mountain King with 152 health who has 16 total armour points.
Mountain King now has 146 health remaining

Archer with 30 health has a 18 total attack points, and attacks Spearman with 79 health who has 10 total armour points.
Spearman now has 71 health remaining

Archer with 26 health has a 18 total attack points, and attacks Grunt with 59 health who has 11 total armour points.
Grunt now has 52 health remaining

Archer with 83 health has a 18 total attack points, and attacks Raider with 67 health who has 13 total armour points.
Raider now has 62 health remaining

Archer with 68 health has a 18 total attack points, and attacks Ranged with 56 health who has 10 total armour points.
Ranged now has 48 health remaining

Raider with 72 health has a 22 total attack points, and attacks Archer with 51 health who has 10 total armour points.
Archer now has 39 health remaining

Footman with 61 health has a 17 total attack points, and attacks Spearman with 33 health who has 10 total armour points.
Spearman now has 26 health remaining

Grunt with 73 health has a 17 total attack points, and attacks Archer with 56 health who has 10 total armour points.
Archer now has 49 health remaining

Archer with 32 health has a 18 total attack points, and attacks Ranged with 17 health who has 10 total armour points.
Ranged now has 9 health remaining

Grunt with 40 health has a 17 total attack points, and attacks Footman with 70 health who has 11 total armour points.
Footman now has 64 health remaining

Raider with 35 health has a 22 total attack points, and attacks Archer with 4 health who has 10 total armour points.
Archer has died in combat.

Archer with 5 health has a 18 total attack points, and attacks Spearman with 25 health who has 10 total armour points.
Spearman now has 17 health remaining

Archer with 52 health has a 18 total attack points, and attacks Spearman with 48 health who has 10 total armour points.
Spearman now has 40 health remaining

Footman with 76 health has a 17 total attack points, and attacks Raider with 67 health who has 13 total armour points.
Raider now has 63 health remaining

Archer with 44 health has a 18 total attack points, and attacks Spearman with 54 health who has 10 total armour points.
Spearman now has 46 health remaining

Spearman with 66 health has a 18 total attack points, and attacks Footman with 76 health who has 11 total armour points.
Footman now has 69 health remaining

Archer with 43 health has a 18 total attack points, and attacks Spearman with 37 health who has 10 total armour points.
Spearman now has 29 health remaining

Archer with 67 health has a 18 total attack points, and attacks Spearman with 45 health who has 10 total armour points.
Spearman now has 37 health remaining

Archer with 32 health has a 18 total attack points, and attacks Spearman with 26 health who has 10 total armour points.
Spearman now has 18 health remaining

Archer with 84 health has a 18 total attack points, and attacks Spearman with 48 health who has 10 total armour points.
Spearman now has 40 health remaining

Footman with 38 health has a 17 total attack points, and attacks Spearman with 14 health who has 10 total armour points.
Spearman now has 7 health remaining

Archer with 26 health has a 18 total attack points, and attacks Ranged with 55 health who has 10 total armour points.
Ranged now has 47 health remaining

Grunt with 45 health has a 17 total attack points, and attacks Footman with 38 health who has 11 total armour points.
Footman now has 32 health remaining

Grunt with 31 health has a 17 total attack points, and attacks Archer with 59 health who has 10 total armour points.
Archer now has 52 health remaining

Footman with 73 health has a 17 total attack points, and attacks Raider with 64 health who has 13 total armour points.
Raider now has 60 health remaining

Knight with 81 health has a 22 total attack points, and attacks Ranged with 97 health who has 12 total armour points.
Ranged now has 87 health remaining

Knight with 64 health has a 22 total attack points, and attacks Ranged with 39 health who has 10 total armour points.
Ranged now has 27 health remaining

Archer with 76 health has a 18 total attack points, and attacks Spearman with 45 health who has 10 total armour points.
Spearman now has 37 health remaining

Spearman with 46 health has a 18 total attack points, and attacks Footman with 58 health who has 11 total armour points.
Footman now has 51 health remaining

Raider with 38 health has a 22 total attack points, and attacks Footman with 42 health who has 11 total armour points.
Footman now has 31 health remaining

Archer with 26 health has a 18 total attack points, and attacks Ranged with 36 health who has 10 total armour points.
Ranged now has 28 health remaining

Raider with 50 health has a 22 total attack points, and attacks Knight with 62 health who has 13 total armour points.
Knight now has 53 health remaining

Ranged with 41 health has a 18 total attack points, and attacks Archer with 22 health who has 10 total armour points.
Archer now has 14 health remaining

Ranged with 87 health has a 18 total attack points, and attacks Footman with 36 health who has 11 total armour points.
Footman now has 29 health remaining

Raider with 64 health has a 22 total attack points, and attacks Archer with 24 health who has 10 total armour points.
Archer now has 12 health remaining

Raider with 45 health has a 22 total attack points, and attacks Footman with 45 health who has 11 total armour points.
Footman now has 34 health remaining

Knight with 51 health has a 22 total attack points, and attacks Spearman with 30 health who has 10 total armour points.
Spearman now has 18 health remaining

Grunt with 56 health has a 17 total attack points, and attacks Archer with 44 health who has 10 total armour points.
Archer now has 37 health remaining

Raider with 63 health has a 22 total attack points, and attacks Knight with 40 health who has 13 total armour points.
Knight now has 31 health remaining

Spearman with 34 health has a 18 total attack points, and attacks Archer with 96 health who has 12 total armour points.
Archer now has 90 health remaining

Ranged with 20 health has a 18 total attack points, and attacks Archer with 79 health who has 10 total armour points.
Archer now has 71 health remaining

Spearman with 28 health has a 18 total attack points, and attacks Footman with 76 health who has 11 total armour points.
Footman now has 69 health remaining

Raider with 78 health has a 22 total attack points, and attacks Archer with 55 health who has 10 total armour points.
Archer now has 43 health remaining

Archer with 43 health has a 18 total attack points, and attacks Spearman with 90 health who has 10 total armour points.
Spearman now has 82 health remaining

Raider with 49 health has a 22 total attack points, and attacks Footman with 38 health who has 11 total armour points.
Footman now has 27 health remaining

Grunt with 75 health has a 17 total attack points, and attacks Archer with 67 health who has 10 total armour points.
Archer now has 60 health remaining

Ranged with 44 health has a 18 total attack points, and attacks Archer with 39 health who has 10 total armour points.
Archer now has 31 health remaining

Ranged with 36 health has a 18 total attack points, and attacks Archer with 41 health who has 10 total armour points.
Archer now has 33 health remaining

Archer with 63 health has a 18 total attack points, and attacks Ranged with 64 health who has 10 total armour points.
Ranged now has 56 health remaining

Knight with 38 health has a 22 total attack points, and attacks Grunt with 7 health who has 11 total armour points.
Grunt has died in combat.

Archer with 39 health has a 18 total attack points, and attacks Raider with 91 health who has 13 total armour points.
Raider now has 86 health remaining

Archer with 27 health has a 18 total attack points, and attacks Ranged with 47 health who has 10 total armour points.
Ranged now has 39 health remaining

Ranged with 58 health has a 18 total attack points, and attacks Knight with 53 health who has 13 total armour points.
Knight now has 48 health remaining

Raider with 63 health has a 22 total attack points, and attacks Footman with 34 health who has 11 total armour points.
Footman now has 23 health remaining

Ranged with 11 health has a 18 total attack points, and attacks Archer with 41 health who has 10 total armour points.
Archer now has 33 health remaining

Footman with 37 health has a 17 total attack points, and attacks Ranged with 36 health who has 10 total armour points.
Ranged now has 29 health remaining

Archer with 43 health has a 18 total attack points, and attacks Ranged with 52 health who has 10 total armour points.
Ranged now has 44 health remaining

Archer with 17 health has a 18 total attack points, and attacks Spearman with 55 health who has 10 total armour points.
Spearman now has 47 health remaining

Spearman with 10 health has a 18 total attack points, and attacks Archer with 52 health who has 10 total armour points.
Archer now has 44 health remaining

Archer with 41 health has a 18 total attack points, and attacks Ranged with 26 health who has 10 total armour points.
Ranged now has 18 health remaining

Spearman with 28 health has a 18 total attack points, and attacks Archer with 28 health who has 10 total armour points.
Archer now has 20 health remaining

Knight with 62 health has a 22 total attack points, and attacks Raider with 63 health who has 13 total armour points.
Raider now has 54 health remaining

Ranged with 44 health has a 18 total attack points, and attacks Knight with 64 health who has 13 total armour points.
Knight now has 59 health remaining

Spearman with 82 health has a 18 total attack points, and attacks Archer with 5 health who has 10 total armour points.
Archer has died in combat.

Knight with 58 health has a 22 total attack points, and attacks Ranged with 13 health who has 10 total armour points.
Ranged now has 1 health remaining

Ranged with 11 health has a 18 total attack points, and attacks Archer with 24 health who has 10 total armour points.
Archer now has 16 health remaining

Archer with 64 health has a 18 total attack points, and attacks Grunt with 66 health who has 11 total armour points.
Grunt now has 59 health remaining

Archer with 75 health has a 18 total attack points, and attacks Spearman with 10 health who has 10 total armour points.
Spearman now has 2 health remaining

Footman with 65 health has a 17 total attack points, and attacks Ranged with 22 health who has 10 total armour points.
Ranged now has 15 health remaining

Spearman with 4 health has a 18 total attack points, and attacks Archer with 1 health who has 10 total armour points.
Archer has died in combat.

Knight with 64 health has a 22 total attack points, and attacks Grunt with 68 health who has 11 total armour points.
Grunt now has 57 health remaining

Footman with 51 health has a 17 total attack points, and attacks Raider with 68 health who has 13 total armour points.
Raider now has 64 health remaining

Spearman with 2 health has a 18 total attack points, and attacks Archer with 43 health who has 10 total armour points.
Archer now has 35 health remaining

Archer with 38 health has a 18 total attack points, and attacks Grunt with 73 health who has 11 total armour points.
Grunt now has 66 health remaining

Archer with 25 health has a 18 total attack points, and attacks Grunt with 56 health who has 11 total armour points.
Grunt now has 49 health remaining

Spearman with 12 health has a 18 total attack points, and attacks Archer with 5 health who has 10 total armour points.
Archer has died in combat.

Ranged with 87 health has a 18 total attack points, and attacks Archer with 9 health who has 10 total armour points.
Archer now has 1 health remaining

Archer with 90 health has a 18 total attack points, and attacks Raider with 57 health who has 13 total armour points.
Raider now has 52 health remaining

Grunt with 86 health has a 17 total attack points, and attacks Footman with 73 health who has 11 total armour points.
Footman now has 67 health remaining

Raider with 62 health has a 22 total attack points, and attacks Knight with 50 health who has 13 total armour points.
Knight now has 41 health remaining

Knight with 62 health has a 22 total attack points, and attacks Ranged with 38 health who has 10 total armour points.
Ranged now has 26 health remaining

Archer with 76 health has a 18 total attack points, and attacks Raider with 69 health who has 13 total armour points.
Raider now has 64 health remaining

Knight with 65 health has a 22 total attack points, and attacks Grunt with 21 health who has 11 total armour points.
Grunt now has 10 health remaining

Archer with 52 health has a 18 total attack points, and attacks Grunt with 60 health who has 11 total armour points.
Grunt now has 53 health remaining

Grunt with 41 health has a 17 total attack points, and attacks Archer with 61 health who has 10 total armour points.
Archer now has 54 health remaining

Archer with 64 health has a 18 total attack points, and attacks Ranged with 48 health who has 10 total armour points.
Ranged now has 40 health remaining

Raider with 64 health has a 22 total attack points, and attacks Archer with 52 health who has 10 total armour points.
Archer now has 40 health remaining

Grunt with 53 health has a 17 total attack points, and attacks Footman with 34 health who has 11 total armour points.
Footman now has 28 health remaining

Knight with 31 health has a 22 total attack points, and attacks Spearman with 40 health who has 10 total armour points.
Spearman now has 28 health remaining

Archer with 26 health has a 18 total attack points, and attacks Raider with 63 health who has 13 total armour points.
Raider now has 58 health remaining

Ranged with 63 health has a 18 total attack points, and attacks Archer with 29 health who has 10 total armour points.
Archer now has 21 health remaining

Footman with 67 health has a 17 total attack points, and attacks Spearman with 13 health who has 10 total armour points.
Spearman now has 6 health remaining

Grunt with 20 health has a 17 total attack points, and attacks Knight with 58 health who has 13 total armour points.
Knight now has 54 health remaining

Footman with 39 health has a 17 total attack points, and attacks Spearman with 42 health who has 10 total armour points.
Spearman now has 35 health remaining

Knight with 28 health has a 22 total attack points, and attacks Raider with 83 health who has 13 total armour points.
Raider now has 74 health remaining

Archer with 70 health has a 18 total attack points, and attacks Ranged with 70 health who has 10 total armour points.
Ranged now has 62 health remaining

Raider with 45 health has a 22 total attack points, and attacks Footman with 29 health who has 11 total armour points.
Footman now has 18 health remaining

Spearman with 1 health has a 18 total attack points, and attacks Archer with 52 health who has 10 total armour points.
Archer now has 44 health remaining

Ranged with 37 health has a 18 total attack points, and attacks Knight with 44 health who has 13 total armour points.
Knight now has 39 health remaining

Archer with 38 health has a 18 total attack points, and attacks Ranged with 47 health who has 10 total armour points.
Ranged now has 39 health remaining

Spearman with 46 health has a 18 total attack points, and attacks Knight with 68 health who has 13 total armour points.
Knight now has 63 health remaining

Ranged with 67 health has a 18 total attack points, and attacks Footman with 41 health who has 11 total armour points.
Footman now has 34 health remaining

Ranged with 20 health has a 18 total attack points, and attacks Knight with 81 health who has 13 total armour points.
Knight now has 76 health remaining

Footman with 10 health has a 17 total attack points, and attacks Spearman with 32 health who has 10 total armour points.
Spearman now has 25 health remaining

Footman with 31 health has a 17 total attack points, and attacks Raider with 72 health who has 13 total armour points.
Raider now has 68 health remaining

Ranged with 59 health has a 18 total attack points, and attacks Knight with 53 health who has 13 total armour points.
Knight now has 48 health remaining

Footman with 62 health has a 17 total attack points, and attacks Grunt with 58 health who has 11 total armour points.
Grunt now has 52 health remaining

Grunt with 33 health has a 17 total attack points, and attacks Footman with 57 health who has 11 total armour points.
Footman now has 51 health remaining

Raider with 19 health has a 22 total attack points, and attacks Archer with 54 health who has 10 total armour points.
Archer now has 42 health remaining

Archer with 70 health has a 18 total attack points, and attacks Raider with 63 health who has 13 total armour points.
Raider now has 58 health remaining

Grunt with 58 health has a 17 total attack points, and attacks Footman with 34 health who has 11 total armour points.
Footman now has 28 health remaining

Grunt with 38 health has a 17 total attack points, and attacks Footman with 43 health who has 11 total armour points.
Footman now has 37 health remaining

Ranged with 47 health has a 18 total attack points, and attacks Archer with 47 health who has 10 total armour points.
Archer now has 39 health remaining

Grunt with 37 health has a 17 total attack points, and attacks Knight with 63 health who has 13 total armour points.
Knight now has 59 health remaining

Grunt with 58 health has a 17 total attack points, and attacks Archer with 56 health who has 10 total armour points.
Archer now has 49 health remaining

Knight with 54 health has a 22 total attack points, and attacks Grunt with 68 health who has 11 total armour points.
Grunt now has 57 health remaining

Raider with 65 health has a 22 total attack points, and attacks Archer with 18 health who has 10 total armour points.
Archer now has 6 health remaining

Footman with 34 health has a 17 total attack points, and attacks Ranged with 27 health who has 10 total armour points.
Ranged now has 20 health remaining

Spearman with 55 health has a 18 total attack points, and attacks Knight with 51 health who has 13 total armour points.
Knight now has 46 health remaining

Ranged with 18 health has a 18 total attack points, and attacks Footman with 48 health who has 11 total armour points.
Footman now has 41 health remaining

Spearman with 65 health has a 18 total attack points, and attacks Knight with 59 health who has 13 total armour points.
Knight now has 54 health remaining

Archer with 26 health has a 18 total attack points, and attacks Raider with 62 health who has 13 total armour points.
Raider now has 57 health remaining

Grunt with 49 health has a 17 total attack points, and attacks Knight with 41 health who has 13 total armour points.
Knight now has 37 health remaining

Spearman with 29 health has a 18 total attack points, and attacks Archer with 38 health who has 10 total armour points.
Archer now has 30 health remaining

Archer with 47 health has a 18 total attack points, and attacks Raider with 57 health who has 13 total armour points.
Raider now has 52 health remaining

Spearman with 35 health has a 18 total attack points, and attacks Footman with 17 health who has 11 total armour points.
Footman now has 10 health remaining

Archer with 66 health has a 18 total attack points, and attacks Grunt with 66 health who has 11 total armour points.
Grunt now has 59 health remaining

Archer with 26 health has a 18 total attack points, and attacks Raider with 7 health who has 13 total armour points.
Raider now has 2 health remaining

Raider with 72 health has a 22 total attack points, and attacks Footman with 56 health who has 11 total armour points.
Footman now has 45 health remaining

Ranged with 40 health has a 18 total attack points, and attacks Archer with 8 health who has 10 total armour points.
Archer has died in combat.

Spearman with 23 health has a 18 total attack points, and attacks Archer with 48 health who has 10 total armour points.
Archer now has 40 health remaining

Ranged with 13 health has a 18 total attack points, and attacks Knight with 39 health who has 13 total armour points.
Knight now has 34 health remaining

Archer with 91 health has a 18 total attack points, and attacks Grunt with 49 health who has 11 total armour points.
Grunt now has 42 health remaining

Grunt with 42 health has a 17 total attack points, and attacks Archer with 83 health who has 10 total armour points.
Archer now has 76 health remaining

Archer with 11 health has a 18 total attack points, and attacks Ranged with 67 health who has 10 total armour points.
Ranged now has 59 health remaining

Footman with 51 health has a 17 total attack points, and attacks Raider with 41 health who has 13 total armour points.
Raider now has 37 health remaining

Footman with 10 health has a 17 total attack points, and attacks Raider with 67 health who has 13 total armour points.
Raider now has 63 health remaining

Raider with 49 health has a 22 total attack points, and attacks Archer with 30 health who has 10 total armour points.
Archer now has 18 health remaining

Archer with 56 health has a 18 total attack points, and attacks Grunt with 33 health who has 11 total armour points.
Grunt now has 26 health remaining

Spearman with 69 health has a 18 total attack points, and attacks Archer with 35 health who has 10 total armour points.
Archer now has 27 health remaining

Knight with 55 health has a 22 total attack points, and attacks Ranged with 18 health who has 10 total armour points.
Ranged now has 6 health remaining

Archer with 64 health has a 18 total attack points, and attacks Ranged with 30 health who has 10 total armour points.
Ranged now has 22 health remaining

Spearman with 37 health has a 18 total attack points, and attacks Knight with 43 health who has 13 total armour points.
Knight now has 38 health remaining

Archer with 32 health has a 18 total attack points, and attacks Ranged with 59 health who has 10 total armour points.
Ranged now has 51 health remaining

Raider with 73 health has a 22 total attack points, and attacks Archer with 55 health who has 10 total armour points.
Archer now has 43 health remaining

Archer with 68 health has a 18 total attack points, and attacks Grunt with 45 health who has 11 total armour points.
Grunt now has 38 health remaining

Raider with 58 health has a 22 total attack points, and attacks Archer with 4 health who has 10 total armour points.
Archer has died in combat.

Spearman with 28 health has a 18 total attack points, and attacks Archer with 25 health who has 10 total armour points.
Archer now has 17 health remaining

Archer with 49 health has a 18 total attack points, and attacks Grunt with 33 health who has 11 total armour points.
Grunt now has 26 health remaining

Archer with 63 health has a 18 total attack points, and attacks Raider with 60 health who has 13 total armour points.
Raider now has 55 health remaining

Footman with 10 health has a 17 total attack points, and attacks Ranged with 40 health who has 10 total armour points.
Ranged now has 33 health remaining

Raider with 58 health has a 22 total attack points, and attacks Knight with 48 health who has 13 total armour points.
Knight now has 39 health remaining

Knight with 73 health has a 22 total attack points, and attacks Raider with 74 health who has 13 total armour points.
Raider now has 65 health remaining

Ranged with 60 health has a 18 total attack points, and attacks Archer with 63 health who has 10 total armour points.
Archer now has 55 health remaining

Grunt with 72 health has a 17 total attack points, and attacks Knight with 42 health who has 13 total armour points.
Knight now has 38 health remaining

Ranged with 61 health has a 18 total attack points, and attacks Archer with 15 health who has 10 total armour points.
Archer now has 7 health remaining

Knight with 59 health has a 22 total attack points, and attacks Grunt with 41 health who has 11 total armour points.
Grunt now has 30 health remaining

Archer with 30 health has a 18 total attack points, and attacks Raider with 52 health who has 13 total armour points.
Raider now has 47 health remaining

Footman with 21 health has a 17 total attack points, and attacks Grunt with 22 health who has 11 total armour points.
Grunt now has 16 health remaining

Spearman with 41 health has a 18 total attack points, and attacks Knight with 54 health who has 13 total armour points.
Knight now has 49 health remaining

Spearman with 23 health has a 18 total attack points, and attacks Archer with 43 health who has 10 total armour points.
Archer now has 35 health remaining

Grunt with 21 health has a 17 total attack points, and attacks Archer with 16 health who has 10 total armour points.
Archer now has 9 health remaining

Ranged with 62 health has a 18 total attack points, and attacks Archer with 43 health who has 10 total armour points.
Archer now has 35 health remaining

Ranged with 41 health has a 18 total attack points, and attacks Archer with 12 health who has 10 total armour points.
Archer now has 4 health remaining

Archer with 54 health has a 18 total attack points, and attacks Ranged with 38 health who has 10 total armour points.
Ranged now has 30 health remaining

Footman with 27 health has a 17 total attack points, and attacks Spearman with 37 health who has 10 total armour points.
Spearman now has 30 health remaining

Knight with 26 health has a 22 total attack points, and attacks Spearman with 25 health who has 10 total armour points.
Spearman now has 13 health remaining

Knight with 66 health has a 22 total attack points, and attacks Spearman with 45 health who has 10 total armour points.
Spearman now has 33 health remaining

Archer with 63 health has a 18 total attack points, and attacks Raider with 44 health who has 13 total armour points.
Raider now has 39 health remaining

Archer with 39 health has a 18 total attack points, and attacks Ranged with 41 health who has 10 total armour points.
Ranged now has 33 health remaining

Grunt with 38 health has a 17 total attack points, and attacks Footman with 44 health who has 11 total armour points.
Footman now has 38 health remaining

Spearman with 32 health has a 18 total attack points, and attacks Knight with 36 health who has 13 total armour points.
Knight now has 31 health remaining

Spearman with 54 health has a 18 total attack points, and attacks Archer with 41 health who has 10 total armour points.
Archer now has 33 health remaining

Archer with 15 health has a 18 total attack points, and attacks Raider with 49 health who has 13 total armour points.
Raider now has 44 health remaining

Archer with 39 health has a 18 total attack points, and attacks Spearman with 97 health who has 12 total armour points.
Spearman now has 91 health remaining

Archer with 42 health has a 18 total attack points, and attacks Ranged with 56 health who has 10 total armour points.
Ranged now has 48 health remaining

Footman with 41 health has a 17 total attack points, and attacks Raider with 58 health who has 13 total armour points.
Raider now has 54 health remaining

Archer with 74 health has a 18 total attack points, and attacks Spearman with 91 health who has 10 total armour points.
Spearman now has 83 health remaining

Grunt with 42 health has a 17 total attack points, and attacks Footman with 47 health who has 11 total armour points.
Footman now has 41 health remaining

Grunt with 49 health has a 17 total attack points, and attacks Archer with 48 health who has 10 total armour points.
Archer now has 41 health remaining

Grunt with 56 health has a 17 total attack points, and attacks Footman with 40 health who has 11 total armour points.
Footman now has 34 health remaining

Raider with 53 health has a 22 total attack points, and attacks Archer with 31 health who has 10 total armour points.
Archer now has 19 health remaining

Spearman with 34 health has a 18 total attack points, and attacks Footman with 32 health who has 11 total armour points.
Footman now has 25 health remaining

Footman with 37 health has a 17 total attack points, and attacks Raider with 2 health who has 13 total armour points.
Raider has died in combat.

Archer with 64 health has a 18 total attack points, and attacks Ranged with 59 health who has 10 total armour points.
Ranged now has 51 health remaining

Footman with 41 health has a 17 total attack points, and attacks Raider with 57 health who has 13 total armour points.
Raider now has 53 health remaining

Archer with 56 health has a 18 total attack points, and attacks Grunt with 53 health who has 11 total armour points.
Grunt now has 46 health remaining

Spearman with 28 health has a 18 total attack points, and attacks Archer with 58 health who has 10 total armour points.
Archer now has 50 health remaining

Footman with 69 health has a 17 total attack points, and attacks Grunt with 32 health who has 11 total armour points.
Grunt now has 26 health remaining

Ranged with 30 health has a 18 total attack points, and attacks Footman with 47 health who has 11 total armour points.
Footman now has 40 health remaining

Raider with 68 health has a 22 total attack points, and attacks Archer with 32 health who has 10 total armour points.
Archer now has 20 health remaining

Ranged with 62 health has a 18 total attack points, and attacks Footman with 47 health who has 11 total armour points.
Footman now has 40 health remaining

Knight with 31 health has a 22 total attack points, and attacks Spearman with 36 health who has 10 total armour points.
Spearman now has 24 health remaining

Raider with 46 health has a 22 total attack points, and attacks Archer with 83 health who has 10 total armour points.
Archer now has 71 health remaining

Raider with 59 health has a 22 total attack points, and attacks Archer with 77 health who has 10 total armour points.
Archer now has 65 health remaining

Grunt with 24 health has a 17 total attack points, and attacks Knight with 26 health who has 13 total armour points.
Knight now has 22 health remaining

Grunt with 49 health has a 17 total attack points, and attacks Knight with 45 health who has 13 total armour points.
Knight now has 41 health remaining

Knight with 28 health has a 22 total attack points, and attacks Grunt with 26 health who has 11 total armour points.
Grunt now has 15 health remaining

Knight with 63 health has a 22 total attack points, and attacks Raider with 31 health who has 13 total armour points.
Raider now has 22 health remaining

Raider with 55 health has a 22 total attack points, and attacks Archer with 21 health who has 10 total armour points.
Archer now has 9 health remaining

Raider with 42 health has a 22 total attack points, and attacks Archer with 52 health who has 10 total armour points.
Archer now has 40 health remaining

Knight with 39 health has a 22 total attack points, and attacks Spearman with 30 health who has 10 total armour points.
Spearman now has 18 health remaining

Ranged with 67 health has a 18 total attack points, and attacks Archer with 27 health who has 10 total armour points.
Archer now has 19 health remaining

Grunt with 56 health has a 17 total attack points, and attacks Footman with 86 health who has 11 total armour points.
Footman now has 80 health remaining

Ranged with 48 health has a 18 total attack points, and attacks Knight with 41 health who has 13 total armour points.
Knight now has 36 health remaining

Archer with 68 health has a 18 total attack points, and attacks Raider with 82 health who has 13 total armour points.
Raider now has 77 health remaining

Spearman with 91 health has a 18 total attack points, and attacks Archer with 29 health who has 10 total armour points.
Archer now has 21 health remaining

Archer with 42 health has a 18 total attack points, and attacks Ranged with 16 health who has 10 total armour points.
Ranged now has 8 health remaining

Archer with 76 health has a 18 total attack points, and attacks Grunt with 26 health who has 11 total armour points.
Grunt now has 19 health remaining

Grunt with 55 health has a 17 total attack points, and attacks Knight with 63 health who has 13 total armour points.
Knight now has 59 health remaining

Footman with 62 health has a 17 total attack points, and attacks Grunt with 43 health who has 11 total armour points.
Grunt now has 37 health remaining

Archer with 79 health has a 18 total attack points, and attacks Ranged with 87 health who has 10 total armour points.
Ranged now has 79 health remaining

Footman with 10 health has a 17 total attack points, and attacks Raider with 65 health who has 13 total armour points.
Raider now has 61 health remaining

Raider with 60 health has a 22 total attack points, and attacks Footman with 18 health who has 11 total armour points.
Footman now has 7 health remaining

Raider with 41 health has a 22 total attack points, and attacks Knight with 36 health who has 13 total armour points.
Knight now has 27 health remaining

Ranged with 24 health has a 18 total attack points, and attacks Footman with 61 health who has 11 total armour points.
Footman now has 54 health remaining

Knight with 49 health has a 22 total attack points, and attacks Grunt with 32 health who has 11 total armour points.
Grunt now has 21 health remaining

Knight with 27 health has a 22 total attack points, and attacks Grunt with 55 health who has 11 total armour points.
Grunt now has 44 health remaining

Ranged with 70 health has a 18 total attack points, and attacks Knight with 52 health who has 13 total armour points.
Knight now has 47 health remaining

Spearman with 66 health has a 18 total attack points, and attacks Footman with 56 health who has 11 total armour points.
Footman now has 49 health remaining

Archer with 33 health has a 18 total attack points, and attacks Grunt with 48 health who has 11 total armour points.
Grunt now has 41 health remaining

Spearman with 28 health has a 18 total attack points, and attacks Knight with 58 health who has 13 total armour points.
Knight now has 53 health remaining

Ranged with 48 health has a 18 total attack points, and attacks Knight with 77 health who has 13 total armour points.
Knight now has 72 health remaining

Spearman with 2 health has a 18 total attack points, and attacks Archer with 62 health who has 10 total armour points.
Archer now has 54 health remaining

Raider with 52 health has a 22 total attack points, and attacks Archer with 42 health who has 10 total armour points.
Archer now has 30 health remaining

Archer with 21 health has a 18 total attack points, and attacks Raider with 30 health who has 13 total armour points.
Raider now has 25 health remaining

Archer with 44 health has a 18 total attack points, and attacks Spearman with 82 health who has 10 total armour points.
Spearman now has 74 health remaining

Grunt with 38 health has a 17 total attack points, and attacks Archer with 45 health who has 10 total armour points.
Archer now has 38 health remaining

Archer with 33 health has a 18 total attack points, and attacks Grunt with 50 health who has 11 total armour points.
Grunt now has 43 health remaining

Knight with 37 health has a 22 total attack points, and attacks Ranged with 72 health who has 10 total armour points.
Ranged now has 60 health remaining

Footman with 56 health has a 17 total attack points, and attacks Raider with 72 health who has 13 total armour points.
Raider now has 68 health remaining

Archer with 70 health has a 18 total attack points, and attacks Raider with 61 health who has 13 total armour points.
Raider now has 56 health remaining

Archer with 16 health has a 18 total attack points, and attacks Raider with 46 health who has 13 total armour points.
Raider now has 41 health remaining

Raider with 41 health has a 22 total attack points, and attacks Footman with 31 health who has 11 total armour points.
Footman now has 20 health remaining

Raider with 65 health has a 22 total attack points, and attacks Archer with 75 health who has 10 total armour points.
Archer now has 63 health remaining

Spearman with 47 health has a 18 total attack points, and attacks Footman with 42 health who has 11 total armour points.
Footman now has 35 health remaining

Ranged with 9 health has a 18 total attack points, and attacks Archer with 11 health who has 10 total armour points.
Archer now has 3 health remaining

Spearman with 49 health has a 18 total attack points, and attacks Archer with 41 health who has 10 total armour points.
Archer now has 33 health remaining

Raider with 54 health has a 22 total attack points, and attacks Footman with 54 health who has 11 total armour points.
Footman now has 43 health remaining

Raider with 44 health has a 22 total attack points, and attacks Archer with 15 health who has 10 total armour points.
Archer now has 3 health remaining

Ranged with 6 health has a 18 total attack points, and attacks Knight with 61 health who has 13 total armour points.
Knight now has 56 health remaining

Spearman with 47 health has a 18 total attack points, and attacks Archer with 82 health who has 10 total armour points.
Archer now has 74 health remaining

Grunt with 35 health has a 17 total attack points, and attacks Archer with 49 health who has 10 total armour points.
Archer now has 42 health remaining

Archer with 59 health has a 18 total attack points, and attacks Spearman with 91 health who has 10 total armour points.
Spearman now has 83 health remaining

Knight with 71 health has a 22 total attack points, and attacks Spearman with 66 health who has 10 total armour points.
Spearman now has 54 health remaining

Footman with 45 health has a 17 total attack points, and attacks Spearman with 34 health who has 10 total armour points.
Spearman now has 27 health remaining

Grunt with 59 health has a 17 total attack points, and attacks Archer with 6 health who has 10 total armour points.
Archer has died in combat.

Archer with 26 health has a 18 total attack points, and attacks Grunt with 12 health who has 11 total armour points.
Grunt now has 5 health remaining

Raider with 49 health has a 22 total attack points, and attacks Footman with 34 health who has 11 total armour points.
Footman now has 23 health remaining

Archer with 30 health has a 18 total attack points, and attacks Grunt with 38 health who has 11 total armour points.
Grunt now has 31 health remaining

Ranged with 38 health has a 18 total attack points, and attacks Archer with 63 health who has 10 total armour points.
Archer now has 55 health remaining

Knight with 55 health has a 22 total attack points, and attacks Spearman with 33 health who has 10 total armour points.
Spearman now has 21 health remaining

Raider with 33 health has a 22 total attack points, and attacks Footman with 49 health who has 11 total armour points.
Footman now has 38 health remaining

Raider with 60 health has a 22 total attack points, and attacks Knight with 52 health who has 13 total armour points.
Knight now has 43 health remaining

Footman with 40 health has a 17 total attack points, and attacks Grunt with 35 health who has 11 total armour points.
Grunt now has 29 health remaining

Footman with 45 health has a 17 total attack points, and attacks Grunt with 42 health who has 11 total armour points.
Grunt now has 36 health remaining

Raider with 26 health has a 22 total attack points, and attacks Footman with 69 health who has 11 total armour points.
Footman now has 58 health remaining

Spearman with 35 health has a 18 total attack points, and attacks Archer with 51 health who has 10 total armour points.
Archer now has 43 health remaining

Ranged with 51 health has a 18 total attack points, and attacks Footman with 28 health who has 11 total armour points.
Footman now has 21 health remaining

Grunt with 49 health has a 17 total attack points, and attacks Archer with 26 health who has 10 total armour points.
Archer now has 19 health remaining

Archer with 71 health has a 18 total attack points, and attacks Grunt with 35 health who has 11 total armour points.
Grunt now has 28 health remaining

Raider with 30 health has a 22 total attack points, and attacks Archer with 38 health who has 10 total armour points.
Archer now has 26 health remaining

Archer with 51 health has a 18 total attack points, and attacks Spearman with 40 health who has 10 total armour points.
Spearman now has 32 health remaining

Ranged with 63 health has a 18 total attack points, and attacks Archer with 26 health who has 10 total armour points.
Archer now has 18 health remaining

Archer with 37 health has a 18 total attack points, and attacks Ranged with 5 health who has 10 total armour points.
Ranged has died in combat.

Footman with 34 health has a 17 total attack points, and attacks Grunt with 59 health who has 11 total armour points.
Grunt now has 53 health remaining

Ranged with 39 health has a 18 total attack points, and attacks Footman with 40 health who has 11 total armour points.
Footman now has 33 health remaining

Raider with 41 health has a 22 total attack points, and attacks Archer with 26 health who has 10 total armour points.
Archer now has 14 health remaining

Knight with 43 health has a 22 total attack points, and attacks Ranged with 87 health who has 10 total armour points.
Ranged now has 75 health remaining

Raider with 60 health has a 22 total attack points, and attacks Archer with 33 health who has 10 total armour points.
Archer now has 21 health remaining

Footman with 73 health has a 17 total attack points, and attacks Ranged with 48 health who has 10 total armour points.
Ranged now has 41 health remaining

Raider with 54 health has a 22 total attack points, and attacks Knight with 41 health who has 13 total armour points.
Knight now has 32 health remaining

Knight with 32 health has a 22 total attack points, and attacks Grunt with 59 health who has 11 total armour points.
Grunt now has 48 health remaining

Raider with 65 health has a 22 total attack points, and attacks Footman with 52 health who has 11 total armour points.
Footman now has 41 health remaining

Grunt with 30 health has a 17 total attack points, and attacks Archer with 24 health who has 10 total armour points.
Archer now has 17 health remaining

Raider with 77 health has a 22 total attack points, and attacks Archer with 67 health who has 10 total armour points.
Archer now has 55 health remaining

Archer with 27 health has a 18 total attack points, and attacks Grunt with 50 health who has 11 total armour points.
Grunt now has 43 health remaining

Spearman with 62 health has a 18 total attack points, and attacks Footman with 18 health who has 11 total armour points.
Footman now has 11 health remaining

Archer with 14 health has a 18 total attack points, and attacks Grunt with 56 health who has 11 total armour points.
Grunt now has 49 health remaining

Raider with 67 health has a 22 total attack points, and attacks Knight with 64 health who has 13 total armour points.
Knight now has 55 health remaining

Ranged with 63 health has a 18 total attack points, and attacks Footman with 34 health who has 11 total armour points.
Footman now has 27 health remaining

Archer with 12 health has a 18 total attack points, and attacks Spearman with 12 health who has 10 total armour points.
Spearman now has 4 health remaining

Knight with 62 health has a 22 total attack points, and attacks Raider with 77 health who has 13 total armour points.
Raider now has 68 health remaining

Spearman with 31 health has a 18 total attack points, and attacks Archer with 59 health who has 10 total armour points.
Archer now has 51 health remaining

Archer with 21 health has a 18 total attack points, and attacks Grunt with 48 health who has 11 total armour points.
Grunt now has 41 health remaining

Grunt with 20 health has a 17 total attack points, and attacks Knight with 27 health who has 13 total armour points.
Knight now has 23 health remaining

Raider with 38 health has a 22 total attack points, and attacks Footman with 75 health who has 11 total armour points.
Footman now has 64 health remaining

Spearman with 72 health has a 18 total attack points, and attacks Footman with 21 health who has 11 total armour points.
Footman now has 14 health remaining

Spearman with 59 health has a 18 total attack points, and attacks Knight with 81 health who has 13 total armour points.
Knight now has 76 health remaining

Grunt with 21 health has a 17 total attack points, and attacks Archer with 17 health who has 10 total armour points.
Archer now has 10 health remaining

Knight with 73 health has a 22 total attack points, and attacks Spearman with 51 health who has 10 total armour points.
Spearman now has 39 health remaining

Footman with 41 health has a 17 total attack points, and attacks Raider with 65 health who has 13 total armour points.
Raider now has 61 health remaining

Raider with 55 health has a 22 total attack points, and attacks Archer with 51 health who has 10 total armour points.
Archer now has 39 health remaining

Archer with 40 health has a 18 total attack points, and attacks Raider with 53 health who has 13 total armour points.
Raider now has 48 health remaining

Ranged with 30 health has a 18 total attack points, and attacks Knight with 37 health who has 13 total armour points.
Knight now has 32 health remaining

Knight with 55 health has a 22 total attack points, and attacks Spearman with 39 health who has 10 total armour points.
Spearman now has 27 health remaining

Knight with 59 health has a 22 total attack points, and attacks Ranged with 22 health who has 10 total armour points.
Ranged now has 10 health remaining

Spearman with 55 health has a 18 total attack points, and attacks Archer with 67 health who has 10 total armour points.
Archer now has 59 health remaining

Archer with 62 health has a 18 total attack points, and attacks Spearman with 47 health who has 10 total armour points.
Spearman now has 39 health remaining

Archer with 27 health has a 18 total attack points, and attacks Raider with 46 health who has 13 total armour points.
Raider now has 41 health remaining

Ranged with 67 health has a 18 total attack points, and attacks Archer with 37 health who has 10 total armour points.
Archer now has 29 health remaining

Knight with 27 health has a 22 total attack points, and attacks Raider with 52 health who has 13 total armour points.
Raider now has 43 health remaining

Archer with 19 health has a 18 total attack points, and attacks Grunt with 21 health who has 11 total armour points.
Grunt now has 14 health remaining

Archer with 36 health has a 18 total attack points, and attacks Raider with 77 health who has 13 total armour points.
Raider now has 72 health remaining

Knight with 72 health has a 22 total attack points, and attacks Grunt with 57 health who has 11 total armour points.
Grunt now has 46 health remaining

Footman with 43 health has a 17 total attack points, and attacks Ranged with 34 health who has 10 total armour points.
Ranged now has 27 health remaining

Knight with 80 health has a 22 total attack points, and attacks Raider with 60 health who has 13 total armour points.
Raider now has 51 health remaining

Archer with 30 health has a 18 total attack points, and attacks Raider with 53 health who has 13 total armour points.
Raider now has 48 health remaining

Raider with 67 health has a 22 total attack points, and attacks Archer with 26 health who has 10 total armour points.
Archer now has 14 health remaining

Ranged with 30 health has a 18 total attack points, and attacks Archer with 55 health who has 10 total armour points.
Archer now has 47 health remaining

Footman with 38 health has a 17 total attack points, and attacks Ranged with 19 health who has 10 total armour points.
Ranged now has 12 health remaining

Grunt with 53 health has a 17 total attack points, and attacks Knight with 48 health who has 13 total armour points.
Knight now has 44 health remaining

Grunt with 59 health has a 17 total attack points, and attacks Knight with 34 health who has 13 total armour points.
Knight now has 30 health remaining

Raider with 58 health has a 22 total attack points, and attacks Archer with 43 health who has 10 total armour points.
Archer now has 31 health remaining

Raider with 69 health has a 22 total attack points, and attacks Archer with 9 health who has 10 total armour points.
Archer has died in combat.

Footman with 25 health has a 17 total attack points, and attacks Raider with 31 health who has 13 total armour points.
Raider now has 27 health remaining

Archer with 10 health has a 18 total attack points, and attacks Ranged with 59 health who has 10 total armour points.
Ranged now has 51 health remaining

Ranged with 12 health has a 18 total attack points, and attacks Footman with 66 health who has 11 total armour points.
Footman now has 59 health remaining

Raider with 33 health has a 22 total attack points, and attacks Archer with 43 health who has 10 total armour points.
Archer now has 31 health remaining

Archer with 46 health has a 18 total attack points, and attacks Grunt with 59 health who has 11 total armour points.
Grunt now has 52 health remaining

Archer with 38 health has a 18 total attack points, and attacks Raider with 42 health who has 13 total armour points.
Raider now has 37 health remaining

Archer with 76 health has a 18 total attack points, and attacks Ranged with 18 health who has 10 total armour points.
Ranged now has 10 health remaining

Grunt with 33 health has a 17 total attack points, and attacks Footman with 25 health who has 11 total armour points.
Footman now has 19 health remaining

Archer with 31 health has a 18 total attack points, and attacks Ranged with 41 health who has 10 total armour points.
Ranged now has 33 health remaining

Ranged with 23 health has a 18 total attack points, and attacks Archer with 82 health who has 10 total armour points.
Archer now has 74 health remaining

Raider with 64 health has a 22 total attack points, and attacks Footman with 27 health who has 11 total armour points.
Footman now has 16 health remaining

Raider with 26 health has a 22 total attack points, and attacks Archer with 71 health who has 10 total armour points.
Archer now has 59 health remaining

Footman with 68 health has a 17 total attack points, and attacks Raider with 63 health who has 13 total armour points.
Raider now has 59 health remaining

Spearman with 37 health has a 18 total attack points, and attacks Archer with 39 health who has 10 total armour points.
Archer now has 31 health remaining

Knight with 45 health has a 22 total attack points, and attacks Grunt with 41 health who has 11 total armour points.
Grunt now has 30 health remaining

Archer with 39 health has a 18 total attack points, and attacks Grunt with 56 health who has 11 total armour points.
Grunt now has 49 health remaining

Archer with 38 health has a 18 total attack points, and attacks Ranged with 59 health who has 10 total armour points.
Ranged now has 51 health remaining

Footman with 75 health has a 17 total attack points, and attacks Spearman with 82 health who has 10 total armour points.
Spearman now has 75 health remaining

Spearman with 18 health has a 18 total attack points, and attacks Archer with 38 health who has 10 total armour points.
Archer now has 30 health remaining

Ranged with 44 health has a 18 total attack points, and attacks Archer with 65 health who has 10 total armour points.
Archer now has 57 health remaining

Raider with 55 health has a 22 total attack points, and attacks Archer with 51 health who has 10 total armour points.
Archer now has 39 health remaining

Ranged with 59 health has a 18 total attack points, and attacks Archer with 76 health who has 10 total armour points.
Archer now has 68 health remaining

Raider with 39 health has a 22 total attack points, and attacks Archer with 16 health who has 10 total armour points.
Archer now has 4 health remaining

Archer with 78 health has a 18 total attack points, and attacks Raider with 58 health who has 13 total armour points.
Raider now has 53 health remaining

Grunt with 57 health has a 17 total attack points, and attacks Archer with 67 health who has 10 total armour points.
Archer now has 60 health remaining

Grunt with 26 health has a 17 total attack points, and attacks Archer with 31 health who has 10 total armour points.
Archer now has 24 health remaining

Spearman with 17 health has a 18 total attack points, and attacks Knight with 41 health who has 13 total armour points.
Knight now has 36 health remaining

Ranged with 18 health has a 18 total attack points, and attacks Footman with 51 health who has 11 total armour points.
Footman now has 44 health remaining

Ranged with 30 health has a 18 total attack points, and attacks Footman with 40 health who has 11 total armour points.
Footman now has 33 health remaining

Footman with 10 health has a 17 total attack points, and attacks Ranged with 42 health who has 10 total armour points.
Ranged now has 35 health remaining

Archer with 31 health has a 18 total attack points, and attacks Raider with 51 health who has 13 total armour points.
Raider now has 46 health remaining

Grunt with 26 health has a 17 total attack points, and attacks Knight with 73 health who has 13 total armour points.
Knight now has 69 health remaining

Ranged with 29 health has a 18 total attack points, and attacks Archer with 38 health who has 10 total armour points.
Archer now has 30 health remaining

Archer with 31 health has a 18 total attack points, and attacks Grunt with 21 health who has 11 total armour points.
Grunt now has 14 health remaining

Grunt with 18 health has a 17 total attack points, and attacks Archer with 16 health who has 10 total armour points.
Archer now has 9 health remaining

Archer with 71 health has a 18 total attack points, and attacks Spearman with 2 health who has 10 total armour points.
Spearman has died in combat.

Grunt with 20 health has a 17 total attack points, and attacks Archer with 35 health who has 10 total armour points.
Archer now has 28 health remaining

Knight with 51 health has a 22 total attack points, and attacks Grunt with 66 health who has 11 total armour points.
Grunt now has 55 health remaining

Grunt with 52 health has a 17 total attack points, and attacks Archer with 36 health who has 10 total armour points.
Archer now has 29 health remaining

Footman with 58 health has a 17 total attack points, and attacks Ranged with 46 health who has 10 total armour points.
Ranged now has 39 health remaining

Archer with 47 health has a 18 total attack points, and attacks Spearman with 28 health who has 10 total armour points.
Spearman now has 20 health remaining

Archer with 24 health has a 18 total attack points, and attacks Ranged with 74 health who has 10 total armour points.
Ranged now has 66 health remaining

Raider with 62 health has a 22 total attack points, and attacks Knight with 38 health who has 13 total armour points.
Knight now has 29 health remaining

Raider with 54 health has a 22 total attack points, and attacks Footman with 21 health who has 11 total armour points.
Footman now has 10 health remaining

Spearman with 31 health has a 18 total attack points, and attacks Footman with 59 health who has 11 total armour points.
Footman now has 52 health remaining

Raider with 16 health has a 22 total attack points, and attacks Knight with 38 health who has 13 total armour points.
Knight now has 29 health remaining

Raider with 86 health has a 22 total attack points, and attacks Archer with 30 health who has 10 total armour points.
Archer now has 18 health remaining

Raider with 68 health has a 22 total attack points, and attacks Archer with 47 health who has 10 total armour points.
Archer now has 35 health remaining

Grunt with 49 health has a 17 total attack points, and attacks Knight with 45 health who has 13 total armour points.
Knight now has 41 health remaining

Spearman with 39 health has a 18 total attack points, and attacks Archer with 21 health who has 10 total armour points.
Archer now has 13 health remaining

Spearman with 41 health has a 18 total attack points, and attacks Archer with 75 health who has 10 total armour points.
Archer now has 67 health remaining

Grunt with 48 health has a 17 total attack points, and attacks Footman with 37 health who has 11 total armour points.
Footman now has 31 health remaining

Archer with 68 health has a 18 total attack points, and attacks Ranged with 26 health who has 10 total armour points.
Ranged now has 18 health remaining

Raider with 69 health has a 22 total attack points, and attacks Knight with 51 health who has 13 total armour points.
Knight now has 42 health remaining

Ranged with 51 health has a 18 total attack points, and attacks Archer with 40 health who has 10 total armour points.
Archer now has 32 health remaining

Grunt with 53 health has a 17 total attack points, and attacks Knight with 55 health who has 13 total armour points.
Knight now has 51 health remaining

Ranged with 39 health has a 18 total attack points, and attacks Footman with 25 health who has 11 total armour points.
Footman now has 18 health remaining

Knight with 43 health has a 22 total attack points, and attacks Ranged with 47 health who has 10 total armour points.
Ranged now has 35 health remaining

Footman with 37 health has a 17 total attack points, and attacks Raider with 40 health who has 13 total armour points.
Raider now has 36 health remaining

Archer with 46 health has a 18 total attack points, and attacks Grunt with 26 health who has 11 total armour points.
Grunt now has 19 health remaining

Grunt with 25 health has a 17 total attack points, and attacks Archer with 20 health who has 10 total armour points.
Archer now has 13 health remaining

Knight with 55 health has a 22 total attack points, and attacks Raider with 69 health who has 13 total armour points.
Raider now has 60 health remaining

Archer with 30 health has a 18 total attack points, and attacks Raider with 45 health who has 13 total armour points.
Raider now has 40 health remaining

Footman with 22 health has a 17 total attack points, and attacks Raider with 67 health who has 13 total armour points.
Raider now has 63 health remaining

Footman with 38 health has a 17 total attack points, and attacks Spearman with 49 health who has 10 total armour points.
Spearman now has 42 health remaining

Ranged with 12 health has a 18 total attack points, and attacks Knight with 71 health who has 13 total armour points.
Knight now has 66 health remaining

Knight with 32 health has a 22 total attack points, and attacks Ranged with 46 health who has 10 total armour points.
Ranged now has 34 health remaining

Spearman with 31 health has a 18 total attack points, and attacks Footman with 34 health who has 11 total armour points.
Footman now has 27 health remaining

Footman with 45 health has a 17 total attack points, and attacks Raider with 49 health who has 13 total armour points.
Raider now has 45 health remaining

Spearman with 33 health has a 18 total attack points, and attacks Footman with 58 health who has 11 total armour points.
Footman now has 51 health remaining

Raider with 22 health has a 22 total attack points, and attacks Archer with 64 health who has 10 total armour points.
Archer now has 52 health remaining

Grunt with 86 health has a 17 total attack points, and attacks Footman with 7 health who has 11 total armour points.
Footman now has 1 health remaining

Knight with 76 health has a 22 total attack points, and attacks Raider with 63 health who has 13 total armour points.
Raider now has 54 health remaining

Archer with 71 health has a 18 total attack points, and attacks Raider with 55 health who has 13 total armour points.
Raider now has 50 health remaining

Grunt with 37 health has a 17 total attack points, and attacks Footman with 21 health who has 11 total armour points.
Footman now has 15 health remaining

Archer with 42 health has a 18 total attack points, and attacks Raider with 68 health who has 13 total armour points.
Raider now has 63 health remaining

Archer with 43 health has a 18 total attack points, and attacks Spearman with 43 health who has 10 total armour points.
Spearman now has 35 health remaining

Raider with 66 health has a 22 total attack points, and attacks Footman with 28 health who has 11 total armour points.
Footman now has 17 health remaining

Knight with 46 health has a 22 total attack points, and attacks Grunt with 86 health who has 11 total armour points.
Grunt now has 75 health remaining

Ranged with 44 health has a 18 total attack points, and attacks Footman with 69 health who has 11 total armour points.
Footman now has 62 health remaining

Archer with 24 health has a 18 total attack points, and attacks Ranged with 12 health who has 10 total armour points.
Ranged now has 4 health remaining

Archer with 56 health has a 18 total attack points, and attacks Raider with 27 health who has 13 total armour points.
Raider now has 22 health remaining

Grunt with 53 health has a 17 total attack points, and attacks Knight with 58 health who has 13 total armour points.
Knight now has 54 health remaining

Archer with 40 health has a 18 total attack points, and attacks Grunt with 58 health who has 11 total armour points.
Grunt now has 51 health remaining

Raider with 27 health has a 22 total attack points, and attacks Archer with 52 health who has 10 total armour points.
Archer now has 40 health remaining

Archer with 43 health has a 18 total attack points, and attacks Grunt with 31 health who has 11 total armour points.
Grunt now has 24 health remaining

Archer with 41 health has a 18 total attack points, and attacks Grunt with 72 health who has 11 total armour points.
Grunt now has 65 health remaining

Archer with 10 health has a 18 total attack points, and attacks Spearman with 49 health who has 10 total armour points.
Spearman now has 41 health remaining

Archer with 39 health has a 18 total attack points, and attacks Raider with 38 health who has 13 total armour points.
Raider now has 33 health remaining

Knight with 72 health has a 22 total attack points, and attacks Spearman with 55 health who has 10 total armour points.
Spearman now has 43 health remaining

Ranged with 1 health has a 18 total attack points, and attacks Archer with 32 health who has 10 total armour points.
Archer now has 24 health remaining

Footman with 37 health has a 17 total attack points, and attacks Grunt with 43 health who has 11 total armour points.
Grunt now has 37 health remaining

Footman with 10 health has a 17 total attack points, and attacks Spearman with 29 health who has 10 total armour points.
Spearman now has 22 health remaining

Knight with 28 health has a 22 total attack points, and attacks Raider with 54 health who has 13 total armour points.
Raider now has 45 health remaining

Footman with 66 health has a 17 total attack points, and attacks Grunt with 68 health who has 11 total armour points.
Grunt now has 62 health remaining

Knight with 64 health has a 22 total attack points, and attacks Raider with 68 health who has 13 total armour points.
Raider now has 59 health remaining

Archer with 31 health has a 18 total attack points, and attacks Ranged with 23 health who has 10 total armour points.
Ranged now has 15 health remaining

Knight with 59 health has a 22 total attack points, and attacks Raider with 33 health who has 13 total armour points.
Raider now has 24 health remaining

Archer with 96 health has a 18 total attack points, and attacks Spearman with 83 health who has 10 total armour points.
Spearman now has 75 health remaining

Footman with 41 health has a 17 total attack points, and attacks Raider with 65 health who has 13 total armour points.
Raider now has 61 health remaining

Footman with 47 health has a 17 total attack points, and attacks Raider with 50 health who has 13 total armour points.
Raider now has 46 health remaining

Archer with 33 health has a 18 total attack points, and attacks Spearman with 27 health who has 10 total armour points.
Spearman now has 19 health remaining

Archer with 44 health has a 18 total attack points, and attacks Grunt with 65 health who has 11 total armour points.
Grunt now has 58 health remaining

Archer with 24 health has a 18 total attack points, and attacks Ranged with 15 health who has 10 total armour points.
Ranged now has 7 health remaining

Grunt with 41 health has a 17 total attack points, and attacks Knight with 62 health who has 13 total armour points.
Knight now has 58 health remaining

Ranged with 62 health has a 18 total attack points, and attacks Knight with 29 health who has 13 total armour points.
Knight now has 24 health remaining

Knight with 54 health has a 22 total attack points, and attacks Ranged with 61 health who has 10 total armour points.
Ranged now has 49 health remaining

Footman with 69 health has a 17 total attack points, and attacks Grunt with 49 health who has 11 total armour points.
Grunt now has 43 health remaining

Archer with 55 health has a 18 total attack points, and attacks Raider with 62 health who has 13 total armour points.
Raider now has 57 health remaining

Footman with 73 health has a 17 total attack points, and attacks Grunt with 42 health who has 11 total armour points.
Grunt now has 36 health remaining

Ranged with 18 health has a 18 total attack points, and attacks Knight with 54 health who has 13 total armour points.
Knight now has 49 health remaining

Archer with 30 health has a 18 total attack points, and attacks Ranged with 66 health who has 10 total armour points.
Ranged now has 58 health remaining

Grunt with 37 health has a 17 total attack points, and attacks Footman with 29 health who has 11 total armour points.
Footman now has 23 health remaining

Knight with 66 health has a 22 total attack points, and attacks Raider with 54 health who has 13 total armour points.
Raider now has 45 health remaining

Raider with 39 health has a 22 total attack points, and attacks Knight with 72 health who has 13 total armour points.
Knight now has 63 health remaining

Raider with 52 health has a 22 total attack points, and attacks Knight with 48 health who has 13 total armour points.
Knight now has 39 health remaining

Spearman with 21 health has a 18 total attack points, and attacks Archer with 63 health who has 10 total armour points.
Archer now has 55 health remaining

Spearman with 11 health has a 18 total attack points, and attacks Archer with 52 health who has 10 total armour points.
Archer now has 44 health remaining

Footman with 17 health has a 17 total attack points, and attacks Raider with 86 health who has 13 total armour points.
Raider now has 82 health remaining

Archer with 63 health has a 18 total attack points, and attacks Raider with 55 health who has 13 total armour points.
Raider now has 50 health remaining

Archer with 74 health has a 18 total attack points, and attacks Ranged with 13 health who has 10 total armour points.
Ranged now has 5 health remaining

Archer with 84 health has a 18 total attack points, and attacks Raider with 45 health who has 13 total armour points.
Raider now has 40 health remaining

Grunt with 49 health has a 17 total attack points, and attacks Knight with 49 health who has 13 total armour points.
Knight now has 45 health remaining

Ranged with 46 health has a 18 total attack points, and attacks Archer with 16 health who has 10 total armour points.
Archer now has 8 health remaining

Archer with 68 health has a 18 total attack points, and attacks Raider with 57 health who has 13 total armour points.
Raider now has 52 health remaining

Archer with 64 health has a 18 total attack points, and attacks Raider with 61 health who has 13 total armour points.
Raider now has 56 health remaining

Footman with 39 health has a 17 total attack points, and attacks Raider with 40 health who has 13 total armour points.
Raider now has 36 health remaining

Archer with 54 health has a 18 total attack points, and attacks Spearman with 66 health who has 10 total armour points.
Spearman now has 58 health remaining

Archer with 26 health has a 18 total attack points, and attacks Ranged with 70 health who has 10 total armour points.
Ranged now has 62 health remaining

Spearman with 83 health has a 18 total attack points, and attacks Archer with 31 health who has 10 total armour points.
Archer now has 23 health remaining

Archer with 39 health has a 18 total attack points, and attacks Raider with 45 health who has 13 total armour points.
Raider now has 40 health remaining

Archer with 18 health has a 18 total attack points, and attacks Raider with 36 health who has 13 total armour points.
Raider now has 31 health remaining

Footman with 33 health has a 17 total attack points, and attacks Spearman with 11 health who has 10 total armour points.
Spearman now has 4 health remaining

Archer with 30 health has a 18 total attack points, and attacks Spearman with 23 health who has 10 total armour points.
Spearman now has 15 health remaining

Archer with 41 health has a 18 total attack points, and attacks Spearman with 28 health who has 10 total armour points.
Spearman now has 20 health remaining

Spearman with 37 health has a 18 total attack points, and attacks Footman with 33 health who has 11 total armour points.
Footman now has 26 health remaining

Archer with 42 health has a 18 total attack points, and attacks Ranged with 41 health who has 10 total armour points.
Ranged now has 33 health remaining

Ranged with 39 health has a 18 total attack points, and attacks Archer with 55 health who has 10 total armour points.
Archer now has 47 health remaining

Grunt with 55 health has a 17 total attack points, and attacks Footman with 62 health who has 11 total armour points.
Footman now has 56 health remaining

Ranged with 49 health has a 18 total attack points, and attacks Footman with 27 health who has 11 total armour points.
Footman now has 20 health remaining

Spearman with 33 health has a 18 total attack points, and attacks Archer with 64 health who has 10 total armour points.
Archer now has 56 health remaining

Archer with 63 health has a 18 total attack points, and attacks Spearman with 39 health who has 10 total armour points.
Spearman now has 31 health remaining

Footman with 41 health has a 17 total attack points, and attacks Spearman with 38 health who has 10 total armour points.
Spearman now has 31 health remaining

Spearman with 46 health has a 18 total attack points, and attacks Footman with 1 health who has 11 total armour points.
Footman has died in combat.

Archer with 78 health has a 18 total attack points, and attacks Grunt with 58 health who has 11 total armour points.
Grunt now has 51 health remaining

Grunt with 27 health has a 17 total attack points, and attacks Archer with 79 health who has 10 total armour points.
Archer now has 72 health remaining

Archer with 43 health has a 18 total attack points, and attacks Ranged with 34 health who has 10 total armour points.
Ranged now has 26 health remaining

Raider with 19 health has a 22 total attack points, and attacks Knight with 55 health who has 13 total armour points.
Knight now has 46 health remaining

Spearman with 72 health has a 18 total attack points, and attacks Archer with 3 health who has 10 total armour points.
Archer has died in combat.

Raider with 38 health has a 22 total attack points, and attacks Archer with 35 health who has 10 total armour points.
Archer now has 23 health remaining

Grunt with 37 health has a 17 total attack points, and attacks Archer with 29 health who has 10 total armour points.
Archer now has 22 health remaining

Archer with 67 health has a 18 total attack points, and attacks Raider with 54 health who has 13 total armour points.
Raider now has 49 health remaining

Archer with 26 health has a 18 total attack points, and attacks Grunt with 19 health who has 11 total armour points.
Grunt now has 12 health remaining

Grunt with 46 health has a 17 total attack points, and attacks Archer with 52 health who has 10 total armour points.
Archer now has 45 health remaining

Ranged with 28 health has a 18 total attack points, and attacks Knight with 41 health who has 13 total armour points.
Knight now has 36 health remaining

Archer with 55 health has a 18 total attack points, and attacks Raider with 59 health who has 13 total armour points.
Raider now has 54 health remaining

Ranged with 67 health has a 18 total attack points, and attacks Knight with 53 health who has 13 total armour points.
Knight now has 48 health remaining

Archer with 96 health has a 18 total attack points, and attacks Raider with 47 health who has 13 total armour points.
Raider now has 42 health remaining

Raider with 68 health has a 22 total attack points, and attacks Archer with 66 health who has 10 total armour points.
Archer now has 54 health remaining

Archer with 19 health has a 18 total attack points, and attacks Spearman with 69 health who has 10 total armour points.
Spearman now has 61 health remaining

Raider with 70 health has a 22 total attack points, and attacks Archer with 67 health who has 10 total armour points.
Archer now has 55 health remaining

Knight with 55 health has a 22 total attack points, and attacks Grunt with 5 health who has 11 total armour points.
Grunt has died in combat.

Knight with 73 health has a 22 total attack points, and attacks Raider with 16 health who has 13 total armour points.
Raider now has 7 health remaining

Knight with 59 health has a 22 total attack points, and attacks Ranged with 64 health who has 10 total armour points.
Ranged now has 52 health remaining

Grunt with 51 health has a 17 total attack points, and attacks Archer with 37 health who has 10 total armour points.
Archer now has 30 health remaining

Grunt with 32 health has a 17 total attack points, and attacks Knight with 72 health who has 13 total armour points.
Knight now has 68 health remaining

Ranged with 79 health has a 18 total attack points, and attacks Archer with 48 health who has 10 total armour points.
Archer now has 40 health remaining

Raider with 73 health has a 22 total attack points, and attacks Footman with 10 health who has 11 total armour points.
Footman has died in combat.

Raider with 63 health has a 22 total attack points, and attacks Footman with 36 health who has 11 total armour points.
Footman now has 25 health remaining

Spearman with 35 health has a 18 total attack points, and attacks Footman with 41 health who has 11 total armour points.
Footman now has 34 health remaining

Raider with 46 health has a 22 total attack points, and attacks Footman with 75 health who has 11 total armour points.
Footman now has 64 health remaining

Ranged with 40 health has a 18 total attack points, and attacks Archer with 51 health who has 10 total armour points.
Archer now has 43 health remaining

Raider with 78 health has a 22 total attack points, and attacks Archer with 44 health who has 10 total armour points.
Archer now has 32 health remaining

Knight with 60 health has a 22 total attack points, and attacks Ranged with 39 health who has 10 total armour points.
Ranged now has 27 health remaining

Knight with 66 health has a 22 total attack points, and attacks Grunt with 41 health who has 11 total armour points.
Grunt now has 30 health remaining

Spearman with 16 health has a 18 total attack points, and attacks Archer with 25 health who has 10 total armour points.
Archer now has 17 health remaining

Archer with 71 health has a 18 total attack points, and attacks Raider with 26 health who has 13 total armour points.
Raider now has 21 health remaining

Grunt with 38 health has a 17 total attack points, and attacks Archer with 28 health who has 10 total armour points.
Archer now has 21 health remaining

Archer with 9 health has a 18 total attack points, and attacks Grunt with 75 health who has 11 total armour points.
Grunt now has 68 health remaining

Raider with 37 health has a 22 total attack points, and attacks Knight with 51 health who has 13 total armour points.
Knight now has 42 health remaining

Knight with 54 health has a 22 total attack points, and attacks Raider with 59 health who has 13 total armour points.
Raider now has 50 health remaining

Archer with 17 health has a 18 total attack points, and attacks Spearman with 20 health who has 10 total armour points.
Spearman now has 12 health remaining

Raider with 22 health has a 22 total attack points, and attacks Knight with 43 health who has 13 total armour points.
Knight now has 34 health remaining

Spearman with 50 health has a 18 total attack points, and attacks Footman with 60 health who has 11 total armour points.
Footman now has 53 health remaining

Grunt with 59 health has a 17 total attack points, and attacks Footman with 20 health who has 11 total armour points.
Footman now has 14 health remaining

Grunt with 26 health has a 17 total attack points, and attacks Archer with 63 health who has 10 total armour points.
Archer now has 56 health remaining

Raider with 63 health has a 22 total attack points, and attacks Archer with 30 health who has 10 total armour points.
Archer now has 18 health remaining

Archer with 72 health has a 18 total attack points, and attacks Grunt with 75 health who has 11 total armour points.
Grunt now has 68 health remaining

Ranged with 62 health has a 18 total attack points, and attacks Archer with 40 health who has 10 total armour points.
Archer now has 32 health remaining

Knight with 39 health has a 22 total attack points, and attacks Spearman with 26 health who has 10 total armour points.
Spearman now has 14 health remaining

Archer with 60 health has a 18 total attack points, and attacks Ranged with 9 health who has 10 total armour points.
Ranged now has 1 health remaining

Archer with 44 health has a 18 total attack points, and attacks Spearman with 48 health who has 10 total armour points.
Spearman now has 40 health remaining

Spearman with 55 health has a 18 total attack points, and attacks Knight with 68 health who has 13 total armour points.
Knight now has 63 health remaining

Spearman with 51 health has a 18 total attack points, and attacks Footman with 56 health who has 11 total armour points.
Footman now has 49 health remaining

Grunt with 48 health has a 17 total attack points, and attacks Footman with 17 health who has 11 total armour points.
Footman now has 11 health remaining

Knight with 45 health has a 22 total attack points, and attacks Grunt with 16 health who has 11 total armour points.
Grunt now has 5 health remaining

Archer with 39 health has a 18 total attack points, and attacks Grunt with 34 health who has 11 total armour points.
Grunt now has 27 health remaining

Knight with 69 health has a 22 total attack points, and attacks Grunt with 5 health who has 11 total armour points.
Grunt has died in combat.

Spearman with 35 health has a 18 total attack points, and attacks Archer with 41 health who has 10 total armour points.
Archer now has 33 health remaining

Grunt with 27 health has a 17 total attack points, and attacks Archer with 7 health who has 10 total armour points.
Archer has died in combat.

Spearman with 39 health has a 18 total attack points, and attacks Archer with 32 health who has 10 total armour points.
Archer now has 24 health remaining

Footman with 38 health has a 17 total attack points, and attacks Ranged with 27 health who has 10 total armour points.
Ranged now has 20 health remaining

Spearman with 14 health has a 18 total attack points, and attacks Archer with 39 health who has 10 total armour points.
Archer now has 31 health remaining

Raider with 21 health has a 22 total attack points, and attacks Knight with 65 health who has 13 total armour points.
Knight now has 56 health remaining

Footman with 23 health has a 17 total attack points, and attacks Ranged with 74 health who has 10 total armour points.
Ranged now has 67 health remaining

Knight with 55 health has a 22 total attack points, and attacks Grunt with 26 health who has 11 total armour points.
Grunt now has 15 health remaining

Archer with 60 health has a 18 total attack points, and attacks Grunt with 57 health who has 11 total armour points.
Grunt now has 50 health remaining

Archer with 70 health has a 18 total attack points, and attacks Ranged with 31 health who has 10 total armour points.
Ranged now has 23 health remaining

Knight with 67 health has a 22 total attack points, and attacks Grunt with 44 health who has 11 total armour points.
Grunt now has 33 health remaining

Spearman with 10 health has a 18 total attack points, and attacks Archer with 68 health who has 10 total armour points.
Archer now has 60 health remaining

Footman with 70 health has a 17 total attack points, and attacks Ranged with 44 health who has 10 total armour points.
Ranged now has 37 health remaining

Knight with 45 health has a 22 total attack points, and attacks Raider with 41 health who has 13 total armour points.
Raider now has 32 health remaining

Grunt with 51 health has a 17 total attack points, and attacks Footman with 39 health who has 11 total armour points.
Footman now has 33 health remaining

Raider with 61 health has a 22 total attack points, and attacks Archer with 49 health who has 10 total armour points.
Archer now has 37 health remaining

Archer with 43 health has a 18 total attack points, and attacks Grunt with 61 health who has 11 total armour points.
Grunt now has 54 health remaining

Spearman with 31 health has a 18 total attack points, and attacks Knight with 62 health who has 13 total armour points.
Knight now has 57 health remaining

Raider with 64 health has a 22 total attack points, and attacks Archer with 78 health who has 10 total armour points.
Archer now has 66 health remaining

Archer with 21 health has a 18 total attack points, and attacks Raider with 58 health who has 13 total armour points.
Raider now has 53 health remaining

Footman with 34 health has a 17 total attack points, and attacks Grunt with 55 health who has 11 total armour points.
Grunt now has 49 health remaining

Grunt with 20 health has a 17 total attack points, and attacks Archer with 37 health who has 10 total armour points.
Archer now has 30 health remaining

Raider with 64 health has a 22 total attack points, and attacks Footman with 31 health who has 11 total armour points.
Footman now has 20 health remaining

Grunt with 49 health has a 17 total attack points, and attacks Footman with 51 health who has 11 total armour points.
Footman now has 45 health remaining

Footman with 37 health has a 17 total attack points, and attacks Ranged with 60 health who has 10 total armour points.
Ranged now has 53 health remaining

Archer with 30 health has a 18 total attack points, and attacks Spearman with 55 health who has 10 total armour points.
Spearman now has 47 health remaining

Grunt with 44 health has a 17 total attack points, and attacks Knight with 45 health who has 13 total armour points.
Knight now has 41 health remaining

Raider with 70 health has a 22 total attack points, and attacks Archer with 68 health who has 10 total armour points.
Archer now has 56 health remaining

Ranged with 49 health has a 18 total attack points, and attacks Archer with 57 health who has 10 total armour points.
Archer now has 49 health remaining

Footman with 73 health has a 17 total attack points, and attacks Ranged with 30 health who has 10 total armour points.
Ranged now has 23 health remaining

Knight with 13 health has a 22 total attack points, and attacks Spearman with 4 health who has 10 total armour points.
Spearman has died in combat.

Raider with 55 health has a 22 total attack points, and attacks Archer with 14 health who has 10 total armour points.
Archer now has 2 health remaining

Raider with 73 health has a 22 total attack points, and attacks Knight with 46 health who has 13 total armour points.
Knight now has 37 health remaining

Raider with 72 health has a 22 total attack points, and attacks Archer with 10 health who has 10 total armour points.
Archer has died in combat.

Ranged with 79 health has a 18 total attack points, and attacks Footman with 41 health who has 11 total armour points.
Footman now has 34 health remaining

Archer with 44 health has a 18 total attack points, and attacks Ranged with 62 health who has 10 total armour points.
Ranged now has 54 health remaining

Footman with 67 health has a 17 total attack points, and attacks Spearman with 63 health who has 10 total armour points.
Spearman now has 56 health remaining

Footman with 54 health has a 17 total attack points, and attacks Raider with 61 health who has 13 total armour points.
Raider now has 57 health remaining

Grunt with 33 health has a 17 total attack points, and attacks Archer with 90 health who has 10 total armour points.
Archer now has 83 health remaining

Spearman with 35 health has a 18 total attack points, and attacks Archer with 19 health who has 10 total armour points.
Archer now has 11 health remaining

Archer with 43 health has a 18 total attack points, and attacks Grunt with 49 health who has 11 total armour points.
Grunt now has 42 health remaining

Spearman with 42 health has a 18 total attack points, and attacks Footman with 38 health who has 11 total armour points.
Footman now has 31 health remaining

Grunt with 14 health has a 17 total attack points, and attacks Knight with 64 health who has 13 total armour points.
Knight now has 60 health remaining

Archer with 37 health has a 18 total attack points, and attacks Raider with 40 health who has 13 total armour points.
Raider now has 35 health remaining

Ranged with 51 health has a 18 total attack points, and attacks Archer with 61 health who has 10 total armour points.
Archer now has 53 health remaining

Spearman with 59 health has a 18 total attack points, and attacks Footman with 64 health who has 11 total armour points.
Footman now has 57 health remaining

Spearman with 29 health has a 18 total attack points, and attacks Footman with 8 health who has 11 total armour points.
Footman now has 1 health remaining

Grunt with 40 health has a 17 total attack points, and attacks Knight with 71 health who has 13 total armour points.
Knight now has 67 health remaining

Spearman with 42 health has a 18 total attack points, and attacks Archer with 47 health who has 10 total armour points.
Archer now has 39 health remaining

Archer with 11 health has a 18 total attack points, and attacks Raider with 72 health who has 13 total armour points.
Raider now has 67 health remaining

Knight with 54 health has a 22 total attack points, and attacks Spearman with 54 health who has 10 total armour points.
Spearman now has 42 health remaining

Archer with 60 health has a 18 total attack points, and attacks Grunt with 68 health who has 11 total armour points.
Grunt now has 61 health remaining

Archer with 76 health has a 18 total attack points, and attacks Raider with 63 health who has 13 total armour points.
Raider now has 58 health remaining

Ranged with 33 health has a 18 total attack points, and attacks Knight with 29 health who has 13 total armour points.
Knight now has 24 health remaining

Raider with 41 health has a 22 total attack points, and attacks Archer with 44 health who has 10 total armour points.
Archer now has 32 health remaining

Footman with 69 health has a 17 total attack points, and attacks Raider with 58 health who has 13 total armour points.
Raider now has 54 health remaining

Archer with 62 health has a 18 total attack points, and attacks Raider with 37 health who has 13 total armour points.
Raider now has 32 health remaining

Grunt with 24 health has a 17 total attack points, and attacks Archer with 32 health who has 10 total armour points.
Archer now has 25 health remaining

Knight with 63 health has a 22 total attack points, and attacks Grunt with 30 health who has 11 total armour points.
Grunt now has 19 health remaining

Ranged with 38 health has a 18 total attack points, and attacks Footman with 38 health who has 11 total armour points.
Footman now has 31 health remaining

Spearman with 28 health has a 18 total attack points, and attacks Footman with 18 health who has 11 total armour points.
Footman now has 11 health remaining

Raider with 40 health has a 22 total attack points, and attacks Archer with 40 health who has 10 total armour points.
Archer now has 28 health remaining

Knight with 23 health has a 22 total attack points, and attacks Spearman with 61 health who has 10 total armour points.
Spearman now has 49 health remaining

Grunt with 46 health has a 17 total attack points, and attacks Footman with 10 health who has 11 total armour points.
Footman now has 4 health remaining

Raider with 46 health has a 22 total attack points, and attacks Archer with 71 health who has 10 total armour points.
Archer now has 59 health remaining

Grunt with 64 health has a 17 total attack points, and attacks Footman with 33 health who has 11 total armour points.
Footman now has 27 health remaining

Ranged with 38 health has a 18 total attack points, and attacks Archer with 45 health who has 10 total armour points.
Archer now has 37 health remaining

Footman with 19 health has a 17 total attack points, and attacks Ranged with 1 health who has 10 total armour points.
Ranged has died in combat.

Archer with 84 health has a 18 total attack points, and attacks Raider with 22 health who has 13 total armour points.
Raider now has 17 health remaining

Knight with 42 health has a 22 total attack points, and attacks Spearman with 41 health who has 10 total armour points.
Spearman now has 29 health remaining

Footman with 53 health has a 17 total attack points, and attacks Grunt with 35 health who has 11 total armour points.
Grunt now has 29 health remaining

Knight with 66 health has a 22 total attack points, and attacks Raider with 77 health who has 13 total armour points.
Raider now has 68 health remaining

Archer with 52 health has a 18 total attack points, and attacks Grunt with 55 health who has 11 total armour points.
Grunt now has 48 health remaining

Ranged with 1 health has a 18 total attack points, and attacks Archer with 64 health who has 10 total armour points.
Archer now has 56 health remaining

Grunt with 40 health has a 17 total attack points, and attacks Mountain King with 146 health who has 16 total armour points.
Mountain King now has 145 health remaining

Archer with 29 health has a 18 total attack points, and attacks Spearman with 32 health who has 10 total armour points.
Spearman now has 24 health remaining

Footman with 57 health has a 17 total attack points, and attacks Ranged with 11 health who has 10 total armour points.
Ranged now has 4 health remaining

Knight with 80 health has a 22 total attack points, and attacks Spearman with 56 health who has 10 total armour points.
Spearman now has 44 health remaining

Raider with 30 health has a 22 total attack points, and attacks Archer with 64 health who has 10 total armour points.
Archer now has 52 health remaining

Archer with 21 health has a 18 total attack points, and attacks Grunt with 41 health who has 11 total armour points.
Grunt now has 34 health remaining

Archer with 11 health has a 18 total attack points, and attacks Raider with 65 health who has 13 total armour points.
Raider now has 60 health remaining

Ranged with 39 health has a 18 total attack points, and attacks Archer with 11 health who has 10 total armour points.
Archer now has 3 health remaining

Spearman with 13 health has a 18 total attack points, and attacks Footman with 20 health who has 11 total armour points.
Footman now has 13 health remaining

Raider with 25 health has a 22 total attack points, and attacks Archer with 83 health who has 10 total armour points.
Archer now has 71 health remaining

Footman with 45 health has a 17 total attack points, and attacks Spearman with 23 health who has 10 total armour points.
Spearman now has 16 health remaining

Raider with 57 health has a 22 total attack points, and attacks Footman with 55 health who has 11 total armour points.
Footman now has 44 health remaining

Ranged with 67 health has a 18 total attack points, and attacks Knight with 49 health who has 13 total armour points.
Knight now has 44 health remaining

Knight with 76 health has a 22 total attack points, and attacks Ranged with 22 health who has 10 total armour points.
Ranged now has 10 health remaining

Archer with 31 health has a 18 total attack points, and attacks Spearman with 21 health who has 10 total armour points.
Spearman now has 13 health remaining

Footman with 37 health has a 17 total attack points, and attacks Grunt with 24 health who has 11 total armour points.
Grunt now has 18 health remaining

Ranged with 40 health has a 18 total attack points, and attacks Knight with 77 health who has 13 total armour points.
Knight now has 72 health remaining

Footman with 31 health has a 17 total attack points, and attacks Ranged with 49 health who has 10 total armour points.
Ranged now has 42 health remaining

Spearman with 42 health has a 18 total attack points, and attacks Knight with 13 health who has 13 total armour points.
Knight now has 8 health remaining

Spearman with 65 health has a 18 total attack points, and attacks Archer with 33 health who has 10 total armour points.
Archer now has 25 health remaining

Footman with 37 health has a 17 total attack points, and attacks Spearman with 29 health who has 10 total armour points.
Spearman now has 22 health remaining

Archer with 33 health has a 18 total attack points, and attacks Grunt with 29 health who has 11 total armour points.
Grunt now has 22 health remaining

Grunt with 43 health has a 17 total attack points, and attacks Archer with 8 health who has 10 total armour points.
Archer now has 1 health remaining

Grunt with 49 health has a 17 total attack points, and attacks Archer with 23 health who has 10 total armour points.
Archer now has 16 health remaining

Raider with 63 health has a 22 total attack points, and attacks Knight with 21 health who has 13 total armour points.
Knight now has 12 health remaining

Knight with 66 health has a 22 total attack points, and attacks Raider with 36 health who has 13 total armour points.
Raider now has 27 health remaining

Ranged with 53 health has a 18 total attack points, and attacks Footman with 53 health who has 11 total armour points.
Footman now has 46 health remaining

Knight with 27 health has a 22 total attack points, and attacks Spearman with 42 health who has 10 total armour points.
Spearman now has 30 health remaining

Raider with 27 health has a 22 total attack points, and attacks Footman with 75 health who has 11 total armour points.
Footman now has 64 health remaining

Knight with 55 health has a 22 total attack points, and attacks Gul´dan with 173 health who has 16 total armour points.
Gul´dan now has 167 health remaining

Archer with 55 health has a 18 total attack points, and attacks Raider with 56 health who has 13 total armour points.
Raider now has 51 health remaining

Spearman with 75 health has a 18 total attack points, and attacks Archer with 24 health who has 10 total armour points.
Archer now has 16 health remaining

Archer with 33 health has a 18 total attack points, and attacks Grunt with 34 health who has 11 total armour points.
Grunt now has 27 health remaining

Archer with 20 health has a 18 total attack points, and attacks Ranged with 52 health who has 10 total armour points.
Ranged now has 44 health remaining

Archer with 38 health has a 18 total attack points, and attacks Ranged with 33 health who has 10 total armour points.
Ranged now has 25 health remaining

Knight with 82 health has a 22 total attack points, and attacks Ranged with 25 health who has 10 total armour points.
Ranged now has 13 health remaining

Ranged with 43 health has a 18 total attack points, and attacks Knight with 43 health who has 13 total armour points.
Knight now has 38 health remaining

Raider with 54 health has a 22 total attack points, and attacks Archer with 33 health who has 10 total armour points.
Archer now has 21 health remaining

Grunt with 53 health has a 17 total attack points, and attacks Archer with 30 health who has 10 total armour points.
Archer now has 23 health remaining

Knight with 86 health has a 22 total attack points, and attacks Raider with 7 health who has 13 total armour points.
Raider has died in combat.

Archer with 7 health has a 18 total attack points, and attacks Raider with 30 health who has 13 total armour points.
Raider now has 25 health remaining

Grunt with 44 health has a 17 total attack points, and attacks Archer with 63 health who has 10 total armour points.
Archer now has 56 health remaining

Archer with 71 health has a 18 total attack points, and attacks Ranged with 43 health who has 10 total armour points.
Ranged now has 35 health remaining

Archer with 42 health has a 18 total attack points, and attacks Ranged with 35 health who has 10 total armour points.
Ranged now has 27 health remaining

Grunt with 54 health has a 17 total attack points, and attacks Knight with 27 health who has 13 total armour points.
Knight now has 23 health remaining

Grunt with 54 health has a 17 total attack points, and attacks Archer with 26 health who has 10 total armour points.
Archer now has 19 health remaining

Archer with 68 health has a 18 total attack points, and attacks Spearman with 28 health who has 10 total armour points.
Spearman now has 20 health remaining

Knight with 53 health has a 22 total attack points, and attacks Ranged with 11 health who has 10 total armour points.
Ranged has died in combat.

Raider with 22 health has a 22 total attack points, and attacks Archer with 46 health who has 10 total armour points.
Archer now has 34 health remaining

Spearman with 34 health has a 18 total attack points, and attacks Archer with 74 health who has 10 total armour points.
Archer now has 66 health remaining

Footman with 45 health has a 17 total attack points, and attacks Spearman with 18 health who has 10 total armour points.
Spearman now has 11 health remaining

Grunt with 18 health has a 17 total attack points, and attacks Archer with 41 health who has 10 total armour points.
Archer now has 34 health remaining

Archer with 37 health has a 18 total attack points, and attacks Grunt with 27 health who has 11 total armour points.
Grunt now has 20 health remaining

Grunt with 48 health has a 17 total attack points, and attacks Footman with 17 health who has 11 total armour points.
Footman now has 11 health remaining

Knight with 41 health has a 22 total attack points, and attacks Raider with 49 health who has 13 total armour points.
Raider now has 40 health remaining

Raider with 67 health has a 22 total attack points, and attacks Footman with 53 health who has 11 total armour points.
Footman now has 42 health remaining

Spearman with 18 health has a 18 total attack points, and attacks Archer with 47 health who has 10 total armour points.
Archer now has 39 health remaining

Raider with 76 health has a 22 total attack points, and attacks Footman with 13 health who has 11 total armour points.
Footman now has 2 health remaining

Knight with 62 health has a 22 total attack points, and attacks Grunt with 19 health who has 11 total armour points.
Grunt now has 8 health remaining

Archer with 55 health has a 18 total attack points, and attacks Ranged with 37 health who has 10 total armour points.
Ranged now has 29 health remaining

Footman with 25 health has a 17 total attack points, and attacks Grunt with 30 health who has 11 total armour points.
Grunt now has 24 health remaining

Ranged with 9 health has a 18 total attack points, and attacks Archer with 54 health who has 10 total armour points.
Archer now has 46 health remaining

Raider with 32 health has a 22 total attack points, and attacks Footman with 56 health who has 11 total armour points.
Footman now has 45 health remaining

Archer with 55 health has a 18 total attack points, and attacks Raider with 63 health who has 13 total armour points.
Raider now has 58 health remaining

Knight with 31 health has a 22 total attack points, and attacks Spearman with 35 health who has 10 total armour points.
Spearman now has 23 health remaining

Spearman with 43 health has a 18 total attack points, and attacks Knight with 80 health who has 13 total armour points.
Knight now has 75 health remaining

Raider with 46 health has a 22 total attack points, and attacks Archer with 7 health who has 10 total armour points.
Archer has died in combat.

Grunt with 19 health has a 17 total attack points, and attacks Knight with 85 health who has 13 total armour points.
Knight now has 81 health remaining

Footman with 69 health has a 17 total attack points, and attacks Ranged with 67 health who has 10 total armour points.
Ranged now has 60 health remaining

Raider with 73 health has a 22 total attack points, and attacks Knight with 41 health who has 13 total armour points.
Knight now has 32 health remaining

Knight with 55 health has a 22 total attack points, and attacks Grunt with 48 health who has 11 total armour points.
Grunt now has 37 health remaining

Raider with 82 health has a 22 total attack points, and attacks Archer with 26 health who has 10 total armour points.
Archer now has 14 health remaining

Ranged with 26 health has a 18 total attack points, and attacks Archer with 23 health who has 10 total armour points.
Archer now has 15 health remaining

Archer with 35 health has a 18 total attack points, and attacks Spearman with 51 health who has 10 total armour points.
Spearman now has 43 health remaining

Archer with 70 health has a 18 total attack points, and attacks Raider with 53 health who has 13 total armour points.
Raider now has 48 health remaining

Knight with 23 health has a 22 total attack points, and attacks Grunt with 58 health who has 11 total armour points.
Grunt now has 47 health remaining

Spearman with 37 health has a 18 total attack points, and attacks Archer with 4 health who has 10 total armour points.
Archer has died in combat.

Ranged with 51 health has a 18 total attack points, and attacks Archer with 62 health who has 10 total armour points.
Archer now has 54 health remaining

Grunt with 49 health has a 17 total attack points, and attacks Archer with 40 health who has 10 total armour points.
Archer now has 33 health remaining

Footman with 41 health has a 17 total attack points, and attacks Grunt with 16 health who has 11 total armour points.
Grunt now has 10 health remaining

Spearman with 21 health has a 18 total attack points, and attacks Knight with 31 health who has 13 total armour points.
Knight now has 26 health remaining

Archer with 71 health has a 18 total attack points, and attacks Raider with 30 health who has 13 total armour points.
Raider now has 25 health remaining

Footman with 64 health has a 17 total attack points, and attacks Spearman with 18 health who has 10 total armour points.
Spearman now has 11 health remaining

Raider with 53 health has a 22 total attack points, and attacks Archer with 47 health who has 10 total armour points.
Archer now has 35 health remaining

Ranged with 79 health has a 18 total attack points, and attacks Archer with 51 health who has 10 total armour points.
Archer now has 43 health remaining

Spearman with 43 health has a 18 total attack points, and attacks Knight with 53 health who has 13 total armour points.
Knight now has 48 health remaining

Spearman with 16 health has a 18 total attack points, and attacks Footman with 27 health who has 11 total armour points.
Footman now has 20 health remaining

Knight with 55 health has a 22 total attack points, and attacks Raider with 60 health who has 13 total armour points.
Raider now has 51 health remaining

Grunt with 55 health has a 17 total attack points, and attacks Knight with 46 health who has 13 total armour points.
Knight now has 42 health remaining

Ranged with 20 health has a 18 total attack points, and attacks Archer with 63 health who has 10 total armour points.
Archer now has 55 health remaining

Raider with 64 health has a 22 total attack points, and attacks Footman with 11 health who has 11 total armour points.
Footman has died in combat.

Grunt with 20 health has a 17 total attack points, and attacks Archer with 28 health who has 10 total armour points.
Archer now has 21 health remaining

Knight with 55 health has a 22 total attack points, and attacks Grunt with 24 health who has 11 total armour points.
Grunt now has 13 health remaining

Spearman with 35 health has a 18 total attack points, and attacks Footman with 47 health who has 11 total armour points.
Footman now has 40 health remaining

Raider with 61 health has a 22 total attack points, and attacks Archer with 25 health who has 10 total armour points.
Archer now has 13 health remaining

Footman with 16 health has a 17 total attack points, and attacks Ranged with 1 health who has 10 total armour points.
Ranged has died in combat.

Archer with 46 health has a 18 total attack points, and attacks Raider with 50 health who has 13 total armour points.
Raider now has 45 health remaining

Archer with 43 health has a 18 total attack points, and attacks Grunt with 18 health who has 11 total armour points.
Grunt now has 11 health remaining

Grunt with 65 health has a 17 total attack points, and attacks Knight with 56 health who has 13 total armour points.
Knight now has 52 health remaining

Ranged with 20 health has a 18 total attack points, and attacks Archer with 19 health who has 10 total armour points.
Archer now has 11 health remaining

Grunt with 32 health has a 17 total attack points, and attacks Knight with 54 health who has 13 total armour points.
Knight now has 50 health remaining

Raider with 45 health has a 22 total attack points, and attacks Archer with 25 health who has 10 total armour points.
Archer now has 13 health remaining

Footman with 27 health has a 17 total attack points, and attacks Raider with 27 health who has 13 total armour points.
Raider now has 23 health remaining

Ranged with 75 health has a 18 total attack points, and attacks Archer with 33 health who has 10 total armour points.
Archer now has 25 health remaining

Archer with 55 health has a 18 total attack points, and attacks Grunt with 46 health who has 11 total armour points.
Grunt now has 39 health remaining

Archer with 52 health has a 18 total attack points, and attacks Raider with 60 health who has 13 total armour points.
Raider now has 55 health remaining

Raider with 38 health has a 22 total attack points, and attacks Archer with 40 health who has 10 total armour points.
Archer now has 28 health remaining

Knight with 36 health has a 22 total attack points, and attacks Ranged with 44 health who has 10 total armour points.
Ranged now has 32 health remaining

Ranged with 68 health has a 18 total attack points, and attacks Footman with 10 health who has 11 total armour points.
Footman now has 3 health remaining

Knight with 18 health has a 22 total attack points, and attacks Spearman with 19 health who has 10 total armour points.
Spearman now has 7 health remaining

Archer with 46 health has a 18 total attack points, and attacks Ranged with 8 health who has 10 total armour points.
Ranged has died in combat.

Archer with 32 health has a 18 total attack points, and attacks Spearman with 40 health who has 10 total armour points.
Spearman now has 32 health remaining

Raider with 42 health has a 22 total attack points, and attacks Footman with 10 health who has 11 total armour points.
Footman has died in combat.

Knight with 8 health has a 22 total attack points, and attacks Raider with 56 health who has 13 total armour points.
Raider now has 47 health remaining

Raider with 47 health has a 22 total attack points, and attacks Footman with 38 health who has 11 total armour points.
Footman now has 27 health remaining

Footman with 13 health has a 17 total attack points, and attacks Raider with 25 health who has 13 total armour points.
Raider now has 21 health remaining

Ranged with 46 health has a 18 total attack points, and attacks Archer with 56 health who has 10 total armour points.
Archer now has 48 health remaining

Archer with 49 health has a 18 total attack points, and attacks Ranged with 60 health who has 10 total armour points.
Ranged now has 52 health remaining

Gul´dan with 167 health has a 27 total attack points, and attacks Knight with 31 health who has 13 total armour points.
Knight now has 17 health remaining

Raider with 35 health has a 22 total attack points, and attacks Footman with 54 health who has 11 total armour points.
Footman now has 43 health remaining

Archer with 18 health has a 18 total attack points, and attacks Ranged with 75 health who has 10 total armour points.
Ranged now has 67 health remaining

Archer with 38 health has a 18 total attack points, and attacks Spearman with 37 health who has 10 total armour points.
Spearman now has 29 health remaining

Footman with 27 health has a 17 total attack points, and attacks Spearman with 47 health who has 10 total armour points.
Spearman now has 40 health remaining

Raider with 45 health has a 22 total attack points, and attacks Archer with 14 health who has 10 total armour points.
Archer now has 2 health remaining

Knight with 55 health has a 22 total attack points, and attacks Raider with 50 health who has 13 total armour points.
Raider now has 41 health remaining

Grunt with 56 health has a 17 total attack points, and attacks Knight with 42 health who has 13 total armour points.
Knight now has 38 health remaining

Archer with 15 health has a 18 total attack points, and attacks Ranged with 51 health who has 10 total armour points.
Ranged now has 43 health remaining

Knight with 67 health has a 22 total attack points, and attacks Spearman with 2 health who has 10 total armour points.
Spearman has died in combat.

Footman with 45 health has a 17 total attack points, and attacks Ranged with 60 health who has 10 total armour points.
Ranged now has 53 health remaining

Footman with 40 health has a 17 total attack points, and attacks Ranged with 9 health who has 10 total armour points.
Ranged now has 2 health remaining

Spearman with 54 health has a 18 total attack points, and attacks Archer with 76 health who has 10 total armour points.
Archer now has 68 health remaining

Raider with 55 health has a 22 total attack points, and attacks Knight with 58 health who has 13 total armour points.
Knight now has 49 health remaining

Grunt with 49 health has a 17 total attack points, and attacks Archer with 18 health who has 10 total armour points.
Archer now has 11 health remaining

Archer with 43 health has a 18 total attack points, and attacks Raider with 55 health who has 13 total armour points.
Raider now has 50 health remaining

Raider with 59 health has a 22 total attack points, and attacks Footman with 34 health who has 11 total armour points.
Footman now has 23 health remaining

Archer with 15 health has a 18 total attack points, and attacks Raider with 40 health who has 13 total armour points.
Raider now has 35 health remaining

Raider with 35 health has a 22 total attack points, and attacks Footman with 42 health who has 11 total armour points.
Footman now has 31 health remaining

Footman with 31 health has a 17 total attack points, and attacks Spearman with 50 health who has 10 total armour points.
Spearman now has 43 health remaining

Raider with 51 health has a 22 total attack points, and attacks Archer with 43 health who has 10 total armour points.
Archer now has 31 health remaining

Ranged with 33 health has a 18 total attack points, and attacks Knight with 28 health who has 13 total armour points.
Knight now has 23 health remaining

Ranged with 42 health has a 18 total attack points, and attacks Footman with 69 health who has 11 total armour points.
Footman now has 62 health remaining

Grunt with 56 health has a 17 total attack points, and attacks Footman with 80 health who has 11 total armour points.
Footman now has 74 health remaining

Archer with 13 health has a 18 total attack points, and attacks Raider with 38 health who has 13 total armour points.
Raider now has 33 health remaining

Grunt with 30 health has a 17 total attack points, and attacks Knight with 72 health who has 13 total armour points.
Knight now has 68 health remaining

Knight with 34 health has a 22 total attack points, and attacks Spearman with 59 health who has 10 total armour points.
Spearman now has 47 health remaining

Knight with 59 health has a 22 total attack points, and attacks Ranged with 51 health who has 10 total armour points.
Ranged now has 39 health remaining

Archer with 13 health has a 18 total attack points, and attacks Ranged with 23 health who has 10 total armour points.
Ranged now has 15 health remaining

Ranged with 33 health has a 18 total attack points, and attacks Knight with 12 health who has 13 total armour points.
Knight now has 7 health remaining

Grunt with 37 health has a 17 total attack points, and attacks Knight with 42 health who has 13 total armour points.
Knight now has 38 health remaining

Archer with 49 health has a 18 total attack points, and attacks Raider with 76 health who has 13 total armour points.
Raider now has 71 health remaining

Footman with 31 health has a 17 total attack points, and attacks Ranged with 7 health who has 10 total armour points.
Ranged has died in combat.

Ranged with 75 health has a 18 total attack points, and attacks Archer with 43 health who has 10 total armour points.
Archer now has 35 health remaining

Ranged with 35 health has a 18 total attack points, and attacks Knight with 40 health who has 13 total armour points.
Knight now has 35 health remaining

Grunt with 43 health has a 17 total attack points, and attacks Footman with 62 health who has 11 total armour points.
Footman now has 56 health remaining

Archer with 43 health has a 18 total attack points, and attacks Spearman with 10 health who has 10 total armour points.
Spearman now has 2 health remaining

Footman with 43 health has a 17 total attack points, and attacks Ranged with 44 health who has 10 total armour points.
Ranged now has 37 health remaining

Archer with 60 health has a 18 total attack points, and attacks Raider with 21 health who has 13 total armour points.
Raider now has 16 health remaining

Archer with 42 health has a 18 total attack points, and attacks Raider with 67 health who has 13 total armour points.
Raider now has 62 health remaining

Grunt with 18 health has a 17 total attack points, and attacks Footman with 51 health who has 11 total armour points.
Footman now has 45 health remaining

Grunt with 61 health has a 17 total attack points, and attacks Archer with 55 health who has 10 total armour points.
Archer now has 48 health remaining

Ranged with 63 health has a 18 total attack points, and attacks Archer with 46 health who has 10 total armour points.
Archer now has 38 health remaining

Raider with 64 health has a 22 total attack points, and attacks Knight with 33 health who has 13 total armour points.
Knight now has 24 health remaining

Grunt with 59 health has a 17 total attack points, and attacks Knight with 38 health who has 13 total armour points.
Knight now has 34 health remaining

Footman with 40 health has a 17 total attack points, and attacks Raider with 64 health who has 13 total armour points.
Raider now has 60 health remaining

Archer with 26 health has a 18 total attack points, and attacks Grunt with 41 health who has 11 total armour points.
Grunt now has 34 health remaining

Raider with 68 health has a 22 total attack points, and attacks Archer with 18 health who has 10 total armour points.
Archer now has 6 health remaining

Archer with 24 health has a 18 total attack points, and attacks Spearman with 68 health who has 10 total armour points.
Spearman now has 60 health remaining

Knight with 37 health has a 22 total attack points, and attacks Ranged with 37 health who has 10 total armour points.
Ranged now has 25 health remaining

Spearman with 54 health has a 18 total attack points, and attacks Archer with 60 health who has 10 total armour points.
Archer now has 52 health remaining

Ranged with 10 health has a 18 total attack points, and attacks Footman with 41 health who has 11 total armour points.
Footman now has 34 health remaining

Raider with 44 health has a 22 total attack points, and attacks Archer with 27 health who has 10 total armour points.
Archer now has 15 health remaining

Archer with 48 health has a 18 total attack points, and attacks Raider with 33 health who has 13 total armour points.
Raider now has 28 health remaining

Grunt with 51 health has a 17 total attack points, and attacks Archer with 35 health who has 10 total armour points.
Archer now has 28 health remaining

Knight with 17 health has a 22 total attack points, and attacks Spearman with 31 health who has 10 total armour points.
Spearman now has 19 health remaining

Spearman with 33 health has a 18 total attack points, and attacks Knight with 48 health who has 13 total armour points.
Knight now has 43 health remaining

Archer with 39 health has a 18 total attack points, and attacks Raider with 68 health who has 13 total armour points.
Raider now has 63 health remaining

Archer with 39 health has a 18 total attack points, and attacks Raider with 82 health who has 13 total armour points.
Raider now has 77 health remaining

Knight with 39 health has a 22 total attack points, and attacks Ranged with 4 health who has 10 total armour points.
Ranged has died in combat.

Archer with 54 health has a 18 total attack points, and attacks Grunt with 68 health who has 11 total armour points.
Grunt now has 61 health remaining

Raider with 37 health has a 22 total attack points, and attacks Footman with 43 health who has 11 total armour points.
Footman now has 32 health remaining

Archer with 56 health has a 18 total attack points, and attacks Grunt with 56 health who has 11 total armour points.
Grunt now has 49 health remaining

Spearman with 47 health has a 18 total attack points, and attacks Archer with 68 health who has 10 total armour points.
Archer now has 60 health remaining

Ranged with 32 health has a 18 total attack points, and attacks Archer with 32 health who has 10 total armour points.
Archer now has 24 health remaining

Spearman with 21 health has a 18 total attack points, and attacks Archer with 55 health who has 10 total armour points.
Archer now has 47 health remaining

Knight with 56 health has a 22 total attack points, and attacks Grunt with 48 health who has 11 total armour points.
Grunt now has 37 health remaining

Grunt with 27 health has a 17 total attack points, and attacks Footman with 34 health who has 11 total armour points.
Footman now has 28 health remaining

Archer with 54 health has a 18 total attack points, and attacks Ranged with 49 health who has 10 total armour points.
Ranged now has 41 health remaining

Ranged with 29 health has a 18 total attack points, and attacks Archer with 16 health who has 10 total armour points.
Archer now has 8 health remaining

Grunt with 20 health has a 17 total attack points, and attacks Archer with 21 health who has 10 total armour points.
Archer now has 14 health remaining

Ranged with 42 health has a 18 total attack points, and attacks Archer with 70 health who has 10 total armour points.
Archer now has 62 health remaining

Archer with 44 health has a 18 total attack points, and attacks Grunt with 68 health who has 11 total armour points.
Grunt now has 61 health remaining

Spearman with 47 health has a 18 total attack points, and attacks Archer with 50 health who has 10 total armour points.
Archer now has 42 health remaining

Spearman with 47 health has a 18 total attack points, and attacks Archer with 60 health who has 10 total armour points.
Archer now has 52 health remaining

Archer with 8 health has a 18 total attack points, and attacks Raider with 41 health who has 13 total armour points.
Raider now has 36 health remaining

Archer with 71 health has a 18 total attack points, and attacks Ranged with 29 health who has 10 total armour points.
Ranged now has 21 health remaining

Raider with 69 health has a 22 total attack points, and attacks Archer with 33 health who has 10 total armour points.
Archer now has 21 health remaining

Knight with 76 health has a 22 total attack points, and attacks Spearman with 30 health who has 10 total armour points.
Spearman now has 18 health remaining

Knight with 60 health has a 22 total attack points, and attacks Spearman with 69 health who has 10 total armour points.
Spearman now has 57 health remaining

Footman with 25 health has a 17 total attack points, and attacks Gul´dan with 167 health who has 16 total armour points.
Gul´dan now has 166 health remaining

Spearman with 39 health has a 18 total attack points, and attacks Footman with 35 health who has 11 total armour points.
Footman now has 28 health remaining

Ranged with 20 health has a 18 total attack points, and attacks Knight with 55 health who has 13 total armour points.
Knight now has 50 health remaining

Archer with 56 health has a 18 total attack points, and attacks Spearman with 69 health who has 10 total armour points.
Spearman now has 61 health remaining

Raider with 78 health has a 22 total attack points, and attacks Archer with 2 health who has 10 total armour points.
Archer has died in combat.

Archer with 43 health has a 18 total attack points, and attacks Grunt with 59 health who has 11 total armour points.
Grunt now has 52 health remaining

Knight with 38 health has a 22 total attack points, and attacks Spearman with 6 health who has 10 total armour points.
Spearman has died in combat.

Knight with 32 health has a 22 total attack points, and attacks Ranged with 35 health who has 10 total armour points.
Ranged now has 23 health remaining

Spearman with 39 health has a 18 total attack points, and attacks Footman with 5 health who has 11 total armour points.
Footman has died in combat.

Knight with 42 health has a 22 total attack points, and attacks Ranged with 46 health who has 10 total armour points.
Ranged now has 34 health remaining

Footman with 23 health has a 17 total attack points, and attacks Grunt with 20 health who has 11 total armour points.
Grunt now has 14 health remaining

Grunt with 14 health has a 17 total attack points, and attacks Archer with 31 health who has 10 total armour points.
Archer now has 24 health remaining

Mountain King with 145 health has a 27 total attack points, and attacks Grunt with 15 health who has 11 total armour points.
Grunt has died in combat.

Ranged with 26 health has a 18 total attack points, and attacks Footman with 40 health who has 11 total armour points.
Footman now has 33 health remaining

Archer with 48 health has a 18 total attack points, and attacks Spearman with 57 health who has 10 total armour points.
Spearman now has 49 health remaining

Grunt with 25 health has a 17 total attack points, and attacks Knight with 73 health who has 13 total armour points.
Knight now has 69 health remaining

Archer with 21 health has a 18 total attack points, and attacks Ranged with 70 health who has 10 total armour points.
Ranged now has 62 health remaining

Archer with 2 health has a 18 total attack points, and attacks Raider with 73 health who has 13 total armour points.
Raider now has 68 health remaining

Archer with 35 health has a 18 total attack points, and attacks Ranged with 49 health who has 10 total armour points.
Ranged now has 41 health remaining

Footman with 45 health has a 17 total attack points, and attacks Ranged with 20 health who has 10 total armour points.
Ranged now has 13 health remaining

Archer with 28 health has a 18 total attack points, and attacks Raider with 54 health who has 13 total armour points.
Raider now has 49 health remaining

Grunt with 20 health has a 17 total attack points, and attacks Archer with 18 health who has 10 total armour points.
Archer now has 11 health remaining

Ranged with 21 health has a 18 total attack points, and attacks Footman with 33 health who has 11 total armour points.
Footman now has 26 health remaining

Raider with 42 health has a 22 total attack points, and attacks Archer with 32 health who has 10 total armour points.
Archer now has 20 health remaining

Footman with 37 health has a 17 total attack points, and attacks Grunt with 28 health who has 11 total armour points.
Grunt now has 22 health remaining

Archer with 20 health has a 18 total attack points, and attacks Raider with 60 health who has 13 total armour points.
Raider now has 55 health remaining

Archer with 21 health has a 18 total attack points, and attacks Raider with 54 health who has 13 total armour points.
Raider now has 49 health remaining

Archer with 66 health has a 18 total attack points, and attacks Ranged with 29 health who has 10 total armour points.
Ranged now has 21 health remaining

Knight with 53 health has a 22 total attack points, and attacks Spearman with 24 health who has 10 total armour points.
Spearman now has 12 health remaining

Grunt with 14 health has a 17 total attack points, and attacks Archer with 72 health who has 10 total armour points.
Archer now has 65 health remaining

Ranged with 6 health has a 18 total attack points, and attacks Knight with 48 health who has 13 total armour points.
Knight now has 43 health remaining

Archer with 35 health has a 18 total attack points, and attacks Ranged with 54 health who has 10 total armour points.
Ranged now has 46 health remaining

Archer with 66 health has a 18 total attack points, and attacks Raider with 54 health who has 13 total armour points.
Raider now has 49 health remaining

Raider with 37 health has a 22 total attack points, and attacks Archer with 76 health who has 10 total armour points.
Archer now has 64 health remaining

Grunt with 14 health has a 17 total attack points, and attacks Knight with 86 health who has 13 total armour points.
Knight now has 82 health remaining

Archer with 63 health has a 18 total attack points, and attacks Ranged with 20 health who has 10 total armour points.
Ranged now has 12 health remaining

Footman with 32 health has a 17 total attack points, and attacks Ranged with 51 health who has 10 total armour points.
Ranged now has 44 health remaining

Knight with 39 health has a 22 total attack points, and attacks Ranged with 13 health who has 10 total armour points.
Ranged now has 1 health remaining

Footman with 40 health has a 17 total attack points, and attacks Ranged with 18 health who has 10 total armour points.
Ranged now has 11 health remaining

Archer with 18 health has a 18 total attack points, and attacks Ranged with 39 health who has 10 total armour points.
Ranged now has 31 health remaining

Footman with 33 health has a 17 total attack points, and attacks Ranged with 41 health who has 10 total armour points.
Ranged now has 34 health remaining

Grunt with 37 health has a 17 total attack points, and attacks Archer with 15 health who has 10 total armour points.
Archer now has 8 health remaining

Ranged with 60 health has a 18 total attack points, and attacks Knight with 36 health who has 13 total armour points.
Knight now has 31 health remaining

Archer with 24 health has a 18 total attack points, and attacks Raider with 39 health who has 13 total armour points.
Raider now has 34 health remaining

Ranged with 24 health has a 18 total attack points, and attacks Archer with 43 health who has 10 total armour points.
Archer now has 35 health remaining

Raider with 45 health has a 22 total attack points, and attacks Archer with 31 health who has 10 total armour points.
Archer now has 19 health remaining

Raider with 58 health has a 22 total attack points, and attacks Archer with 46 health who has 10 total armour points.
Archer now has 34 health remaining

Archer with 18 health has a 18 total attack points, and attacks Ranged with 15 health who has 10 total armour points.
Ranged now has 7 health remaining

Knight with 8 health has a 22 total attack points, and attacks Ranged with 26 health who has 10 total armour points.
Ranged now has 14 health remaining

Archer with 44 health has a 18 total attack points, and attacks Grunt with 62 health who has 11 total armour points.
Grunt now has 55 health remaining

Archer with 74 health has a 18 total attack points, and attacks Ranged with 42 health who has 10 total armour points.
Ranged now has 34 health remaining

Spearman with 4 health has a 18 total attack points, and attacks Archer with 62 health who has 10 total armour points.
Archer now has 54 health remaining

Ranged with 68 health has a 18 total attack points, and attacks Archer with 52 health who has 10 total armour points.
Archer now has 44 health remaining

Ranged with 39 health has a 18 total attack points, and attacks Archer with 46 health who has 10 total armour points.
Archer now has 38 health remaining

Archer with 14 health has a 18 total attack points, and attacks Grunt with 34 health who has 11 total armour points.
Grunt now has 27 health remaining

Knight with 24 health has a 22 total attack points, and attacks Ranged with 63 health who has 10 total armour points.
Ranged now has 51 health remaining

Archer with 57 health has a 18 total attack points, and attacks Spearman with 4 health who has 10 total armour points.
Spearman has died in combat.

Ranged with 13 health has a 18 total attack points, and attacks Archer with 62 health who has 10 total armour points.
Archer now has 54 health remaining

Knight with 24 health has a 22 total attack points, and attacks Spearman with 7 health who has 10 total armour points.
Spearman has died in combat.

Footman with 14 health has a 17 total attack points, and attacks Ranged with 67 health who has 10 total armour points.
Ranged now has 60 health remaining

Raider with 69 health has a 22 total attack points, and attacks Knight with 54 health who has 13 total armour points.
Knight now has 45 health remaining

Knight with 43 health has a 22 total attack points, and attacks Grunt with 22 health who has 11 total armour points.
Grunt now has 11 health remaining

Grunt with 44 health has a 17 total attack points, and attacks Knight with 69 health who has 13 total armour points.
Knight now has 65 health remaining

Archer with 60 health has a 18 total attack points, and attacks Spearman with 39 health who has 10 total armour points.
Spearman now has 31 health remaining

Knight with 63 health has a 22 total attack points, and attacks Raider with 46 health who has 13 total armour points.
Raider now has 37 health remaining

Archer with 13 health has a 18 total attack points, and attacks Raider with 52 health who has 13 total armour points.
Raider now has 47 health remaining

Knight with 73 health has a 22 total attack points, and attacks Spearman with 83 health who has 10 total armour points.
Spearman now has 71 health remaining

Footman with 28 health has a 17 total attack points, and attacks Raider with 41 health who has 13 total armour points.
Raider now has 37 health remaining

Raider with 64 health has a 22 total attack points, and attacks Footman with 64 health who has 11 total armour points.
Footman now has 53 health remaining

Spearman with 34 health has a 18 total attack points, and attacks Archer with 20 health who has 10 total armour points.
Archer now has 12 health remaining

Ranged with 63 health has a 18 total attack points, and attacks Knight with 82 health who has 13 total armour points.
Knight now has 77 health remaining

Raider with 64 health has a 22 total attack points, and attacks Footman with 51 health who has 11 total armour points.
Footman now has 40 health remaining

Knight with 31 health has a 22 total attack points, and attacks Spearman with 21 health who has 10 total armour points.
Spearman now has 9 health remaining

Footman with 19 health has a 17 total attack points, and attacks Ranged with 5 health who has 10 total armour points.
Ranged has died in combat.

Knight with 75 health has a 22 total attack points, and attacks Grunt with 18 health who has 11 total armour points.
Grunt now has 7 health remaining

Knight with 54 health has a 22 total attack points, and attacks Ranged with 32 health who has 10 total armour points.
Ranged now has 20 health remaining

Grunt with 51 health has a 17 total attack points, and attacks Knight with 38 health who has 13 total armour points.
Knight now has 34 health remaining

Ranged with 59 health has a 18 total attack points, and attacks Footman with 11 health who has 11 total armour points.
Footman now has 4 health remaining

Footman with 27 health has a 17 total attack points, and attacks Raider with 37 health who has 13 total armour points.
Raider now has 33 health remaining

Archer with 43 health has a 18 total attack points, and attacks Spearman with 16 health who has 10 total armour points.
Spearman now has 8 health remaining

Spearman with 14 health has a 18 total attack points, and attacks Archer with 14 health who has 10 total armour points.
Archer now has 6 health remaining

Footman with 56 health has a 17 total attack points, and attacks Raider with 85 health who has 13 total armour points.
Raider now has 81 health remaining

Grunt with 30 health has a 17 total attack points, and attacks Archer with 49 health who has 10 total armour points.
Archer now has 42 health remaining

Footman with 68 health has a 17 total attack points, and attacks Ranged with 39 health who has 10 total armour points.
Ranged now has 32 health remaining

Archer with 32 health has a 18 total attack points, and attacks Spearman with 46 health who has 10 total armour points.
Spearman now has 38 health remaining

Footman with 31 health has a 17 total attack points, and attacks Grunt with 14 health who has 11 total armour points.
Grunt now has 8 health remaining

Spearman with 20 health has a 18 total attack points, and attacks Archer with 19 health who has 10 total armour points.
Archer now has 11 health remaining

Archer with 21 health has a 18 total attack points, and attacks Grunt with 48 health who has 11 total armour points.
Grunt now has 41 health remaining

Knight with 22 health has a 22 total attack points, and attacks Raider with 45 health who has 13 total armour points.
Raider now has 36 health remaining

Footman with 45 health has a 17 total attack points, and attacks Grunt with 61 health who has 11 total armour points.
Grunt now has 55 health remaining

Grunt with 20 health has a 17 total attack points, and attacks Footman with 69 health who has 11 total armour points.
Footman now has 63 health remaining

Spearman with 39 health has a 18 total attack points, and attacks Knight with 17 health who has 13 total armour points.
Knight now has 12 health remaining

Footman with 10 health has a 17 total attack points, and attacks Raider with 46 health who has 13 total armour points.
Raider now has 42 health remaining

Footman with 56 health has a 17 total attack points, and attacks Grunt with 37 health who has 11 total armour points.
Grunt now has 31 health remaining

Grunt with 54 health has a 17 total attack points, and attacks Footman with 31 health who has 11 total armour points.
Footman now has 25 health remaining

Raider with 24 health has a 22 total attack points, and attacks Archer with 21 health who has 10 total armour points.
Archer now has 9 health remaining

Footman with 73 health has a 17 total attack points, and attacks Grunt with 14 health who has 11 total armour points.
Grunt now has 8 health remaining

Ranged with 27 health has a 18 total attack points, and attacks Archer with 28 health who has 10 total armour points.
Archer now has 20 health remaining

Archer with 47 health has a 18 total attack points, and attacks Spearman with 67 health who has 10 total armour points.
Spearman now has 59 health remaining

Archer with 52 health has a 18 total attack points, and attacks Raider with 45 health who has 13 total armour points.
Raider now has 40 health remaining

Archer with 13 health has a 18 total attack points, and attacks Ranged with 37 health who has 10 total armour points.
Ranged now has 29 health remaining

Archer with 52 health has a 18 total attack points, and attacks Ranged with 59 health who has 10 total armour points.
Ranged now has 51 health remaining

Archer with 39 health has a 18 total attack points, and attacks Raider with 50 health who has 13 total armour points.
Raider now has 45 health remaining

Spearman with 54 health has a 18 total attack points, and attacks Footman with 53 health who has 11 total armour points.
Footman now has 46 health remaining

Gul´dan with 166 health has a 27 total attack points, and attacks Footman with 28 health who has 11 total armour points.
Footman now has 12 health remaining

Knight with 81 health has a 22 total attack points, and attacks Spearman with 29 health who has 10 total armour points.
Spearman now has 17 health remaining

Raider with 45 health has a 22 total attack points, and attacks Footman with 45 health who has 11 total armour points.
Footman now has 34 health remaining

Knight with 57 health has a 22 total attack points, and attacks Raider with 66 health who has 13 total armour points.
Raider now has 57 health remaining

Archer with 37 health has a 18 total attack points, and attacks Raider with 81 health who has 13 total armour points.
Raider now has 76 health remaining

Grunt with 41 health has a 17 total attack points, and attacks Knight with 37 health who has 13 total armour points.
Knight now has 33 health remaining

Ranged with 30 health has a 18 total attack points, and attacks Knight with 45 health who has 13 total armour points.
Knight now has 40 health remaining

Raider with 38 health has a 22 total attack points, and attacks Knight with 35 health who has 13 total armour points.
Knight now has 26 health remaining

Ranged with 34 health has a 18 total attack points, and attacks Knight with 31 health who has 13 total armour points.
Knight now has 26 health remaining

Spearman with 35 health has a 18 total attack points, and attacks Archer with 32 health who has 10 total armour points.
Archer now has 24 health remaining

Grunt with 30 health has a 17 total attack points, and attacks Knight with 24 health who has 13 total armour points.
Knight now has 20 health remaining

Knight with 32 health has a 22 total attack points, and attacks Ranged with 37 health who has 10 total armour points.
Ranged now has 25 health remaining

Ranged with 31 health has a 18 total attack points, and attacks Archer with 18 health who has 10 total armour points.
Archer now has 10 health remaining

Footman with 16 health has a 17 total attack points, and attacks Spearman with 13 health who has 10 total armour points.
Spearman now has 6 health remaining

Archer with 19 health has a 18 total attack points, and attacks Raider with 40 health who has 13 total armour points.
Raider now has 35 health remaining

Grunt with 55 health has a 17 total attack points, and attacks Knight with 59 health who has 13 total armour points.
Knight now has 55 health remaining

Knight with 43 health has a 22 total attack points, and attacks Ranged with 30 health who has 10 total armour points.
Ranged now has 18 health remaining

Archer with 54 health has a 18 total attack points, and attacks Grunt with 59 health who has 11 total armour points.
Grunt now has 52 health remaining

Spearman with 31 health has a 18 total attack points, and attacks Knight with 32 health who has 13 total armour points.
Knight now has 27 health remaining

Archer with 55 health has a 18 total attack points, and attacks Grunt with 28 health who has 11 total armour points.
Grunt now has 21 health remaining

Footman with 31 health has a 17 total attack points, and attacks Ranged with 33 health who has 10 total armour points.
Ranged now has 26 health remaining

Ranged with 26 health has a 18 total attack points, and attacks Knight with 56 health who has 13 total armour points.
Knight now has 51 health remaining

Raider with 27 health has a 22 total attack points, and attacks Archer with 39 health who has 10 total armour points.
Archer now has 27 health remaining

Footman with 68 health has a 17 total attack points, and attacks Grunt with 14 health who has 11 total armour points.
Grunt now has 8 health remaining

Raider with 35 health has a 22 total attack points, and attacks Archer with 27 health who has 10 total armour points.
Archer now has 15 health remaining

Ranged with 32 health has a 18 total attack points, and attacks Archer with 44 health who has 10 total armour points.
Archer now has 36 health remaining

Archer with 11 health has a 18 total attack points, and attacks Grunt with 40 health who has 11 total armour points.
Grunt now has 33 health remaining

Archer with 36 health has a 18 total attack points, and attacks Grunt with 20 health who has 11 total armour points.
Grunt now has 13 health remaining

Footman with 74 health has a 17 total attack points, and attacks Raider with 33 health who has 13 total armour points.
Raider now has 29 health remaining

Archer with 6 health has a 18 total attack points, and attacks Raider with 32 health who has 13 total armour points.
Raider now has 27 health remaining

Spearman with 72 health has a 18 total attack points, and attacks Footman with 67 health who has 11 total armour points.
Footman now has 60 health remaining

Ranged with 20 health has a 18 total attack points, and attacks Archer with 11 health who has 10 total armour points.
Archer now has 3 health remaining

Archer with 57 health has a 18 total attack points, and attacks Spearman with 11 health who has 10 total armour points.
Spearman now has 3 health remaining

Grunt with 51 health has a 17 total attack points, and attacks Knight with 23 health who has 13 total armour points.
Knight now has 19 health remaining

Raider with 54 health has a 22 total attack points, and attacks Archer with 55 health who has 10 total armour points.
Archer now has 43 health remaining

Grunt with 42 health has a 17 total attack points, and attacks Knight with 24 health who has 13 total armour points.
Knight now has 20 health remaining

Spearman with 59 health has a 18 total attack points, and attacks Knight with 44 health who has 13 total armour points.
Knight now has 39 health remaining

Grunt with 27 health has a 17 total attack points, and attacks Archer with 65 health who has 10 total armour points.
Archer now has 58 health remaining

Footman with 73 health has a 17 total attack points, and attacks Raider with 76 health who has 13 total armour points.
Raider now has 72 health remaining

Raider with 47 health has a 22 total attack points, and attacks Archer with 55 health who has 10 total armour points.
Archer now has 43 health remaining

Knight with 51 health has a 22 total attack points, and attacks Grunt with 28 health who has 11 total armour points.
Grunt now has 17 health remaining

Raider with 31 health has a 22 total attack points, and attacks Knight with 12 health who has 13 total armour points.
Knight now has 3 health remaining

Footman with 27 health has a 17 total attack points, and attacks Spearman with 3 health who has 10 total armour points.
Spearman has died in combat.

Archer with 24 health has a 18 total attack points, and attacks Raider with 34 health who has 13 total armour points.
Raider now has 29 health remaining

Knight with 76 health has a 22 total attack points, and attacks Spearman with 32 health who has 10 total armour points.
Spearman now has 20 health remaining

Footman with 45 health has a 17 total attack points, and attacks Raider with 55 health who has 13 total armour points.
Raider now has 51 health remaining

Footman with 27 health has a 17 total attack points, and attacks Spearman with 37 health who has 10 total armour points.
Spearman now has 30 health remaining

Grunt with 39 health has a 17 total attack points, and attacks Knight with 66 health who has 13 total armour points.
Knight now has 62 health remaining

Ranged with 27 health has a 18 total attack points, and attacks Knight with 67 health who has 13 total armour points.
Knight now has 62 health remaining

Knight with 72 health has a 22 total attack points, and attacks Ranged with 38 health who has 10 total armour points.
Ranged now has 26 health remaining

Archer with 24 health has a 18 total attack points, and attacks Spearman with 31 health who has 10 total armour points.
Spearman now has 23 health remaining

Knight with 54 health has a 22 total attack points, and attacks Spearman with 18 health who has 10 total armour points.
Spearman now has 6 health remaining

Spearman with 2 health has a 18 total attack points, and attacks Footman with 15 health who has 11 total armour points.
Footman now has 8 health remaining

Archer with 33 health has a 18 total attack points, and attacks Raider with 64 health who has 13 total armour points.
Raider now has 59 health remaining

Archer with 24 health has a 18 total attack points, and attacks Raider with 45 health who has 13 total armour points.
Raider now has 40 health remaining

Raider with 43 health has a 22 total attack points, and attacks Footman with 33 health who has 11 total armour points.
Footman now has 22 health remaining

Archer with 30 health has a 18 total attack points, and attacks Spearman with 82 health who has 10 total armour points.
Spearman now has 74 health remaining

Footman with 67 health has a 17 total attack points, and attacks Spearman with 47 health who has 10 total armour points.
Spearman now has 40 health remaining

Grunt with 47 health has a 17 total attack points, and attacks Knight with 39 health who has 13 total armour points.
Knight now has 35 health remaining

Archer with 38 health has a 18 total attack points, and attacks Ranged with 54 health who has 10 total armour points.
Ranged now has 46 health remaining

Knight with 45 health has a 22 total attack points, and attacks Grunt with 37 health who has 11 total armour points.
Grunt now has 26 health remaining

Spearman with 49 health has a 18 total attack points, and attacks Archer with 47 health who has 10 total armour points.
Archer now has 39 health remaining

Knight with 24 health has a 22 total attack points, and attacks Raider with 69 health who has 13 total armour points.
Raider now has 60 health remaining

Grunt with 53 health has a 17 total attack points, and attacks Knight with 60 health who has 13 total armour points.
Knight now has 56 health remaining

Archer with 39 health has a 18 total attack points, and attacks Raider with 55 health who has 13 total armour points.
Raider now has 50 health remaining

Archer with 42 health has a 18 total attack points, and attacks Spearman with 8 health who has 10 total armour points.
Spearman has died in combat.

Footman with 33 health has a 17 total attack points, and attacks Spearman with 6 health who has 10 total armour points.
Spearman has died in combat.

Grunt with 54 health has a 17 total attack points, and attacks Archer with 68 health who has 10 total armour points.
Archer now has 61 health remaining

Raider with 42 health has a 22 total attack points, and attacks Footman with 23 health who has 11 total armour points.
Footman now has 12 health remaining

Spearman with 49 health has a 18 total attack points, and attacks Footman with 52 health who has 11 total armour points.
Footman now has 45 health remaining

Archer with 34 health has a 18 total attack points, and attacks Ranged with 42 health who has 10 total armour points.
Ranged now has 34 health remaining

Archer with 39 health has a 18 total attack points, and attacks Spearman with 47 health who has 10 total armour points.
Spearman now has 39 health remaining

Archer with 55 health has a 18 total attack points, and attacks Ranged with 26 health who has 10 total armour points.
Ranged now has 18 health remaining

Spearman with 46 health has a 18 total attack points, and attacks Archer with 3 health who has 10 total armour points.
Archer has died in combat.

Archer with 17 health has a 18 total attack points, and attacks Raider with 62 health who has 13 total armour points.
Raider now has 57 health remaining

Spearman with 4 health has a 18 total attack points, and attacks Knight with 31 health who has 13 total armour points.
Knight now has 26 health remaining

Raider with 47 health has a 22 total attack points, and attacks Knight with 63 health who has 13 total armour points.
Knight now has 54 health remaining

Archer with 44 health has a 18 total attack points, and attacks Raider with 67 health who has 13 total armour points.
Raider now has 62 health remaining

Footman with 31 health has a 17 total attack points, and attacks Spearman with 54 health who has 10 total armour points.
Spearman now has 47 health remaining

Archer with 10 health has a 18 total attack points, and attacks Raider with 48 health who has 13 total armour points.
Raider now has 43 health remaining

Archer with 13 health has a 18 total attack points, and attacks Spearman with 39 health who has 10 total armour points.
Spearman now has 31 health remaining

Archer with 10 health has a 18 total attack points, and attacks Ranged with 62 health who has 10 total armour points.
Ranged now has 54 health remaining

Footman with 22 health has a 17 total attack points, and attacks Grunt with 51 health who has 11 total armour points.
Grunt now has 45 health remaining

Spearman with 12 health has a 18 total attack points, and attacks Archer with 37 health who has 10 total armour points.
Archer now has 29 health remaining

Ranged with 20 health has a 18 total attack points, and attacks Footman with 43 health who has 11 total armour points.
Footman now has 36 health remaining

Knight with 48 health has a 22 total attack points, and attacks Ranged with 13 health who has 10 total armour points.
Ranged now has 1 health remaining

Raider with 57 health has a 22 total attack points, and attacks Footman with 57 health who has 11 total armour points.
Footman now has 46 health remaining

Grunt with 55 health has a 17 total attack points, and attacks Archer with 19 health who has 10 total armour points.
Archer now has 12 health remaining

Raider with 23 health has a 22 total attack points, and attacks Knight with 55 health who has 13 total armour points.
Knight now has 46 health remaining

Knight with 66 health has a 22 total attack points, and attacks Spearman with 23 health who has 10 total armour points.
Spearman now has 11 health remaining

Footman with 37 health has a 17 total attack points, and attacks Spearman with 31 health who has 10 total armour points.
Spearman now has 24 health remaining

Archer with 72 health has a 18 total attack points, and attacks Spearman with 40 health who has 10 total armour points.
Spearman now has 32 health remaining

Knight with 30 health has a 22 total attack points, and attacks Raider with 43 health who has 13 total armour points.
Raider now has 34 health remaining

Raider with 35 health has a 22 total attack points, and attacks Knight with 81 health who has 13 total armour points.
Knight now has 72 health remaining

Raider with 69 health has a 22 total attack points, and attacks Knight with 72 health who has 13 total armour points.
Knight now has 63 health remaining

Archer with 53 health has a 18 total attack points, and attacks Spearman with 20 health who has 10 total armour points.
Spearman now has 12 health remaining

Spearman with 71 health has a 18 total attack points, and attacks Archer with 43 health who has 10 total armour points.
Archer now has 35 health remaining

Footman with 13 health has a 17 total attack points, and attacks Raider with 45 health who has 13 total armour points.
Raider now has 41 health remaining

Grunt with 22 health has a 17 total attack points, and attacks Archer with 60 health who has 10 total armour points.
Archer now has 53 health remaining

Archer with 54 health has a 18 total attack points, and attacks Spearman with 13 health who has 10 total armour points.
Spearman now has 5 health remaining

Archer with 9 health has a 18 total attack points, and attacks Spearman with 74 health who has 10 total armour points.
Spearman now has 66 health remaining

Ranged with 27 health has a 18 total attack points, and attacks Knight with 54 health who has 13 total armour points.
Knight now has 49 health remaining

Archer with 44 health has a 18 total attack points, and attacks Raider with 50 health who has 13 total armour points.
Raider now has 45 health remaining

Spearman with 31 health has a 18 total attack points, and attacks Footman with 41 health who has 11 total armour points.
Footman now has 34 health remaining

Archer with 13 health has a 18 total attack points, and attacks Spearman with 23 health who has 10 total armour points.
Spearman now has 15 health remaining

Raider with 44 health has a 22 total attack points, and attacks Archer with 39 health who has 10 total armour points.
Archer now has 27 health remaining

Knight with 34 health has a 22 total attack points, and attacks Grunt with 46 health who has 11 total armour points.
Grunt now has 35 health remaining

Archer with 24 health has a 18 total attack points, and attacks Raider with 67 health who has 13 total armour points.
Raider now has 62 health remaining

Footman with 46 health has a 17 total attack points, and attacks Raider with 77 health who has 13 total armour points.
Raider now has 73 health remaining

Ranged with 25 health has a 18 total attack points, and attacks Footman with 31 health who has 11 total armour points.
Footman now has 24 health remaining

Archer with 52 health has a 18 total attack points, and attacks Grunt with 21 health who has 11 total armour points.
Grunt now has 14 health remaining

Raider with 28 health has a 22 total attack points, and attacks Archer with 26 health who has 10 total armour points.
Archer now has 14 health remaining

Ranged with 9 health has a 18 total attack points, and attacks Archer with 64 health who has 10 total armour points.
Archer now has 56 health remaining

Knight with 62 health has a 22 total attack points, and attacks Grunt with 53 health who has 11 total armour points.
Grunt now has 42 health remaining

Ranged with 18 health has a 18 total attack points, and attacks Archer with 52 health who has 10 total armour points.
Archer now has 44 health remaining

Raider with 48 health has a 22 total attack points, and attacks Knight with 32 health who has 13 total armour points.
Knight now has 23 health remaining

Knight with 3 health has a 22 total attack points, and attacks Raider with 40 health who has 13 total armour points.
Raider now has 31 health remaining

Knight with 55 health has a 22 total attack points, and attacks Raider with 71 health who has 13 total armour points.
Raider now has 62 health remaining

Spearman with 32 health has a 18 total attack points, and attacks Archer with 3 health who has 10 total armour points.
Archer has died in combat.

Spearman with 19 health has a 18 total attack points, and attacks Knight with 49 health who has 13 total armour points.
Knight now has 44 health remaining

Raider with 87 health has a 22 total attack points, and attacks Footman with 4 health who has 11 total armour points.
Footman has died in combat.

Raider with 53 health has a 22 total attack points, and attacks Archer with 20 health who has 10 total armour points.
Archer now has 8 health remaining

Raider with 64 health has a 22 total attack points, and attacks Knight with 75 health who has 13 total armour points.
Knight now has 66 health remaining

Spearman with 11 health has a 18 total attack points, and attacks Archer with 39 health who has 10 total armour points.
Archer now has 31 health remaining

Knight with 42 health has a 22 total attack points, and attacks Spearman with 43 health who has 10 total armour points.
Spearman now has 31 health remaining

Archer with 15 health has a 18 total attack points, and attacks Spearman with 66 health who has 10 total armour points.
Spearman now has 58 health remaining

Ranged with 39 health has a 18 total attack points, and attacks Footman with 46 health who has 11 total armour points.
Footman now has 39 health remaining

Grunt with 52 health has a 17 total attack points, and attacks Archer with 44 health who has 10 total armour points.
Archer now has 37 health remaining

Knight with 35 health has a 22 total attack points, and attacks Raider with 61 health who has 13 total armour points.
Raider now has 52 health remaining

Knight with 7 health has a 22 total attack points, and attacks Grunt with 25 health who has 11 total armour points.
Grunt now has 14 health remaining

Spearman with 29 health has a 18 total attack points, and attacks Archer with 20 health who has 10 total armour points.
Archer now has 12 health remaining

Raider with 59 health has a 22 total attack points, and attacks Archer with 33 health who has 10 total armour points.
Archer now has 21 health remaining

Archer with 27 health has a 18 total attack points, and attacks Raider with 23 health who has 13 total armour points.
Raider now has 18 health remaining

Spearman with 5 health has a 18 total attack points, and attacks Knight with 26 health who has 13 total armour points.
Knight now has 21 health remaining

Ranged with 26 health has a 18 total attack points, and attacks Archer with 54 health who has 10 total armour points.
Archer now has 46 health remaining

Knight with 57 health has a 22 total attack points, and attacks Raider with 67 health who has 13 total armour points.
Raider now has 58 health remaining

Footman with 60 health has a 17 total attack points, and attacks Grunt with 55 health who has 11 total armour points.
Grunt now has 49 health remaining

Archer with 24 health has a 18 total attack points, and attacks Raider with 49 health who has 13 total armour points.
Raider now has 44 health remaining

Archer with 22 health has a 18 total attack points, and attacks Raider with 49 health who has 13 total armour points.
Raider now has 44 health remaining

Archer with 3 health has a 18 total attack points, and attacks Raider with 52 health who has 13 total armour points.
Raider now has 47 health remaining

Archer with 39 health has a 18 total attack points, and attacks Raider with 35 health who has 13 total armour points.
Raider now has 30 health remaining

Knight with 22 health has a 22 total attack points, and attacks Spearman with 31 health who has 10 total armour points.
Spearman now has 19 health remaining

Archer with 14 health has a 18 total attack points, and attacks Grunt with 49 health who has 11 total armour points.
Grunt now has 42 health remaining

Knight with 43 health has a 22 total attack points, and attacks Grunt with 8 health who has 11 total armour points.
Grunt has died in combat.

Ranged with 72 health has a 18 total attack points, and attacks Knight with 54 health who has 13 total armour points.
Knight now has 49 health remaining

Raider with 69 health has a 22 total attack points, and attacks Knight with 54 health who has 13 total armour points.
Knight now has 45 health remaining

Knight with 77 health has a 22 total attack points, and attacks Ranged with 20 health who has 10 total armour points.
Ranged now has 8 health remaining

Knight with 90 health has a 22 total attack points, and attacks Grunt with 30 health who has 11 total armour points.
Grunt now has 19 health remaining

Archer with 61 health has a 18 total attack points, and attacks Grunt with 37 health who has 11 total armour points.
Grunt now has 30 health remaining

Raider with 62 health has a 22 total attack points, and attacks Knight with 46 health who has 13 total armour points.
Knight now has 37 health remaining

Knight with 53 health has a 22 total attack points, and attacks Grunt with 36 health who has 11 total armour points.
Grunt now has 25 health remaining

Footman with 41 health has a 17 total attack points, and attacks Ranged with 21 health who has 10 total armour points.
Ranged now has 14 health remaining

Footman with 70 health has a 17 total attack points, and attacks Ranged with 37 health who has 10 total armour points.
Ranged now has 30 health remaining

Archer with 12 health has a 18 total attack points, and attacks Raider with 51 health who has 13 total armour points.
Raider now has 46 health remaining

Footman with 31 health has a 17 total attack points, and attacks Raider with 72 health who has 13 total armour points.
Raider now has 68 health remaining

Archer with 17 health has a 18 total attack points, and attacks Ranged with 44 health who has 10 total armour points.
Ranged now has 36 health remaining

Archer with 8 health has a 18 total attack points, and attacks Ranged with 51 health who has 10 total armour points.
Ranged now has 43 health remaining

Ranged with 29 health has a 18 total attack points, and attacks Archer with 47 health who has 10 total armour points.
Archer now has 39 health remaining

Raider with 64 health has a 22 total attack points, and attacks Archer with 14 health who has 10 total armour points.
Archer now has 2 health remaining

Footman with 46 health has a 17 total attack points, and attacks Grunt with 61 health who has 11 total armour points.
Grunt now has 55 health remaining

Archer with 10 health has a 18 total attack points, and attacks Ranged with 30 health who has 10 total armour points.
Ranged now has 22 health remaining

Raider with 58 health has a 22 total attack points, and attacks Knight with 37 health who has 13 total armour points.
Knight now has 28 health remaining

Footman with 1 health has a 17 total attack points, and attacks Grunt with 26 health who has 11 total armour points.
Grunt now has 20 health remaining

Grunt with 14 health has a 17 total attack points, and attacks Knight with 26 health who has 13 total armour points.
Knight now has 22 health remaining

Mountain King with 145 health has a 27 total attack points, and attacks Grunt with 35 health who has 11 total armour points.
Grunt now has 19 health remaining

Spearman with 49 health has a 18 total attack points, and attacks Footman with 45 health who has 11 total armour points.
Footman now has 38 health remaining

Grunt with 24 health has a 17 total attack points, and attacks Knight with 72 health who has 13 total armour points.
Knight now has 68 health remaining

Ranged with 10 health has a 18 total attack points, and attacks Footman with 38 health who has 11 total armour points.
Footman now has 31 health remaining

Archer with 15 health has a 18 total attack points, and attacks Spearman with 41 health who has 10 total armour points.
Spearman now has 33 health remaining

Knight with 40 health has a 22 total attack points, and attacks Spearman with 59 health who has 10 total armour points.
Spearman now has 47 health remaining

Grunt with 8 health has a 17 total attack points, and attacks Archer with 10 health who has 10 total armour points.
Archer now has 3 health remaining

Knight with 63 health has a 22 total attack points, and attacks Grunt with 31 health who has 11 total armour points.
Grunt now has 20 health remaining

Knight with 73 health has a 22 total attack points, and attacks Raider with 66 health who has 13 total armour points.
Raider now has 57 health remaining

Raider with 51 health has a 22 total attack points, and attacks Archer with 18 health who has 10 total armour points.
Archer now has 6 health remaining

Ranged with 16 health has a 18 total attack points, and attacks Knight with 8 health who has 13 total armour points.
Knight now has 3 health remaining

Archer with 30 health has a 18 total attack points, and attacks Spearman with 58 health who has 10 total armour points.
Spearman now has 50 health remaining

Spearman with 30 health has a 18 total attack points, and attacks Archer with 74 health who has 10 total armour points.
Archer now has 66 health remaining

Archer with 3 health has a 18 total attack points, and attacks Spearman with 49 health who has 10 total armour points.
Spearman now has 41 health remaining

Raider with 16 health has a 22 total attack points, and attacks Archer with 2 health who has 10 total armour points.
Archer has died in combat.

Grunt with 26 health has a 17 total attack points, and attacks Knight with 59 health who has 13 total armour points.
Knight now has 55 health remaining

Footman with 73 health has a 17 total attack points, and attacks Spearman with 24 health who has 10 total armour points.
Spearman now has 17 health remaining

Raider with 70 health has a 22 total attack points, and attacks Archer with 56 health who has 10 total armour points.
Archer now has 44 health remaining

Knight with 41 health has a 22 total attack points, and attacks Ranged with 54 health who has 10 total armour points.
Ranged now has 42 health remaining

Ranged with 24 health has a 18 total attack points, and attacks Footman with 12 health who has 11 total armour points.
Footman now has 5 health remaining

Ranged with 10 health has a 18 total attack points, and attacks Knight with 55 health who has 13 total armour points.
Knight now has 50 health remaining

Spearman with 12 health has a 18 total attack points, and attacks Footman with 25 health who has 11 total armour points.
Footman now has 18 health remaining

Knight with 34 health has a 22 total attack points, and attacks Raider with 25 health who has 13 total armour points.
Raider now has 16 health remaining

Spearman with 1 health has a 18 total attack points, and attacks Footman with 45 health who has 11 total armour points.
Footman now has 38 health remaining

Knight with 55 health has a 22 total attack points, and attacks Grunt with 29 health who has 11 total armour points.
Grunt now has 18 health remaining

Grunt with 45 health has a 17 total attack points, and attacks Footman with 38 health who has 11 total armour points.
Footman now has 32 health remaining

Archer with 46 health has a 18 total attack points, and attacks Grunt with 20 health who has 11 total armour points.
Grunt now has 13 health remaining

Footman with 60 health has a 17 total attack points, and attacks Grunt with 55 health who has 11 total armour points.
Grunt now has 49 health remaining

Knight with 66 health has a 22 total attack points, and attacks Grunt with 55 health who has 11 total armour points.
Grunt now has 44 health remaining

Ranged with 40 health has a 18 total attack points, and attacks Archer with 17 health who has 10 total armour points.
Archer now has 9 health remaining

Knight with 57 health has a 22 total attack points, and attacks Spearman with 19 health who has 10 total armour points.
Spearman now has 7 health remaining

Archer with 52 health has a 18 total attack points, and attacks Grunt with 52 health who has 11 total armour points.
Grunt now has 45 health remaining

Spearman with 43 health has a 18 total attack points, and attacks Archer with 52 health who has 10 total armour points.
Archer now has 44 health remaining

Archer with 12 health has a 18 total attack points, and attacks Spearman with 75 health who has 10 total armour points.
Spearman now has 67 health remaining

Ranged with 75 health has a 18 total attack points, and attacks Archer with 28 health who has 10 total armour points.
Archer now has 20 health remaining

Grunt with 30 health has a 17 total attack points, and attacks Footman with 19 health who has 11 total armour points.
Footman now has 13 health remaining

Ranged with 18 health has a 18 total attack points, and attacks Archer with 3 health who has 10 total armour points.
Archer has died in combat.

Footman with 40 health has a 17 total attack points, and attacks Spearman with 31 health who has 10 total armour points.
Spearman now has 24 health remaining

Gul´dan with 166 health has a 27 total attack points, and attacks Footman with 66 health who has 11 total armour points.
Footman now has 50 health remaining

Archer with 60 health has a 18 total attack points, and attacks Ranged with 32 health who has 10 total armour points.
Ranged now has 24 health remaining

Knight with 73 health has a 22 total attack points, and attacks Ranged with 22 health who has 10 total armour points.
Ranged now has 10 health remaining

Archer with 34 health has a 18 total attack points, and attacks Grunt with 20 health who has 11 total armour points.
Grunt now has 13 health remaining

Archer with 44 health has a 18 total attack points, and attacks Spearman with 31 health who has 10 total armour points.
Spearman now has 23 health remaining

Grunt with 25 health has a 17 total attack points, and attacks Knight with 54 health who has 13 total armour points.
Knight now has 50 health remaining

Raider with 27 health has a 22 total attack points, and attacks Archer with 17 health who has 10 total armour points.
Archer now has 5 health remaining

Raider with 47 health has a 22 total attack points, and attacks Footman with 10 health who has 11 total armour points.
Footman has died in combat.

Archer with 59 health has a 18 total attack points, and attacks Grunt with 41 health who has 11 total armour points.
Grunt now has 34 health remaining

Knight with 76 health has a 22 total attack points, and attacks Spearman with 43 health who has 10 total armour points.
Spearman now has 31 health remaining

Ranged with 9 health has a 18 total attack points, and attacks Archer with 30 health who has 10 total armour points.
Archer now has 22 health remaining

Archer with 24 health has a 18 total attack points, and attacks Grunt with 65 health who has 11 total armour points.
Grunt now has 58 health remaining

Footman with 1 health has a 17 total attack points, and attacks Grunt with 46 health who has 11 total armour points.
Grunt now has 40 health remaining

Archer with 25 health has a 18 total attack points, and attacks Grunt with 49 health who has 11 total armour points.
Grunt now has 42 health remaining

Ranged with 15 health has a 18 total attack points, and attacks Knight with 27 health who has 13 total armour points.
Knight now has 22 health remaining

Spearman with 19 health has a 18 total attack points, and attacks Knight with 51 health who has 13 total armour points.
Knight now has 46 health remaining

Grunt with 17 health has a 17 total attack points, and attacks Footman with 73 health who has 11 total armour points.
Footman now has 67 health remaining

Knight with 35 health has a 22 total attack points, and attacks Grunt with 27 health who has 11 total armour points.
Grunt now has 16 health remaining

Spearman with 58 health has a 18 total attack points, and attacks Knight with 43 health who has 13 total armour points.
Knight now has 38 health remaining

Ranged with 62 health has a 18 total attack points, and attacks Archer with 38 health who has 10 total armour points.
Archer now has 30 health remaining

Spearman with 59 health has a 18 total attack points, and attacks Knight with 20 health who has 13 total armour points.
Knight now has 15 health remaining

Knight with 60 health has a 22 total attack points, and attacks Grunt with 13 health who has 11 total armour points.
Grunt now has 2 health remaining

Archer with 71 health has a 18 total attack points, and attacks Raider with 42 health who has 13 total armour points.
Raider now has 37 health remaining

Grunt with 14 health has a 17 total attack points, and attacks Archer with 56 health who has 10 total armour points.
Archer now has 49 health remaining

Spearman with 50 health has a 18 total attack points, and attacks Footman with 31 health who has 11 total armour points.
Footman now has 24 health remaining

Grunt with 49 health has a 17 total attack points, and attacks Archer with 59 health who has 10 total armour points.
Archer now has 52 health remaining

Footman with 42 health has a 17 total attack points, and attacks Ranged with 31 health who has 10 total armour points.
Ranged now has 24 health remaining

Spearman with 65 health has a 18 total attack points, and attacks Archer with 21 health who has 10 total armour points.
Archer now has 13 health remaining

Archer with 25 health has a 18 total attack points, and attacks Spearman with 9 health who has 10 total armour points.
Spearman now has 1 health remaining

Footman with 27 health has a 17 total attack points, and attacks Ranged with 46 health who has 10 total armour points.
Ranged now has 39 health remaining

Knight with 28 health has a 22 total attack points, and attacks Raider with 68 health who has 13 total armour points.
Raider now has 59 health remaining

Archer with 12 health has a 18 total attack points, and attacks Grunt with 8 health who has 11 total armour points.
Grunt now has 1 health remaining

Archer with 44 health has a 18 total attack points, and attacks Grunt with 33 health who has 11 total armour points.
Grunt now has 26 health remaining

Knight with 65 health has a 22 total attack points, and attacks Spearman with 31 health who has 10 total armour points.
Spearman now has 19 health remaining

Archer with 56 health has a 18 total attack points, and attacks Spearman with 11 health who has 10 total armour points.
Spearman now has 3 health remaining

Grunt with 41 health has a 17 total attack points, and attacks Knight with 72 health who has 13 total armour points.
Knight now has 68 health remaining

Knight with 47 health has a 22 total attack points, and attacks Spearman with 46 health who has 10 total armour points.
Spearman now has 34 health remaining

Ranged with 34 health has a 18 total attack points, and attacks Archer with 52 health who has 10 total armour points.
Archer now has 44 health remaining

Archer with 33 health has a 18 total attack points, and attacks Raider with 48 health who has 13 total armour points.
Raider now has 43 health remaining

Knight with 53 health has a 22 total attack points, and attacks Grunt with 15 health who has 11 total armour points.
Grunt now has 4 health remaining

Archer with 39 health has a 18 total attack points, and attacks Spearman with 62 health who has 10 total armour points.
Spearman now has 54 health remaining

Raider with 49 health has a 22 total attack points, and attacks Archer with 48 health who has 10 total armour points.
Archer now has 36 health remaining

Archer with 66 health has a 18 total attack points, and attacks Spearman with 61 health who has 10 total armour points.
Spearman now has 53 health remaining

Ranged with 34 health has a 18 total attack points, and attacks Archer with 43 health who has 10 total armour points.
Archer now has 35 health remaining

Archer with 19 health has a 18 total attack points, and attacks Grunt with 47 health who has 11 total armour points.
Grunt now has 40 health remaining

Archer with 58 health has a 18 total attack points, and attacks Grunt with 11 health who has 11 total armour points.
Grunt now has 4 health remaining

Archer with 24 health has a 18 total attack points, and attacks Spearman with 1 health who has 10 total armour points.
Spearman has died in combat.

Knight with 22 health has a 22 total attack points, and attacks Grunt with 19 health who has 11 total armour points.
Grunt now has 8 health remaining

Archer with 22 health has a 18 total attack points, and attacks Raider with 54 health who has 13 total armour points.
Raider now has 49 health remaining

Grunt with 27 health has a 17 total attack points, and attacks Archer with 48 health who has 10 total armour points.
Archer now has 41 health remaining

Archer with 66 health has a 18 total attack points, and attacks Raider with 26 health who has 13 total armour points.
Raider now has 21 health remaining

Grunt with 18 health has a 17 total attack points, and attacks Archer with 24 health who has 10 total armour points.
Archer now has 17 health remaining

Ranged with 53 health has a 18 total attack points, and attacks Archer with 8 health who has 10 total armour points.
Archer has died in combat.

Spearman with 11 health has a 18 total attack points, and attacks Archer with 10 health who has 10 total armour points.
Archer now has 2 health remaining

Archer with 39 health has a 18 total attack points, and attacks Grunt with 54 health who has 11 total armour points.
Grunt now has 47 health remaining

Footman with 41 health has a 17 total attack points, and attacks Spearman with 37 health who has 10 total armour points.
Spearman now has 30 health remaining

Spearman with 5 health has a 18 total attack points, and attacks Footman with 22 health who has 11 total armour points.
Footman now has 15 health remaining

Archer with 13 health has a 18 total attack points, and attacks Grunt with 10 health who has 11 total armour points.
Grunt now has 3 health remaining

Ranged with 10 health has a 18 total attack points, and attacks Knight with 62 health who has 13 total armour points.
Knight now has 57 health remaining

Knight with 37 health has a 22 total attack points, and attacks Ranged with 28 health who has 10 total armour points.
Ranged now has 16 health remaining

Raider with 29 health has a 22 total attack points, and attacks Archer with 24 health who has 10 total armour points.
Archer now has 12 health remaining

Raider with 37 health has a 22 total attack points, and attacks Knight with 57 health who has 13 total armour points.
Knight now has 48 health remaining

Knight with 40 health has a 22 total attack points, and attacks Spearman with 43 health who has 10 total armour points.
Spearman now has 31 health remaining

Raider with 22 health has a 22 total attack points, and attacks Knight with 46 health who has 13 total armour points.
Knight now has 37 health remaining

Ranged with 72 health has a 18 total attack points, and attacks Archer with 71 health who has 10 total armour points.
Archer now has 63 health remaining

Archer with 33 health has a 18 total attack points, and attacks Grunt with 30 health who has 11 total armour points.
Grunt now has 23 health remaining

Footman with 11 health has a 17 total attack points, and attacks Ranged with 15 health who has 10 total armour points.
Ranged now has 8 health remaining

Spearman with 75 health has a 18 total attack points, and attacks Archer with 29 health who has 10 total armour points.
Archer now has 21 health remaining

Grunt with 41 health has a 17 total attack points, and attacks Footman with 68 health who has 11 total armour points.
Footman now has 62 health remaining

Spearman with 3 health has a 18 total attack points, and attacks Knight with 34 health who has 13 total armour points.
Knight now has 29 health remaining

Archer with 30 health has a 18 total attack points, and attacks Ranged with 21 health who has 10 total armour points.
Ranged now has 13 health remaining

Grunt with 38 health has a 17 total attack points, and attacks Footman with 33 health who has 11 total armour points.
Footman now has 27 health remaining

Knight with 60 health has a 22 total attack points, and attacks Grunt with 5 health who has 11 total armour points.
Grunt has died in combat.

Footman with 36 health has a 17 total attack points, and attacks Grunt with 22 health who has 11 total armour points.
Grunt now has 16 health remaining

Grunt with 40 health has a 17 total attack points, and attacks Footman with 49 health who has 11 total armour points.
Footman now has 43 health remaining

Archer with 56 health has a 18 total attack points, and attacks Grunt with 49 health who has 11 total armour points.
Grunt now has 42 health remaining

Archer with 21 health has a 18 total attack points, and attacks Grunt with 27 health who has 11 total armour points.
Grunt now has 20 health remaining

Ranged with 34 health has a 18 total attack points, and attacks Knight with 63 health who has 13 total armour points.
Knight now has 58 health remaining

Knight with 41 health has a 22 total attack points, and attacks Raider with 21 health who has 13 total armour points.
Raider now has 12 health remaining

Grunt with 19 health has a 17 total attack points, and attacks Knight with 30 health who has 13 total armour points.
Knight now has 26 health remaining

Footman with 39 health has a 17 total attack points, and attacks Ranged with 33 health who has 10 total armour points.
Ranged now has 26 health remaining

Grunt with 52 health has a 17 total attack points, and attacks Archer with 22 health who has 10 total armour points.
Archer now has 15 health remaining

Archer with 35 health has a 18 total attack points, and attacks Grunt with 25 health who has 11 total armour points.
Grunt now has 18 health remaining

Knight with 39 health has a 22 total attack points, and attacks Ranged with 60 health who has 10 total armour points.
Ranged now has 48 health remaining

Archer with 74 health has a 18 total attack points, and attacks Raider with 52 health who has 13 total armour points.
Raider now has 47 health remaining

Grunt with 43 health has a 17 total attack points, and attacks Knight with 76 health who has 13 total armour points.
Knight now has 72 health remaining

Ranged with 32 health has a 18 total attack points, and attacks Footman with 4 health who has 11 total armour points.
Footman has died in combat.

Grunt with 54 health has a 17 total attack points, and attacks Archer with 15 health who has 10 total armour points.
Archer now has 8 health remaining

Ranged with 24 health has a 18 total attack points, and attacks Footman with 43 health who has 11 total armour points.
Footman now has 36 health remaining

Grunt with 40 health has a 17 total attack points, and attacks Archer with 48 health who has 10 total armour points.
Archer now has 41 health remaining

Spearman with 60 health has a 18 total attack points, and attacks Archer with 30 health who has 10 total armour points.
Archer now has 22 health remaining

Archer with 23 health has a 18 total attack points, and attacks Grunt with 39 health who has 11 total armour points.
Grunt now has 32 health remaining

Footman with 25 health has a 17 total attack points, and attacks Grunt with 54 health who has 11 total armour points.
Grunt now has 48 health remaining

Archer with 30 health has a 18 total attack points, and attacks Ranged with 68 health who has 10 total armour points.
Ranged now has 60 health remaining

Raider with 43 health has a 22 total attack points, and attacks Knight with 48 health who has 13 total armour points.
Knight now has 39 health remaining

Archer with 48 health has a 18 total attack points, and attacks Ranged with 8 health who has 10 total armour points.
Ranged has died in combat.

Archer with 42 health has a 18 total attack points, and attacks Spearman with 14 health who has 10 total armour points.
Spearman now has 6 health remaining

Archer with 46 health has a 18 total attack points, and attacks Raider with 72 health who has 13 total armour points.
Raider now has 67 health remaining

Raider with 27 health has a 22 total attack points, and attacks Archer with 29 health who has 10 total armour points.
Archer now has 17 health remaining

Archer with 56 health has a 18 total attack points, and attacks Ranged with 67 health who has 10 total armour points.
Ranged now has 59 health remaining

Spearman with 58 health has a 18 total attack points, and attacks Archer with 3 health who has 10 total armour points.
Archer has died in combat.

Archer with 13 health has a 18 total attack points, and attacks Raider with 57 health who has 13 total armour points.
Raider now has 52 health remaining

Raider with 62 health has a 22 total attack points, and attacks Knight with 50 health who has 13 total armour points.
Knight now has 41 health remaining

Spearman with 71 health has a 18 total attack points, and attacks Knight with 47 health who has 13 total armour points.
Knight now has 42 health remaining

Archer with 48 health has a 18 total attack points, and attacks Grunt with 33 health who has 11 total armour points.
Grunt now has 26 health remaining

Raider with 44 health has a 22 total attack points, and attacks Knight with 3 health who has 13 total armour points.
Knight has died in combat.

Footman with 49 health has a 17 total attack points, and attacks Ranged with 14 health who has 10 total armour points.
Ranged now has 7 health remaining

Footman with 74 health has a 17 total attack points, and attacks Raider with 41 health who has 13 total armour points.
Raider now has 37 health remaining

Grunt with 32 health has a 17 total attack points, and attacks Archer with 37 health who has 10 total armour points.
Archer now has 30 health remaining

Ranged with 51 health has a 18 total attack points, and attacks Footman with 1 health who has 11 total armour points.
Footman has died in combat.

Grunt with 13 health has a 17 total attack points, and attacks Archer with 55 health who has 10 total armour points.
Archer now has 48 health remaining

Archer with 56 health has a 18 total attack points, and attacks Spearman with 65 health who has 10 total armour points.
Spearman now has 57 health remaining

Knight with 38 health has a 22 total attack points, and attacks Spearman with 83 health who has 10 total armour points.
Spearman now has 71 health remaining

Archer with 46 health has a 18 total attack points, and attacks Raider with 37 health who has 13 total armour points.
Raider now has 32 health remaining

Archer with 38 health has a 18 total attack points, and attacks Ranged with 63 health who has 10 total armour points.
Ranged now has 55 health remaining

Spearman with 27 health has a 18 total attack points, and attacks Archer with 43 health who has 10 total armour points.
Archer now has 35 health remaining

Knight with 49 health has a 22 total attack points, and attacks Spearman with 1 health who has 10 total armour points.
Spearman has died in combat.

Grunt with 44 health has a 17 total attack points, and attacks Knight with 73 health who has 13 total armour points.
Knight now has 69 health remaining

Spearman with 21 health has a 18 total attack points, and attacks Archer with 6 health who has 10 total armour points.
Archer has died in combat.

Spearman with 34 health has a 18 total attack points, and attacks Archer with 42 health who has 10 total armour points.
Archer now has 34 health remaining

Grunt with 24 health has a 17 total attack points, and attacks Knight with 62 health who has 13 total armour points.
Knight now has 58 health remaining

Archer with 13 health has a 18 total attack points, and attacks Grunt with 47 health who has 11 total armour points.
Grunt now has 40 health remaining

Footman with 11 health has a 17 total attack points, and attacks Ranged with 40 health who has 10 total armour points.
Ranged now has 33 health remaining

Raider with 57 health has a 22 total attack points, and attacks Footman with 16 health who has 11 total armour points.
Footman now has 5 health remaining

Grunt with 61 health has a 17 total attack points, and attacks Archer with 35 health who has 10 total armour points.
Archer now has 28 health remaining

Grunt with 13 health has a 17 total attack points, and attacks Knight with 42 health who has 13 total armour points.
Knight now has 38 health remaining

Knight with 23 health has a 22 total attack points, and attacks Raider with 29 health who has 13 total armour points.
Raider now has 20 health remaining

Raider with 16 health has a 22 total attack points, and attacks Archer with 54 health who has 10 total armour points.
Archer now has 42 health remaining

Ranged with 20 health has a 18 total attack points, and attacks Knight with 60 health who has 13 total armour points.
Knight now has 55 health remaining

Ranged with 10 health has a 18 total attack points, and attacks Archer with 68 health who has 10 total armour points.
Archer now has 60 health remaining

Grunt with 44 health has a 17 total attack points, and attacks Footman with 32 health who has 11 total armour points.
Footman now has 26 health remaining

Archer with 1 health has a 18 total attack points, and attacks Ranged with 51 health who has 10 total armour points.
Ranged now has 43 health remaining

Spearman with 35 health has a 18 total attack points, and attacks Knight with 35 health who has 13 total armour points.
Knight now has 30 health remaining

Spearman with 75 health has a 18 total attack points, and attacks Knight with 24 health who has 13 total armour points.
Knight now has 19 health remaining

Archer with 2 health has a 18 total attack points, and attacks Grunt with 20 health who has 11 total armour points.
Grunt now has 13 health remaining

Knight with 66 health has a 22 total attack points, and attacks Grunt with 67 health who has 11 total armour points.
Grunt now has 56 health remaining

Raider with 38 health has a 22 total attack points, and attacks Footman with 44 health who has 11 total armour points.
Footman now has 33 health remaining

Knight with 73 health has a 22 total attack points, and attacks Grunt with 37 health who has 11 total armour points.
Grunt now has 26 health remaining

Ranged with 10 health has a 18 total attack points, and attacks Knight with 50 health who has 13 total armour points.
Knight now has 45 health remaining

Knight with 49 health has a 22 total attack points, and attacks Raider with 49 health who has 13 total armour points.
Raider now has 40 health remaining

Ranged with 1 health has a 18 total attack points, and attacks Archer with 34 health who has 10 total armour points.
Archer now has 26 health remaining

Archer with 48 health has a 18 total attack points, and attacks Spearman with 7 health who has 10 total armour points.
Spearman has died in combat.

Archer with 39 health has a 18 total attack points, and attacks Raider with 68 health who has 13 total armour points.
Raider now has 63 health remaining

Grunt with 10 health has a 17 total attack points, and attacks Archer with 38 health who has 10 total armour points.
Archer now has 31 health remaining

Footman with 22 health has a 17 total attack points, and attacks Spearman with 31 health who has 10 total armour points.
Spearman now has 24 health remaining

Archer with 21 health has a 18 total attack points, and attacks Ranged with 24 health who has 10 total armour points.
Ranged now has 16 health remaining

Spearman with 43 health has a 18 total attack points, and attacks Footman with 26 health who has 11 total armour points.
Footman now has 19 health remaining

Footman with 41 health has a 17 total attack points, and attacks Spearman with 39 health who has 10 total armour points.
Spearman now has 32 health remaining

Grunt with 49 health has a 17 total attack points, and attacks Archer with 15 health who has 10 total armour points.
Archer now has 8 health remaining

Raider with 37 health has a 22 total attack points, and attacks Knight with 3 health who has 13 total armour points.
Knight has died in combat.

Raider with 72 health has a 22 total attack points, and attacks Footman with 23 health who has 11 total armour points.
Footman now has 12 health remaining

Footman with 39 health has a 17 total attack points, and attacks Ranged with 26 health who has 10 total armour points.
Ranged now has 19 health remaining

Knight with 45 health has a 22 total attack points, and attacks Raider with 51 health who has 13 total armour points.
Raider now has 42 health remaining

Raider with 35 health has a 22 total attack points, and attacks Archer with 20 health who has 10 total armour points.
Archer now has 8 health remaining

Knight with 72 health has a 22 total attack points, and attacks Spearman with 47 health who has 10 total armour points.
Spearman now has 35 health remaining

Knight with 30 health has a 22 total attack points, and attacks Raider with 81 health who has 13 total armour points.
Raider now has 72 health remaining

Spearman with 12 health has a 18 total attack points, and attacks Knight with 55 health who has 13 total armour points.
Knight now has 50 health remaining

Knight with 73 health has a 22 total attack points, and attacks Grunt with 44 health who has 11 total armour points.
Grunt now has 33 health remaining

Footman with 33 health has a 17 total attack points, and attacks Raider with 32 health who has 13 total armour points.
Raider now has 28 health remaining

Grunt with 14 health has a 17 total attack points, and attacks Footman with 34 health who has 11 total armour points.
Footman now has 28 health remaining

Footman with 26 health has a 17 total attack points, and attacks Ranged with 39 health who has 10 total armour points.
Ranged now has 32 health remaining

Archer with 63 health has a 18 total attack points, and attacks Grunt with 42 health who has 11 total armour points.
Grunt now has 35 health remaining

Spearman with 7 health has a 18 total attack points, and attacks Archer with 54 health who has 10 total armour points.
Archer now has 46 health remaining

Grunt with 26 health has a 17 total attack points, and attacks Footman with 40 health who has 11 total armour points.
Footman now has 34 health remaining

Raider with 37 health has a 22 total attack points, and attacks Footman with 64 health who has 11 total armour points.
Footman now has 53 health remaining

Spearman with 54 health has a 18 total attack points, and attacks Knight with 28 health who has 13 total armour points.
Knight now has 23 health remaining

Knight with 39 health has a 22 total attack points, and attacks Raider with 69 health who has 13 total armour points.
Raider now has 60 health remaining

Archer with 36 health has a 18 total attack points, and attacks Raider with 36 health who has 13 total armour points.
Raider now has 31 health remaining

Spearman with 6 health has a 18 total attack points, and attacks Archer with 34 health who has 10 total armour points.
Archer now has 26 health remaining

Archer with 21 health has a 18 total attack points, and attacks Ranged with 55 health who has 10 total armour points.
Ranged now has 47 health remaining

Ranged with 1 health has a 18 total attack points, and attacks Footman with 31 health who has 11 total armour points.
Footman now has 24 health remaining

Raider with 72 health has a 22 total attack points, and attacks Footman with 1 health who has 11 total armour points.
Footman has died in combat.

Ranged with 44 health has a 18 total attack points, and attacks Archer with 72 health who has 10 total armour points.
Archer now has 64 health remaining

Footman with 25 health has a 17 total attack points, and attacks Raider with 29 health who has 13 total armour points.
Raider now has 25 health remaining

Spearman with 2 health has a 18 total attack points, and attacks Knight with 59 health who has 13 total armour points.
Knight now has 54 health remaining

Raider with 47 health has a 22 total attack points, and attacks Archer with 19 health who has 10 total armour points.
Archer now has 7 health remaining

Archer with 21 health has a 18 total attack points, and attacks Ranged with 13 health who has 10 total armour points.
Ranged now has 5 health remaining

Archer with 6 health has a 18 total attack points, and attacks Ranged with 56 health who has 10 total armour points.
Ranged now has 48 health remaining

Knight with 18 health has a 22 total attack points, and attacks Raider with 53 health who has 13 total armour points.
Raider now has 44 health remaining

Footman with 13 health has a 17 total attack points, and attacks Ranged with 23 health who has 10 total armour points.
Ranged now has 16 health remaining

Knight with 23 health has a 22 total attack points, and attacks Spearman with 20 health who has 10 total armour points.
Spearman now has 8 health remaining

Ranged with 35 health has a 18 total attack points, and attacks Footman with 32 health who has 11 total armour points.
Footman now has 25 health remaining

Footman with 51 health has a 17 total attack points, and attacks Grunt with 61 health who has 11 total armour points.
Grunt now has 55 health remaining

Knight with 26 health has a 22 total attack points, and attacks Grunt with 49 health who has 11 total armour points.
Grunt now has 38 health remaining

Archer with 41 health has a 18 total attack points, and attacks Spearman with 39 health who has 10 total armour points.
Spearman now has 31 health remaining

Footman with 44 health has a 17 total attack points, and attacks Spearman with 35 health who has 10 total armour points.
Spearman now has 28 health remaining

Knight with 58 health has a 22 total attack points, and attacks Ranged with 34 health who has 10 total armour points.
Ranged now has 22 health remaining

Raider with 59 health has a 22 total attack points, and attacks Archer with 12 health who has 10 total armour points.
Archer has died in combat.

Archer with 13 health has a 18 total attack points, and attacks Ranged with 6 health who has 10 total armour points.
Ranged has died in combat.

Knight with 37 health has a 22 total attack points, and attacks Ranged with 27 health who has 10 total armour points.
Ranged now has 15 health remaining

Grunt with 14 health has a 17 total attack points, and attacks Knight with 41 health who has 13 total armour points.
Knight now has 37 health remaining

Ranged with 42 health has a 18 total attack points, and attacks Archer with 41 health who has 10 total armour points.
Archer now has 33 health remaining

Ranged with 48 health has a 18 total attack points, and attacks Archer with 46 health who has 10 total armour points.
Archer now has 38 health remaining

Knight with 44 health has a 22 total attack points, and attacks Raider with 72 health who has 13 total armour points.
Raider now has 63 health remaining

Archer with 52 health has a 18 total attack points, and attacks Ranged with 2 health who has 10 total armour points.
Ranged has died in combat.

Raider with 44 health has a 22 total attack points, and attacks Archer with 12 health who has 10 total armour points.
Archer has died in combat.

Archer with 42 health has a 18 total attack points, and attacks Spearman with 17 health who has 10 total armour points.
Spearman now has 9 health remaining

Archer with 1 health has a 18 total attack points, and attacks Spearman with 47 health who has 10 total armour points.
Spearman now has 39 health remaining

Archer with 60 health has a 18 total attack points, and attacks Spearman with 17 health who has 10 total armour points.
Spearman now has 9 health remaining

Raider with 46 health has a 22 total attack points, and attacks Archer with 74 health who has 10 total armour points.
Archer now has 62 health remaining

Raider with 16 health has a 22 total attack points, and attacks Knight with 37 health who has 13 total armour points.
Knight now has 28 health remaining

Archer with 28 health has a 18 total attack points, and attacks Ranged with 51 health who has 10 total armour points.
Ranged now has 43 health remaining

Spearman with 20 health has a 18 total attack points, and attacks Knight with 45 health who has 13 total armour points.
Knight now has 40 health remaining

Knight with 56 health has a 22 total attack points, and attacks Raider with 58 health who has 13 total armour points.
Raider now has 49 health remaining

Archer with 13 health has a 18 total attack points, and attacks Spearman with 50 health who has 10 total armour points.
Spearman now has 42 health remaining

Knight with 72 health has a 22 total attack points, and attacks Raider with 27 health who has 13 total armour points.
Raider now has 18 health remaining

Footman with 27 health has a 17 total attack points, and attacks Raider with 16 health who has 13 total armour points.
Raider now has 12 health remaining

Footman with 34 health has a 17 total attack points, and attacks Ranged with 1 health who has 10 total armour points.
Ranged has died in combat.

Footman with 62 health has a 17 total attack points, and attacks Raider with 73 health who has 13 total armour points.
Raider now has 69 health remaining

Archer with 33 health has a 18 total attack points, and attacks Spearman with 53 health who has 10 total armour points.
Spearman now has 45 health remaining

Footman with 8 health has a 17 total attack points, and attacks Spearman with 49 health who has 10 total armour points.
Spearman now has 42 health remaining

Footman with 16 health has a 17 total attack points, and attacks Grunt with 27 health who has 11 total armour points.
Grunt now has 21 health remaining

Raider with 34 health has a 22 total attack points, and attacks Footman with 8 health who has 11 total armour points.
Footman has died in combat.

Ranged with 32 health has a 18 total attack points, and attacks Archer with 63 health who has 10 total armour points.
Archer now has 55 health remaining

Knight with 42 health has a 22 total attack points, and attacks Ranged with 1 health who has 10 total armour points.
Ranged has died in combat.

Knight with 39 health has a 22 total attack points, and attacks Ranged with 42 health who has 10 total armour points.
Ranged now has 30 health remaining

Raider with 78 health has a 22 total attack points, and attacks Footman with 74 health who has 11 total armour points.
Footman now has 63 health remaining

Ranged with 48 health has a 18 total attack points, and attacks Archer with 70 health who has 10 total armour points.
Archer now has 62 health remaining

Ranged with 49 health has a 18 total attack points, and attacks Archer with 33 health who has 10 total armour points.
Archer now has 25 health remaining

Knight with 69 health has a 22 total attack points, and attacks Grunt with 43 health who has 11 total armour points.
Grunt now has 32 health remaining

Grunt with 14 health has a 17 total attack points, and attacks Archer with 21 health who has 10 total armour points.
Archer now has 14 health remaining

Footman with 67 health has a 17 total attack points, and attacks Grunt with 58 health who has 11 total armour points.
Grunt now has 52 health remaining

Archer with 15 health has a 18 total attack points, and attacks Spearman with 71 health who has 10 total armour points.
Spearman now has 63 health remaining

Spearman with 72 health has a 18 total attack points, and attacks Knight with 37 health who has 13 total armour points.
Knight now has 32 health remaining

Raider with 47 health has a 22 total attack points, and attacks Footman with 31 health who has 11 total armour points.
Footman now has 20 health remaining

Footman with 62 health has a 17 total attack points, and attacks Raider with 64 health who has 13 total armour points.
Raider now has 60 health remaining

Footman with 45 health has a 17 total attack points, and attacks Grunt with 42 health who has 11 total armour points.
Grunt now has 36 health remaining

Knight with 38 health has a 22 total attack points, and attacks Raider with 52 health who has 13 total armour points.
Raider now has 43 health remaining

Grunt with 30 health has a 17 total attack points, and attacks Knight with 26 health who has 13 total armour points.
Knight now has 22 health remaining

Ranged with 39 health has a 18 total attack points, and attacks Archer with 13 health who has 10 total armour points.
Archer now has 5 health remaining

Archer with 74 health has a 18 total attack points, and attacks Ranged with 46 health who has 10 total armour points.
Ranged now has 38 health remaining

Archer with 28 health has a 18 total attack points, and attacks Ranged with 58 health who has 10 total armour points.
Ranged now has 50 health remaining

Footman with 19 health has a 17 total attack points, and attacks Ranged with 62 health who has 10 total armour points.
Ranged now has 55 health remaining

Footman with 19 health has a 17 total attack points, and attacks Raider with 50 health who has 13 total armour points.
Raider now has 46 health remaining

Raider with 46 health has a 22 total attack points, and attacks Archer with 44 health who has 10 total armour points.
Archer now has 32 health remaining

Ranged with 58 health has a 18 total attack points, and attacks Knight with 22 health who has 13 total armour points.
Knight now has 17 health remaining

Archer with 21 health has a 18 total attack points, and attacks Grunt with 2 health who has 11 total armour points.
Grunt has died in combat.

Archer with 49 health has a 18 total attack points, and attacks Spearman with 22 health who has 10 total armour points.
Spearman now has 14 health remaining

Archer with 91 health has a 18 total attack points, and attacks Ranged with 9 health who has 10 total armour points.
Ranged now has 1 health remaining

Ranged with 44 health has a 18 total attack points, and attacks Archer with 41 health who has 10 total armour points.
Archer now has 33 health remaining

Spearman with 24 health has a 18 total attack points, and attacks Archer with 2 health who has 10 total armour points.
Archer has died in combat.

Raider with 42 health has a 22 total attack points, and attacks Archer with 52 health who has 10 total armour points.
Archer now has 40 health remaining

Archer with 21 health has a 18 total attack points, and attacks Ranged with 38 health who has 10 total armour points.
Ranged now has 30 health remaining

Spearman with 75 health has a 18 total attack points, and attacks Knight with 40 health who has 13 total armour points.
Knight now has 35 health remaining

Archer with 78 health has a 18 total attack points, and attacks Grunt with 19 health who has 11 total armour points.
Grunt now has 12 health remaining

Grunt with 30 health has a 17 total attack points, and attacks Footman with 24 health who has 11 total armour points.
Footman now has 18 health remaining

Footman with 45 health has a 17 total attack points, and attacks Grunt with 46 health who has 11 total armour points.
Grunt now has 40 health remaining

Knight with 30 health has a 22 total attack points, and attacks Ranged with 72 health who has 10 total armour points.
Ranged now has 60 health remaining

Knight with 45 health has a 22 total attack points, and attacks Grunt with 24 health who has 11 total armour points.
Grunt now has 13 health remaining

Footman with 33 health has a 17 total attack points, and attacks Ranged with 12 health who has 10 total armour points.
Ranged now has 5 health remaining

Archer with 50 health has a 18 total attack points, and attacks Grunt with 50 health who has 11 total armour points.
Grunt now has 43 health remaining

Archer with 39 health has a 18 total attack points, and attacks Ranged with 4 health who has 10 total armour points.
Ranged has died in combat.

Archer with 59 health has a 18 total attack points, and attacks Raider with 37 health who has 13 total armour points.
Raider now has 32 health remaining

Knight with 45 health has a 22 total attack points, and attacks Spearman with 34 health who has 10 total armour points.
Spearman now has 22 health remaining

Archer with 74 health has a 18 total attack points, and attacks Raider with 47 health who has 13 total armour points.
Raider now has 42 health remaining

Footman with 27 health has a 17 total attack points, and attacks Raider with 42 health who has 13 total armour points.
Raider now has 38 health remaining

Grunt with 4 health has a 17 total attack points, and attacks Knight with 30 health who has 13 total armour points.
Knight now has 26 health remaining

Footman with 37 health has a 17 total attack points, and attacks Ranged with 27 health who has 10 total armour points.
Ranged now has 20 health remaining

Knight with 50 health has a 22 total attack points, and attacks Ranged with 53 health who has 10 total armour points.
Ranged now has 41 health remaining

Knight with 62 health has a 22 total attack points, and attacks Raider with 28 health who has 13 total armour points.
Raider now has 19 health remaining

Archer with 11 health has a 18 total attack points, and attacks Spearman with 47 health who has 10 total armour points.
Spearman now has 39 health remaining

Spearman with 47 health has a 18 total attack points, and attacks Knight with 39 health who has 13 total armour points.
Knight now has 34 health remaining

Knight with 22 health has a 22 total attack points, and attacks Spearman with 31 health who has 10 total armour points.
Spearman now has 19 health remaining

Raider with 49 health has a 22 total attack points, and attacks Footman with 39 health who has 11 total armour points.
Footman now has 28 health remaining

Archer with 64 health has a 18 total attack points, and attacks Ranged with 59 health who has 10 total armour points.
Ranged now has 51 health remaining

Archer with 33 health has a 18 total attack points, and attacks Grunt with 52 health who has 11 total armour points.
Grunt now has 45 health remaining

Footman with 12 health has a 17 total attack points, and attacks Raider with 48 health who has 13 total armour points.
Raider now has 44 health remaining

Archer with 43 health has a 18 total attack points, and attacks Grunt with 51 health who has 11 total armour points.
Grunt now has 44 health remaining

Raider with 32 health has a 22 total attack points, and attacks Knight with 77 health who has 13 total armour points.
Knight now has 68 health remaining

Knight with 62 health has a 22 total attack points, and attacks Grunt with 44 health who has 11 total armour points.
Grunt now has 33 health remaining

Footman with 5 health has a 17 total attack points, and attacks Raider with 62 health who has 13 total armour points.
Raider now has 58 health remaining

Grunt with 40 health has a 17 total attack points, and attacks Archer with 17 health who has 10 total armour points.
Archer now has 10 health remaining

Knight with 68 health has a 22 total attack points, and attacks Grunt with 23 health who has 11 total armour points.
Grunt now has 12 health remaining

Archer with 33 health has a 18 total attack points, and attacks Spearman with 6 health who has 10 total armour points.
Spearman has died in combat.

Spearman with 32 health has a 18 total attack points, and attacks Knight with 51 health who has 13 total armour points.
Knight now has 46 health remaining

Grunt with 40 health has a 17 total attack points, and attacks Archer with 8 health who has 10 total armour points.
Archer now has 1 health remaining

Archer with 3 health has a 18 total attack points, and attacks Ranged with 10 health who has 10 total armour points.
Ranged now has 2 health remaining

Knight with 46 health has a 22 total attack points, and attacks Raider with 37 health who has 13 total armour points.
Raider now has 28 health remaining

Archer with 4 health has a 18 total attack points, and attacks Spearman with 32 health who has 10 total armour points.
Spearman now has 24 health remaining

Raider with 57 health has a 22 total attack points, and attacks Archer with 53 health who has 10 total armour points.
Archer now has 41 health remaining

Footman with 67 health has a 17 total attack points, and attacks Raider with 47 health who has 13 total armour points.
Raider now has 43 health remaining

Archer with 39 health has a 18 total attack points, and attacks Ranged with 44 health who has 10 total armour points.
Ranged now has 36 health remaining

Knight with 18 health has a 22 total attack points, and attacks Raider with 25 health who has 13 total armour points.
Raider now has 16 health remaining

Footman with 32 health has a 17 total attack points, and attacks Grunt with 12 health who has 11 total armour points.
Grunt now has 6 health remaining

Grunt with 53 health has a 17 total attack points, and attacks Footman with 41 health who has 11 total armour points.
Footman now has 35 health remaining

Knight with 56 health has a 22 total attack points, and attacks Spearman with 40 health who has 10 total armour points.
Spearman now has 28 health remaining

Archer with 37 health has a 18 total attack points, and attacks Raider with 63 health who has 13 total armour points.
Raider now has 58 health remaining

Spearman with 19 health has a 18 total attack points, and attacks Knight with 26 health who has 13 total armour points.
Knight now has 21 health remaining

Knight with 34 health has a 22 total attack points, and attacks Spearman with 27 health who has 10 total armour points.
Spearman now has 15 health remaining

Archer with 66 health has a 18 total attack points, and attacks Raider with 44 health who has 13 total armour points.
Raider now has 39 health remaining

Archer with 63 health has a 18 total attack points, and attacks Grunt with 40 health who has 11 total armour points.
Grunt now has 33 health remaining

Raider with 44 health has a 22 total attack points, and attacks Archer with 11 health who has 10 total armour points.
Archer has died in combat.

Knight with 27 health has a 22 total attack points, and attacks Grunt with 38 health who has 11 total armour points.
Grunt now has 27 health remaining

Archer with 56 health has a 18 total attack points, and attacks Raider with 20 health who has 13 total armour points.
Raider now has 15 health remaining

Spearman with 24 health has a 18 total attack points, and attacks Archer with 27 health who has 10 total armour points.
Archer now has 19 health remaining

Archer with 39 health has a 18 total attack points, and attacks Ranged with 25 health who has 10 total armour points.
Ranged now has 17 health remaining

Spearman with 34 health has a 18 total attack points, and attacks Archer with 21 health who has 10 total armour points.
Archer now has 13 health remaining

Archer with 35 health has a 18 total attack points, and attacks Ranged with 54 health who has 10 total armour points.
Ranged now has 46 health remaining

Archer with 35 health has a 18 total attack points, and attacks Ranged with 33 health who has 10 total armour points.
Ranged now has 25 health remaining

Grunt with 45 health has a 17 total attack points, and attacks Footman with 16 health who has 11 total armour points.
Footman now has 10 health remaining

Footman with 50 health has a 17 total attack points, and attacks Ranged with 39 health who has 10 total armour points.
Ranged now has 32 health remaining

Knight with 44 health has a 22 total attack points, and attacks Grunt with 49 health who has 11 total armour points.
Grunt now has 38 health remaining

Footman with 28 health has a 17 total attack points, and attacks Ranged with 22 health who has 10 total armour points.
Ranged now has 15 health remaining

Archer with 32 health has a 18 total attack points, and attacks Ranged with 48 health who has 10 total armour points.
Ranged now has 40 health remaining

Raider with 33 health has a 22 total attack points, and attacks Archer with 62 health who has 10 total armour points.
Archer now has 50 health remaining

Archer with 16 health has a 18 total attack points, and attacks Ranged with 8 health who has 10 total armour points.
Ranged has died in combat.

Archer with 14 health has a 18 total attack points, and attacks Spearman with 28 health who has 10 total armour points.
Spearman now has 20 health remaining

Knight with 21 health has a 22 total attack points, and attacks Grunt with 45 health who has 11 total armour points.
Grunt now has 34 health remaining

Raider with 73 health has a 22 total attack points, and attacks Footman with 2 health who has 11 total armour points.
Footman has died in combat.

Knight with 50 health has a 22 total attack points, and attacks Spearman with 4 health who has 10 total armour points.
Spearman has died in combat.

Grunt with 49 health has a 17 total attack points, and attacks Footman with 14 health who has 11 total armour points.
Footman now has 8 health remaining

Ranged with 47 health has a 18 total attack points, and attacks Archer with 23 health who has 10 total armour points.
Archer now has 15 health remaining

Archer with 28 health has a 18 total attack points, and attacks Ranged with 33 health who has 10 total armour points.
Ranged now has 25 health remaining

Footman with 14 health has a 17 total attack points, and attacks Ranged with 16 health who has 10 total armour points.
Ranged now has 9 health remaining

Spearman with 24 health has a 18 total attack points, and attacks Knight with 55 health who has 13 total armour points.
Knight now has 50 health remaining

Spearman with 47 health has a 18 total attack points, and attacks Archer with 63 health who has 10 total armour points.
Archer now has 55 health remaining

Spearman with 15 health has a 18 total attack points, and attacks Archer with 25 health who has 10 total armour points.
Archer now has 17 health remaining

Archer with 6 health has a 18 total attack points, and attacks Grunt with 61 health who has 11 total armour points.
Grunt now has 54 health remaining

Knight with 34 health has a 22 total attack points, and attacks Ranged with 36 health who has 10 total armour points.
Ranged now has 24 health remaining

Ranged with 58 health has a 18 total attack points, and attacks Knight with 19 health who has 13 total armour points.
Knight now has 14 health remaining

Grunt with 40 health has a 17 total attack points, and attacks Archer with 43 health who has 10 total armour points.
Archer now has 36 health remaining

Grunt with 11 health has a 17 total attack points, and attacks Knight with 33 health who has 13 total armour points.
Knight now has 29 health remaining

Knight with 76 health has a 22 total attack points, and attacks Raider with 47 health who has 13 total armour points.
Raider now has 38 health remaining

Raider with 45 health has a 22 total attack points, and attacks Footman with 50 health who has 11 total armour points.
Footman now has 39 health remaining

Footman with 62 health has a 17 total attack points, and attacks Grunt with 11 health who has 11 total armour points.
Grunt now has 5 health remaining

Raider with 35 health has a 22 total attack points, and attacks Footman with 56 health who has 11 total armour points.
Footman now has 45 health remaining

Raider with 46 health has a 22 total attack points, and attacks Knight with 38 health who has 13 total armour points.
Knight now has 29 health remaining

Mountain King with 145 health has a 27 total attack points, and attacks Ranged with 24 health who has 10 total armour points.
Ranged now has 7 health remaining

Grunt with 55 health has a 17 total attack points, and attacks Archer with 50 health who has 10 total armour points.
Archer now has 43 health remaining

Grunt with 52 health has a 17 total attack points, and attacks Archer with 63 health who has 10 total armour points.
Archer now has 56 health remaining

Raider with 49 health has a 22 total attack points, and attacks Archer with 30 health who has 10 total armour points.
Archer now has 18 health remaining

Grunt with 22 health has a 17 total attack points, and attacks Knight with 50 health who has 13 total armour points.
Knight now has 46 health remaining

Ranged with 26 health has a 18 total attack points, and attacks Footman with 42 health who has 11 total armour points.
Footman now has 35 health remaining

Footman with 46 health has a 17 total attack points, and attacks Raider with 52 health who has 13 total armour points.
Raider now has 48 health remaining

Ranged with 67 health has a 18 total attack points, and attacks Archer with 13 health who has 10 total armour points.
Archer now has 5 health remaining

Footman with 28 health has a 17 total attack points, and attacks Ranged with 75 health who has 10 total armour points.
Ranged now has 68 health remaining

Ranged with 60 health has a 18 total attack points, and attacks Archer with 62 health who has 10 total armour points.
Archer now has 54 health remaining

Knight with 38 health has a 22 total attack points, and attacks Spearman with 47 health who has 10 total armour points.
Spearman now has 35 health remaining

Knight with 72 health has a 22 total attack points, and attacks Ranged with 43 health who has 10 total armour points.
Ranged now has 31 health remaining

Archer with 15 health has a 18 total attack points, and attacks Raider with 63 health who has 13 total armour points.
Raider now has 58 health remaining

Archer with 26 health has a 18 total attack points, and attacks Spearman with 3 health who has 10 total armour points.
Spearman has died in combat.

Archer with 7 health has a 18 total attack points, and attacks Raider with 40 health who has 13 total armour points.
Raider now has 35 health remaining

Grunt with 31 health has a 17 total attack points, and attacks Archer with 55 health who has 10 total armour points.
Archer now has 48 health remaining

Archer with 11 health has a 18 total attack points, and attacks Grunt with 7 health who has 11 total armour points.
Grunt has died in combat.

Ranged with 41 health has a 18 total attack points, and attacks Archer with 8 health who has 10 total armour points.
Archer has died in combat.

Raider with 36 health has a 22 total attack points, and attacks Archer with 64 health who has 10 total armour points.
Archer now has 52 health remaining

Spearman with 15 health has a 18 total attack points, and attacks Archer with 37 health who has 10 total armour points.
Archer now has 29 health remaining

Grunt with 16 health has a 17 total attack points, and attacks Knight with 55 health who has 13 total armour points.
Knight now has 51 health remaining

Raider with 24 health has a 22 total attack points, and attacks Knight with 58 health who has 13 total armour points.
Knight now has 49 health remaining

Archer with 29 health has a 18 total attack points, and attacks Grunt with 19 health who has 11 total armour points.
Grunt now has 12 health remaining

Grunt with 34 health has a 17 total attack points, and attacks Knight with 39 health who has 13 total armour points.
Knight now has 35 health remaining

Footman with 28 health has a 17 total attack points, and attacks Raider with 42 health who has 13 total armour points.
Raider now has 38 health remaining

Ranged with 32 health has a 18 total attack points, and attacks Footman with 36 health who has 11 total armour points.
Footman now has 29 health remaining

Grunt with 56 health has a 17 total attack points, and attacks Knight with 36 health who has 13 total armour points.
Knight now has 32 health remaining

Spearman with 15 health has a 18 total attack points, and attacks Archer with 56 health who has 10 total armour points.
Archer now has 48 health remaining

Raider with 17 health has a 22 total attack points, and attacks Knight with 23 health who has 13 total armour points.
Knight now has 14 health remaining

Archer with 52 health has a 18 total attack points, and attacks Grunt with 45 health who has 11 total armour points.
Grunt now has 38 health remaining

Spearman with 35 health has a 18 total attack points, and attacks Archer with 29 health who has 10 total armour points.
Archer now has 21 health remaining

Footman with 67 health has a 17 total attack points, and attacks Raider with 31 health who has 13 total armour points.
Raider now has 27 health remaining

Grunt with 8 health has a 17 total attack points, and attacks Archer with 10 health who has 10 total armour points.
Archer now has 3 health remaining

Spearman with 43 health has a 18 total attack points, and attacks Footman with 36 health who has 11 total armour points.
Footman now has 29 health remaining

Grunt with 40 health has a 17 total attack points, and attacks Footman with 67 health who has 11 total armour points.
Footman now has 61 health remaining

Ranged with 7 health has a 18 total attack points, and attacks Knight with 55 health who has 13 total armour points.
Knight now has 50 health remaining

Archer with 71 health has a 18 total attack points, and attacks Grunt with 26 health who has 11 total armour points.
Grunt now has 19 health remaining

Knight with 49 health has a 22 total attack points, and attacks Spearman with 15 health who has 10 total armour points.
Spearman now has 3 health remaining

Ranged with 60 health has a 18 total attack points, and attacks Archer with 58 health who has 10 total armour points.
Archer now has 50 health remaining

Ranged with 11 health has a 18 total attack points, and attacks Knight with 68 health who has 13 total armour points.
Knight now has 63 health remaining

Ranged with 24 health has a 18 total attack points, and attacks Footman with 24 health who has 11 total armour points.
Footman now has 17 health remaining

Footman with 53 health has a 17 total attack points, and attacks Spearman with 12 health who has 10 total armour points.
Spearman now has 5 health remaining

Knight with 46 health has a 22 total attack points, and attacks Spearman with 12 health who has 10 total armour points.
Spearman has died in combat.

Archer with 39 health has a 18 total attack points, and attacks Grunt with 19 health who has 11 total armour points.
Grunt now has 12 health remaining

Spearman with 30 health has a 18 total attack points, and attacks Footman with 12 health who has 11 total armour points.
Footman now has 5 health remaining

Knight with 72 health has a 22 total attack points, and attacks Ranged with 16 health who has 10 total armour points.
Ranged now has 4 health remaining

Ranged with 41 health has a 18 total attack points, and attacks Footman with 12 health who has 11 total armour points.
Footman now has 5 health remaining

Archer with 38 health has a 18 total attack points, and attacks Ranged with 18 health who has 10 total armour points.
Ranged now has 10 health remaining

Grunt with 30 health has a 17 total attack points, and attacks Archer with 9 health who has 10 total armour points.
Archer now has 2 health remaining

Spearman with 18 health has a 18 total attack points, and attacks Footman with 34 health who has 11 total armour points.
Footman now has 27 health remaining

Archer with 34 health has a 18 total attack points, and attacks Grunt with 64 health who has 11 total armour points.
Grunt now has 57 health remaining

Archer with 36 health has a 18 total attack points, and attacks Ranged with 10 health who has 10 total armour points.
Ranged now has 2 health remaining

Knight with 62 health has a 22 total attack points, and attacks Ranged with 68 health who has 10 total armour points.
Ranged now has 56 health remaining

Footman with 5 health has a 17 total attack points, and attacks Ranged with 51 health who has 10 total armour points.
Ranged now has 44 health remaining

Knight with 18 health has a 22 total attack points, and attacks Spearman with 31 health who has 10 total armour points.
Spearman now has 19 health remaining

Grunt with 57 health has a 17 total attack points, and attacks Footman with 26 health who has 11 total armour points.
Footman now has 20 health remaining

Ranged with 9 health has a 18 total attack points, and attacks Archer with 28 health who has 10 total armour points.
Archer now has 20 health remaining

Spearman with 22 health has a 18 total attack points, and attacks Archer with 35 health who has 10 total armour points.
Archer now has 27 health remaining

Footman with 51 health has a 17 total attack points, and attacks Ranged with 7 health who has 10 total armour points.
Ranged has died in combat.

Archer with 5 health has a 18 total attack points, and attacks Ranged with 32 health who has 10 total armour points.
Ranged now has 24 health remaining

Footman with 31 health has a 17 total attack points, and attacks Raider with 38 health who has 13 total armour points.
Raider now has 34 health remaining

Knight with 19 health has a 22 total attack points, and attacks Grunt with 12 health who has 11 total armour points.
Grunt now has 1 health remaining

Grunt with 33 health has a 17 total attack points, and attacks Archer with 39 health who has 10 total armour points.
Archer now has 32 health remaining

Spearman with 17 health has a 18 total attack points, and attacks Archer with 52 health who has 10 total armour points.
Archer now has 44 health remaining

Knight with 28 health has a 22 total attack points, and attacks Grunt with 38 health who has 11 total armour points.
Grunt now has 27 health remaining

Spearman with 47 health has a 18 total attack points, and attacks Footman with 70 health who has 11 total armour points.
Footman now has 63 health remaining

Ranged with 26 health has a 18 total attack points, and attacks Knight with 68 health who has 13 total armour points.
Knight now has 63 health remaining

Knight with 19 health has a 22 total attack points, and attacks Grunt with 1 health who has 11 total armour points.
Grunt has died in combat.

Knight with 35 health has a 22 total attack points, and attacks Ranged with 32 health who has 10 total armour points.
Ranged now has 20 health remaining

Ranged with 48 health has a 18 total attack points, and attacks Knight with 23 health who has 13 total armour points.
Knight now has 18 health remaining

Archer with 13 health has a 18 total attack points, and attacks Raider with 36 health who has 13 total armour points.
Raider now has 31 health remaining

Grunt with 53 health has a 17 total attack points, and attacks Knight with 73 health who has 13 total armour points.
Knight now has 69 health remaining

Spearman with 3 health has a 18 total attack points, and attacks Archer with 71 health who has 10 total armour points.
Archer now has 63 health remaining

Knight with 67 health has a 22 total attack points, and attacks Grunt with 18 health who has 11 total armour points.
Grunt now has 7 health remaining

Footman with 25 health has a 17 total attack points, and attacks Grunt with 42 health who has 11 total armour points.
Grunt now has 36 health remaining

Raider with 48 health has a 22 total attack points, and attacks Archer with 66 health who has 10 total armour points.
Archer now has 54 health remaining

Archer with 9 health has a 18 total attack points, and attacks Ranged with 18 health who has 10 total armour points.
Ranged now has 10 health remaining

Archer with 42 health has a 18 total attack points, and attacks Ranged with 30 health who has 10 total armour points.
Ranged now has 22 health remaining

Archer with 2 health has a 18 total attack points, and attacks Ranged with 36 health who has 10 total armour points.
Ranged now has 28 health remaining

Footman with 61 health has a 17 total attack points, and attacks Ranged with 16 health who has 10 total armour points.
Ranged now has 9 health remaining

Archer with 35 health has a 18 total attack points, and attacks Raider with 21 health who has 13 total armour points.
Raider now has 16 health remaining

Raider with 57 health has a 22 total attack points, and attacks Archer with 1 health who has 10 total armour points.
Archer has died in combat.

Spearman with 12 health has a 18 total attack points, and attacks Archer with 32 health who has 10 total armour points.
Archer now has 24 health remaining

Raider with 64 health has a 22 total attack points, and attacks Footman with 39 health who has 11 total armour points.
Footman now has 28 health remaining

Archer with 31 health has a 18 total attack points, and attacks Ranged with 26 health who has 10 total armour points.
Ranged now has 18 health remaining

Archer with 3 health has a 18 total attack points, and attacks Grunt with 1 health who has 11 total armour points.
Grunt has died in combat.

Ranged with 15 health has a 18 total attack points, and attacks Knight with 17 health who has 13 total armour points.
Knight now has 12 health remaining

Footman with 24 health has a 17 total attack points, and attacks Ranged with 43 health who has 10 total armour points.
Ranged now has 36 health remaining

Archer with 60 health has a 18 total attack points, and attacks Ranged with 10 health who has 10 total armour points.
Ranged now has 2 health remaining

Archer with 23 health has a 18 total attack points, and attacks Raider with 49 health who has 13 total armour points.
Raider now has 44 health remaining

Spearman with 23 health has a 18 total attack points, and attacks Archer with 52 health who has 10 total armour points.
Archer now has 44 health remaining

Ranged with 7 health has a 18 total attack points, and attacks Archer with 10 health who has 10 total armour points.
Archer now has 2 health remaining

Archer with 40 health has a 18 total attack points, and attacks Spearman with 42 health who has 10 total armour points.
Spearman now has 34 health remaining

Raider with 48 health has a 22 total attack points, and attacks Knight with 72 health who has 13 total armour points.
Knight now has 63 health remaining

Ranged with 15 health has a 18 total attack points, and attacks Archer with 26 health who has 10 total armour points.
Archer now has 18 health remaining

Footman with 53 health has a 17 total attack points, and attacks Grunt with 48 health who has 11 total armour points.
Grunt now has 42 health remaining

Archer with 38 health has a 18 total attack points, and attacks Ranged with 2 health who has 10 total armour points.
Ranged has died in combat.

Raider with 15 health has a 22 total attack points, and attacks Knight with 34 health who has 13 total armour points.
Knight now has 25 health remaining

Archer with 37 health has a 18 total attack points, and attacks Raider with 58 health who has 13 total armour points.
Raider now has 53 health remaining

Ranged with 29 health has a 18 total attack points, and attacks Archer with 66 health who has 10 total armour points.
Archer now has 58 health remaining

Footman with 29 health has a 17 total attack points, and attacks Spearman with 24 health who has 10 total armour points.
Spearman now has 17 health remaining

Grunt with 35 health has a 17 total attack points, and attacks Archer with 38 health who has 10 total armour points.
Archer now has 31 health remaining

Grunt with 34 health has a 17 total attack points, and attacks Knight with 19 health who has 13 total armour points.
Knight now has 15 health remaining

Archer with 84 health has a 18 total attack points, and attacks Ranged with 43 health who has 10 total armour points.
Ranged now has 35 health remaining

Archer with 56 health has a 18 total attack points, and attacks Grunt with 40 health who has 11 total armour points.
Grunt now has 33 health remaining

Footman with 32 health has a 17 total attack points, and attacks Raider with 41 health who has 13 total armour points.
Raider now has 37 health remaining

Archer with 43 health has a 18 total attack points, and attacks Grunt with 44 health who has 11 total armour points.
Grunt now has 37 health remaining

Knight with 46 health has a 22 total attack points, and attacks Raider with 60 health who has 13 total armour points.
Raider now has 51 health remaining

Archer with 34 health has a 18 total attack points, and attacks Spearman with 63 health who has 10 total armour points.
Spearman now has 55 health remaining

Knight with 58 health has a 22 total attack points, and attacks Spearman with 22 health who has 10 total armour points.
Spearman now has 10 health remaining

Grunt with 16 health has a 17 total attack points, and attacks Archer with 17 health who has 10 total armour points.
Archer now has 10 health remaining

Archer with 39 health has a 18 total attack points, and attacks Ranged with 70 health who has 10 total armour points.
Ranged now has 62 health remaining

Ranged with 60 health has a 18 total attack points, and attacks Archer with 12 health who has 10 total armour points.
Archer now has 4 health remaining

Grunt with 8 health has a 17 total attack points, and attacks Archer with 5 health who has 10 total armour points.
Archer has died in combat.

Ranged with 7 health has a 18 total attack points, and attacks Archer with 6 health who has 10 total armour points.
Archer has died in combat.

Footman with 53 health has a 17 total attack points, and attacks Raider with 63 health who has 13 total armour points.
Raider now has 59 health remaining

Archer with 31 health has a 18 total attack points, and attacks Spearman with 11 health who has 10 total armour points.
Spearman now has 3 health remaining

Archer with 48 health has a 18 total attack points, and attacks Ranged with 47 health who has 10 total armour points.
Ranged now has 39 health remaining

Grunt with 52 health has a 17 total attack points, and attacks Archer with 21 health who has 10 total armour points.
Archer now has 14 health remaining

Archer with 31 health has a 18 total attack points, and attacks Raider with 60 health who has 13 total armour points.
Raider now has 55 health remaining

Raider with 22 health has a 22 total attack points, and attacks Footman with 8 health who has 11 total armour points.
Footman has died in combat.

Knight with 49 health has a 22 total attack points, and attacks Grunt with 8 health who has 11 total armour points.
Grunt has died in combat.

Grunt with 8 health has a 17 total attack points, and attacks Knight with 22 health who has 13 total armour points.
Knight now has 18 health remaining

Raider with 44 health has a 22 total attack points, and attacks Archer with 8 health who has 10 total armour points.
Archer has died in combat.

Archer with 24 health has a 18 total attack points, and attacks Raider with 22 health who has 13 total armour points.
Raider now has 17 health remaining

Footman with 20 health has a 17 total attack points, and attacks Ranged with 23 health who has 10 total armour points.
Ranged now has 16 health remaining

Archer with 6 health has a 18 total attack points, and attacks Spearman with 28 health who has 10 total armour points.
Spearman now has 20 health remaining

Knight with 39 health has a 22 total attack points, and attacks Spearman with 71 health who has 10 total armour points.
Spearman now has 59 health remaining

Footman with 31 health has a 17 total attack points, and attacks Raider with 44 health who has 13 total armour points.
Raider now has 40 health remaining

Archer with 15 health has a 18 total attack points, and attacks Ranged with 41 health who has 10 total armour points.
Ranged now has 33 health remaining

Grunt with 32 health has a 17 total attack points, and attacks Knight with 32 health who has 13 total armour points.
Knight now has 28 health remaining

Archer with 56 health has a 18 total attack points, and attacks Grunt with 22 health who has 11 total armour points.
Grunt now has 15 health remaining

Archer with 31 health has a 18 total attack points, and attacks Spearman with 34 health who has 10 total armour points.
Spearman now has 26 health remaining

Knight with 86 health has a 22 total attack points, and attacks Ranged with 14 health who has 10 total armour points.
Ranged now has 2 health remaining

Footman with 25 health has a 17 total attack points, and attacks Raider with 43 health who has 13 total armour points.
Raider now has 39 health remaining

Archer with 59 health has a 18 total attack points, and attacks Raider with 59 health who has 13 total armour points.
Raider now has 54 health remaining

Grunt with 21 health has a 17 total attack points, and attacks Archer with 44 health who has 10 total armour points.
Archer now has 37 health remaining

Archer with 5 health has a 18 total attack points, and attacks Ranged with 5 health who has 10 total armour points.
Ranged has died in combat.

Raider with 34 health has a 22 total attack points, and attacks Footman with 23 health who has 11 total armour points.
Footman now has 12 health remaining

Ranged with 52 health has a 18 total attack points, and attacks Archer with 2 health who has 10 total armour points.
Archer has died in combat.

Spearman with 16 health has a 18 total attack points, and attacks Archer with 35 health who has 10 total armour points.
Archer now has 27 health remaining

Archer with 36 health has a 18 total attack points, and attacks Spearman with 5 health who has 10 total armour points.
Spearman has died in combat.

Archer with 78 health has a 18 total attack points, and attacks Spearman with 33 health who has 10 total armour points.
Spearman now has 25 health remaining

Grunt with 20 health has a 17 total attack points, and attacks Archer with 40 health who has 10 total armour points.
Archer now has 33 health remaining

Raider with 32 health has a 22 total attack points, and attacks Knight with 43 health who has 13 total armour points.
Knight now has 34 health remaining

Knight with 62 health has a 22 total attack points, and attacks Spearman with 39 health who has 10 total armour points.
Spearman now has 27 health remaining

Ranged with 16 health has a 18 total attack points, and attacks Archer with 27 health who has 10 total armour points.
Archer now has 19 health remaining

Archer with 14 health has a 18 total attack points, and attacks Spearman with 72 health who has 10 total armour points.
Spearman now has 64 health remaining

Knight with 49 health has a 22 total attack points, and attacks Spearman with 40 health who has 10 total armour points.
Spearman now has 28 health remaining

Knight with 48 health has a 22 total attack points, and attacks Grunt with 12 health who has 11 total armour points.
Grunt now has 1 health remaining

Spearman with 35 health has a 18 total attack points, and attacks Archer with 74 health who has 10 total armour points.
Archer now has 66 health remaining

Ranged with 36 health has a 18 total attack points, and attacks Knight with 53 health who has 13 total armour points.
Knight now has 48 health remaining

Archer with 18 health has a 18 total attack points, and attacks Ranged with 34 health who has 10 total armour points.
Ranged now has 26 health remaining

Spearman with 59 health has a 18 total attack points, and attacks Footman with 27 health who has 11 total armour points.
Footman now has 20 health remaining

Archer with 48 health has a 18 total attack points, and attacks Spearman with 24 health who has 10 total armour points.
Spearman now has 16 health remaining

Knight with 45 health has a 22 total attack points, and attacks Grunt with 30 health who has 11 total armour points.
Grunt now has 19 health remaining

Knight with 36 health has a 22 total attack points, and attacks Ranged with 49 health who has 10 total armour points.
Ranged now has 37 health remaining

Ranged with 34 health has a 18 total attack points, and attacks Knight with 14 health who has 13 total armour points.
Knight now has 9 health remaining

Archer with 40 health has a 18 total attack points, and attacks Raider with 57 health who has 13 total armour points.
Raider now has 52 health remaining

Grunt with 5 health has a 17 total attack points, and attacks Footman with 35 health who has 11 total armour points.
Footman now has 29 health remaining

Archer with 26 health has a 18 total attack points, and attacks Grunt with 13 health who has 11 total armour points.
Grunt now has 6 health remaining

Knight with 50 health has a 22 total attack points, and attacks Ranged with 35 health who has 10 total armour points.
Ranged now has 23 health remaining

Footman with 29 health has a 17 total attack points, and attacks Raider with 16 health who has 13 total armour points.
Raider now has 12 health remaining

Raider with 17 health has a 22 total attack points, and attacks Archer with 14 health who has 10 total armour points.
Archer now has 2 health remaining

Ranged with 25 health has a 18 total attack points, and attacks Archer with 32 health who has 10 total armour points.
Archer now has 24 health remaining

Knight with 55 health has a 22 total attack points, and attacks Raider with 12 health who has 13 total armour points.
Raider now has 3 health remaining

Knight with 22 health has a 22 total attack points, and attacks Raider with 40 health who has 13 total armour points.
Raider now has 31 health remaining

Archer with 41 health has a 18 total attack points, and attacks Raider with 68 health who has 13 total armour points.
Raider now has 63 health remaining

Knight with 66 health has a 22 total attack points, and attacks Grunt with 33 health who has 11 total armour points.
Grunt now has 22 health remaining

Archer with 56 health has a 18 total attack points, and attacks Spearman with 41 health who has 10 total armour points.
Spearman now has 33 health remaining

Archer with 12 health has a 18 total attack points, and attacks Raider with 53 health who has 13 total armour points.
Raider now has 48 health remaining

Grunt with 49 health has a 17 total attack points, and attacks Archer with 24 health who has 10 total armour points.
Archer now has 17 health remaining

Footman with 51 health has a 17 total attack points, and attacks Grunt with 3 health who has 11 total armour points.
Grunt has died in combat.

Ranged with 24 health has a 18 total attack points, and attacks Archer with 39 health who has 10 total armour points.
Archer now has 31 health remaining

Raider with 53 health has a 22 total attack points, and attacks Archer with 58 health who has 10 total armour points.
Archer now has 46 health remaining

Spearman with 3 health has a 18 total attack points, and attacks Archer with 61 health who has 10 total armour points.
Archer now has 53 health remaining

Archer with 11 health has a 18 total attack points, and attacks Raider with 37 health who has 13 total armour points.
Raider now has 32 health remaining

Grunt with 8 health has a 17 total attack points, and attacks Footman with 44 health who has 11 total armour points.
Footman now has 38 health remaining

Raider with 73 health has a 22 total attack points, and attacks Archer with 8 health who has 10 total armour points.
Archer has died in combat.

Grunt with 18 health has a 17 total attack points, and attacks Archer with 35 health who has 10 total armour points.
Archer now has 28 health remaining

Grunt with 13 health has a 17 total attack points, and attacks Knight with 49 health who has 13 total armour points.
Knight now has 45 health remaining

Grunt with 12 health has a 17 total attack points, and attacks Archer with 31 health who has 10 total armour points.
Archer now has 24 health remaining

Footman with 20 health has a 17 total attack points, and attacks Spearman with 17 health who has 10 total armour points.
Spearman now has 10 health remaining

Archer with 13 health has a 18 total attack points, and attacks Raider with 48 health who has 13 total armour points.
Raider now has 43 health remaining

Archer with 28 health has a 18 total attack points, and attacks Grunt with 16 health who has 11 total armour points.
Grunt now has 9 health remaining

Spearman with 8 health has a 18 total attack points, and attacks Archer with 39 health who has 10 total armour points.
Archer now has 31 health remaining

Raider with 44 health has a 22 total attack points, and attacks Archer with 50 health who has 10 total armour points.
Archer now has 38 health remaining

Raider with 35 health has a 22 total attack points, and attacks Knight with 25 health who has 13 total armour points.
Knight now has 16 health remaining

Knight with 45 health has a 22 total attack points, and attacks Spearman with 34 health who has 10 total armour points.
Spearman now has 22 health remaining

Footman with 38 health has a 17 total attack points, and attacks Raider with 39 health who has 13 total armour points.
Raider now has 35 health remaining

Archer with 21 health has a 18 total attack points, and attacks Spearman with 23 health who has 10 total armour points.
Spearman now has 15 health remaining

Knight with 72 health has a 22 total attack points, and attacks Spearman with 33 health who has 10 total armour points.
Spearman now has 21 health remaining

Spearman with 19 health has a 18 total attack points, and attacks Knight with 50 health who has 13 total armour points.
Knight now has 45 health remaining

Footman with 11 health has a 17 total attack points, and attacks Grunt with 40 health who has 11 total armour points.
Grunt now has 34 health remaining

Footman with 51 health has a 17 total attack points, and attacks Spearman with 3 health who has 10 total armour points.
Spearman has died in combat.

Archer with 56 health has a 18 total attack points, and attacks Spearman with 42 health who has 10 total armour points.
Spearman now has 34 health remaining

Footman with 45 health has a 17 total attack points, and attacks Spearman with 17 health who has 10 total armour points.
Spearman now has 10 health remaining

Footman with 64 health has a 17 total attack points, and attacks Raider with 37 health who has 13 total armour points.
Raider now has 33 health remaining

Knight with 53 health has a 22 total attack points, and attacks Grunt with 7 health who has 11 total armour points.
Grunt has died in combat.

Archer with 11 health has a 18 total attack points, and attacks Ranged with 24 health who has 10 total armour points.
Ranged now has 16 health remaining

Footman with 28 health has a 17 total attack points, and attacks Raider with 3 health who has 13 total armour points.
Raider has died in combat.

Raider with 25 health has a 22 total attack points, and attacks Mountain King with 145 health who has 16 total armour points.
Mountain King now has 139 health remaining

Knight with 18 health has a 22 total attack points, and attacks Raider with 18 health who has 13 total armour points.
Raider now has 9 health remaining

Knight with 65 health has a 22 total attack points, and attacks Raider with 15 health who has 13 total armour points.
Raider now has 6 health remaining

Grunt with 41 health has a 17 total attack points, and attacks Knight with 72 health who has 13 total armour points.
Knight now has 68 health remaining

Archer with 14 health has a 18 total attack points, and attacks Grunt with 1 health who has 11 total armour points.
Grunt has died in combat.

Footman with 12 health has a 17 total attack points, and attacks Spearman with 34 health who has 10 total armour points.
Spearman now has 27 health remaining

Knight with 22 health has a 22 total attack points, and attacks Raider with 87 health who has 13 total armour points.
Raider now has 78 health remaining

Archer with 43 health has a 18 total attack points, and attacks Spearman with 18 health who has 10 total armour points.
Spearman now has 10 health remaining

Archer with 9 health has a 18 total attack points, and attacks Spearman with 75 health who has 10 total armour points.
Spearman now has 67 health remaining

Spearman with 35 health has a 18 total attack points, and attacks Footman with 65 health who has 11 total armour points.
Footman now has 58 health remaining

Archer with 49 health has a 18 total attack points, and attacks Ranged with 1 health who has 10 total armour points.
Ranged has died in combat.

Grunt with 57 health has a 17 total attack points, and attacks Footman with 27 health who has 11 total armour points.
Footman now has 21 health remaining

Knight with 16 health has a 22 total attack points, and attacks Grunt with 14 health who has 11 total armour points.
Grunt now has 3 health remaining

Raider with 27 health has a 22 total attack points, and attacks Knight with 27 health who has 13 total armour points.
Knight now has 18 health remaining

Archer with 24 health has a 18 total attack points, and attacks Ranged with 28 health who has 10 total armour points.
Ranged now has 20 health remaining

Raider with 9 health has a 22 total attack points, and attacks Archer with 9 health who has 10 total armour points.
Archer has died in combat.

Archer with 21 health has a 18 total attack points, and attacks Grunt with 3 health who has 11 total armour points.
Grunt has died in combat.

Archer with 17 health has a 18 total attack points, and attacks Grunt with 19 health who has 11 total armour points.
Grunt now has 12 health remaining

Footman with 3 health has a 17 total attack points, and attacks Grunt with 33 health who has 11 total armour points.
Grunt now has 27 health remaining

Grunt with 15 health has a 17 total attack points, and attacks Archer with 7 health who has 10 total armour points.
Archer has died in combat.

Footman with 19 health has a 17 total attack points, and attacks Grunt with 26 health who has 11 total armour points.
Grunt now has 20 health remaining

Ranged with 15 health has a 18 total attack points, and attacks Knight with 32 health who has 13 total armour points.
Knight now has 27 health remaining

Archer with 6 health has a 18 total attack points, and attacks Grunt with 27 health who has 11 total armour points.
Grunt now has 20 health remaining

Ranged with 34 health has a 18 total attack points, and attacks Knight with 45 health who has 13 total armour points.
Knight now has 40 health remaining

Knight with 69 health has a 22 total attack points, and attacks Spearman with 19 health who has 10 total armour points.
Spearman now has 7 health remaining

Raider with 18 health has a 22 total attack points, and attacks Archer with 66 health who has 10 total armour points.
Archer now has 54 health remaining

Raider with 45 health has a 22 total attack points, and attacks Archer with 48 health who has 10 total armour points.
Archer now has 36 health remaining

Ranged with 20 health has a 18 total attack points, and attacks Archer with 4 health who has 10 total armour points.
Archer has died in combat.

Raider with 31 health has a 22 total attack points, and attacks Footman with 35 health who has 11 total armour points.
Footman now has 24 health remaining

Grunt with 34 health has a 17 total attack points, and attacks Archer with 17 health who has 10 total armour points.
Archer now has 10 health remaining

Grunt with 42 health has a 17 total attack points, and attacks Archer with 39 health who has 10 total armour points.
Archer now has 32 health remaining

Archer with 63 health has a 18 total attack points, and attacks Ranged with 58 health who has 10 total armour points.
Ranged now has 50 health remaining

Spearman with 8 health has a 18 total attack points, and attacks Archer with 36 health who has 10 total armour points.
Archer now has 28 health remaining

Archer with 24 health has a 18 total attack points, and attacks Raider with 58 health who has 13 total armour points.
Raider now has 53 health remaining

Archer with 48 health has a 18 total attack points, and attacks Grunt with 40 health who has 11 total armour points.
Grunt now has 33 health remaining

Knight with 38 health has a 22 total attack points, and attacks Raider with 32 health who has 13 total armour points.
Raider now has 23 health remaining

Footman with 3 health has a 17 total attack points, and attacks Spearman with 35 health who has 10 total armour points.
Spearman now has 28 health remaining

Spearman with 10 health has a 18 total attack points, and attacks Archer with 21 health who has 10 total armour points.
Archer now has 13 health remaining

Footman with 22 health has a 17 total attack points, and attacks Spearman with 19 health who has 10 total armour points.
Spearman now has 12 health remaining

Knight with 68 health has a 22 total attack points, and attacks Raider with 39 health who has 13 total armour points.
Raider now has 30 health remaining

Ranged with 62 health has a 18 total attack points, and attacks Knight with 14 health who has 13 total armour points.
Knight now has 9 health remaining

Archer with 2 health has a 18 total attack points, and attacks Ranged with 52 health who has 10 total armour points.
Ranged now has 44 health remaining

Ranged with 2 health has a 18 total attack points, and attacks Footman with 25 health who has 11 total armour points.
Footman now has 18 health remaining

Raider with 35 health has a 22 total attack points, and attacks Archer with 12 health who has 10 total armour points.
Archer has died in combat.

Footman with 45 health has a 17 total attack points, and attacks Grunt with 21 health who has 11 total armour points.
Grunt now has 15 health remaining

Ranged with 36 health has a 18 total attack points, and attacks Archer with 22 health who has 10 total armour points.
Archer now has 14 health remaining

Archer with 66 health has a 18 total attack points, and attacks Spearman with 58 health who has 10 total armour points.
Spearman now has 50 health remaining

Knight with 58 health has a 22 total attack points, and attacks Ranged with 10 health who has 10 total armour points.
Ranged has died in combat.

Spearman with 16 health has a 18 total attack points, and attacks Archer with 11 health who has 10 total armour points.
Archer now has 3 health remaining

Knight with 15 health has a 22 total attack points, and attacks Raider with 40 health who has 13 total armour points.
Raider now has 31 health remaining

Footman with 21 health has a 17 total attack points, and attacks Spearman with 43 health who has 10 total armour points.
Spearman now has 36 health remaining

Raider with 44 health has a 22 total attack points, and attacks Knight with 22 health who has 13 total armour points.
Knight now has 13 health remaining

Spearman with 66 health has a 18 total attack points, and attacks Archer with 33 health who has 10 total armour points.
Archer now has 25 health remaining

Archer with 3 health has a 18 total attack points, and attacks Raider with 69 health who has 13 total armour points.
Raider now has 64 health remaining

Raider with 38 health has a 22 total attack points, and attacks Archer with 26 health who has 10 total armour points.
Archer now has 14 health remaining

Archer with 18 health has a 18 total attack points, and attacks Ranged with 34 health who has 10 total armour points.
Ranged now has 26 health remaining

Grunt with 20 health has a 17 total attack points, and attacks Archer with 2 health who has 10 total armour points.
Archer has died in combat.

Raider with 67 health has a 22 total attack points, and attacks Footman with 28 health who has 11 total armour points.
Footman now has 17 health remaining

Raider with 33 health has a 22 total attack points, and attacks Knight with 34 health who has 13 total armour points.
Knight now has 25 health remaining

Knight with 7 health has a 22 total attack points, and attacks Raider with 18 health who has 13 total armour points.
Raider now has 9 health remaining

Archer with 48 health has a 18 total attack points, and attacks Raider with 46 health who has 13 total armour points.
Raider now has 41 health remaining

Archer with 54 health has a 18 total attack points, and attacks Grunt with 45 health who has 11 total armour points.
Grunt now has 38 health remaining

Spearman with 44 health has a 18 total attack points, and attacks Archer with 30 health who has 10 total armour points.
Archer now has 22 health remaining

Footman with 37 health has a 17 total attack points, and attacks Spearman with 19 health who has 10 total armour points.
Spearman now has 12 health remaining

Knight with 35 health has a 22 total attack points, and attacks Ranged with 41 health who has 10 total armour points.
Ranged now has 29 health remaining

Archer with 63 health has a 18 total attack points, and attacks Grunt with 35 health who has 11 total armour points.
Grunt now has 28 health remaining

Ranged with 7 health has a 18 total attack points, and attacks Archer with 96 health who has 12 total armour points.
Archer now has 90 health remaining

Knight with 9 health has a 22 total attack points, and attacks Raider with 78 health who has 13 total armour points.
Raider now has 69 health remaining

Spearman with 42 health has a 18 total attack points, and attacks Archer with 32 health who has 10 total armour points.
Archer now has 24 health remaining

Ranged with 60 health has a 18 total attack points, and attacks Knight with 25 health who has 13 total armour points.
Knight now has 20 health remaining

Ranged with 29 health has a 18 total attack points, and attacks Knight with 18 health who has 13 total armour points.
Knight now has 13 health remaining

Archer with 48 health has a 18 total attack points, and attacks Spearman with 64 health who has 10 total armour points.
Spearman now has 56 health remaining

Grunt with 43 health has a 17 total attack points, and attacks Archer with 13 health who has 10 total armour points.
Archer now has 6 health remaining

Raider with 35 health has a 22 total attack points, and attacks Knight with 53 health who has 13 total armour points.
Knight now has 44 health remaining

Spearman with 20 health has a 18 total attack points, and attacks Archer with 32 health who has 10 total armour points.
Archer now has 24 health remaining

Raider with 37 health has a 22 total attack points, and attacks Archer with 36 health who has 10 total armour points.
Archer now has 24 health remaining

Ranged with 26 health has a 18 total attack points, and attacks Footman with 12 health who has 11 total armour points.
Footman now has 5 health remaining

Ranged with 51 health has a 18 total attack points, and attacks Knight with 16 health who has 13 total armour points.
Knight now has 11 health remaining

Archer with 22 health has a 18 total attack points, and attacks Raider with 54 health who has 13 total armour points.
Raider now has 49 health remaining

Footman with 3 health has a 17 total attack points, and attacks Ranged with 11 health who has 10 total armour points.
Ranged now has 4 health remaining

Archer with 55 health has a 18 total attack points, and attacks Grunt with 8 health who has 11 total armour points.
Grunt now has 1 health remaining

Archer with 6 health has a 18 total attack points, and attacks Raider with 12 health who has 13 total armour points.
Raider now has 7 health remaining

Archer with 39 health has a 18 total attack points, and attacks Raider with 7 health who has 13 total armour points.
Raider now has 2 health remaining

Footman with 26 health has a 17 total attack points, and attacks Ranged with 20 health who has 10 total armour points.
Ranged now has 13 health remaining

Spearman with 74 health has a 18 total attack points, and attacks Archer with 24 health who has 10 total armour points.
Archer now has 16 health remaining

Ranged with 16 health has a 18 total attack points, and attacks Knight with 46 health who has 13 total armour points.
Knight now has 41 health remaining

Knight with 56 health has a 22 total attack points, and attacks Spearman with 20 health who has 10 total armour points.
Spearman now has 8 health remaining

Spearman with 22 health has a 18 total attack points, and attacks Knight with 59 health who has 13 total armour points.
Knight now has 54 health remaining

Raider with 33 health has a 22 total attack points, and attacks Footman with 32 health who has 11 total armour points.
Footman now has 21 health remaining

Spearman with 24 health has a 18 total attack points, and attacks Footman with 53 health who has 11 total armour points.
Footman now has 46 health remaining

Footman with 19 health has a 17 total attack points, and attacks Grunt with 15 health who has 11 total armour points.
Grunt now has 9 health remaining

Grunt with 9 health has a 17 total attack points, and attacks Archer with 2 health who has 10 total armour points.
Archer has died in combat.

Footman with 14 health has a 17 total attack points, and attacks Raider with 54 health who has 13 total armour points.
Raider now has 50 health remaining

Spearman with 6 health has a 18 total attack points, and attacks Archer with 3 health who has 10 total armour points.
Archer has died in combat.

Knight with 45 health has a 22 total attack points, and attacks Raider with 58 health who has 13 total armour points.
Raider now has 49 health remaining

Knight with 48 health has a 22 total attack points, and attacks Spearman with 67 health who has 10 total armour points.
Spearman now has 55 health remaining

Knight with 29 health has a 22 total attack points, and attacks Grunt with 5 health who has 11 total armour points.
Grunt has died in combat.

Archer with 27 health has a 18 total attack points, and attacks Spearman with 42 health who has 10 total armour points.
Spearman now has 34 health remaining

Footman with 46 health has a 17 total attack points, and attacks Spearman with 28 health who has 10 total armour points.
Spearman now has 21 health remaining

Footman with 10 health has a 17 total attack points, and attacks Grunt with 9 health who has 11 total armour points.
Grunt now has 3 health remaining

Archer with 5 health has a 18 total attack points, and attacks Spearman with 9 health who has 10 total armour points.
Spearman now has 1 health remaining

Spearman with 71 health has a 18 total attack points, and attacks Archer with 31 health who has 10 total armour points.
Archer now has 23 health remaining

Archer with 21 health has a 18 total attack points, and attacks Raider with 35 health who has 13 total armour points.
Raider now has 30 health remaining

Archer with 14 health has a 18 total attack points, and attacks Ranged with 9 health who has 10 total armour points.
Ranged now has 1 health remaining

Spearman with 27 health has a 18 total attack points, and attacks Footman with 15 health who has 11 total armour points.
Footman now has 8 health remaining

Spearman with 10 health has a 18 total attack points, and attacks Archer with 54 health who has 10 total armour points.
Archer now has 46 health remaining

Footman with 31 health has a 17 total attack points, and attacks Raider with 49 health who has 13 total armour points.
Raider now has 45 health remaining

Ranged with 41 health has a 18 total attack points, and attacks Knight with 49 health who has 13 total armour points.
Knight now has 44 health remaining

Ranged with 10 health has a 18 total attack points, and attacks Archer with 5 health who has 10 total armour points.
Archer has died in combat.

Spearman with 71 health has a 18 total attack points, and attacks Archer with 91 health who has 10 total armour points.
Archer now has 83 health remaining

Archer with 5 health has a 18 total attack points, and attacks Ranged with 56 health who has 10 total armour points.
Ranged now has 48 health remaining

Archer with 18 health has a 18 total attack points, and attacks Ranged with 20 health who has 10 total armour points.
Ranged now has 12 health remaining

Knight with 68 health has a 22 total attack points, and attacks Ranged with 27 health who has 10 total armour points.
Ranged now has 15 health remaining

Knight with 34 health has a 22 total attack points, and attacks Raider with 67 health who has 13 total armour points.
Raider now has 58 health remaining

Raider with 72 health has a 22 total attack points, and attacks Knight with 46 health who has 13 total armour points.
Knight now has 37 health remaining

Archer with 56 health has a 18 total attack points, and attacks Spearman with 12 health who has 10 total armour points.
Spearman now has 4 health remaining

Footman with 8 health has a 17 total attack points, and attacks Spearman with 59 health who has 10 total armour points.
Spearman now has 52 health remaining

Grunt with 49 health has a 17 total attack points, and attacks Archer with 24 health who has 10 total armour points.
Archer now has 17 health remaining

Raider with 64 health has a 22 total attack points, and attacks Footman with 24 health who has 11 total armour points.
Footman now has 13 health remaining

Footman with 23 health has a 17 total attack points, and attacks Spearman with 18 health who has 10 total armour points.
Spearman now has 11 health remaining

Spearman with 28 health has a 18 total attack points, and attacks Archer with 3 health who has 10 total armour points.
Archer has died in combat.

Spearman with 71 health has a 18 total attack points, and attacks Archer with 13 health who has 10 total armour points.
Archer now has 5 health remaining

Archer with 71 health has a 18 total attack points, and attacks Raider with 35 health who has 13 total armour points.
Raider now has 30 health remaining

Archer with 84 health has a 18 total attack points, and attacks Ranged with 55 health who has 10 total armour points.
Ranged now has 47 health remaining

Spearman with 4 health has a 18 total attack points, and attacks Knight with 34 health who has 13 total armour points.
Knight now has 29 health remaining

Archer with 54 health has a 18 total attack points, and attacks Raider with 63 health who has 13 total armour points.
Raider now has 58 health remaining

Raider with 19 health has a 22 total attack points, and attacks Archer with 6 health who has 10 total armour points.
Archer has died in combat.

Footman with 28 health has a 17 total attack points, and attacks Raider with 47 health who has 13 total armour points.
Raider now has 43 health remaining

Knight with 32 health has a 22 total attack points, and attacks Grunt with 13 health who has 11 total armour points.
Grunt now has 2 health remaining

Raider with 51 health has a 22 total attack points, and attacks Footman with 20 health who has 11 total armour points.
Footman now has 9 health remaining

Raider with 28 health has a 22 total attack points, and attacks Archer with 23 health who has 10 total armour points.
Archer now has 11 health remaining

Spearman with 5 health has a 18 total attack points, and attacks Knight with 41 health who has 13 total armour points.
Knight now has 36 health remaining

Archer with 43 health has a 18 total attack points, and attacks Raider with 51 health who has 13 total armour points.
Raider now has 46 health remaining

Ranged with 35 health has a 18 total attack points, and attacks Archer with 31 health who has 10 total armour points.
Archer now has 23 health remaining

Spearman with 19 health has a 18 total attack points, and attacks Knight with 45 health who has 13 total armour points.
Knight now has 40 health remaining

Archer with 24 health has a 18 total attack points, and attacks Spearman with 45 health who has 10 total armour points.
Spearman now has 37 health remaining

Grunt with 42 health has a 17 total attack points, and attacks Archer with 57 health who has 10 total armour points.
Archer now has 50 health remaining

Archer with 35 health has a 18 total attack points, and attacks Raider with 17 health who has 13 total armour points.
Raider now has 12 health remaining

Knight with 40 health has a 22 total attack points, and attacks Ranged with 16 health who has 10 total armour points.
Ranged now has 4 health remaining

Knight with 29 health has a 22 total attack points, and attacks Grunt with 36 health who has 11 total armour points.
Grunt now has 25 health remaining

Archer with 16 health has a 18 total attack points, and attacks Grunt with 20 health who has 11 total armour points.
Grunt now has 13 health remaining

Raider with 54 health has a 22 total attack points, and attacks Knight with 13 health who has 13 total armour points.
Knight now has 4 health remaining

Grunt with 37 health has a 17 total attack points, and attacks Archer with 52 health who has 10 total armour points.
Archer now has 45 health remaining

Ranged with 50 health has a 18 total attack points, and attacks Archer with 26 health who has 10 total armour points.
Archer now has 18 health remaining

Footman with 29 health has a 17 total attack points, and attacks Raider with 68 health who has 13 total armour points.
Raider now has 64 health remaining

Footman with 10 health has a 17 total attack points, and attacks Raider with 6 health who has 13 total armour points.
Raider now has 2 health remaining

Spearman with 31 health has a 18 total attack points, and attacks Footman with 45 health who has 11 total armour points.
Footman now has 38 health remaining

Archer with 24 health has a 18 total attack points, and attacks Grunt with 22 health who has 11 total armour points.
Grunt now has 15 health remaining

Footman with 63 health has a 17 total attack points, and attacks Raider with 58 health who has 13 total armour points.
Raider now has 54 health remaining

Raider with 43 health has a 22 total attack points, and attacks Footman with 24 health who has 11 total armour points.
Footman now has 13 health remaining

Raider with 31 health has a 22 total attack points, and attacks Footman with 63 health who has 11 total armour points.
Footman now has 52 health remaining

Raider with 43 health has a 22 total attack points, and attacks Archer with 48 health who has 10 total armour points.
Archer now has 36 health remaining

Grunt with 57 health has a 17 total attack points, and attacks Knight with 62 health who has 13 total armour points.
Knight now has 58 health remaining

Raider with 57 health has a 22 total attack points, and attacks Knight with 48 health who has 13 total armour points.
Knight now has 39 health remaining

Knight with 58 health has a 22 total attack points, and attacks Raider with 43 health who has 13 total armour points.
Raider now has 34 health remaining

Raider with 31 health has a 22 total attack points, and attacks Footman with 23 health who has 11 total armour points.
Footman now has 12 health remaining

Archer with 2 health has a 18 total attack points, and attacks Ranged with 18 health who has 10 total armour points.
Ranged now has 10 health remaining

Archer with 44 health has a 18 total attack points, and attacks Spearman with 1 health who has 10 total armour points.
Spearman has died in combat.

Grunt with 53 health has a 17 total attack points, and attacks Footman with 13 health who has 11 total armour points.
Footman now has 7 health remaining

Grunt with 55 health has a 17 total attack points, and attacks Knight with 21 health who has 13 total armour points.
Knight now has 17 health remaining

Archer with 44 health has a 18 total attack points, and attacks Raider with 25 health who has 13 total armour points.
Raider now has 20 health remaining

Raider with 31 health has a 22 total attack points, and attacks Knight with 69 health who has 13 total armour points.
Knight now has 60 health remaining

Knight with 55 health has a 22 total attack points, and attacks Spearman with 54 health who has 10 total armour points.
Spearman now has 42 health remaining

Knight with 40 health has a 22 total attack points, and attacks Spearman with 2 health who has 10 total armour points.
Spearman has died in combat.

Archer with 24 health has a 18 total attack points, and attacks Raider with 46 health who has 13 total armour points.
Raider now has 41 health remaining

Raider with 38 health has a 22 total attack points, and attacks Knight with 27 health who has 13 total armour points.
Knight now has 18 health remaining

Raider with 12 health has a 22 total attack points, and attacks Archer with 30 health who has 10 total armour points.
Archer now has 18 health remaining

Archer with 44 health has a 18 total attack points, and attacks Raider with 53 health who has 13 total armour points.
Raider now has 48 health remaining

Archer with 48 health has a 18 total attack points, and attacks Raider with 41 health who has 13 total armour points.
Raider now has 36 health remaining

Spearman with 7 health has a 18 total attack points, and attacks Knight with 20 health who has 13 total armour points.
Knight now has 15 health remaining

Knight with 40 health has a 22 total attack points, and attacks Ranged with 7 health who has 10 total armour points.
Ranged has died in combat.

Knight with 15 health has a 22 total attack points, and attacks Raider with 31 health who has 13 total armour points.
Raider now has 22 health remaining

Spearman with 10 health has a 18 total attack points, and attacks Archer with 37 health who has 10 total armour points.
Archer now has 29 health remaining

Archer with 46 health has a 18 total attack points, and attacks Grunt with 54 health who has 11 total armour points.
Grunt now has 47 health remaining

Archer with 33 health has a 18 total attack points, and attacks Spearman with 15 health who has 10 total armour points.
Spearman now has 7 health remaining

Knight with 76 health has a 22 total attack points, and attacks Spearman with 31 health who has 10 total armour points.
Spearman now has 19 health remaining

Raider with 27 health has a 22 total attack points, and attacks Knight with 38 health who has 13 total armour points.
Knight now has 29 health remaining

Spearman with 43 health has a 18 total attack points, and attacks Knight with 46 health who has 13 total armour points.
Knight now has 41 health remaining

Grunt with 56 health has a 17 total attack points, and attacks Archer with 44 health who has 10 total armour points.
Archer now has 37 health remaining

Archer with 21 health has a 18 total attack points, and attacks Raider with 44 health who has 13 total armour points.
Raider now has 39 health remaining

Spearman with 54 health has a 18 total attack points, and attacks Footman with 64 health who has 11 total armour points.
Footman now has 57 health remaining

Grunt with 44 health has a 17 total attack points, and attacks Knight with 48 health who has 13 total armour points.
Knight now has 44 health remaining

Knight with 23 health has a 22 total attack points, and attacks Spearman with 11 health who has 10 total armour points.
Spearman has died in combat.

Knight with 15 health has a 22 total attack points, and attacks Raider with 45 health who has 13 total armour points.
Raider now has 36 health remaining

Archer with 1 health has a 18 total attack points, and attacks Raider with 60 health who has 13 total armour points.
Raider now has 55 health remaining

Ranged with 48 health has a 18 total attack points, and attacks Knight with 38 health who has 13 total armour points.
Knight now has 33 health remaining

Knight with 12 health has a 22 total attack points, and attacks Ranged with 40 health who has 10 total armour points.
Ranged now has 28 health remaining

Knight with 41 health has a 22 total attack points, and attacks Raider with 30 health who has 13 total armour points.
Raider now has 21 health remaining

Ranged with 53 health has a 18 total attack points, and attacks Archer with 5 health who has 10 total armour points.
Archer has died in combat.

Knight with 53 health has a 22 total attack points, and attacks Ranged with 23 health who has 10 total armour points.
Ranged now has 11 health remaining

Raider with 2 health has a 22 total attack points, and attacks Archer with 50 health who has 10 total armour points.
Archer now has 38 health remaining

Archer with 41 health has a 18 total attack points, and attacks Ranged with 24 health who has 10 total armour points.
Ranged now has 16 health remaining

Spearman with 57 health has a 18 total attack points, and attacks Archer with 2 health who has 10 total armour points.
Archer has died in combat.

Spearman with 30 health has a 18 total attack points, and attacks Archer with 36 health who has 10 total armour points.
Archer now has 28 health remaining

Ranged with 1 health has a 18 total attack points, and attacks Footman with 17 health who has 11 total armour points.
Footman now has 10 health remaining

Archer with 31 health has a 18 total attack points, and attacks Spearman with 6 health who has 10 total armour points.
Spearman has died in combat.

Ranged with 48 health has a 18 total attack points, and attacks Knight with 32 health who has 13 total armour points.
Knight now has 27 health remaining

Footman with 46 health has a 17 total attack points, and attacks Ranged with 26 health who has 10 total armour points.
Ranged now has 19 health remaining

Footman with 20 health has a 17 total attack points, and attacks Spearman with 5 health who has 10 total armour points.
Spearman has died in combat.

Raider with 51 health has a 22 total attack points, and attacks Archer with 31 health who has 10 total armour points.
Archer now has 19 health remaining

Grunt with 27 health has a 17 total attack points, and attacks Footman with 10 health who has 11 total armour points.
Footman now has 4 health remaining

Archer with 10 health has a 18 total attack points, and attacks Grunt with 32 health who has 11 total armour points.
Grunt now has 25 health remaining

Knight with 29 health has a 22 total attack points, and attacks Raider with 64 health who has 13 total armour points.
Raider now has 55 health remaining

Grunt with 41 health has a 17 total attack points, and attacks Archer with 10 health who has 10 total armour points.
Archer now has 3 health remaining

Ranged with 30 health has a 18 total attack points, and attacks Knight with 22 health who has 13 total armour points.
Knight now has 17 health remaining

Knight with 11 health has a 22 total attack points, and attacks Raider with 62 health who has 13 total armour points.
Raider now has 53 health remaining

Raider with 49 health has a 22 total attack points, and attacks Knight with 44 health who has 13 total armour points.
Knight now has 35 health remaining

Archer with 18 health has a 18 total attack points, and attacks Ranged with 10 health who has 10 total armour points.
Ranged now has 2 health remaining

Ranged with 26 health has a 18 total attack points, and attacks Knight with 40 health who has 13 total armour points.
Knight now has 35 health remaining

Spearman with 8 health has a 18 total attack points, and attacks Footman with 18 health who has 11 total armour points.
Footman now has 11 health remaining

Raider with 12 health has a 22 total attack points, and attacks Footman with 63 health who has 11 total armour points.
Footman now has 52 health remaining

Archer with 59 health has a 18 total attack points, and attacks Raider with 64 health who has 13 total armour points.
Raider now has 59 health remaining

Footman with 20 health has a 17 total attack points, and attacks Ranged with 25 health who has 10 total armour points.
Ranged now has 18 health remaining

Ranged with 7 health has a 18 total attack points, and attacks Archer with 59 health who has 10 total armour points.
Archer now has 51 health remaining

Knight with 66 health has a 22 total attack points, and attacks Grunt with 25 health who has 11 total armour points.
Grunt now has 14 health remaining

Footman with 45 health has a 17 total attack points, and attacks Ranged with 48 health who has 10 total armour points.
Ranged now has 41 health remaining

Spearman with 60 health has a 18 total attack points, and attacks Knight with 45 health who has 13 total armour points.
Knight now has 40 health remaining

Knight with 72 health has a 22 total attack points, and attacks Ranged with 9 health who has 10 total armour points.
Ranged has died in combat.

Knight with 51 health has a 22 total attack points, and attacks Spearman with 10 health who has 10 total armour points.
Spearman has died in combat.

Grunt with 9 health has a 17 total attack points, and attacks Archer with 6 health who has 10 total armour points.
Archer has died in combat.

Ranged with 18 health has a 18 total attack points, and attacks Knight with 35 health who has 13 total armour points.
Knight now has 30 health remaining

Grunt with 12 health has a 17 total attack points, and attacks Archer with 22 health who has 10 total armour points.
Archer now has 15 health remaining

Raider with 78 health has a 22 total attack points, and attacks Footman with 61 health who has 11 total armour points.
Footman now has 50 health remaining

Archer with 17 health has a 18 total attack points, and attacks Ranged with 41 health who has 10 total armour points.
Ranged now has 33 health remaining

Spearman with 7 health has a 18 total attack points, and attacks Archer with 31 health who has 10 total armour points.
Archer now has 23 health remaining

Raider with 33 health has a 22 total attack points, and attacks Knight with 69 health who has 13 total armour points.
Knight now has 60 health remaining

Spearman with 56 health has a 18 total attack points, and attacks Knight with 26 health who has 13 total armour points.
Knight now has 21 health remaining

Archer with 42 health has a 18 total attack points, and attacks Ranged with 41 health who has 10 total armour points.
Ranged now has 33 health remaining

Footman with 29 health has a 17 total attack points, and attacks Ranged with 24 health who has 10 total armour points.
Ranged now has 17 health remaining

Archer with 66 health has a 18 total attack points, and attacks Ranged with 62 health who has 10 total armour points.
Ranged now has 54 health remaining

Archer with 23 health has a 18 total attack points, and attacks Raider with 48 health who has 13 total armour points.
Raider now has 43 health remaining

Ranged with 32 health has a 18 total attack points, and attacks Archer with 74 health who has 10 total armour points.
Archer now has 66 health remaining

Spearman with 67 health has a 18 total attack points, and attacks Footman with 12 health who has 11 total armour points.
Footman now has 5 health remaining

Archer with 18 health has a 18 total attack points, and attacks Ranged with 28 health who has 10 total armour points.
Ranged now has 20 health remaining

Knight with 3 health has a 22 total attack points, and attacks Spearman with 15 health who has 10 total armour points.
Spearman now has 3 health remaining

Knight with 9 health has a 22 total attack points, and attacks Ranged with 48 health who has 10 total armour points.
Ranged now has 36 health remaining

Archer with 28 health has a 18 total attack points, and attacks Grunt with 10 health who has 11 total armour points.
Grunt now has 3 health remaining

Archer with 34 health has a 18 total attack points, and attacks Spearman with 20 health who has 10 total armour points.
Spearman now has 12 health remaining

Archer with 14 health has a 18 total attack points, and attacks Spearman with 7 health who has 10 total armour points.
Spearman has died in combat.

Raider with 35 health has a 22 total attack points, and attacks Archer with 27 health who has 10 total armour points.
Archer now has 15 health remaining

Archer with 28 health has a 18 total attack points, and attacks Raider with 36 health who has 13 total armour points.
Raider now has 31 health remaining

Raider with 46 health has a 22 total attack points, and attacks Knight with 66 health who has 13 total armour points.
Knight now has 57 health remaining

Raider with 64 health has a 22 total attack points, and attacks Knight with 50 health who has 13 total armour points.
Knight now has 41 health remaining

Spearman with 16 health has a 18 total attack points, and attacks Archer with 19 health who has 10 total armour points.
Archer now has 11 health remaining

Raider with 41 health has a 22 total attack points, and attacks Archer with 15 health who has 10 total armour points.
Archer now has 3 health remaining

Grunt with 26 health has a 17 total attack points, and attacks Archer with 55 health who has 10 total armour points.
Archer now has 48 health remaining

Raider with 30 health has a 22 total attack points, and attacks Footman with 25 health who has 11 total armour points.
Footman now has 14 health remaining

Ranged with 44 health has a 18 total attack points, and attacks Archer with 14 health who has 10 total armour points.
Archer now has 6 health remaining

Footman with 14 health has a 17 total attack points, and attacks Spearman with 52 health who has 10 total armour points.
Spearman now has 45 health remaining

Spearman with 59 health has a 18 total attack points, and attacks Knight with 18 health who has 13 total armour points.
Knight now has 13 health remaining

Archer with 54 health has a 18 total attack points, and attacks Spearman with 50 health who has 10 total armour points.
Spearman now has 42 health remaining

Footman with 22 health has a 17 total attack points, and attacks Ranged with 19 health who has 10 total armour points.
Ranged now has 12 health remaining

Grunt with 12 health has a 17 total attack points, and attacks Archer with 50 health who has 10 total armour points.
Archer now has 43 health remaining

Archer with 43 health has a 18 total attack points, and attacks Grunt with 6 health who has 11 total armour points.
Grunt has died in combat.

Raider with 9 health has a 22 total attack points, and attacks Archer with 42 health who has 10 total armour points.
Archer now has 30 health remaining

Archer with 48 health has a 18 total attack points, and attacks Ranged with 2 health who has 10 total armour points.
Ranged has died in combat.

Grunt with 36 health has a 17 total attack points, and attacks Archer with 1 health who has 10 total armour points.
Archer has died in combat.

Grunt with 15 health has a 17 total attack points, and attacks Knight with 45 health who has 13 total armour points.
Knight now has 41 health remaining

Knight with 13 health has a 22 total attack points, and attacks Ranged with 18 health who has 10 total armour points.
Ranged now has 6 health remaining

Archer with 38 health has a 18 total attack points, and attacks Raider with 20 health who has 13 total armour points.
Raider now has 15 health remaining

Archer with 48 health has a 18 total attack points, and attacks Grunt with 42 health who has 11 total armour points.
Grunt now has 35 health remaining

Archer with 44 health has a 18 total attack points, and attacks Raider with 30 health who has 13 total armour points.
Raider now has 25 health remaining

Archer with 28 health has a 18 total attack points, and attacks Grunt with 55 health who has 11 total armour points.
Grunt now has 48 health remaining

Knight with 17 health has a 22 total attack points, and attacks Spearman with 35 health who has 10 total armour points.
Spearman now has 23 health remaining

Knight with 30 health has a 22 total attack points, and attacks Spearman with 44 health who has 10 total armour points.
Spearman now has 32 health remaining

Archer with 3 health has a 18 total attack points, and attacks Grunt with 36 health who has 11 total armour points.
Grunt now has 29 health remaining

Archer with 45 health has a 18 total attack points, and attacks Raider with 59 health who has 13 total armour points.
Raider now has 54 health remaining

Archer with 54 health has a 18 total attack points, and attacks Grunt with 33 health who has 11 total armour points.
Grunt now has 26 health remaining

Raider with 60 health has a 22 total attack points, and attacks Knight with 29 health who has 13 total armour points.
Knight now has 20 health remaining

Archer with 15 health has a 18 total attack points, and attacks Ranged with 12 health who has 10 total armour points.
Ranged now has 4 health remaining

Archer with 48 health has a 18 total attack points, and attacks Raider with 16 health who has 13 total armour points.
Raider now has 11 health remaining

Raider with 15 health has a 22 total attack points, and attacks Footman with 21 health who has 11 total armour points.
Footman now has 10 health remaining

Knight with 57 health has a 22 total attack points, and attacks Raider with 43 health who has 13 total armour points.
Raider now has 34 health remaining

Raider with 31 health has a 22 total attack points, and attacks Archer with 44 health who has 10 total armour points.
Archer now has 32 health remaining

Grunt with 15 health has a 17 total attack points, and attacks Knight with 37 health who has 13 total armour points.
Knight now has 33 health remaining

Footman with 29 health has a 17 total attack points, and attacks Raider with 55 health who has 13 total armour points.
Raider now has 51 health remaining

Knight with 66 health has a 22 total attack points, and attacks Raider with 73 health who has 13 total armour points.
Raider now has 64 health remaining

Knight with 35 health has a 22 total attack points, and attacks Raider with 28 health who has 13 total armour points.
Raider now has 19 health remaining

Footman with 14 health has a 17 total attack points, and attacks Ranged with 17 health who has 10 total armour points.
Ranged now has 10 health remaining

Grunt with 25 health has a 17 total attack points, and attacks Footman with 7 health who has 11 total armour points.
Footman now has 1 health remaining

Archer with 6 health has a 18 total attack points, and attacks Spearman with 8 health who has 10 total armour points.
Spearman has died in combat.

Archer with 13 health has a 18 total attack points, and attacks Ranged with 16 health who has 10 total armour points.
Ranged now has 8 health remaining

Archer with 20 health has a 18 total attack points, and attacks Spearman with 47 health who has 10 total armour points.
Spearman now has 39 health remaining

Archer with 6 health has a 18 total attack points, and attacks Grunt with 33 health who has 11 total armour points.
Grunt now has 26 health remaining

Spearman with 42 health has a 18 total attack points, and attacks Knight with 60 health who has 13 total armour points.
Knight now has 55 health remaining

Archer with 22 health has a 18 total attack points, and attacks Spearman with 16 health who has 10 total armour points.
Spearman now has 8 health remaining

Ranged with 18 health has a 18 total attack points, and attacks Archer with 20 health who has 10 total armour points.
Archer now has 12 health remaining

Ranged with 67 health has a 18 total attack points, and attacks Archer with 28 health who has 10 total armour points.
Archer now has 20 health remaining

Footman with 38 health has a 17 total attack points, and attacks Raider with 2 health who has 13 total armour points.
Raider has died in combat.

Archer with 40 health has a 18 total attack points, and attacks Ranged with 33 health who has 10 total armour points.
Ranged now has 25 health remaining

Raider with 49 health has a 22 total attack points, and attacks Knight with 18 health who has 13 total armour points.
Knight now has 9 health remaining

Archer with 44 health has a 18 total attack points, and attacks Ranged with 47 health who has 10 total armour points.
Ranged now has 39 health remaining

Archer with 31 health has a 18 total attack points, and attacks Raider with 43 health who has 13 total armour points.
Raider now has 38 health remaining

Archer with 3 health has a 18 total attack points, and attacks Raider with 30 health who has 13 total armour points.
Raider now has 25 health remaining

Raider with 12 health has a 22 total attack points, and attacks Knight with 64 health who has 13 total armour points.
Knight now has 55 health remaining

Archer with 38 health has a 18 total attack points, and attacks Ranged with 33 health who has 10 total armour points.
Ranged now has 25 health remaining

Ranged with 4 health has a 18 total attack points, and attacks Footman with 13 health who has 11 total armour points.
Footman now has 6 health remaining

Spearman with 16 health has a 18 total attack points, and attacks Knight with 42 health who has 13 total armour points.
Knight now has 37 health remaining

Knight with 9 health has a 22 total attack points, and attacks Grunt with 34 health who has 11 total armour points.
Grunt now has 23 health remaining

Ranged with 8 health has a 18 total attack points, and attacks Archer with 31 health who has 10 total armour points.
Archer now has 23 health remaining

Ranged with 39 health has a 18 total attack points, and attacks Archer with 53 health who has 10 total armour points.
Archer now has 45 health remaining

Raider with 64 health has a 22 total attack points, and attacks Knight with 36 health who has 13 total armour points.
Knight now has 27 health remaining

Knight with 41 health has a 22 total attack points, and attacks Grunt with 41 health who has 11 total armour points.
Grunt now has 30 health remaining

Knight with 17 health has a 22 total attack points, and attacks Spearman with 59 health who has 10 total armour points.
Spearman now has 47 health remaining

Footman with 57 health has a 17 total attack points, and attacks Grunt with 27 health who has 11 total armour points.
Grunt now has 21 health remaining

Ranged with 26 health has a 18 total attack points, and attacks Knight with 9 health who has 13 total armour points.
Knight now has 4 health remaining

Archer with 53 health has a 18 total attack points, and attacks Grunt with 52 health who has 11 total armour points.
Grunt now has 45 health remaining

Footman with 31 health has a 17 total attack points, and attacks Spearman with 45 health who has 10 total armour points.
Spearman now has 38 health remaining

Knight with 67 health has a 22 total attack points, and attacks Grunt with 38 health who has 11 total armour points.
Grunt now has 27 health remaining

Raider with 51 health has a 22 total attack points, and attacks Knight with 35 health who has 13 total armour points.
Knight now has 26 health remaining

Raider with 48 health has a 22 total attack points, and attacks Footman with 51 health who has 11 total armour points.
Footman now has 40 health remaining

Archer with 6 health has a 18 total attack points, and attacks Raider with 22 health who has 13 total armour points.
Raider now has 17 health remaining

Raider with 31 health has a 22 total attack points, and attacks Knight with 36 health who has 13 total armour points.
Knight now has 27 health remaining

Ranged with 26 health has a 18 total attack points, and attacks Knight with 50 health who has 13 total armour points.
Knight now has 45 health remaining

Archer with 14 health has a 18 total attack points, and attacks Raider with 9 health who has 13 total armour points.
Raider now has 4 health remaining

Spearman with 32 health has a 18 total attack points, and attacks Archer with 48 health who has 10 total armour points.
Archer now has 40 health remaining

Knight with 20 health has a 22 total attack points, and attacks Grunt with 2 health who has 11 total armour points.
Grunt has died in combat.

Footman with 21 health has a 17 total attack points, and attacks Spearman with 27 health who has 10 total armour points.
Spearman now has 20 health remaining

Knight with 72 health has a 22 total attack points, and attacks Ranged with 4 health who has 10 total armour points.
Ranged has died in combat.

Footman with 9 health has a 17 total attack points, and attacks Grunt with 14 health who has 11 total armour points.
Grunt now has 8 health remaining

Ranged with 19 health has a 18 total attack points, and attacks Archer with 56 health who has 10 total armour points.
Archer now has 48 health remaining

Raider with 45 health has a 22 total attack points, and attacks Knight with 44 health who has 13 total armour points.
Knight now has 35 health remaining

Archer with 49 health has a 18 total attack points, and attacks Raider with 49 health who has 13 total armour points.
Raider now has 44 health remaining

Grunt with 12 health has a 17 total attack points, and attacks Footman with 20 health who has 11 total armour points.
Footman now has 14 health remaining

Spearman with 21 health has a 18 total attack points, and attacks Archer with 48 health who has 10 total armour points.
Archer now has 40 health remaining

Footman with 45 health has a 17 total attack points, and attacks Raider with 43 health who has 13 total armour points.
Raider now has 39 health remaining

Archer with 39 health has a 18 total attack points, and attacks Ranged with 54 health who has 10 total armour points.
Ranged now has 46 health remaining

Archer with 42 health has a 18 total attack points, and attacks Spearman with 39 health who has 10 total armour points.
Spearman now has 31 health remaining

Archer with 42 health has a 18 total attack points, and attacks Grunt with 29 health who has 11 total armour points.
Grunt now has 22 health remaining

Grunt with 12 health has a 17 total attack points, and attacks Knight with 20 health who has 13 total armour points.
Knight now has 16 health remaining

Archer with 18 health has a 18 total attack points, and attacks Grunt with 12 health who has 11 total armour points.
Grunt now has 5 health remaining

Grunt with 9 health has a 17 total attack points, and attacks Knight with 37 health who has 13 total armour points.
Knight now has 33 health remaining

Raider with 31 health has a 22 total attack points, and attacks Archer with 35 health who has 10 total armour points.
Archer now has 23 health remaining

Archer with 27 health has a 18 total attack points, and attacks Ranged with 34 health who has 10 total armour points.
Ranged now has 26 health remaining

Raider with 15 health has a 22 total attack points, and attacks Knight with 15 health who has 13 total armour points.
Knight now has 6 health remaining

Knight with 6 health has a 22 total attack points, and attacks Raider with 82 health who has 13 total armour points.
Raider now has 73 health remaining

Grunt with 27 health has a 17 total attack points, and attacks Archer with 17 health who has 10 total armour points.
Archer now has 10 health remaining

Archer with 23 health has a 18 total attack points, and attacks Ranged with 60 health who has 10 total armour points.
Ranged now has 52 health remaining

Ranged with 15 health has a 18 total attack points, and attacks Knight with 54 health who has 13 total armour points.
Knight now has 49 health remaining

Footman with 14 health has a 17 total attack points, and attacks Grunt with 35 health who has 11 total armour points.
Grunt now has 29 health remaining

Spearman with 32 health has a 18 total attack points, and attacks Knight with 49 health who has 13 total armour points.
Knight now has 44 health remaining

Spearman with 57 health has a 18 total attack points, and attacks Archer with 35 health who has 10 total armour points.
Archer now has 27 health remaining

Archer with 59 health has a 18 total attack points, and attacks Raider with 57 health who has 13 total armour points.
Raider now has 52 health remaining

Spearman with 66 health has a 18 total attack points, and attacks Knight with 66 health who has 13 total armour points.
Knight now has 61 health remaining

Archer with 42 health has a 18 total attack points, and attacks Spearman with 3 health who has 10 total armour points.
Spearman has died in combat.

Grunt with 13 health has a 17 total attack points, and attacks Footman with 37 health who has 11 total armour points.
Footman now has 31 health remaining

Grunt with 4 health has a 17 total attack points, and attacks Archer with 43 health who has 10 total armour points.
Archer now has 36 health remaining

Archer with 31 health has a 18 total attack points, and attacks Grunt with 43 health who has 11 total armour points.
Grunt now has 36 health remaining

Grunt with 4 health has a 17 total attack points, and attacks Archer with 41 health who has 10 total armour points.
Archer now has 34 health remaining

Knight with 17 health has a 22 total attack points, and attacks Ranged with 4 health who has 10 total armour points.
Ranged has died in combat.

Spearman with 20 health has a 18 total attack points, and attacks Knight with 56 health who has 13 total armour points.
Knight now has 51 health remaining

Footman with 31 health has a 17 total attack points, and attacks Raider with 44 health who has 13 total armour points.
Raider now has 40 health remaining

Gul´dan with 166 health has a 27 total attack points, and attacks Archer with 17 health who has 10 total armour points.
Archer has died in combat.

Ranged with 46 health has a 18 total attack points, and attacks Knight with 9 health who has 13 total armour points.
Knight now has 4 health remaining

Archer with 23 health has a 18 total attack points, and attacks Ranged with 43 health who has 10 total armour points.
Ranged now has 35 health remaining

Archer with 6 health has a 18 total attack points, and attacks Grunt with 15 health who has 11 total armour points.
Grunt now has 8 health remaining

Grunt with 17 health has a 17 total attack points, and attacks Archer with 15 health who has 10 total armour points.
Archer now has 8 health remaining

Raider with 43 health has a 22 total attack points, and attacks Knight with 11 health who has 13 total armour points.
Knight now has 2 health remaining

Spearman with 21 health has a 18 total attack points, and attacks Footman with 4 health who has 11 total armour points.
Footman has died in combat.

Spearman with 16 health has a 18 total attack points, and attacks Archer with 45 health who has 10 total armour points.
Archer now has 37 health remaining

Grunt with 33 health has a 17 total attack points, and attacks Archer with 31 health who has 10 total armour points.
Archer now has 24 health remaining

Raider with 11 health has a 22 total attack points, and attacks Archer with 33 health who has 10 total armour points.
Archer now has 21 health remaining

Spearman with 29 health has a 18 total attack points, and attacks Knight with 27 health who has 13 total armour points.
Knight now has 22 health remaining

Footman with 18 health has a 17 total attack points, and attacks Spearman with 21 health who has 10 total armour points.
Spearman now has 14 health remaining

Raider with 59 health has a 22 total attack points, and attacks Archer with 37 health who has 10 total armour points.
Archer now has 25 health remaining

Footman with 62 health has a 17 total attack points, and attacks Grunt with 33 health who has 11 total armour points.
Grunt now has 27 health remaining

Raider with 64 health has a 22 total attack points, and attacks Knight with 39 health who has 13 total armour points.
Knight now has 30 health remaining

Archer with 42 health has a 18 total attack points, and attacks Ranged with 39 health who has 10 total armour points.
Ranged now has 31 health remaining

Footman with 21 health has a 17 total attack points, and attacks Spearman with 42 health who has 10 total armour points.
Spearman now has 35 health remaining

Footman with 17 health has a 17 total attack points, and attacks Grunt with 37 health who has 11 total armour points.
Grunt now has 31 health remaining

Ranged with 18 health has a 18 total attack points, and attacks Knight with 50 health who has 13 total armour points.
Knight now has 45 health remaining

Spearman with 35 health has a 18 total attack points, and attacks Footman with 31 health who has 11 total armour points.
Footman now has 24 health remaining

Spearman with 14 health has a 18 total attack points, and attacks Archer with 24 health who has 10 total armour points.
Archer now has 16 health remaining

Spearman with 55 health has a 18 total attack points, and attacks Knight with 30 health who has 13 total armour points.
Knight now has 25 health remaining

Footman with 10 health has a 17 total attack points, and attacks Grunt with 1 health who has 11 total armour points.
Grunt has died in combat.

Archer with 37 health has a 18 total attack points, and attacks Spearman with 35 health who has 10 total armour points.
Spearman now has 27 health remaining

Knight with 23 health has a 22 total attack points, and attacks Spearman with 3 health who has 10 total armour points.
Spearman has died in combat.

Ranged with 16 health has a 18 total attack points, and attacks Archer with 14 health who has 10 total armour points.
Archer now has 6 health remaining

Knight with 29 health has a 22 total attack points, and attacks Raider with 64 health who has 13 total armour points.
Raider now has 55 health remaining

Spearman with 9 health has a 18 total attack points, and attacks Knight with 60 health who has 13 total armour points.
Knight now has 55 health remaining

Raider with 35 health has a 22 total attack points, and attacks Knight with 26 health who has 13 total armour points.
Knight now has 17 health remaining

Raider with 32 health has a 22 total attack points, and attacks Knight with 82 health who has 13 total armour points.
Knight now has 73 health remaining

Archer with 44 health has a 18 total attack points, and attacks Grunt with 12 health who has 11 total armour points.
Grunt now has 5 health remaining

Knight with 68 health has a 22 total attack points, and attacks Grunt with 23 health who has 11 total armour points.
Grunt now has 12 health remaining

Knight with 35 health has a 22 total attack points, and attacks Grunt with 32 health who has 11 total armour points.
Grunt now has 21 health remaining

Footman with 33 health has a 17 total attack points, and attacks Spearman with 35 health who has 10 total armour points.
Spearman now has 28 health remaining

Archer with 3 health has a 18 total attack points, and attacks Ranged with 24 health who has 10 total armour points.
Ranged now has 16 health remaining

Footman with 37 health has a 17 total attack points, and attacks Raider with 55 health who has 13 total armour points.
Raider now has 51 health remaining

Footman with 40 health has a 17 total attack points, and attacks Spearman with 8 health who has 10 total armour points.
Spearman now has 1 health remaining

Spearman with 7 health has a 18 total attack points, and attacks Archer with 18 health who has 10 total armour points.
Archer now has 10 health remaining

Raider with 55 health has a 22 total attack points, and attacks Archer with 33 health who has 10 total armour points.
Archer now has 21 health remaining

Grunt with 34 health has a 17 total attack points, and attacks Archer with 11 health who has 10 total armour points.
Archer now has 4 health remaining

Archer with 36 health has a 18 total attack points, and attacks Raider with 12 health who has 13 total armour points.
Raider now has 7 health remaining

Spearman with 71 health has a 18 total attack points, and attacks Footman with 17 health who has 11 total armour points.
Footman now has 10 health remaining

Raider with 54 health has a 22 total attack points, and attacks Footman with 33 health who has 11 total armour points.
Footman now has 22 health remaining

Raider with 62 health has a 22 total attack points, and attacks Archer with 39 health who has 10 total armour points.
Archer now has 27 health remaining

Spearman with 10 health has a 18 total attack points, and attacks Archer with 10 health who has 10 total armour points.
Archer now has 2 health remaining

Ranged with 10 health has a 18 total attack points, and attacks Knight with 45 health who has 13 total armour points.
Knight now has 40 health remaining

Grunt with 44 health has a 17 total attack points, and attacks Footman with 10 health who has 11 total armour points.
Footman now has 4 health remaining

Archer with 14 health has a 18 total attack points, and attacks Raider with 37 health who has 13 total armour points.
Raider now has 32 health remaining

Archer with 54 health has a 18 total attack points, and attacks Ranged with 31 health who has 10 total armour points.
Ranged now has 23 health remaining

Footman with 31 health has a 17 total attack points, and attacks Raider with 40 health who has 13 total armour points.
Raider now has 36 health remaining

Spearman with 10 health has a 18 total attack points, and attacks Footman with 57 health who has 11 total armour points.
Footman now has 50 health remaining

Archer with 6 health has a 18 total attack points, and attacks Ranged with 53 health who has 10 total armour points.
Ranged now has 45 health remaining

Knight with 26 health has a 22 total attack points, and attacks Raider with 55 health who has 13 total armour points.
Raider now has 46 health remaining

Ranged with 7 health has a 18 total attack points, and attacks Archer with 21 health who has 10 total armour points.
Archer now has 13 health remaining

Footman with 31 health has a 17 total attack points, and attacks Raider with 59 health who has 13 total armour points.
Raider now has 55 health remaining

Knight with 55 health has a 22 total attack points, and attacks Grunt with 52 health who has 11 total armour points.
Grunt now has 41 health remaining

Spearman with 35 health has a 18 total attack points, and attacks Archer with 42 health who has 10 total armour points.
Archer now has 34 health remaining

Knight with 29 health has a 22 total attack points, and attacks Spearman with 24 health who has 10 total armour points.
Spearman now has 12 health remaining

Archer with 48 health has a 18 total attack points, and attacks Raider with 38 health who has 13 total armour points.
Raider now has 33 health remaining

Raider with 44 health has a 22 total attack points, and attacks Knight with 73 health who has 13 total armour points.
Knight now has 64 health remaining

Raider with 31 health has a 22 total attack points, and attacks Knight with 26 health who has 13 total armour points.
Knight now has 17 health remaining

Footman with 28 health has a 17 total attack points, and attacks Raider with 53 health who has 13 total armour points.
Raider now has 49 health remaining

Footman with 31 health has a 17 total attack points, and attacks Raider with 25 health who has 13 total armour points.
Raider now has 21 health remaining

Archer with 40 health has a 18 total attack points, and attacks Spearman with 35 health who has 10 total armour points.
Spearman now has 27 health remaining

Raider with 68 health has a 22 total attack points, and attacks Knight with 28 health who has 13 total armour points.
Knight now has 19 health remaining

Knight with 9 health has a 22 total attack points, and attacks Raider with 11 health who has 13 total armour points.
Raider now has 2 health remaining

Knight with 68 health has a 22 total attack points, and attacks Grunt with 13 health who has 11 total armour points.
Grunt now has 2 health remaining

Raider with 31 health has a 22 total attack points, and attacks Knight with 38 health who has 13 total armour points.
Knight now has 29 health remaining

Raider with 45 health has a 22 total attack points, and attacks Archer with 11 health who has 10 total armour points.
Archer has died in combat.

Raider with 60 health has a 22 total attack points, and attacks Archer with 43 health who has 10 total armour points.
Archer now has 31 health remaining

Footman with 63 health has a 17 total attack points, and attacks Raider with 70 health who has 13 total armour points.
Raider now has 66 health remaining

Footman with 29 health has a 17 total attack points, and attacks Raider with 38 health who has 13 total armour points.
Raider now has 34 health remaining

Spearman with 27 health has a 18 total attack points, and attacks Footman with 52 health who has 11 total armour points.
Footman now has 45 health remaining

Grunt with 2 health has a 17 total attack points, and attacks Archer with 38 health who has 10 total armour points.
Archer now has 31 health remaining

Archer with 45 health has a 18 total attack points, and attacks Spearman with 55 health who has 10 total armour points.
Spearman now has 47 health remaining

Spearman with 47 health has a 18 total attack points, and attacks Archer with 21 health who has 10 total armour points.
Archer now has 13 health remaining

Archer with 60 health has a 18 total attack points, and attacks Raider with 2 health who has 13 total armour points.
Raider has died in combat.

Archer with 54 health has a 18 total attack points, and attacks Raider with 27 health who has 13 total armour points.
Raider now has 22 health remaining

Knight with 15 health has a 22 total attack points, and attacks Raider with 34 health who has 13 total armour points.
Raider now has 25 health remaining

Raider with 43 health has a 22 total attack points, and attacks Archer with 24 health who has 10 total armour points.
Archer now has 12 health remaining

Archer with 2 health has a 18 total attack points, and attacks Ranged with 48 health who has 10 total armour points.
Ranged now has 40 health remaining

Knight with 29 health has a 22 total attack points, and attacks Raider with 64 health who has 13 total armour points.
Raider now has 55 health remaining

Knight with 16 health has a 22 total attack points, and attacks Ranged with 36 health who has 10 total armour points.
Ranged now has 24 health remaining

Archer with 28 health has a 18 total attack points, and attacks Ranged with 25 health who has 10 total armour points.
Ranged now has 17 health remaining

Knight with 17 health has a 22 total attack points, and attacks Raider with 46 health who has 13 total armour points.
Raider now has 37 health remaining

Grunt with 55 health has a 17 total attack points, and attacks Footman with 14 health who has 11 total armour points.
Footman now has 8 health remaining

Grunt with 9 health has a 17 total attack points, and attacks Archer with 5 health who has 10 total armour points.
Archer has died in combat.

Archer with 44 health has a 18 total attack points, and attacks Raider with 44 health who has 13 total armour points.
Raider now has 39 health remaining

Grunt with 51 health has a 17 total attack points, and attacks Archer with 8 health who has 10 total armour points.
Archer now has 1 health remaining

Knight with 29 health has a 22 total attack points, and attacks Spearman with 33 health who has 10 total armour points.
Spearman now has 21 health remaining

Ranged with 11 health has a 18 total attack points, and attacks Footman with 43 health who has 11 total armour points.
Footman now has 36 health remaining

Knight with 52 health has a 22 total attack points, and attacks Ranged with 18 health who has 10 total armour points.
Ranged now has 6 health remaining

Ranged with 4 health has a 18 total attack points, and attacks Footman with 40 health who has 11 total armour points.
Footman now has 33 health remaining

Knight with 54 health has a 22 total attack points, and attacks Grunt with 37 health who has 11 total armour points.
Grunt now has 26 health remaining

Knight with 21 health has a 22 total attack points, and attacks Raider with 22 health who has 13 total armour points.
Raider now has 13 health remaining

Archer with 59 health has a 18 total attack points, and attacks Raider with 31 health who has 13 total armour points.
Raider now has 26 health remaining

Raider with 4 health has a 22 total attack points, and attacks Knight with 15 health who has 13 total armour points.
Knight now has 6 health remaining

Knight with 76 health has a 22 total attack points, and attacks Raider with 36 health who has 13 total armour points.
Raider now has 27 health remaining

Raider with 57 health has a 22 total attack points, and attacks Footman with 50 health who has 11 total armour points.
Footman now has 39 health remaining

Knight with 23 health has a 22 total attack points, and attacks Ranged with 4 health who has 10 total armour points.
Ranged has died in combat.

Grunt with 51 health has a 17 total attack points, and attacks Archer with 18 health who has 10 total armour points.
Archer now has 11 health remaining

Raider with 52 health has a 22 total attack points, and attacks Archer with 2 health who has 10 total armour points.
Archer has died in combat.

Ranged with 33 health has a 18 total attack points, and attacks Archer with 10 health who has 10 total armour points.
Archer now has 2 health remaining

Ranged with 25 health has a 18 total attack points, and attacks Archer with 25 health who has 10 total armour points.
Archer now has 17 health remaining

Archer with 13 health has a 18 total attack points, and attacks Raider with 54 health who has 13 total armour points.
Raider now has 49 health remaining

Ranged with 60 health has a 18 total attack points, and attacks Archer with 14 health who has 10 total armour points.
Archer now has 6 health remaining

Archer with 35 health has a 18 total attack points, and attacks Grunt with 27 health who has 11 total armour points.
Grunt now has 20 health remaining

Ranged with 40 health has a 18 total attack points, and attacks Archer with 90 health who has 10 total armour points.
Archer now has 82 health remaining

Raider with 55 health has a 22 total attack points, and attacks Archer with 19 health who has 10 total armour points.
Archer now has 7 health remaining

Knight with 17 health has a 22 total attack points, and attacks Ranged with 25 health who has 10 total armour points.
Ranged now has 13 health remaining

Spearman with 16 health has a 18 total attack points, and attacks Archer with 38 health who has 10 total armour points.
Archer now has 30 health remaining

Knight with 4 health has a 22 total attack points, and attacks Grunt with 3 health who has 11 total armour points.
Grunt has died in combat.

Grunt with 30 health has a 17 total attack points, and attacks Knight with 63 health who has 13 total armour points.
Knight now has 59 health remaining

Grunt with 31 health has a 17 total attack points, and attacks Footman with 29 health who has 11 total armour points.
Footman now has 23 health remaining

Archer with 17 health has a 18 total attack points, and attacks Grunt with 26 health who has 11 total armour points.
Grunt now has 19 health remaining

Spearman with 23 health has a 18 total attack points, and attacks Knight with 41 health who has 13 total armour points.
Knight now has 36 health remaining

Grunt with 6 health has a 17 total attack points, and attacks Knight with 18 health who has 13 total armour points.
Knight now has 14 health remaining

Raider with 46 health has a 22 total attack points, and attacks Archer with 38 health who has 10 total armour points.
Archer now has 26 health remaining

Spearman with 38 health has a 18 total attack points, and attacks Archer with 71 health who has 10 total armour points.
Archer now has 63 health remaining

Footman with 18 health has a 17 total attack points, and attacks Raider with 39 health who has 13 total armour points.
Raider now has 35 health remaining

Raider with 49 health has a 22 total attack points, and attacks Knight with 30 health who has 13 total armour points.
Knight now has 21 health remaining

Footman with 45 health has a 17 total attack points, and attacks Ranged with 67 health who has 10 total armour points.
Ranged now has 60 health remaining

Footman with 39 health has a 17 total attack points, and attacks Raider with 64 health who has 13 total armour points.
Raider now has 60 health remaining

Raider with 69 health has a 22 total attack points, and attacks Knight with 4 health who has 13 total armour points.
Knight has died in combat.

Ranged with 46 health has a 18 total attack points, and attacks Knight with 44 health who has 13 total armour points.
Knight now has 39 health remaining

Raider with 58 health has a 22 total attack points, and attacks Archer with 6 health who has 10 total armour points.
Archer has died in combat.

Knight with 68 health has a 22 total attack points, and attacks Raider with 17 health who has 13 total armour points.
Raider now has 8 health remaining

Footman with 28 health has a 17 total attack points, and attacks Ranged with 62 health who has 10 total armour points.
Ranged now has 55 health remaining

Ranged with 10 health has a 18 total attack points, and attacks Archer with 40 health who has 10 total armour points.
Archer now has 32 health remaining

Raider with 32 health has a 22 total attack points, and attacks Footman with 60 health who has 11 total armour points.
Footman now has 49 health remaining

Ranged with 23 health has a 18 total attack points, and attacks Archer with 60 health who has 10 total armour points.
Archer now has 52 health remaining

Raider with 7 health has a 22 total attack points, and attacks Knight with 22 health who has 13 total armour points.
Knight now has 13 health remaining

Spearman with 42 health has a 18 total attack points, and attacks Archer with 59 health who has 10 total armour points.
Archer now has 51 health remaining

Archer with 44 health has a 18 total attack points, and attacks Grunt with 56 health who has 11 total armour points.
Grunt now has 49 health remaining

Raider with 35 health has a 22 total attack points, and attacks Knight with 2 health who has 13 total armour points.
Knight has died in combat.

Raider with 35 health has a 22 total attack points, and attacks Archer with 55 health who has 10 total armour points.
Archer now has 43 health remaining

Footman with 20 health has a 17 total attack points, and attacks Ranged with 18 health who has 10 total armour points.
Ranged now has 11 health remaining

Archer with 44 health has a 18 total attack points, and attacks Spearman with 19 health who has 10 total armour points.
Spearman now has 11 health remaining

Raider with 30 health has a 22 total attack points, and attacks Knight with 29 health who has 13 total armour points.
Knight now has 20 health remaining

Raider with 57 health has a 22 total attack points, and attacks Archer with 49 health who has 10 total armour points.
Archer now has 37 health remaining

Raider with 52 health has a 22 total attack points, and attacks Archer with 4 health who has 10 total armour points.
Archer has died in combat.

Grunt with 15 health has a 17 total attack points, and attacks Footman with 34 health who has 11 total armour points.
Footman now has 28 health remaining

Footman with 22 health has a 17 total attack points, and attacks Grunt with 52 health who has 11 total armour points.
Grunt now has 46 health remaining

Grunt with 43 health has a 17 total attack points, and attacks Knight with 52 health who has 13 total armour points.
Knight now has 48 health remaining

Footman with 29 health has a 17 total attack points, and attacks Grunt with 34 health who has 11 total armour points.
Grunt now has 28 health remaining

Archer with 63 health has a 18 total attack points, and attacks Spearman with 21 health who has 10 total armour points.
Spearman now has 13 health remaining

Archer with 42 health has a 18 total attack points, and attacks Raider with 15 health who has 13 total armour points.
Raider now has 10 health remaining

Raider with 33 health has a 22 total attack points, and attacks Archer with 3 health who has 10 total armour points.
Archer has died in combat.

Footman with 9 health has a 17 total attack points, and attacks Grunt with 5 health who has 11 total armour points.
Grunt has died in combat.

Grunt with 57 health has a 17 total attack points, and attacks Archer with 36 health who has 10 total armour points.
Archer now has 29 health remaining

Grunt with 20 health has a 17 total attack points, and attacks Knight with 72 health who has 13 total armour points.
Knight now has 68 health remaining

Knight with 14 health has a 22 total attack points, and attacks Spearman with 21 health who has 10 total armour points.
Spearman now has 9 health remaining

Archer with 43 health has a 18 total attack points, and attacks Grunt with 19 health who has 11 total armour points.
Grunt now has 12 health remaining

Grunt with 45 health has a 17 total attack points, and attacks Archer with 6 health who has 10 total armour points.
Archer has died in combat.

Archer with 46 health has a 18 total attack points, and attacks Grunt with 26 health who has 11 total armour points.
Grunt now has 19 health remaining

Archer with 15 health has a 18 total attack points, and attacks Ranged with 26 health who has 10 total armour points.
Ranged now has 18 health remaining

Ranged with 7 health has a 18 total attack points, and attacks Archer with 1 health who has 10 total armour points.
Archer has died in combat.

Ranged with 46 health has a 18 total attack points, and attacks Knight with 73 health who has 13 total armour points.
Knight now has 68 health remaining

Raider with 72 health has a 22 total attack points, and attacks Archer with 23 health who has 10 total armour points.
Archer now has 11 health remaining

Grunt with 38 health has a 17 total attack points, and attacks Knight with 48 health who has 13 total armour points.
Knight now has 44 health remaining

Knight with 4 health has a 22 total attack points, and attacks Ranged with 51 health who has 10 total armour points.
Ranged now has 39 health remaining

Knight with 63 health has a 22 total attack points, and attacks Raider with 21 health who has 13 total armour points.
Raider now has 12 health remaining

Grunt with 28 health has a 17 total attack points, and attacks Footman with 22 health who has 11 total armour points.
Footman now has 16 health remaining

Footman with 11 health has a 17 total attack points, and attacks Spearman with 47 health who has 10 total armour points.
Spearman now has 40 health remaining

Grunt with 4 health has a 17 total attack points, and attacks Footman with 23 health who has 11 total armour points.
Footman now has 17 health remaining

Footman with 5 health has a 17 total attack points, and attacks Grunt with 6 health who has 11 total armour points.
Grunt has died in combat.

Grunt with 49 health has a 17 total attack points, and attacks Archer with 9 health who has 10 total armour points.
Archer now has 2 health remaining

Raider with 38 health has a 22 total attack points, and attacks Footman with 37 health who has 11 total armour points.
Footman now has 26 health remaining

Knight with 6 health has a 22 total attack points, and attacks Spearman with 8 health who has 10 total armour points.
Spearman has died in combat.

Spearman with 43 health has a 18 total attack points, and attacks Archer with 16 health who has 10 total armour points.
Archer now has 8 health remaining

Spearman with 10 health has a 18 total attack points, and attacks Archer with 18 health who has 10 total armour points.
Archer now has 10 health remaining

Archer with 3 health has a 18 total attack points, and attacks Raider with 46 health who has 13 total armour points.
Raider now has 41 health remaining

Archer with 24 health has a 18 total attack points, and attacks Raider with 55 health who has 13 total armour points.
Raider now has 50 health remaining

Knight with 29 health has a 22 total attack points, and attacks Spearman with 23 health who has 10 total armour points.
Spearman now has 11 health remaining

Spearman with 22 health has a 18 total attack points, and attacks Knight with 21 health who has 13 total armour points.
Knight now has 16 health remaining

Raider with 37 health has a 22 total attack points, and attacks Archer with 34 health who has 10 total armour points.
Archer now has 22 health remaining

Footman with 26 health has a 17 total attack points, and attacks Spearman with 12 health who has 10 total armour points.
Spearman now has 5 health remaining

Footman with 40 health has a 17 total attack points, and attacks Raider with 58 health who has 13 total armour points.
Raider now has 54 health remaining

Ranged with 26 health has a 18 total attack points, and attacks Archer with 34 health who has 10 total armour points.
Archer now has 26 health remaining

Footman with 21 health has a 17 total attack points, and attacks Grunt with 8 health who has 11 total armour points.
Grunt now has 2 health remaining

Grunt with 43 health has a 17 total attack points, and attacks Knight with 76 health who has 13 total armour points.
Knight now has 72 health remaining

Archer with 12 health has a 18 total attack points, and attacks Ranged with 10 health who has 10 total armour points.
Ranged now has 2 health remaining

Spearman with 9 health has a 18 total attack points, and attacks Archer with 56 health who has 10 total armour points.
Archer now has 48 health remaining

Knight with 72 health has a 22 total attack points, and attacks Grunt with 4 health who has 11 total armour points.
Grunt has died in combat.

Ranged with 44 health has a 18 total attack points, and attacks Knight with 41 health who has 13 total armour points.
Knight now has 36 health remaining

Knight with 35 health has a 22 total attack points, and attacks Grunt with 34 health who has 11 total armour points.
Grunt now has 23 health remaining

Ranged with 6 health has a 18 total attack points, and attacks Knight with 90 health who has 13 total armour points.
Knight now has 85 health remaining

Raider with 35 health has a 22 total attack points, and attacks Archer with 56 health who has 10 total armour points.
Archer now has 44 health remaining

Raider with 69 health has a 22 total attack points, and attacks Knight with 27 health who has 13 total armour points.
Knight now has 18 health remaining

Knight with 28 health has a 22 total attack points, and attacks Spearman with 5 health who has 10 total armour points.
Spearman has died in combat.

Knight with 69 health has a 22 total attack points, and attacks Spearman with 26 health who has 10 total armour points.
Spearman now has 14 health remaining

Raider with 41 health has a 22 total attack points, and attacks Knight with 54 health who has 13 total armour points.
Knight now has 45 health remaining

Raider with 38 health has a 22 total attack points, and attacks Footman with 50 health who has 11 total armour points.
Footman now has 39 health remaining

Spearman with 54 health has a 18 total attack points, and attacks Footman with 33 health who has 11 total armour points.
Footman now has 26 health remaining

Footman with 3 health has a 17 total attack points, and attacks Spearman with 32 health who has 10 total armour points.
Spearman now has 25 health remaining

Archer with 53 health has a 18 total attack points, and attacks Raider with 45 health who has 13 total armour points.
Raider now has 40 health remaining

Archer with 40 health has a 18 total attack points, and attacks Spearman with 54 health who has 10 total armour points.
Spearman now has 46 health remaining

Knight with 55 health has a 22 total attack points, and attacks Grunt with 43 health who has 11 total armour points.
Grunt now has 32 health remaining

Footman with 40 health has a 17 total attack points, and attacks Ranged with 22 health who has 10 total armour points.
Ranged now has 15 health remaining

Knight with 68 health has a 22 total attack points, and attacks Spearman with 27 health who has 10 total armour points.
Spearman now has 15 health remaining

Knight with 39 health has a 22 total attack points, and attacks Raider with 49 health who has 13 total armour points.
Raider now has 40 health remaining

Footman with 11 health has a 17 total attack points, and attacks Ranged with 2 health who has 10 total armour points.
Ranged has died in combat.

Archer with 42 health has a 18 total attack points, and attacks Ranged with 25 health who has 10 total armour points.
Ranged now has 17 health remaining

Archer with 83 health has a 18 total attack points, and attacks Raider with 10 health who has 13 total armour points.
Raider now has 5 health remaining

Raider with 31 health has a 22 total attack points, and attacks Archer with 16 health who has 10 total armour points.
Archer now has 4 health remaining

Knight with 43 health has a 22 total attack points, and attacks Ranged with 33 health who has 10 total armour points.
Ranged now has 21 health remaining

Archer with 23 health has a 18 total attack points, and attacks Ranged with 18 health who has 10 total armour points.
Ranged now has 10 health remaining

Knight with 25 health has a 22 total attack points, and attacks Grunt with 21 health who has 11 total armour points.
Grunt now has 10 health remaining

Footman with 53 health has a 17 total attack points, and attacks Grunt with 31 health who has 11 total armour points.
Grunt now has 25 health remaining

Grunt with 23 health has a 17 total attack points, and attacks Archer with 13 health who has 10 total armour points.
Archer now has 6 health remaining

Ranged with 44 health has a 18 total attack points, and attacks Knight with 49 health who has 13 total armour points.
Knight now has 44 health remaining

Ranged with 58 health has a 18 total attack points, and attacks Knight with 35 health who has 13 total armour points.
Knight now has 30 health remaining

Archer with 34 health has a 18 total attack points, and attacks Ranged with 6 health who has 10 total armour points.
Ranged has died in combat.

Grunt with 46 health has a 17 total attack points, and attacks Knight with 18 health who has 13 total armour points.
Knight now has 14 health remaining

Raider with 55 health has a 22 total attack points, and attacks Footman with 16 health who has 11 total armour points.
Footman now has 5 health remaining

Archer with 35 health has a 18 total attack points, and attacks Raider with 12 health who has 13 total armour points.
Raider now has 7 health remaining

Archer with 34 health has a 18 total attack points, and attacks Spearman with 14 health who has 10 total armour points.
Spearman now has 6 health remaining

Knight with 17 health has a 22 total attack points, and attacks Spearman with 40 health who has 10 total armour points.
Spearman now has 28 health remaining

Grunt with 47 health has a 17 total attack points, and attacks Footman with 9 health who has 11 total armour points.
Footman now has 3 health remaining

Ranged with 60 health has a 18 total attack points, and attacks Footman with 3 health who has 11 total armour points.
Footman has died in combat.

Knight with 39 health has a 22 total attack points, and attacks Ranged with 15 health who has 10 total armour points.
Ranged now has 3 health remaining

Archer with 30 health has a 18 total attack points, and attacks Ranged with 60 health who has 10 total armour points.
Ranged now has 52 health remaining

Raider with 21 health has a 22 total attack points, and attacks Archer with 35 health who has 10 total armour points.
Archer now has 23 health remaining

Archer with 21 health has a 18 total attack points, and attacks Grunt with 3 health who has 11 total armour points.
Grunt has died in combat.

Raider with 35 health has a 22 total attack points, and attacks Footman with 38 health who has 11 total armour points.
Footman now has 27 health remaining

Footman with 5 health has a 17 total attack points, and attacks Spearman with 57 health who has 10 total armour points.
Spearman now has 50 health remaining

Raider with 35 health has a 22 total attack points, and attacks Archer with 32 health who has 10 total armour points.
Archer now has 20 health remaining

Ranged with 4 health has a 18 total attack points, and attacks Knight with 13 health who has 13 total armour points.
Knight now has 8 health remaining

Archer with 21 health has a 18 total attack points, and attacks Grunt with 18 health who has 11 total armour points.
Grunt now has 11 health remaining

Ranged with 60 health has a 18 total attack points, and attacks Archer with 27 health who has 10 total armour points.
Archer now has 19 health remaining

Raider with 43 health has a 22 total attack points, and attacks Archer with 11 health who has 10 total armour points.
Archer has died in combat.

Ranged with 10 health has a 18 total attack points, and attacks Footman with 39 health who has 11 total armour points.
Footman now has 32 health remaining

Grunt with 21 health has a 17 total attack points, and attacks Knight with 13 health who has 13 total armour points.
Knight now has 9 health remaining

Raider with 19 health has a 22 total attack points, and attacks Footman with 46 health who has 11 total armour points.
Footman now has 35 health remaining

Raider with 19 health has a 22 total attack points, and attacks Knight with 41 health who has 13 total armour points.
Knight now has 32 health remaining

Grunt with 30 health has a 17 total attack points, and attacks Knight with 85 health who has 13 total armour points.
Knight now has 81 health remaining

Spearman with 67 health has a 18 total attack points, and attacks Archer with 12 health who has 10 total armour points.
Archer now has 4 health remaining

Footman with 5 health has a 17 total attack points, and attacks Raider with 59 health who has 13 total armour points.
Raider now has 55 health remaining

Ranged with 35 health has a 18 total attack points, and attacks Archer with 9 health who has 10 total armour points.
Archer now has 1 health remaining

Grunt with 53 health has a 17 total attack points, and attacks Archer with 10 health who has 10 total armour points.
Archer now has 3 health remaining

Raider with 62 health has a 22 total attack points, and attacks Archer with 13 health who has 10 total armour points.
Archer now has 1 health remaining

Archer with 20 health has a 18 total attack points, and attacks Grunt with 13 health who has 11 total armour points.
Grunt now has 6 health remaining

Archer with 1 health has a 18 total attack points, and attacks Raider with 30 health who has 13 total armour points.
Raider now has 25 health remaining

Archer with 1 health has a 18 total attack points, and attacks Grunt with 52 health who has 11 total armour points.
Grunt now has 45 health remaining

Spearman with 50 health has a 18 total attack points, and attacks Footman with 34 health who has 11 total armour points.
Footman now has 27 health remaining

Footman with 14 health has a 17 total attack points, and attacks Raider with 31 health who has 13 total armour points.
Raider now has 27 health remaining

Footman with 33 health has a 17 total attack points, and attacks Grunt with 33 health who has 11 total armour points.
Grunt now has 27 health remaining

Grunt with 20 health has a 17 total attack points, and attacks Knight with 36 health who has 13 total armour points.
Knight now has 32 health remaining

Archer with 28 health has a 18 total attack points, and attacks Spearman with 28 health who has 10 total armour points.
Spearman now has 20 health remaining

Grunt with 26 health has a 17 total attack points, and attacks Archer with 40 health who has 10 total armour points.
Archer now has 33 health remaining

Footman with 20 health has a 17 total attack points, and attacks Spearman with 16 health who has 10 total armour points.
Spearman now has 9 health remaining

Grunt with 25 health has a 17 total attack points, and attacks Knight with 29 health who has 13 total armour points.
Knight now has 25 health remaining

Footman with 8 health has a 17 total attack points, and attacks Raider with 33 health who has 13 total armour points.
Raider now has 29 health remaining

Footman with 62 health has a 17 total attack points, and attacks Spearman with 31 health who has 10 total armour points.
Spearman now has 24 health remaining

Raider with 62 health has a 22 total attack points, and attacks Footman with 13 health who has 11 total armour points.
Footman now has 2 health remaining

Knight with 29 health has a 22 total attack points, and attacks Ranged with 50 health who has 10 total armour points.
Ranged now has 38 health remaining

Ranged with 2 health has a 18 total attack points, and attacks Archer with 2 health who has 10 total armour points.
Archer has died in combat.

Grunt with 26 health has a 17 total attack points, and attacks Footman with 5 health who has 11 total armour points.
Footman has died in combat.

Archer with 66 health has a 18 total attack points, and attacks Spearman with 22 health who has 10 total armour points.
Spearman now has 14 health remaining

Spearman with 67 health has a 18 total attack points, and attacks Knight with 81 health who has 13 total armour points.
Knight now has 76 health remaining

Knight with 62 health has a 22 total attack points, and attacks Ranged with 35 health who has 10 total armour points.
Ranged now has 23 health remaining

Spearman with 42 health has a 18 total attack points, and attacks Footman with 5 health who has 11 total armour points.
Footman has died in combat.

Archer with 13 health has a 18 total attack points, and attacks Spearman with 4 health who has 10 total armour points.
Spearman has died in combat.

Archer with 44 health has a 18 total attack points, and attacks Ranged with 31 health who has 10 total armour points.
Ranged now has 23 health remaining

Archer with 33 health has a 18 total attack points, and attacks Ranged with 17 health who has 10 total armour points.
Ranged now has 9 health remaining

Spearman with 24 health has a 18 total attack points, and attacks Knight with 23 health who has 13 total armour points.
Knight now has 18 health remaining

Raider with 5 health has a 22 total attack points, and attacks Knight with 55 health who has 13 total armour points.
Knight now has 46 health remaining

Knight with 20 health has a 22 total attack points, and attacks Grunt with 42 health who has 11 total armour points.
Grunt now has 31 health remaining

Archer with 21 health has a 18 total attack points, and attacks Raider with 32 health who has 13 total armour points.
Raider now has 27 health remaining

Archer with 21 health has a 18 total attack points, and attacks Raider with 44 health who has 13 total armour points.
Raider now has 39 health remaining

Ranged with 15 health has a 18 total attack points, and attacks Archer with 6 health who has 10 total armour points.
Archer has died in combat.

Archer with 20 health has a 18 total attack points, and attacks Ranged with 13 health who has 10 total armour points.
Ranged now has 5 health remaining

Ranged with 7 health has a 18 total attack points, and attacks Archer with 26 health who has 10 total armour points.
Archer now has 18 health remaining

Footman with 20 health has a 17 total attack points, and attacks Spearman with 9 health who has 10 total armour points.
Spearman now has 2 health remaining

Archer with 37 health has a 18 total attack points, and attacks Spearman with 39 health who has 10 total armour points.
Spearman now has 31 health remaining

Archer with 37 health has a 18 total attack points, and attacks Raider with 26 health who has 13 total armour points.
Raider now has 21 health remaining

Spearman with 71 health has a 18 total attack points, and attacks Knight with 69 health who has 13 total armour points.
Knight now has 64 health remaining

Knight with 45 health has a 22 total attack points, and attacks Spearman with 25 health who has 10 total armour points.
Spearman now has 13 health remaining

Spearman with 2 health has a 18 total attack points, and attacks Archer with 2 health who has 10 total armour points.
Archer has died in combat.

Raider with 25 health has a 22 total attack points, and attacks Knight with 44 health who has 13 total armour points.
Knight now has 35 health remaining

Archer with 24 health has a 18 total attack points, and attacks Spearman with 12 health who has 10 total armour points.
Spearman now has 4 health remaining

Footman with 8 health has a 17 total attack points, and attacks Raider with 32 health who has 13 total armour points.
Raider now has 28 health remaining

Raider with 51 health has a 22 total attack points, and attacks Archer with 23 health who has 10 total armour points.
Archer now has 11 health remaining

Knight with 63 health has a 22 total attack points, and attacks Grunt with 30 health who has 11 total armour points.
Grunt now has 19 health remaining

Archer with 17 health has a 18 total attack points, and attacks Raider with 59 health who has 13 total armour points.
Raider now has 54 health remaining

Knight with 68 health has a 22 total attack points, and attacks Ranged with 12 health who has 10 total armour points.
Ranged has died in combat.

Spearman with 32 health has a 18 total attack points, and attacks Archer with 17 health who has 10 total armour points.
Archer now has 9 health remaining

Grunt with 2 health has a 17 total attack points, and attacks Knight with 7 health who has 13 total armour points.
Knight now has 3 health remaining

Raider with 32 health has a 22 total attack points, and attacks Footman with 27 health who has 11 total armour points.
Footman now has 16 health remaining

Grunt with 13 health has a 17 total attack points, and attacks Footman with 27 health who has 11 total armour points.
Footman now has 21 health remaining

Archer with 46 health has a 18 total attack points, and attacks Spearman with 28 health who has 10 total armour points.
Spearman now has 20 health remaining

Raider with 35 health has a 22 total attack points, and attacks Footman with 37 health who has 11 total armour points.
Footman now has 26 health remaining

Raider with 16 health has a 22 total attack points, and attacks Knight with 65 health who has 13 total armour points.
Knight now has 56 health remaining

Raider with 41 health has a 22 total attack points, and attacks Knight with 4 health who has 13 total armour points.
Knight has died in combat.

Grunt with 13 health has a 17 total attack points, and attacks Archer with 46 health who has 10 total armour points.
Archer now has 39 health remaining

Spearman with 71 health has a 18 total attack points, and attacks Archer with 53 health who has 10 total armour points.
Archer now has 45 health remaining

Archer with 1 health has a 18 total attack points, and attacks Grunt with 43 health who has 11 total armour points.
Grunt now has 36 health remaining

Ranged with 5 health has a 18 total attack points, and attacks Archer with 44 health who has 10 total armour points.
Archer now has 36 health remaining

Spearman with 21 health has a 18 total attack points, and attacks Footman with 13 health who has 11 total armour points.
Footman now has 6 health remaining

Footman with 26 health has a 17 total attack points, and attacks Raider with 7 health who has 13 total armour points.
Raider now has 3 health remaining

Knight with 67 health has a 22 total attack points, and attacks Raider with 58 health who has 13 total armour points.
Raider now has 49 health remaining

Grunt with 11 health has a 17 total attack points, and attacks Archer with 24 health who has 10 total armour points.
Archer now has 17 health remaining

Raider with 50 health has a 22 total attack points, and attacks Footman with 45 health who has 11 total armour points.
Footman now has 34 health remaining

Archer with 17 health has a 18 total attack points, and attacks Grunt with 40 health who has 11 total armour points.
Grunt now has 33 health remaining

Knight with 40 health has a 22 total attack points, and attacks Spearman with 42 health who has 10 total armour points.
Spearman now has 30 health remaining

Knight with 44 health has a 22 total attack points, and attacks Ranged with 1 health who has 10 total armour points.
Ranged has died in combat.

Archer with 8 health has a 18 total attack points, and attacks Ranged with 46 health who has 10 total armour points.
Ranged now has 38 health remaining

Raider with 19 health has a 22 total attack points, and attacks Knight with 9 health who has 13 total armour points.
Knight has died in combat.

Archer with 44 health has a 18 total attack points, and attacks Raider with 49 health who has 13 total armour points.
Raider now has 44 health remaining

Grunt with 46 health has a 17 total attack points, and attacks Footman with 20 health who has 11 total armour points.
Footman now has 14 health remaining

Knight with 35 health has a 22 total attack points, and attacks Grunt with 23 health who has 11 total armour points.
Grunt now has 12 health remaining

Raider with 34 health has a 22 total attack points, and attacks Knight with 12 health who has 13 total armour points.
Knight now has 3 health remaining

Archer with 66 health has a 18 total attack points, and attacks Grunt with 8 health who has 11 total armour points.
Grunt now has 1 health remaining

Archer with 46 health has a 18 total attack points, and attacks Spearman with 13 health who has 10 total armour points.
Spearman now has 5 health remaining

Archer with 13 health has a 18 total attack points, and attacks Spearman with 20 health who has 10 total armour points.
Spearman now has 12 health remaining

Raider with 46 health has a 22 total attack points, and attacks Footman with 27 health who has 11 total armour points.
Footman now has 16 health remaining

Raider with 38 health has a 22 total attack points, and attacks Footman with 40 health who has 11 total armour points.
Footman now has 29 health remaining

Raider with 60 health has a 22 total attack points, and attacks Knight with 16 health who has 13 total armour points.
Knight now has 7 health remaining

Archer with 37 health has a 18 total attack points, and attacks Raider with 64 health who has 13 total armour points.
Raider now has 59 health remaining

Raider with 28 health has a 22 total attack points, and attacks Archer with 44 health who has 10 total armour points.
Archer now has 32 health remaining

Ranged with 20 health has a 18 total attack points, and attacks Footman with 36 health who has 11 total armour points.
Footman now has 29 health remaining

Raider with 41 health has a 22 total attack points, and attacks Knight with 33 health who has 13 total armour points.
Knight now has 24 health remaining

Archer with 13 health has a 18 total attack points, and attacks Spearman with 3 health who has 10 total armour points.
Spearman has died in combat.

Footman with 45 health has a 17 total attack points, and attacks Raider with 31 health who has 13 total armour points.
Raider now has 27 health remaining

Grunt with 12 health has a 17 total attack points, and attacks Knight with 32 health who has 13 total armour points.
Knight now has 28 health remaining

Ranged with 33 health has a 18 total attack points, and attacks Archer with 46 health who has 10 total armour points.
Archer now has 38 health remaining

Knight with 27 health has a 22 total attack points, and attacks Ranged with 23 health who has 10 total armour points.
Ranged now has 11 health remaining

Archer with 56 health has a 18 total attack points, and attacks Ranged with 2 health who has 10 total armour points.
Ranged has died in combat.

Raider with 41 health has a 22 total attack points, and attacks Archer with 22 health who has 10 total armour points.
Archer now has 10 health remaining

Ranged with 33 health has a 18 total attack points, and attacks Archer with 54 health who has 10 total armour points.
Archer now has 46 health remaining

Ranged with 36 health has a 18 total attack points, and attacks Archer with 8 health who has 10 total armour points.
Archer has died in combat.

Ranged with 3 health has a 18 total attack points, and attacks Archer with 40 health who has 10 total armour points.
Archer now has 32 health remaining

Raider with 16 health has a 22 total attack points, and attacks Footman with 20 health who has 11 total armour points.
Footman now has 9 health remaining

Grunt with 33 health has a 17 total attack points, and attacks Knight with 58 health who has 13 total armour points.
Knight now has 54 health remaining

Spearman with 37 health has a 18 total attack points, and attacks Knight with 3 health who has 13 total armour points.
Knight has died in combat.

Archer with 32 health has a 18 total attack points, and attacks Ranged with 36 health who has 10 total armour points.
Ranged now has 28 health remaining

Raider with 21 health has a 22 total attack points, and attacks Archer with 15 health who has 10 total armour points.
Archer now has 3 health remaining

Spearman with 9 health has a 18 total attack points, and attacks Footman with 34 health who has 11 total armour points.
Footman now has 27 health remaining

Ranged with 52 health has a 18 total attack points, and attacks Archer with 42 health who has 10 total armour points.
Archer now has 34 health remaining

Knight with 27 health has a 22 total attack points, and attacks Spearman with 30 health who has 10 total armour points.
Spearman now has 18 health remaining

Spearman with 27 health has a 18 total attack points, and attacks Footman with 27 health who has 11 total armour points.
Footman now has 20 health remaining

Raider with 53 health has a 22 total attack points, and attacks Knight with 44 health who has 13 total armour points.
Knight now has 35 health remaining

Raider with 13 health has a 22 total attack points, and attacks Knight with 23 health who has 13 total armour points.
Knight now has 14 health remaining

Archer with 46 health has a 18 total attack points, and attacks Spearman with 66 health who has 10 total armour points.
Spearman now has 58 health remaining

Spearman with 19 health has a 18 total attack points, and attacks Archer with 83 health who has 10 total armour points.
Archer now has 75 health remaining

Grunt with 36 health has a 17 total attack points, and attacks Knight with 45 health who has 13 total armour points.
Knight now has 41 health remaining

Knight with 68 health has a 22 total attack points, and attacks Ranged with 20 health who has 10 total armour points.
Ranged now has 8 health remaining

Archer with 44 health has a 18 total attack points, and attacks Ranged with 32 health who has 10 total armour points.
Ranged now has 24 health remaining

Archer with 20 health has a 18 total attack points, and attacks Raider with 46 health who has 13 total armour points.
Raider now has 41 health remaining

Archer with 1 health has a 18 total attack points, and attacks Ranged with 16 health who has 10 total armour points.
Ranged now has 8 health remaining

Archer with 32 health has a 18 total attack points, and attacks Raider with 49 health who has 13 total armour points.
Raider now has 44 health remaining

Archer with 34 health has a 18 total attack points, and attacks Grunt with 26 health who has 11 total armour points.
Grunt now has 19 health remaining

Raider with 29 health has a 22 total attack points, and attacks Knight with 51 health who has 13 total armour points.
Knight now has 42 health remaining

Ranged with 2 health has a 18 total attack points, and attacks Knight with 55 health who has 13 total armour points.
Knight now has 50 health remaining

Footman with 45 health has a 17 total attack points, and attacks Grunt with 55 health who has 11 total armour points.
Grunt now has 49 health remaining

Footman with 33 health has a 17 total attack points, and attacks Grunt with 8 health who has 11 total armour points.
Grunt now has 2 health remaining

Spearman with 22 health has a 18 total attack points, and attacks Archer with 34 health who has 10 total armour points.
Archer now has 26 health remaining

Grunt with 45 health has a 17 total attack points, and attacks Archer with 63 health who has 10 total armour points.
Archer now has 56 health remaining

Grunt with 25 health has a 17 total attack points, and attacks Footman with 63 health who has 11 total armour points.
Footman now has 57 health remaining

Spearman with 21 health has a 18 total attack points, and attacks Knight with 40 health who has 13 total armour points.
Knight now has 35 health remaining

Footman with 40 health has a 17 total attack points, and attacks Raider with 27 health who has 13 total armour points.
Raider now has 23 health remaining

Footman with 46 health has a 17 total attack points, and attacks Gul´dan with 166 health who has 16 total armour points.
Gul´dan now has 165 health remaining

Ranged with 4 health has a 18 total attack points, and attacks Archer with 24 health who has 10 total armour points.
Archer now has 16 health remaining

Ranged with 23 health has a 18 total attack points, and attacks Archer with 18 health who has 10 total armour points.
Archer now has 10 health remaining

Raider with 69 health has a 22 total attack points, and attacks Knight with 37 health who has 13 total armour points.
Knight now has 28 health remaining

Spearman with 16 health has a 18 total attack points, and attacks Archer with 16 health who has 10 total armour points.
Archer now has 8 health remaining

Raider with 69 health has a 22 total attack points, and attacks Knight with 9 health who has 13 total armour points.
Knight has died in combat.

Raider with 41 health has a 22 total attack points, and attacks Archer with 37 health who has 10 total armour points.
Archer now has 25 health remaining

Knight with 61 health has a 22 total attack points, and attacks Spearman with 43 health who has 10 total armour points.
Spearman now has 31 health remaining

Footman with 32 health has a 17 total attack points, and attacks Grunt with 22 health who has 11 total armour points.
Grunt now has 16 health remaining

Ranged with 25 health has a 18 total attack points, and attacks Archer with 19 health who has 10 total armour points.
Archer now has 11 health remaining

Archer with 10 health has a 18 total attack points, and attacks Spearman with 15 health who has 10 total armour points.
Spearman now has 7 health remaining

Knight with 35 health has a 22 total attack points, and attacks Spearman with 47 health who has 10 total armour points.
Spearman now has 35 health remaining

Archer with 29 health has a 18 total attack points, and attacks Raider with 33 health who has 13 total armour points.
Raider now has 28 health remaining

Archer with 43 health has a 18 total attack points, and attacks Spearman with 27 health who has 10 total armour points.
Spearman now has 19 health remaining

Archer with 14 health has a 18 total attack points, and attacks Spearman with 7 health who has 10 total armour points.
Spearman has died in combat.

Knight with 68 health has a 22 total attack points, and attacks Spearman with 7 health who has 10 total armour points.
Spearman has died in combat.

Footman with 16 health has a 17 total attack points, and attacks Raider with 63 health who has 13 total armour points.
Raider now has 59 health remaining

Raider with 34 health has a 22 total attack points, and attacks Footman with 3 health who has 11 total armour points.
Footman has died in combat.

Archer with 56 health has a 18 total attack points, and attacks Raider with 3 health who has 13 total armour points.
Raider has died in combat.

Archer with 11 health has a 18 total attack points, and attacks Raider with 34 health who has 13 total armour points.
Raider now has 29 health remaining

Archer with 34 health has a 18 total attack points, and attacks Raider with 35 health who has 13 total armour points.
Raider now has 30 health remaining

Archer with 13 health has a 18 total attack points, and attacks Ranged with 10 health who has 10 total armour points.
Ranged now has 2 health remaining

Archer with 25 health has a 18 total attack points, and attacks Spearman with 19 health who has 10 total armour points.
Spearman now has 11 health remaining

Knight with 32 health has a 22 total attack points, and attacks Grunt with 36 health who has 11 total armour points.
Grunt now has 25 health remaining

Archer with 6 health has a 18 total attack points, and attacks Spearman with 27 health who has 10 total armour points.
Spearman now has 19 health remaining

Archer with 11 health has a 18 total attack points, and attacks Grunt with 49 health who has 11 total armour points.
Grunt now has 42 health remaining

Archer with 21 health has a 18 total attack points, and attacks Grunt with 12 health who has 11 total armour points.
Grunt now has 5 health remaining

Grunt with 21 health has a 17 total attack points, and attacks Knight with 18 health who has 13 total armour points.
Knight now has 14 health remaining

Raider with 66 health has a 22 total attack points, and attacks Knight with 51 health who has 13 total armour points.
Knight now has 42 health remaining

Knight with 63 health has a 22 total attack points, and attacks Spearman with 18 health who has 10 total armour points.
Spearman now has 6 health remaining

Footman with 62 health has a 17 total attack points, and attacks Raider with 35 health who has 13 total armour points.
Raider now has 31 health remaining

Archer with 56 health has a 18 total attack points, and attacks Grunt with 45 health who has 11 total armour points.
Grunt now has 38 health remaining

Grunt with 27 health has a 17 total attack points, and attacks Archer with 44 health who has 10 total armour points.
Archer now has 37 health remaining

Ranged with 23 health has a 18 total attack points, and attacks Archer with 9 health who has 10 total armour points.
Archer now has 1 health remaining

Spearman with 32 health has a 18 total attack points, and attacks Archer with 49 health who has 10 total armour points.
Archer now has 41 health remaining

Archer with 31 health has a 18 total attack points, and attacks Grunt with 10 health who has 11 total armour points.
Grunt now has 3 health remaining

Archer with 29 health has a 18 total attack points, and attacks Spearman with 46 health who has 10 total armour points.
Spearman now has 38 health remaining

Raider with 69 health has a 22 total attack points, and attacks Footman with 22 health who has 11 total armour points.
Footman now has 11 health remaining

Grunt with 13 health has a 17 total attack points, and attacks Footman with 21 health who has 11 total armour points.
Footman now has 15 health remaining

Ranged with 17 health has a 18 total attack points, and attacks Archer with 14 health who has 10 total armour points.
Archer now has 6 health remaining

Archer with 41 health has a 18 total attack points, and attacks Ranged with 35 health who has 10 total armour points.
Ranged now has 27 health remaining

Grunt with 26 health has a 17 total attack points, and attacks Knight with 63 health who has 13 total armour points.
Knight now has 59 health remaining

Spearman with 19 health has a 18 total attack points, and attacks Archer with 32 health who has 10 total armour points.
Archer now has 24 health remaining

Footman with 28 health has a 17 total attack points, and attacks Raider with 24 health who has 13 total armour points.
Raider now has 20 health remaining

Ranged with 29 health has a 18 total attack points, and attacks Knight with 20 health who has 13 total armour points.
Knight now has 15 health remaining

Ranged with 17 health has a 18 total attack points, and attacks Footman with 18 health who has 11 total armour points.
Footman now has 11 health remaining

Archer with 24 health has a 18 total attack points, and attacks Spearman with 42 health who has 10 total armour points.
Spearman now has 34 health remaining

Raider with 49 health has a 22 total attack points, and attacks Archer with 43 health who has 10 total armour points.
Archer now has 31 health remaining

Footman with 12 health has a 17 total attack points, and attacks Spearman with 20 health who has 10 total armour points.
Spearman now has 13 health remaining

Spearman with 14 health has a 18 total attack points, and attacks Archer with 34 health who has 10 total armour points.
Archer now has 26 health remaining

Raider with 69 health has a 22 total attack points, and attacks Archer with 2 health who has 10 total armour points.
Archer has died in combat.

Raider with 51 health has a 22 total attack points, and attacks Knight with 63 health who has 13 total armour points.
Knight now has 54 health remaining

Grunt with 44 health has a 17 total attack points, and attacks Footman with 18 health who has 11 total armour points.
Footman now has 12 health remaining

Knight with 39 health has a 22 total attack points, and attacks Grunt with 20 health who has 11 total armour points.
Grunt now has 9 health remaining

Grunt with 42 health has a 17 total attack points, and attacks Archer with 17 health who has 10 total armour points.
Archer now has 10 health remaining

Spearman with 11 health has a 18 total attack points, and attacks Footman with 5 health who has 11 total armour points.
Footman has died in combat.

Ranged with 17 health has a 18 total attack points, and attacks Archer with 82 health who has 10 total armour points.
Archer now has 74 health remaining

Raider with 27 health has a 22 total attack points, and attacks Knight with 72 health who has 13 total armour points.
Knight now has 63 health remaining

Grunt with 28 health has a 17 total attack points, and attacks Knight with 25 health who has 13 total armour points.
Knight now has 21 health remaining

Footman with 20 health has a 17 total attack points, and attacks Ranged with 2 health who has 10 total armour points.
Ranged has died in combat.

Knight with 21 health has a 22 total attack points, and attacks Spearman with 55 health who has 10 total armour points.
Spearman now has 43 health remaining

Grunt with 33 health has a 17 total attack points, and attacks Archer with 54 health who has 10 total armour points.
Archer now has 47 health remaining

Knight with 41 health has a 22 total attack points, and attacks Ranged with 17 health who has 10 total armour points.
Ranged now has 5 health remaining

Spearman with 30 health has a 18 total attack points, and attacks Knight with 42 health who has 13 total armour points.
Knight now has 37 health remaining

Footman with 29 health has a 17 total attack points, and attacks Raider with 48 health who has 13 total armour points.
Raider now has 44 health remaining

Raider with 54 health has a 22 total attack points, and attacks Footman with 10 health who has 11 total armour points.
Footman has died in combat.

Footman with 12 health has a 17 total attack points, and attacks Grunt with 49 health who has 11 total armour points.
Grunt now has 43 health remaining

Gul´dan with 165 health has a 27 total attack points, and attacks Footman with 40 health who has 11 total armour points.
Footman now has 24 health remaining

Spearman with 38 health has a 18 total attack points, and attacks Footman with 58 health who has 11 total armour points.
Footman now has 51 health remaining

Raider with 25 health has a 22 total attack points, and attacks Archer with 42 health who has 10 total armour points.
Archer now has 30 health remaining

Spearman with 71 health has a 18 total attack points, and attacks Knight with 22 health who has 13 total armour points.
Knight now has 17 health remaining

Archer with 24 health has a 18 total attack points, and attacks Raider with 51 health who has 13 total armour points.
Raider now has 46 health remaining

Ranged with 52 health has a 18 total attack points, and attacks Archer with 31 health who has 10 total armour points.
Archer now has 23 health remaining

Footman with 15 health has a 17 total attack points, and attacks Spearman with 24 health who has 10 total armour points.
Spearman now has 17 health remaining

Ranged with 29 health has a 18 total attack points, and attacks Footman with 11 health who has 11 total armour points.
Footman now has 4 health remaining

Spearman with 5 health has a 18 total attack points, and attacks Knight with 63 health who has 13 total armour points.
Knight now has 58 health remaining

Ranged with 30 health has a 18 total attack points, and attacks Archer with 11 health who has 10 total armour points.
Archer now has 3 health remaining

Spearman with 38 health has a 18 total attack points, and attacks Mountain King with 139 health who has 16 total armour points.
Mountain King now has 137 health remaining

Knight with 40 health has a 22 total attack points, and attacks Raider with 39 health who has 13 total armour points.
Raider now has 30 health remaining

Ranged with 27 health has a 18 total attack points, and attacks Archer with 24 health who has 10 total armour points.
Archer now has 16 health remaining

Knight with 68 health has a 22 total attack points, and attacks Ranged with 44 health who has 10 total armour points.
Ranged now has 32 health remaining

Raider with 44 health has a 22 total attack points, and attacks Footman with 6 health who has 11 total armour points.
Footman has died in combat.

Footman with 21 health has a 17 total attack points, and attacks Ranged with 3 health who has 10 total armour points.
Ranged has died in combat.

Ranged with 4 health has a 18 total attack points, and attacks Archer with 31 health who has 10 total armour points.
Archer now has 23 health remaining

Grunt with 12 health has a 17 total attack points, and attacks Knight with 57 health who has 13 total armour points.
Knight now has 53 health remaining

Raider with 40 health has a 22 total attack points, and attacks Footman with 29 health who has 11 total armour points.
Footman now has 18 health remaining

Grunt with 19 health has a 17 total attack points, and attacks Archer with 30 health who has 10 total armour points.
Archer now has 23 health remaining

Footman with 38 health has a 17 total attack points, and attacks Spearman with 19 health who has 10 total armour points.
Spearman now has 12 health remaining

Raider with 31 health has a 22 total attack points, and attacks Footman with 28 health who has 11 total armour points.
Footman now has 17 health remaining

Knight with 61 health has a 22 total attack points, and attacks Raider with 52 health who has 13 total armour points.
Raider now has 43 health remaining

Footman with 5 health has a 17 total attack points, and attacks Raider with 42 health who has 13 total armour points.
Raider now has 38 health remaining

Archer with 4 health has a 18 total attack points, and attacks Spearman with 28 health who has 10 total armour points.
Spearman now has 20 health remaining

Archer with 32 health has a 18 total attack points, and attacks Spearman with 22 health who has 10 total armour points.
Spearman now has 14 health remaining

Grunt with 28 health has a 17 total attack points, and attacks Archer with 23 health who has 10 total armour points.
Archer now has 16 health remaining

Spearman with 34 health has a 18 total attack points, and attacks Knight with 16 health who has 13 total armour points.
Knight now has 11 health remaining

Ranged with 32 health has a 18 total attack points, and attacks Archer with 28 health who has 10 total armour points.
Archer now has 20 health remaining

Archer with 21 health has a 18 total attack points, and attacks Raider with 34 health who has 13 total armour points.
Raider now has 29 health remaining

Grunt with 16 health has a 17 total attack points, and attacks Footman with 35 health who has 11 total armour points.
Footman now has 29 health remaining

Archer with 37 health has a 18 total attack points, and attacks Grunt with 9 health who has 11 total armour points.
Grunt now has 2 health remaining

Knight with 49 health has a 22 total attack points, and attacks Ranged with 30 health who has 10 total armour points.
Ranged now has 18 health remaining

Knight with 40 health has a 22 total attack points, and attacks Grunt with 38 health who has 11 total armour points.
Grunt now has 27 health remaining

Archer with 3 health has a 18 total attack points, and attacks Spearman with 6 health who has 10 total armour points.
Spearman has died in combat.

Spearman with 11 health has a 18 total attack points, and attacks Archer with 28 health who has 10 total armour points.
Archer now has 20 health remaining

Spearman with 30 health has a 18 total attack points, and attacks Footman with 28 health who has 11 total armour points.
Footman now has 21 health remaining

Ranged with 11 health has a 18 total attack points, and attacks Knight with 14 health who has 13 total armour points.
Knight now has 9 health remaining

Raider with 59 health has a 22 total attack points, and attacks Footman with 9 health who has 11 total armour points.
Footman has died in combat.

Ranged with 39 health has a 18 total attack points, and attacks Archer with 3 health who has 10 total armour points.
Archer has died in combat.

Raider with 21 health has a 22 total attack points, and attacks Footman with 21 health who has 11 total armour points.
Footman now has 10 health remaining

Ranged with 55 health has a 18 total attack points, and attacks Footman with 19 health who has 11 total armour points.
Footman now has 12 health remaining

Archer with 10 health has a 18 total attack points, and attacks Grunt with 16 health who has 11 total armour points.
Grunt now has 9 health remaining

Archer with 24 health has a 18 total attack points, and attacks Spearman with 12 health who has 10 total armour points.
Spearman now has 4 health remaining

Raider with 34 health has a 22 total attack points, and attacks Archer with 24 health who has 10 total armour points.
Archer now has 12 health remaining

Knight with 76 health has a 22 total attack points, and attacks Spearman with 32 health who has 10 total armour points.
Spearman now has 20 health remaining

Archer with 44 health has a 18 total attack points, and attacks Grunt with 48 health who has 11 total armour points.
Grunt now has 41 health remaining

Spearman with 14 health has a 18 total attack points, and attacks Archer with 19 health who has 10 total armour points.
Archer now has 11 health remaining

Ranged with 20 health has a 18 total attack points, and attacks Archer with 22 health who has 10 total armour points.
Archer now has 14 health remaining

Grunt with 1 health has a 17 total attack points, and attacks Knight with 17 health who has 13 total armour points.
Knight now has 13 health remaining

Knight with 45 health has a 22 total attack points, and attacks Grunt with 25 health who has 11 total armour points.
Grunt now has 14 health remaining

Archer with 44 health has a 18 total attack points, and attacks Spearman with 16 health who has 10 total armour points.
Spearman now has 8 health remaining

Footman with 53 health has a 17 total attack points, and attacks Grunt with 27 health who has 11 total armour points.
Grunt now has 21 health remaining

Archer with 66 health has a 18 total attack points, and attacks Spearman with 43 health who has 10 total armour points.
Spearman now has 35 health remaining

Spearman with 9 health has a 18 total attack points, and attacks Footman with 57 health who has 11 total armour points.
Footman now has 50 health remaining

Ranged with 5 health has a 18 total attack points, and attacks Knight with 20 health who has 13 total armour points.
Knight now has 15 health remaining

Grunt with 15 health has a 17 total attack points, and attacks Knight with 3 health who has 13 total armour points.
Knight has died in combat.

Knight with 68 health has a 22 total attack points, and attacks Raider with 55 health who has 13 total armour points.
Raider now has 46 health remaining

Archer with 12 health has a 18 total attack points, and attacks Spearman with 38 health who has 10 total armour points.
Spearman now has 30 health remaining

Raider with 57 health has a 22 total attack points, and attacks Archer with 25 health who has 10 total armour points.
Archer now has 13 health remaining

Archer with 84 health has a 18 total attack points, and attacks Ranged with 11 health who has 10 total armour points.
Ranged now has 3 health remaining

Footman with 34 health has a 17 total attack points, and attacks Raider with 72 health who has 13 total armour points.
Raider now has 68 health remaining

Footman with 17 health has a 17 total attack points, and attacks Grunt with 28 health who has 11 total armour points.
Grunt now has 22 health remaining

Spearman with 4 health has a 18 total attack points, and attacks Footman with 26 health who has 11 total armour points.
Footman now has 19 health remaining

Spearman with 67 health has a 18 total attack points, and attacks Knight with 35 health who has 13 total armour points.
Knight now has 30 health remaining

Archer with 66 health has a 18 total attack points, and attacks Grunt with 51 health who has 11 total armour points.
Grunt now has 44 health remaining

Archer with 20 health has a 18 total attack points, and attacks Grunt with 9 health who has 11 total armour points.
Grunt now has 2 health remaining

Footman with 26 health has a 17 total attack points, and attacks Raider with 54 health who has 13 total armour points.
Raider now has 50 health remaining

Grunt with 41 health has a 17 total attack points, and attacks Footman with 20 health who has 11 total armour points.
Footman now has 14 health remaining

Knight with 15 health has a 22 total attack points, and attacks Grunt with 32 health who has 11 total armour points.
Grunt now has 21 health remaining

Ranged with 60 health has a 18 total attack points, and attacks Archer with 27 health who has 10 total armour points.
Archer now has 19 health remaining

Raider with 2 health has a 22 total attack points, and attacks Knight with 15 health who has 13 total armour points.
Knight now has 6 health remaining

Raider with 41 health has a 22 total attack points, and attacks Archer with 17 health who has 10 total armour points.
Archer now has 5 health remaining

Grunt with 21 health has a 17 total attack points, and attacks Archer with 37 health who has 10 total armour points.
Archer now has 30 health remaining

Knight with 50 health has a 22 total attack points, and attacks Raider with 31 health who has 13 total armour points.
Raider now has 22 health remaining

Archer with 28 health has a 18 total attack points, and attacks Raider with 34 health who has 13 total armour points.
Raider now has 29 health remaining

Ranged with 2 health has a 18 total attack points, and attacks Archer with 38 health who has 10 total armour points.
Archer now has 30 health remaining

Footman with 28 health has a 17 total attack points, and attacks Spearman with 50 health who has 10 total armour points.
Spearman now has 43 health remaining

Archer with 75 health has a 18 total attack points, and attacks Spearman with 60 health who has 10 total armour points.
Spearman now has 52 health remaining

Archer with 56 health has a 18 total attack points, and attacks Raider with 29 health who has 13 total armour points.
Raider now has 24 health remaining

Knight with 42 health has a 22 total attack points, and attacks Grunt with 14 health who has 11 total armour points.
Grunt now has 3 health remaining

Footman with 11 health has a 17 total attack points, and attacks Raider with 39 health who has 13 total armour points.
Raider now has 35 health remaining

Grunt with 2 health has a 17 total attack points, and attacks Footman with 17 health who has 11 total armour points.
Footman now has 11 health remaining

Footman with 5 health has a 17 total attack points, and attacks Grunt with 5 health who has 11 total armour points.
Grunt has died in combat.

Spearman with 30 health has a 18 total attack points, and attacks Footman with 28 health who has 11 total armour points.
Footman now has 21 health remaining

Footman with 17 health has a 17 total attack points, and attacks Ranged with 58 health who has 10 total armour points.
Ranged now has 51 health remaining

Ranged with 5 health has a 18 total attack points, and attacks Knight with 39 health who has 13 total armour points.
Knight now has 34 health remaining

Knight with 4 health has a 22 total attack points, and attacks Spearman with 5 health who has 10 total armour points.
Spearman has died in combat.

Spearman with 14 health has a 18 total attack points, and attacks Archer with 13 health who has 10 total armour points.
Archer now has 5 health remaining

Raider with 41 health has a 22 total attack points, and attacks Archer with 28 health who has 10 total armour points.
Archer now has 16 health remaining

Archer with 44 health has a 18 total attack points, and attacks Ranged with 21 health who has 10 total armour points.
Ranged now has 13 health remaining

Footman with 5 health has a 17 total attack points, and attacks Ranged with 5 health who has 10 total armour points.
Ranged has died in combat.

Grunt with 47 health has a 17 total attack points, and attacks Knight with 42 health who has 13 total armour points.
Knight now has 38 health remaining

Raider with 8 health has a 22 total attack points, and attacks Footman with 31 health who has 11 total armour points.
Footman now has 20 health remaining

Raider with 21 health has a 22 total attack points, and attacks Footman with 20 health who has 11 total armour points.
Footman now has 9 health remaining

Raider with 30 health has a 22 total attack points, and attacks Archer with 29 health who has 10 total armour points.
Archer now has 17 health remaining

Grunt with 2 health has a 17 total attack points, and attacks Footman with 65 health who has 11 total armour points.
Footman now has 59 health remaining

Archer with 23 health has a 18 total attack points, and attacks Ranged with 8 health who has 10 total armour points.
Ranged has died in combat.

Archer with 60 health has a 18 total attack points, and attacks Raider with 19 health who has 13 total armour points.
Raider now has 14 health remaining

Raider with 14 health has a 22 total attack points, and attacks Knight with 3 health who has 13 total armour points.
Knight has died in combat.

Archer with 26 health has a 18 total attack points, and attacks Ranged with 33 health who has 10 total armour points.
Ranged now has 25 health remaining

Footman with 21 health has a 17 total attack points, and attacks Spearman with 34 health who has 10 total armour points.
Spearman now has 27 health remaining

Footman with 39 health has a 17 total attack points, and attacks Raider with 36 health who has 13 total armour points.
Raider now has 32 health remaining

Spearman with 31 health has a 18 total attack points, and attacks Footman with 49 health who has 11 total armour points.
Footman now has 42 health remaining

Knight with 19 health has a 22 total attack points, and attacks Raider with 5 health who has 13 total armour points.
Raider has died in combat.

Grunt with 14 health has a 17 total attack points, and attacks Knight with 68 health who has 13 total armour points.
Knight now has 64 health remaining

Raider with 29 health has a 22 total attack points, and attacks Footman with 40 health who has 11 total armour points.
Footman now has 29 health remaining

Footman with 4 health has a 17 total attack points, and attacks Grunt with 14 health who has 11 total armour points.
Grunt now has 8 health remaining

Footman with 2 health has a 17 total attack points, and attacks Spearman with 17 health who has 10 total armour points.
Spearman now has 10 health remaining

Ranged with 39 health has a 18 total attack points, and attacks Archer with 7 health who has 10 total armour points.
Archer has died in combat.

Ranged with 38 health has a 18 total attack points, and attacks Archer with 47 health who has 10 total armour points.
Archer now has 39 health remaining

Knight with 27 health has a 22 total attack points, and attacks Spearman with 10 health who has 10 total armour points.
Spearman has died in combat.

Raider with 37 health has a 22 total attack points, and attacks Footman with 11 health who has 11 total armour points.
Footman has died in combat.

Raider with 41 health has a 22 total attack points, and attacks Archer with 25 health who has 10 total armour points.
Archer now has 13 health remaining

Knight with 13 health has a 22 total attack points, and attacks Spearman with 14 health who has 10 total armour points.
Spearman now has 2 health remaining

Grunt with 41 health has a 17 total attack points, and attacks Knight with 44 health who has 13 total armour points.
Knight now has 40 health remaining

Raider with 27 health has a 22 total attack points, and attacks Knight with 54 health who has 13 total armour points.
Knight now has 45 health remaining

Archer with 54 health has a 18 total attack points, and attacks Grunt with 21 health who has 11 total armour points.
Grunt now has 14 health remaining

Archer with 74 health has a 18 total attack points, and attacks Ranged with 25 health who has 10 total armour points.
Ranged now has 17 health remaining

Raider with 21 health has a 22 total attack points, and attacks Archer with 52 health who has 10 total armour points.
Archer now has 40 health remaining

Spearman with 52 health has a 18 total attack points, and attacks Archer with 34 health who has 10 total armour points.
Archer now has 26 health remaining

Archer with 10 health has a 18 total attack points, and attacks Ranged with 7 health who has 10 total armour points.
Ranged has died in combat.

Ranged with 20 health has a 18 total attack points, and attacks Archer with 43 health who has 10 total armour points.
Archer now has 35 health remaining

Knight with 76 health has a 22 total attack points, and attacks Grunt with 44 health who has 11 total armour points.
Grunt now has 33 health remaining

Grunt with 12 health has a 17 total attack points, and attacks Archer with 37 health who has 10 total armour points.
Archer now has 30 health remaining

Raider with 59 health has a 22 total attack points, and attacks Archer with 17 health who has 10 total armour points.
Archer now has 5 health remaining

Archer with 48 health has a 18 total attack points, and attacks Grunt with 27 health who has 11 total armour points.
Grunt now has 20 health remaining

Archer with 31 health has a 18 total attack points, and attacks Ranged with 39 health who has 10 total armour points.
Ranged now has 31 health remaining

Archer with 1 health has a 18 total attack points, and attacks Ranged with 26 health who has 10 total armour points.
Ranged now has 18 health remaining

Archer with 14 health has a 18 total attack points, and attacks Spearman with 56 health who has 10 total armour points.
Spearman now has 48 health remaining

Spearman with 58 health has a 18 total attack points, and attacks Footman with 33 health who has 11 total armour points.
Footman now has 26 health remaining

Raider with 35 health has a 22 total attack points, and attacks Footman with 29 health who has 11 total armour points.
Footman now has 18 health remaining

Ranged with 50 health has a 18 total attack points, and attacks Archer with 54 health who has 10 total armour points.
Archer now has 46 health remaining

Footman with 39 health has a 17 total attack points, and attacks Grunt with 30 health who has 11 total armour points.
Grunt now has 24 health remaining

Archer with 63 health has a 18 total attack points, and attacks Raider with 33 health who has 13 total armour points.
Raider now has 28 health remaining

Raider with 12 health has a 22 total attack points, and attacks Archer with 46 health who has 10 total armour points.
Archer now has 34 health remaining

Footman with 42 health has a 17 total attack points, and attacks Spearman with 4 health who has 10 total armour points.
Spearman has died in combat.

Archer with 31 health has a 18 total attack points, and attacks Raider with 24 health who has 13 total armour points.
Raider now has 19 health remaining

Grunt with 57 health has a 17 total attack points, and attacks Archer with 31 health who has 10 total armour points.
Archer now has 24 health remaining

Archer with 13 health has a 18 total attack points, and attacks Grunt with 26 health who has 11 total armour points.
Grunt now has 19 health remaining

Archer with 4 health has a 18 total attack points, and attacks Grunt with 21 health who has 11 total armour points.
Grunt now has 14 health remaining

Footman with 24 health has a 17 total attack points, and attacks Raider with 69 health who has 13 total armour points.
Raider now has 65 health remaining

Archer with 54 health has a 18 total attack points, and attacks Raider with 25 health who has 13 total armour points.
Raider now has 20 health remaining

Grunt with 17 health has a 17 total attack points, and attacks Archer with 1 health who has 10 total armour points.
Archer has died in combat.

Knight with 55 health has a 22 total attack points, and attacks Spearman with 20 health who has 10 total armour points.
Spearman now has 8 health remaining

Knight with 45 health has a 22 total attack points, and attacks Ranged with 38 health who has 10 total armour points.
Ranged now has 26 health remaining

Knight with 14 health has a 22 total attack points, and attacks Raider with 50 health who has 13 total armour points.
Raider now has 41 health remaining

Footman with 21 health has a 17 total attack points, and attacks Raider with 2 health who has 13 total armour points.
Raider has died in combat.

Archer with 16 health has a 18 total attack points, and attacks Spearman with 7 health who has 10 total armour points.
Spearman has died in combat.

Archer with 74 health has a 18 total attack points, and attacks Raider with 41 health who has 13 total armour points.
Raider now has 36 health remaining

Grunt with 29 health has a 17 total attack points, and attacks Footman with 46 health who has 11 total armour points.
Footman now has 40 health remaining

Ranged with 25 health has a 18 total attack points, and attacks Archer with 5 health who has 10 total armour points.
Archer has died in combat.

Grunt with 36 health has a 17 total attack points, and attacks Knight with 15 health who has 13 total armour points.
Knight now has 11 health remaining

Archer with 44 health has a 18 total attack points, and attacks Raider with 41 health who has 13 total armour points.
Raider now has 36 health remaining

Grunt with 19 health has a 17 total attack points, and attacks Footman with 29 health who has 11 total armour points.
Footman now has 23 health remaining

Footman with 26 health has a 17 total attack points, and attacks Grunt with 46 health who has 11 total armour points.
Grunt now has 40 health remaining

Footman with 40 health has a 17 total attack points, and attacks Grunt with 19 health who has 11 total armour points.
Grunt now has 13 health remaining

Spearman with 58 health has a 18 total attack points, and attacks Footman with 12 health who has 11 total armour points.
Footman now has 5 health remaining

Knight with 59 health has a 22 total attack points, and attacks Raider with 9 health who has 13 total armour points.
Raider has died in combat.

Spearman with 14 health has a 18 total attack points, and attacks Footman with 19 health who has 11 total armour points.
Footman now has 12 health remaining

Footman with 6 health has a 17 total attack points, and attacks Spearman with 15 health who has 10 total armour points.
Spearman now has 8 health remaining

Archer with 46 health has a 18 total attack points, and attacks Raider with 19 health who has 13 total armour points.
Raider now has 14 health remaining

Archer with 11 health has a 18 total attack points, and attacks Ranged with 5 health who has 10 total armour points.
Ranged has died in combat.

Raider with 60 health has a 22 total attack points, and attacks Archer with 6 health who has 10 total armour points.
Archer has died in combat.

Footman with 26 health has a 17 total attack points, and attacks Ranged with 33 health who has 10 total armour points.
Ranged now has 26 health remaining

Ranged with 27 health has a 18 total attack points, and attacks Archer with 11 health who has 10 total armour points.
Archer now has 3 health remaining

Raider with 12 health has a 22 total attack points, and attacks Archer with 12 health who has 10 total armour points.
Archer has died in combat.

Grunt with 36 health has a 17 total attack points, and attacks Footman with 26 health who has 11 total armour points.
Footman now has 20 health remaining

Footman with 8 health has a 17 total attack points, and attacks Spearman with 35 health who has 10 total armour points.
Spearman now has 28 health remaining

Footman with 29 health has a 17 total attack points, and attacks Spearman with 19 health who has 10 total armour points.
Spearman now has 12 health remaining

Knight with 39 health has a 22 total attack points, and attacks Raider with 27 health who has 13 total armour points.
Raider now has 18 health remaining

Archer with 11 health has a 18 total attack points, and attacks Spearman with 12 health who has 10 total armour points.
Spearman now has 4 health remaining

Raider with 7 health has a 22 total attack points, and attacks Knight with 17 health who has 13 total armour points.
Knight now has 8 health remaining

Knight with 28 health has a 22 total attack points, and attacks Grunt with 15 health who has 11 total armour points.
Grunt now has 4 health remaining

Mountain King with 137 health has a 27 total attack points, and attacks Grunt with 27 health who has 11 total armour points.
Grunt now has 11 health remaining

Gul´dan with 165 health has a 27 total attack points, and attacks Archer with 21 health who has 10 total armour points.
Archer now has 4 health remaining

Raider with 44 health has a 22 total attack points, and attacks Knight with 17 health who has 13 total armour points.
Knight now has 8 health remaining

Knight with 68 health has a 22 total attack points, and attacks Grunt with 49 health who has 11 total armour points.
Grunt now has 38 health remaining

Footman with 14 health has a 17 total attack points, and attacks Spearman with 74 health who has 10 total armour points.
Spearman now has 67 health remaining

Spearman with 32 health has a 18 total attack points, and attacks Knight with 15 health who has 13 total armour points.
Knight now has 10 health remaining

Raider with 45 health has a 22 total attack points, and attacks Footman with 26 health who has 11 total armour points.
Footman now has 15 health remaining

Archer with 39 health has a 18 total attack points, and attacks Raider with 62 health who has 13 total armour points.
Raider now has 57 health remaining

Raider with 36 health has a 22 total attack points, and attacks Archer with 18 health who has 10 total armour points.
Archer now has 6 health remaining

Spearman with 6 health has a 18 total attack points, and attacks Archer with 63 health who has 10 total armour points.
Archer now has 55 health remaining

Ranged with 2 health has a 18 total attack points, and attacks Archer with 23 health who has 10 total armour points.
Archer now has 15 health remaining

Knight with 24 health has a 22 total attack points, and attacks Grunt with 25 health who has 11 total armour points.
Grunt now has 14 health remaining

Footman with 62 health has a 17 total attack points, and attacks Spearman with 9 health who has 10 total armour points.
Spearman now has 2 health remaining

Archer with 11 health has a 18 total attack points, and attacks Spearman with 14 health who has 10 total armour points.
Spearman now has 6 health remaining

Grunt with 14 health has a 17 total attack points, and attacks Archer with 39 health who has 10 total armour points.
Archer now has 32 health remaining

Raider with 27 health has a 22 total attack points, and attacks Footman with 25 health who has 11 total armour points.
Footman now has 14 health remaining

Grunt with 36 health has a 17 total attack points, and attacks Footman with 31 health who has 11 total armour points.
Footman now has 25 health remaining

Knight with 36 health has a 22 total attack points, and attacks Spearman with 20 health who has 10 total armour points.
Spearman now has 8 health remaining

Mountain King with 137 health has a 27 total attack points, and attacks Grunt with 24 health who has 11 total armour points.
Grunt now has 8 health remaining

Raider with 21 health has a 22 total attack points, and attacks Archer with 20 health who has 10 total armour points.
Archer now has 8 health remaining

Ranged with 52 health has a 18 total attack points, and attacks Archer with 48 health who has 10 total armour points.
Archer now has 40 health remaining

Archer with 66 health has a 18 total attack points, and attacks Ranged with 31 health who has 10 total armour points.
Ranged now has 23 health remaining

Raider with 36 health has a 22 total attack points, and attacks Knight with 45 health who has 13 total armour points.
Knight now has 36 health remaining

Knight with 55 health has a 22 total attack points, and attacks Spearman with 67 health who has 10 total armour points.
Spearman now has 55 health remaining

Ranged with 24 health has a 18 total attack points, and attacks Knight with 18 health who has 13 total armour points.
Knight now has 13 health remaining

Footman with 5 health has a 17 total attack points, and attacks Grunt with 31 health who has 11 total armour points.
Grunt now has 25 health remaining

Knight with 76 health has a 22 total attack points, and attacks Ranged with 13 health who has 10 total armour points.
Ranged now has 1 health remaining

Raider with 27 health has a 22 total attack points, and attacks Footman with 11 health who has 11 total armour points.
Footman has died in combat.

Knight with 24 health has a 22 total attack points, and attacks Ranged with 20 health who has 10 total armour points.
Ranged now has 8 health remaining

Archer with 36 health has a 18 total attack points, and attacks Ranged with 27 health who has 10 total armour points.
Ranged now has 19 health remaining

Grunt with 40 health has a 17 total attack points, and attacks Archer with 43 health who has 10 total armour points.
Archer now has 36 health remaining

Knight with 86 health has a 22 total attack points, and attacks Ranged with 24 health who has 10 total armour points.
Ranged now has 12 health remaining

Spearman with 1 health has a 18 total attack points, and attacks Knight with 50 health who has 13 total armour points.
Knight now has 45 health remaining

Archer with 30 health has a 18 total attack points, and attacks Ranged with 17 health who has 10 total armour points.
Ranged now has 9 health remaining

Knight with 11 health has a 22 total attack points, and attacks Gul´dan with 165 health who has 16 total armour points.
Gul´dan now has 159 health remaining

Archer with 36 health has a 18 total attack points, and attacks Grunt with 13 health who has 11 total armour points.
Grunt now has 6 health remaining

Raider with 43 health has a 22 total attack points, and attacks Footman with 9 health who has 11 total armour points.
Footman has died in combat.

Knight with 24 health has a 22 total attack points, and attacks Raider with 23 health who has 13 total armour points.
Raider now has 14 health remaining

Footman with 10 health has a 17 total attack points, and attacks Raider with 54 health who has 13 total armour points.
Raider now has 50 health remaining

Grunt with 2 health has a 17 total attack points, and attacks Archer with 48 health who has 10 total armour points.
Archer now has 41 health remaining

Grunt with 22 health has a 17 total attack points, and attacks Archer with 23 health who has 10 total armour points.
Archer now has 16 health remaining

Spearman with 48 health has a 18 total attack points, and attacks Footman with 16 health who has 11 total armour points.
Footman now has 9 health remaining

Knight with 34 health has a 22 total attack points, and attacks Grunt with 14 health who has 11 total armour points.
Grunt now has 3 health remaining

Raider with 43 health has a 22 total attack points, and attacks Knight with 8 health who has 13 total armour points.
Knight has died in combat.

Archer with 12 health has a 18 total attack points, and attacks Raider with 29 health who has 13 total armour points.
Raider now has 24 health remaining

Raider with 44 health has a 22 total attack points, and attacks Archer with 36 health who has 10 total armour points.
Archer now has 24 health remaining

Knight with 33 health has a 22 total attack points, and attacks Ranged with 5 health who has 10 total armour points.
Ranged has died in combat.

Grunt with 11 health has a 17 total attack points, and attacks Archer with 15 health who has 10 total armour points.
Archer now has 8 health remaining

Spearman with 12 health has a 18 total attack points, and attacks Footman with 15 health who has 11 total armour points.
Footman now has 8 health remaining

Footman with 18 health has a 17 total attack points, and attacks Raider with 16 health who has 13 total armour points.
Raider now has 12 health remaining

Knight with 66 health has a 22 total attack points, and attacks Raider with 44 health who has 13 total armour points.
Raider now has 35 health remaining

Raider with 41 health has a 22 total attack points, and attacks Archer with 13 health who has 10 total armour points.
Archer now has 1 health remaining

Archer with 24 health has a 18 total attack points, and attacks Spearman with 12 health who has 10 total armour points.
Spearman now has 4 health remaining

Knight with 28 health has a 22 total attack points, and attacks Grunt with 12 health who has 11 total armour points.
Grunt now has 1 health remaining

Knight with 28 health has a 22 total attack points, and attacks Ranged with 51 health who has 10 total armour points.
Ranged now has 39 health remaining

Archer with 11 health has a 18 total attack points, and attacks Raider with 38 health who has 13 total armour points.
Raider now has 33 health remaining

Spearman with 28 health has a 18 total attack points, and attacks Knight with 61 health who has 13 total armour points.
Knight now has 56 health remaining

Raider with 35 health has a 22 total attack points, and attacks Knight with 10 health who has 13 total armour points.
Knight now has 1 health remaining

Archer with 44 health has a 18 total attack points, and attacks Raider with 27 health who has 13 total armour points.
Raider now has 22 health remaining

Footman with 10 health has a 17 total attack points, and attacks Raider with 14 health who has 13 total armour points.
Raider now has 10 health remaining

Ranged with 26 health has a 18 total attack points, and attacks Knight with 14 health who has 13 total armour points.
Knight now has 9 health remaining

Spearman with 10 health has a 18 total attack points, and attacks Footman with 52 health who has 11 total armour points.
Footman now has 45 health remaining

Footman with 50 health has a 17 total attack points, and attacks Spearman with 27 health who has 10 total armour points.
Spearman now has 20 health remaining

Raider with 38 health has a 22 total attack points, and attacks Footman with 18 health who has 11 total armour points.
Footman now has 7 health remaining

Spearman with 31 health has a 18 total attack points, and attacks Knight with 30 health who has 13 total armour points.
Knight now has 25 health remaining

Raider with 40 health has a 22 total attack points, and attacks Archer with 48 health who has 10 total armour points.
Archer now has 36 health remaining

Archer with 25 health has a 18 total attack points, and attacks Grunt with 26 health who has 11 total armour points.
Grunt now has 19 health remaining

Grunt with 21 health has a 17 total attack points, and attacks Footman with 32 health who has 11 total armour points.
Footman now has 26 health remaining

Spearman with 38 health has a 18 total attack points, and attacks Archer with 10 health who has 10 total armour points.
Archer now has 2 health remaining

Spearman with 10 health has a 18 total attack points, and attacks Archer with 10 health who has 10 total armour points.
Archer now has 2 health remaining

Knight with 38 health has a 22 total attack points, and attacks Ranged with 20 health who has 10 total armour points.
Ranged now has 8 health remaining

Knight with 8 health has a 22 total attack points, and attacks Grunt with 6 health who has 11 total armour points.
Grunt has died in combat.

Spearman with 52 health has a 18 total attack points, and attacks Knight with 67 health who has 13 total armour points.
Knight now has 62 health remaining

Spearman with 4 health has a 18 total attack points, and attacks Knight with 13 health who has 13 total armour points.
Knight now has 8 health remaining

Raider with 59 health has a 22 total attack points, and attacks Footman with 14 health who has 11 total armour points.
Footman now has 3 health remaining

Spearman with 10 health has a 18 total attack points, and attacks Archer with 26 health who has 10 total armour points.
Archer now has 18 health remaining

Raider with 46 health has a 22 total attack points, and attacks Knight with 19 health who has 13 total armour points.
Knight now has 10 health remaining

Archer with 44 health has a 18 total attack points, and attacks Raider with 34 health who has 13 total armour points.
Raider now has 29 health remaining

Raider with 43 health has a 22 total attack points, and attacks Footman with 12 health who has 11 total armour points.
Footman now has 1 health remaining

Grunt with 4 health has a 17 total attack points, and attacks Knight with 49 health who has 13 total armour points.
Knight now has 45 health remaining

Archer with 11 health has a 18 total attack points, and attacks Grunt with 20 health who has 11 total armour points.
Grunt now has 13 health remaining

Knight with 43 health has a 22 total attack points, and attacks Spearman with 55 health who has 10 total armour points.
Spearman now has 43 health remaining

Archer with 10 health has a 18 total attack points, and attacks Spearman with 38 health who has 10 total armour points.
Spearman now has 30 health remaining

Knight with 64 health has a 22 total attack points, and attacks Ranged with 15 health who has 10 total armour points.
Ranged now has 3 health remaining

Grunt with 27 health has a 17 total attack points, and attacks Archer with 23 health who has 10 total armour points.
Archer now has 16 health remaining

Archer with 18 health has a 18 total attack points, and attacks Ranged with 8 health who has 10 total armour points.
Ranged has died in combat.

Raider with 50 health has a 22 total attack points, and attacks Archer with 13 health who has 10 total armour points.
Archer now has 1 health remaining

Archer with 8 health has a 18 total attack points, and attacks Spearman with 2 health who has 10 total armour points.
Spearman has died in combat.

Archer with 16 health has a 18 total attack points, and attacks Raider with 36 health who has 13 total armour points.
Raider now has 31 health remaining

Knight with 17 health has a 22 total attack points, and attacks Grunt with 20 health who has 11 total armour points.
Grunt now has 9 health remaining

Knight with 13 health has a 22 total attack points, and attacks Spearman with 30 health who has 10 total armour points.
Spearman now has 18 health remaining

Grunt with 28 health has a 17 total attack points, and attacks Archer with 3 health who has 10 total armour points.
Archer has died in combat.

Footman with 39 health has a 17 total attack points, and attacks Grunt with 9 health who has 11 total armour points.
Grunt now has 3 health remaining

Footman with 1 health has a 17 total attack points, and attacks Raider with 29 health who has 13 total armour points.
Raider now has 25 health remaining

Archer with 3 health has a 18 total attack points, and attacks Raider with 31 health who has 13 total armour points.
Raider now has 26 health remaining

Grunt with 3 health has a 17 total attack points, and attacks Archer with 16 health who has 10 total armour points.
Archer now has 9 health remaining

Knight with 24 health has a 22 total attack points, and attacks Raider with 73 health who has 13 total armour points.
Raider now has 64 health remaining

Ranged with 19 health has a 18 total attack points, and attacks Archer with 12 health who has 10 total armour points.
Archer now has 4 health remaining

Raider with 35 health has a 22 total attack points, and attacks Knight with 68 health who has 13 total armour points.
Knight now has 59 health remaining

Knight with 62 health has a 22 total attack points, and attacks Ranged with 23 health who has 10 total armour points.
Ranged now has 11 health remaining

Ranged with 11 health has a 18 total attack points, and attacks Footman with 16 health who has 11 total armour points.
Footman now has 9 health remaining

Archer with 17 health has a 18 total attack points, and attacks Spearman with 8 health who has 10 total armour points.
Spearman has died in combat.

Ranged with 60 health has a 18 total attack points, and attacks Archer with 74 health who has 10 total armour points.
Archer now has 66 health remaining

Knight with 8 health has a 22 total attack points, and attacks Grunt with 2 health who has 11 total armour points.
Grunt has died in combat.

Raider with 10 health has a 22 total attack points, and attacks Archer with 10 health who has 10 total armour points.
Archer has died in combat.

Archer with 1 health has a 18 total attack points, and attacks Grunt with 1 health who has 11 total armour points.
Grunt has died in combat.

Spearman with 38 health has a 18 total attack points, and attacks Knight with 40 health who has 13 total armour points.
Knight now has 35 health remaining

Knight with 37 health has a 22 total attack points, and attacks Grunt with 32 health who has 11 total armour points.
Grunt now has 21 health remaining

Spearman with 48 health has a 18 total attack points, and attacks Knight with 66 health who has 13 total armour points.
Knight now has 61 health remaining

Spearman with 10 health has a 18 total attack points, and attacks Knight with 21 health who has 13 total armour points.
Knight now has 16 health remaining

Grunt with 17 health has a 17 total attack points, and attacks Knight with 51 health who has 13 total armour points.
Knight now has 47 health remaining

Knight with 29 health has a 22 total attack points, and attacks Raider with 12 health who has 13 total armour points.
Raider now has 3 health remaining

Archer with 2 health has a 18 total attack points, and attacks Ranged with 3 health who has 10 total armour points.
Ranged has died in combat.

Ranged with 18 health has a 18 total attack points, and attacks Archer with 24 health who has 10 total armour points.
Archer now has 16 health remaining

Archer with 16 health has a 18 total attack points, and attacks Raider with 10 health who has 13 total armour points.
Raider now has 5 health remaining

Grunt with 27 health has a 17 total attack points, and attacks Footman with 10 health who has 11 total armour points.
Footman now has 4 health remaining

Knight with 68 health has a 22 total attack points, and attacks Spearman with 37 health who has 10 total armour points.
Spearman now has 25 health remaining

Grunt with 2 health has a 17 total attack points, and attacks Knight with 55 health who has 13 total armour points.
Knight now has 51 health remaining

Archer with 26 health has a 18 total attack points, and attacks Raider with 43 health who has 13 total armour points.
Raider now has 38 health remaining

Raider with 35 health has a 22 total attack points, and attacks Footman with 50 health who has 11 total armour points.
Footman now has 39 health remaining

Knight with 1 health has a 22 total attack points, and attacks Ranged with 26 health who has 10 total armour points.
Ranged now has 14 health remaining

Archer with 30 health has a 18 total attack points, and attacks Spearman with 43 health who has 10 total armour points.
Spearman now has 35 health remaining

Grunt with 27 health has a 17 total attack points, and attacks Knight with 47 health who has 13 total armour points.
Knight now has 43 health remaining

Raider with 14 health has a 22 total attack points, and attacks Archer with 11 health who has 10 total armour points.
Archer has died in combat.

Raider with 38 health has a 22 total attack points, and attacks Footman with 62 health who has 11 total armour points.
Footman now has 51 health remaining

Archer with 36 health has a 18 total attack points, and attacks Grunt with 41 health who has 11 total armour points.
Grunt now has 34 health remaining

Grunt with 41 health has a 17 total attack points, and attacks Footman with 5 health who has 11 total armour points.
Footman has died in combat.

Archer with 25 health has a 18 total attack points, and attacks Ranged with 40 health who has 10 total armour points.
Ranged now has 32 health remaining

Footman with 25 health has a 17 total attack points, and attacks Spearman with 30 health who has 10 total armour points.
Spearman now has 23 health remaining

Archer with 13 health has a 18 total attack points, and attacks Raider with 37 health who has 13 total armour points.
Raider now has 32 health remaining

Footman with 45 health has a 17 total attack points, and attacks Grunt with 19 health who has 11 total armour points.
Grunt now has 13 health remaining

Grunt with 14 health has a 17 total attack points, and attacks Knight with 36 health who has 13 total armour points.
Knight now has 32 health remaining

Footman with 45 health has a 17 total attack points, and attacks Ranged with 11 health who has 10 total armour points.
Ranged now has 4 health remaining

Ranged with 55 health has a 18 total attack points, and attacks Knight with 32 health who has 13 total armour points.
Knight now has 27 health remaining

Archer with 16 health has a 18 total attack points, and attacks Ranged with 11 health who has 10 total armour points.
Ranged now has 3 health remaining

Knight with 59 health has a 22 total attack points, and attacks Grunt with 3 health who has 11 total armour points.
Grunt has died in combat.

Raider with 20 health has a 22 total attack points, and attacks Archer with 16 health who has 10 total armour points.
Archer now has 4 health remaining

Raider with 3 health has a 22 total attack points, and attacks Footman with 45 health who has 11 total armour points.
Footman now has 34 health remaining

Footman with 34 health has a 17 total attack points, and attacks Grunt with 43 health who has 11 total armour points.
Grunt now has 37 health remaining

Raider with 64 health has a 22 total attack points, and attacks Archer with 9 health who has 10 total armour points.
Archer has died in combat.

Knight with 6 health has a 22 total attack points, and attacks Grunt with 4 health who has 11 total armour points.
Grunt has died in combat.

Ranged with 38 health has a 18 total attack points, and attacks Knight with 29 health who has 13 total armour points.
Knight now has 24 health remaining

Archer with 8 health has a 18 total attack points, and attacks Raider with 60 health who has 13 total armour points.
Raider now has 55 health remaining

Grunt with 3 health has a 17 total attack points, and attacks Archer with 14 health who has 10 total armour points.
Archer now has 7 health remaining

Spearman with 12 health has a 18 total attack points, and attacks Footman with 14 health who has 11 total armour points.
Footman now has 7 health remaining

Spearman with 25 health has a 18 total attack points, and attacks Archer with 1 health who has 10 total armour points.
Archer has died in combat.

Archer with 12 health has a 18 total attack points, and attacks Grunt with 25 health who has 11 total armour points.
Grunt now has 18 health remaining

Raider with 28 health has a 22 total attack points, and attacks Archer with 4 health who has 10 total armour points.
Archer has died in combat.

Knight with 40 health has a 22 total attack points, and attacks Raider with 44 health who has 13 total armour points.
Raider now has 35 health remaining

Ranged with 32 health has a 18 total attack points, and attacks Knight with 63 health who has 13 total armour points.
Knight now has 58 health remaining

Knight with 39 health has a 22 total attack points, and attacks Raider with 36 health who has 13 total armour points.
Raider now has 27 health remaining

Raider with 46 health has a 22 total attack points, and attacks Footman with 4 health who has 11 total armour points.
Footman has died in combat.

Grunt with 9 health has a 17 total attack points, and attacks Knight with 56 health who has 13 total armour points.
Knight now has 52 health remaining

Archer with 34 health has a 18 total attack points, and attacks Grunt with 8 health who has 11 total armour points.
Grunt now has 1 health remaining

Grunt with 8 health has a 17 total attack points, and attacks Knight with 40 health who has 13 total armour points.
Knight now has 36 health remaining

Raider with 43 health has a 22 total attack points, and attacks Archer with 66 health who has 10 total armour points.
Archer now has 54 health remaining

Footman with 5 health has a 17 total attack points, and attacks Grunt with 27 health who has 11 total armour points.
Grunt now has 21 health remaining

Knight with 53 health has a 22 total attack points, and attacks Spearman with 43 health who has 10 total armour points.
Spearman now has 31 health remaining

Ranged with 4 health has a 18 total attack points, and attacks Archer with 27 health who has 10 total armour points.
Archer now has 19 health remaining

Archer with 1 health has a 18 total attack points, and attacks Ranged with 39 health who has 10 total armour points.
Ranged now has 31 health remaining

Raider with 59 health has a 22 total attack points, and attacks Footman with 1 health who has 11 total armour points.
Footman has died in combat.

Knight with 45 health has a 22 total attack points, and attacks Grunt with 38 health who has 11 total armour points.
Grunt now has 27 health remaining

Grunt with 11 health has a 17 total attack points, and attacks Archer with 60 health who has 10 total armour points.
Archer now has 53 health remaining

Archer with 21 health has a 18 total attack points, and attacks Raider with 32 health who has 13 total armour points.
Raider now has 27 health remaining

Ranged with 28 health has a 18 total attack points, and attacks Footman with 8 health who has 11 total armour points.
Footman now has 1 health remaining

Grunt with 40 health has a 17 total attack points, and attacks Knight with 34 health who has 13 total armour points.
Knight now has 30 health remaining

Spearman with 14 health has a 18 total attack points, and attacks Archer with 51 health who has 10 total armour points.
Archer now has 43 health remaining

Archer with 3 health has a 18 total attack points, and attacks Grunt with 9 health who has 11 total armour points.
Grunt now has 2 health remaining

Gul´dan with 159 health has a 27 total attack points, and attacks Archer with 21 health who has 10 total armour points.
Archer now has 4 health remaining

Raider with 57 health has a 22 total attack points, and attacks Knight with 53 health who has 13 total armour points.
Knight now has 44 health remaining

Grunt with 37 health has a 17 total attack points, and attacks Knight with 35 health who has 13 total armour points.
Knight now has 31 health remaining

Knight with 40 health has a 22 total attack points, and attacks Raider with 20 health who has 13 total armour points.
Raider now has 11 health remaining

Archer with 26 health has a 18 total attack points, and attacks Raider with 5 health who has 13 total armour points.
Raider has died in combat.

Footman with 14 health has a 17 total attack points, and attacks Grunt with 4 health who has 11 total armour points.
Grunt has died in combat.

Grunt with 47 health has a 17 total attack points, and attacks Knight with 36 health who has 13 total armour points.
Knight now has 32 health remaining

Grunt with 12 health has a 17 total attack points, and attacks Footman with 14 health who has 11 total armour points.
Footman now has 8 health remaining

Spearman with 1 health has a 18 total attack points, and attacks Footman with 39 health who has 11 total armour points.
Footman now has 32 health remaining

Archer with 14 health has a 18 total attack points, and attacks Raider with 38 health who has 13 total armour points.
Raider now has 33 health remaining

Spearman with 28 health has a 18 total attack points, and attacks Footman with 67 health who has 11 total armour points.
Footman now has 60 health remaining

Archer with 54 health has a 18 total attack points, and attacks Grunt with 14 health who has 11 total armour points.
Grunt now has 7 health remaining

Ranged with 14 health has a 18 total attack points, and attacks Footman with 19 health who has 11 total armour points.
Footman now has 12 health remaining

Archer with 36 health has a 18 total attack points, and attacks Gul´dan with 159 health who has 16 total armour points.
Gul´dan now has 157 health remaining

Raider with 28 health has a 22 total attack points, and attacks Archer with 84 health who has 10 total armour points.
Archer now has 72 health remaining

Spearman with 30 health has a 18 total attack points, and attacks Footman with 28 health who has 11 total armour points.
Footman now has 21 health remaining

Footman with 53 health has a 17 total attack points, and attacks Ranged with 46 health who has 10 total armour points.
Ranged now has 39 health remaining

Grunt with 27 health has a 17 total attack points, and attacks Knight with 58 health who has 13 total armour points.
Knight now has 54 health remaining

Knight with 13 health has a 22 total attack points, and attacks Ranged with 44 health who has 10 total armour points.
Ranged now has 32 health remaining

Knight with 59 health has a 22 total attack points, and attacks Raider with 25 health who has 13 total armour points.
Raider now has 16 health remaining

Knight with 7 health has a 22 total attack points, and attacks Ranged with 9 health who has 10 total armour points.
Ranged has died in combat.

Spearman with 4 health has a 18 total attack points, and attacks Knight with 86 health who has 13 total armour points.
Knight now has 81 health remaining

Raider with 31 health has a 22 total attack points, and attacks Knight with 81 health who has 13 total armour points.
Knight now has 72 health remaining

Spearman with 8 health has a 18 total attack points, and attacks Knight with 37 health who has 13 total armour points.
Knight now has 32 health remaining

Archer with 31 health has a 18 total attack points, and attacks Grunt with 2 health who has 11 total armour points.
Grunt has died in combat.

Raider with 43 health has a 22 total attack points, and attacks Footman with 12 health who has 11 total armour points.
Footman now has 1 health remaining

Raider with 78 health has a 22 total attack points, and attacks Archer with 30 health who has 10 total armour points.
Archer now has 18 health remaining

Archer with 16 health has a 18 total attack points, and attacks Spearman with 6 health who has 10 total armour points.
Spearman has died in combat.

Grunt with 38 health has a 17 total attack points, and attacks Knight with 34 health who has 13 total armour points.
Knight now has 30 health remaining

Knight with 29 health has a 22 total attack points, and attacks Spearman with 13 health who has 10 total armour points.
Spearman now has 1 health remaining

Ranged with 11 health has a 18 total attack points, and attacks Archer with 31 health who has 10 total armour points.
Archer now has 23 health remaining

Knight with 8 health has a 22 total attack points, and attacks Grunt with 19 health who has 11 total armour points.
Grunt now has 8 health remaining

Raider with 12 health has a 22 total attack points, and attacks Footman with 62 health who has 11 total armour points.
Footman now has 51 health remaining

Raider with 21 health has a 22 total attack points, and attacks Footman with 27 health who has 11 total armour points.
Footman now has 16 health remaining

Footman with 51 health has a 17 total attack points, and attacks Grunt with 34 health who has 11 total armour points.
Grunt now has 28 health remaining

Footman with 45 health has a 17 total attack points, and attacks Raider with 28 health who has 13 total armour points.
Raider now has 24 health remaining

Knight with 25 health has a 22 total attack points, and attacks Grunt with 29 health who has 11 total armour points.
Grunt now has 18 health remaining

Raider with 29 health has a 22 total attack points, and attacks Footman with 4 health who has 11 total armour points.
Footman has died in combat.

Archer with 1 health has a 18 total attack points, and attacks Raider with 17 health who has 13 total armour points.
Raider now has 12 health remaining

Spearman with 31 health has a 18 total attack points, and attacks Knight with 25 health who has 13 total armour points.
Knight now has 20 health remaining

Footman with 24 health has a 17 total attack points, and attacks Grunt with 11 health who has 11 total armour points.
Grunt now has 5 health remaining

Raider with 57 health has a 22 total attack points, and attacks Knight with 39 health who has 13 total armour points.
Knight now has 30 health remaining

Footman with 60 health has a 17 total attack points, and attacks Grunt with 41 health who has 11 total armour points.
Grunt now has 35 health remaining

Knight with 40 health has a 22 total attack points, and attacks Raider with 16 health who has 13 total armour points.
Raider now has 7 health remaining

Raider with 19 health has a 22 total attack points, and attacks Archer with 34 health who has 10 total armour points.
Archer now has 22 health remaining

Grunt with 8 health has a 17 total attack points, and attacks Archer with 55 health who has 10 total armour points.
Archer now has 48 health remaining

Raider with 51 health has a 22 total attack points, and attacks Archer with 26 health who has 10 total armour points.
Archer now has 14 health remaining

Grunt with 19 health has a 17 total attack points, and attacks Archer with 15 health who has 10 total armour points.
Archer now has 8 health remaining

Footman with 4 health has a 17 total attack points, and attacks Spearman with 25 health who has 10 total armour points.
Spearman now has 18 health remaining

Footman with 8 health has a 17 total attack points, and attacks Raider with 40 health who has 13 total armour points.
Raider now has 36 health remaining

Footman with 29 health has a 17 total attack points, and attacks Grunt with 12 health who has 11 total armour points.
Grunt now has 6 health remaining

Raider with 22 health has a 22 total attack points, and attacks Archer with 3 health who has 10 total armour points.
Archer has died in combat.

Knight with 56 health has a 22 total attack points, and attacks Grunt with 2 health who has 11 total armour points.
Grunt has died in combat.

Raider with 27 health has a 22 total attack points, and attacks Footman with 8 health who has 11 total armour points.
Footman has died in combat.

Archer with 48 health has a 18 total attack points, and attacks Grunt with 47 health who has 11 total armour points.
Grunt now has 40 health remaining

Ranged with 52 health has a 18 total attack points, and attacks Archer with 40 health who has 10 total armour points.
Archer now has 32 health remaining

Spearman with 43 health has a 18 total attack points, and attacks Knight with 38 health who has 13 total armour points.
Knight now has 33 health remaining

Footman with 58 health has a 17 total attack points, and attacks Raider with 11 health who has 13 total armour points.
Raider now has 7 health remaining

Footman with 33 health has a 17 total attack points, and attacks Spearman with 18 health who has 10 total armour points.
Spearman now has 11 health remaining

Archer with 10 health has a 18 total attack points, and attacks Grunt with 13 health who has 11 total armour points.
Grunt now has 6 health remaining

Archer with 1 health has a 18 total attack points, and attacks Raider with 39 health who has 13 total armour points.
Raider now has 34 health remaining

Footman with 21 health has a 17 total attack points, and attacks Ranged with 14 health who has 10 total armour points.
Ranged now has 7 health remaining

Archer with 29 health has a 18 total attack points, and attacks Spearman with 36 health who has 10 total armour points.
Spearman now has 28 health remaining

Knight with 41 health has a 22 total attack points, and attacks Raider with 47 health who has 13 total armour points.
Raider now has 38 health remaining

Raider with 41 health has a 22 total attack points, and attacks Archer with 33 health who has 10 total armour points.
Archer now has 21 health remaining

Knight with 9 health has a 22 total attack points, and attacks Raider with 35 health who has 13 total armour points.
Raider now has 26 health remaining

Knight with 68 health has a 22 total attack points, and attacks Raider with 18 health who has 13 total armour points.
Raider now has 9 health remaining

Grunt with 34 health has a 17 total attack points, and attacks Footman with 1 health who has 11 total armour points.
Footman has died in combat.

Archer with 1 health has a 18 total attack points, and attacks Raider with 35 health who has 13 total armour points.
Raider now has 30 health remaining

Raider with 19 health has a 22 total attack points, and attacks Knight with 52 health who has 13 total armour points.
Knight now has 43 health remaining

Archer with 21 health has a 18 total attack points, and attacks Raider with 14 health who has 13 total armour points.
Raider now has 9 health remaining

Grunt with 27 health has a 17 total attack points, and attacks Archer with 51 health who has 10 total armour points.
Archer now has 44 health remaining

Archer with 32 health has a 18 total attack points, and attacks Grunt with 3 health who has 11 total armour points.
Grunt has died in combat.

Raider with 38 health has a 22 total attack points, and attacks Archer with 31 health who has 10 total armour points.
Archer now has 19 health remaining

Knight with 33 health has a 22 total attack points, and attacks Raider with 28 health who has 13 total armour points.
Raider now has 19 health remaining

Ranged with 17 health has a 18 total attack points, and attacks Archer with 16 health who has 10 total armour points.
Archer now has 8 health remaining

Raider with 9 health has a 22 total attack points, and attacks Footman with 51 health who has 11 total armour points.
Footman now has 40 health remaining

Ranged with 26 health has a 18 total attack points, and attacks Footman with 5 health who has 11 total armour points.
Footman has died in combat.

Archer with 23 health has a 18 total attack points, and attacks Spearman with 38 health who has 10 total armour points.
Spearman now has 30 health remaining

Knight with 54 health has a 22 total attack points, and attacks Grunt with 1 health who has 11 total armour points.
Grunt has died in combat.

Spearman with 18 health has a 18 total attack points, and attacks Footman with 51 health who has 11 total armour points.
Footman now has 44 health remaining

Spearman with 24 health has a 18 total attack points, and attacks Knight with 54 health who has 13 total armour points.
Knight now has 49 health remaining

Archer with 12 health has a 18 total attack points, and attacks Raider with 66 health who has 13 total armour points.
Raider now has 61 health remaining

Ranged with 26 health has a 18 total attack points, and attacks Archer with 44 health who has 10 total armour points.
Archer now has 36 health remaining

Knight with 35 health has a 22 total attack points, and attacks Grunt with 2 health who has 11 total armour points.
Grunt has died in combat.

Spearman with 12 health has a 18 total attack points, and attacks Knight with 6 health who has 13 total armour points.
Knight now has 1 health remaining

Knight with 8 health has a 22 total attack points, and attacks Spearman with 14 health who has 10 total armour points.
Spearman now has 2 health remaining

Footman with 20 health has a 17 total attack points, and attacks Ranged with 60 health who has 10 total armour points.
Ranged now has 53 health remaining

Knight with 40 health has a 22 total attack points, and attacks Raider with 8 health who has 13 total armour points.
Raider has died in combat.

Knight with 33 health has a 22 total attack points, and attacks Raider with 7 health who has 13 total armour points.
Raider has died in combat.

Grunt with 21 health has a 17 total attack points, and attacks Knight with 43 health who has 13 total armour points.
Knight now has 39 health remaining

Archer with 26 health has a 18 total attack points, and attacks Spearman with 13 health who has 10 total armour points.
Spearman now has 5 health remaining

Footman with 8 health has a 17 total attack points, and attacks Raider with 78 health who has 13 total armour points.
Raider now has 74 health remaining

Grunt with 3 health has a 17 total attack points, and attacks Knight with 9 health who has 13 total armour points.
Knight now has 5 health remaining

Archer with 8 health has a 18 total attack points, and attacks Raider with 24 health who has 13 total armour points.
Raider now has 19 health remaining

Spearman with 2 health has a 18 total attack points, and attacks Archer with 18 health who has 10 total armour points.
Archer now has 10 health remaining

Archer with 11 health has a 18 total attack points, and attacks Raider with 12 health who has 13 total armour points.
Raider now has 7 health remaining

Spearman with 43 health has a 18 total attack points, and attacks Archer with 13 health who has 10 total armour points.
Archer now has 5 health remaining

Archer with 26 health has a 18 total attack points, and attacks Ranged with 53 health who has 10 total armour points.
Ranged now has 45 health remaining

Footman with 26 health has a 17 total attack points, and attacks Raider with 31 health who has 13 total armour points.
Raider now has 27 health remaining

Footman with 9 health has a 17 total attack points, and attacks Raider with 14 health who has 13 total armour points.
Raider now has 10 health remaining

Knight with 46 health has a 22 total attack points, and attacks Raider with 32 health who has 13 total armour points.
Raider now has 23 health remaining

Archer with 36 health has a 18 total attack points, and attacks Ranged with 19 health who has 10 total armour points.
Ranged now has 11 health remaining

Knight with 72 health has a 22 total attack points, and attacks Spearman with 12 health who has 10 total armour points.
Spearman has died in combat.

Knight with 30 health has a 22 total attack points, and attacks Grunt with 7 health who has 11 total armour points.
Grunt has died in combat.

Archer with 44 health has a 18 total attack points, and attacks Spearman with 11 health who has 10 total armour points.
Spearman now has 3 health remaining

Archer with 23 health has a 18 total attack points, and attacks Grunt with 40 health who has 11 total armour points.
Grunt now has 33 health remaining

Footman with 12 health has a 17 total attack points, and attacks Raider with 41 health who has 13 total armour points.
Raider now has 37 health remaining

Archer with 5 health has a 18 total attack points, and attacks Spearman with 43 health who has 10 total armour points.
Spearman now has 35 health remaining

Raider with 37 health has a 22 total attack points, and attacks Knight with 24 health who has 13 total armour points.
Knight now has 15 health remaining

Archer with 66 health has a 18 total attack points, and attacks Raider with 53 health who has 13 total armour points.
Raider now has 48 health remaining

Archer with 41 health has a 18 total attack points, and attacks Spearman with 24 health who has 10 total armour points.
Spearman now has 16 health remaining

Raider with 30 health has a 22 total attack points, and attacks Footman with 11 health who has 11 total armour points.
Footman has died in combat.

Spearman with 2 health has a 18 total attack points, and attacks Knight with 25 health who has 13 total armour points.
Knight now has 20 health remaining

Footman with 39 health has a 17 total attack points, and attacks Spearman with 67 health who has 10 total armour points.
Spearman now has 60 health remaining

Spearman with 30 health has a 18 total attack points, and attacks Archer with 15 health who has 10 total armour points.
Archer now has 7 health remaining

Archer with 8 health has a 18 total attack points, and attacks Ranged with 39 health who has 10 total armour points.
Ranged now has 31 health remaining

Knight with 59 health has a 22 total attack points, and attacks Spearman with 10 health who has 10 total armour points.
Spearman has died in combat.

Archer with 4 health has a 18 total attack points, and attacks Ranged with 10 health who has 10 total armour points.
Ranged now has 2 health remaining

Ranged with 11 health has a 18 total attack points, and attacks Knight with 53 health who has 13 total armour points.
Knight now has 48 health remaining

Archer with 14 health has a 18 total attack points, and attacks Raider with 36 health who has 13 total armour points.
Raider now has 31 health remaining

Archer with 60 health has a 18 total attack points, and attacks Ranged with 8 health who has 10 total armour points.
Ranged has died in combat.

Knight with 44 health has a 22 total attack points, and attacks Raider with 28 health who has 13 total armour points.
Raider now has 19 health remaining

Archer with 1 health has a 18 total attack points, and attacks Gul´dan with 157 health who has 16 total armour points.
Gul´dan now has 155 health remaining

Grunt with 3 health has a 17 total attack points, and attacks Archer with 39 health who has 10 total armour points.
Archer now has 32 health remaining

Grunt with 13 health has a 17 total attack points, and attacks Knight with 59 health who has 13 total armour points.
Knight now has 55 health remaining

Ranged with 29 health has a 18 total attack points, and attacks Footman with 7 health who has 11 total armour points.
Footman has died in combat.

Archer with 10 health has a 18 total attack points, and attacks Spearman with 8 health who has 10 total armour points.
Spearman has died in combat.

Raider with 26 health has a 22 total attack points, and attacks Knight with 64 health who has 13 total armour points.
Knight now has 55 health remaining

Archer with 30 health has a 18 total attack points, and attacks Spearman with 9 health who has 10 total armour points.
Spearman now has 1 health remaining

Spearman with 2 health has a 18 total attack points, and attacks Knight with 45 health who has 13 total armour points.
Knight now has 40 health remaining

Archer with 45 health has a 18 total attack points, and attacks Grunt with 6 health who has 11 total armour points.
Grunt has died in combat.

Archer with 56 health has a 18 total attack points, and attacks Ranged with 8 health who has 10 total armour points.
Ranged has died in combat.

Spearman with 4 health has a 18 total attack points, and attacks Archer with 16 health who has 10 total armour points.
Archer now has 8 health remaining

Raider with 33 health has a 22 total attack points, and attacks Archer with 43 health who has 10 total armour points.
Archer now has 31 health remaining

Raider with 27 health has a 22 total attack points, and attacks Mountain King with 137 health who has 16 total armour points.
Mountain King now has 131 health remaining

Ranged with 19 health has a 18 total attack points, and attacks Footman with 11 health who has 11 total armour points.
Footman now has 4 health remaining

Footman with 5 health has a 17 total attack points, and attacks Grunt with 13 health who has 11 total armour points.
Grunt now has 7 health remaining

Raider with 32 health has a 22 total attack points, and attacks Archer with 32 health who has 10 total armour points.
Archer now has 20 health remaining

Archer with 32 health has a 18 total attack points, and attacks Spearman with 30 health who has 10 total armour points.
Spearman now has 22 health remaining

Raider with 55 health has a 22 total attack points, and attacks Footman with 44 health who has 11 total armour points.
Footman now has 33 health remaining

Footman with 45 health has a 17 total attack points, and attacks Raider with 12 health who has 13 total armour points.
Raider now has 8 health remaining

Footman with 14 health has a 17 total attack points, and attacks Grunt with 35 health who has 11 total armour points.
Grunt now has 29 health remaining

Knight with 45 health has a 22 total attack points, and attacks Grunt with 36 health who has 11 total armour points.
Grunt now has 25 health remaining

Spearman with 18 health has a 18 total attack points, and attacks Footman with 10 health who has 11 total armour points.
Footman now has 3 health remaining

Knight with 64 health has a 22 total attack points, and attacks Ranged with 39 health who has 10 total armour points.
Ranged now has 27 health remaining

Spearman with 60 health has a 18 total attack points, and attacks Archer with 46 health who has 10 total armour points.
Archer now has 38 health remaining

Raider with 34 health has a 22 total attack points, and attacks Archer with 38 health who has 10 total armour points.
Archer now has 26 health remaining

Ranged with 17 health has a 18 total attack points, and attacks Archer with 27 health who has 10 total armour points.
Archer now has 19 health remaining

Ranged with 48 health has a 18 total attack points, and attacks Archer with 21 health who has 10 total armour points.
Archer now has 13 health remaining

Knight with 7 health has a 22 total attack points, and attacks Raider with 27 health who has 13 total armour points.
Raider now has 18 health remaining

Knight with 11 health has a 22 total attack points, and attacks Ranged with 52 health who has 10 total armour points.
Ranged now has 40 health remaining

Ranged with 55 health has a 18 total attack points, and attacks Knight with 35 health who has 13 total armour points.
Knight now has 30 health remaining

Spearman with 2 health has a 18 total attack points, and attacks Knight with 68 health who has 13 total armour points.
Knight now has 63 health remaining

Raider with 37 health has a 22 total attack points, and attacks Archer with 44 health who has 10 total armour points.
Archer now has 32 health remaining

Ranged with 31 health has a 18 total attack points, and attacks Archer with 21 health who has 10 total armour points.
Archer now has 13 health remaining

Spearman with 5 health has a 18 total attack points, and attacks Archer with 4 health who has 10 total armour points.
Archer has died in combat.

Footman with 39 health has a 17 total attack points, and attacks Spearman with 1 health who has 10 total armour points.
Spearman has died in combat.

Ranged with 55 health has a 18 total attack points, and attacks Knight with 58 health who has 13 total armour points.
Knight now has 53 health remaining

Knight with 28 health has a 22 total attack points, and attacks Raider with 13 health who has 13 total armour points.
Raider now has 4 health remaining

Archer with 1 health has a 18 total attack points, and attacks Ranged with 1 health who has 10 total armour points.
Ranged has died in combat.

Grunt with 18 health has a 17 total attack points, and attacks Archer with 24 health who has 10 total armour points.
Archer now has 17 health remaining

Knight with 36 health has a 22 total attack points, and attacks Raider with 23 health who has 13 total armour points.
Raider now has 14 health remaining

Knight with 44 health has a 22 total attack points, and attacks Raider with 55 health who has 13 total armour points.
Raider now has 46 health remaining

Ranged with 2 health has a 18 total attack points, and attacks Knight with 62 health who has 13 total armour points.
Knight now has 57 health remaining

Knight with 41 health has a 22 total attack points, and attacks Grunt with 2 health who has 11 total armour points.
Grunt has died in combat.

Knight with 44 health has a 22 total attack points, and attacks Raider with 7 health who has 13 total armour points.
Raider has died in combat.

Knight with 63 health has a 22 total attack points, and attacks Grunt with 28 health who has 11 total armour points.
Grunt now has 17 health remaining

Grunt with 5 health has a 17 total attack points, and attacks Archer with 10 health who has 10 total armour points.
Archer now has 3 health remaining

Archer with 30 health has a 18 total attack points, and attacks Ranged with 60 health who has 10 total armour points.
Ranged now has 52 health remaining

Spearman with 22 health has a 18 total attack points, and attacks Archer with 53 health who has 10 total armour points.
Archer now has 45 health remaining

Raider with 31 health has a 22 total attack points, and attacks Archer with 44 health who has 10 total armour points.
Archer now has 32 health remaining

Grunt with 38 health has a 17 total attack points, and attacks Footman with 39 health who has 11 total armour points.
Footman now has 33 health remaining

Footman with 26 health has a 17 total attack points, and attacks Grunt with 33 health who has 11 total armour points.
Grunt now has 27 health remaining

Archer with 20 health has a 18 total attack points, and attacks Raider with 37 health who has 13 total armour points.
Raider now has 32 health remaining

Raider with 27 health has a 22 total attack points, and attacks Archer with 39 health who has 10 total armour points.
Archer now has 27 health remaining

Grunt with 16 health has a 17 total attack points, and attacks Footman with 42 health who has 11 total armour points.
Footman now has 36 health remaining

Raider with 27 health has a 22 total attack points, and attacks Knight with 29 health who has 13 total armour points.
Knight now has 20 health remaining

Raider with 60 health has a 22 total attack points, and attacks Footman with 45 health who has 11 total armour points.
Footman now has 34 health remaining

Raider with 54 health has a 22 total attack points, and attacks Footman with 29 health who has 11 total armour points.
Footman now has 18 health remaining

Raider with 50 health has a 22 total attack points, and attacks Footman with 33 health who has 11 total armour points.
Footman now has 22 health remaining

Footman with 5 health has a 17 total attack points, and attacks Ranged with 32 health who has 10 total armour points.
Ranged now has 25 health remaining

Archer with 8 health has a 18 total attack points, and attacks Grunt with 3 health who has 11 total armour points.
Grunt has died in combat.

Archer with 20 health has a 18 total attack points, and attacks Grunt with 29 health who has 11 total armour points.
Grunt now has 22 health remaining

Archer with 16 health has a 18 total attack points, and attacks Ranged with 40 health who has 10 total armour points.
Ranged now has 32 health remaining

Knight with 6 health has a 22 total attack points, and attacks Grunt with 38 health who has 11 total armour points.
Grunt now has 27 health remaining

Footman with 60 health has a 17 total attack points, and attacks Raider with 44 health who has 13 total armour points.
Raider now has 40 health remaining

Archer with 11 health has a 18 total attack points, and attacks Raider with 46 health who has 13 total armour points.
Raider now has 41 health remaining

Raider with 30 health has a 22 total attack points, and attacks Knight with 40 health who has 13 total armour points.
Knight now has 31 health remaining

Spearman with 11 health has a 18 total attack points, and attacks Archer with 13 health who has 10 total armour points.
Archer now has 5 health remaining

Spearman with 29 health has a 18 total attack points, and attacks Footman with 49 health who has 11 total armour points.
Footman now has 42 health remaining

Archer with 3 health has a 18 total attack points, and attacks Grunt with 13 health who has 11 total armour points.
Grunt now has 6 health remaining

Grunt with 31 health has a 17 total attack points, and attacks Footman with 14 health who has 11 total armour points.
Footman now has 8 health remaining

Spearman with 12 health has a 18 total attack points, and attacks Archer with 13 health who has 10 total armour points.
Archer now has 5 health remaining

Knight with 35 health has a 22 total attack points, and attacks Ranged with 52 health who has 10 total armour points.
Ranged now has 40 health remaining

Grunt with 22 health has a 17 total attack points, and attacks Archer with 2 health who has 10 total armour points.
Archer has died in combat.

Knight with 28 health has a 22 total attack points, and attacks Spearman with 30 health who has 10 total armour points.
Spearman now has 18 health remaining

Knight with 44 health has a 22 total attack points, and attacks Raider with 49 health who has 13 total armour points.
Raider now has 40 health remaining

Raider with 38 health has a 22 total attack points, and attacks Archer with 45 health who has 10 total armour points.
Archer now has 33 health remaining

Spearman with 18 health has a 18 total attack points, and attacks Knight with 28 health who has 13 total armour points.
Knight now has 23 health remaining

Footman with 5 health has a 17 total attack points, and attacks Raider with 34 health who has 13 total armour points.
Raider now has 30 health remaining

Archer with 43 health has a 18 total attack points, and attacks Ranged with 16 health who has 10 total armour points.
Ranged now has 8 health remaining

Knight with 57 health has a 22 total attack points, and attacks Ranged with 45 health who has 10 total armour points.
Ranged now has 33 health remaining

Archer with 19 health has a 18 total attack points, and attacks Ranged with 19 health who has 10 total armour points.
Ranged now has 11 health remaining

Ranged with 29 health has a 18 total attack points, and attacks Archer with 22 health who has 10 total armour points.
Archer now has 14 health remaining

Knight with 45 health has a 22 total attack points, and attacks Ranged with 15 health who has 10 total armour points.
Ranged now has 3 health remaining

Archer with 29 health has a 18 total attack points, and attacks Ranged with 3 health who has 10 total armour points.
Ranged has died in combat.

Archer with 19 health has a 18 total attack points, and attacks Spearman with 18 health who has 10 total armour points.
Spearman now has 10 health remaining

Knight with 43 health has a 22 total attack points, and attacks Ranged with 50 health who has 10 total armour points.
Ranged now has 38 health remaining

Raider with 9 health has a 22 total attack points, and attacks Footman with 51 health who has 11 total armour points.
Footman now has 40 health remaining

Spearman with 14 health has a 18 total attack points, and attacks Knight with 36 health who has 13 total armour points.
Knight now has 31 health remaining

Knight with 29 health has a 22 total attack points, and attacks Raider with 32 health who has 13 total armour points.
Raider now has 23 health remaining

Raider with 9 health has a 22 total attack points, and attacks Archer with 11 health who has 10 total armour points.
Archer has died in combat.

Archer with 10 health has a 18 total attack points, and attacks Raider with 4 health who has 13 total armour points.
Raider has died in combat.

Ranged with 12 health has a 18 total attack points, and attacks Knight with 17 health who has 13 total armour points.
Knight now has 12 health remaining

Ranged with 8 health has a 18 total attack points, and attacks Knight with 64 health who has 13 total armour points.
Knight now has 59 health remaining

Raider with 27 health has a 22 total attack points, and attacks Archer with 17 health who has 10 total armour points.
Archer now has 5 health remaining

Grunt with 27 health has a 17 total attack points, and attacks Archer with 5 health who has 10 total armour points.
Archer has died in combat.

Knight with 57 health has a 22 total attack points, and attacks Raider with 22 health who has 13 total armour points.
Raider now has 13 health remaining

Grunt with 36 health has a 17 total attack points, and attacks Archer with 32 health who has 10 total armour points.
Archer now has 25 health remaining

Archer with 46 health has a 18 total attack points, and attacks Grunt with 11 health who has 11 total armour points.
Grunt now has 4 health remaining

Grunt with 16 health has a 17 total attack points, and attacks Archer with 4 health who has 10 total armour points.
Archer has died in combat.

Raider with 52 health has a 22 total attack points, and attacks Footman with 1 health who has 11 total armour points.
Footman has died in combat.

Grunt with 37 health has a 17 total attack points, and attacks Footman with 45 health who has 11 total armour points.
Footman now has 39 health remaining

Grunt with 57 health has a 17 total attack points, and attacks Archer with 3 health who has 10 total armour points.
Archer has died in combat.

Raider with 54 health has a 22 total attack points, and attacks Archer with 19 health who has 10 total armour points.
Archer now has 7 health remaining

Ranged with 18 health has a 18 total attack points, and attacks Archer with 54 health who has 10 total armour points.
Archer now has 46 health remaining

Grunt with 14 health has a 17 total attack points, and attacks Knight with 7 health who has 13 total armour points.
Knight now has 3 health remaining

Raider with 45 health has a 22 total attack points, and attacks Archer with 16 health who has 10 total armour points.
Archer now has 4 health remaining

Grunt with 14 health has a 17 total attack points, and attacks Archer with 32 health who has 10 total armour points.
Archer now has 25 health remaining

Archer with 26 health has a 18 total attack points, and attacks Grunt with 31 health who has 11 total armour points.
Grunt now has 24 health remaining

Knight with 57 health has a 22 total attack points, and attacks Raider with 28 health who has 13 total armour points.
Raider now has 19 health remaining

Ranged with 12 health has a 18 total attack points, and attacks Archer with 19 health who has 10 total armour points.
Archer now has 11 health remaining

Grunt with 22 health has a 17 total attack points, and attacks Archer with 4 health who has 10 total armour points.
Archer has died in combat.

Grunt with 24 health has a 17 total attack points, and attacks Knight with 63 health who has 13 total armour points.
Knight now has 59 health remaining

Grunt with 17 health has a 17 total attack points, and attacks Knight with 62 health who has 13 total armour points.
Knight now has 58 health remaining

Ranged with 26 health has a 18 total attack points, and attacks Archer with 78 health who has 10 total armour points.
Archer now has 70 health remaining

Archer with 23 health has a 18 total attack points, and attacks Raider with 41 health who has 13 total armour points.
Raider now has 36 health remaining

Raider with 24 health has a 22 total attack points, and attacks Knight with 49 health who has 13 total armour points.
Knight now has 40 health remaining

Grunt with 19 health has a 17 total attack points, and attacks Footman with 14 health who has 11 total armour points.
Footman now has 8 health remaining

Ranged with 32 health has a 18 total attack points, and attacks Knight with 32 health who has 13 total armour points.
Knight now has 27 health remaining

Ranged with 28 health has a 18 total attack points, and attacks Archer with 43 health who has 10 total armour points.
Archer now has 35 health remaining

Archer with 19 health has a 18 total attack points, and attacks Raider with 31 health who has 13 total armour points.
Raider now has 26 health remaining

Knight with 9 health has a 22 total attack points, and attacks Ranged with 11 health who has 10 total armour points.
Ranged has died in combat.

Grunt with 27 health has a 17 total attack points, and attacks Archer with 7 health who has 10 total armour points.
Archer has died in combat.

Archer with 13 health has a 18 total attack points, and attacks Ranged with 23 health who has 10 total armour points.
Ranged now has 15 health remaining

Footman with 42 health has a 17 total attack points, and attacks Raider with 45 health who has 13 total armour points.
Raider now has 41 health remaining

Footman with 5 health has a 17 total attack points, and attacks Raider with 38 health who has 13 total armour points.
Raider now has 34 health remaining

Archer with 4 health has a 18 total attack points, and attacks Ranged with 24 health who has 10 total armour points.
Ranged now has 16 health remaining

Ranged with 27 health has a 18 total attack points, and attacks Knight with 23 health who has 13 total armour points.
Knight now has 18 health remaining

Raider with 55 health has a 22 total attack points, and attacks Archer with 24 health who has 10 total armour points.
Archer now has 12 health remaining

Raider with 65 health has a 22 total attack points, and attacks Footman with 58 health who has 11 total armour points.
Footman now has 47 health remaining

Raider with 27 health has a 22 total attack points, and attacks Footman with 12 health who has 11 total armour points.
Footman now has 1 health remaining

Knight with 35 health has a 22 total attack points, and attacks Raider with 50 health who has 13 total armour points.
Raider now has 41 health remaining

Grunt with 18 health has a 17 total attack points, and attacks Knight with 39 health who has 13 total armour points.
Knight now has 35 health remaining

Knight with 11 health has a 22 total attack points, and attacks Raider with 40 health who has 13 total armour points.
Raider now has 31 health remaining

Ranged with 29 health has a 18 total attack points, and attacks Archer with 36 health who has 10 total armour points.
Archer now has 28 health remaining

Spearman with 58 health has a 18 total attack points, and attacks Footman with 22 health who has 11 total armour points.
Footman now has 15 health remaining

Footman with 53 health has a 17 total attack points, and attacks Ranged with 2 health who has 10 total armour points.
Ranged has died in combat.

Ranged with 39 health has a 18 total attack points, and attacks Knight with 40 health who has 13 total armour points.
Knight now has 35 health remaining

Footman with 8 health has a 17 total attack points, and attacks Spearman with 20 health who has 10 total armour points.
Spearman now has 13 health remaining

Knight with 35 health has a 22 total attack points, and attacks Grunt with 6 health who has 11 total armour points.
Grunt has died in combat.

Archer with 8 health has a 18 total attack points, and attacks Spearman with 20 health who has 10 total armour points.
Spearman now has 12 health remaining

Footman with 15 health has a 17 total attack points, and attacks Spearman with 23 health who has 10 total armour points.
Spearman now has 16 health remaining

Footman with 18 health has a 17 total attack points, and attacks Ranged with 52 health who has 10 total armour points.
Ranged now has 45 health remaining

Archer with 1 health has a 18 total attack points, and attacks Ranged with 55 health who has 10 total armour points.
Ranged now has 47 health remaining

Raider with 3 health has a 22 total attack points, and attacks Footman with 46 health who has 11 total armour points.
Footman now has 35 health remaining

Footman with 20 health has a 17 total attack points, and attacks Raider with 59 health who has 13 total armour points.
Raider now has 55 health remaining

Grunt with 44 health has a 17 total attack points, and attacks Knight with 35 health who has 13 total armour points.
Knight now has 31 health remaining

Raider with 24 health has a 22 total attack points, and attacks Archer with 20 health who has 10 total armour points.
Archer now has 8 health remaining

Archer with 48 health has a 18 total attack points, and attacks Grunt with 8 health who has 11 total armour points.
Grunt now has 1 health remaining

Raider with 41 health has a 22 total attack points, and attacks Knight with 56 health who has 13 total armour points.
Knight now has 47 health remaining

Raider with 68 health has a 22 total attack points, and attacks Knight with 6 health who has 13 total armour points.
Knight has died in combat.

Knight with 45 health has a 22 total attack points, and attacks Ranged with 32 health who has 10 total armour points.
Ranged now has 20 health remaining

Archer with 29 health has a 18 total attack points, and attacks Ranged with 17 health who has 10 total armour points.
Ranged now has 9 health remaining

Footman with 39 health has a 17 total attack points, and attacks Raider with 74 health who has 13 total armour points.
Raider now has 70 health remaining

Raider with 23 health has a 22 total attack points, and attacks Archer with 30 health who has 10 total armour points.
Archer now has 18 health remaining

Spearman with 13 health has a 18 total attack points, and attacks Archer with 25 health who has 10 total armour points.
Archer now has 17 health remaining

Knight with 13 health has a 22 total attack points, and attacks Grunt with 20 health who has 11 total armour points.
Grunt now has 9 health remaining

Knight with 8 health has a 22 total attack points, and attacks Spearman with 35 health who has 10 total armour points.
Spearman now has 23 health remaining

Knight with 64 health has a 22 total attack points, and attacks Grunt with 37 health who has 11 total armour points.
Grunt now has 26 health remaining

Knight with 51 health has a 22 total attack points, and attacks Spearman with 52 health who has 10 total armour points.
Spearman now has 40 health remaining

Raider with 29 health has a 22 total attack points, and attacks Archer with 16 health who has 10 total armour points.
Archer now has 4 health remaining

Footman with 21 health has a 17 total attack points, and attacks Raider with 27 health who has 13 total armour points.
Raider now has 23 health remaining

Raider with 24 health has a 22 total attack points, and attacks Archer with 35 health who has 10 total armour points.
Archer now has 23 health remaining

Raider with 27 health has a 22 total attack points, and attacks Knight with 35 health who has 13 total armour points.
Knight now has 26 health remaining

Knight with 33 health has a 22 total attack points, and attacks Ranged with 38 health who has 10 total armour points.
Ranged now has 26 health remaining

Raider with 55 health has a 22 total attack points, and attacks Knight with 9 health who has 13 total armour points.
Knight has died in combat.

Knight with 8 health has a 22 total attack points, and attacks Raider with 19 health who has 13 total armour points.
Raider now has 10 health remaining

Footman with 8 health has a 17 total attack points, and attacks Spearman with 21 health who has 10 total armour points.
Spearman now has 14 health remaining

Raider with 22 health has a 22 total attack points, and attacks Knight with 44 health who has 13 total armour points.
Knight now has 35 health remaining

Archer with 2 health has a 18 total attack points, and attacks Grunt with 24 health who has 11 total armour points.
Grunt now has 17 health remaining

Footman with 21 health has a 17 total attack points, and attacks Spearman with 1 health who has 10 total armour points.
Spearman has died in combat.

Knight with 10 health has a 22 total attack points, and attacks Raider with 46 health who has 13 total armour points.
Raider now has 37 health remaining

Raider with 10 health has a 22 total attack points, and attacks Footman with 21 health who has 11 total armour points.
Footman now has 10 health remaining

Knight with 76 health has a 22 total attack points, and attacks Grunt with 42 health who has 11 total armour points.
Grunt now has 31 health remaining

Footman with 18 health has a 17 total attack points, and attacks Grunt with 21 health who has 11 total armour points.
Grunt now has 15 health remaining

Ranged with 29 health has a 18 total attack points, and attacks Archer with 17 health who has 10 total armour points.
Archer now has 9 health remaining

Footman with 20 health has a 17 total attack points, and attacks Ranged with 16 health who has 10 total armour points.
Ranged now has 9 health remaining

Raider with 50 health has a 22 total attack points, and attacks Footman with 26 health who has 11 total armour points.
Footman now has 15 health remaining

Grunt with 16 health has a 17 total attack points, and attacks Knight with 35 health who has 13 total armour points.
Knight now has 31 health remaining

Raider with 23 health has a 22 total attack points, and attacks Knight with 43 health who has 13 total armour points.
Knight now has 34 health remaining

Grunt with 8 health has a 17 total attack points, and attacks Footman with 21 health who has 11 total armour points.
Footman now has 15 health remaining

Ranged with 16 health has a 18 total attack points, and attacks Archer with 56 health who has 10 total armour points.
Archer now has 48 health remaining

Raider with 48 health has a 22 total attack points, and attacks Knight with 33 health who has 13 total armour points.
Knight now has 24 health remaining

Raider with 41 health has a 22 total attack points, and attacks Archer with 20 health who has 10 total armour points.
Archer now has 8 health remaining

Spearman with 8 health has a 18 total attack points, and attacks Archer with 5 health who has 10 total armour points.
Archer has died in combat.

Grunt with 16 health has a 17 total attack points, and attacks Archer with 11 health who has 10 total armour points.
Archer now has 4 health remaining

Spearman with 2 health has a 18 total attack points, and attacks Archer with 27 health who has 10 total armour points.
Archer now has 19 health remaining

Grunt with 27 health has a 17 total attack points, and attacks Knight with 24 health who has 13 total armour points.
Knight now has 20 health remaining

Knight with 45 health has a 22 total attack points, and attacks Ranged with 16 health who has 10 total armour points.
Ranged now has 4 health remaining

Footman with 1 health has a 17 total attack points, and attacks Gul´dan with 155 health who has 16 total armour points.
Gul´dan now has 154 health remaining

Ranged with 2 health has a 18 total attack points, and attacks Archer with 1 health who has 10 total armour points.
Archer has died in combat.

Footman with 15 health has a 17 total attack points, and attacks Grunt with 2 health who has 11 total armour points.
Grunt has died in combat.

Archer with 38 health has a 18 total attack points, and attacks Raider with 54 health who has 13 total armour points.
Raider now has 49 health remaining

Raider with 14 health has a 22 total attack points, and attacks Knight with 8 health who has 13 total armour points.
Knight has died in combat.

Footman with 20 health has a 17 total attack points, and attacks Raider with 57 health who has 13 total armour points.
Raider now has 53 health remaining

Ranged with 33 health has a 18 total attack points, and attacks Archer with 66 health who has 10 total armour points.
Archer now has 58 health remaining

Raider with 38 health has a 22 total attack points, and attacks Knight with 45 health who has 13 total armour points.
Knight now has 36 health remaining

Archer with 35 health has a 18 total attack points, and attacks Raider with 38 health who has 13 total armour points.
Raider now has 33 health remaining

Knight with 31 health has a 22 total attack points, and attacks Raider with 41 health who has 13 total armour points.
Raider now has 32 health remaining

Footman with 6 health has a 17 total attack points, and attacks Ranged with 33 health who has 10 total armour points.
Ranged now has 26 health remaining

Archer with 37 health has a 18 total attack points, and attacks Ranged with 18 health who has 10 total armour points.
Ranged now has 10 health remaining

Archer with 45 health has a 18 total attack points, and attacks Grunt with 1 health who has 11 total armour points.
Grunt has died in combat.

Grunt with 25 health has a 17 total attack points, and attacks Footman with 42 health who has 11 total armour points.
Footman now has 36 health remaining

Footman with 36 health has a 17 total attack points, and attacks Spearman with 34 health who has 10 total armour points.
Spearman now has 27 health remaining

Knight with 31 health has a 22 total attack points, and attacks Ranged with 27 health who has 10 total armour points.
Ranged now has 15 health remaining

Spearman with 4 health has a 18 total attack points, and attacks Footman with 36 health who has 11 total armour points.
Footman now has 29 health remaining

Knight with 31 health has a 22 total attack points, and attacks Spearman with 19 health who has 10 total armour points.
Spearman now has 7 health remaining

Raider with 19 health has a 22 total attack points, and attacks Archer with 6 health who has 10 total armour points.
Archer has died in combat.

Mountain King with 131 health has a 27 total attack points, and attacks Grunt with 53 health who has 11 total armour points.
Grunt now has 37 health remaining

Knight with 1 health has a 22 total attack points, and attacks Spearman with 16 health who has 10 total armour points.
Spearman now has 4 health remaining

Grunt with 22 health has a 17 total attack points, and attacks Archer with 8 health who has 10 total armour points.
Archer now has 1 health remaining

Footman with 45 health has a 17 total attack points, and attacks Raider with 37 health who has 13 total armour points.
Raider now has 33 health remaining

Archer with 8 health has a 18 total attack points, and attacks Spearman with 18 health who has 10 total armour points.
Spearman now has 10 health remaining

Archer with 41 health has a 18 total attack points, and attacks Grunt with 45 health who has 11 total armour points.
Grunt now has 38 health remaining

Raider with 29 health has a 22 total attack points, and attacks Knight with 11 health who has 13 total armour points.
Knight now has 2 health remaining

Raider with 32 health has a 22 total attack points, and attacks Footman with 38 health who has 11 total armour points.
Footman now has 27 health remaining

Knight with 51 health has a 22 total attack points, and attacks Raider with 33 health who has 13 total armour points.
Raider now has 24 health remaining

Grunt with 5 health has a 17 total attack points, and attacks Archer with 66 health who has 10 total armour points.
Archer now has 59 health remaining

Archer with 37 health has a 18 total attack points, and attacks Spearman with 8 health who has 10 total armour points.
Spearman has died in combat.

Grunt with 42 health has a 17 total attack points, and attacks Knight with 57 health who has 13 total armour points.
Knight now has 53 health remaining

Archer with 8 health has a 18 total attack points, and attacks Raider with 9 health who has 13 total armour points.
Raider now has 4 health remaining

Archer with 19 health has a 18 total attack points, and attacks Grunt with 17 health who has 11 total armour points.
Grunt now has 10 health remaining

Archer with 45 health has a 18 total attack points, and attacks Raider with 49 health who has 13 total armour points.
Raider now has 44 health remaining

Ranged with 4 health has a 18 total attack points, and attacks Archer with 46 health who has 10 total armour points.
Archer now has 38 health remaining

Raider with 30 health has a 22 total attack points, and attacks Footman with 12 health who has 11 total armour points.
Footman now has 1 health remaining

Archer with 36 health has a 18 total attack points, and attacks Grunt with 22 health who has 11 total armour points.
Grunt now has 15 health remaining

Archer with 19 health has a 18 total attack points, and attacks Grunt with 16 health who has 11 total armour points.
Grunt now has 9 health remaining

Spearman with 25 health has a 18 total attack points, and attacks Archer with 10 health who has 10 total armour points.
Archer now has 2 health remaining

Archer with 26 health has a 18 total attack points, and attacks Spearman with 29 health who has 10 total armour points.
Spearman now has 21 health remaining

Knight with 68 health has a 22 total attack points, and attacks Raider with 31 health who has 13 total armour points.
Raider now has 22 health remaining

Spearman with 35 health has a 18 total attack points, and attacks Archer with 35 health who has 10 total armour points.
Archer now has 27 health remaining

Raider with 33 health has a 22 total attack points, and attacks Archer with 26 health who has 10 total armour points.
Archer now has 14 health remaining

Footman with 15 health has a 17 total attack points, and attacks Ranged with 3 health who has 10 total armour points.
Ranged has died in combat.

Knight with 1 health has a 22 total attack points, and attacks Raider with 35 health who has 13 total armour points.
Raider now has 26 health remaining

Spearman with 22 health has a 18 total attack points, and attacks Archer with 32 health who has 10 total armour points.
Archer now has 24 health remaining

Archer with 56 health has a 18 total attack points, and attacks Raider with 68 health who has 13 total armour points.
Raider now has 63 health remaining

Grunt with 38 health has a 17 total attack points, and attacks Archer with 3 health who has 10 total armour points.
Archer has died in combat.

Knight with 27 health has a 22 total attack points, and attacks Grunt with 27 health who has 11 total armour points.
Grunt now has 16 health remaining

Archer with 3 health has a 18 total attack points, and attacks Ranged with 38 health who has 10 total armour points.
Ranged now has 30 health remaining

Spearman with 30 health has a 18 total attack points, and attacks Archer with 8 health who has 10 total armour points.
Archer has died in combat.

Footman with 24 health has a 17 total attack points, and attacks Ranged with 45 health who has 10 total armour points.
Ranged now has 38 health remaining

Raider with 7 health has a 22 total attack points, and attacks Knight with 11 health who has 13 total armour points.
Knight now has 2 health remaining

Knight with 26 health has a 22 total attack points, and attacks Spearman with 2 health who has 10 total armour points.
Spearman has died in combat.

Ranged with 26 health has a 18 total attack points, and attacks Knight with 10 health who has 13 total armour points.
Knight now has 5 health remaining

Archer with 12 health has a 18 total attack points, and attacks Raider with 49 health who has 13 total armour points.
Raider now has 44 health remaining

Archer with 45 health has a 18 total attack points, and attacks Grunt with 12 health who has 11 total armour points.
Grunt now has 5 health remaining

Grunt with 38 health has a 17 total attack points, and attacks Footman with 20 health who has 11 total armour points.
Footman now has 14 health remaining

Archer with 23 health has a 18 total attack points, and attacks Grunt with 22 health who has 11 total armour points.
Grunt now has 15 health remaining

Footman with 1 health has a 17 total attack points, and attacks Grunt with 4 health who has 11 total armour points.
Grunt has died in combat.

Spearman with 20 health has a 18 total attack points, and attacks Archer with 16 health who has 10 total armour points.
Archer now has 8 health remaining

Archer with 3 health has a 18 total attack points, and attacks Grunt with 6 health who has 11 total armour points.
Grunt has died in combat.

Knight with 55 health has a 22 total attack points, and attacks Grunt with 6 health who has 11 total armour points.
Grunt has died in combat.

Raider with 55 health has a 22 total attack points, and attacks Archer with 38 health who has 10 total armour points.
Archer now has 26 health remaining

Raider with 22 health has a 22 total attack points, and attacks Footman with 18 health who has 11 total armour points.
Footman now has 7 health remaining

Raider with 50 health has a 22 total attack points, and attacks Footman with 10 health who has 11 total armour points.
Footman has died in combat.

Spearman with 32 health has a 18 total attack points, and attacks Knight with 24 health who has 13 total armour points.
Knight now has 19 health remaining

Grunt with 17 health has a 17 total attack points, and attacks Footman with 39 health who has 11 total armour points.
Footman now has 33 health remaining

Ranged with 31 health has a 18 total attack points, and attacks Knight with 35 health who has 13 total armour points.
Knight now has 30 health remaining

Knight with 51 health has a 22 total attack points, and attacks Raider with 32 health who has 13 total armour points.
Raider now has 23 health remaining

Knight with 16 health has a 22 total attack points, and attacks Spearman with 22 health who has 10 total armour points.
Spearman now has 10 health remaining

Footman with 1 health has a 17 total attack points, and attacks Raider with 44 health who has 13 total armour points.
Raider now has 40 health remaining

Archer with 19 health has a 18 total attack points, and attacks Spearman with 71 health who has 10 total armour points.
Spearman now has 63 health remaining

Archer with 4 health has a 18 total attack points, and attacks Raider with 55 health who has 13 total armour points.
Raider now has 50 health remaining

Archer with 41 health has a 18 total attack points, and attacks Grunt with 19 health who has 11 total armour points.
Grunt now has 12 health remaining

Raider with 27 health has a 22 total attack points, and attacks Archer with 48 health who has 10 total armour points.
Archer now has 36 health remaining

Raider with 23 health has a 22 total attack points, and attacks Footman with 8 health who has 11 total armour points.
Footman has died in combat.

Grunt with 27 health has a 17 total attack points, and attacks Archer with 11 health who has 10 total armour points.
Archer now has 4 health remaining

Archer with 14 health has a 18 total attack points, and attacks Raider with 53 health who has 13 total armour points.
Raider now has 48 health remaining

Archer with 30 health has a 18 total attack points, and attacks Grunt with 26 health who has 11 total armour points.
Grunt now has 19 health remaining

Raider with 38 health has a 22 total attack points, and attacks Archer with 24 health who has 10 total armour points.
Archer now has 12 health remaining

Grunt with 49 health has a 17 total attack points, and attacks Footman with 5 health who has 11 total armour points.
Footman has died in combat.

Knight with 41 health has a 22 total attack points, and attacks Spearman with 31 health who has 10 total armour points.
Spearman now has 19 health remaining

Archer with 20 health has a 18 total attack points, and attacks Grunt with 27 health who has 11 total armour points.
Grunt now has 20 health remaining

Grunt with 57 health has a 17 total attack points, and attacks Knight with 27 health who has 13 total armour points.
Knight now has 23 health remaining

Footman with 23 health has a 17 total attack points, and attacks Raider with 27 health who has 13 total armour points.
Raider now has 23 health remaining

Spearman with 10 health has a 18 total attack points, and attacks Knight with 33 health who has 13 total armour points.
Knight now has 28 health remaining

Grunt with 14 health has a 17 total attack points, and attacks Archer with 46 health who has 10 total armour points.
Archer now has 39 health remaining

Spearman with 31 health has a 18 total attack points, and attacks Footman with 33 health who has 11 total armour points.
Footman now has 26 health remaining

Raider with 13 health has a 22 total attack points, and attacks Knight with 58 health who has 13 total armour points.
Knight now has 49 health remaining

Raider with 22 health has a 22 total attack points, and attacks Footman with 1 health who has 11 total armour points.
Footman has died in combat.

Archer with 26 health has a 18 total attack points, and attacks Ranged with 26 health who has 10 total armour points.
Ranged now has 18 health remaining

Raider with 44 health has a 22 total attack points, and attacks Archer with 4 health who has 10 total armour points.
Archer has died in combat.

Spearman with 16 health has a 18 total attack points, and attacks Archer with 45 health who has 10 total armour points.
Archer now has 37 health remaining

Knight with 49 health has a 22 total attack points, and attacks Raider with 22 health who has 13 total armour points.
Raider now has 13 health remaining

Raider with 4 health has a 22 total attack points, and attacks Archer with 8 health who has 10 total armour points.
Archer has died in combat.

Archer with 55 health has a 18 total attack points, and attacks Ranged with 79 health who has 10 total armour points.
Ranged now has 71 health remaining

Raider with 4 health has a 22 total attack points, and attacks Archer with 23 health who has 10 total armour points.
Archer now has 11 health remaining

Knight with 14 health has a 22 total attack points, and attacks Raider with 27 health who has 13 total armour points.
Raider now has 18 health remaining

Archer with 26 health has a 18 total attack points, and attacks Grunt with 21 health who has 11 total armour points.
Grunt now has 14 health remaining

Raider with 33 health has a 22 total attack points, and attacks Footman with 45 health who has 11 total armour points.
Footman now has 34 health remaining

Grunt with 5 health has a 17 total attack points, and attacks Knight with 23 health who has 13 total armour points.
Knight now has 19 health remaining

Spearman with 10 health has a 18 total attack points, and attacks Archer with 1 health who has 10 total armour points.
Archer has died in combat.

Raider with 48 health has a 22 total attack points, and attacks Knight with 31 health who has 13 total armour points.
Knight now has 22 health remaining

Archer with 48 health has a 18 total attack points, and attacks Spearman with 3 health who has 10 total armour points.
Spearman has died in combat.

Ranged with 10 health has a 18 total attack points, and attacks Archer with 4 health who has 10 total armour points.
Archer has died in combat.

Grunt with 25 health has a 17 total attack points, and attacks Knight with 31 health who has 13 total armour points.
Knight now has 27 health remaining

Archer with 36 health has a 18 total attack points, and attacks Spearman with 7 health who has 10 total armour points.
Spearman has died in combat.

Ranged with 29 health has a 18 total attack points, and attacks Mountain King with 131 health who has 16 total armour points.
Mountain King now has 129 health remaining

Raider with 41 health has a 22 total attack points, and attacks Knight with 13 health who has 13 total armour points.
Knight now has 4 health remaining

Knight with 15 health has a 22 total attack points, and attacks Spearman with 11 health who has 10 total armour points.
Spearman has died in combat.

Grunt with 19 health has a 17 total attack points, and attacks Archer with 40 health who has 10 total armour points.
Archer now has 33 health remaining

Archer with 4 health has a 18 total attack points, and attacks Ranged with 39 health who has 10 total armour points.
Ranged now has 31 health remaining

Knight with 48 health has a 22 total attack points, and attacks Raider with 36 health who has 13 total armour points.
Raider now has 27 health remaining

Archer with 32 health has a 18 total attack points, and attacks Spearman with 10 health who has 10 total armour points.
Spearman now has 2 health remaining

Raider with 29 health has a 22 total attack points, and attacks Archer with 2 health who has 10 total armour points.
Archer has died in combat.

Archer with 39 health has a 18 total attack points, and attacks Raider with 40 health who has 13 total armour points.
Raider now has 35 health remaining

Raider with 23 health has a 22 total attack points, and attacks Footman with 1 health who has 11 total armour points.
Footman has died in combat.

Raider with 43 health has a 22 total attack points, and attacks Archer with 1 health who has 10 total armour points.
Archer has died in combat.

Raider with 60 health has a 22 total attack points, and attacks Archer with 12 health who has 10 total armour points.
Archer has died in combat.

Raider with 21 health has a 22 total attack points, and attacks Knight with 53 health who has 13 total armour points.
Knight now has 44 health remaining

Ranged with 20 health has a 18 total attack points, and attacks Knight with 31 health who has 13 total armour points.
Knight now has 26 health remaining

Spearman with 10 health has a 18 total attack points, and attacks Knight with 5 health who has 13 total armour points.
Knight has died in combat.

Knight with 4 health has a 22 total attack points, and attacks Raider with 4 health who has 13 total armour points.
Raider has died in combat.

Ranged with 10 health has a 18 total attack points, and attacks Archer with 10 health who has 10 total armour points.
Archer now has 2 health remaining

Grunt with 14 health has a 17 total attack points, and attacks Footman with 24 health who has 11 total armour points.
Footman now has 18 health remaining

Spearman with 23 health has a 18 total attack points, and attacks Archer with 8 health who has 10 total armour points.
Archer has died in combat.

Archer with 13 health has a 18 total attack points, and attacks Spearman with 2 health who has 10 total armour points.
Spearman has died in combat.

Spearman with 11 health has a 18 total attack points, and attacks Archer with 19 health who has 10 total armour points.
Archer now has 11 health remaining

Footman with 15 health has a 17 total attack points, and attacks Grunt with 12 health who has 11 total armour points.
Grunt now has 6 health remaining

Grunt with 10 health has a 17 total attack points, and attacks Archer with 72 health who has 10 total armour points.
Archer now has 65 health remaining

Archer with 7 health has a 18 total attack points, and attacks Spearman with 31 health who has 10 total armour points.
Spearman now has 23 health remaining

Archer with 7 health has a 18 total attack points, and attacks Spearman with 4 health who has 10 total armour points.
Spearman has died in combat.

Knight with 22 health has a 22 total attack points, and attacks Raider with 9 health who has 13 total armour points.
Raider has died in combat.

Ranged with 15 health has a 18 total attack points, and attacks Archer with 36 health who has 10 total armour points.
Archer now has 28 health remaining

Raider with 51 health has a 22 total attack points, and attacks Knight with 45 health who has 13 total armour points.
Knight now has 36 health remaining

Archer with 36 health has a 18 total attack points, and attacks Raider with 46 health who has 13 total armour points.
Raider now has 41 health remaining

Archer with 56 health has a 18 total attack points, and attacks Raider with 65 health who has 13 total armour points.
Raider now has 60 health remaining

Footman with 3 health has a 17 total attack points, and attacks Grunt with 7 health who has 11 total armour points.
Grunt now has 1 health remaining

Spearman with 5 health has a 18 total attack points, and attacks Footman with 14 health who has 11 total armour points.
Footman now has 7 health remaining

Knight with 20 health has a 22 total attack points, and attacks Ranged with 2 health who has 10 total armour points.
Ranged has died in combat.

Knight with 21 health has a 22 total attack points, and attacks Raider with 29 health who has 13 total armour points.
Raider now has 20 health remaining

Spearman with 60 health has a 18 total attack points, and attacks Archer with 2 health who has 10 total armour points.
Archer has died in combat.

Ranged with 18 health has a 18 total attack points, and attacks Footman with 34 health who has 11 total armour points.
Footman now has 27 health remaining

Knight with 14 health has a 22 total attack points, and attacks Ranged with 4 health who has 10 total armour points.
Ranged has died in combat.

Knight with 28 health has a 22 total attack points, and attacks Raider with 25 health who has 13 total armour points.
Raider now has 16 health remaining

Grunt with 38 health has a 17 total attack points, and attacks Footman with 4 health who has 11 total armour points.
Footman has died in combat.

Raider with 61 health has a 22 total attack points, and attacks Archer with 26 health who has 10 total armour points.
Archer now has 14 health remaining

Grunt with 17 health has a 17 total attack points, and attacks Archer with 7 health who has 10 total armour points.
Archer has died in combat.

Archer with 58 health has a 18 total attack points, and attacks Ranged with 26 health who has 10 total armour points.
Ranged now has 18 health remaining

Spearman with 32 health has a 18 total attack points, and attacks Footman with 7 health who has 11 total armour points.
Footman has died in combat.

Archer with 66 health has a 18 total attack points, and attacks Grunt with 15 health who has 11 total armour points.
Grunt now has 8 health remaining

Archer with 36 health has a 18 total attack points, and attacks Ranged with 23 health who has 10 total armour points.
Ranged now has 15 health remaining

Ranged with 40 health has a 18 total attack points, and attacks Archer with 30 health who has 10 total armour points.
Archer now has 22 health remaining

Raider with 41 health has a 22 total attack points, and attacks Footman with 1 health who has 11 total armour points.
Footman has died in combat.

Spearman with 27 health has a 18 total attack points, and attacks Footman with 3 health who has 11 total armour points.
Footman has died in combat.

Grunt with 18 health has a 17 total attack points, and attacks Archer with 36 health who has 10 total armour points.
Archer now has 29 health remaining

Knight with 41 health has a 22 total attack points, and attacks Raider with 20 health who has 13 total armour points.
Raider now has 11 health remaining

Grunt with 57 health has a 17 total attack points, and attacks Archer with 8 health who has 10 total armour points.
Archer now has 1 health remaining

Knight with 30 health has a 22 total attack points, and attacks Raider with 37 health who has 13 total armour points.
Raider now has 28 health remaining

Spearman with 2 health has a 18 total attack points, and attacks Archer with 48 health who has 10 total armour points.
Archer now has 40 health remaining

Raider with 40 health has a 22 total attack points, and attacks Knight with 28 health who has 13 total armour points.
Knight now has 19 health remaining

Knight with 8 health has a 22 total attack points, and attacks Raider with 38 health who has 13 total armour points.
Raider now has 29 health remaining

Knight with 6 health has a 22 total attack points, and attacks Raider with 23 health who has 13 total armour points.
Raider now has 14 health remaining

Archer with 21 health has a 18 total attack points, and attacks Grunt with 3 health who has 11 total armour points.
Grunt has died in combat.

Grunt with 21 health has a 17 total attack points, and attacks Knight with 40 health who has 13 total armour points.
Knight now has 36 health remaining

Knight with 46 health has a 22 total attack points, and attacks Spearman with 2 health who has 10 total armour points.
Spearman has died in combat.

Raider with 20 health has a 22 total attack points, and attacks Knight with 18 health who has 13 total armour points.
Knight now has 9 health remaining

Ranged with 4 health has a 18 total attack points, and attacks Knight with 54 health who has 13 total armour points.
Knight now has 49 health remaining

Archer with 56 health has a 18 total attack points, and attacks Spearman with 11 health who has 10 total armour points.
Spearman now has 3 health remaining

Archer with 26 health has a 18 total attack points, and attacks Grunt with 38 health who has 11 total armour points.
Grunt now has 31 health remaining

Raider with 13 health has a 22 total attack points, and attacks Footman with 39 health who has 11 total armour points.
Footman now has 28 health remaining

Ranged with 6 health has a 18 total attack points, and attacks Archer with 4 health who has 10 total armour points.
Archer has died in combat.

Grunt with 9 health has a 17 total attack points, and attacks Knight with 32 health who has 13 total armour points.
Knight now has 28 health remaining

Ranged with 18 health has a 18 total attack points, and attacks Knight with 14 health who has 13 total armour points.
Knight now has 9 health remaining

Spearman with 23 health has a 18 total attack points, and attacks Knight with 35 health who has 13 total armour points.
Knight now has 30 health remaining

Knight with 59 health has a 22 total attack points, and attacks Raider with 14 health who has 13 total armour points.
Raider now has 5 health remaining

Grunt with 19 health has a 17 total attack points, and attacks Archer with 6 health who has 10 total armour points.
Archer has died in combat.

Ranged with 10 health has a 18 total attack points, and attacks Footman with 36 health who has 11 total armour points.
Footman now has 29 health remaining

Archer with 59 health has a 18 total attack points, and attacks Spearman with 10 health who has 10 total armour points.
Spearman now has 2 health remaining

Grunt with 17 health has a 17 total attack points, and attacks Archer with 42 health who has 10 total armour points.
Archer now has 35 health remaining

Raider with 40 health has a 22 total attack points, and attacks Knight with 12 health who has 13 total armour points.
Knight now has 3 health remaining

Grunt with 38 health has a 17 total attack points, and attacks Knight with 36 health who has 13 total armour points.
Knight now has 32 health remaining

Footman with 7 health has a 17 total attack points, and attacks Grunt with 44 health who has 11 total armour points.
Grunt now has 38 health remaining

Ranged with 15 health has a 18 total attack points, and attacks Knight with 15 health who has 13 total armour points.
Knight now has 10 health remaining

Raider with 51 health has a 22 total attack points, and attacks Archer with 29 health who has 10 total armour points.
Archer now has 17 health remaining

Raider with 21 health has a 22 total attack points, and attacks Archer with 55 health who has 10 total armour points.
Archer now has 43 health remaining

Knight with 21 health has a 22 total attack points, and attacks Ranged with 25 health who has 10 total armour points.
Ranged now has 13 health remaining

Raider with 40 health has a 22 total attack points, and attacks Footman with 24 health who has 11 total armour points.
Footman now has 13 health remaining

Raider with 64 health has a 22 total attack points, and attacks Knight with 20 health who has 13 total armour points.
Knight now has 11 health remaining

Archer with 5 health has a 18 total attack points, and attacks Raider with 61 health who has 13 total armour points.
Raider now has 56 health remaining

Ranged with 11 health has a 18 total attack points, and attacks Knight with 64 health who has 13 total armour points.
Knight now has 59 health remaining

Archer with 14 health has a 18 total attack points, and attacks Raider with 51 health who has 13 total armour points.
Raider now has 46 health remaining

Archer with 37 health has a 18 total attack points, and attacks Gul´dan with 154 health who has 16 total armour points.
Gul´dan now has 152 health remaining

Footman with 32 health has a 17 total attack points, and attacks Raider with 21 health who has 13 total armour points.
Raider now has 17 health remaining

Raider with 56 health has a 22 total attack points, and attacks Knight with 8 health who has 13 total armour points.
Knight has died in combat.

Knight with 33 health has a 22 total attack points, and attacks Raider with 27 health who has 13 total armour points.
Raider now has 18 health remaining

Grunt with 21 health has a 17 total attack points, and attacks Archer with 27 health who has 10 total armour points.
Archer now has 20 health remaining

Raider with 51 health has a 22 total attack points, and attacks Footman with 18 health who has 11 total armour points.
Footman now has 7 health remaining

Knight with 46 health has a 22 total attack points, and attacks Raider with 10 health who has 13 total armour points.
Raider now has 1 health remaining

Footman with 60 health has a 17 total attack points, and attacks Grunt with 33 health who has 11 total armour points.
Grunt now has 27 health remaining

Ranged with 31 health has a 18 total attack points, and attacks Archer with 23 health who has 10 total armour points.
Archer now has 15 health remaining

Spearman with 19 health has a 18 total attack points, and attacks Archer with 23 health who has 10 total armour points.
Archer now has 15 health remaining

Archer with 43 health has a 18 total attack points, and attacks Raider with 26 health who has 13 total armour points.
Raider now has 21 health remaining

Spearman with 3 health has a 18 total attack points, and attacks Archer with 60 health who has 10 total armour points.
Archer now has 52 health remaining

Archer with 3 health has a 18 total attack points, and attacks Grunt with 9 health who has 11 total armour points.
Grunt now has 2 health remaining

Footman with 40 health has a 17 total attack points, and attacks Raider with 30 health who has 13 total armour points.
Raider now has 26 health remaining

Knight with 55 health has a 22 total attack points, and attacks Raider with 56 health who has 13 total armour points.
Raider now has 47 health remaining

Archer with 29 health has a 18 total attack points, and attacks Raider with 50 health who has 13 total armour points.
Raider now has 45 health remaining

Raider with 33 health has a 22 total attack points, and attacks Footman with 16 health who has 11 total armour points.
Footman now has 5 health remaining

Footman with 4 health has a 17 total attack points, and attacks Grunt with 13 health who has 11 total armour points.
Grunt now has 7 health remaining

Raider with 17 health has a 22 total attack points, and attacks Footman with 35 health who has 11 total armour points.
Footman now has 24 health remaining

Raider with 30 health has a 22 total attack points, and attacks Archer with 15 health who has 10 total armour points.
Archer now has 3 health remaining

Footman with 3 health has a 17 total attack points, and attacks Grunt with 27 health who has 11 total armour points.
Grunt now has 21 health remaining

Raider with 41 health has a 22 total attack points, and attacks Footman with 13 health who has 11 total armour points.
Footman now has 2 health remaining

Archer with 2 health has a 18 total attack points, and attacks Spearman with 3 health who has 10 total armour points.
Spearman has died in combat.

Spearman with 23 health has a 18 total attack points, and attacks Knight with 30 health who has 13 total armour points.
Knight now has 25 health remaining

Spearman with 28 health has a 18 total attack points, and attacks Knight with 57 health who has 13 total armour points.
Knight now has 52 health remaining

Raider with 26 health has a 22 total attack points, and attacks Archer with 18 health who has 10 total armour points.
Archer now has 6 health remaining

Knight with 49 health has a 22 total attack points, and attacks Ranged with 26 health who has 10 total armour points.
Ranged now has 14 health remaining

Spearman with 63 health has a 18 total attack points, and attacks Archer with 59 health who has 10 total armour points.
Archer now has 51 health remaining

Ranged with 9 health has a 18 total attack points, and attacks Archer with 20 health who has 10 total armour points.
Archer now has 12 health remaining

Ranged with 11 health has a 18 total attack points, and attacks Archer with 35 health who has 10 total armour points.
Archer now has 27 health remaining

Archer with 32 health has a 18 total attack points, and attacks Raider with 10 health who has 13 total armour points.
Raider now has 5 health remaining

Ranged with 71 health has a 18 total attack points, and attacks Footman with 47 health who has 11 total armour points.
Footman now has 40 health remaining

Footman with 26 health has a 17 total attack points, and attacks Ranged with 28 health who has 10 total armour points.
Ranged now has 21 health remaining

Archer with 54 health has a 18 total attack points, and attacks Spearman with 10 health who has 10 total armour points.
Spearman now has 2 health remaining

Raider with 27 health has a 22 total attack points, and attacks Knight with 55 health who has 13 total armour points.
Knight now has 46 health remaining

Archer with 3 health has a 18 total attack points, and attacks Grunt with 19 health who has 11 total armour points.
Grunt now has 12 health remaining

Archer with 12 health has a 18 total attack points, and attacks Grunt with 40 health who has 11 total armour points.
Grunt now has 33 health remaining

Knight with 31 health has a 22 total attack points, and attacks Raider with 23 health who has 13 total armour points.
Raider now has 14 health remaining

Archer with 75 health has a 18 total attack points, and attacks Grunt with 33 health who has 11 total armour points.
Grunt now has 26 health remaining

Spearman with 12 health has a 18 total attack points, and attacks Footman with 33 health who has 11 total armour points.
Footman now has 26 health remaining

Archer with 1 health has a 18 total attack points, and attacks Raider with 13 health who has 13 total armour points.
Raider now has 8 health remaining

Footman with 26 health has a 17 total attack points, and attacks Ranged with 4 health who has 10 total armour points.
Ranged has died in combat.

Knight with 28 health has a 22 total attack points, and attacks Ranged with 30 health who has 10 total armour points.
Ranged now has 18 health remaining

Ranged with 10 health has a 18 total attack points, and attacks Footman with 25 health who has 11 total armour points.
Footman now has 18 health remaining

Knight with 9 health has a 22 total attack points, and attacks Raider with 60 health who has 13 total armour points.
Raider now has 51 health remaining

Archer with 75 health has a 18 total attack points, and attacks Raider with 55 health who has 13 total armour points.
Raider now has 50 health remaining

Knight with 29 health has a 22 total attack points, and attacks Spearman with 20 health who has 10 total armour points.
Spearman now has 8 health remaining

Archer with 12 health has a 18 total attack points, and attacks Raider with 27 health who has 13 total armour points.
Raider now has 22 health remaining

Spearman with 16 health has a 18 total attack points, and attacks Knight with 48 health who has 13 total armour points.
Knight now has 43 health remaining

Raider with 30 health has a 22 total attack points, and attacks Knight with 20 health who has 13 total armour points.
Knight now has 11 health remaining

Raider with 57 health has a 22 total attack points, and attacks Archer with 11 health who has 10 total armour points.
Archer has died in combat.

Footman with 8 health has a 17 total attack points, and attacks Raider with 5 health who has 13 total armour points.
Raider now has 1 health remaining

Raider with 30 health has a 22 total attack points, and attacks Archer with 9 health who has 10 total armour points.
Archer has died in combat.

Raider with 1 health has a 22 total attack points, and attacks Archer with 33 health who has 10 total armour points.
Archer now has 21 health remaining

Footman with 4 health has a 17 total attack points, and attacks Raider with 29 health who has 13 total armour points.
Raider now has 25 health remaining

Archer with 36 health has a 18 total attack points, and attacks Raider with 19 health who has 13 total armour points.
Raider now has 14 health remaining

Grunt with 27 health has a 17 total attack points, and attacks Knight with 36 health who has 13 total armour points.
Knight now has 32 health remaining

Spearman with 10 health has a 18 total attack points, and attacks Archer with 70 health who has 10 total armour points.
Archer now has 62 health remaining

Knight with 16 health has a 22 total attack points, and attacks Raider with 41 health who has 13 total armour points.
Raider now has 32 health remaining

Raider with 32 health has a 22 total attack points, and attacks Footman with 18 health who has 11 total armour points.
Footman now has 7 health remaining

Grunt with 5 health has a 17 total attack points, and attacks Knight with 59 health who has 13 total armour points.
Knight now has 55 health remaining

Knight with 11 health has a 22 total attack points, and attacks Spearman with 31 health who has 10 total armour points.
Spearman now has 19 health remaining

Grunt with 42 health has a 17 total attack points, and attacks Knight with 31 health who has 13 total armour points.
Knight now has 27 health remaining

Footman with 33 health has a 17 total attack points, and attacks Raider with 25 health who has 13 total armour points.
Raider now has 21 health remaining

Knight with 72 health has a 22 total attack points, and attacks Grunt with 17 health who has 11 total armour points.
Grunt now has 6 health remaining

Raider with 8 health has a 22 total attack points, and attacks Footman with 3 health who has 11 total armour points.
Footman has died in combat.

Archer with 29 health has a 18 total attack points, and attacks Ranged with 32 health who has 10 total armour points.
Ranged now has 24 health remaining

Knight with 17 health has a 22 total attack points, and attacks Raider with 35 health who has 13 total armour points.
Raider now has 26 health remaining

Spearman with 1 health has a 18 total attack points, and attacks Knight with 68 health who has 13 total armour points.
Knight now has 63 health remaining

Archer with 20 health has a 18 total attack points, and attacks Raider with 51 health who has 13 total armour points.
Raider now has 46 health remaining

Raider with 20 health has a 22 total attack points, and attacks Archer with 37 health who has 10 total armour points.
Archer now has 25 health remaining

Spearman with 60 health has a 18 total attack points, and attacks Knight with 49 health who has 13 total armour points.
Knight now has 44 health remaining

Knight with 32 health has a 22 total attack points, and attacks Ranged with 31 health who has 10 total armour points.
Ranged now has 19 health remaining

Raider with 27 health has a 22 total attack points, and attacks Knight with 63 health who has 13 total armour points.
Knight now has 54 health remaining

Raider with 13 health has a 22 total attack points, and attacks Archer with 19 health who has 10 total armour points.
Archer now has 7 health remaining

Grunt with 38 health has a 17 total attack points, and attacks Knight with 44 health who has 13 total armour points.
Knight now has 40 health remaining

Grunt with 25 health has a 17 total attack points, and attacks Footman with 27 health who has 11 total armour points.
Footman now has 21 health remaining

Archer with 52 health has a 18 total attack points, and attacks Raider with 41 health who has 13 total armour points.
Raider now has 36 health remaining

Grunt with 5 health has a 17 total attack points, and attacks Knight with 1 health who has 13 total armour points.
Knight has died in combat.

Grunt with 14 health has a 17 total attack points, and attacks Knight with 2 health who has 13 total armour points.
Knight has died in combat.

Raider with 43 health has a 22 total attack points, and attacks Archer with 37 health who has 10 total armour points.
Archer now has 25 health remaining

Knight with 31 health has a 22 total attack points, and attacks Grunt with 15 health who has 11 total armour points.
Grunt now has 4 health remaining

Footman with 26 health has a 17 total attack points, and attacks Spearman with 16 health who has 10 total armour points.
Spearman now has 9 health remaining

Raider with 46 health has a 22 total attack points, and attacks Footman with 27 health who has 11 total armour points.
Footman now has 16 health remaining

Spearman with 8 health has a 18 total attack points, and attacks Archer with 14 health who has 10 total armour points.
Archer now has 6 health remaining

Raider with 7 health has a 22 total attack points, and attacks Archer with 48 health who has 10 total armour points.
Archer now has 36 health remaining

Archer with 36 health has a 18 total attack points, and attacks Grunt with 16 health who has 11 total armour points.
Grunt now has 9 health remaining

Spearman with 60 health has a 18 total attack points, and attacks Knight with 32 health who has 13 total armour points.
Knight now has 27 health remaining

Raider with 59 health has a 22 total attack points, and attacks Archer with 41 health who has 10 total armour points.
Archer now has 29 health remaining

Spearman with 48 health has a 18 total attack points, and attacks Footman with 17 health who has 11 total armour points.
Footman now has 10 health remaining

Raider with 19 health has a 22 total attack points, and attacks Archer with 22 health who has 10 total armour points.
Archer now has 10 health remaining

Raider with 18 health has a 22 total attack points, and attacks Footman with 2 health who has 11 total armour points.
Footman has died in combat.

Archer with 25 health has a 18 total attack points, and attacks Spearman with 2 health who has 10 total armour points.
Spearman has died in combat.

Archer with 36 health has a 18 total attack points, and attacks Ranged with 24 health who has 10 total armour points.
Ranged now has 16 health remaining

Footman with 26 health has a 17 total attack points, and attacks Ranged with 4 health who has 10 total armour points.
Ranged has died in combat.

Footman with 23 health has a 17 total attack points, and attacks Ranged with 11 health who has 10 total armour points.
Ranged now has 4 health remaining

Archer with 4 health has a 18 total attack points, and attacks Ranged with 15 health who has 10 total armour points.
Ranged now has 7 health remaining

Knight with 10 health has a 22 total attack points, and attacks Raider with 3 health who has 13 total armour points.
Raider has died in combat.

Ranged with 21 health has a 18 total attack points, and attacks Archer with 10 health who has 10 total armour points.
Archer now has 2 health remaining

Raider with 29 health has a 22 total attack points, and attacks Archer with 58 health who has 10 total armour points.
Archer now has 46 health remaining

Archer with 32 health has a 18 total attack points, and attacks Raider with 43 health who has 13 total armour points.
Raider now has 38 health remaining

Raider with 48 health has a 22 total attack points, and attacks Knight with 21 health who has 13 total armour points.
Knight now has 12 health remaining

Raider with 46 health has a 22 total attack points, and attacks Archer with 51 health who has 10 total armour points.
Archer now has 39 health remaining

Knight with 55 health has a 22 total attack points, and attacks Raider with 33 health who has 13 total armour points.
Raider now has 24 health remaining

Spearman with 25 health has a 18 total attack points, and attacks Knight with 3 health who has 13 total armour points.
Knight has died in combat.

Ranged with 18 health has a 18 total attack points, and attacks Archer with 13 health who has 10 total armour points.
Archer now has 5 health remaining

Raider with 52 health has a 22 total attack points, and attacks Knight with 29 health who has 13 total armour points.
Knight now has 20 health remaining

Ranged with 45 health has a 18 total attack points, and attacks Archer with 27 health who has 10 total armour points.
Archer now has 19 health remaining

Raider with 26 health has a 22 total attack points, and attacks Knight with 72 health who has 13 total armour points.
Knight now has 63 health remaining

Archer with 46 health has a 18 total attack points, and attacks Raider with 32 health who has 13 total armour points.
Raider now has 27 health remaining

Knight with 22 health has a 22 total attack points, and attacks Raider with 24 health who has 13 total armour points.
Raider now has 15 health remaining

Spearman with 19 health has a 18 total attack points, and attacks Knight with 27 health who has 13 total armour points.
Knight now has 22 health remaining

Footman with 20 health has a 17 total attack points, and attacks Grunt with 14 health who has 11 total armour points.
Grunt now has 8 health remaining

Grunt with 14 health has a 17 total attack points, and attacks Knight with 16 health who has 13 total armour points.
Knight now has 12 health remaining

Knight with 2 health has a 22 total attack points, and attacks Raider with 8 health who has 13 total armour points.
Raider has died in combat.

Raider with 1 health has a 22 total attack points, and attacks Knight with 20 health who has 13 total armour points.
Knight now has 11 health remaining

Raider with 55 health has a 22 total attack points, and attacks Footman with 21 health who has 11 total armour points.
Footman now has 10 health remaining

Raider with 30 health has a 22 total attack points, and attacks Archer with 8 health who has 10 total armour points.
Archer has died in combat.

Archer with 30 health has a 18 total attack points, and attacks Spearman with 11 health who has 10 total armour points.
Spearman now has 3 health remaining

Raider with 34 health has a 22 total attack points, and attacks Archer with 36 health who has 10 total armour points.
Archer now has 24 health remaining

Knight with 21 health has a 22 total attack points, and attacks Raider with 27 health who has 13 total armour points.
Raider now has 18 health remaining

Raider with 15 health has a 22 total attack points, and attacks Footman with 4 health who has 11 total armour points.
Footman has died in combat.

Knight with 58 health has a 22 total attack points, and attacks Ranged with 15 health who has 10 total armour points.
Ranged now has 3 health remaining

Knight with 55 health has a 22 total attack points, and attacks Raider with 31 health who has 13 total armour points.
Raider now has 22 health remaining

Raider with 26 health has a 22 total attack points, and attacks Archer with 32 health who has 10 total armour points.
Archer now has 20 health remaining

Grunt with 15 health has a 17 total attack points, and attacks Knight with 59 health who has 13 total armour points.
Knight now has 55 health remaining

Ranged with 13 health has a 18 total attack points, and attacks Knight with 19 health who has 13 total armour points.
Knight now has 14 health remaining

Archer with 29 health has a 18 total attack points, and attacks Raider with 26 health who has 13 total armour points.
Raider now has 21 health remaining

Grunt with 1 health has a 17 total attack points, and attacks Archer with 1 health who has 10 total armour points.
Archer has died in combat.

Archer with 30 health has a 18 total attack points, and attacks Raider with 23 health who has 13 total armour points.
Raider now has 18 health remaining

Knight with 55 health has a 22 total attack points, and attacks Raider with 21 health who has 13 total armour points.
Raider now has 12 health remaining

Archer with 21 health has a 18 total attack points, and attacks Grunt with 5 health who has 11 total armour points.
Grunt has died in combat.

Knight with 32 health has a 22 total attack points, and attacks Raider with 25 health who has 13 total armour points.
Raider now has 16 health remaining

Grunt with 38 health has a 17 total attack points, and attacks Knight with 22 health who has 13 total armour points.
Knight now has 18 health remaining

Spearman with 14 health has a 18 total attack points, and attacks Archer with 19 health who has 10 total armour points.
Archer now has 11 health remaining

Raider with 20 health has a 22 total attack points, and attacks Archer with 8 health who has 10 total armour points.
Archer has died in combat.

Raider with 21 health has a 22 total attack points, and attacks Archer with 66 health who has 10 total armour points.
Archer now has 54 health remaining

Raider with 20 health has a 22 total attack points, and attacks Footman with 5 health who has 11 total armour points.
Footman has died in combat.

Footman with 21 health has a 17 total attack points, and attacks Raider with 63 health who has 13 total armour points.
Raider now has 59 health remaining

Raider with 26 health has a 22 total attack points, and attacks Archer with 11 health who has 10 total armour points.
Archer has died in combat.

Gul´dan with 152 health has a 27 total attack points, and attacks Knight with 49 health who has 13 total armour points.
Knight now has 35 health remaining

Knight with 27 health has a 22 total attack points, and attacks Raider with 16 health who has 13 total armour points.
Raider now has 7 health remaining

Raider with 11 health has a 22 total attack points, and attacks Archer with 6 health who has 10 total armour points.
Archer has died in combat.

Archer with 4 health has a 18 total attack points, and attacks Spearman with 14 health who has 10 total armour points.
Spearman now has 6 health remaining

Footman with 18 health has a 17 total attack points, and attacks Grunt with 8 health who has 11 total armour points.
Grunt now has 2 health remaining

Footman with 8 health has a 17 total attack points, and attacks Ranged with 18 health who has 10 total armour points.
Ranged now has 11 health remaining

Archer with 6 health has a 18 total attack points, and attacks Raider with 19 health who has 13 total armour points.
Raider now has 14 health remaining

Archer with 5 health has a 18 total attack points, and attacks Ranged with 2 health who has 10 total armour points.
Ranged has died in combat.

Raider with 26 health has a 22 total attack points, and attacks Archer with 19 health who has 10 total armour points.
Archer now has 7 health remaining

Archer with 38 health has a 18 total attack points, and attacks Spearman with 8 health who has 10 total armour points.
Spearman has died in combat.

Archer with 32 health has a 18 total attack points, and attacks Raider with 45 health who has 13 total armour points.
Raider now has 40 health remaining

Spearman with 19 health has a 18 total attack points, and attacks Archer with 3 health who has 10 total armour points.
Archer has died in combat.

Ranged with 8 health has a 18 total attack points, and attacks Knight with 11 health who has 13 total armour points.
Knight now has 6 health remaining

Ranged with 7 health has a 18 total attack points, and attacks Footman with 26 health who has 11 total armour points.
Footman now has 19 health remaining

Spearman with 60 health has a 18 total attack points, and attacks Footman with 2 health who has 11 total armour points.
Footman has died in combat.

Knight with 27 health has a 22 total attack points, and attacks Raider with 36 health who has 13 total armour points.
Raider now has 27 health remaining

Raider with 41 health has a 22 total attack points, and attacks Archer with 24 health who has 10 total armour points.
Archer now has 12 health remaining

Archer with 37 health has a 18 total attack points, and attacks Raider with 57 health who has 13 total armour points.
Raider now has 52 health remaining

Raider with 33 health has a 22 total attack points, and attacks Footman with 34 health who has 11 total armour points.
Footman now has 23 health remaining

Ranged with 8 health has a 18 total attack points, and attacks Archer with 6 health who has 10 total armour points.
Archer has died in combat.

Archer with 12 health has a 18 total attack points, and attacks Grunt with 18 health who has 11 total armour points.
Grunt now has 11 health remaining

Knight with 27 health has a 22 total attack points, and attacks Raider with 30 health who has 13 total armour points.
Raider now has 21 health remaining

Archer with 12 health has a 18 total attack points, and attacks Raider with 44 health who has 13 total armour points.
Raider now has 39 health remaining

Spearman with 30 health has a 18 total attack points, and attacks Knight with 47 health who has 13 total armour points.
Knight now has 42 health remaining

Archer with 12 health has a 18 total attack points, and attacks Ranged with 13 health who has 10 total armour points.
Ranged now has 5 health remaining

Knight with 28 health has a 22 total attack points, and attacks Raider with 19 health who has 13 total armour points.
Raider now has 10 health remaining

Spearman with 19 health has a 18 total attack points, and attacks Archer with 32 health who has 10 total armour points.
Archer now has 24 health remaining

Archer with 46 health has a 18 total attack points, and attacks Ranged with 15 health who has 10 total armour points.
Ranged now has 7 health remaining

Raider with 55 health has a 22 total attack points, and attacks Archer with 29 health who has 10 total armour points.
Archer now has 17 health remaining

Footman with 19 health has a 17 total attack points, and attacks Raider with 50 health who has 13 total armour points.
Raider now has 46 health remaining

Archer with 20 health has a 18 total attack points, and attacks Raider with 4 health who has 13 total armour points.
Raider has died in combat.

Archer with 44 health has a 18 total attack points, and attacks Spearman with 63 health who has 10 total armour points.
Spearman now has 55 health remaining

Grunt with 57 health has a 17 total attack points, and attacks Knight with 6 health who has 13 total armour points.
Knight now has 2 health remaining

Footman with 8 health has a 17 total attack points, and attacks Raider with 27 health who has 13 total armour points.
Raider now has 23 health remaining

Raider with 8 health has a 22 total attack points, and attacks Footman with 23 health who has 11 total armour points.
Footman now has 12 health remaining

Knight with 11 health has a 22 total attack points, and attacks Grunt with 6 health who has 11 total armour points.
Grunt has died in combat.

Ranged with 7 health has a 18 total attack points, and attacks Knight with 14 health who has 13 total armour points.
Knight now has 9 health remaining

Knight with 54 health has a 22 total attack points, and attacks Grunt with 5 health who has 11 total armour points.
Grunt has died in combat.

Knight with 45 health has a 22 total attack points, and attacks Ranged with 71 health who has 10 total armour points.
Ranged now has 59 health remaining

Knight with 8 health has a 22 total attack points, and attacks Spearman with 4 health who has 10 total armour points.
Spearman has died in combat.

Archer with 56 health has a 18 total attack points, and attacks Raider with 27 health who has 13 total armour points.
Raider now has 22 health remaining

Grunt with 27 health has a 17 total attack points, and attacks Knight with 58 health who has 13 total armour points.
Knight now has 54 health remaining

Spearman with 14 health has a 18 total attack points, and attacks Footman with 33 health who has 11 total armour points.
Footman now has 26 health remaining

Knight with 44 health has a 22 total attack points, and attacks Ranged with 18 health who has 10 total armour points.
Ranged now has 6 health remaining

Footman with 19 health has a 17 total attack points, and attacks Grunt with 37 health who has 11 total armour points.
Grunt now has 31 health remaining

Grunt with 21 health has a 17 total attack points, and attacks Knight with 76 health who has 13 total armour points.
Knight now has 72 health remaining

Footman with 29 health has a 17 total attack points, and attacks Raider with 20 health who has 13 total armour points.
Raider now has 16 health remaining

Grunt with 27 health has a 17 total attack points, and attacks Knight with 2 health who has 13 total armour points.
Knight has died in combat.

Spearman with 35 health has a 18 total attack points, and attacks Archer with 5 health who has 10 total armour points.
Archer has died in combat.

Raider with 32 health has a 22 total attack points, and attacks Archer with 24 health who has 10 total armour points.
Archer now has 12 health remaining

Footman with 19 health has a 17 total attack points, and attacks Raider with 41 health who has 13 total armour points.
Raider now has 37 health remaining

Grunt with 31 health has a 17 total attack points, and attacks Knight with 6 health who has 13 total armour points.
Knight now has 2 health remaining

Knight with 36 health has a 22 total attack points, and attacks Spearman with 35 health who has 10 total armour points.
Spearman now has 23 health remaining

Footman with 5 health has a 17 total attack points, and attacks Raider with 26 health who has 13 total armour points.
Raider now has 22 health remaining

Spearman with 6 health has a 18 total attack points, and attacks Archer with 25 health who has 10 total armour points.
Archer now has 17 health remaining

Archer with 26 health has a 18 total attack points, and attacks Ranged with 18 health who has 10 total armour points.
Ranged now has 10 health remaining

Grunt with 11 health has a 17 total attack points, and attacks Knight with 9 health who has 13 total armour points.
Knight now has 5 health remaining

Footman with 26 health has a 17 total attack points, and attacks Spearman with 9 health who has 10 total armour points.
Spearman now has 2 health remaining

Knight with 28 health has a 22 total attack points, and attacks Ranged with 21 health who has 10 total armour points.
Ranged now has 9 health remaining

Raider with 28 health has a 22 total attack points, and attacks Knight with 11 health who has 13 total armour points.
Knight now has 2 health remaining

Footman with 10 health has a 17 total attack points, and attacks Spearman with 2 health who has 10 total armour points.
Spearman has died in combat.

Raider with 22 health has a 22 total attack points, and attacks Knight with 55 health who has 13 total armour points.
Knight now has 46 health remaining

Knight with 44 health has a 22 total attack points, and attacks Spearman with 23 health who has 10 total armour points.
Spearman now has 11 health remaining

Footman with 28 health has a 17 total attack points, and attacks Ranged with 9 health who has 10 total armour points.
Ranged now has 2 health remaining

Raider with 26 health has a 22 total attack points, and attacks Knight with 46 health who has 13 total armour points.
Knight now has 37 health remaining

Spearman with 28 health has a 18 total attack points, and attacks Footman with 16 health who has 11 total armour points.
Footman now has 9 health remaining

Archer with 25 health has a 18 total attack points, and attacks Raider with 47 health who has 13 total armour points.
Raider now has 42 health remaining

Raider with 22 health has a 22 total attack points, and attacks Knight with 27 health who has 13 total armour points.
Knight now has 18 health remaining

Raider with 21 health has a 22 total attack points, and attacks Archer with 25 health who has 10 total armour points.
Archer now has 13 health remaining

Raider with 19 health has a 22 total attack points, and attacks Footman with 10 health who has 11 total armour points.
Footman has died in combat.

Raider with 19 health has a 22 total attack points, and attacks Knight with 68 health who has 13 total armour points.
Knight now has 59 health remaining

Raider with 18 health has a 22 total attack points, and attacks Knight with 46 health who has 13 total armour points.
Knight now has 37 health remaining

Grunt with 8 health has a 17 total attack points, and attacks Archer with 24 health who has 10 total armour points.
Archer now has 17 health remaining

Knight with 2 health has a 22 total attack points, and attacks Raider with 29 health who has 13 total armour points.
Raider now has 20 health remaining

Raider with 15 health has a 22 total attack points, and attacks Archer with 4 health who has 10 total armour points.
Archer has died in combat.

Spearman with 10 health has a 18 total attack points, and attacks Knight with 10 health who has 13 total armour points.
Knight now has 5 health remaining

Archer with 21 health has a 18 total attack points, and attacks Ranged with 10 health who has 10 total armour points.
Ranged now has 2 health remaining

Archer with 15 health has a 18 total attack points, and attacks Raider with 5 health who has 13 total armour points.
Raider has died in combat.

Archer with 5 health has a 18 total attack points, and attacks Grunt with 31 health who has 11 total armour points.
Grunt now has 24 health remaining

Knight with 37 health has a 22 total attack points, and attacks Raider with 35 health who has 13 total armour points.
Raider now has 26 health remaining

Grunt with 33 health has a 17 total attack points, and attacks Archer with 17 health who has 10 total armour points.
Archer now has 10 health remaining

Raider with 68 health has a 22 total attack points, and attacks Knight with 43 health who has 13 total armour points.
Knight now has 34 health remaining

Raider with 1 health has a 22 total attack points, and attacks Archer with 4 health who has 10 total armour points.
Archer has died in combat.

Spearman with 30 health has a 18 total attack points, and attacks Knight with 54 health who has 13 total armour points.
Knight now has 49 health remaining

Knight with 30 health has a 22 total attack points, and attacks Raider with 46 health who has 13 total armour points.
Raider now has 37 health remaining

Spearman with 27 health has a 18 total attack points, and attacks Knight with 5 health who has 13 total armour points.
Knight has died in combat.

Archer with 11 health has a 18 total attack points, and attacks Ranged with 18 health who has 10 total armour points.
Ranged now has 10 health remaining

Raider with 1 health has a 22 total attack points, and attacks Knight with 26 health who has 13 total armour points.
Knight now has 17 health remaining

Spearman with 6 health has a 18 total attack points, and attacks Archer with 17 health who has 10 total armour points.
Archer now has 9 health remaining

Raider with 18 health has a 22 total attack points, and attacks Footman with 40 health who has 11 total armour points.
Footman now has 29 health remaining

Raider with 23 health has a 22 total attack points, and attacks Archer with 45 health who has 10 total armour points.
Archer now has 33 health remaining

Grunt with 10 health has a 17 total attack points, and attacks Knight with 2 health who has 13 total armour points.
Knight has died in combat.

Raider with 23 health has a 22 total attack points, and attacks Archer with 5 health who has 10 total armour points.
Archer has died in combat.

Spearman with 58 health has a 18 total attack points, and attacks Archer with 20 health who has 10 total armour points.
Archer now has 12 health remaining

Grunt with 6 health has a 17 total attack points, and attacks Footman with 24 health who has 11 total armour points.
Footman now has 18 health remaining

Footman with 9 health has a 17 total attack points, and attacks Ranged with 47 health who has 10 total armour points.
Ranged now has 40 health remaining

Footman with 11 health has a 17 total attack points, and attacks Raider with 15 health who has 13 total armour points.
Raider now has 11 health remaining

Raider with 55 health has a 22 total attack points, and attacks Footman with 12 health who has 11 total armour points.
Footman now has 1 health remaining

Archer with 30 health has a 18 total attack points, and attacks Raider with 26 health who has 13 total armour points.
Raider now has 21 health remaining

Spearman with 11 health has a 18 total attack points, and attacks Archer with 4 health who has 10 total armour points.
Archer has died in combat.

Ranged with 7 health has a 18 total attack points, and attacks Knight with 2 health who has 13 total armour points.
Knight has died in combat.

Grunt with 7 health has a 17 total attack points, and attacks Archer with 38 health who has 10 total armour points.
Archer now has 31 health remaining

Archer with 56 health has a 18 total attack points, and attacks Raider with 17 health who has 13 total armour points.
Raider now has 12 health remaining

Ranged with 40 health has a 18 total attack points, and attacks Archer with 75 health who has 10 total armour points.
Archer now has 67 health remaining

Raider with 33 health has a 22 total attack points, and attacks Knight with 46 health who has 13 total armour points.
Knight now has 37 health remaining

Raider with 22 health has a 22 total attack points, and attacks Knight with 22 health who has 13 total armour points.
Knight now has 13 health remaining

Archer with 5 health has a 18 total attack points, and attacks Spearman with 28 health who has 10 total armour points.
Spearman now has 20 health remaining

Grunt with 7 health has a 17 total attack points, and attacks Archer with 10 health who has 10 total armour points.
Archer now has 3 health remaining

Archer with 9 health has a 18 total attack points, and attacks Spearman with 21 health who has 10 total armour points.
Spearman now has 13 health remaining

Archer with 33 health has a 18 total attack points, and attacks Grunt with 57 health who has 11 total armour points.
Grunt now has 50 health remaining

Knight with 30 health has a 22 total attack points, and attacks Ranged with 2 health who has 10 total armour points.
Ranged has died in combat.

Ranged with 8 health has a 18 total attack points, and attacks Knight with 59 health who has 13 total armour points.
Knight now has 54 health remaining

Ranged with 20 health has a 18 total attack points, and attacks Archer with 21 health who has 10 total armour points.
Archer now has 13 health remaining

Ranged with 13 health has a 18 total attack points, and attacks Knight with 41 health who has 13 total armour points.
Knight now has 36 health remaining

Ranged with 10 health has a 18 total attack points, and attacks Footman with 19 health who has 11 total armour points.
Footman now has 12 health remaining

Archer with 30 health has a 18 total attack points, and attacks Spearman with 14 health who has 10 total armour points.
Spearman now has 6 health remaining

Archer with 2 health has a 18 total attack points, and attacks Ranged with 45 health who has 10 total armour points.
Ranged now has 37 health remaining

Ranged with 16 health has a 18 total attack points, and attacks Footman with 5 health who has 11 total armour points.
Footman has died in combat.

Grunt with 1 health has a 17 total attack points, and attacks Archer with 28 health who has 10 total armour points.
Archer now has 21 health remaining

Spearman with 23 health has a 18 total attack points, and attacks Knight with 34 health who has 13 total armour points.
Knight now has 29 health remaining

Footman with 18 health has a 17 total attack points, and attacks Grunt with 19 health who has 11 total armour points.
Grunt now has 13 health remaining

Grunt with 6 health has a 17 total attack points, and attacks Knight with 20 health who has 13 total armour points.
Knight now has 16 health remaining

Spearman with 3 health has a 18 total attack points, and attacks Knight with 28 health who has 13 total armour points.
Knight now has 23 health remaining

Grunt with 21 health has a 17 total attack points, and attacks Footman with 29 health who has 11 total armour points.
Footman now has 23 health remaining

Ranged with 7 health has a 18 total attack points, and attacks Archer with 6 health who has 10 total armour points.
Archer has died in combat.

Archer with 21 health has a 18 total attack points, and attacks Spearman with 2 health who has 10 total armour points.
Spearman has died in combat.

Raider with 7 health has a 22 total attack points, and attacks Footman with 34 health who has 11 total armour points.
Footman now has 23 health remaining

Grunt with 14 health has a 17 total attack points, and attacks Knight with 30 health who has 13 total armour points.
Knight now has 26 health remaining

Knight with 33 health has a 22 total attack points, and attacks Raider with 52 health who has 13 total armour points.
Raider now has 43 health remaining

Grunt with 25 health has a 17 total attack points, and attacks Footman with 9 health who has 11 total armour points.
Footman now has 3 health remaining

Archer with 11 health has a 18 total attack points, and attacks Raider with 1 health who has 13 total armour points.
Raider has died in combat.

Grunt with 38 health has a 17 total attack points, and attacks Archer with 21 health who has 10 total armour points.
Archer now has 14 health remaining

Ranged with 3 health has a 18 total attack points, and attacks Knight with 19 health who has 13 total armour points.
Knight now has 14 health remaining

Archer with 54 health has a 18 total attack points, and attacks Ranged with 7 health who has 10 total armour points.
Ranged has died in combat.

Knight with 59 health has a 22 total attack points, and attacks Raider with 10 health who has 13 total armour points.
Raider now has 1 health remaining

Grunt with 2 health has a 17 total attack points, and attacks Archer with 12 health who has 10 total armour points.
Archer now has 5 health remaining

Archer with 2 health has a 18 total attack points, and attacks Raider with 40 health who has 13 total armour points.
Raider now has 35 health remaining

Archer with 29 health has a 18 total attack points, and attacks Grunt with 9 health who has 11 total armour points.
Grunt now has 2 health remaining

Knight with 11 health has a 22 total attack points, and attacks Ranged with 10 health who has 10 total armour points.
Ranged has died in combat.

Knight with 59 health has a 22 total attack points, and attacks Raider with 44 health who has 13 total armour points.
Raider now has 35 health remaining

Knight with 28 health has a 22 total attack points, and attacks Ranged with 37 health who has 10 total armour points.
Ranged now has 25 health remaining

Archer with 48 health has a 18 total attack points, and attacks Raider with 22 health who has 13 total armour points.
Raider now has 17 health remaining

Footman with 23 health has a 17 total attack points, and attacks Spearman with 55 health who has 10 total armour points.
Spearman now has 48 health remaining

Knight with 26 health has a 22 total attack points, and attacks Grunt with 25 health who has 11 total armour points.
Grunt now has 14 health remaining

Grunt with 1 health has a 17 total attack points, and attacks Archer with 1 health who has 10 total armour points.
Archer has died in combat.

Raider with 23 health has a 22 total attack points, and attacks Archer with 14 health who has 10 total armour points.
Archer now has 2 health remaining

Raider with 51 health has a 22 total attack points, and attacks Archer with 25 health who has 10 total armour points.
Archer now has 13 health remaining

Ranged with 20 health has a 18 total attack points, and attacks Footman with 8 health who has 11 total armour points.
Footman now has 1 health remaining

Archer with 7 health has a 18 total attack points, and attacks Raider with 52 health who has 13 total armour points.
Raider now has 47 health remaining

Raider with 37 health has a 22 total attack points, and attacks Archer with 26 health who has 10 total armour points.
Archer now has 14 health remaining

Raider with 35 health has a 22 total attack points, and attacks Footman with 7 health who has 11 total armour points.
Footman has died in combat.

Grunt with 2 health has a 17 total attack points, and attacks Footman with 1 health who has 11 total armour points.
Footman has died in combat.

Ranged with 7 health has a 18 total attack points, and attacks Archer with 65 health who has 10 total armour points.
Archer now has 57 health remaining

Grunt with 8 health has a 17 total attack points, and attacks Footman with 15 health who has 11 total armour points.
Footman now has 9 health remaining

Grunt with 9 health has a 17 total attack points, and attacks Knight with 20 health who has 13 total armour points.
Knight now has 16 health remaining

Knight with 42 health has a 22 total attack points, and attacks Spearman with 12 health who has 10 total armour points.
Spearman has died in combat.

Raider with 16 health has a 22 total attack points, and attacks Archer with 39 health who has 10 total armour points.
Archer now has 27 health remaining

Footman with 8 health has a 17 total attack points, and attacks Ranged with 31 health who has 10 total armour points.
Ranged now has 24 health remaining

Archer with 48 health has a 18 total attack points, and attacks Spearman with 3 health who has 10 total armour points.
Spearman has died in combat.

Spearman with 32 health has a 18 total attack points, and attacks Knight with 27 health who has 13 total armour points.
Knight now has 22 health remaining

Grunt with 25 health has a 17 total attack points, and attacks Knight with 26 health who has 13 total armour points.
Knight now has 22 health remaining

Knight with 61 health has a 22 total attack points, and attacks Spearman with 48 health who has 10 total armour points.
Spearman now has 36 health remaining

Knight with 13 health has a 22 total attack points, and attacks Spearman with 4 health who has 10 total armour points.
Spearman has died in combat.

Footman with 32 health has a 17 total attack points, and attacks Grunt with 49 health who has 11 total armour points.
Grunt now has 43 health remaining

Knight with 36 health has a 22 total attack points, and attacks Raider with 26 health who has 13 total armour points.
Raider now has 17 health remaining

Raider with 59 health has a 22 total attack points, and attacks Archer with 14 health who has 10 total armour points.
Archer now has 2 health remaining

Raider with 18 health has a 22 total attack points, and attacks Archer with 8 health who has 10 total armour points.
Archer has died in combat.

Spearman with 23 health has a 18 total attack points, and attacks Knight with 30 health who has 13 total armour points.
Knight now has 25 health remaining

Raider with 7 health has a 22 total attack points, and attacks Knight with 25 health who has 13 total armour points.
Knight now has 16 health remaining

Raider with 1 health has a 22 total attack points, and attacks Footman with 53 health who has 11 total armour points.
Footman now has 42 health remaining

Raider with 22 health has a 22 total attack points, and attacks Knight with 37 health who has 13 total armour points.
Knight now has 28 health remaining

Knight with 43 health has a 22 total attack points, and attacks Grunt with 27 health who has 11 total armour points.
Grunt now has 16 health remaining

Raider with 46 health has a 22 total attack points, and attacks Footman with 40 health who has 11 total armour points.
Footman now has 29 health remaining

Knight with 28 health has a 22 total attack points, and attacks Grunt with 38 health who has 11 total armour points.
Grunt now has 27 health remaining

Raider with 30 health has a 22 total attack points, and attacks Knight with 30 health who has 13 total armour points.
Knight now has 21 health remaining

Knight with 40 health has a 22 total attack points, and attacks Spearman with 36 health who has 10 total armour points.
Spearman now has 24 health remaining

Knight with 21 health has a 22 total attack points, and attacks Grunt with 1 health who has 11 total armour points.
Grunt has died in combat.

Knight with 17 health has a 22 total attack points, and attacks Raider with 14 health who has 13 total armour points.
Raider now has 5 health remaining

Footman with 5 health has a 17 total attack points, and attacks Raider with 50 health who has 13 total armour points.
Raider now has 46 health remaining

Grunt with 18 health has a 17 total attack points, and attacks Archer with 13 health who has 10 total armour points.
Archer now has 6 health remaining

Knight with 22 health has a 22 total attack points, and attacks Raider with 17 health who has 13 total armour points.
Raider now has 8 health remaining

Grunt with 6 health has a 17 total attack points, and attacks Archer with 56 health who has 10 total armour points.
Archer now has 49 health remaining

Raider with 21 health has a 22 total attack points, and attacks Footman with 40 health who has 11 total armour points.
Footman now has 29 health remaining

Footman with 15 health has a 17 total attack points, and attacks Raider with 35 health who has 13 total armour points.
Raider now has 31 health remaining

Archer with 37 health has a 18 total attack points, and attacks Ranged with 37 health who has 10 total armour points.
Ranged now has 29 health remaining

Archer with 7 health has a 18 total attack points, and attacks Spearman with 8 health who has 10 total armour points.
Spearman has died in combat.

Grunt with 4 health has a 17 total attack points, and attacks Footman with 6 health who has 11 total armour points.
Footman has died in combat.

Knight with 9 health has a 22 total attack points, and attacks Raider with 22 health who has 13 total armour points.
Raider now has 13 health remaining

Ranged with 13 health has a 18 total attack points, and attacks Knight with 13 health who has 13 total armour points.
Knight now has 8 health remaining

Archer with 9 health has a 18 total attack points, and attacks Raider with 7 health who has 13 total armour points.
Raider now has 2 health remaining

Knight with 18 health has a 22 total attack points, and attacks Ranged with 9 health who has 10 total armour points.
Ranged has died in combat.

Raider with 43 health has a 22 total attack points, and attacks Knight with 22 health who has 13 total armour points.
Knight now has 13 health remaining

Raider with 2 health has a 22 total attack points, and attacks Archer with 7 health who has 10 total armour points.
Archer has died in combat.

Footman with 5 health has a 17 total attack points, and attacks Grunt with 17 health who has 11 total armour points.
Grunt now has 11 health remaining

Ranged with 8 health has a 18 total attack points, and attacks Knight with 27 health who has 13 total armour points.
Knight now has 22 health remaining

Knight with 18 health has a 22 total attack points, and attacks Ranged with 25 health who has 10 total armour points.
Ranged now has 13 health remaining

Knight with 55 health has a 22 total attack points, and attacks Grunt with 2 health who has 11 total armour points.
Grunt has died in combat.

Archer with 31 health has a 18 total attack points, and attacks Ranged with 29 health who has 10 total armour points.
Ranged now has 21 health remaining

Footman with 15 health has a 17 total attack points, and attacks Ranged with 40 health who has 10 total armour points.
Ranged now has 33 health remaining

Ranged with 32 health has a 18 total attack points, and attacks Knight with 37 health who has 13 total armour points.
Knight now has 32 health remaining

Knight with 27 health has a 22 total attack points, and attacks Ranged with 8 health who has 10 total armour points.
Ranged has died in combat.

Grunt with 8 health has a 17 total attack points, and attacks Mountain King with 129 health who has 16 total armour points.
Mountain King now has 128 health remaining

Spearman with 12 health has a 18 total attack points, and attacks Knight with 33 health who has 13 total armour points.
Knight now has 28 health remaining

Raider with 8 health has a 22 total attack points, and attacks Archer with 2 health who has 10 total armour points.
Archer has died in combat.

Grunt with 21 health has a 17 total attack points, and attacks Knight with 9 health who has 13 total armour points.
Knight now has 5 health remaining

Raider with 13 health has a 22 total attack points, and attacks Archer with 57 health who has 10 total armour points.
Archer now has 45 health remaining

Footman with 7 health has a 17 total attack points, and attacks Grunt with 42 health who has 11 total armour points.
Grunt now has 36 health remaining

Raider with 70 health has a 22 total attack points, and attacks Knight with 31 health who has 13 total armour points.
Knight now has 22 health remaining

Knight with 22 health has a 22 total attack points, and attacks Grunt with 21 health who has 11 total armour points.
Grunt now has 10 health remaining

Archer with 8 health has a 18 total attack points, and attacks Raider with 14 health who has 13 total armour points.
Raider now has 9 health remaining

Grunt with 2 health has a 17 total attack points, and attacks Knight with 16 health who has 13 total armour points.
Knight now has 12 health remaining

Grunt with 36 health has a 17 total attack points, and attacks Knight with 30 health who has 13 total armour points.
Knight now has 26 health remaining

Grunt with 34 health has a 17 total attack points, and attacks Knight with 18 health who has 13 total armour points.
Knight now has 14 health remaining

Raider with 60 health has a 22 total attack points, and attacks Footman with 1 health who has 11 total armour points.
Footman has died in combat.

Knight with 17 health has a 22 total attack points, and attacks Ranged with 3 health who has 10 total armour points.
Ranged has died in combat.

Raider with 46 health has a 22 total attack points, and attacks Knight with 28 health who has 13 total armour points.
Knight now has 19 health remaining

Footman with 59 health has a 17 total attack points, and attacks Raider with 21 health who has 13 total armour points.
Raider now has 17 health remaining

Footman with 29 health has a 17 total attack points, and attacks Ranged with 25 health who has 10 total armour points.
Ranged now has 18 health remaining

Footman with 34 health has a 17 total attack points, and attacks Ranged with 18 health who has 10 total armour points.
Ranged now has 11 health remaining

Knight with 26 health has a 22 total attack points, and attacks Grunt with 10 health who has 11 total armour points.
Grunt has died in combat.

Footman with 18 health has a 17 total attack points, and attacks Ranged with 21 health who has 10 total armour points.
Ranged now has 14 health remaining

Ranged with 2 health has a 18 total attack points, and attacks Archer with 46 health who has 10 total armour points.
Archer now has 38 health remaining

Knight with 29 health has a 22 total attack points, and attacks Raider with 40 health who has 13 total armour points.
Raider now has 31 health remaining

Raider with 31 health has a 22 total attack points, and attacks Archer with 36 health who has 10 total armour points.
Archer now has 24 health remaining

Grunt with 8 health has a 17 total attack points, and attacks Archer with 7 health who has 10 total armour points.
Archer has died in combat.

Grunt with 2 health has a 17 total attack points, and attacks Archer with 6 health who has 10 total armour points.
Archer has died in combat.

Raider with 26 health has a 22 total attack points, and attacks Knight with 12 health who has 13 total armour points.
Knight now has 3 health remaining

Knight with 14 health has a 22 total attack points, and attacks Ranged with 3 health who has 10 total armour points.
Ranged has died in combat.

Mountain King with 128 health has a 27 total attack points, and attacks Raider with 41 health who has 13 total armour points.
Raider now has 27 health remaining

Archer with 12 health has a 18 total attack points, and attacks Raider with 27 health who has 13 total armour points.
Raider now has 22 health remaining

Raider with 60 health has a 22 total attack points, and attacks Footman with 7 health who has 11 total armour points.
Footman has died in combat.

Archer with 11 health has a 18 total attack points, and attacks Raider with 21 health who has 13 total armour points.
Raider now has 16 health remaining

Footman with 29 health has a 17 total attack points, and attacks Spearman with 27 health who has 10 total armour points.
Spearman now has 20 health remaining

Archer with 17 health has a 18 total attack points, and attacks Ranged with 7 health who has 10 total armour points.
Ranged has died in combat.

Archer with 26 health has a 18 total attack points, and attacks Raider with 46 health who has 13 total armour points.
Raider now has 41 health remaining

Archer with 2 health has a 18 total attack points, and attacks Ranged with 9 health who has 10 total armour points.
Ranged now has 1 health remaining

Ranged with 59 health has a 18 total attack points, and attacks Knight with 34 health who has 13 total armour points.
Knight now has 29 health remaining

Grunt with 10 health has a 17 total attack points, and attacks Footman with 18 health who has 11 total armour points.
Footman now has 12 health remaining

Archer with 41 health has a 18 total attack points, and attacks Spearman with 19 health who has 10 total armour points.
Spearman now has 11 health remaining

Knight with 28 health has a 22 total attack points, and attacks Spearman with 6 health who has 10 total armour points.
Spearman has died in combat.

Raider with 21 health has a 22 total attack points, and attacks Archer with 25 health who has 10 total armour points.
Archer now has 13 health remaining

Knight with 13 health has a 22 total attack points, and attacks Spearman with 58 health who has 10 total armour points.
Spearman now has 46 health remaining

Ranged with 15 health has a 18 total attack points, and attacks Footman with 29 health who has 11 total armour points.
Footman now has 22 health remaining

Raider with 22 health has a 22 total attack points, and attacks Archer with 28 health who has 10 total armour points.
Archer now has 16 health remaining

Raider with 21 health has a 22 total attack points, and attacks Mountain King with 128 health who has 16 total armour points.
Mountain King now has 122 health remaining

Footman with 18 health has a 17 total attack points, and attacks Spearman with 5 health who has 10 total armour points.
Spearman has died in combat.

Spearman with 23 health has a 18 total attack points, and attacks Archer with 24 health who has 10 total armour points.
Archer now has 16 health remaining

Raider with 64 health has a 22 total attack points, and attacks Footman with 21 health who has 11 total armour points.
Footman now has 10 health remaining

Raider with 7 health has a 22 total attack points, and attacks Archer with 11 health who has 10 total armour points.
Archer has died in combat.

Knight with 27 health has a 22 total attack points, and attacks Raider with 35 health who has 13 total armour points.
Raider now has 26 health remaining

Spearman with 30 health has a 18 total attack points, and attacks Footman with 15 health who has 11 total armour points.
Footman now has 8 health remaining

Footman with 8 health has a 17 total attack points, and attacks Spearman with 2 health who has 10 total armour points.
Spearman has died in combat.

Grunt with 11 health has a 17 total attack points, and attacks Footman with 34 health who has 11 total armour points.
Footman now has 28 health remaining

Grunt with 21 health has a 17 total attack points, and attacks Archer with 14 health who has 10 total armour points.
Archer now has 7 health remaining

Raider with 55 health has a 22 total attack points, and attacks Knight with 72 health who has 13 total armour points.
Knight now has 63 health remaining

Raider with 18 health has a 22 total attack points, and attacks Archer with 29 health who has 10 total armour points.
Archer now has 17 health remaining

Grunt with 2 health has a 17 total attack points, and attacks Archer with 2 health who has 10 total armour points.
Archer has died in combat.

Archer with 20 health has a 18 total attack points, and attacks Raider with 21 health who has 13 total armour points.
Raider now has 16 health remaining

Grunt with 36 health has a 17 total attack points, and attacks Archer with 12 health who has 10 total armour points.
Archer now has 5 health remaining

Footman with 20 health has a 17 total attack points, and attacks Spearman with 46 health who has 10 total armour points.
Spearman now has 39 health remaining

Knight with 45 health has a 22 total attack points, and attacks Spearman with 6 health who has 10 total armour points.
Spearman has died in combat.

Footman with 10 health has a 17 total attack points, and attacks Grunt with 1 health who has 11 total armour points.
Grunt has died in combat.

Raider with 1 health has a 22 total attack points, and attacks Archer with 1 health who has 10 total armour points.
Archer has died in combat.

Raider with 21 health has a 22 total attack points, and attacks Archer with 1 health who has 10 total armour points.
Archer has died in combat.

Archer with 18 health has a 18 total attack points, and attacks Grunt with 31 health who has 11 total armour points.
Grunt now has 24 health remaining

Grunt with 43 health has a 17 total attack points, and attacks Knight with 40 health who has 13 total armour points.
Knight now has 36 health remaining

Archer with 5 health has a 18 total attack points, and attacks Raider with 46 health who has 13 total armour points.
Raider now has 41 health remaining

Raider with 47 health has a 22 total attack points, and attacks Mountain King with 122 health who has 16 total armour points.
Mountain King now has 116 health remaining

Footman with 60 health has a 17 total attack points, and attacks Grunt with 27 health who has 11 total armour points.
Grunt now has 21 health remaining

Raider with 22 health has a 22 total attack points, and attacks Knight with 40 health who has 13 total armour points.
Knight now has 31 health remaining

Archer with 4 health has a 18 total attack points, and attacks Ranged with 29 health who has 10 total armour points.
Ranged now has 21 health remaining

Archer with 15 health has a 18 total attack points, and attacks Spearman with 60 health who has 10 total armour points.
Spearman now has 52 health remaining

Mountain King with 116 health has a 27 total attack points, and attacks Raider with 43 health who has 13 total armour points.
Raider now has 29 health remaining

Archer with 33 health has a 18 total attack points, and attacks Grunt with 24 health who has 11 total armour points.
Grunt now has 17 health remaining

Raider with 26 health has a 22 total attack points, and attacks Knight with 13 health who has 13 total armour points.
Knight now has 4 health remaining

Knight with 2 health has a 22 total attack points, and attacks Ranged with 48 health who has 10 total armour points.
Ranged now has 36 health remaining

Spearman with 10 health has a 18 total attack points, and attacks Knight with 19 health who has 13 total armour points.
Knight now has 14 health remaining

Raider with 32 health has a 22 total attack points, and attacks Archer with 14 health who has 10 total armour points.
Archer now has 2 health remaining

Spearman with 35 health has a 18 total attack points, and attacks Archer with 12 health who has 10 total armour points.
Archer now has 4 health remaining

Ranged with 10 health has a 18 total attack points, and attacks Knight with 14 health who has 13 total armour points.
Knight now has 9 health remaining

Raider with 68 health has a 22 total attack points, and attacks Footman with 31 health who has 11 total armour points.
Footman now has 20 health remaining

Knight with 36 health has a 22 total attack points, and attacks Raider with 30 health who has 13 total armour points.
Raider now has 21 health remaining

Footman with 22 health has a 17 total attack points, and attacks Raider with 21 health who has 13 total armour points.
Raider now has 17 health remaining

Archer with 1 health has a 18 total attack points, and attacks Spearman with 10 health who has 10 total armour points.
Spearman now has 2 health remaining

Archer with 17 health has a 18 total attack points, and attacks Raider with 33 health who has 13 total armour points.
Raider now has 28 health remaining

Archer with 17 health has a 18 total attack points, and attacks Raider with 24 health who has 13 total armour points.
Raider now has 19 health remaining

Knight with 28 health has a 22 total attack points, and attacks Grunt with 27 health who has 11 total armour points.
Grunt now has 16 health remaining

Archer with 26 health has a 18 total attack points, and attacks Ranged with 14 health who has 10 total armour points.
Ranged now has 6 health remaining

Raider with 22 health has a 22 total attack points, and attacks Footman with 9 health who has 11 total armour points.
Footman has died in combat.

Footman with 23 health has a 17 total attack points, and attacks Raider with 42 health who has 13 total armour points.
Raider now has 38 health remaining

Archer with 26 health has a 18 total attack points, and attacks Raider with 1 health who has 13 total armour points.
Raider has died in combat.

Knight with 45 health has a 22 total attack points, and attacks Spearman with 40 health who has 10 total armour points.
Spearman now has 28 health remaining

Raider with 19 health has a 22 total attack points, and attacks Archer with 17 health who has 10 total armour points.
Archer now has 5 health remaining

Knight with 4 health has a 22 total attack points, and attacks Raider with 23 health who has 13 total armour points.
Raider now has 14 health remaining

Knight with 36 health has a 22 total attack points, and attacks Spearman with 6 health who has 10 total armour points.
Spearman has died in combat.

Spearman with 48 health has a 18 total attack points, and attacks Knight with 25 health who has 13 total armour points.
Knight now has 20 health remaining

Knight with 32 health has a 22 total attack points, and attacks Ranged with 5 health who has 10 total armour points.
Ranged has died in combat.

Footman with 3 health has a 17 total attack points, and attacks Ranged with 32 health who has 10 total armour points.
Ranged now has 25 health remaining

Archer with 5 health has a 18 total attack points, and attacks Grunt with 14 health who has 11 total armour points.
Grunt now has 7 health remaining

Knight with 45 health has a 22 total attack points, and attacks Raider with 41 health who has 13 total armour points.
Raider now has 32 health remaining

Grunt with 38 health has a 17 total attack points, and attacks Archer with 23 health who has 10 total armour points.
Archer now has 16 health remaining

Archer with 5 health has a 18 total attack points, and attacks Grunt with 43 health who has 11 total armour points.
Grunt now has 36 health remaining

Raider with 26 health has a 22 total attack points, and attacks Archer with 17 health who has 10 total armour points.
Archer now has 5 health remaining

Spearman with 13 health has a 18 total attack points, and attacks Archer with 30 health who has 10 total armour points.
Archer now has 22 health remaining

Raider with 46 health has a 22 total attack points, and attacks Knight with 12 health who has 13 total armour points.
Knight now has 3 health remaining

Archer with 32 health has a 18 total attack points, and attacks Ranged with 18 health who has 10 total armour points.
Ranged now has 10 health remaining

Grunt with 33 health has a 17 total attack points, and attacks Knight with 35 health who has 13 total armour points.
Knight now has 31 health remaining

Raider with 40 health has a 22 total attack points, and attacks Archer with 67 health who has 10 total armour points.
Archer now has 55 health remaining

Raider with 19 health has a 22 total attack points, and attacks Archer with 12 health who has 10 total armour points.
Archer has died in combat.

Raider with 12 health has a 22 total attack points, and attacks Archer with 62 health who has 10 total armour points.
Archer now has 50 health remaining

Raider with 31 health has a 22 total attack points, and attacks Archer with 5 health who has 10 total armour points.
Archer has died in combat.

Knight with 32 health has a 22 total attack points, and attacks Grunt with 17 health who has 11 total armour points.
Grunt now has 6 health remaining

Footman with 12 health has a 17 total attack points, and attacks Grunt with 2 health who has 11 total armour points.
Grunt has died in combat.

Knight with 44 health has a 22 total attack points, and attacks Grunt with 50 health who has 11 total armour points.
Grunt now has 39 health remaining

Archer with 26 health has a 18 total attack points, and attacks Raider with 40 health who has 13 total armour points.
Raider now has 35 health remaining

Raider with 16 health has a 22 total attack points, and attacks Archer with 12 health who has 10 total armour points.
Archer has died in combat.

Footman with 32 health has a 17 total attack points, and attacks Raider with 14 health who has 13 total armour points.
Raider now has 10 health remaining

Spearman with 23 health has a 18 total attack points, and attacks Archer with 15 health who has 10 total armour points.
Archer now has 7 health remaining

Grunt with 14 health has a 17 total attack points, and attacks Footman with 9 health who has 11 total armour points.
Footman now has 3 health remaining

Knight with 36 health has a 22 total attack points, and attacks Spearman with 1 health who has 10 total armour points.
Spearman has died in combat.

Knight with 26 health has a 22 total attack points, and attacks Ranged with 11 health who has 10 total armour points.
Ranged has died in combat.

Knight with 31 health has a 22 total attack points, and attacks Raider with 38 health who has 13 total armour points.
Raider now has 29 health remaining

Spearman with 20 health has a 18 total attack points, and attacks Knight with 55 health who has 13 total armour points.
Knight now has 50 health remaining

Footman with 29 health has a 17 total attack points, and attacks Grunt with 26 health who has 11 total armour points.
Grunt now has 20 health remaining

Raider with 64 health has a 22 total attack points, and attacks Knight with 9 health who has 13 total armour points.
Knight has died in combat.

Raider with 8 health has a 22 total attack points, and attacks Footman with 7 health who has 11 total armour points.
Footman has died in combat.

Raider with 29 health has a 22 total attack points, and attacks Archer with 30 health who has 10 total armour points.
Archer now has 18 health remaining

Archer with 13 health has a 18 total attack points, and attacks Ranged with 15 health who has 10 total armour points.
Ranged now has 7 health remaining

Raider with 17 health has a 22 total attack points, and attacks Knight with 37 health who has 13 total armour points.
Knight now has 28 health remaining

Raider with 70 health has a 22 total attack points, and attacks Footman with 28 health who has 11 total armour points.
Footman now has 17 health remaining

Grunt with 11 health has a 17 total attack points, and attacks Knight with 20 health who has 13 total armour points.
Knight now has 16 health remaining

Grunt with 8 health has a 17 total attack points, and attacks Footman with 9 health who has 11 total armour points.
Footman now has 3 health remaining

Raider with 50 health has a 22 total attack points, and attacks Archer with 31 health who has 10 total armour points.
Archer now has 19 health remaining

Knight with 59 health has a 22 total attack points, and attacks Grunt with 4 health who has 11 total armour points.
Grunt has died in combat.

Raider with 22 health has a 22 total attack points, and attacks Footman with 3 health who has 11 total armour points.
Footman has died in combat.

Archer with 14 health has a 18 total attack points, and attacks Grunt with 36 health who has 11 total armour points.
Grunt now has 29 health remaining

Spearman with 52 health has a 18 total attack points, and attacks Archer with 16 health who has 10 total armour points.
Archer now has 8 health remaining

Ranged with 7 health has a 18 total attack points, and attacks Knight with 35 health who has 13 total armour points.
Knight now has 30 health remaining

Archer with 24 health has a 18 total attack points, and attacks Raider with 22 health who has 13 total armour points.
Raider now has 17 health remaining

Raider with 48 health has a 22 total attack points, and attacks Footman with 20 health who has 11 total armour points.
Footman now has 9 health remaining

Knight with 9 health has a 22 total attack points, and attacks Raider with 37 health who has 13 total armour points.
Raider now has 28 health remaining

Grunt with 18 health has a 17 total attack points, and attacks Footman with 15 health who has 11 total armour points.
Footman now has 9 health remaining

Archer with 5 health has a 18 total attack points, and attacks Raider with 5 health who has 13 total armour points.
Raider has died in combat.

Ranged with 10 health has a 18 total attack points, and attacks Knight with 52 health who has 13 total armour points.
Knight now has 47 health remaining

Spearman with 28 health has a 18 total attack points, and attacks Archer with 16 health who has 10 total armour points.
Archer now has 8 health remaining

Raider with 8 health has a 22 total attack points, and attacks Knight with 4 health who has 13 total armour points.
Knight has died in combat.

Archer with 3 health has a 18 total attack points, and attacks Grunt with 16 health who has 11 total armour points.
Grunt now has 9 health remaining

Raider with 19 health has a 22 total attack points, and attacks Knight with 54 health who has 13 total armour points.
Knight now has 45 health remaining

Grunt with 15 health has a 17 total attack points, and attacks Footman with 10 health who has 11 total armour points.
Footman now has 4 health remaining

Footman with 5 health has a 17 total attack points, and attacks Raider with 19 health who has 13 total armour points.
Raider now has 15 health remaining

Archer with 14 health has a 18 total attack points, and attacks Spearman with 2 health who has 10 total armour points.
Spearman has died in combat.

Ranged with 10 health has a 18 total attack points, and attacks Footman with 26 health who has 11 total armour points.
Footman now has 19 health remaining

Raider with 29 health has a 22 total attack points, and attacks Knight with 3 health who has 13 total armour points.
Knight has died in combat.

Spearman with 52 health has a 18 total attack points, and attacks Knight with 32 health who has 13 total armour points.
Knight now has 27 health remaining

Spearman with 13 health has a 18 total attack points, and attacks Knight with 50 health who has 13 total armour points.
Knight now has 45 health remaining

Ranged with 4 health has a 18 total attack points, and attacks Archer with 5 health who has 10 total armour points.
Archer has died in combat.

Gul´dan with 152 health has a 27 total attack points, and attacks Knight with 18 health who has 13 total armour points.
Knight now has 4 health remaining

Knight with 14 health has a 22 total attack points, and attacks Gul´dan with 152 health who has 16 total armour points.
Gul´dan now has 146 health remaining

Grunt with 38 health has a 17 total attack points, and attacks Archer with 48 health who has 10 total armour points.
Archer now has 41 health remaining

Knight with 30 health has a 22 total attack points, and attacks Raider with 11 health who has 13 total armour points.
Raider now has 2 health remaining

Archer with 14 health has a 18 total attack points, and attacks Raider with 7 health who has 13 total armour points.
Raider now has 2 health remaining

Archer with 55 health has a 18 total attack points, and attacks Ranged with 21 health who has 10 total armour points.
Ranged now has 13 health remaining

Knight with 4 health has a 22 total attack points, and attacks Raider with 64 health who has 13 total armour points.
Raider now has 55 health remaining

Raider with 26 health has a 22 total attack points, and attacks Archer with 8 health who has 10 total armour points.
Archer has died in combat.

Archer with 7 health has a 18 total attack points, and attacks Raider with 22 health who has 13 total armour points.
Raider now has 17 health remaining

Knight with 44 health has a 22 total attack points, and attacks Spearman with 28 health who has 10 total armour points.
Spearman now has 16 health remaining

Archer with 13 health has a 18 total attack points, and attacks Raider with 68 health who has 13 total armour points.
Raider now has 63 health remaining

Knight with 16 health has a 22 total attack points, and attacks Raider with 59 health who has 13 total armour points.
Raider now has 50 health remaining

Knight with 42 health has a 22 total attack points, and attacks Ranged with 24 health who has 10 total armour points.
Ranged now has 12 health remaining

Knight with 28 health has a 22 total attack points, and attacks Ranged with 26 health who has 10 total armour points.
Ranged now has 14 health remaining

Grunt with 28 health has a 17 total attack points, and attacks Knight with 45 health who has 13 total armour points.
Knight now has 41 health remaining

Raider with 2 health has a 22 total attack points, and attacks Knight with 36 health who has 13 total armour points.
Knight now has 27 health remaining

Raider with 22 health has a 22 total attack points, and attacks Footman with 26 health who has 11 total armour points.
Footman now has 15 health remaining

Archer with 13 health has a 18 total attack points, and attacks Grunt with 2 health who has 11 total armour points.
Grunt has died in combat.

Ranged with 10 health has a 18 total attack points, and attacks Footman with 28 health who has 11 total armour points.
Footman now has 21 health remaining

Raider with 24 health has a 22 total attack points, and attacks Archer with 18 health who has 10 total armour points.
Archer now has 6 health remaining

Knight with 63 health has a 22 total attack points, and attacks Raider with 11 health who has 13 total armour points.
Raider now has 2 health remaining

Spearman with 28 health has a 18 total attack points, and attacks Archer with 4 health who has 10 total armour points.
Archer has died in combat.

Archer with 18 health has a 18 total attack points, and attacks Grunt with 12 health who has 11 total armour points.
Grunt now has 5 health remaining

Raider with 9 health has a 22 total attack points, and attacks Knight with 22 health who has 13 total armour points.
Knight now has 13 health remaining

Footman with 42 health has a 17 total attack points, and attacks Grunt with 31 health who has 11 total armour points.
Grunt now has 25 health remaining

Knight with 45 health has a 22 total attack points, and attacks Grunt with 20 health who has 11 total armour points.
Grunt now has 9 health remaining

Knight with 9 health has a 22 total attack points, and attacks Raider with 2 health who has 13 total armour points.
Raider has died in combat.

Archer with 8 health has a 18 total attack points, and attacks Spearman with 20 health who has 10 total armour points.
Spearman now has 12 health remaining

Archer with 3 health has a 18 total attack points, and attacks Raider with 12 health who has 13 total armour points.
Raider now has 7 health remaining

Raider with 26 health has a 22 total attack points, and attacks Knight with 59 health who has 13 total armour points.
Knight now has 50 health remaining

Grunt with 18 health has a 17 total attack points, and attacks Footman with 7 health who has 11 total armour points.
Footman now has 1 health remaining

Raider with 10 health has a 22 total attack points, and attacks Knight with 41 health who has 13 total armour points.
Knight now has 32 health remaining

Raider with 18 health has a 22 total attack points, and attacks Knight with 21 health who has 13 total armour points.
Knight now has 12 health remaining

Knight with 45 health has a 22 total attack points, and attacks Ranged with 33 health who has 10 total armour points.
Ranged now has 21 health remaining

Archer with 37 health has a 18 total attack points, and attacks Ranged with 1 health who has 10 total armour points.
Ranged has died in combat.

Knight with 8 health has a 22 total attack points, and attacks Raider with 28 health who has 13 total armour points.
Raider now has 19 health remaining

Archer with 5 health has a 18 total attack points, and attacks Raider with 2 health who has 13 total armour points.
Raider has died in combat.

Footman with 15 health has a 17 total attack points, and attacks Raider with 17 health who has 13 total armour points.
Raider now has 13 health remaining

Archer with 32 health has a 18 total attack points, and attacks Spearman with 10 health who has 10 total armour points.
Spearman now has 2 health remaining

Ranged with 6 health has a 18 total attack points, and attacks Knight with 55 health who has 13 total armour points.
Knight now has 50 health remaining

Knight with 22 health has a 22 total attack points, and attacks Raider with 35 health who has 13 total armour points.
Raider now has 26 health remaining

Raider with 18 health has a 22 total attack points, and attacks Footman with 9 health who has 11 total armour points.
Footman has died in combat.

Knight with 12 health has a 22 total attack points, and attacks Raider with 17 health who has 13 total armour points.
Raider now has 8 health remaining

Ranged with 40 health has a 18 total attack points, and attacks Knight with 55 health who has 13 total armour points.
Knight now has 50 health remaining

Raider with 15 health has a 22 total attack points, and attacks Knight with 14 health who has 13 total armour points.
Knight now has 5 health remaining

Grunt with 24 health has a 17 total attack points, and attacks Knight with 29 health who has 13 total armour points.
Knight now has 25 health remaining

Ranged with 14 health has a 18 total attack points, and attacks Knight with 13 health who has 13 total armour points.
Knight now has 8 health remaining

Knight with 28 health has a 22 total attack points, and attacks Raider with 32 health who has 13 total armour points.
Raider now has 23 health remaining

Spearman with 48 health has a 18 total attack points, and attacks Archer with 2 health who has 10 total armour points.
Archer has died in combat.

Knight with 21 health has a 22 total attack points, and attacks Ranged with 13 health who has 10 total armour points.
Ranged now has 1 health remaining

Footman with 21 health has a 17 total attack points, and attacks Ranged with 10 health who has 10 total armour points.
Ranged now has 3 health remaining

Raider with 17 health has a 22 total attack points, and attacks Knight with 21 health who has 13 total armour points.
Knight now has 12 health remaining

Archer with 8 health has a 18 total attack points, and attacks Ranged with 40 health who has 10 total armour points.
Ranged now has 32 health remaining

Knight with 1 health has a 22 total attack points, and attacks Ranged with 6 health who has 10 total armour points.
Ranged has died in combat.

Grunt with 5 health has a 17 total attack points, and attacks Archer with 17 health who has 10 total armour points.
Archer now has 10 health remaining

Knight with 53 health has a 22 total attack points, and attacks Ranged with 9 health who has 10 total armour points.
Ranged has died in combat.

Ranged with 3 health has a 18 total attack points, and attacks Footman with 12 health who has 11 total armour points.
Footman now has 5 health remaining

Footman with 40 health has a 17 total attack points, and attacks Raider with 8 health who has 13 total armour points.
Raider now has 4 health remaining

Spearman with 11 health has a 18 total attack points, and attacks Knight with 50 health who has 13 total armour points.
Knight now has 45 health remaining

Footman with 21 health has a 17 total attack points, and attacks Ranged with 2 health who has 10 total armour points.
Ranged has died in combat.

Spearman with 11 health has a 18 total attack points, and attacks Archer with 6 health who has 10 total armour points.
Archer has died in combat.

Raider with 34 health has a 22 total attack points, and attacks Knight with 29 health who has 13 total armour points.
Knight now has 20 health remaining

Archer with 5 health has a 18 total attack points, and attacks Gul´dan with 146 health who has 16 total armour points.
Gul´dan now has 144 health remaining

Spearman with 19 health has a 18 total attack points, and attacks Archer with 5 health who has 10 total armour points.
Archer has died in combat.

Raider with 50 health has a 22 total attack points, and attacks Archer with 24 health who has 10 total armour points.
Archer now has 12 health remaining

Raider with 59 health has a 22 total attack points, and attacks Archer with 31 health who has 10 total armour points.
Archer now has 19 health remaining

Knight with 63 health has a 22 total attack points, and attacks Grunt with 11 health who has 11 total armour points.
Grunt has died in combat.

Knight with 45 health has a 22 total attack points, and attacks Grunt with 5 health who has 11 total armour points.
Grunt has died in combat.

Gul´dan with 144 health has a 27 total attack points, and attacks Knight with 13 health who has 13 total armour points.
Knight has died in combat.

Archer with 32 health has a 18 total attack points, and attacks Raider with 14 health who has 13 total armour points.
Raider now has 9 health remaining

Archer with 41 health has a 18 total attack points, and attacks Grunt with 9 health who has 11 total armour points.
Grunt now has 2 health remaining

Knight with 32 health has a 22 total attack points, and attacks Raider with 14 health who has 13 total armour points.
Raider now has 5 health remaining

Ranged with 4 health has a 18 total attack points, and attacks Knight with 14 health who has 13 total armour points.
Knight now has 9 health remaining

Ranged with 21 health has a 18 total attack points, and attacks Archer with 49 health who has 10 total armour points.
Archer now has 41 health remaining

Knight with 26 health has a 22 total attack points, and attacks Spearman with 52 health who has 10 total armour points.
Spearman now has 40 health remaining

Knight with 26 health has a 22 total attack points, and attacks Ranged with 25 health who has 10 total armour points.
Ranged now has 13 health remaining

Footman with 18 health has a 17 total attack points, and attacks Raider with 30 health who has 13 total armour points.
Raider now has 26 health remaining

Knight with 16 health has a 22 total attack points, and attacks Grunt with 25 health who has 11 total armour points.
Grunt now has 14 health remaining

Archer with 7 health has a 18 total attack points, and attacks Raider with 9 health who has 13 total armour points.
Raider now has 4 health remaining

Footman with 23 health has a 17 total attack points, and attacks Raider with 10 health who has 13 total armour points.
Raider now has 6 health remaining

Grunt with 6 health has a 17 total attack points, and attacks Knight with 9 health who has 13 total armour points.
Knight now has 5 health remaining

Knight with 19 health has a 22 total attack points, and attacks Ranged with 3 health who has 10 total armour points.
Ranged has died in combat.

Raider with 19 health has a 22 total attack points, and attacks Knight with 61 health who has 13 total armour points.
Knight now has 52 health remaining

Footman with 40 health has a 17 total attack points, and attacks Grunt with 14 health who has 11 total armour points.
Grunt now has 8 health remaining

Ranged with 6 health has a 18 total attack points, and attacks Footman with 8 health who has 11 total armour points.
Footman now has 1 health remaining

Knight with 23 health has a 22 total attack points, and attacks Raider with 50 health who has 13 total armour points.
Raider now has 41 health remaining

Raider with 8 health has a 22 total attack points, and attacks Knight with 11 health who has 13 total armour points.
Knight now has 2 health remaining

Knight with 28 health has a 22 total attack points, and attacks Raider with 60 health who has 13 total armour points.
Raider now has 51 health remaining

Ranged with 38 health has a 18 total attack points, and attacks Archer with 13 health who has 10 total armour points.
Archer now has 5 health remaining

Knight with 25 health has a 22 total attack points, and attacks Raider with 31 health who has 13 total armour points.
Raider now has 22 health remaining

Knight with 30 health has a 22 total attack points, and attacks Raider with 19 health who has 13 total armour points.
Raider now has 10 health remaining

Knight with 54 health has a 22 total attack points, and attacks Spearman with 12 health who has 10 total armour points.
Spearman has died in combat.

Raider with 22 health has a 22 total attack points, and attacks Archer with 20 health who has 10 total armour points.
Archer now has 8 health remaining

Footman with 23 health has a 17 total attack points, and attacks Raider with 29 health who has 13 total armour points.
Raider now has 25 health remaining

Knight with 8 health has a 22 total attack points, and attacks Raider with 59 health who has 13 total armour points.
Raider now has 50 health remaining

Ranged with 16 health has a 18 total attack points, and attacks Footman with 23 health who has 11 total armour points.
Footman now has 16 health remaining

Footman with 19 health has a 17 total attack points, and attacks Grunt with 16 health who has 11 total armour points.
Grunt now has 10 health remaining

Archer with 56 health has a 18 total attack points, and attacks Ranged with 14 health who has 10 total armour points.
Ranged now has 6 health remaining

Raider with 63 health has a 22 total attack points, and attacks Footman with 42 health who has 11 total armour points.
Footman now has 31 health remaining

Ranged with 20 health has a 18 total attack points, and attacks Footman with 26 health who has 11 total armour points.
Footman now has 19 health remaining

Ranged with 12 health has a 18 total attack points, and attacks Archer with 12 health who has 10 total armour points.
Archer now has 4 health remaining

Gul´dan with 144 health has a 27 total attack points, and attacks Footman with 5 health who has 11 total armour points.
Footman has died in combat.

Archer with 2 health has a 18 total attack points, and attacks Raider with 26 health who has 13 total armour points.
Raider now has 21 health remaining

Footman with 3 health has a 17 total attack points, and attacks Gul´dan with 144 health who has 16 total armour points.
Gul´dan now has 143 health remaining

Spearman with 11 health has a 18 total attack points, and attacks Knight with 5 health who has 13 total armour points.
Knight has died in combat.

Footman with 3 health has a 17 total attack points, and attacks Raider with 18 health who has 13 total armour points.
Raider now has 14 health remaining

Raider with 31 health has a 22 total attack points, and attacks Archer with 3 health who has 10 total armour points.
Archer has died in combat.

Archer with 40 health has a 18 total attack points, and attacks Ranged with 12 health who has 10 total armour points.
Ranged now has 4 health remaining

Spearman with 23 health has a 18 total attack points, and attacks Archer with 13 health who has 10 total armour points.
Archer now has 5 health remaining

Knight with 5 health has a 22 total attack points, and attacks Ranged with 21 health who has 10 total armour points.
Ranged now has 9 health remaining

Raider with 8 health has a 22 total attack points, and attacks Archer with 55 health who has 10 total armour points.
Archer now has 43 health remaining

Archer with 8 health has a 18 total attack points, and attacks Spearman with 35 health who has 10 total armour points.
Spearman now has 27 health remaining

Ranged with 29 health has a 18 total attack points, and attacks Archer with 7 health who has 10 total armour points.
Archer has died in combat.

Spearman with 32 health has a 18 total attack points, and attacks Archer with 22 health who has 10 total armour points.
Archer now has 14 health remaining

Archer with 8 health has a 18 total attack points, and attacks Spearman with 23 health who has 10 total armour points.
Spearman now has 15 health remaining

Knight with 17 health has a 22 total attack points, and attacks Grunt with 5 health who has 11 total armour points.
Grunt has died in combat.

Raider with 48 health has a 22 total attack points, and attacks Knight with 32 health who has 13 total armour points.
Knight now has 23 health remaining

Grunt with 10 health has a 17 total attack points, and attacks Knight with 49 health who has 13 total armour points.
Knight now has 45 health remaining

Knight with 1 health has a 22 total attack points, and attacks Raider with 17 health who has 13 total armour points.
Raider now has 8 health remaining

Footman with 3 health has a 17 total attack points, and attacks Raider with 14 health who has 13 total armour points.
Raider now has 10 health remaining

Raider with 13 health has a 22 total attack points, and attacks Footman with 29 health who has 11 total armour points.
Footman now has 18 health remaining

Footman with 11 health has a 17 total attack points, and attacks Grunt with 21 health who has 11 total armour points.
Grunt now has 15 health remaining

Knight with 52 health has a 22 total attack points, and attacks Spearman with 28 health who has 10 total armour points.
Spearman now has 16 health remaining

Archer with 5 health has a 18 total attack points, and attacks Raider with 1 health who has 13 total armour points.
Raider has died in combat.

Knight with 43 health has a 22 total attack points, and attacks Raider with 22 health who has 13 total armour points.
Raider now has 13 health remaining

Knight with 31 health has a 22 total attack points, and attacks Raider with 23 health who has 13 total armour points.
Raider now has 14 health remaining

Raider with 70 health has a 22 total attack points, and attacks Archer with 14 health who has 10 total armour points.
Archer now has 2 health remaining

Spearman with 2 health has a 18 total attack points, and attacks Knight with 59 health who has 13 total armour points.
Knight now has 54 health remaining

Archer with 8 health has a 18 total attack points, and attacks Raider with 5 health who has 13 total armour points.
Raider has died in combat.

Spearman with 40 health has a 18 total attack points, and attacks Archer with 7 health who has 10 total armour points.
Archer has died in combat.

Spearman with 4 health has a 18 total attack points, and attacks Knight with 3 health who has 13 total armour points.
Knight has died in combat.

Grunt with 36 health has a 17 total attack points, and attacks Knight with 4 health who has 13 total armour points.
Knight has died in combat.

Archer with 40 health has a 18 total attack points, and attacks Raider with 17 health who has 13 total armour points.
Raider now has 12 health remaining

Footman with 8 health has a 17 total attack points, and attacks Ranged with 7 health who has 10 total armour points.
Ranged has died in combat.

Knight with 32 health has a 22 total attack points, and attacks Spearman with 48 health who has 10 total armour points.
Spearman now has 36 health remaining

Archer with 3 health has a 18 total attack points, and attacks Raider with 51 health who has 13 total armour points.
Raider now has 46 health remaining

Knight with 26 health has a 22 total attack points, and attacks Grunt with 6 health who has 11 total armour points.
Grunt has died in combat.

Archer with 14 health has a 18 total attack points, and attacks Spearman with 19 health who has 10 total armour points.
Spearman now has 11 health remaining

Knight with 8 health has a 22 total attack points, and attacks Ranged with 6 health who has 10 total armour points.
Ranged has died in combat.

Ranged with 13 health has a 18 total attack points, and attacks Footman with 26 health who has 11 total armour points.
Footman now has 19 health remaining

Knight with 16 health has a 22 total attack points, and attacks Raider with 17 health who has 13 total armour points.
Raider now has 8 health remaining

Raider with 38 health has a 22 total attack points, and attacks Archer with 8 health who has 10 total armour points.
Archer has died in combat.

Footman with 29 health has a 17 total attack points, and attacks Grunt with 39 health who has 11 total armour points.
Grunt now has 33 health remaining

Knight with 28 health has a 22 total attack points, and attacks Grunt with 28 health who has 11 total armour points.
Grunt now has 17 health remaining

Raider with 9 health has a 22 total attack points, and attacks Knight with 26 health who has 13 total armour points.
Knight now has 17 health remaining

Archer with 5 health has a 18 total attack points, and attacks Ranged with 1 health who has 10 total armour points.
Ranged has died in combat.

Knight with 27 health has a 22 total attack points, and attacks Raider with 46 health who has 13 total armour points.
Raider now has 37 health remaining

Grunt with 8 health has a 17 total attack points, and attacks Archer with 56 health who has 10 total armour points.
Archer now has 49 health remaining

Knight with 45 health has a 22 total attack points, and attacks Grunt with 7 health who has 11 total armour points.
Grunt has died in combat.

Archer with 54 health has a 18 total attack points, and attacks Raider with 32 health who has 13 total armour points.
Raider now has 27 health remaining

Raider with 19 health has a 22 total attack points, and attacks Archer with 38 health who has 10 total armour points.
Archer now has 26 health remaining

Grunt with 33 health has a 17 total attack points, and attacks Footman with 18 health who has 11 total armour points.
Footman now has 12 health remaining

Knight with 2 health has a 22 total attack points, and attacks Grunt with 8 health who has 11 total armour points.
Grunt has died in combat.

Archer with 18 health has a 18 total attack points, and attacks Grunt with 36 health who has 11 total armour points.
Grunt now has 29 health remaining

Gul´dan with 143 health has a 27 total attack points, and attacks Archer with 41 health who has 10 total armour points.
Archer now has 24 health remaining

Ranged with 13 health has a 18 total attack points, and attacks Knight with 19 health who has 13 total armour points.
Knight now has 14 health remaining

Knight with 36 health has a 22 total attack points, and attacks Raider with 21 health who has 13 total armour points.
Raider now has 12 health remaining

Raider with 12 health has a 22 total attack points, and attacks Archer with 33 health who has 10 total armour points.
Archer now has 21 health remaining

Knight with 2 health has a 22 total attack points, and attacks Raider with 50 health who has 13 total armour points.
Raider now has 41 health remaining

Footman with 60 health has a 17 total attack points, and attacks Grunt with 38 health who has 11 total armour points.
Grunt now has 32 health remaining

Footman with 1 health has a 17 total attack points, and attacks Raider with 55 health who has 13 total armour points.
Raider now has 51 health remaining

Grunt with 20 health has a 17 total attack points, and attacks Archer with 20 health who has 10 total armour points.
Archer now has 13 health remaining

Raider with 6 health has a 22 total attack points, and attacks Knight with 4 health who has 13 total armour points.
Knight has died in combat.

Raider with 19 health has a 22 total attack points, and attacks Knight with 20 health who has 13 total armour points.
Knight now has 11 health remaining

Archer with 24 health has a 18 total attack points, and attacks Raider with 7 health who has 13 total armour points.
Raider now has 2 health remaining

Raider with 12 health has a 22 total attack points, and attacks Archer with 40 health who has 10 total armour points.
Archer now has 28 health remaining

Spearman with 32 health has a 18 total attack points, and attacks Knight with 47 health who has 13 total armour points.
Knight now has 42 health remaining

Ranged with 11 health has a 18 total attack points, and attacks Knight with 44 health who has 13 total armour points.
Knight now has 39 health remaining

Grunt with 7 health has a 17 total attack points, and attacks Archer with 4 health who has 10 total armour points.
Archer has died in combat.

Knight with 30 health has a 22 total attack points, and attacks Spearman with 11 health who has 10 total armour points.
Spearman has died in combat.

Raider with 12 health has a 22 total attack points, and attacks Footman with 1 health who has 11 total armour points.
Footman has died in combat.

Archer with 45 health has a 18 total attack points, and attacks Grunt with 14 health who has 11 total armour points.
Grunt now has 7 health remaining

Raider with 13 health has a 22 total attack points, and attacks Archer with 14 health who has 10 total armour points.
Archer now has 2 health remaining

Knight with 5 health has a 22 total attack points, and attacks Raider with 41 health who has 13 total armour points.
Raider now has 32 health remaining

Knight with 17 health has a 22 total attack points, and attacks Raider with 12 health who has 13 total armour points.
Raider now has 3 health remaining

Knight with 8 health has a 22 total attack points, and attacks Grunt with 34 health who has 11 total armour points.
Grunt now has 23 health remaining

Knight with 30 health has a 22 total attack points, and attacks Raider with 19 health who has 13 total armour points.
Raider now has 10 health remaining

Grunt with 10 health has a 17 total attack points, and attacks Archer with 2 health who has 10 total armour points.
Archer has died in combat.

Raider with 47 health has a 22 total attack points, and attacks Knight with 17 health who has 13 total armour points.
Knight now has 8 health remaining

Raider with 26 health has a 22 total attack points, and attacks Knight with 50 health who has 13 total armour points.
Knight now has 41 health remaining

Ranged with 9 health has a 18 total attack points, and attacks Knight with 8 health who has 13 total armour points.
Knight now has 3 health remaining

Raider with 29 health has a 22 total attack points, and attacks Footman with 22 health who has 11 total armour points.
Footman now has 11 health remaining

Grunt with 15 health has a 17 total attack points, and attacks Knight with 30 health who has 13 total armour points.
Knight now has 26 health remaining

Raider with 26 health has a 22 total attack points, and attacks Archer with 23 health who has 10 total armour points.
Archer now has 11 health remaining

Raider with 29 health has a 22 total attack points, and attacks Archer with 18 health who has 10 total armour points.
Archer now has 6 health remaining

Raider with 16 health has a 22 total attack points, and attacks Knight with 42 health who has 13 total armour points.
Knight now has 33 health remaining

Ranged with 8 health has a 18 total attack points, and attacks Knight with 1 health who has 13 total armour points.
Knight has died in combat.

Raider with 14 health has a 22 total attack points, and attacks Footman with 11 health who has 11 total armour points.
Footman has died in combat.

Raider with 10 health has a 22 total attack points, and attacks Archer with 49 health who has 10 total armour points.
Archer now has 37 health remaining

Spearman with 36 health has a 18 total attack points, and attacks Archer with 17 health who has 10 total armour points.
Archer now has 9 health remaining

Knight with 5 health has a 22 total attack points, and attacks Grunt with 9 health who has 11 total armour points.
Grunt has died in combat.

Archer with 2 health has a 18 total attack points, and attacks Ranged with 13 health who has 10 total armour points.
Ranged now has 5 health remaining

Archer with 5 health has a 18 total attack points, and attacks Grunt with 20 health who has 11 total armour points.
Grunt now has 13 health remaining

Archer with 5 health has a 18 total attack points, and attacks Spearman with 12 health who has 10 total armour points.
Spearman now has 4 health remaining

Footman with 20 health has a 17 total attack points, and attacks Grunt with 15 health who has 11 total armour points.
Grunt now has 9 health remaining

Archer with 14 health has a 18 total attack points, and attacks Raider with 26 health who has 13 total armour points.
Raider now has 21 health remaining

Raider with 13 health has a 22 total attack points, and attacks Knight with 59 health who has 13 total armour points.
Knight now has 50 health remaining

Grunt with 14 health has a 17 total attack points, and attacks Archer with 19 health who has 10 total armour points.
Archer now has 12 health remaining

Raider with 48 health has a 22 total attack points, and attacks Archer with 28 health who has 10 total armour points.
Archer now has 16 health remaining

Raider with 38 health has a 22 total attack points, and attacks Knight with 25 health who has 13 total armour points.
Knight now has 16 health remaining

Raider with 50 health has a 22 total attack points, and attacks Footman with 29 health who has 11 total armour points.
Footman now has 18 health remaining

Knight with 5 health has a 22 total attack points, and attacks Spearman with 4 health who has 10 total armour points.
Spearman has died in combat.

Raider with 48 health has a 22 total attack points, and attacks Archer with 2 health who has 10 total armour points.
Archer has died in combat.

Archer with 26 health has a 18 total attack points, and attacks Grunt with 8 health who has 11 total armour points.
Grunt now has 1 health remaining

Raider with 16 health has a 22 total attack points, and attacks Footman with 4 health who has 11 total armour points.
Footman has died in combat.

Archer with 24 health has a 18 total attack points, and attacks Raider with 25 health who has 13 total armour points.
Raider now has 20 health remaining

Grunt with 13 health has a 17 total attack points, and attacks Knight with 30 health who has 13 total armour points.
Knight now has 26 health remaining

Ranged with 10 health has a 18 total attack points, and attacks Archer with 9 health who has 10 total armour points.
Archer now has 1 health remaining

Knight with 17 health has a 22 total attack points, and attacks Grunt with 33 health who has 11 total armour points.
Grunt now has 22 health remaining

Archer with 1 health has a 18 total attack points, and attacks Grunt with 25 health who has 11 total armour points.
Grunt now has 18 health remaining

Raider with 48 health has a 22 total attack points, and attacks Footman with 3 health who has 11 total armour points.
Footman has died in combat.

Knight with 53 health has a 22 total attack points, and attacks Raider with 51 health who has 13 total armour points.
Raider now has 42 health remaining

Knight with 54 health has a 22 total attack points, and attacks Raider with 20 health who has 13 total armour points.
Raider now has 11 health remaining

Archer with 8 health has a 18 total attack points, and attacks Raider with 22 health who has 13 total armour points.
Raider now has 17 health remaining

Raider with 21 health has a 22 total attack points, and attacks Knight with 45 health who has 13 total armour points.
Knight now has 36 health remaining

Spearman with 15 health has a 18 total attack points, and attacks Knight with 52 health who has 13 total armour points.
Knight now has 47 health remaining

Grunt with 1 health has a 17 total attack points, and attacks Footman with 18 health who has 11 total armour points.
Footman now has 12 health remaining

Raider with 6 health has a 22 total attack points, and attacks Knight with 12 health who has 13 total armour points.
Knight now has 3 health remaining

Archer with 19 health has a 18 total attack points, and attacks Raider with 54 health who has 13 total armour points.
Raider now has 49 health remaining

Knight with 39 health has a 22 total attack points, and attacks Ranged with 20 health who has 10 total armour points.
Ranged now has 8 health remaining

Knight with 17 health has a 22 total attack points, and attacks Raider with 27 health who has 13 total armour points.
Raider now has 18 health remaining

Raider with 41 health has a 22 total attack points, and attacks Footman with 19 health who has 11 total armour points.
Footman now has 8 health remaining

Grunt with 7 health has a 17 total attack points, and attacks Archer with 11 health who has 10 total armour points.
Archer now has 4 health remaining

Knight with 50 health has a 22 total attack points, and attacks Spearman with 20 health who has 10 total armour points.
Spearman now has 8 health remaining

Grunt with 14 health has a 17 total attack points, and attacks Archer with 11 health who has 10 total armour points.
Archer now has 4 health remaining

Archer with 33 health has a 18 total attack points, and attacks Raider with 3 health who has 13 total armour points.
Raider has died in combat.

Archer with 41 health has a 18 total attack points, and attacks Spearman with 15 health who has 10 total armour points.
Spearman now has 7 health remaining

Knight with 63 health has a 22 total attack points, and attacks Raider with 18 health who has 13 total armour points.
Raider now has 9 health remaining

Archer with 37 health has a 18 total attack points, and attacks Raider with 38 health who has 13 total armour points.
Raider now has 33 health remaining

Knight with 36 health has a 22 total attack points, and attacks Grunt with 15 health who has 11 total armour points.
Grunt now has 4 health remaining

Gul´dan with 143 health has a 27 total attack points, and attacks Archer with 12 health who has 10 total armour points.
Archer has died in combat.

Grunt with 4 health has a 17 total attack points, and attacks Archer with 5 health who has 10 total armour points.
Archer has died in combat.

Grunt with 29 health has a 17 total attack points, and attacks Footman with 19 health who has 11 total armour points.
Footman now has 13 health remaining

Archer with 16 health has a 18 total attack points, and attacks Ranged with 4 health who has 10 total armour points.
Ranged has died in combat.

Raider with 70 health has a 22 total attack points, and attacks Footman with 15 health who has 11 total armour points.
Footman now has 4 health remaining

Knight with 16 health has a 22 total attack points, and attacks Raider with 26 health who has 13 total armour points.
Raider now has 17 health remaining

Footman with 20 health has a 17 total attack points, and attacks Ranged with 38 health who has 10 total armour points.
Ranged now has 31 health remaining

Knight with 9 health has a 22 total attack points, and attacks Raider with 9 health who has 13 total armour points.
Raider has died in combat.

Archer with 27 health has a 18 total attack points, and attacks Spearman with 11 health who has 10 total armour points.
Spearman now has 3 health remaining

Ranged with 19 health has a 18 total attack points, and attacks Knight with 2 health who has 13 total armour points.
Knight has died in combat.

Knight with 28 health has a 22 total attack points, and attacks Raider with 42 health who has 13 total armour points.
Raider now has 33 health remaining

Footman with 29 health has a 17 total attack points, and attacks Raider with 18 health who has 13 total armour points.
Raider now has 14 health remaining

Knight with 45 health has a 22 total attack points, and attacks Raider with 47 health who has 13 total armour points.
Raider now has 38 health remaining

Footman with 8 health has a 17 total attack points, and attacks Grunt with 18 health who has 11 total armour points.
Grunt now has 12 health remaining

Knight with 53 health has a 22 total attack points, and attacks Raider with 28 health who has 13 total armour points.
Raider now has 19 health remaining

Grunt with 33 health has a 17 total attack points, and attacks Footman with 12 health who has 11 total armour points.
Footman now has 6 health remaining

Footman with 29 health has a 17 total attack points, and attacks Grunt with 12 health who has 11 total armour points.
Grunt now has 6 health remaining

Archer with 1 health has a 18 total attack points, and attacks Spearman with 13 health who has 10 total armour points.
Spearman now has 5 health remaining

Grunt with 29 health has a 17 total attack points, and attacks Footman with 59 health who has 11 total armour points.
Footman now has 53 health remaining

Raider with 16 health has a 22 total attack points, and attacks Archer with 5 health who has 10 total armour points.
Archer has died in combat.

Knight with 5 health has a 22 total attack points, and attacks Grunt with 33 health who has 11 total armour points.
Grunt now has 22 health remaining

Footman with 5 health has a 17 total attack points, and attacks Ranged with 16 health who has 10 total armour points.
Ranged now has 9 health remaining

Spearman with 36 health has a 18 total attack points, and attacks Footman with 31 health who has 11 total armour points.
Footman now has 24 health remaining

Raider with 31 health has a 22 total attack points, and attacks Archer with 41 health who has 10 total armour points.
Archer now has 29 health remaining

Footman with 23 health has a 17 total attack points, and attacks Grunt with 2 health who has 11 total armour points.
Grunt has died in combat.

Grunt with 10 health has a 17 total attack points, and attacks Footman with 6 health who has 11 total armour points.
Footman has died in combat.

Archer with 21 health has a 18 total attack points, and attacks Spearman with 27 health who has 10 total armour points.
Spearman now has 19 health remaining

Raider with 16 health has a 22 total attack points, and attacks Knight with 14 health who has 13 total armour points.
Knight now has 5 health remaining

Ranged with 13 health has a 18 total attack points, and attacks Knight with 32 health who has 13 total armour points.
Knight now has 27 health remaining

Grunt with 23 health has a 17 total attack points, and attacks Knight with 2 health who has 13 total armour points.
Knight has died in combat.

Archer with 26 health has a 18 total attack points, and attacks Raider with 33 health who has 13 total armour points.
Raider now has 28 health remaining

Knight with 5 health has a 22 total attack points, and attacks Raider with 13 health who has 13 total armour points.
Raider now has 4 health remaining

Archer with 6 health has a 18 total attack points, and attacks Raider with 31 health who has 13 total armour points.
Raider now has 26 health remaining

Raider with 16 health has a 22 total attack points, and attacks Knight with 5 health who has 13 total armour points.
Knight has died in combat.

Footman with 19 health has a 17 total attack points, and attacks Ranged with 13 health who has 10 total armour points.
Ranged now has 6 health remaining

Archer with 36 health has a 18 total attack points, and attacks Raider with 23 health who has 13 total armour points.
Raider now has 18 health remaining

Knight with 16 health has a 22 total attack points, and attacks Raider with 39 health who has 13 total armour points.
Raider now has 30 health remaining

Ranged with 7 health has a 18 total attack points, and attacks Archer with 26 health who has 10 total armour points.
Archer now has 18 health remaining

Footman with 4 health has a 17 total attack points, and attacks Grunt with 10 health who has 11 total armour points.
Grunt now has 4 health remaining

Raider with 63 health has a 22 total attack points, and attacks Knight with 45 health who has 13 total armour points.
Knight now has 36 health remaining

Archer with 45 health has a 18 total attack points, and attacks Spearman with 16 health who has 10 total armour points.
Spearman now has 8 health remaining

Knight with 26 health has a 22 total attack points, and attacks Grunt with 13 health who has 11 total armour points.
Grunt now has 2 health remaining

Raider with 20 health has a 22 total attack points, and attacks Knight with 47 health who has 13 total armour points.
Knight now has 38 health remaining

Raider with 20 health has a 22 total attack points, and attacks Footman with 12 health who has 11 total armour points.
Footman now has 1 health remaining

Spearman with 39 health has a 18 total attack points, and attacks Archer with 54 health who has 10 total armour points.
Archer now has 46 health remaining

Raider with 46 health has a 22 total attack points, and attacks Knight with 4 health who has 13 total armour points.
Knight has died in combat.

Raider with 35 health has a 22 total attack points, and attacks Footman with 21 health who has 11 total armour points.
Footman now has 10 health remaining

Raider with 26 health has a 22 total attack points, and attacks Knight with 12 health who has 13 total armour points.
Knight now has 3 health remaining

Raider with 7 health has a 22 total attack points, and attacks Knight with 53 health who has 13 total armour points.
Knight now has 44 health remaining

Archer with 5 health has a 18 total attack points, and attacks Grunt with 6 health who has 11 total armour points.
Grunt has died in combat.

Raider with 15 health has a 22 total attack points, and attacks Footman with 20 health who has 11 total armour points.
Footman now has 9 health remaining

Raider with 18 health has a 22 total attack points, and attacks Archer with 14 health who has 10 total armour points.
Archer now has 2 health remaining

Archer with 4 health has a 18 total attack points, and attacks Spearman with 5 health who has 10 total armour points.
Spearman has died in combat.

Footman with 1 health has a 17 total attack points, and attacks Spearman with 25 health who has 10 total armour points.
Spearman now has 18 health remaining

Archer with 27 health has a 18 total attack points, and attacks Raider with 19 health who has 13 total armour points.
Raider now has 14 health remaining

Grunt with 22 health has a 17 total attack points, and attacks Archer with 37 health who has 10 total armour points.
Archer now has 30 health remaining

Knight with 3 health has a 22 total attack points, and attacks Raider with 24 health who has 13 total armour points.
Raider now has 15 health remaining

Archer with 54 health has a 18 total attack points, and attacks Raider with 17 health who has 13 total armour points.
Raider now has 12 health remaining

Spearman with 23 health has a 18 total attack points, and attacks Archer with 4 health who has 10 total armour points.
Archer has died in combat.

Archer with 8 health has a 18 total attack points, and attacks Grunt with 9 health who has 11 total armour points.
Grunt now has 2 health remaining

Raider with 37 health has a 22 total attack points, and attacks Knight with 22 health who has 13 total armour points.
Knight now has 13 health remaining

Archer with 30 health has a 18 total attack points, and attacks Grunt with 11 health who has 11 total armour points.
Grunt now has 4 health remaining

Ranged with 6 health has a 18 total attack points, and attacks Archer with 8 health who has 10 total armour points.
Archer has died in combat.

Grunt with 9 health has a 17 total attack points, and attacks Footman with 3 health who has 11 total armour points.
Footman has died in combat.

Knight with 16 health has a 22 total attack points, and attacks Raider with 17 health who has 13 total armour points.
Raider now has 8 health remaining

Gul´dan with 143 health has a 27 total attack points, and attacks Knight with 39 health who has 13 total armour points.
Knight now has 25 health remaining

Archer with 18 health has a 18 total attack points, and attacks Grunt with 29 health who has 11 total armour points.
Grunt now has 22 health remaining

Knight with 13 health has a 22 total attack points, and attacks Raider with 18 health who has 13 total armour points.
Raider now has 9 health remaining

Spearman with 11 health has a 18 total attack points, and attacks Knight with 32 health who has 13 total armour points.
Knight now has 27 health remaining

Raider with 4 health has a 22 total attack points, and attacks Knight with 13 health who has 13 total armour points.
Knight now has 4 health remaining

Raider with 18 health has a 22 total attack points, and attacks Knight with 50 health who has 13 total armour points.
Knight now has 41 health remaining

Knight with 63 health has a 22 total attack points, and attacks Raider with 10 health who has 13 total armour points.
Raider now has 1 health remaining

Raider with 26 health has a 22 total attack points, and attacks Footman with 32 health who has 11 total armour points.
Footman now has 21 health remaining

Raider with 26 health has a 22 total attack points, and attacks Archer with 41 health who has 10 total armour points.
Archer now has 29 health remaining

Knight with 31 health has a 22 total attack points, and attacks Raider with 50 health who has 13 total armour points.
Raider now has 41 health remaining

Archer with 36 health has a 18 total attack points, and attacks Raider with 28 health who has 13 total armour points.
Raider now has 23 health remaining

Archer with 6 health has a 18 total attack points, and attacks Grunt with 7 health who has 11 total armour points.
Grunt has died in combat.

Knight with 33 health has a 22 total attack points, and attacks Grunt with 17 health who has 11 total armour points.
Grunt now has 6 health remaining

Raider with 8 health has a 22 total attack points, and attacks Knight with 41 health who has 13 total armour points.
Knight now has 32 health remaining

Raider with 32 health has a 22 total attack points, and attacks Knight with 5 health who has 13 total armour points.
Knight has died in combat.

Knight with 8 health has a 22 total attack points, and attacks Raider with 41 health who has 13 total armour points.
Raider now has 32 health remaining

Knight with 27 health has a 22 total attack points, and attacks Raider with 43 health who has 13 total armour points.
Raider now has 34 health remaining

Raider with 32 health has a 22 total attack points, and attacks Footman with 1 health who has 11 total armour points.
Footman has died in combat.

Footman with 1 health has a 17 total attack points, and attacks Raider with 8 health who has 13 total armour points.
Raider now has 4 health remaining

Raider with 14 health has a 22 total attack points, and attacks Archer with 3 health who has 10 total armour points.
Archer has died in combat.

Spearman with 24 health has a 18 total attack points, and attacks Knight with 36 health who has 13 total armour points.
Knight now has 31 health remaining

Knight with 44 health has a 22 total attack points, and attacks Ranged with 6 health who has 10 total armour points.
Ranged has died in combat.

Knight with 31 health has a 22 total attack points, and attacks Spearman with 2 health who has 10 total armour points.
Spearman has died in combat.

Raider with 38 health has a 22 total attack points, and attacks Footman with 10 health who has 11 total armour points.
Footman has died in combat.

Knight with 25 health has a 22 total attack points, and attacks Raider with 13 health who has 13 total armour points.
Raider now has 4 health remaining

Knight with 63 health has a 22 total attack points, and attacks Ranged with 7 health who has 10 total armour points.
Ranged has died in combat.

Raider with 26 health has a 22 total attack points, and attacks Footman with 16 health who has 11 total armour points.
Footman now has 5 health remaining

Raider with 49 health has a 22 total attack points, and attacks Knight with 5 health who has 13 total armour points.
Knight has died in combat.

Footman with 1 health has a 17 total attack points, and attacks Raider with 21 health who has 13 total armour points.
Raider now has 17 health remaining

Archer with 1 health has a 18 total attack points, and attacks Raider with 12 health who has 13 total armour points.
Raider now has 7 health remaining

Archer with 50 health has a 18 total attack points, and attacks Raider with 41 health who has 13 total armour points.
Raider now has 36 health remaining

Knight with 28 health has a 22 total attack points, and attacks Grunt with 8 health who has 11 total armour points.
Grunt has died in combat.

Archer with 43 health has a 18 total attack points, and attacks Raider with 4 health who has 13 total armour points.
Raider has died in combat.

Spearman with 30 health has a 18 total attack points, and attacks Knight with 17 health who has 13 total armour points.
Knight now has 12 health remaining

Ranged with 8 health has a 18 total attack points, and attacks Footman with 40 health who has 11 total armour points.
Footman now has 33 health remaining

Spearman with 7 health has a 18 total attack points, and attacks Archer with 6 health who has 10 total armour points.
Archer has died in combat.

Knight with 16 health has a 22 total attack points, and attacks Raider with 55 health who has 13 total armour points.
Raider now has 46 health remaining

Raider with 46 health has a 22 total attack points, and attacks Archer with 5 health who has 10 total armour points.
Archer has died in combat.

Footman with 21 health has a 17 total attack points, and attacks Raider with 32 health who has 13 total armour points.
Raider now has 28 health remaining

Footman with 8 health has a 17 total attack points, and attacks Raider with 2 health who has 13 total armour points.
Raider has died in combat.

Knight with 32 health has a 22 total attack points, and attacks Grunt with 22 health who has 11 total armour points.
Grunt now has 11 health remaining

Raider with 28 health has a 22 total attack points, and attacks Archer with 29 health who has 10 total armour points.
Archer now has 17 health remaining

Knight with 41 health has a 22 total attack points, and attacks Raider with 2 health who has 13 total armour points.
Raider has died in combat.

Footman with 24 health has a 17 total attack points, and attacks Spearman with 7 health who has 10 total armour points.
Spearman has died in combat.

Ranged with 8 health has a 18 total attack points, and attacks Knight with 28 health who has 13 total armour points.
Knight now has 23 health remaining

Raider with 16 health has a 22 total attack points, and attacks Archer with 39 health who has 10 total armour points.
Archer now has 27 health remaining

Knight with 27 health has a 22 total attack points, and attacks Raider with 17 health who has 13 total armour points.
Raider now has 8 health remaining

Grunt with 21 health has a 17 total attack points, and attacks Knight with 27 health who has 13 total armour points.
Knight now has 23 health remaining

Knight with 3 health has a 22 total attack points, and attacks Raider with 4 health who has 13 total armour points.
Raider has died in combat.

Archer with 52 health has a 18 total attack points, and attacks Raider with 10 health who has 13 total armour points.
Raider now has 5 health remaining

Knight with 27 health has a 22 total attack points, and attacks Raider with 48 health who has 13 total armour points.
Raider now has 39 health remaining

Raider with 8 health has a 22 total attack points, and attacks Knight with 16 health who has 13 total armour points.
Knight now has 7 health remaining

Raider with 7 health has a 22 total attack points, and attacks Footman with 10 health who has 11 total armour points.
Footman has died in combat.

Knight with 27 health has a 22 total attack points, and attacks Raider with 20 health who has 13 total armour points.
Raider now has 11 health remaining

Knight with 3 health has a 22 total attack points, and attacks Raider with 15 health who has 13 total armour points.
Raider now has 6 health remaining

Archer with 4 health has a 18 total attack points, and attacks Spearman with 19 health who has 10 total armour points.
Spearman now has 11 health remaining

Raider with 12 health has a 22 total attack points, and attacks Knight with 8 health who has 13 total armour points.
Knight has died in combat.

Archer with 16 health has a 18 total attack points, and attacks Grunt with 2 health who has 11 total armour points.
Grunt has died in combat.

Archer with 30 health has a 18 total attack points, and attacks Raider with 23 health who has 13 total armour points.
Raider now has 18 health remaining

Raider with 28 health has a 22 total attack points, and attacks Knight with 23 health who has 13 total armour points.
Knight now has 14 health remaining

Knight with 31 health has a 22 total attack points, and attacks Grunt with 11 health who has 11 total armour points.
Grunt has died in combat.

Archer with 8 health has a 18 total attack points, and attacks Raider with 28 health who has 13 total armour points.
Raider now has 23 health remaining

Raider with 12 health has a 22 total attack points, and attacks Knight with 30 health who has 13 total armour points.
Knight now has 21 health remaining

Knight with 63 health has a 22 total attack points, and attacks Raider with 21 health who has 13 total armour points.
Raider now has 12 health remaining

Footman with 8 health has a 17 total attack points, and attacks Raider with 36 health who has 13 total armour points.
Raider now has 32 health remaining

Knight with 45 health has a 22 total attack points, and attacks Spearman with 30 health who has 10 total armour points.
Spearman now has 18 health remaining

Archer with 5 health has a 18 total attack points, and attacks Grunt with 22 health who has 11 total armour points.
Grunt now has 15 health remaining

Raider with 13 health has a 22 total attack points, and attacks Knight with 63 health who has 13 total armour points.
Knight now has 54 health remaining

Archer with 1 health has a 18 total attack points, and attacks Ranged with 10 health who has 10 total armour points.
Ranged now has 2 health remaining

Raider with 37 health has a 22 total attack points, and attacks Archer with 4 health who has 10 total armour points.
Archer has died in combat.

Knight with 3 health has a 22 total attack points, and attacks Raider with 49 health who has 13 total armour points.
Raider now has 40 health remaining

Knight with 28 health has a 22 total attack points, and attacks Spearman with 24 health who has 10 total armour points.
Spearman now has 12 health remaining

Grunt with 7 health has a 17 total attack points, and attacks Knight with 38 health who has 13 total armour points.
Knight now has 34 health remaining

Raider with 16 health has a 22 total attack points, and attacks Knight with 44 health who has 13 total armour points.
Knight now has 35 health remaining

Spearman with 12 health has a 18 total attack points, and attacks Footman with 21 health who has 11 total armour points.
Footman now has 14 health remaining

Knight with 42 health has a 22 total attack points, and attacks Spearman with 32 health who has 10 total armour points.
Spearman now has 20 health remaining

Raider with 29 health has a 22 total attack points, and attacks Archer with 19 health who has 10 total armour points.
Archer now has 7 health remaining

Raider with 1 health has a 22 total attack points, and attacks Knight with 54 health who has 13 total armour points.
Knight now has 45 health remaining

Archer with 52 health has a 18 total attack points, and attacks Raider with 4 health who has 13 total armour points.
Raider has died in combat.

Raider with 16 health has a 22 total attack points, and attacks Footman with 12 health who has 11 total armour points.
Footman now has 1 health remaining

Archer with 21 health has a 18 total attack points, and attacks Spearman with 8 health who has 10 total armour points.
Spearman has died in combat.

Ranged with 14 health has a 18 total attack points, and attacks Footman with 17 health who has 11 total armour points.
Footman now has 10 health remaining

Raider with 8 health has a 22 total attack points, and attacks Archer with 13 health who has 10 total armour points.
Archer now has 1 health remaining

Raider with 11 health has a 22 total attack points, and attacks Archer with 18 health who has 10 total armour points.
Archer now has 6 health remaining

Footman with 24 health has a 17 total attack points, and attacks Spearman with 20 health who has 10 total armour points.
Spearman now has 13 health remaining

Footman with 1 health has a 17 total attack points, and attacks Raider with 8 health who has 13 total armour points.
Raider now has 4 health remaining

Archer with 43 health has a 18 total attack points, and attacks Raider with 13 health who has 13 total armour points.
Raider now has 8 health remaining

Ranged with 31 health has a 18 total attack points, and attacks Knight with 12 health who has 13 total armour points.
Knight now has 7 health remaining

Raider with 8 health has a 22 total attack points, and attacks Footman with 1 health who has 11 total armour points.
Footman has died in combat.

Grunt with 6 health has a 17 total attack points, and attacks Archer with 29 health who has 10 total armour points.
Archer now has 22 health remaining

Knight with 26 health has a 22 total attack points, and attacks Gul´dan with 143 health who has 16 total armour points.
Gul´dan now has 137 health remaining

Raider with 14 health has a 22 total attack points, and attacks Knight with 8 health who has 13 total armour points.
Knight has died in combat.

Raider with 14 health has a 22 total attack points, and attacks Knight with 27 health who has 13 total armour points.
Knight now has 18 health remaining

Ranged with 59 health has a 18 total attack points, and attacks Footman with 24 health who has 11 total armour points.
Footman now has 17 health remaining

Spearman with 4 health has a 18 total attack points, and attacks Archer with 54 health who has 10 total armour points.
Archer now has 46 health remaining

Footman with 53 health has a 17 total attack points, and attacks Raider with 1 health who has 13 total armour points.
Raider has died in combat.

Knight with 25 health has a 22 total attack points, and attacks Ranged with 59 health who has 10 total armour points.
Ranged now has 47 health remaining

Knight with 54 health has a 22 total attack points, and attacks Raider with 12 health who has 13 total armour points.
Raider now has 3 health remaining

Ranged with 13 health has a 18 total attack points, and attacks Knight with 36 health who has 13 total armour points.
Knight now has 31 health remaining

Raider with 48 health has a 22 total attack points, and attacks Knight with 45 health who has 13 total armour points.
Knight now has 36 health remaining

Grunt with 7 health has a 17 total attack points, and attacks Archer with 2 health who has 10 total armour points.
Archer has died in combat.

Raider with 35 health has a 22 total attack points, and attacks Archer with 46 health who has 10 total armour points.
Archer now has 34 health remaining

Knight with 8 health has a 22 total attack points, and attacks Raider with 38 health who has 13 total armour points.
Raider now has 29 health remaining

Spearman with 16 health has a 18 total attack points, and attacks Archer with 21 health who has 10 total armour points.
Archer now has 13 health remaining

Archer with 30 health has a 18 total attack points, and attacks Raider with 8 health who has 13 total armour points.
Raider now has 3 health remaining

Knight with 3 health has a 22 total attack points, and attacks Raider with 9 health who has 13 total armour points.
Raider has died in combat.

Archer with 8 health has a 18 total attack points, and attacks Raider with 26 health who has 13 total armour points.
Raider now has 21 health remaining

Archer with 36 health has a 18 total attack points, and attacks Raider with 11 health who has 13 total armour points.
Raider now has 6 health remaining

Archer with 36 health has a 18 total attack points, and attacks Grunt with 21 health who has 11 total armour points.
Grunt now has 14 health remaining

Grunt with 6 health has a 17 total attack points, and attacks Knight with 31 health who has 13 total armour points.
Knight now has 27 health remaining

Archer with 2 health has a 18 total attack points, and attacks Raider with 16 health who has 13 total armour points.
Raider now has 11 health remaining

Ranged with 14 health has a 18 total attack points, and attacks Footman with 17 health who has 11 total armour points.
Footman now has 10 health remaining

Ranged with 11 health has a 18 total attack points, and attacks Footman with 19 health who has 11 total armour points.
Footman now has 12 health remaining

Knight with 45 health has a 22 total attack points, and attacks Grunt with 29 health who has 11 total armour points.
Grunt now has 18 health remaining

Knight with 50 health has a 22 total attack points, and attacks Grunt with 9 health who has 11 total armour points.
Grunt has died in combat.

Knight with 25 health has a 22 total attack points, and attacks Raider with 63 health who has 13 total armour points.
Raider now has 54 health remaining

Footman with 10 health has a 17 total attack points, and attacks Raider with 33 health who has 13 total armour points.
Raider now has 29 health remaining

Archer with 5 health has a 18 total attack points, and attacks Raider with 40 health who has 13 total armour points.
Raider now has 35 health remaining

Raider with 9 health has a 22 total attack points, and attacks Archer with 7 health who has 10 total armour points.
Archer has died in combat.

Knight with 16 health has a 22 total attack points, and attacks Grunt with 23 health who has 11 total armour points.
Grunt now has 12 health remaining

Archer with 26 health has a 18 total attack points, and attacks Ranged with 9 health who has 10 total armour points.
Ranged now has 1 health remaining

Knight with 25 health has a 22 total attack points, and attacks Raider with 39 health who has 13 total armour points.
Raider now has 30 health remaining

Grunt with 24 health has a 17 total attack points, and attacks Knight with 17 health who has 13 total armour points.
Knight now has 13 health remaining

Raider with 6 health has a 22 total attack points, and attacks Knight with 34 health who has 13 total armour points.
Knight now has 25 health remaining

Knight with 31 health has a 22 total attack points, and attacks Spearman with 13 health who has 10 total armour points.
Spearman now has 1 health remaining

Knight with 27 health has a 22 total attack points, and attacks Raider with 35 health who has 13 total armour points.
Raider now has 26 health remaining

Spearman with 16 health has a 18 total attack points, and attacks Archer with 36 health who has 10 total armour points.
Archer now has 28 health remaining

Archer with 8 health has a 18 total attack points, and attacks Raider with 30 health who has 13 total armour points.
Raider now has 25 health remaining

Archer with 45 health has a 18 total attack points, and attacks Raider with 8 health who has 13 total armour points.
Raider now has 3 health remaining

Footman with 5 health has a 17 total attack points, and attacks Raider with 3 health who has 13 total armour points.
Raider has died in combat.

Knight with 31 health has a 22 total attack points, and attacks Spearman with 8 health who has 10 total armour points.
Spearman has died in combat.

Knight with 28 health has a 22 total attack points, and attacks Raider with 4 health who has 13 total armour points.
Raider has died in combat.

Grunt with 12 health has a 17 total attack points, and attacks Knight with 54 health who has 13 total armour points.
Knight now has 50 health remaining

Raider with 70 health has a 22 total attack points, and attacks Knight with 21 health who has 13 total armour points.
Knight now has 12 health remaining

Ranged with 8 health has a 18 total attack points, and attacks Archer with 46 health who has 10 total armour points.
Archer now has 38 health remaining

Raider with 2 health has a 22 total attack points, and attacks Knight with 23 health who has 13 total armour points.
Knight now has 14 health remaining

Raider with 26 health has a 22 total attack points, and attacks Knight with 31 health who has 13 total armour points.
Knight now has 22 health remaining

Raider with 41 health has a 22 total attack points, and attacks Footman with 8 health who has 11 total armour points.
Footman has died in combat.

Raider with 29 health has a 22 total attack points, and attacks Footman with 29 health who has 11 total armour points.
Footman now has 18 health remaining

Raider with 35 health has a 22 total attack points, and attacks Archer with 16 health who has 10 total armour points.
Archer now has 4 health remaining

Ranged with 1 health has a 18 total attack points, and attacks Knight with 26 health who has 13 total armour points.
Knight now has 21 health remaining

Footman with 8 health has a 17 total attack points, and attacks Raider with 28 health who has 13 total armour points.
Raider now has 24 health remaining

Ranged with 47 health has a 18 total attack points, and attacks Knight with 5 health who has 13 total armour points.
Knight has died in combat.

Archer with 2 health has a 18 total attack points, and attacks Raider with 26 health who has 13 total armour points.
Raider now has 21 health remaining

Footman with 10 health has a 17 total attack points, and attacks Grunt with 14 health who has 11 total armour points.
Grunt now has 8 health remaining

Grunt with 32 health has a 17 total attack points, and attacks Knight with 63 health who has 13 total armour points.
Knight now has 59 health remaining

Knight with 41 health has a 22 total attack points, and attacks Raider with 33 health who has 13 total armour points.
Raider now has 24 health remaining

Raider with 30 health has a 22 total attack points, and attacks Archer with 18 health who has 10 total armour points.
Archer now has 6 health remaining

Ranged with 8 health has a 18 total attack points, and attacks Footman with 12 health who has 11 total armour points.
Footman now has 5 health remaining

Raider with 6 health has a 22 total attack points, and attacks Footman with 13 health who has 11 total armour points.
Footman now has 2 health remaining

Raider with 34 health has a 22 total attack points, and attacks Archer with 50 health who has 10 total armour points.
Archer now has 38 health remaining

Raider with 35 health has a 22 total attack points, and attacks Archer with 52 health who has 10 total armour points.
Archer now has 40 health remaining

Knight with 44 health has a 22 total attack points, and attacks Raider with 7 health who has 13 total armour points.
Raider has died in combat.

Knight with 36 health has a 22 total attack points, and attacks Raider with 7 health who has 13 total armour points.
Raider has died in combat.

Knight with 14 health has a 22 total attack points, and attacks Raider with 29 health who has 13 total armour points.
Raider now has 20 health remaining

Spearman with 40 health has a 18 total attack points, and attacks Archer with 3 health who has 10 total armour points.
Archer has died in combat.

Grunt with 6 health has a 17 total attack points, and attacks Knight with 36 health who has 13 total armour points.
Knight now has 32 health remaining

Raider with 3 health has a 22 total attack points, and attacks Knight with 31 health who has 13 total armour points.
Knight now has 22 health remaining

Raider with 30 health has a 22 total attack points, and attacks Knight with 28 health who has 13 total armour points.
Knight now has 19 health remaining

Archer with 37 health has a 18 total attack points, and attacks Ranged with 5 health who has 10 total armour points.
Ranged has died in combat.

Footman with 5 health has a 17 total attack points, and attacks Grunt with 18 health who has 11 total armour points.
Grunt now has 12 health remaining

Footman with 18 health has a 17 total attack points, and attacks Raider with 29 health who has 13 total armour points.
Raider now has 25 health remaining

Raider with 8 health has a 22 total attack points, and attacks Archer with 9 health who has 10 total armour points.
Archer has died in combat.

Knight with 14 health has a 22 total attack points, and attacks Raider with 6 health who has 13 total armour points.
Raider has died in combat.

Ranged with 6 health has a 18 total attack points, and attacks Archer with 34 health who has 10 total armour points.
Archer now has 26 health remaining

Grunt with 6 health has a 17 total attack points, and attacks Knight with 36 health who has 13 total armour points.
Knight now has 32 health remaining

Raider with 4 health has a 22 total attack points, and attacks Knight with 32 health who has 13 total armour points.
Knight now has 23 health remaining

Knight with 14 health has a 22 total attack points, and attacks Grunt with 24 health who has 11 total armour points.
Grunt now has 13 health remaining

Spearman with 18 health has a 18 total attack points, and attacks Knight with 44 health who has 13 total armour points.
Knight now has 39 health remaining

Archer with 43 health has a 18 total attack points, and attacks Raider with 37 health who has 13 total armour points.
Raider now has 32 health remaining

Raider with 12 health has a 22 total attack points, and attacks Knight with 3 health who has 13 total armour points.
Knight has died in combat.

Raider with 8 health has a 22 total attack points, and attacks Archer with 1 health who has 10 total armour points.
Archer has died in combat.

Footman with 23 health has a 17 total attack points, and attacks Grunt with 18 health who has 11 total armour points.
Grunt now has 12 health remaining

Knight with 4 health has a 22 total attack points, and attacks Spearman with 18 health who has 10 total armour points.
Spearman now has 6 health remaining

Ranged with 13 health has a 18 total attack points, and attacks Knight with 44 health who has 13 total armour points.
Knight now has 39 health remaining

Raider with 18 health has a 22 total attack points, and attacks Knight with 45 health who has 13 total armour points.
Knight now has 36 health remaining

Spearman with 40 health has a 18 total attack points, and attacks Knight with 31 health who has 13 total armour points.
Knight now has 26 health remaining

Archer with 12 health has a 18 total attack points, and attacks Raider with 6 health who has 13 total armour points.
Raider now has 1 health remaining

Raider with 23 health has a 22 total attack points, and attacks Knight with 28 health who has 13 total armour points.
Knight now has 19 health remaining

Raider with 4 health has a 22 total attack points, and attacks Knight with 7 health who has 13 total armour points.
Knight has died in combat.

Knight with 16 health has a 22 total attack points, and attacks Spearman with 11 health who has 10 total armour points.
Spearman has died in combat.

Knight with 25 health has a 22 total attack points, and attacks Raider with 24 health who has 13 total armour points.
Raider now has 15 health remaining

Knight with 36 health has a 22 total attack points, and attacks Grunt with 13 health who has 11 total armour points.
Grunt now has 2 health remaining

Archer with 22 health has a 18 total attack points, and attacks Ranged with 11 health who has 10 total armour points.
Ranged now has 3 health remaining

Knight with 21 health has a 22 total attack points, and attacks Raider with 34 health who has 13 total armour points.
Raider now has 25 health remaining

Raider with 14 health has a 22 total attack points, and attacks Archer with 43 health who has 10 total armour points.
Archer now has 31 health remaining

Raider with 19 health has a 22 total attack points, and attacks Archer with 32 health who has 10 total armour points.
Archer now has 20 health remaining

Archer with 21 health has a 18 total attack points, and attacks Gul´dan with 137 health who has 16 total armour points.
Gul´dan now has 135 health remaining

Raider with 11 health has a 22 total attack points, and attacks Footman with 29 health who has 11 total armour points.
Footman now has 18 health remaining

Footman with 33 health has a 17 total attack points, and attacks Raider with 46 health who has 13 total armour points.
Raider now has 42 health remaining

Raider with 11 health has a 22 total attack points, and attacks Footman with 5 health who has 11 total armour points.
Footman has died in combat.

Knight with 18 health has a 22 total attack points, and attacks Grunt with 22 health who has 11 total armour points.
Grunt now has 11 health remaining

Spearman with 1 health has a 18 total attack points, and attacks Knight with 54 health who has 13 total armour points.
Knight now has 49 health remaining

Knight with 42 health has a 22 total attack points, and attacks Spearman with 6 health who has 10 total armour points.
Spearman has died in combat.

Raider with 16 health has a 22 total attack points, and attacks Archer with 30 health who has 10 total armour points.
Archer now has 18 health remaining

Archer with 16 health has a 18 total attack points, and attacks Ranged with 14 health who has 10 total armour points.
Ranged now has 6 health remaining

Spearman with 36 health has a 18 total attack points, and attacks Archer with 10 health who has 10 total armour points.
Archer now has 2 health remaining

Spearman with 39 health has a 18 total attack points, and attacks Archer with 36 health who has 10 total armour points.
Archer now has 28 health remaining

Ranged with 29 health has a 18 total attack points, and attacks Footman with 60 health who has 11 total armour points.
Footman now has 53 health remaining

Grunt with 6 health has a 17 total attack points, and attacks Knight with 3 health who has 13 total armour points.
Knight has died in combat.

Footman with 18 health has a 17 total attack points, and attacks Raider with 70 health who has 13 total armour points.
Raider now has 66 health remaining

Spearman with 18 health has a 18 total attack points, and attacks Knight with 23 health who has 13 total armour points.
Knight now has 18 health remaining

Ranged with 31 health has a 18 total attack points, and attacks Archer with 8 health who has 10 total armour points.
Archer has died in combat.

Spearman with 40 health has a 18 total attack points, and attacks Knight with 32 health who has 13 total armour points.
Knight now has 27 health remaining

Spearman with 18 health has a 18 total attack points, and attacks Knight with 3 health who has 13 total armour points.
Knight has died in combat.

Footman with 14 health has a 17 total attack points, and attacks Spearman with 4 health who has 10 total armour points.
Spearman has died in combat.

Archer with 28 health has a 18 total attack points, and attacks Raider with 21 health who has 13 total armour points.
Raider now has 16 health remaining

Knight with 5 health has a 22 total attack points, and attacks Spearman with 36 health who has 10 total armour points.
Spearman now has 24 health remaining

Archer with 22 health has a 18 total attack points, and attacks Raider with 16 health who has 13 total armour points.
Raider now has 11 health remaining

Archer with 27 health has a 18 total attack points, and attacks Raider with 5 health who has 13 total armour points.
Raider has died in combat.

Raider with 26 health has a 22 total attack points, and attacks Archer with 26 health who has 10 total armour points.
Archer now has 14 health remaining

Knight with 26 health has a 22 total attack points, and attacks Raider with 19 health who has 13 total armour points.
Raider now has 10 health remaining

Ranged with 9 health has a 18 total attack points, and attacks Knight with 41 health who has 13 total armour points.
Knight now has 36 health remaining

Archer with 38 health has a 18 total attack points, and attacks Raider with 11 health who has 13 total armour points.
Raider now has 6 health remaining

Raider with 18 health has a 22 total attack points, and attacks Knight with 28 health who has 13 total armour points.
Knight now has 19 health remaining

Knight with 42 health has a 22 total attack points, and attacks Raider with 32 health who has 13 total armour points.
Raider now has 23 health remaining

Footman with 53 health has a 17 total attack points, and attacks Ranged with 2 health who has 10 total armour points.
Ranged has died in combat.

Raider with 51 health has a 22 total attack points, and attacks Archer with 16 health who has 10 total armour points.
Archer now has 4 health remaining

Knight with 32 health has a 22 total attack points, and attacks Raider with 25 health who has 13 total armour points.
Raider now has 16 health remaining

Raider with 23 health has a 22 total attack points, and attacks Knight with 41 health who has 13 total armour points.
Knight now has 32 health remaining

Raider with 30 health has a 22 total attack points, and attacks Knight with 39 health who has 13 total armour points.
Knight now has 30 health remaining

Raider with 18 health has a 22 total attack points, and attacks Knight with 36 health who has 13 total armour points.
Knight now has 27 health remaining

Raider with 32 health has a 22 total attack points, and attacks Archer with 8 health who has 10 total armour points.
Archer has died in combat.

Grunt with 12 health has a 17 total attack points, and attacks Footman with 53 health who has 11 total armour points.
Footman now has 47 health remaining

Archer with 13 health has a 18 total attack points, and attacks Grunt with 36 health who has 11 total armour points.
Grunt now has 29 health remaining

Grunt with 2 health has a 17 total attack points, and attacks Archer with 13 health who has 10 total armour points.
Archer now has 6 health remaining

Spearman with 1 health has a 18 total attack points, and attacks Footman with 29 health who has 11 total armour points.
Footman now has 22 health remaining

Spearman with 16 health has a 18 total attack points, and attacks Footman with 23 health who has 11 total armour points.
Footman now has 16 health remaining

Ranged with 6 health has a 18 total attack points, and attacks Knight with 19 health who has 13 total armour points.
Knight now has 14 health remaining

Grunt with 7 health has a 17 total attack points, and attacks Archer with 12 health who has 10 total armour points.
Archer now has 5 health remaining

Raider with 18 health has a 22 total attack points, and attacks Archer with 24 health who has 10 total armour points.
Archer now has 12 health remaining

Knight with 36 health has a 22 total attack points, and attacks Grunt with 11 health who has 11 total armour points.
Grunt has died in combat.

Raider with 41 health has a 22 total attack points, and attacks Archer with 22 health who has 10 total armour points.
Archer now has 10 health remaining

Raider with 29 health has a 22 total attack points, and attacks Archer with 38 health who has 10 total armour points.
Archer now has 26 health remaining

Archer with 43 health has a 18 total attack points, and attacks Ranged with 31 health who has 10 total armour points.
Ranged now has 23 health remaining

Footman with 2 health has a 17 total attack points, and attacks Raider with 1 health who has 13 total armour points.
Raider has died in combat.

Ranged with 23 health has a 18 total attack points, and attacks Knight with 14 health who has 13 total armour points.
Knight now has 9 health remaining

Raider with 2 health has a 22 total attack points, and attacks Knight with 9 health who has 13 total armour points.
Knight has died in combat.

Raider with 41 health has a 22 total attack points, and attacks Footman with 8 health who has 11 total armour points.
Footman has died in combat.

Archer with 5 health has a 18 total attack points, and attacks Ranged with 8 health who has 10 total armour points.
Ranged has died in combat.

Knight with 12 health has a 22 total attack points, and attacks Raider with 16 health who has 13 total armour points.
Raider now has 7 health remaining

Spearman with 1 health has a 18 total attack points, and attacks Archer with 2 health who has 10 total armour points.
Archer has died in combat.

Raider with 8 health has a 22 total attack points, and attacks Knight with 25 health who has 13 total armour points.
Knight now has 16 health remaining

Knight with 12 health has a 22 total attack points, and attacks Raider with 7 health who has 13 total armour points.
Raider has died in combat.

Spearman with 39 health has a 18 total attack points, and attacks Footman with 14 health who has 11 total armour points.
Footman now has 7 health remaining

Raider with 34 health has a 22 total attack points, and attacks Archer with 28 health who has 10 total armour points.
Archer now has 16 health remaining

Knight with 32 health has a 22 total attack points, and attacks Grunt with 1 health who has 11 total armour points.
Grunt has died in combat.

Raider with 41 health has a 22 total attack points, and attacks Archer with 6 health who has 10 total armour points.
Archer has died in combat.

Footman with 4 health has a 17 total attack points, and attacks Raider with 6 health who has 13 total armour points.
Raider now has 2 health remaining

Raider with 16 health has a 22 total attack points, and attacks Archer with 5 health who has 10 total armour points.
Archer has died in combat.

Raider with 29 health has a 22 total attack points, and attacks Footman with 2 health who has 11 total armour points.
Footman has died in combat.

Footman with 18 health has a 17 total attack points, and attacks Raider with 21 health who has 13 total armour points.
Raider now has 17 health remaining

Raider with 16 health has a 22 total attack points, and attacks Knight with 19 health who has 13 total armour points.
Knight now has 10 health remaining

Archer with 17 health has a 18 total attack points, and attacks Raider with 12 health who has 13 total armour points.
Raider now has 7 health remaining

Archer with 10 health has a 18 total attack points, and attacks Raider with 2 health who has 13 total armour points.
Raider has died in combat.

Knight with 16 health has a 22 total attack points, and attacks Grunt with 12 health who has 11 total armour points.
Grunt now has 1 health remaining

Footman with 18 health has a 17 total attack points, and attacks Raider with 29 health who has 13 total armour points.
Raider now has 25 health remaining

Archer with 45 health has a 18 total attack points, and attacks Grunt with 13 health who has 11 total armour points.
Grunt now has 6 health remaining

Raider with 21 health has a 22 total attack points, and attacks Archer with 21 health who has 10 total armour points.
Archer now has 9 health remaining

Gul´dan with 135 health has a 27 total attack points, and attacks Footman with 9 health who has 11 total armour points.
Footman has died in combat.

Raider with 15 health has a 22 total attack points, and attacks Archer with 28 health who has 10 total armour points.
Archer now has 16 health remaining

Raider with 16 health has a 22 total attack points, and attacks Knight with 43 health who has 13 total armour points.
Knight now has 34 health remaining

Footman with 4 health has a 17 total attack points, and attacks Raider with 48 health who has 13 total armour points.
Raider now has 44 health remaining

Grunt with 29 health has a 17 total attack points, and attacks Knight with 27 health who has 13 total armour points.
Knight now has 23 health remaining

Footman with 16 health has a 17 total attack points, and attacks Ranged with 31 health who has 10 total armour points.
Ranged now has 24 health remaining

Raider with 8 health has a 22 total attack points, and attacks Knight with 35 health who has 13 total armour points.
Knight now has 26 health remaining

Raider with 25 health has a 22 total attack points, and attacks Archer with 12 health who has 10 total armour points.
Archer has died in combat.

Raider with 8 health has a 22 total attack points, and attacks Knight with 14 health who has 13 total armour points.
Knight now has 5 health remaining

Knight with 23 health has a 22 total attack points, and attacks Raider with 30 health who has 13 total armour points.
Raider now has 21 health remaining

Raider with 13 health has a 22 total attack points, and attacks Archer with 4 health who has 10 total armour points.
Archer has died in combat.

Raider with 23 health has a 22 total attack points, and attacks Knight with 26 health who has 13 total armour points.
Knight now has 17 health remaining

Knight with 19 health has a 22 total attack points, and attacks Raider with 34 health who has 13 total armour points.
Raider now has 25 health remaining

Footman with 22 health has a 17 total attack points, and attacks Ranged with 12 health who has 10 total armour points.
Ranged now has 5 health remaining

Spearman with 39 health has a 18 total attack points, and attacks Knight with 45 health who has 13 total armour points.
Knight now has 40 health remaining

Footman with 1 health has a 17 total attack points, and attacks Raider with 26 health who has 13 total armour points.
Raider now has 22 health remaining

Spearman with 11 health has a 18 total attack points, and attacks Knight with 50 health who has 13 total armour points.
Knight now has 45 health remaining

Raider with 44 health has a 22 total attack points, and attacks Knight with 39 health who has 13 total armour points.
Knight now has 30 health remaining

Knight with 9 health has a 22 total attack points, and attacks Spearman with 3 health who has 10 total armour points.
Spearman has died in combat.

Ranged with 3 health has a 18 total attack points, and attacks Knight with 36 health who has 13 total armour points.
Knight now has 31 health remaining

Raider with 12 health has a 22 total attack points, and attacks Knight with 32 health who has 13 total armour points.
Knight now has 23 health remaining

Knight with 16 health has a 22 total attack points, and attacks Grunt with 12 health who has 11 total armour points.
Grunt now has 1 health remaining

Raider with 32 health has a 22 total attack points, and attacks Archer with 20 health who has 10 total armour points.
Archer now has 8 health remaining

Spearman with 23 health has a 18 total attack points, and attacks Archer with 4 health who has 10 total armour points.
Archer has died in combat.

Archer with 27 health has a 18 total attack points, and attacks Grunt with 7 health who has 11 total armour points.
Grunt has died in combat.

Ranged with 3 health has a 18 total attack points, and attacks Archer with 26 health who has 10 total armour points.
Archer now has 18 health remaining

Archer with 2 health has a 18 total attack points, and attacks Spearman with 39 health who has 10 total armour points.
Spearman now has 31 health remaining

Knight with 51 health has a 22 total attack points, and attacks Grunt with 8 health who has 11 total armour points.
Grunt has died in combat.

Ranged with 9 health has a 18 total attack points, and attacks Footman with 10 health who has 11 total armour points.
Footman now has 3 health remaining

Knight with 14 health has a 22 total attack points, and attacks Raider with 25 health who has 13 total armour points.
Raider now has 16 health remaining

Footman with 18 health has a 17 total attack points, and attacks Raider with 2 health who has 13 total armour points.
Raider has died in combat.

Raider with 20 health has a 22 total attack points, and attacks Archer with 38 health who has 10 total armour points.
Archer now has 26 health remaining

Raider with 9 health has a 22 total attack points, and attacks Archer with 17 health who has 10 total armour points.
Archer now has 5 health remaining

Footman with 9 health has a 17 total attack points, and attacks Grunt with 32 health who has 11 total armour points.
Grunt now has 26 health remaining

Archer with 8 health has a 18 total attack points, and attacks Raider with 37 health who has 13 total armour points.
Raider now has 32 health remaining

Footman with 5 health has a 17 total attack points, and attacks Raider with 54 health who has 13 total armour points.
Raider now has 50 health remaining

Grunt with 6 health has a 17 total attack points, and attacks Archer with 33 health who has 10 total armour points.
Archer now has 26 health remaining

Footman with 10 health has a 17 total attack points, and attacks Raider with 35 health who has 13 total armour points.
Raider now has 31 health remaining

Knight with 12 health has a 22 total attack points, and attacks Raider with 23 health who has 13 total armour points.
Raider now has 14 health remaining

Raider with 46 health has a 22 total attack points, and attacks Footman with 4 health who has 11 total armour points.
Footman has died in combat.

Raider with 17 health has a 22 total attack points, and attacks Archer with 10 health who has 10 total armour points.
Archer has died in combat.

Ranged with 19 health has a 18 total attack points, and attacks Knight with 40 health who has 13 total armour points.
Knight now has 35 health remaining

Raider with 32 health has a 22 total attack points, and attacks Footman with 53 health who has 11 total armour points.
Footman now has 42 health remaining

Raider with 32 health has a 22 total attack points, and attacks Footman with 8 health who has 11 total armour points.
Footman has died in combat.

Raider with 25 health has a 22 total attack points, and attacks Archer with 26 health who has 10 total armour points.
Archer now has 14 health remaining

Footman with 23 health has a 17 total attack points, and attacks Spearman with 11 health who has 10 total armour points.
Spearman now has 4 health remaining

Raider with 4 health has a 22 total attack points, and attacks Knight with 33 health who has 13 total armour points.
Knight now has 24 health remaining

Raider with 8 health has a 22 total attack points, and attacks Knight with 5 health who has 13 total armour points.
Knight has died in combat.

Knight with 17 health has a 22 total attack points, and attacks Grunt with 14 health who has 11 total armour points.
Grunt now has 3 health remaining

Archer with 1 health has a 18 total attack points, and attacks Raider with 17 health who has 13 total armour points.
Raider now has 12 health remaining

Grunt with 3 health has a 17 total attack points, and attacks Archer with 5 health who has 10 total armour points.
Archer has died in combat.

Grunt with 12 health has a 17 total attack points, and attacks Knight with 16 health who has 13 total armour points.
Knight now has 12 health remaining

Spearman with 1 health has a 18 total attack points, and attacks Knight with 27 health who has 13 total armour points.
Knight now has 22 health remaining

Ranged with 36 health has a 18 total attack points, and attacks Archer with 8 health who has 10 total armour points.
Archer has died in combat.

Footman with 11 health has a 17 total attack points, and attacks Grunt with 10 health who has 11 total armour points.
Grunt now has 4 health remaining

Raider with 16 health has a 22 total attack points, and attacks Knight with 7 health who has 13 total armour points.
Knight has died in combat.

Ranged with 32 health has a 18 total attack points, and attacks Knight with 13 health who has 13 total armour points.
Knight now has 8 health remaining

Archer with 18 health has a 18 total attack points, and attacks Grunt with 1 health who has 11 total armour points.
Grunt has died in combat.

Archer with 31 health has a 18 total attack points, and attacks Ranged with 6 health who has 10 total armour points.
Ranged has died in combat.

Ranged with 19 health has a 18 total attack points, and attacks Archer with 43 health who has 10 total armour points.
Archer now has 35 health remaining

Archer with 14 health has a 18 total attack points, and attacks Raider with 10 health who has 13 total armour points.
Raider now has 5 health remaining

Footman with 23 health has a 17 total attack points, and attacks Grunt with 26 health who has 11 total armour points.
Grunt now has 20 health remaining

Knight with 18 health has a 22 total attack points, and attacks Raider with 7 health who has 13 total armour points.
Raider has died in combat.

Knight with 23 health has a 22 total attack points, and attacks Raider with 18 health who has 13 total armour points.
Raider now has 9 health remaining

Knight with 17 health has a 22 total attack points, and attacks Grunt with 6 health who has 11 total armour points.
Grunt has died in combat.

Knight with 3 health has a 22 total attack points, and attacks Raider with 18 health who has 13 total armour points.
Raider now has 9 health remaining

Raider with 14 health has a 22 total attack points, and attacks Knight with 16 health who has 13 total armour points.
Knight now has 7 health remaining

Archer with 16 health has a 18 total attack points, and attacks Grunt with 4 health who has 11 total armour points.
Grunt has died in combat.

Grunt with 15 health has a 17 total attack points, and attacks Footman with 42 health who has 11 total armour points.
Footman now has 36 health remaining

Knight with 27 health has a 22 total attack points, and attacks Raider with 14 health who has 13 total armour points.
Raider now has 5 health remaining

Footman with 33 health has a 17 total attack points, and attacks Raider with 23 health who has 13 total armour points.
Raider now has 19 health remaining

Archer with 1 health has a 18 total attack points, and attacks Ranged with 6 health who has 10 total armour points.
Ranged has died in combat.

Footman with 18 health has a 17 total attack points, and attacks Raider with 19 health who has 13 total armour points.
Raider now has 15 health remaining

Grunt with 4 health has a 17 total attack points, and attacks Archer with 27 health who has 10 total armour points.
Archer now has 20 health remaining

Knight with 59 health has a 22 total attack points, and attacks Spearman with 12 health who has 10 total armour points.
Spearman has died in combat.

Raider with 50 health has a 22 total attack points, and attacks Knight with 26 health who has 13 total armour points.
Knight now has 17 health remaining

Knight with 26 health has a 22 total attack points, and attacks Ranged with 23 health who has 10 total armour points.
Ranged now has 11 health remaining

Knight with 5 health has a 22 total attack points, and attacks Raider with 11 health who has 13 total armour points.
Raider now has 2 health remaining

Raider with 26 health has a 22 total attack points, and attacks Archer with 20 health who has 10 total armour points.
Archer now has 8 health remaining

Mountain King with 116 health has a 27 total attack points, and attacks Raider with 15 health who has 13 total armour points.
Raider now has 1 health remaining

Knight with 49 health has a 22 total attack points, and attacks Raider with 23 health who has 13 total armour points.
Raider now has 14 health remaining

Knight with 22 health has a 22 total attack points, and attacks Raider with 10 health who has 13 total armour points.
Raider now has 1 health remaining

Knight with 18 health has a 22 total attack points, and attacks Grunt with 12 health who has 11 total armour points.
Grunt now has 1 health remaining

Raider with 16 health has a 22 total attack points, and attacks Archer with 1 health who has 10 total armour points.
Archer has died in combat.

Raider with 2 health has a 22 total attack points, and attacks Knight with 51 health who has 13 total armour points.
Knight now has 42 health remaining

Grunt with 29 health has a 17 total attack points, and attacks Knight with 8 health who has 13 total armour points.
Knight now has 4 health remaining

Ranged with 11 health has a 18 total attack points, and attacks Knight with 22 health who has 13 total armour points.
Knight now has 17 health remaining

Raider with 12 health has a 22 total attack points, and attacks Knight with 31 health who has 13 total armour points.
Knight now has 22 health remaining

Spearman with 31 health has a 18 total attack points, and attacks Footman with 33 health who has 11 total armour points.
Footman now has 26 health remaining

Knight with 10 health has a 22 total attack points, and attacks Ranged with 36 health who has 10 total armour points.
Ranged now has 24 health remaining

Footman with 5 health has a 17 total attack points, and attacks Raider with 25 health who has 13 total armour points.
Raider now has 21 health remaining

Knight with 42 health has a 22 total attack points, and attacks Raider with 4 health who has 13 total armour points.
Raider has died in combat.

Raider with 9 health has a 22 total attack points, and attacks Archer with 6 health who has 10 total armour points.
Archer has died in combat.

Footman with 10 health has a 17 total attack points, and attacks Ranged with 24 health who has 10 total armour points.
Ranged now has 17 health remaining

Archer with 5 health has a 18 total attack points, and attacks Raider with 16 health who has 13 total armour points.
Raider now has 11 health remaining

Gul´dan with 135 health has a 27 total attack points, and attacks Footman with 15 health who has 11 total armour points.
Footman has died in combat.

Raider with 41 health has a 22 total attack points, and attacks Knight with 42 health who has 13 total armour points.
Knight now has 33 health remaining

Spearman with 31 health has a 18 total attack points, and attacks Knight with 21 health who has 13 total armour points.
Knight now has 16 health remaining

Knight with 34 health has a 22 total attack points, and attacks Ranged with 47 health who has 10 total armour points.
Ranged now has 35 health remaining

Raider with 8 health has a 22 total attack points, and attacks Archer with 7 health who has 10 total armour points.
Archer has died in combat.

Knight with 23 health has a 22 total attack points, and attacks Ranged with 32 health who has 10 total armour points.
Ranged now has 20 health remaining

Archer with 45 health has a 18 total attack points, and attacks Ranged with 24 health who has 10 total armour points.
Ranged now has 16 health remaining

Raider with 25 health has a 22 total attack points, and attacks Knight with 22 health who has 13 total armour points.
Knight now has 13 health remaining

Knight with 11 health has a 22 total attack points, and attacks Spearman with 40 health who has 10 total armour points.
Spearman now has 28 health remaining

Knight with 59 health has a 22 total attack points, and attacks Grunt with 3 health who has 11 total armour points.
Grunt has died in combat.

Raider with 9 health has a 22 total attack points, and attacks Archer with 13 health who has 10 total armour points.
Archer now has 1 health remaining

Raider with 9 health has a 22 total attack points, and attacks Knight with 32 health who has 13 total armour points.
Knight now has 23 health remaining

Archer with 2 health has a 18 total attack points, and attacks Raider with 51 health who has 13 total armour points.
Raider now has 46 health remaining

Knight with 42 health has a 22 total attack points, and attacks Spearman with 24 health who has 10 total armour points.
Spearman now has 12 health remaining

Knight with 16 health has a 22 total attack points, and attacks Raider with 1 health who has 13 total armour points.
Raider has died in combat.

Knight with 3 health has a 22 total attack points, and attacks Raider with 16 health who has 13 total armour points.
Raider now has 7 health remaining

Knight with 18 health has a 22 total attack points, and attacks Raider with 3 health who has 13 total armour points.
Raider has died in combat.

Knight with 18 health has a 22 total attack points, and attacks Raider with 11 health who has 13 total armour points.
Raider now has 2 health remaining

Knight with 3 health has a 22 total attack points, and attacks Spearman with 1 health who has 10 total armour points.
Spearman has died in combat.

Ranged with 17 health has a 18 total attack points, and attacks Knight with 27 health who has 13 total armour points.
Knight now has 22 health remaining

Raider with 12 health has a 22 total attack points, and attacks Knight with 50 health who has 13 total armour points.
Knight now has 41 health remaining

Knight with 26 health has a 22 total attack points, and attacks Grunt with 4 health who has 11 total armour points.
Grunt has died in combat.

Raider with 24 health has a 22 total attack points, and attacks Archer with 8 health who has 10 total armour points.
Archer has died in combat.

Grunt with 20 health has a 17 total attack points, and attacks Knight with 16 health who has 13 total armour points.
Knight now has 12 health remaining

Knight with 9 health has a 22 total attack points, and attacks Spearman with 16 health who has 10 total armour points.
Spearman now has 4 health remaining

Raider with 15 health has a 22 total attack points, and attacks Footman with 36 health who has 11 total armour points.
Footman now has 25 health remaining

Knight with 13 health has a 22 total attack points, and attacks Raider with 14 health who has 13 total armour points.
Raider now has 5 health remaining

Raider with 1 health has a 22 total attack points, and attacks Archer with 1 health who has 10 total armour points.
Archer has died in combat.

Spearman with 18 health has a 18 total attack points, and attacks Knight with 26 health who has 13 total armour points.
Knight now has 21 health remaining

Grunt with 29 health has a 17 total attack points, and attacks Archer with 2 health who has 10 total armour points.
Archer has died in combat.

Knight with 26 health has a 22 total attack points, and attacks Raider with 12 health who has 13 total armour points.
Raider now has 3 health remaining

Archer with 44 health has a 18 total attack points, and attacks Raider with 18 health who has 13 total armour points.
Raider now has 13 health remaining

Grunt with 4 health has a 17 total attack points, and attacks Knight with 7 health who has 13 total armour points.
Knight now has 3 health remaining

Ranged with 16 health has a 18 total attack points, and attacks Archer with 1 health who has 10 total armour points.
Archer has died in combat.

Knight with 16 health has a 22 total attack points, and attacks Raider with 8 health who has 13 total armour points.
Raider has died in combat.

Raider with 46 health has a 22 total attack points, and attacks Archer with 40 health who has 10 total armour points.
Archer now has 28 health remaining

Raider with 5 health has a 22 total attack points, and attacks Archer with 5 health who has 10 total armour points.
Archer has died in combat.

Raider with 3 health has a 22 total attack points, and attacks Knight with 4 health who has 13 total armour points.
Knight has died in combat.

Knight with 12 health has a 22 total attack points, and attacks Raider with 14 health who has 13 total armour points.
Raider now has 5 health remaining

Archer with 5 health has a 18 total attack points, and attacks Grunt with 2 health who has 11 total armour points.
Grunt has died in combat.

Archer with 9 health has a 18 total attack points, and attacks Spearman with 4 health who has 10 total armour points.
Spearman has died in combat.

Raider with 14 health has a 22 total attack points, and attacks Knight with 22 health who has 13 total armour points.
Knight now has 13 health remaining

Footman with 10 health has a 17 total attack points, and attacks Raider with 25 health who has 13 total armour points.
Raider now has 21 health remaining

Ranged with 11 health has a 18 total attack points, and attacks Footman with 23 health who has 11 total armour points.
Footman now has 16 health remaining

Ranged with 4 health has a 18 total attack points, and attacks Archer with 2 health who has 10 total armour points.
Archer has died in combat.

Footman with 16 health has a 17 total attack points, and attacks Raider with 44 health who has 13 total armour points.
Raider now has 40 health remaining

Knight with 23 health has a 22 total attack points, and attacks Raider with 12 health who has 13 total armour points.
Raider now has 3 health remaining

Knight with 23 health has a 22 total attack points, and attacks Raider with 31 health who has 13 total armour points.
Raider now has 22 health remaining

Archer with 31 health has a 18 total attack points, and attacks Raider with 25 health who has 13 total armour points.
Raider now has 20 health remaining

Archer with 16 health has a 18 total attack points, and attacks Grunt with 20 health who has 11 total armour points.
Grunt now has 13 health remaining

Archer with 5 health has a 18 total attack points, and attacks Ranged with 20 health who has 10 total armour points.
Ranged now has 12 health remaining

Knight with 27 health has a 22 total attack points, and attacks Raider with 18 health who has 13 total armour points.
Raider now has 9 health remaining

Spearman with 4 health has a 18 total attack points, and attacks Archer with 14 health who has 10 total armour points.
Archer now has 6 health remaining

Knight with 16 health has a 22 total attack points, and attacks Raider with 66 health who has 13 total armour points.
Raider now has 57 health remaining

Raider with 6 health has a 22 total attack points, and attacks Knight with 41 health who has 13 total armour points.
Knight now has 32 health remaining

Knight with 22 health has a 22 total attack points, and attacks Raider with 9 health who has 13 total armour points.
Raider has died in combat.

Knight with 21 health has a 22 total attack points, and attacks Raider with 2 health who has 13 total armour points.
Raider has died in combat.

Ranged with 17 health has a 18 total attack points, and attacks Knight with 59 health who has 13 total armour points.
Knight now has 54 health remaining

Raider with 21 health has a 22 total attack points, and attacks Footman with 18 health who has 11 total armour points.
Footman now has 7 health remaining

Ranged with 10 health has a 18 total attack points, and attacks Knight with 21 health who has 13 total armour points.
Knight now has 16 health remaining

Knight with 23 health has a 22 total attack points, and attacks Raider with 22 health who has 13 total armour points.
Raider now has 13 health remaining

Spearman with 13 health has a 18 total attack points, and attacks Archer with 14 health who has 10 total armour points.
Archer now has 6 health remaining

Spearman with 12 health has a 18 total attack points, and attacks Knight with 18 health who has 13 total armour points.
Knight now has 13 health remaining

Raider with 32 health has a 22 total attack points, and attacks Footman with 18 health who has 11 total armour points.
Footman now has 7 health remaining

Footman with 1 health has a 17 total attack points, and attacks Raider with 14 health who has 13 total armour points.
Raider now has 10 health remaining

Knight with 49 health has a 22 total attack points, and attacks Spearman with 23 health who has 10 total armour points.
Spearman now has 11 health remaining

Archer with 9 health has a 18 total attack points, and attacks Raider with 6 health who has 13 total armour points.
Raider now has 1 health remaining

Raider with 24 health has a 22 total attack points, and attacks Archer with 4 health who has 10 total armour points.
Archer has died in combat.

Knight with 14 health has a 22 total attack points, and attacks Raider with 50 health who has 13 total armour points.
Raider now has 41 health remaining

Raider with 21 health has a 22 total attack points, and attacks Footman with 5 health who has 11 total armour points.
Footman has died in combat.

Knight with 34 health has a 22 total attack points, and attacks Ranged with 17 health who has 10 total armour points.
Ranged now has 5 health remaining

Knight with 10 health has a 22 total attack points, and attacks Raider with 16 health who has 13 total armour points.
Raider now has 7 health remaining

Ranged with 12 health has a 18 total attack points, and attacks Footman with 9 health who has 11 total armour points.
Footman now has 2 health remaining

Footman with 2 health has a 17 total attack points, and attacks Raider with 22 health who has 13 total armour points.
Raider now has 18 health remaining

Footman with 7 health has a 17 total attack points, and attacks Ranged with 10 health who has 10 total armour points.
Ranged now has 3 health remaining

Knight with 16 health has a 22 total attack points, and attacks Raider with 14 health who has 13 total armour points.
Raider now has 5 health remaining

Knight with 27 health has a 22 total attack points, and attacks Raider with 1 health who has 13 total armour points.
Raider has died in combat.

Raider with 9 health has a 22 total attack points, and attacks Knight with 14 health who has 13 total armour points.
Knight now has 5 health remaining

Raider with 32 health has a 22 total attack points, and attacks Knight with 3 health who has 13 total armour points.
Knight has died in combat.

Knight with 26 health has a 22 total attack points, and attacks Spearman with 28 health who has 10 total armour points.
Spearman now has 16 health remaining

Raider with 5 health has a 22 total attack points, and attacks Knight with 13 health who has 13 total armour points.
Knight now has 4 health remaining

Ranged with 12 health has a 18 total attack points, and attacks Footman with 16 health who has 11 total armour points.
Footman now has 9 health remaining

Ranged with 3 health has a 18 total attack points, and attacks Archer with 26 health who has 10 total armour points.
Archer now has 18 health remaining

Raider with 46 health has a 22 total attack points, and attacks Knight with 26 health who has 13 total armour points.
Knight now has 17 health remaining

Spearman with 12 health has a 18 total attack points, and attacks Archer with 35 health who has 10 total armour points.
Archer now has 27 health remaining

Grunt with 6 health has a 17 total attack points, and attacks Knight with 27 health who has 13 total armour points.
Knight now has 23 health remaining

Footman with 5 health has a 17 total attack points, and attacks Spearman with 31 health who has 10 total armour points.
Spearman now has 24 health remaining

Ranged with 9 health has a 18 total attack points, and attacks Knight with 8 health who has 13 total armour points.
Knight now has 3 health remaining

Raider with 1 health has a 22 total attack points, and attacks Archer with 31 health who has 10 total armour points.
Archer now has 19 health remaining

Ranged with 5 health has a 18 total attack points, and attacks Archer with 5 health who has 10 total armour points.
Archer has died in combat.

Raider with 41 health has a 22 total attack points, and attacks Archer with 19 health who has 10 total armour points.
Archer now has 7 health remaining

Knight with 4 health has a 22 total attack points, and attacks Raider with 5 health who has 13 total armour points.
Raider has died in combat.

Footman with 3 health has a 17 total attack points, and attacks Ranged with 5 health who has 10 total armour points.
Ranged has died in combat.

Spearman with 18 health has a 18 total attack points, and attacks Knight with 22 health who has 13 total armour points.
Knight now has 17 health remaining

Knight with 35 health has a 22 total attack points, and attacks Raider with 13 health who has 13 total armour points.
Raider now has 4 health remaining

Raider with 41 health has a 22 total attack points, and attacks Knight with 11 health who has 13 total armour points.
Knight now has 2 health remaining

Raider with 21 health has a 22 total attack points, and attacks Archer with 26 health who has 10 total armour points.
Archer now has 14 health remaining

Raider with 21 health has a 22 total attack points, and attacks Archer with 18 health who has 10 total armour points.
Archer now has 6 health remaining

Raider with 13 health has a 22 total attack points, and attacks Archer with 6 health who has 10 total armour points.
Archer has died in combat.

Knight with 25 health has a 22 total attack points, and attacks Ranged with 1 health who has 10 total armour points.
Ranged has died in combat.

Raider with 20 health has a 22 total attack points, and attacks Knight with 17 health who has 13 total armour points.
Knight now has 8 health remaining

Raider with 10 health has a 22 total attack points, and attacks Knight with 12 health who has 13 total armour points.
Knight now has 3 health remaining

Spearman with 18 health has a 18 total attack points, and attacks Knight with 23 health who has 13 total armour points.
Knight now has 18 health remaining

Spearman with 24 health has a 18 total attack points, and attacks Knight with 14 health who has 13 total armour points.
Knight now has 9 health remaining

Knight with 4 health has a 22 total attack points, and attacks Raider with 7 health who has 13 total armour points.
Raider has died in combat.

Footman with 16 health has a 17 total attack points, and attacks Ranged with 11 health who has 10 total armour points.
Ranged now has 4 health remaining

Raider with 5 health has a 22 total attack points, and attacks Archer with 16 health who has 10 total armour points.
Archer now has 4 health remaining

Knight with 42 health has a 22 total attack points, and attacks Raider with 5 health who has 13 total armour points.
Raider has died in combat.

Grunt with 29 health has a 17 total attack points, and attacks Knight with 23 health who has 13 total armour points.
Knight now has 19 health remaining

Archer with 27 health has a 18 total attack points, and attacks Grunt with 1 health who has 11 total armour points.
Grunt has died in combat.

Knight with 9 health has a 22 total attack points, and attacks Spearman with 4 health who has 10 total armour points.
Spearman has died in combat.

Ranged with 5 health has a 18 total attack points, and attacks Footman with 2 health who has 11 total armour points.
Footman has died in combat.

Raider with 4 health has a 22 total attack points, and attacks Archer with 18 health who has 10 total armour points.
Archer now has 6 health remaining

Knight with 17 health has a 22 total attack points, and attacks Ranged with 11 health who has 10 total armour points.
Ranged has died in combat.

Knight with 33 health has a 22 total attack points, and attacks Raider with 21 health who has 13 total armour points.
Raider now has 12 health remaining

Spearman with 18 health has a 18 total attack points, and attacks Footman with 22 health who has 11 total armour points.
Footman now has 15 health remaining

Grunt with 6 health has a 17 total attack points, and attacks Archer with 6 health who has 10 total armour points.
Archer has died in combat.

Raider with 32 health has a 22 total attack points, and attacks Footman with 16 health who has 11 total armour points.
Footman now has 5 health remaining

Raider with 18 health has a 22 total attack points, and attacks Knight with 49 health who has 13 total armour points.
Knight now has 40 health remaining

Raider with 1 health has a 22 total attack points, and attacks Archer with 28 health who has 10 total armour points.
Archer now has 16 health remaining

Knight with 13 health has a 22 total attack points, and attacks Raider with 12 health who has 13 total armour points.
Raider now has 3 health remaining

Footman with 1 health has a 17 total attack points, and attacks Raider with 42 health who has 13 total armour points.
Raider now has 38 health remaining

Raider with 5 health has a 22 total attack points, and attacks Knight with 13 health who has 13 total armour points.
Knight now has 4 health remaining

Raider with 11 health has a 22 total attack points, and attacks Footman with 5 health who has 11 total armour points.
Footman has died in combat.

Raider with 22 health has a 22 total attack points, and attacks Archer with 16 health who has 10 total armour points.
Archer now has 4 health remaining

Ranged with 5 health has a 18 total attack points, and attacks Knight with 16 health who has 13 total armour points.
Knight now has 11 health remaining

Archer with 6 health has a 18 total attack points, and attacks Raider with 15 health who has 13 total armour points.
Raider now has 10 health remaining

Knight with 23 health has a 22 total attack points, and attacks Ranged with 6 health who has 10 total armour points.
Ranged has died in combat.

Raider with 10 health has a 22 total attack points, and attacks Knight with 23 health who has 13 total armour points.
Knight now has 14 health remaining

Grunt with 29 health has a 17 total attack points, and attacks Footman with 7 health who has 11 total armour points.
Footman now has 1 health remaining

Archer with 6 health has a 18 total attack points, and attacks Raider with 13 health who has 13 total armour points.
Raider now has 8 health remaining

Knight with 27 health has a 22 total attack points, and attacks Raider with 18 health who has 13 total armour points.
Raider now has 9 health remaining

Footman with 11 health has a 17 total attack points, and attacks Grunt with 6 health who has 11 total armour points.
Grunt has died in combat.

Raider with 2 health has a 22 total attack points, and attacks Knight with 3 health who has 13 total armour points.
Knight has died in combat.

Raider with 9 health has a 22 total attack points, and attacks Knight with 17 health who has 13 total armour points.
Knight now has 8 health remaining

Raider with 5 health has a 22 total attack points, and attacks Knight with 22 health who has 13 total armour points.
Knight now has 13 health remaining

Footman with 11 health has a 17 total attack points, and attacks Grunt with 13 health who has 11 total armour points.
Grunt now has 7 health remaining

Raider with 22 health has a 22 total attack points, and attacks Footman with 3 health who has 11 total armour points.
Footman has died in combat.

Archer with 6 health has a 18 total attack points, and attacks Raider with 9 health who has 13 total armour points.
Raider now has 4 health remaining

Raider with 2 health has a 22 total attack points, and attacks Knight with 27 health who has 13 total armour points.
Knight now has 18 health remaining

Raider with 9 health has a 22 total attack points, and attacks Knight with 36 health who has 13 total armour points.
Knight now has 27 health remaining

Knight with 24 health has a 22 total attack points, and attacks Raider with 2 health who has 13 total armour points.
Raider has died in combat.

Ranged with 35 health has a 18 total attack points, and attacks Knight with 35 health who has 13 total armour points.
Knight now has 30 health remaining

Raider with 20 health has a 22 total attack points, and attacks Knight with 34 health who has 13 total armour points.
Knight now has 25 health remaining

Raider with 26 health has a 22 total attack points, and attacks Footman with 26 health who has 11 total armour points.
Footman now has 15 health remaining

Knight with 9 health has a 22 total attack points, and attacks Raider with 10 health who has 13 total armour points.
Raider now has 1 health remaining

Ranged with 4 health has a 18 total attack points, and attacks Knight with 14 health who has 13 total armour points.
Knight now has 9 health remaining

Raider with 8 health has a 22 total attack points, and attacks Footman with 15 health who has 11 total armour points.
Footman now has 4 health remaining

Ranged with 8 health has a 18 total attack points, and attacks Archer with 4 health who has 10 total armour points.
Archer has died in combat.

Knight with 12 health has a 22 total attack points, and attacks Raider with 22 health who has 13 total armour points.
Raider now has 13 health remaining

Footman with 18 health has a 17 total attack points, and attacks Raider with 9 health who has 13 total armour points.
Raider now has 5 health remaining

Raider with 4 health has a 22 total attack points, and attacks Knight with 30 health who has 13 total armour points.
Knight now has 21 health remaining

Raider with 3 health has a 22 total attack points, and attacks Knight with 30 health who has 13 total armour points.
Knight now has 21 health remaining

Raider with 21 health has a 22 total attack points, and attacks Archer with 7 health who has 10 total armour points.
Archer has died in combat.

Knight with 16 health has a 22 total attack points, and attacks Raider with 15 health who has 13 total armour points.
Raider now has 6 health remaining

Knight with 21 health has a 22 total attack points, and attacks Ranged with 3 health who has 10 total armour points.
Ranged has died in combat.

Raider with 5 health has a 22 total attack points, and attacks Knight with 24 health who has 13 total armour points.
Knight now has 15 health remaining

Archer with 18 health has a 18 total attack points, and attacks Grunt with 4 health who has 11 total armour points.
Grunt has died in combat.

Knight with 2 health has a 22 total attack points, and attacks Raider with 8 health who has 13 total armour points.
Raider has died in combat.

Raider with 24 health has a 22 total attack points, and attacks Knight with 18 health who has 13 total armour points.
Knight now has 9 health remaining

Spearman with 16 health has a 18 total attack points, and attacks Knight with 33 health who has 13 total armour points.
Knight now has 28 health remaining

Raider with 5 health has a 22 total attack points, and attacks Knight with 13 health who has 13 total armour points.
Knight now has 4 health remaining

Raider with 1 health has a 22 total attack points, and attacks Knight with 42 health who has 13 total armour points.
Knight now has 33 health remaining

Knight with 4 health has a 22 total attack points, and attacks Grunt with 6 health who has 11 total armour points.
Grunt has died in combat.

Archer with 44 health has a 18 total attack points, and attacks Ranged with 12 health who has 10 total armour points.
Ranged now has 4 health remaining

Ranged with 8 health has a 18 total attack points, and attacks Archer with 6 health who has 10 total armour points.
Archer has died in combat.

Raider with 20 health has a 22 total attack points, and attacks Knight with 8 health who has 13 total armour points.
Knight has died in combat.

Raider with 6 health has a 22 total attack points, and attacks Knight with 9 health who has 13 total armour points.
Knight has died in combat.

Gul´dan with 135 health has a 27 total attack points, and attacks Archer with 9 health who has 10 total armour points.
Archer has died in combat.

Raider with 6 health has a 22 total attack points, and attacks Archer with 44 health who has 10 total armour points.
Archer now has 32 health remaining

Raider with 4 health has a 22 total attack points, and attacks Archer with 5 health who has 10 total armour points.
Archer has died in combat.

Knight with 17 health has a 22 total attack points, and attacks Ranged with 8 health who has 10 total armour points.
Ranged has died in combat.

Spearman with 18 health has a 18 total attack points, and attacks Knight with 8 health who has 13 total armour points.
Knight now has 3 health remaining

Footman with 5 health has a 17 total attack points, and attacks Raider with 8 health who has 13 total armour points.
Raider now has 4 health remaining

Grunt with 7 health has a 17 total attack points, and attacks Knight with 19 health who has 13 total armour points.
Knight now has 15 health remaining

Knight with 4 health has a 22 total attack points, and attacks Raider with 5 health who has 13 total armour points.
Raider has died in combat.

Spearman with 16 health has a 18 total attack points, and attacks Knight with 32 health who has 13 total armour points.
Knight now has 27 health remaining

Spearman with 12 health has a 18 total attack points, and attacks Footman with 1 health who has 11 total armour points.
Footman has died in combat.

Knight with 27 health has a 22 total attack points, and attacks Raider with 13 health who has 13 total armour points.
Raider now has 4 health remaining

Raider with 1 health has a 22 total attack points, and attacks Footman with 7 health who has 11 total armour points.
Footman has died in combat.

Archer with 27 health has a 18 total attack points, and attacks Raider with 7 health who has 13 total armour points.
Raider now has 2 health remaining

Archer with 4 health has a 18 total attack points, and attacks Grunt with 2 health who has 11 total armour points.
Grunt has died in combat.

Knight with 27 health has a 22 total attack points, and attacks Spearman with 11 health who has 10 total armour points.
Spearman has died in combat.

Spearman with 12 health has a 18 total attack points, and attacks Knight with 5 health who has 13 total armour points.
Knight has died in combat.

Footman with 10 health has a 17 total attack points, and attacks Raider with 21 health who has 13 total armour points.
Raider now has 17 health remaining

Knight with 23 health has a 22 total attack points, and attacks Ranged with 4 health who has 10 total armour points.
Ranged has died in combat.

Knight with 17 health has a 22 total attack points, and attacks Ranged with 4 health who has 10 total armour points.
Ranged has died in combat.

Knight with 23 health has a 22 total attack points, and attacks Spearman with 12 health who has 10 total armour points.
Spearman has died in combat.

Knight with 2 health has a 22 total attack points, and attacks Raider with 4 health who has 13 total armour points.
Raider has died in combat.

Raider with 41 health has a 22 total attack points, and attacks Knight with 4 health who has 13 total armour points.
Knight has died in combat.

Footman with 7 health has a 17 total attack points, and attacks Raider with 20 health who has 13 total armour points.
Raider now has 16 health remaining

Raider with 21 health has a 22 total attack points, and attacks Footman with 7 health who has 11 total armour points.
Footman has died in combat.

Knight with 17 health has a 22 total attack points, and attacks Raider with 21 health who has 13 total armour points.
Raider now has 12 health remaining

Ranged with 29 health has a 18 total attack points, and attacks Knight with 4 health who has 13 total armour points.
Knight has died in combat.

Raider with 8 health has a 22 total attack points, and attacks Footman with 47 health who has 11 total armour points.
Footman now has 36 health remaining

Ranged with 13 health has a 18 total attack points, and attacks Knight with 25 health who has 13 total armour points.
Knight now has 20 health remaining

Knight with 12 health has a 22 total attack points, and attacks Raider with 4 health who has 13 total armour points.
Raider has died in combat.

Knight with 45 health has a 22 total attack points, and attacks Grunt with 7 health who has 11 total armour points.
Grunt has died in combat.

Archer with 18 health has a 18 total attack points, and attacks Gul´dan with 135 health who has 16 total armour points.
Gul´dan now has 133 health remaining

Gul´dan with 133 health has a 27 total attack points, and attacks Knight with 3 health who has 13 total armour points.
Knight has died in combat.

Knight with 4 health has a 22 total attack points, and attacks Raider with 3 health who has 13 total armour points.
Raider has died in combat.

Raider with 10 health has a 22 total attack points, and attacks Knight with 11 health who has 13 total armour points.
Knight now has 2 health remaining

Grunt with 1 health has a 17 total attack points, and attacks Footman with 15 health who has 11 total armour points.
Footman now has 9 health remaining

Raider with 41 health has a 22 total attack points, and attacks Mountain King with 116 health who has 16 total armour points.
Mountain King now has 110 health remaining

Spearman with 18 health has a 18 total attack points, and attacks Archer with 6 health who has 10 total armour points.
Archer has died in combat.

Knight with 13 health has a 22 total attack points, and attacks Spearman with 24 health who has 10 total armour points.
Spearman now has 12 health remaining

Knight with 12 health has a 22 total attack points, and attacks Grunt with 1 health who has 11 total armour points.
Grunt has died in combat.

Knight with 27 health has a 22 total attack points, and attacks Grunt with 15 health who has 11 total armour points.
Grunt now has 4 health remaining

Knight with 10 health has a 22 total attack points, and attacks Ranged with 4 health who has 10 total armour points.
Ranged has died in combat.

Raider with 41 health has a 22 total attack points, and attacks Knight with 18 health who has 13 total armour points.
Knight now has 9 health remaining

Raider with 3 health has a 22 total attack points, and attacks Knight with 27 health who has 13 total armour points.
Knight now has 18 health remaining

Knight with 12 health has a 22 total attack points, and attacks Raider with 32 health who has 13 total armour points.
Raider now has 23 health remaining

Knight with 23 health has a 22 total attack points, and attacks Raider with 38 health who has 13 total armour points.
Raider now has 29 health remaining

Grunt with 4 health has a 17 total attack points, and attacks Archer with 14 health who has 10 total armour points.
Archer now has 7 health remaining

Knight with 17 health has a 22 total attack points, and attacks Raider with 46 health who has 13 total armour points.
Raider now has 37 health remaining

Raider with 1 health has a 22 total attack points, and attacks Knight with 12 health who has 13 total armour points.
Knight now has 3 health remaining

Knight with 16 health has a 22 total attack points, and attacks Raider with 3 health who has 13 total armour points.
Raider has died in combat.

Ranged with 5 health has a 18 total attack points, and attacks Knight with 28 health who has 13 total armour points.
Knight now has 23 health remaining

Knight with 18 health has a 22 total attack points, and attacks Raider with 9 health who has 13 total armour points.
Raider has died in combat.

Raider with 24 health has a 22 total attack points, and attacks Footman with 18 health who has 11 total armour points.
Footman now has 7 health remaining

Spearman with 13 health has a 18 total attack points, and attacks Knight with 15 health who has 13 total armour points.
Knight now has 10 health remaining

Archer with 7 health has a 18 total attack points, and attacks Raider with 4 health who has 13 total armour points.
Raider has died in combat.

Grunt with 4 health has a 17 total attack points, and attacks Footman with 9 health who has 11 total armour points.
Footman now has 3 health remaining

Archer with 32 health has a 18 total attack points, and attacks Ranged with 13 health who has 10 total armour points.
Ranged now has 5 health remaining

Raider with 21 health has a 22 total attack points, and attacks Knight with 4 health who has 13 total armour points.
Knight has died in combat.

Knight with 33 health has a 22 total attack points, and attacks Raider with 57 health who has 13 total armour points.
Raider now has 48 health remaining

Ranged with 5 health has a 18 total attack points, and attacks Footman with 1 health who has 11 total armour points.
Footman has died in combat.

Raider with 37 health has a 22 total attack points, and attacks Knight with 12 health who has 13 total armour points.
Knight now has 3 health remaining

Raider with 24 health has a 22 total attack points, and attacks Knight with 23 health who has 13 total armour points.
Knight now has 14 health remaining

Knight with 17 health has a 22 total attack points, and attacks Raider with 5 health who has 13 total armour points.
Raider has died in combat.

Knight with 54 health has a 22 total attack points, and attacks Raider with 41 health who has 13 total armour points.
Raider now has 32 health remaining

Knight with 21 health has a 22 total attack points, and attacks Ranged with 5 health who has 10 total armour points.
Ranged has died in combat.

Spearman with 18 health has a 18 total attack points, and attacks Knight with 21 health who has 13 total armour points.
Knight now has 16 health remaining

Knight with 30 health has a 22 total attack points, and attacks Raider with 23 health who has 13 total armour points.
Raider now has 14 health remaining

Raider with 11 health has a 22 total attack points, and attacks Footman with 11 health who has 11 total armour points.
Footman has died in combat.

Mountain King with 110 health has a 27 total attack points, and attacks Raider with 10 health who has 13 total armour points.
Raider has died in combat.

Knight with 9 health has a 22 total attack points, and attacks Raider with 40 health who has 13 total armour points.
Raider now has 31 health remaining

Ranged with 3 health has a 18 total attack points, and attacks Knight with 21 health who has 13 total armour points.
Knight now has 16 health remaining

Raider with 29 health has a 22 total attack points, and attacks Knight with 18 health who has 13 total armour points.
Knight now has 9 health remaining

Knight with 2 health has a 22 total attack points, and attacks Ranged with 19 health who has 10 total armour points.
Ranged now has 7 health remaining

Raider with 31 health has a 22 total attack points, and attacks Knight with 30 health who has 13 total armour points.
Knight now has 21 health remaining

Footman with 7 health has a 17 total attack points, and attacks Grunt with 4 health who has 11 total armour points.
Grunt has died in combat.

Knight with 16 health has a 22 total attack points, and attacks Raider with 16 health who has 13 total armour points.
Raider now has 7 health remaining

Knight with 22 health has a 22 total attack points, and attacks Spearman with 16 health who has 10 total armour points.
Spearman now has 4 health remaining

Footman with 5 health has a 17 total attack points, and attacks Raider with 20 health who has 13 total armour points.
Raider now has 16 health remaining

Knight with 9 health has a 22 total attack points, and attacks Raider with 26 health who has 13 total armour points.
Raider now has 17 health remaining

Knight with 14 health has a 22 total attack points, and attacks Raider with 37 health who has 13 total armour points.
Raider now has 28 health remaining

Footman with 4 health has a 17 total attack points, and attacks Raider with 32 health who has 13 total armour points.
Raider now has 28 health remaining

Archer with 7 health has a 18 total attack points, and attacks Raider with 41 health who has 13 total armour points.
Raider now has 36 health remaining

Raider with 1 health has a 22 total attack points, and attacks Knight with 5 health who has 13 total armour points.
Knight has died in combat.

Knight with 27 health has a 22 total attack points, and attacks Raider with 16 health who has 13 total armour points.
Raider now has 7 health remaining

Footman with 9 health has a 17 total attack points, and attacks Raider with 32 health who has 13 total armour points.
Raider now has 28 health remaining

Raider with 14 health has a 22 total attack points, and attacks Knight with 27 health who has 13 total armour points.
Knight now has 18 health remaining

Grunt with 4 health has a 17 total attack points, and attacks Archer with 27 health who has 10 total armour points.
Archer now has 20 health remaining

Knight with 22 health has a 22 total attack points, and attacks Raider with 48 health who has 13 total armour points.
Raider now has 39 health remaining

Ranged with 3 health has a 18 total attack points, and attacks Archer with 18 health who has 10 total armour points.
Archer now has 10 health remaining

Raider with 17 health has a 22 total attack points, and attacks Archer with 6 health who has 10 total armour points.
Archer has died in combat.

Raider with 8 health has a 22 total attack points, and attacks Knight with 14 health who has 13 total armour points.
Knight now has 5 health remaining

Raider with 11 health has a 22 total attack points, and attacks Knight with 2 health who has 13 total armour points.
Knight has died in combat.

Raider with 4 health has a 22 total attack points, and attacks Knight with 3 health who has 13 total armour points.
Knight has died in combat.

Raider with 17 health has a 22 total attack points, and attacks Knight with 13 health who has 13 total armour points.
Knight now has 4 health remaining

Knight with 9 health has a 22 total attack points, and attacks Raider with 28 health who has 13 total armour points.
Raider now has 19 health remaining

Archer with 20 health has a 18 total attack points, and attacks Raider with 14 health who has 13 total armour points.
Raider now has 9 health remaining

Knight with 23 health has a 22 total attack points, and attacks Ranged with 3 health who has 10 total armour points.
Ranged has died in combat.

Raider with 5 health has a 22 total attack points, and attacks Knight with 23 health who has 13 total armour points.
Knight now has 14 health remaining

Knight with 21 health has a 22 total attack points, and attacks Raider with 32 health who has 13 total armour points.
Raider now has 23 health remaining

Knight with 45 health has a 22 total attack points, and attacks Raider with 13 health who has 13 total armour points.
Raider now has 4 health remaining

Knight with 23 health has a 22 total attack points, and attacks Spearman with 13 health who has 10 total armour points.
Spearman now has 1 health remaining

Knight with 9 health has a 22 total attack points, and attacks Ranged with 35 health who has 10 total armour points.
Ranged now has 23 health remaining

Knight with 23 health has a 22 total attack points, and attacks Raider with 3 health who has 13 total armour points.
Raider has died in combat.

Raider with 29 health has a 22 total attack points, and attacks Knight with 54 health who has 13 total armour points.
Knight now has 45 health remaining

Raider with 16 health has a 22 total attack points, and attacks Knight with 17 health who has 13 total armour points.
Knight now has 8 health remaining

Ranged with 16 health has a 18 total attack points, and attacks Knight with 23 health who has 13 total armour points.
Knight now has 18 health remaining

Archer with 20 health has a 18 total attack points, and attacks Raider with 16 health who has 13 total armour points.
Raider now has 11 health remaining

Raider with 46 health has a 22 total attack points, and attacks Footman with 7 health who has 11 total armour points.
Footman has died in combat.

Knight with 3 health has a 22 total attack points, and attacks Ranged with 7 health who has 10 total armour points.
Ranged has died in combat.

Ranged with 5 health has a 18 total attack points, and attacks Footman with 3 health who has 11 total armour points.
Footman has died in combat.

Raider with 29 health has a 22 total attack points, and attacks Archer with 32 health who has 10 total armour points.
Archer now has 20 health remaining

Archer with 4 health has a 18 total attack points, and attacks Raider with 8 health who has 13 total armour points.
Raider now has 3 health remaining

Raider with 1 health has a 22 total attack points, and attacks Knight with 17 health who has 13 total armour points.
Knight now has 8 health remaining

Raider with 9 health has a 22 total attack points, and attacks Archer with 45 health who has 10 total armour points.
Archer now has 33 health remaining

Grunt with 4 health has a 17 total attack points, and attacks Footman with 9 health who has 11 total armour points.
Footman now has 3 health remaining

Knight with 17 health has a 22 total attack points, and attacks Raider with 5 health who has 13 total armour points.
Raider has died in combat.

Raider with 29 health has a 22 total attack points, and attacks Knight with 16 health who has 13 total armour points.
Knight now has 7 health remaining

Knight with 12 health has a 22 total attack points, and attacks Ranged with 5 health who has 10 total armour points.
Ranged has died in combat.

Knight with 40 health has a 22 total attack points, and attacks Ranged with 29 health who has 10 total armour points.
Ranged now has 17 health remaining

Knight with 10 health has a 22 total attack points, and attacks Ranged with 9 health who has 10 total armour points.
Ranged has died in combat.

Knight with 16 health has a 22 total attack points, and attacks Raider with 9 health who has 13 total armour points.
Raider has died in combat.

Spearman with 12 health has a 18 total attack points, and attacks Knight with 9 health who has 13 total armour points.
Knight now has 4 health remaining

Knight with 9 health has a 22 total attack points, and attacks Raider with 39 health who has 13 total armour points.
Raider now has 30 health remaining

Raider with 23 health has a 22 total attack points, and attacks Archer with 16 health who has 10 total armour points.
Archer now has 4 health remaining

Knight with 21 health has a 22 total attack points, and attacks Ranged with 17 health who has 10 total armour points.
Ranged now has 5 health remaining

Raider with 24 health has a 22 total attack points, and attacks Knight with 33 health who has 13 total armour points.
Knight now has 24 health remaining

Raider with 31 health has a 22 total attack points, and attacks Knight with 20 health who has 13 total armour points.
Knight now has 11 health remaining

Raider with 3 health has a 22 total attack points, and attacks Archer with 4 health who has 10 total armour points.
Archer has died in combat.

Archer with 4 health has a 18 total attack points, and attacks Raider with 28 health who has 13 total armour points.
Raider now has 23 health remaining

Archer with 20 health has a 18 total attack points, and attacks Raider with 19 health who has 13 total armour points.
Raider now has 14 health remaining

Knight with 10 health has a 22 total attack points, and attacks Raider with 5 health who has 13 total armour points.
Raider has died in combat.

Raider with 11 health has a 22 total attack points, and attacks Footman with 3 health who has 11 total armour points.
Footman has died in combat.

Raider with 4 health has a 22 total attack points, and attacks Knight with 11 health who has 13 total armour points.
Knight now has 2 health remaining

Knight with 22 health has a 22 total attack points, and attacks Raider with 6 health who has 13 total armour points.
Raider has died in combat.

Raider with 3 health has a 22 total attack points, and attacks Knight with 3 health who has 13 total armour points.
Knight has died in combat.

Ranged with 5 health has a 18 total attack points, and attacks Knight with 9 health who has 13 total armour points.
Knight now has 4 health remaining

Gul´dan with 133 health has a 27 total attack points, and attacks Knight with 5 health who has 13 total armour points.
Knight has died in combat.

Knight with 16 health has a 22 total attack points, and attacks Gul´dan with 133 health who has 16 total armour points.
Gul´dan now has 127 health remaining

Knight with 18 health has a 22 total attack points, and attacks Grunt with 29 health who has 11 total armour points.
Grunt now has 18 health remaining

Raider with 1 health has a 22 total attack points, and attacks Knight with 25 health who has 13 total armour points.
Knight now has 16 health remaining

Footman with 36 health has a 17 total attack points, and attacks Spearman with 18 health who has 10 total armour points.
Spearman now has 11 health remaining

Footman with 10 health has a 17 total attack points, and attacks Raider with 23 health who has 13 total armour points.
Raider now has 19 health remaining

Knight with 2 health has a 22 total attack points, and attacks Raider with 3 health who has 13 total armour points.
Raider has died in combat.

Raider with 4 health has a 22 total attack points, and attacks Footman with 10 health who has 11 total armour points.
Footman has died in combat.

Raider with 14 health has a 22 total attack points, and attacks Knight with 23 health who has 13 total armour points.
Knight now has 14 health remaining

Raider with 28 health has a 22 total attack points, and attacks Knight with 3 health who has 13 total armour points.
Knight has died in combat.

Knight with 14 health has a 22 total attack points, and attacks Raider with 19 health who has 13 total armour points.
Raider now has 10 health remaining

Knight with 16 health has a 22 total attack points, and attacks Raider with 36 health who has 13 total armour points.
Raider now has 27 health remaining

Raider with 11 health has a 22 total attack points, and attacks Archer with 20 health who has 10 total armour points.
Archer now has 8 health remaining

Raider with 3 health has a 22 total attack points, and attacks Knight with 16 health who has 13 total armour points.
Knight now has 7 health remaining

Raider with 9 health has a 22 total attack points, and attacks Mountain King with 110 health who has 16 total armour points.
Mountain King now has 104 health remaining

Grunt with 4 health has a 17 total attack points, and attacks Footman with 5 health who has 11 total armour points.
Footman has died in combat.

Footman with 4 health has a 17 total attack points, and attacks Raider with 21 health who has 13 total armour points.
Raider now has 17 health remaining

Knight with 18 health has a 22 total attack points, and attacks Raider with 14 health who has 13 total armour points.
Raider now has 5 health remaining

Raider with 7 health has a 22 total attack points, and attacks Knight with 18 health who has 13 total armour points.
Knight now has 9 health remaining

Knight with 40 health has a 22 total attack points, and attacks Raider with 3 health who has 13 total armour points.
Raider has died in combat.

Archer with 37 health has a 18 total attack points, and attacks Spearman with 4 health who has 10 total armour points.
Spearman has died in combat.

Knight with 7 health has a 22 total attack points, and attacks Raider with 31 health who has 13 total armour points.
Raider now has 22 health remaining

Knight with 17 health has a 22 total attack points, and attacks Raider with 7 health who has 13 total armour points.
Raider has died in combat.

Knight with 4 health has a 22 total attack points, and attacks Raider with 12 health who has 13 total armour points.
Raider now has 3 health remaining

Knight with 24 health has a 22 total attack points, and attacks Raider with 46 health who has 13 total armour points.
Raider now has 37 health remaining

Knight with 14 health has a 22 total attack points, and attacks Raider with 22 health who has 13 total armour points.
Raider now has 13 health remaining

Knight with 9 health has a 22 total attack points, and attacks Grunt with 4 health who has 11 total armour points.
Grunt has died in combat.

Knight with 8 health has a 22 total attack points, and attacks Raider with 7 health who has 13 total armour points.
Raider has died in combat.

Grunt with 18 health has a 17 total attack points, and attacks Knight with 8 health who has 13 total armour points.
Knight now has 4 health remaining

Archer with 27 health has a 18 total attack points, and attacks Raider with 17 health who has 13 total armour points.
Raider now has 12 health remaining

Raider with 28 health has a 22 total attack points, and attacks Knight with 9 health who has 13 total armour points.
Knight has died in combat.

Ranged with 23 health has a 18 total attack points, and attacks Archer with 20 health who has 10 total armour points.
Archer now has 12 health remaining

Gul´dan with 127 health has a 27 total attack points, and attacks Knight with 22 health who has 13 total armour points.
Knight now has 8 health remaining

Archer with 27 health has a 18 total attack points, and attacks Raider with 11 health who has 13 total armour points.
Raider now has 6 health remaining

Knight with 14 health has a 22 total attack points, and attacks Spearman with 12 health who has 10 total armour points.
Spearman has died in combat.

Footman with 36 health has a 17 total attack points, and attacks Gul´dan with 127 health who has 16 total armour points.
Gul´dan now has 126 health remaining

Knight with 7 health has a 22 total attack points, and attacks Ranged with 16 health who has 10 total armour points.
Ranged now has 4 health remaining

Knight with 17 health has a 22 total attack points, and attacks Raider with 5 health who has 13 total armour points.
Raider has died in combat.

Spearman with 11 health has a 18 total attack points, and attacks Archer with 7 health who has 10 total armour points.
Archer has died in combat.

Knight with 4 health has a 22 total attack points, and attacks Raider with 3 health who has 13 total armour points.
Raider has died in combat.

Raider with 13 health has a 22 total attack points, and attacks Knight with 16 health who has 13 total armour points.
Knight now has 7 health remaining

Knight with 7 health has a 22 total attack points, and attacks Raider with 2 health who has 13 total armour points.
Raider has died in combat.

Archer with 37 health has a 18 total attack points, and attacks Gul´dan with 126 health who has 16 total armour points.
Gul´dan now has 124 health remaining

Raider with 13 health has a 22 total attack points, and attacks Knight with 9 health who has 13 total armour points.
Knight has died in combat.

Spearman with 1 health has a 18 total attack points, and attacks Knight with 21 health who has 13 total armour points.
Knight now has 16 health remaining

Raider with 17 health has a 22 total attack points, and attacks Knight with 4 health who has 13 total armour points.
Knight has died in combat.

Knight with 16 health has a 22 total attack points, and attacks Raider with 37 health who has 13 total armour points.
Raider now has 28 health remaining

Knight with 2 health has a 22 total attack points, and attacks Raider with 12 health who has 13 total armour points.
Raider now has 3 health remaining

Archer with 8 health has a 18 total attack points, and attacks Raider with 28 health who has 13 total armour points.
Raider now has 23 health remaining

Knight with 14 health has a 22 total attack points, and attacks Raider with 29 health who has 13 total armour points.
Raider now has 20 health remaining

Footman with 36 health has a 17 total attack points, and attacks Raider with 1 health who has 13 total armour points.
Raider has died in combat.

Raider with 24 health has a 22 total attack points, and attacks Archer with 27 health who has 10 total armour points.
Archer now has 15 health remaining

Raider with 4 health has a 22 total attack points, and attacks Archer with 37 health who has 10 total armour points.
Archer now has 25 health remaining

Raider with 4 health has a 22 total attack points, and attacks Knight with 45 health who has 13 total armour points.
Knight now has 36 health remaining

Raider with 6 health has a 22 total attack points, and attacks Knight with 10 health who has 13 total armour points.
Knight now has 1 health remaining

Ranged with 4 health has a 18 total attack points, and attacks Archer with 8 health who has 10 total armour points.
Archer has died in combat.

Raider with 4 health has a 22 total attack points, and attacks Knight with 3 health who has 13 total armour points.
Knight has died in combat.

Knight with 19 health has a 22 total attack points, and attacks Grunt with 18 health who has 11 total armour points.
Grunt now has 7 health remaining

Raider with 20 health has a 22 total attack points, and attacks Archer with 10 health who has 10 total armour points.
Archer has died in combat.

Knight with 27 health has a 22 total attack points, and attacks Spearman with 1 health who has 10 total armour points.
Spearman has died in combat.

Knight with 7 health has a 22 total attack points, and attacks Raider with 23 health who has 13 total armour points.
Raider now has 14 health remaining

Knight with 19 health has a 22 total attack points, and attacks Raider with 20 health who has 13 total armour points.
Raider now has 11 health remaining

Ranged with 5 health has a 18 total attack points, and attacks Knight with 15 health who has 13 total armour points.
Knight now has 10 health remaining

Raider with 17 health has a 22 total attack points, and attacks Archer with 4 health who has 10 total armour points.
Archer has died in combat.

Archer with 15 health has a 18 total attack points, and attacks Raider with 4 health who has 13 total armour points.
Raider has died in combat.

Knight with 45 health has a 22 total attack points, and attacks Raider with 23 health who has 13 total armour points.
Raider now has 14 health remaining

Knight with 16 health has a 22 total attack points, and attacks Raider with 24 health who has 13 total armour points.
Raider now has 15 health remaining

Knight with 12 health has a 22 total attack points, and attacks Raider with 14 health who has 13 total armour points.
Raider now has 5 health remaining

Raider with 17 health has a 22 total attack points, and attacks Knight with 16 health who has 13 total armour points.
Knight now has 7 health remaining

Raider with 14 health has a 22 total attack points, and attacks Knight with 9 health who has 13 total armour points.
Knight has died in combat.

Ranged with 4 health has a 18 total attack points, and attacks Knight with 8 health who has 13 total armour points.
Knight now has 3 health remaining

Raider with 14 health has a 22 total attack points, and attacks Knight with 7 health who has 13 total armour points.
Knight has died in combat.

Knight with 14 health has a 22 total attack points, and attacks Raider with 14 health who has 13 total armour points.
Raider now has 5 health remaining

Raider with 3 health has a 22 total attack points, and attacks Knight with 7 health who has 13 total armour points.
Knight has died in combat.

Knight with 1 health has a 22 total attack points, and attacks Raider with 15 health who has 13 total armour points.
Raider now has 6 health remaining

Raider with 30 health has a 22 total attack points, and attacks Knight with 14 health who has 13 total armour points.
Knight now has 5 health remaining

Knight with 16 health has a 22 total attack points, and attacks Ranged with 4 health who has 10 total armour points.
Ranged has died in combat.

Knight with 4 health has a 22 total attack points, and attacks Raider with 5 health who has 13 total armour points.
Raider has died in combat.

Knight with 9 health has a 22 total attack points, and attacks Raider with 4 health who has 13 total armour points.
Raider has died in combat.

Raider with 6 health has a 22 total attack points, and attacks Footman with 25 health who has 11 total armour points.
Footman now has 14 health remaining

Raider with 27 health has a 22 total attack points, and attacks Knight with 1 health who has 13 total armour points.
Knight has died in combat.

Grunt with 7 health has a 17 total attack points, and attacks Knight with 4 health who has 13 total armour points.
Knight has died in combat.

Archer with 15 health has a 18 total attack points, and attacks Raider with 6 health who has 13 total armour points.
Raider now has 1 health remaining

Footman with 4 health has a 17 total attack points, and attacks Raider with 1 health who has 13 total armour points.
Raider has died in combat.

Knight with 4 health has a 22 total attack points, and attacks Ranged with 5 health who has 10 total armour points.
Ranged has died in combat.

Knight with 18 health has a 22 total attack points, and attacks Raider with 1 health who has 13 total armour points.
Raider has died in combat.

Raider with 11 health has a 22 total attack points, and attacks Knight with 36 health who has 13 total armour points.
Knight now has 27 health remaining

Knight with 40 health has a 22 total attack points, and attacks Raider with 27 health who has 13 total armour points.
Raider now has 18 health remaining

Knight with 4 health has a 22 total attack points, and attacks Raider with 6 health who has 13 total armour points.
Raider has died in combat.

Knight with 2 health has a 22 total attack points, and attacks Raider with 17 health who has 13 total armour points.
Raider now has 8 health remaining

Raider with 18 health has a 22 total attack points, and attacks Knight with 16 health who has 13 total armour points.
Knight now has 7 health remaining

Grunt with 7 health has a 17 total attack points, and attacks Knight with 14 health who has 13 total armour points.
Knight now has 10 health remaining

Knight with 4 health has a 22 total attack points, and attacks Raider with 28 health who has 13 total armour points.
Raider now has 19 health remaining

Raider with 19 health has a 22 total attack points, and attacks Knight with 2 health who has 13 total armour points.
Knight has died in combat.

Raider with 17 health has a 22 total attack points, and attacks Knight with 7 health who has 13 total armour points.
Knight has died in combat.

Raider with 3 health has a 22 total attack points, and attacks Knight with 17 health who has 13 total armour points.
Knight now has 8 health remaining

Footman with 36 health has a 17 total attack points, and attacks Raider with 9 health who has 13 total armour points.
Raider now has 5 health remaining

Raider with 5 health has a 22 total attack points, and attacks Mountain King with 104 health who has 16 total armour points.
Mountain King now has 98 health remaining

Raider with 13 health has a 22 total attack points, and attacks Knight with 40 health who has 13 total armour points.
Knight now has 31 health remaining

Knight with 27 health has a 22 total attack points, and attacks Spearman with 11 health who has 10 total armour points.
Spearman has died in combat.

Raider with 18 health has a 22 total attack points, and attacks Knight with 10 health who has 13 total armour points.
Knight now has 1 health remaining

Raider with 13 health has a 22 total attack points, and attacks Archer with 12 health who has 10 total armour points.
Archer has died in combat.

Footman with 14 health has a 17 total attack points, and attacks Raider with 17 health who has 13 total armour points.
Raider now has 13 health remaining

Gul´dan with 124 health has a 27 total attack points, and attacks Archer with 33 health who has 10 total armour points.
Archer now has 16 health remaining

Knight with 2 health has a 22 total attack points, and attacks Raider with 11 health who has 13 total armour points.
Raider now has 2 health remaining

Knight with 4 health has a 22 total attack points, and attacks Raider with 3 health who has 13 total armour points.
Raider has died in combat.

Gul´dan with 124 health has a 27 total attack points, and attacks Knight with 9 health who has 13 total armour points.
Knight has died in combat.

Ranged with 23 health has a 18 total attack points, and attacks Mountain King with 98 health who has 16 total armour points.
Mountain King now has 96 health remaining

Knight with 27 health has a 22 total attack points, and attacks Raider with 2 health who has 13 total armour points.
Raider has died in combat.

Raider with 19 health has a 22 total attack points, and attacks Knight with 1 health who has 13 total armour points.
Knight has died in combat.

Grunt with 7 health has a 17 total attack points, and attacks Mountain King with 96 health who has 16 total armour points.
Mountain King now has 95 health remaining

Knight with 4 health has a 22 total attack points, and attacks Raider with 30 health who has 13 total armour points.
Raider now has 21 health remaining

Knight with 5 health has a 22 total attack points, and attacks Raider with 21 health who has 13 total armour points.
Raider now has 12 health remaining

Raider with 12 health has a 22 total attack points, and attacks Knight with 27 health who has 13 total armour points.
Knight now has 18 health remaining

Knight with 3 health has a 22 total attack points, and attacks Raider with 13 health who has 13 total armour points.
Raider now has 4 health remaining

Raider with 4 health has a 22 total attack points, and attacks Footman with 36 health who has 11 total armour points.
Footman now has 25 health remaining

Knight with 10 health has a 22 total attack points, and attacks Raider with 19 health who has 13 total armour points.
Raider now has 10 health remaining

Footman with 14 health has a 17 total attack points, and attacks Raider with 12 health who has 13 total armour points.
Raider now has 8 health remaining

Knight with 8 health has a 22 total attack points, and attacks Raider with 5 health who has 13 total armour points.
Raider has died in combat.

Raider with 13 health has a 22 total attack points, and attacks Knight with 4 health who has 13 total armour points.
Knight has died in combat.

Knight with 27 health has a 22 total attack points, and attacks Raider with 10 health who has 13 total armour points.
Raider now has 1 health remaining

Knight with 4 health has a 22 total attack points, and attacks Gul´dan with 124 health who has 16 total armour points.
Gul´dan now has 118 health remaining

Knight with 19 health has a 22 total attack points, and attacks Raider with 11 health who has 13 total armour points.
Raider now has 2 health remaining

Knight with 27 health has a 22 total attack points, and attacks Grunt with 7 health who has 11 total armour points.
Grunt has died in combat.

Knight with 16 health has a 22 total attack points, and attacks Ranged with 23 health who has 10 total armour points.
Ranged now has 11 health remaining

Raider with 4 health has a 22 total attack points, and attacks Knight with 10 health who has 13 total armour points.
Knight now has 1 health remaining

Raider with 8 health has a 22 total attack points, and attacks Footman with 25 health who has 11 total armour points.
Footman now has 14 health remaining

Ranged with 11 health has a 18 total attack points, and attacks Knight with 2 health who has 13 total armour points.
Knight has died in combat.

Archer with 16 health has a 18 total attack points, and attacks Raider with 4 health who has 13 total armour points.
Raider has died in combat.

Archer with 25 health has a 18 total attack points, and attacks Raider with 13 health who has 13 total armour points.
Raider now has 8 health remaining

Ranged with 11 health has a 18 total attack points, and attacks Knight with 31 health who has 13 total armour points.
Knight now has 26 health remaining

Knight with 18 health has a 22 total attack points, and attacks Raider with 1 health who has 13 total armour points.
Raider has died in combat.

Raider with 8 health has a 22 total attack points, and attacks Knight with 27 health who has 13 total armour points.
Knight now has 18 health remaining

Raider with 18 health has a 22 total attack points, and attacks Knight with 10 health who has 13 total armour points.
Knight now has 1 health remaining

Raider with 8 health has a 22 total attack points, and attacks Knight with 18 health who has 13 total armour points.
Knight now has 9 health remaining

Archer with 16 health has a 18 total attack points, and attacks Raider with 8 health who has 13 total armour points.
Raider now has 3 health remaining

Knight with 4 health has a 22 total attack points, and attacks Raider with 3 health who has 13 total armour points.
Raider has died in combat.

Knight with 8 health has a 22 total attack points, and attacks Ranged with 11 health who has 10 total armour points.
Ranged has died in combat.

Raider with 8 health has a 22 total attack points, and attacks Knight with 7 health who has 13 total armour points.
Knight has died in combat.

Knight with 18 health has a 22 total attack points, and attacks Raider with 4 health who has 13 total armour points.
Raider has died in combat.

Knight with 7 health has a 22 total attack points, and attacks Raider with 8 health who has 13 total armour points.
Raider has died in combat.

Gul´dan with 118 health has a 27 total attack points, and attacks Knight with 26 health who has 13 total armour points.
Knight now has 12 health remaining

Knight with 24 health has a 22 total attack points, and attacks Raider with 5 health who has 13 total armour points.
Raider has died in combat.

Gul´dan with 118 health has a 27 total attack points, and attacks Knight with 8 health who has 13 total armour points.
Knight has died in combat.

Raider with 18 health has a 22 total attack points, and attacks Archer with 25 health who has 10 total armour points.
Archer now has 13 health remaining

Raider with 8 health has a 22 total attack points, and attacks Footman with 14 health who has 11 total armour points.
Footman now has 3 health remaining

Raider with 18 health has a 22 total attack points, and attacks Archer with 13 health who has 10 total armour points.
Archer now has 1 health remaining

Archer with 16 health has a 18 total attack points, and attacks Gul´dan with 118 health who has 16 total armour points.
Gul´dan now has 116 health remaining

Gul´dan with 116 health has a 27 total attack points, and attacks Knight with 7 health who has 13 total armour points.
Knight has died in combat.

Knight with 12 health has a 22 total attack points, and attacks Gul´dan with 116 health who has 16 total armour points.
Gul´dan now has 110 health remaining

Raider with 10 health has a 22 total attack points, and attacks Knight with 9 health who has 13 total armour points.
Knight has died in combat.

Knight with 1 health has a 22 total attack points, and attacks Gul´dan with 110 health who has 16 total armour points.
Gul´dan now has 104 health remaining

Raider with 10 health has a 22 total attack points, and attacks Knight with 16 health who has 13 total armour points.
Knight now has 7 health remaining

Footman with 4 health has a 17 total attack points, and attacks Raider with 2 health who has 13 total armour points.
Raider has died in combat.

Knight with 45 health has a 22 total attack points, and attacks Gul´dan with 104 health who has 16 total armour points.
Gul´dan now has 98 health remaining

Gul´dan with 98 health has a 27 total attack points, and attacks Knight with 8 health who has 13 total armour points.
Knight has died in combat.

Raider with 8 health has a 22 total attack points, and attacks Footman with 4 health who has 11 total armour points.
Footman has died in combat.

Knight with 24 health has a 22 total attack points, and attacks Raider with 18 health who has 13 total armour points.
Raider now has 9 health remaining

Knight with 5 health has a 22 total attack points, and attacks Gul´dan with 98 health who has 16 total armour points.
Gul´dan now has 92 health remaining

Knight with 4 health has a 22 total attack points, and attacks Raider with 10 health who has 13 total armour points.
Raider now has 1 health remaining

Raider with 9 health has a 22 total attack points, and attacks Knight with 7 health who has 13 total armour points.
Knight has died in combat.

Knight with 1 health has a 22 total attack points, and attacks Raider with 9 health who has 13 total armour points.
Raider has died in combat.

Knight with 18 health has a 22 total attack points, and attacks Raider with 1 health who has 13 total armour points.
Raider has died in combat.

Raider with 8 health has a 22 total attack points, and attacks Knight with 19 health who has 13 total armour points.
Knight now has 10 health remaining

Raider with 8 health has a 22 total attack points, and attacks Knight with 18 health who has 13 total armour points.
Knight now has 9 health remaining

Raider with 8 health has a 22 total attack points, and attacks Knight with 1 health who has 13 total armour points.
Knight has died in combat.

Gul´dan with 92 health has a 27 total attack points, and attacks Knight with 5 health who has 13 total armour points.
Knight has died in combat.

Raider with 8 health has a 22 total attack points, and attacks Knight with 9 health who has 13 total armour points.
Knight has died in combat.

Raider with 8 health has a 22 total attack points, and attacks Knight with 24 health who has 13 total armour points.
Knight now has 15 health remaining

Knight with 45 health has a 22 total attack points, and attacks Gul´dan with 92 health who has 16 total armour points.
Gul´dan now has 86 health remaining

Knight with 45 health has a 22 total attack points, and attacks Gul´dan with 86 health who has 16 total armour points.
Gul´dan now has 80 health remaining

Gul´dan with 80 health has a 27 total attack points, and attacks Knight with 12 health who has 13 total armour points.
Knight has died in combat.

Gul´dan with 80 health has a 27 total attack points, and attacks Knight with 18 health who has 13 total armour points.
Knight now has 4 health remaining

Raider with 8 health has a 22 total attack points, and attacks Archer with 16 health who has 10 total armour points.
Archer now has 4 health remaining

Archer with 1 health has a 18 total attack points, and attacks Raider with 8 health who has 13 total armour points.
Raider now has 3 health remaining

Knight with 45 health has a 22 total attack points, and attacks Gul´dan with 80 health who has 16 total armour points.
Gul´dan now has 74 health remaining

Raider with 3 health has a 22 total attack points, and attacks Footman with 14 health who has 11 total armour points.
Footman now has 3 health remaining

Knight with 4 health has a 22 total attack points, and attacks Gul´dan with 74 health who has 16 total armour points.
Gul´dan now has 68 health remaining

Raider with 3 health has a 22 total attack points, and attacks Archer with 15 health who has 10 total armour points.
Archer now has 3 health remaining

Knight with 15 health has a 22 total attack points, and attacks Raider with 3 health who has 13 total armour points.
Raider has died in combat.

Mountain King with 95 health has a 27 total attack points, and attacks Gul´dan with 68 health who has 16 total armour points.
Gul´dan now has 57 health remaining

Mountain King with 95 health has a 27 total attack points, and attacks Gul´dan with 57 health who has 16 total armour points.
Gul´dan now has 46 health remaining

Gul´dan with 46 health has a 27 total attack points, and attacks Archer with 1 health who has 10 total armour points.
Archer has died in combat.

Gul´dan with 46 health has a 27 total attack points, and attacks Mountain King with 95 health who has 16 total armour points.
Mountain King now has 84 health remaining

Gul´dan with 46 health has a 27 total attack points, and attacks Knight with 18 health who has 13 total armour points.
Knight now has 4 health remaining

Gul´dan with 46 health has a 27 total attack points, and attacks Knight with 3 health who has 13 total armour points.
Knight has died in combat.

Knight with 1 health has a 22 total attack points, and attacks Gul´dan with 46 health who has 16 total armour points.
Gul´dan now has 40 health remaining

Gul´dan with 40 health has a 27 total attack points, and attacks Knight with 15 health who has 13 total armour points.
Knight now has 1 health remaining

Footman with 3 health has a 17 total attack points, and attacks Gul´dan with 40 health who has 16 total armour points.
Gul´dan now has 39 health remaining

Knight with 4 health has a 22 total attack points, and attacks Gul´dan with 39 health who has 16 total armour points.
Gul´dan now has 33 health remaining

Mountain King with 84 health has a 27 total attack points, and attacks Gul´dan with 33 health who has 16 total armour points.
Gul´dan now has 22 health remaining

Gul´dan with 22 health has a 27 total attack points, and attacks Footman with 3 health who has 11 total armour points.
Footman has died in combat.

Gul´dan with 22 health has a 27 total attack points, and attacks Knight with 4 health who has 13 total armour points.
Knight has died in combat.

Knight with 12 health has a 22 total attack points, and attacks Gul´dan with 22 health who has 16 total armour points.
Gul´dan now has 16 health remaining

Knight with 4 health has a 22 total attack points, and attacks Gul´dan with 16 health who has 16 total armour points.
Gul´dan now has 10 health remaining

Knight with 4 health has a 22 total attack points, and attacks Gul´dan with 10 health who has 16 total armour points.
Gul´dan now has 4 health remaining

Mountain King with 84 health has a 27 total attack points, and attacks Gul´dan with 4 health who has 16 total armour points.
Gul´dan has died in combat.
Army one has won! Remaining units: 
Name: Footman, health: 3, attack: 15, armour: 10
Name: Archer, health: 4, attack: 15, armour: 8
Name: Archer, health: 3, attack: 15, armour: 8
Name: Knight, health: 1, attack: 20, armour: 12
Name: Knight, health: 12, attack: 20, armour: 12
Name: Knight, health: 10, attack: 20, armour: 12
Name: Knight, health: 4, attack: 20, armour: 12
Name: Knight, health: 4, attack: 20, armour: 12
Name: Knight, health: 4, attack: 20, armour: 12
Name: Knight, health: 1, attack: 20, armour: 12
Name: Knight, health: 45, attack: 20, armour: 12
Name: Mountain King, health: 84, attack: 25, armour: 15

]]></system-out>
  </testcase>
  <testcase name="checkIfUnitIsAlive" classname="edu.ntnu.idatt2001.BattleTest" time="0.003">
    <system-out><![CDATA[erik has died in combat.
]]></system-out>
  </testcase>
  <testcase name="checkWin" classname="edu.ntnu.idatt2001.BattleTest" time="0.002"/>
  <testcase name="battleInfo" classname="edu.ntnu.idatt2001.BattleTest" time="0.001"/>
  <testcase name="healthIsNegative" classname="edu.ntnu.idatt2001.BattleTest$HealthIsNotSupported" time="0.004"/>
</testsuite>